2019-10-26 15:16:26,055 log_in_file: True
2019-10-26 15:16:26,055 lm_path: /home/wangzl/PretrainedLM/BERT/New/chinese_wwm_ext_pytorch
2019-10-26 15:16:26,055 lm_type: bert
2019-10-26 15:16:26,055 data_path: ../data/
2019-10-26 15:16:26,055 usegpu: True
2019-10-26 15:16:26,055 n_fold: 5
2019-10-26 15:16:26,055 total_step: 3000
2019-10-26 15:16:26,055 eval_every: 300
2019-10-26 15:16:26,055 early_stop: 4
2019-10-26 15:16:26,055 max_length: 510
2019-10-26 15:16:26,055 max_title_rate: 0.125
2019-10-26 15:16:26,055 content_head_rate: 0.6
2019-10-26 15:16:26,055 batch_size: 8
2019-10-26 15:16:26,055 lr_scheduler_type: linear
2019-10-26 15:16:26,055 input_pattern: head+tail+fixed
2019-10-26 15:16:26,055 clean_method: space+notzh
2019-10-26 15:16:26,055 warmup_rate: 0.1
2019-10-26 15:16:26,055 classifier_dropout: 0.2
2019-10-26 15:16:26,055 classifier_active: tanh
2019-10-26 15:16:26,055 seed: 23
2019-10-26 15:16:26,056 lr: 2e-05
2019-10-26 15:16:26,056 lr_decay_in_layers: 0.96
2019-10-26 15:16:26,056 wd_decay_in_layers: 1.0
2019-10-26 15:16:26,056 weight_decay: 0.01
2019-10-26 15:16:26,072 padding token is 0
2019-10-26 15:16:52,219 Token Sample: [CLS]_0 郑_0 口_0 哪_0 有_0 鸡_0 年_0 轻_0 点_0 的_0 20_0 多_0 不_0 到_0 30_0 的_0 [PAD]_0 [PAD]_0 [PAD]_0 [PAD]_0 [PAD]_0 [PAD]_0 [PAD]_0 [PAD]_0 [PAD]_0 [PAD]_0 [PAD]_0 [PAD]_0 [PAD]_0 [PAD]_0 [PAD]_0 [PAD]_0 [PAD]_0 [PAD]_0 [PAD]_0 [PAD]_0 [PAD]_0 [PAD]_0 [PAD]_0 [PAD]_0 [PAD]_0 [PAD]_0 [PAD]_0 [PAD]_0 [PAD]_0 [PAD]_0 [PAD]_0 [PAD]_0 [PAD]_0 [PAD]_0 [PAD]_0 [PAD]_0 [PAD]_0 [PAD]_0 [PAD]_0 [PAD]_0 [PAD]_0 [PAD]_0 [PAD]_0 [PAD]_0 [PAD]_0 [PAD]_0 [PAD]_0 [PAD]_0 [PAD]_0 [SEP]_0 郑_1 口_1 哪_1 有_1 鸡_1 年_1 轻_1 点_1 的_1 20_1 多_1 不_1 到_1 30_1 的_1 [PAD]_1 [PAD]_1 [PAD]_1 [PAD]_1 [PAD]_1 [PAD]_1 [PAD]_1 [PAD]_1 [PAD]_1 [PAD]_1 [PAD]_1 [PAD]_1 [PAD]_1 [PAD]_1 [PAD]_1 [PAD]_1 [PAD]_1 [PAD]_1 [PAD]_1 [PAD]_1 [PAD]_1 [PAD]_1 [PAD]_1 [PAD]_1 [PAD]_1 [PAD]_1 [PAD]_1 [PAD]_1 [PAD]_1 [PAD]_1 [PAD]_1 [PAD]_1 [PAD]_1 [PAD]_1 [PAD]_1 [PAD]_1 [PAD]_1 [PAD]_1 [PAD]_1 [PAD]_1 [PAD]_1 [PAD]_1 [PAD]_1 [PAD]_1 [PAD]_1 [PAD]_1 [PAD]_1 [PAD]_1 [PAD]_1 [PAD]_1 [PAD]_1 [PAD]_1 [PAD]_1 [PAD]_1 [PAD]_1 [PAD]_1 [PAD]_1 [PAD]_1 [PAD]_1 [PAD]_1 [PAD]_1 [PAD]_1 [PAD]_1 [PAD]_1 [PAD]_1 [PAD]_1 [PAD]_1 [PAD]_1 [PAD]_1 [PAD]_1 [PAD]_1 [PAD]_1 [PAD]_1 [PAD]_1 [PAD]_1 [PAD]_1 [PAD]_1 [PAD]_1 [PAD]_1 [PAD]_1 [PAD]_1 [PAD]_1 [PAD]_1 [PAD]_1 [PAD]_1 [PAD]_1 [PAD]_1 [PAD]_1 [PAD]_1 [PAD]_1 [PAD]_1 [PAD]_1 [PAD]_1 [PAD]_1 [PAD]_1 [PAD]_1 [PAD]_1 [PAD]_1 [PAD]_1 [PAD]_1 [PAD]_1 [PAD]_1 [PAD]_1 [PAD]_1 [PAD]_1 [PAD]_1 [PAD]_1 [PAD]_1 [PAD]_1 [PAD]_1 [PAD]_1 [PAD]_1 [PAD]_1 [PAD]_1 [PAD]_1 [PAD]_1 [PAD]_1 [PAD]_1 [PAD]_1 [PAD]_1 [PAD]_1 [PAD]_1 [PAD]_1 [PAD]_1 [PAD]_1 [PAD]_1 [PAD]_1 [PAD]_1 [PAD]_1 [PAD]_1 [PAD]_1 [PAD]_1 [PAD]_1 [PAD]_1 [PAD]_1 [PAD]_1 [PAD]_1 [PAD]_1 [PAD]_1 [PAD]_1 [PAD]_1 [PAD]_1 [PAD]_1 [PAD]_1 [PAD]_1 [PAD]_1 [PAD]_1 [PAD]_1 [PAD]_1 [PAD]_1 [PAD]_1 [PAD]_1 [PAD]_1 [PAD]_1 [PAD]_1 [PAD]_1 [PAD]_1 [PAD]_1 [PAD]_1 [PAD]_1 [PAD]_1 [PAD]_1 [PAD]_1 [PAD]_1 [PAD]_1 [PAD]_1 [PAD]_1 [PAD]_1 [PAD]_1 [PAD]_1 [PAD]_1 [PAD]_1 [PAD]_1 [PAD]_1 [PAD]_1 [PAD]_1 [PAD]_1 [PAD]_1 [PAD]_1 [PAD]_1 [PAD]_1 [PAD]_1 [PAD]_1 [PAD]_1 [PAD]_1 [PAD]_1 [PAD]_1 [PAD]_1 [PAD]_1 [PAD]_1 [PAD]_1 [PAD]_1 [PAD]_1 [PAD]_1 [PAD]_1 [PAD]_1 [PAD]_1 [PAD]_1 [PAD]_1 [PAD]_1 [PAD]_1 [PAD]_1 [PAD]_1 [PAD]_1 [PAD]_1 [PAD]_1 [PAD]_1 [PAD]_1 [PAD]_1 [PAD]_1 [PAD]_1 [PAD]_1 [PAD]_1 [PAD]_1 [PAD]_1 [PAD]_1 [PAD]_1 [PAD]_1 [PAD]_1 [PAD]_1 [PAD]_1 [PAD]_1 [PAD]_1 [PAD]_1 [PAD]_1 [PAD]_1 [PAD]_1 [PAD]_1 [PAD]_1 [PAD]_1 [PAD]_1 [PAD]_1 [PAD]_1 [PAD]_1 [PAD]_1 [PAD]_1 [PAD]_1 [PAD]_1 [PAD]_1 [PAD]_1 [PAD]_1 [PAD]_1 [PAD]_1 [PAD]_1 [PAD]_1 [PAD]_1 [PAD]_1 [PAD]_1 [PAD]_1 [PAD]_1 [PAD]_1 [PAD]_1 [PAD]_1 [SEP]_1 [PAD]_1 [PAD]_1 [PAD]_1 [PAD]_1 [PAD]_1 [PAD]_1 [PAD]_1 [PAD]_1 [PAD]_1 [PAD]_1 [PAD]_1 [PAD]_1 [PAD]_1 [PAD]_1 [PAD]_1 [PAD]_1 [PAD]_1 [PAD]_1 [PAD]_1 [PAD]_1 [PAD]_1 [PAD]_1 [PAD]_1 [PAD]_1 [PAD]_1 [PAD]_1 [PAD]_1 [PAD]_1 [PAD]_1 [PAD]_1 [PAD]_1 [PAD]_1 [PAD]_1 [PAD]_1 [PAD]_1 [PAD]_1 [PAD]_1 [PAD]_1 [PAD]_1 [PAD]_1 [PAD]_1 [PAD]_1 [PAD]_1 [PAD]_1 [PAD]_1 [PAD]_1 [PAD]_1 [PAD]_1 [PAD]_1 [PAD]_1 [PAD]_1 [PAD]_1 [PAD]_1 [PAD]_1 [PAD]_1 [PAD]_1 [PAD]_1 [PAD]_1 [PAD]_1 [PAD]_1 [PAD]_1 [PAD]_1 [PAD]_1 [PAD]_1 [PAD]_1 [PAD]_1 [PAD]_1 [PAD]_1 [PAD]_1 [PAD]_1 [PAD]_1 [PAD]_1 [PAD]_1 [PAD]_1 [PAD]_1 [PAD]_1 [PAD]_1 [PAD]_1 [PAD]_1 [PAD]_1 [PAD]_1 [PAD]_1 [PAD]_1 [PAD]_1 [PAD]_1 [PAD]_1 [PAD]_1 [PAD]_1 [PAD]_1 [PAD]_1 [PAD]_1 [PAD]_1 [PAD]_1 [PAD]_1 [PAD]_1 [PAD]_1 [PAD]_1 [PAD]_1 [PAD]_1 [PAD]_1 [PAD]_1 [PAD]_1 [PAD]_1 [PAD]_1 [PAD]_1 [PAD]_1 [PAD]_1 [PAD]_1 [PAD]_1 [PAD]_1 [PAD]_1 [PAD]_1 [PAD]_1 [PAD]_1 [PAD]_1 [PAD]_1 [PAD]_1 [PAD]_1 [PAD]_1 [PAD]_1 [PAD]_1 [PAD]_1 [PAD]_1 [PAD]_1 [PAD]_1 [PAD]_1 [PAD]_1 [PAD]_1 [PAD]_1 [PAD]_1 [PAD]_1 [PAD]_1 [PAD]_1 [PAD]_1 [PAD]_1 [PAD]_1 [PAD]_1 [PAD]_1 [PAD]_1 [PAD]_1 [PAD]_1 [PAD]_1 [PAD]_1 [PAD]_1 [PAD]_1 [PAD]_1 [PAD]_1 [PAD]_1 [PAD]_1 [PAD]_1 [PAD]_1 [PAD]_1 [PAD]_1 [PAD]_1 [PAD]_1 [PAD]_1 [PAD]_1 [PAD]_1 [PAD]_1 郑_1 口_1 哪_1 有_1 鸡_1 年_1 轻_1 点_1 的_1 20_1 多_1 不_1 到_1 30_1 的_1 [SEP]_1
2019-10-26 15:17:09,356 Token Sample: [CLS]_0 太_0 吓_0 人_0 ！_0 货_0 车_0 从_0 甘_0 肃_0 疯_0 狂_0 高_0 速_0 逆_0 行_0 70_0 公_0 里_0 到_0 广_0 元_0 [PAD]_0 [PAD]_0 [PAD]_0 [PAD]_0 [PAD]_0 [PAD]_0 [PAD]_0 [PAD]_0 [PAD]_0 [PAD]_0 [PAD]_0 [PAD]_0 [PAD]_0 [PAD]_0 [PAD]_0 [PAD]_0 [PAD]_0 [PAD]_0 [PAD]_0 [PAD]_0 [PAD]_0 [PAD]_0 [PAD]_0 [PAD]_0 [PAD]_0 [PAD]_0 [PAD]_0 [PAD]_0 [PAD]_0 [PAD]_0 [PAD]_0 [PAD]_0 [PAD]_0 [PAD]_0 [PAD]_0 [PAD]_0 [PAD]_0 [PAD]_0 [PAD]_0 [PAD]_0 [PAD]_0 [PAD]_0 [PAD]_0 [SEP]_0 1_1 月_1 28_1 日_1 凌_1 晨_1 2_1 时_1 许_1 ，_1 四_1 川_1 交_1 警_1 高_1 速_1 二_1 支_1 队_1 民_1 警_1 在_1 兰_1 海_1 高_1 速_1 查_1 获_1 了_1 一_1 辆_1 [UNK]_1 疯_1 狂_1 [UNK]_1 的_1 货_1 车_1 ，_1 这_1 辆_1 货_1 车_1 从_1 甘_1 肃_1 武_1 都_1 一_1 路_1 狂_1 奔_1 ，_1 逆_1 行_1 到_1 了_1 四_1 川_1 广_1 元_1 境_1 内_1 ，_1 距_1 离_1 达_1 到_1 了_1 70_1 公_1 里_1 。_1 1_1 月_1 28_1 日_1 凌_1 晨_1 2_1 时_1 许_1 ，_1 在_1 g7_1 ##5_1 兰_1 海_1 高_1 速_1 广_1 甘_1 段_1 将_1 军_1 石_1 隧_1 道_1 内_1 发_1 生_1 惊_1 险_1 一_1 幕_1 ，_1 一_1 辆_1 小_1 车_1 从_1 广_1 元_1 往_1 甘_1 肃_1 方_1 向_1 正_1 常_1 行_1 驶_1 时_1 ，_1 前_1 方_1 突_1 然_1 逆_1 行_1 行_1 驶_1 过_1 来_1 一_1 辆_1 微_1 型_1 货_1 车_1 ，_1 该_1 小_1 车_1 反_1 应_1 迅_1 速_1 ，_1 第_1 一_1 时_1 间_1 变_1 道_1 ，_1 避_1 免_1 了_1 意_1 外_1 发_1 生_1 。_1 随_1 后_1 ，_1 该_1 小_1 货_1 车_1 依_1 然_1 是_1 不_1 紧_1 不_1 慢_1 地_1 继_1 续_1 往_1 广_1 元_1 方_1 向_1 逆_1 行_1 。_1 发_1 现_1 这_1 一_1 警_1 情_1 后_1 ，_1 四_1 川_1 交_1 警_1 高_1 速_1 二_1 支_1 队_1 民_1 警_1 迅_1 速_1 展_1 开_1 巡_1 查_1 ，_1 随_1 后_1 ，_1 执_1 勤_1 民_1 警_1 立_1 即_1 上_1 路_1 排_1 查_1 ，_1 拦_1 截_1 该_1 车_1 ，_1 并_1 在_1 兰_1 海_1 高_1 速_1 丁_1 家_1 垭_1 收_1 费_1 站_1 出_1 站_1 口_1 将_1 该_1 车_1 查_1 获_1 。_1 经_1 询_1 问_1 得_1 知_1 ，_1 该_1 驾_1 驶_1 员_1 称_1 他_1 一_1 [SEP]_1 他_1 一_1 直_1 导_1 航_1 从_1 甘_1 肃_1 武_1 都_1 琵_1 琶_1 收_1 费_1 站_1 上_1 站_1 ，_1 逆_1 行_1 70_1 多_1 公_1 路_1 到_1 达_1 四_1 川_1 广_1 元_1 境_1 内_1 欲_1 前_1 往_1 湖_1 北_1 。_1 幸_1 运_1 的_1 是_1 ，_1 没_1 有_1 造_1 成_1 交_1 通_1 意_1 外_1 ，_1 目_1 前_1 ，_1 已_1 排_1 除_1 酒_1 驾_1 、_1 毒_1 驾_1 ，_1 案_1 件_1 还_1 在_1 进_1 一_1 步_1 调_1 查_1 中_1 。_1 文_1 鸿_1 红_1 星_1 新_1 闻_1 记_1 者_1 汤_1 小_1 均_1 网_1 友_1 跟_1 帖_1 仅_1 表_1 达_1 其_1 个_1 人_1 看_1 法_1 ，_1 并_1 不_1 表_1 明_1 全_1 搜_1 索_1 同_1 意_1 其_1 观_1 点_1 或_1 证_1 实_1 其_1 描_1 述_1 。_1 请_1 理_1 性_1 评_1 论_1 、_1 文_1 明_1 发_1 言_1 ，_1 勿_1 发_1 布_1 违_1 法_1 和_1 损_1 害_1 公_1 序_1 良_1 俗_1 的_1 信_1 息_1 。_1 我_1 们_1 将_1 不_1 予_1 发_1 表_1 或_1 删_1 除_1 可_1 能_1 引_1 发_1 法_1 律_1 纠_1 纷_1 和_1 损_1 害_1 公_1 序_1 良_1 俗_1 的_1 信_1 息_1 。_1 [SEP]_1
2019-10-26 15:17:30,733 Token Sample: [CLS]_0 聊_0 城_0 黑_0 孩_0 来_0 了_0 ！_0 [PAD]_0 [PAD]_0 [PAD]_0 [PAD]_0 [PAD]_0 [PAD]_0 [PAD]_0 [PAD]_0 [PAD]_0 [PAD]_0 [PAD]_0 [PAD]_0 [PAD]_0 [PAD]_0 [PAD]_0 [PAD]_0 [PAD]_0 [PAD]_0 [PAD]_0 [PAD]_0 [PAD]_0 [PAD]_0 [PAD]_0 [PAD]_0 [PAD]_0 [PAD]_0 [PAD]_0 [PAD]_0 [PAD]_0 [PAD]_0 [PAD]_0 [PAD]_0 [PAD]_0 [PAD]_0 [PAD]_0 [PAD]_0 [PAD]_0 [PAD]_0 [PAD]_0 [PAD]_0 [PAD]_0 [PAD]_0 [PAD]_0 [PAD]_0 [PAD]_0 [PAD]_0 [PAD]_0 [PAD]_0 [PAD]_0 [PAD]_0 [PAD]_0 [PAD]_0 [PAD]_0 [PAD]_0 [PAD]_0 [PAD]_0 [PAD]_0 [SEP]_0 聊_1 城_1 黑_1 孩_1 来_1 了_1 ！_1 [PAD]_1 [PAD]_1 [PAD]_1 [PAD]_1 [PAD]_1 [PAD]_1 [PAD]_1 [PAD]_1 [PAD]_1 [PAD]_1 [PAD]_1 [PAD]_1 [PAD]_1 [PAD]_1 [PAD]_1 [PAD]_1 [PAD]_1 [PAD]_1 [PAD]_1 [PAD]_1 [PAD]_1 [PAD]_1 [PAD]_1 [PAD]_1 [PAD]_1 [PAD]_1 [PAD]_1 [PAD]_1 [PAD]_1 [PAD]_1 [PAD]_1 [PAD]_1 [PAD]_1 [PAD]_1 [PAD]_1 [PAD]_1 [PAD]_1 [PAD]_1 [PAD]_1 [PAD]_1 [PAD]_1 [PAD]_1 [PAD]_1 [PAD]_1 [PAD]_1 [PAD]_1 [PAD]_1 [PAD]_1 [PAD]_1 [PAD]_1 [PAD]_1 [PAD]_1 [PAD]_1 [PAD]_1 [PAD]_1 [PAD]_1 [PAD]_1 [PAD]_1 [PAD]_1 [PAD]_1 [PAD]_1 [PAD]_1 [PAD]_1 [PAD]_1 [PAD]_1 [PAD]_1 [PAD]_1 [PAD]_1 [PAD]_1 [PAD]_1 [PAD]_1 [PAD]_1 [PAD]_1 [PAD]_1 [PAD]_1 [PAD]_1 [PAD]_1 [PAD]_1 [PAD]_1 [PAD]_1 [PAD]_1 [PAD]_1 [PAD]_1 [PAD]_1 [PAD]_1 [PAD]_1 [PAD]_1 [PAD]_1 [PAD]_1 [PAD]_1 [PAD]_1 [PAD]_1 [PAD]_1 [PAD]_1 [PAD]_1 [PAD]_1 [PAD]_1 [PAD]_1 [PAD]_1 [PAD]_1 [PAD]_1 [PAD]_1 [PAD]_1 [PAD]_1 [PAD]_1 [PAD]_1 [PAD]_1 [PAD]_1 [PAD]_1 [PAD]_1 [PAD]_1 [PAD]_1 [PAD]_1 [PAD]_1 [PAD]_1 [PAD]_1 [PAD]_1 [PAD]_1 [PAD]_1 [PAD]_1 [PAD]_1 [PAD]_1 [PAD]_1 [PAD]_1 [PAD]_1 [PAD]_1 [PAD]_1 [PAD]_1 [PAD]_1 [PAD]_1 [PAD]_1 [PAD]_1 [PAD]_1 [PAD]_1 [PAD]_1 [PAD]_1 [PAD]_1 [PAD]_1 [PAD]_1 [PAD]_1 [PAD]_1 [PAD]_1 [PAD]_1 [PAD]_1 [PAD]_1 [PAD]_1 [PAD]_1 [PAD]_1 [PAD]_1 [PAD]_1 [PAD]_1 [PAD]_1 [PAD]_1 [PAD]_1 [PAD]_1 [PAD]_1 [PAD]_1 [PAD]_1 [PAD]_1 [PAD]_1 [PAD]_1 [PAD]_1 [PAD]_1 [PAD]_1 [PAD]_1 [PAD]_1 [PAD]_1 [PAD]_1 [PAD]_1 [PAD]_1 [PAD]_1 [PAD]_1 [PAD]_1 [PAD]_1 [PAD]_1 [PAD]_1 [PAD]_1 [PAD]_1 [PAD]_1 [PAD]_1 [PAD]_1 [PAD]_1 [PAD]_1 [PAD]_1 [PAD]_1 [PAD]_1 [PAD]_1 [PAD]_1 [PAD]_1 [PAD]_1 [PAD]_1 [PAD]_1 [PAD]_1 [PAD]_1 [PAD]_1 [PAD]_1 [PAD]_1 [PAD]_1 [PAD]_1 [PAD]_1 [PAD]_1 [PAD]_1 [PAD]_1 [PAD]_1 [PAD]_1 [PAD]_1 [PAD]_1 [PAD]_1 [PAD]_1 [PAD]_1 [PAD]_1 [PAD]_1 [PAD]_1 [PAD]_1 [PAD]_1 [PAD]_1 [PAD]_1 [PAD]_1 [PAD]_1 [PAD]_1 [PAD]_1 [PAD]_1 [PAD]_1 [PAD]_1 [PAD]_1 [PAD]_1 [PAD]_1 [PAD]_1 [PAD]_1 [PAD]_1 [PAD]_1 [PAD]_1 [PAD]_1 [PAD]_1 [PAD]_1 [PAD]_1 [PAD]_1 [PAD]_1 [PAD]_1 [PAD]_1 [PAD]_1 [PAD]_1 [PAD]_1 [PAD]_1 [PAD]_1 [PAD]_1 [PAD]_1 [PAD]_1 [PAD]_1 [PAD]_1 [PAD]_1 [PAD]_1 [PAD]_1 [PAD]_1 [PAD]_1 [PAD]_1 [PAD]_1 [PAD]_1 [PAD]_1 [PAD]_1 [PAD]_1 [SEP]_1 [PAD]_1 [PAD]_1 [PAD]_1 [PAD]_1 [PAD]_1 [PAD]_1 [PAD]_1 [PAD]_1 [PAD]_1 [PAD]_1 [PAD]_1 [PAD]_1 [PAD]_1 [PAD]_1 [PAD]_1 [PAD]_1 [PAD]_1 [PAD]_1 [PAD]_1 [PAD]_1 [PAD]_1 [PAD]_1 [PAD]_1 [PAD]_1 [PAD]_1 [PAD]_1 [PAD]_1 [PAD]_1 [PAD]_1 [PAD]_1 [PAD]_1 [PAD]_1 [PAD]_1 [PAD]_1 [PAD]_1 [PAD]_1 [PAD]_1 [PAD]_1 [PAD]_1 [PAD]_1 [PAD]_1 [PAD]_1 [PAD]_1 [PAD]_1 [PAD]_1 [PAD]_1 [PAD]_1 [PAD]_1 [PAD]_1 [PAD]_1 [PAD]_1 [PAD]_1 [PAD]_1 [PAD]_1 [PAD]_1 [PAD]_1 [PAD]_1 [PAD]_1 [PAD]_1 [PAD]_1 [PAD]_1 [PAD]_1 [PAD]_1 [PAD]_1 [PAD]_1 [PAD]_1 [PAD]_1 [PAD]_1 [PAD]_1 [PAD]_1 [PAD]_1 [PAD]_1 [PAD]_1 [PAD]_1 [PAD]_1 [PAD]_1 [PAD]_1 [PAD]_1 [PAD]_1 [PAD]_1 [PAD]_1 [PAD]_1 [PAD]_1 [PAD]_1 [PAD]_1 [PAD]_1 [PAD]_1 [PAD]_1 [PAD]_1 [PAD]_1 [PAD]_1 [PAD]_1 [PAD]_1 [PAD]_1 [PAD]_1 [PAD]_1 [PAD]_1 [PAD]_1 [PAD]_1 [PAD]_1 [PAD]_1 [PAD]_1 [PAD]_1 [PAD]_1 [PAD]_1 [PAD]_1 [PAD]_1 [PAD]_1 [PAD]_1 [PAD]_1 [PAD]_1 [PAD]_1 [PAD]_1 [PAD]_1 [PAD]_1 [PAD]_1 [PAD]_1 [PAD]_1 [PAD]_1 [PAD]_1 [PAD]_1 [PAD]_1 [PAD]_1 [PAD]_1 [PAD]_1 [PAD]_1 [PAD]_1 [PAD]_1 [PAD]_1 [PAD]_1 [PAD]_1 [PAD]_1 [PAD]_1 [PAD]_1 [PAD]_1 [PAD]_1 [PAD]_1 [PAD]_1 [PAD]_1 [PAD]_1 [PAD]_1 [PAD]_1 [PAD]_1 [PAD]_1 [PAD]_1 [PAD]_1 [PAD]_1 [PAD]_1 [PAD]_1 [PAD]_1 [PAD]_1 [PAD]_1 [PAD]_1 [PAD]_1 [PAD]_1 [PAD]_1 [PAD]_1 [PAD]_1 [PAD]_1 [PAD]_1 [PAD]_1 [PAD]_1 [PAD]_1 [PAD]_1 [PAD]_1 [PAD]_1 [PAD]_1 聊_1 城_1 黑_1 孩_1 来_1 了_1 ！_1 [SEP]_1
2019-10-26 15:17:46,691 Token Sample: [CLS]_0 继_0 [UNK]_0 间_0 谍_0 [UNK]_0 之_0 后_0 扫_0 地_0 机_0 器_0 人_0 又_0 成_0 纵_0 火_0 元_0 凶_0 [PAD]_0 [PAD]_0 [PAD]_0 [PAD]_0 [PAD]_0 [PAD]_0 [PAD]_0 [PAD]_0 [PAD]_0 [PAD]_0 [PAD]_0 [PAD]_0 [PAD]_0 [PAD]_0 [PAD]_0 [PAD]_0 [PAD]_0 [PAD]_0 [PAD]_0 [PAD]_0 [PAD]_0 [PAD]_0 [PAD]_0 [PAD]_0 [PAD]_0 [PAD]_0 [PAD]_0 [PAD]_0 [PAD]_0 [PAD]_0 [PAD]_0 [PAD]_0 [PAD]_0 [PAD]_0 [PAD]_0 [PAD]_0 [PAD]_0 [PAD]_0 [PAD]_0 [PAD]_0 [PAD]_0 [PAD]_0 [PAD]_0 [PAD]_0 [PAD]_0 [PAD]_0 [SEP]_0 家_1 电_1 智_1 能_1 化_1 是_1 现_1 在_1 发_1 展_1 的_1 趋_1 势_1 ，_1 但_1 是_1 智_1 能_1 化_1 的_1 背_1 后_1 也_1 让_1 人_1 们_1 为_1 [UNK]_1 安_1 全_1 [UNK]_1 担_1 忧_1 起_1 来_1 ，_1 就_1 拿_1 扫_1 地_1 机_1 器_1 人_1 来_1 说_1 ，_1 越_1 来_1 越_1 多_1 的_1 扫_1 地_1 机_1 器_1 人_1 为_1 了_1 更_1 加_1 智_1 能_1 ，_1 所_1 以_1 加_1 入_1 了_1 摄_1 像_1 头_1 的_1 功_1 能_1 ，_1 模_1 拟_1 人_1 眼_1 感_1 知_1 环_1 境_1 并_1 进_1 行_1 高_1 效_1 的_1 清_1 洁_1 ，_1 用_1 户_1 可_1 在_1 手_1 机_1 端_1 通_1 过_1 软_1 件_1 登_1 录_1 时_1 刻_1 查_1 看_1 家_1 中_1 的_1 状_1 况_1 。_1 但_1 让_1 人_1 意_1 想_1 不_1 到_1 的_1 是_1 ，_1 一_1 家_1 美_1 国_1 的_1 网_1 络_1 安_1 全_1 公_1 司_1 在_1 扫_1 地_1 机_1 器_1 人_1 登_1 录_1 软_1 件_1 中_1 发_1 现_1 了_1 漏_1 洞_1 ，_1 于_1 是_1 扫_1 地_1 机_1 器_1 人_1 就_1 变_1 身_1 成_1 为_1 了_1 一_1 位_1 [UNK]_1 间_1 谍_1 [UNK]_1 。_1 继_1 间_1 谍_1 事_1 件_1 之_1 后_1 ，_1 扫_1 地_1 机_1 器_1 人_1 又_1 成_1 了_1 纵_1 火_1 元_1 凶_1 ，_1 事_1 情_1 是_1 这_1 样_1 的_1 ，_1 在_1 东_1 京_1 发_1 生_1 了_1 两_1 起_1 火_1 灾_1 ，_1 都_1 是_1 因_1 为_1 居_1 民_1 在_1 打_1 开_1 扫_1 地_1 机_1 器_1 人_1 之_1 后_1 ，_1 并_1 且_1 未_1 关_1 暖_1 炉_1 的_1 情_1 况_1 下_1 就_1 匆_1 忙_1 出_1 门_1 所_1 导_1 致_1 的_1 。_1 当_1 扫_1 地_1 机_1 器_1 人_1 在_1 工_1 作_1 时_1 ，_1 家_1 中_1 的_1 地_1 上_1 又_1 摆_1 有_1 [SEP]_1 产_1 品_1 ，_1 这_1 样_1 的_1 机_1 器_1 人_1 可_1 以_1 智_1 能_1 的_1 识_1 别_1 障_1 碍_1 物_1 ，_1 轻_1 轻_1 触_1 碰_1 或_1 者_1 不_1 触_1 碰_1 前_1 方_1 障_1 碍_1 物_1 就_1 能_1 回_1 头_1 清_1 洁_1 其_1 他_1 的_1 区_1 域_1 ，_1 这_1 样_1 也_1 能_1 避_1 免_1 以_1 上_1 的_1 尴_1 尬_1 。_1 扫_1 地_1 机_1 器_1 人_1 的_1 出_1 现_1 是_1 让_1 用_1 户_1 节_1 省_1 打_1 扫_1 地_1 面_1 的_1 时_1 间_1 ，_1 但_1 是_1 毕_1 竟_1 是_1 机_1 器_1 人_1 ，_1 还_1 无_1 法_1 做_1 到_1 人_1 一_1 样_1 的_1 [UNK]_1 聪_1 明_1 [UNK]_1 ，_1 所_1 以_1 日_1 常_1 的_1 使_1 用_1 中_1 需_1 要_1 恰_1 当_1 的_1 方_1 法_1 和_1 环_1 境_1 ，_1 当_1 然_1 ，_1 你_1 选_1 择_1 更_1 智_1 能_1 更_1 聪_1 明_1 的_1 扫_1 地_1 机_1 器_1 人_1 也_1 是_1 正_1 确_1 的_1 选_1 择_1 。_1 app_1 商_1 店_1 搜_1 索_1 中_1 关_1 村_1 在_1 线_1 ，_1 看_1 2018_1 年_1 最_1 新_1 手_1 机_1 、_1 笔_1 记_1 本_1 评_1 价_1 排_1 行_1 [SEP]_1
2019-10-26 15:18:01,845 Token Sample: [CLS]_0 汕_0 头_0 黑_0 村_0 官_0 二_0 十_0 多_0 年_0 屹_0 立_0 不_0 倒_0 !_0 __0 聚_0 美_0 资_0 讯_0 [PAD]_0 [PAD]_0 [PAD]_0 [PAD]_0 [PAD]_0 [PAD]_0 [PAD]_0 [PAD]_0 [PAD]_0 [PAD]_0 [PAD]_0 [PAD]_0 [PAD]_0 [PAD]_0 [PAD]_0 [PAD]_0 [PAD]_0 [PAD]_0 [PAD]_0 [PAD]_0 [PAD]_0 [PAD]_0 [PAD]_0 [PAD]_0 [PAD]_0 [PAD]_0 [PAD]_0 [PAD]_0 [PAD]_0 [PAD]_0 [PAD]_0 [PAD]_0 [PAD]_0 [PAD]_0 [PAD]_0 [PAD]_0 [PAD]_0 [PAD]_0 [PAD]_0 [PAD]_0 [PAD]_0 [PAD]_0 [PAD]_0 [PAD]_0 [PAD]_0 [SEP]_0 李_1 廷_1 炎_1 自_1 担_1 任_1 汕_1 头_1 市_1 潮_1 南_1 区_1 成_1 田_1 镇_1 简_1 朴_1 村_1 乡_1 居_1 委_1 会_1 书_1 记_1 以_1 来_1 ，_1 至_1 今_1 为_1 止_1 已_1 长_1 达_1 二_1 十_1 多_1 年_1 。_1 二_1 十_1 多_1 年_1 来_1 ，_1 披_1 着_1 村_1 书_1 记_1 和_1 人_1 大_1 代_1 表_1 外_1 衣_1 的_1 李_1 廷_1 炎_1 ，_1 长_1 期_1 欺_1 压_1 本_1 村_1 委_1 会_1 的_1 两_1 万_1 多_1 居_1 民_1 。_1 具_1 有_1 多_1 重_1 身_1 份_1 的_1 李_1 廷_1 炎_1 ，_1 (_1 成_1 田_1 镇_1 镇_1 委_1 员_1 ._1 简_1 朴_1 村_1 党_1 委_1 书_1 记_1 ._1 村_1 委_1 会_1 主_1 任_1 )_1 一_1 直_1 肆_1 意_1 妄_1 为_1 多_1 年_1 来_1 ，_1 主_1 要_1 犯_1 罪_1 事_1 实_1 是_1 李_1 廷_1 炎_1 私_1 自_1 违_1 法_1 大_1 量_1 贩_1 卖_1 耕_1 地_1 多_1 亩_1 与_1 山_1 林_1 多_1 亩_1 ，_1 贪_1 污_1 卖_1 地_1 款_1 达_1 数_1 亿_1 元_1 之_1 巨_1 ，_1 这_1 样_1 的_1 人_1 还_1 能_1 当_1 上_1 人_1 大_1 代_1 表_1 ，_1 令_1 人_1 无_1 法_1 理_1 解_1 ._1 私_1 自_1 违_1 法_1 贩_1 卖_1 宅_1 基_1 地_1 ，_1 还_1 大_1 肆_1 收_1 受_1 村_1 民_1 的_1 地_1 皮_1 款_1 ，_1 却_1 没_1 有_1 兑_1 现_1 ，_1 每_1 块_1 宅_1 基_1 地_1 以_1 四_1 万_1 出_1 售_1 ，_1 简_1 朴_1 村_1 基_1 本_1 每_1 家_1 每_1 户_1 都_1 有_1 买_1 ，_1 收_1 据_1 则_1 写_1 收_1 厝_1 地_1 一_1 座_1 四_1 万_1 并_1 盖_1 着_1 汕_1 头_1 市_1 潮_1 南_1 区_1 成_1 田_1 镇_1 简_1 朴_1 经_1 济_1 联_1 合_1 社_1 的_1 章_1 ，_1 连_1 收_1 款_1 [SEP]_1 饱_1 私_1 囊_1 ，_1 毒_1 霸_1 一_1 方_1 ，_1 鱼_1 肉_1 百_1 姓_1 ，_1 弄_1 虚_1 作_1 假_1 ，_1 多_1 年_1 来_1 村_1 民_1 敢_1 怒_1 不_1 敢_1 言_1 ，_1 有_1 苦_1 难_1 诉_1 。_1 全_1 体_1 村_1 民_1 对_1 其_1 巨_1 额_1 财_1 产_1 表_1 示_1 质_1 疑_1 ，_1 还_1 有_1 很_1 多_1 不_1 为_1 人_1 知_1 的_1 违_1 法_1 腐_1 败_1 事_1 迹_1 ，_1 请_1 求_1 政_1 府_1 彻_1 查_1 此_1 村_1 霸_1 ，_1 李_1 廷_1 炎_1 二_1 十_1 多_1 年_1 来_1 做_1 了_1 这_1 么_1 多_1 违_1 法_1 腐_1 败_1 事_1 迹_1 ，_1 依_1 然_1 屹_1 立_1 不_1 倒_1 ，_1 是_1 有_1 关_1 部_1 门_1 失_1 查_1 还_1 是_1 其_1 背_1 后_1 有_1 保_1 护_1 伞_1 ，_1 可_1 想_1 而_1 知_1 农_1 村_1 基_1 层_1 的_1 稳_1 定_1 ，_1 对_1 社_1 会_1 稳_1 定_1 起_1 到_1 很_1 重_1 要_1 的_1 因_1 素_1 ，_1 希_1 望_1 政_1 府_1 引_1 起_1 重_1 视_1 ，_1 彻_1 查_1 村_1 霸_1 ，_1 给_1 予_1 简_1 朴_1 村_1 一_1 片_1 光_1 明_1 消_1 费_1 维_1 权_1 网_1 [SEP]_1
2019-10-26 15:18:02,034 seed everything and create model
2019-10-26 15:20:54,120 step 300 train loss: 0.6446
2019-10-26 15:20:54,120 step 300 score: 0.7450
2019-10-26 15:23:40,789 step 600 train loss: 0.4454
2019-10-26 15:23:40,790 step 600 score: 0.7428
2019-10-26 15:26:27,452 step 900 train loss: 0.3583
2019-10-26 15:26:27,452 step 900 score: 0.7748
2019-10-26 15:29:14,134 step 1200 train loss: 0.3327
2019-10-26 15:29:14,134 step 1200 score: 0.7793
2019-10-26 15:32:00,820 step 1500 train loss: 0.3117
2019-10-26 15:32:00,820 step 1500 score: 0.8018
2019-10-26 15:34:47,491 step 1800 train loss: 0.2340
2019-10-26 15:34:47,491 step 1800 score: 0.7764
2019-10-26 15:37:34,165 step 2100 train loss: 0.2259
2019-10-26 15:37:34,165 step 2100 score: 0.7849
2019-10-26 15:40:20,841 step 2400 train loss: 0.2026
2019-10-26 15:40:20,841 step 2400 score: 0.7775
2019-10-26 15:43:07,499 step 2700 train loss: 0.1688
2019-10-26 15:43:07,500 step 2700 score: 0.7895
2019-10-26 15:45:54,150 step 3000 train loss: 0.1590
2019-10-26 15:45:54,150 step 3000 score: 0.7864
2019-10-26 15:45:54,151 best score is 0.8018
2019-10-26 15:50:44,042 step 300 train loss: 0.6515
2019-10-26 15:50:44,043 step 300 score: 0.7534
2019-10-26 15:53:30,704 step 600 train loss: 0.4551
2019-10-26 15:53:30,704 step 600 score: 0.7837
2019-10-26 15:56:17,379 step 900 train loss: 0.3651
2019-10-26 15:56:17,379 step 900 score: 0.7742
2019-10-26 15:59:04,047 step 1200 train loss: 0.3318
2019-10-26 15:59:04,047 step 1200 score: 0.7942
2019-10-26 16:01:50,736 step 1500 train loss: 0.3273
2019-10-26 16:01:50,737 step 1500 score: 0.8047
2019-10-26 16:04:37,411 step 1800 train loss: 0.2564
2019-10-26 16:04:37,411 step 1800 score: 0.8077
2019-10-26 16:07:24,089 step 2100 train loss: 0.2486
2019-10-26 16:07:24,090 step 2100 score: 0.8164
2019-10-26 16:10:10,759 step 2400 train loss: 0.2029
2019-10-26 16:10:10,759 step 2400 score: 0.8118
2019-10-26 16:12:57,429 step 2700 train loss: 0.1747
2019-10-26 16:12:57,429 step 2700 score: 0.8151
2019-10-26 16:15:44,098 step 3000 train loss: 0.1770
2019-10-26 16:15:44,098 step 3000 score: 0.8203
2019-10-26 16:15:44,107 best score is 0.8203
2019-10-26 16:20:34,000 step 300 train loss: 0.6396
2019-10-26 16:20:34,001 step 300 score: 0.7227
2019-10-26 16:23:20,679 step 600 train loss: 0.4448
2019-10-26 16:23:20,680 step 600 score: 0.7497
2019-10-26 16:26:07,350 step 900 train loss: 0.3827
2019-10-26 16:26:07,350 step 900 score: 0.7431
2019-10-26 16:28:54,031 step 1200 train loss: 0.3212
2019-10-26 16:28:54,031 step 1200 score: 0.8083
2019-10-26 16:31:40,710 step 1500 train loss: 0.3090
2019-10-26 16:31:40,710 step 1500 score: 0.8093
2019-10-26 16:34:27,405 step 1800 train loss: 0.2242
2019-10-26 16:34:27,406 step 1800 score: 0.8028
2019-10-26 16:37:14,074 step 2100 train loss: 0.2346
2019-10-26 16:37:14,075 step 2100 score: 0.8032
2019-10-26 16:40:00,752 step 2400 train loss: 0.1898
2019-10-26 16:40:00,752 step 2400 score: 0.8045
2019-10-26 16:42:47,423 step 2700 train loss: 0.1597
2019-10-26 16:42:47,424 step 2700 score: 0.7909
2019-10-26 16:45:34,082 step 3000 train loss: 0.1285
2019-10-26 16:45:34,083 step 3000 score: 0.8071
2019-10-26 16:45:34,083 best score is 0.8093
2019-10-26 16:50:23,965 step 300 train loss: 0.6134
2019-10-26 16:50:23,966 step 300 score: 0.5978
2019-10-26 16:53:10,624 step 600 train loss: 0.4551
2019-10-26 16:53:10,624 step 600 score: 0.7653
2019-10-26 16:55:57,291 step 900 train loss: 0.4004
2019-10-26 16:55:57,291 step 900 score: 0.7799
2019-10-26 16:58:43,949 step 1200 train loss: 0.3380
2019-10-26 16:58:43,949 step 1200 score: 0.7828
2019-10-26 17:01:28,813 step 1500 train loss: 0.3280
2019-10-26 17:01:28,814 step 1500 score: 0.7953
2019-10-26 17:04:12,454 step 1800 train loss: 0.2335
2019-10-26 17:04:12,454 step 1800 score: 0.7833
2019-10-26 17:06:56,071 step 2100 train loss: 0.2414
2019-10-26 17:06:56,071 step 2100 score: 0.7779
2019-10-26 17:09:39,705 step 2400 train loss: 0.1911
2019-10-26 17:09:39,705 step 2400 score: 0.7918
2019-10-26 17:12:23,335 step 2700 train loss: 0.1763
2019-10-26 17:12:23,335 step 2700 score: 0.7777
2019-10-26 17:15:06,979 step 3000 train loss: 0.1722
2019-10-26 17:15:06,979 step 3000 score: 0.7897
2019-10-26 17:15:06,980 best score is 0.7953
2019-10-26 17:19:53,749 step 300 train loss: 0.5901
2019-10-26 17:19:53,749 step 300 score: 0.7753
2019-10-26 17:22:37,386 step 600 train loss: 0.4229
2019-10-26 17:22:37,387 step 600 score: 0.7608
2019-10-26 17:25:21,015 step 900 train loss: 0.3768
2019-10-26 17:25:21,015 step 900 score: 0.7811
2019-10-26 17:28:04,647 step 1200 train loss: 0.3264
2019-10-26 17:28:04,647 step 1200 score: 0.8080
2019-10-26 17:30:48,281 step 1500 train loss: 0.2894
2019-10-26 17:30:48,281 step 1500 score: 0.8157
2019-10-26 17:33:31,909 step 1800 train loss: 0.2371
2019-10-26 17:33:31,909 step 1800 score: 0.8137
2019-10-26 17:36:15,536 step 2100 train loss: 0.2038
2019-10-26 17:36:15,536 step 2100 score: 0.8157
2019-10-26 17:38:59,175 step 2400 train loss: 0.1793
2019-10-26 17:38:59,175 step 2400 score: 0.7999
2019-10-26 17:41:42,816 step 2700 train loss: 0.1638
2019-10-26 17:41:42,817 step 2700 score: 0.8104
2019-10-26 17:44:26,443 step 3000 train loss: 0.1494
2019-10-26 17:44:26,443 step 3000 score: 0.8095
2019-10-26 17:44:26,444 best score is 0.8157
2019-10-26 17:46:29,568 average: 0.808492
