2019-10-17 12:41:15,241 log_in_file: True
2019-10-17 12:41:15,241 bert_path: /home/wangzl/PretrainedLM/BERT/New/roberta_zh_L-24_H-1024_A-16/
2019-10-17 12:41:15,241 data_path: ../data/
2019-10-17 12:41:15,241 usegpu: True
2019-10-17 12:41:15,241 use_origin: True
2019-10-17 12:41:15,241 total_step: 10000
2019-10-17 12:41:15,241 eval_every: 1000
2019-10-17 12:41:15,241 early_stop: 4
2019-10-17 12:41:15,241 max_length: 510
2019-10-17 12:41:15,242 max_title_rate: 0.125
2019-10-17 12:41:15,242 content_head_rate: 0.2
2019-10-17 12:41:15,242 batch_size: 2
2019-10-17 12:41:15,242 lr_scheduler_type: linear
2019-10-17 12:41:15,242 input_pattern: head+tail+dynamic
2019-10-17 12:41:15,242 clean_method: space
2019-10-17 12:41:15,242 warmup_rate: 0.1
2019-10-17 12:41:15,242 classifier_dropout: 0.1
2019-10-17 12:41:15,242 classifier_weight_decay: 0.0
2019-10-17 12:41:15,242 cache_final_model: False
2019-10-17 12:41:15,242 seed: 23
2019-10-17 12:41:15,242 lr: 5e-06
2019-10-17 12:41:15,242 lr_decay_in_layers: 0.98
2019-10-17 12:41:15,242 weight_decay: 0.001
2019-10-17 12:41:40,749 Token Sample: [CLS]_0 普_0 拉_0 达_0 高_0 仿_0 包_0 包_0 价_0 格_0 [SEP]_0 普_1 拉_1 达_1 高_1 仿_1 包_1 包_1 价_1 格_1 【_1 ｖ_1 ?_1 信_1 ：_1 １６_1 ##６_1 __1 ７_1 ##０_1 ##３_1 ##８_1 __1 ０_1 ##０_1 ##５_1 ##８_1 】_1 【_1 包_1 ?_1 包_1 、_1 皮_1 ?_1 带_1 、_1 男_1 ?_1 装_1 、_1 女_1 ?_1 装_1 、_1 男_1 ?_1 鞋_1 、_1 女_1 ?_1 鞋_1 、_1 手_1 ?_1 表_1 、_1 饰_1 ?_1 品_1 、_1 眼_1 ?_1 镜_1 ?_1 等_1 】_1 工_1 ?_1 厂_1 ?_1 货_1 ?_1 源_1 ，_1 实_1 ?_1 物_1 ?_1 拍_1 ?_1 摄_1 ，_1 纯_1 ?_1 手_1 ?_1 工_1 ?_1 制_1 ?_1 作_1 !_1 u_1 ##n_1 ##61_1 ##h_1 ##8_1 ##p_1 ##0_1 [SEP]_1 穆_1 坦_1 谆_1 淌_1 截_1 绕_1 布_1 谑_1 衷_1 柏_1 沉_1 剿_1 酌_1 谧_1 尤_1 妥_1 汕_1 形_1 粤_1 韶_1 挥_1 卵_1 桥_1 墒_1 捅_1 墒_1 侵_1 墒_1 趾_1 挡_1 丝_1 锰_1 沉_1 野_1 业_1 谧_1 崭_1 勺_1 退_1 置_1 秤_1 急_1 冶_1 八_1 赣_1 刀_1 罩_1 呐_1 猛_1 恢_1 苍_1 购_1 镭_1 砸_1 侨_1 翁_1 [UNK]_1 甲_1 擦_1 堆_1 绿_1 谋_1 肚_1 辰_1 杜_1 旅_1 捅_1 俑_1 [UNK]_1 穆_1 [UNK]_1 救_1 仕_1 [UNK]_1 徒_1 瘴_1 汹_1 汕_1 胤_1 交_1 窒_1 沼_1 欠_1 冶_1 晃_1 骄_1 诺_1 恳_1 闭_1 嫉_1 丶_1 衷_1 杜_1 趾_1 陈_1 阅_1 羌_1 锥_1 段_1 衷_1 媚_1 闲_1 炯_1 诺_1 九_1 浊_1 现_1 挠_1 寿_1 客_1 澜_1 彼_1 咳_1 客_1 陀_1 守_1 挡_1 牧_1 舶_1 百_1 丶_1 陈_1 史_1 桥_1 挠_1 秤_1 欣_1 丫_1 未_1 冀_1 宜_1 床_1 党_1 铣_1 拇_1 废_1 了_1 普_1 烁_1 妥_1 衣_1 茸_1 釉_1 谪_1 宜_1 付_1 冶_1 昂_1 釉_1 骄_1 粤_1 http_1 :_1 /_1 /_1 blog_1 ._1 sina_1 ._1 com_1 ._1 cn_1 /_1 s_1 /_1 blog_1 __1 178_1 ##ca_1 ##bc_1 ##64_1 ##010_1 ##2_1 ##x_1 ##9_1 ##g_1 ##4_1 ._1 html_1 ##http_1 :_1 /_1 /_1 blog_1 ._1 sina_1 ._1 cn_1 /_1 d_1 ##po_1 ##ol_1 /_1 blog_1 /_1 s_1 /_1 blog_1 __1 178_1 ##ca_1 ##bc_1 ##64_1 ##010_1 ##2_1 ##x_1 ##9_1 ##g_1 ##4_1 ._1 html_1 ##http_1 :_1 /_1 /_1 blog_1 ._1 sina_1 ._1 com_1 ._1 cn_1 /_1 s_1 /_1 blog_1 __1 178_1 ##fc_1 ##98_1 ##0_1 ##e_1 ##010_1 ##2_1 ##x_1 ##e_1 ##42_1 ._1 html_1 ##http_1 :_1 /_1 /_1 blog_1 ._1 sina_1 ._1 cn_1 /_1 d_1 ##po_1 ##ol_1 /_1 blog_1 /_1 s_1 /_1 blog_1 __1 178_1 ##fc_1 ##98_1 ##0_1 ##e_1 ##010_1 ##2_1 ##x_1 ##e_1 ##42_1 ._1 html_1 ##http_1 :_1 /_1 /_1 blog_1 ._1 sina_1 ._1 com_1 ._1 cn_1 /_1 s_1 /_1 blog_1 __1 179_1 ##38_1 ##1_1 ##ae_1 ##60_1 ##10_1 ##2_1 ##y_1 ##43_1 ##m_1 ._1 html_1 ##http_1 :_1 /_1 /_1 blog_1 ._1 sina_1 ._1 cn_1 /_1 d_1 ##po_1 ##ol_1 /_1 blog_1 /_1 s_1 /_1 blog_1 __1 179_1 ##38_1 ##1_1 ##ae_1 ##60_1 ##10_1 ##2_1 ##y_1 ##43_1 ##m_1 ._1 html_1 ##http_1 :_1 /_1 /_1 blog_1 ._1 sina_1 ._1 com_1 ._1 cn_1 /_1 s_1 /_1 blog_1 __1 178_1 ##ca_1 ##c_1 ##41_1 ##001_1 ##02_1 ##x_1 ##c_1 ##u_1 ##4_1 ._1 html_1 ##http_1 :_1 /_1 /_1 blog_1 ._1 sina_1 ._1 cn_1 /_1 d_1 ##po_1 ##ol_1 /_1 blog_1 /_1 s_1 /_1 blog_1 __1 178_1 ##ca_1 ##c_1 ##41_1 ##001_1 ##02_1 ##x_1 ##c_1 ##u_1 ##4_1 ._1 html_1 ##32_1 ##rc_1 ##c_1 ##3_1 ##s_1 ##gy_1 ##b_1 [SEP]_1
2019-10-17 12:41:57,560 Token Sample: [CLS]_0 印_0 度_0 港_0 口_0 和_0 码_0 头_0 将_0 举_0 行_0 全_0 国_0 大_0 罢_0 工_0 ，_0 或_0 影_0 响_0 海_0 鲜_0 航_0 运_0 [SEP]_0 中_1 国_1 水_1 产_1 频_1 道_1 独_1 家_1 报_1 道_1 ，_1 印_1 度_1 工_1 会_1 罢_1 工_1 将_1 于_1 2019_1 年_1 1_1 月_1 8_1 日_1 和_1 9_1 日_1 举_1 行_1 全_1 国_1 大_1 罢_1 工_1 ，_1 届_1 时_1 将_1 有_1 10_1 个_1 印_1 度_1 全_1 国_1 性_1 行_1 业_1 工_1 会_1 参_1 与_1 。_1 据_1 印_1 度_1 媒_1 体_1 报_1 道_1 ，_1 印_1 度_1 水_1 运_1 工_1 人_1 联_1 合_1 会_1 (_1 water_1 ##tra_1 ##ns_1 ##port_1 ##work_1 ##ers_1 ##fe_1 ##der_1 ##ation_1 ##of_1 ##in_1 ##dia_1 )_1 已_1 决_1 定_1 与_1 港_1 口_1 其_1 它_1 姊_1 妹_1 联_1 合_1 [SEP]_1 大_1 资_1 产_1 。_1 联_1 合_1 会_1 要_1 求_1 ，_1 当_1 局_1 不_1 得_1 挪_1 用_1 港_1 口_1 的_1 剩_1 余_1 资_1 金_1 、_1 员_1 工_1 积_1 金_1 和_1 抚_1 恤_1 基_1 金_1 ，_1 用_1 于_1 私_1 人_1 股_1 本_1 和_1 债_1 券_1 投_1 资_1 ，_1 否_1 则_1 将_1 违_1 反_1 《_1 1963_1 年_1 主_1 要_1 港_1 口_1 信_1 托_1 法_1 案_1 》_1 第_1 88_1 条_1 。_1 据_1 悉_1 ，_1 此_1 次_1 的_1 印_1 度_1 工_1 会_1 罢_1 工_1 将_1 于_1 2019_1 年_1 1_1 月_1 8_1 日_1 和_1 9_1 日_1 举_1 行_1 全_1 国_1 大_1 罢_1 工_1 ，_1 届_1 时_1 将_1 有_1 10_1 个_1 印_1 度_1 全_1 国_1 性_1 行_1 业_1 工_1 会_1 参_1 与_1 。_1 印_1 度_1 白_1 虾_1 和_1 鱿_1 鱼_1 等_1 进_1 口_1 海_1 产_1 依_1 赖_1 海_1 运_1 进_1 口_1 至_1 我_1 国_1 市_1 场_1 ，_1 建_1 议_1 外_1 贸_1 企_1 业_1 及_1 货_1 代_1 提_1 前_1 与_1 客_1 户_1 及_1 目_1 的_1 港_1 代_1 理_1 沟_1 通_1 ，_1 及_1 时_1 调_1 整_1 船_1 运_1 安_1 排_1 ，_1 避_1 免_1 造_1 成_1 不_1 必_1 要_1 的_1 损_1 失_1 。_1 转_1 载_1 声_1 明_1 1_1 、_1 本_1 网_1 站_1 所_1 有_1 注_1 明_1 [UNK]_1 来_1 源_1 ：_1 中_1 国_1 水_1 产_1 频_1 道_1 /_1 水_1 产_1 前_1 沿_1 [UNK]_1 的_1 文_1 字_1 、_1 图_1 片_1 和_1 音_1 视_1 频_1 资_1 料_1 ，_1 版_1 权_1 均_1 属_1 于_1 中_1 国_1 水_1 产_1 频_1 道_1 原_1 创_1 （_1 独_1 家_1 ）_1 所_1 有_1 ，_1 非_1 经_1 授_1 权_1 ，_1 任_1 何_1 媒_1 体_1 、_1 网_1 站_1 或_1 个_1 人_1 不_1 得_1 转_1 载_1 ，_1 授_1 权_1 转_1 载_1 时_1 须_1 注_1 明_1 [UNK]_1 来_1 源_1 ：_1 中_1 国_1 水_1 产_1 频_1 道_1 [UNK]_1 。_1 2_1 、_1 本_1 网_1 所_1 有_1 转_1 载_1 文_1 章_1 系_1 出_1 于_1 传_1 递_1 更_1 多_1 信_1 息_1 之_1 目_1 的_1 ，_1 且_1 明_1 确_1 注_1 明_1 来_1 源_1 和_1 作_1 者_1 ，_1 不_1 希_1 望_1 被_1 转_1 载_1 的_1 媒_1 体_1 或_1 个_1 人_1 可_1 与_1 我_1 们_1 联_1 系_1 ，_1 我_1 们_1 将_1 立_1 即_1 进_1 行_1 删_1 除_1 处_1 理_1 。_1 3_1 、_1 如_1 需_1 转_1 载_1 本_1 网_1 非_1 原_1 创_1 （_1 独_1 家_1 ）_1 文_1 章_1 ，_1 同_1 样_1 建_1 议_1 注_1 明_1 该_1 文_1 章_1 的_1 出_1 处_1 和_1 作_1 者_1 信_1 息_1 。_1 [SEP]_1
2019-10-17 12:42:30,468 Token Sample: [CLS]_0 南_0 京_0 婚_0 姻_0 律_0 师_0 |_0 夫_0 妻_0 一_0 方_0 将_0 户_0 籍_0 迁_0 入_0 他_0 城_0 市_0 ，_0 另_0 一_0 方_0 起_0 诉_0 离_0 婚_0 的_0 ，_0 应_0 由_0 被_0 告_0 户_0 籍_0 所_0 在_0 地_0 人_0 民_0 法_0 院_0 管_0 辖_0 [SEP]_0 点_1 击_1 蓝_1 字_1 加_1 关_1 注_1 关_1 键_1 词_1 ：_1 离_1 婚_1 案_1 件_1 管_1 辖_1 属_1 地_1 管_1 辖_1 附_1 录_1 :_1 民_1 事_1 审_1 判_1 信_1 箱_1 问_1 :_1 李_1 某_1 与_1 张_1 某_1 系_1 夫_1 妻_1 ，_1 于_1 2000_1 年_1 在_1 a_1 市_1 登_1 记_1 结_1 婚_1 ，_1 当_1 时_1 二_1 人_1 户_1 籍_1 所_1 在_1 地_1 均_1 为_1 a_1 市_1 。_1 2003_1 年_1 李_1 某_1 离_1 开_1 原_1 户_1 籍_1 所_1 在_1 地_1 a_1 市_1 到_1 b_1 市_1 攻_1 读_1 博_1 士_1 研_1 究_1 生_1 ，_1 并_1 [SEP]_1 情_1 况_1 下_1 ，_1 则_1 应_1 该_1 由_1 变_1 更_1 后_1 的_1 住_1 所_1 地_1 管_1 辖_1 ，_1 而_1 不_1 能_1 适_1 用_1 《_1 民_1 诉_1 法_1 意_1 见_1 》_1 第_1 12_1 条_1 的_1 规_1 定_1 。_1 对_1 此_1 ，_1 《_1 民_1 诉_1 法_1 意_1 见_1 》_1 第_1 7_1 条_1 规_1 定_1 :_1 [UNK]_1 当_1 事_1 人_1 的_1 户_1 籍_1 迁_1 出_1 后_1 尚_1 未_1 落_1 户_1 ，_1 有_1 经_1 常_1 居_1 住_1 地_1 的_1 ，_1 由_1 该_1 地_1 人_1 民_1 法_1 院_1 管_1 辖_1 。_1 没_1 有_1 经_1 常_1 居_1 住_1 地_1 ，_1 户_1 籍_1 迁_1 出_1 不_1 足_1 一_1 年_1 的_1 ，_1 由_1 其_1 原_1 户_1 籍_1 所_1 在_1 地_1 人_1 民_1 法_1 院_1 管_1 辖_1 ；_1 超_1 过_1 一_1 年_1 的_1 由_1 其_1 居_1 住_1 地_1 人_1 民_1 法_1 院_1 管_1 辖_1 。_1 [UNK]_1 对_1 于_1 该_1 条_1 文_1 义_1 的_1 反_1 面_1 解_1 释_1 则_1 为_1 ，_1 如_1 果_1 户_1 籍_1 迁_1 出_1 并_1 已_1 经_1 落_1 户_1 的_1 ，_1 且_1 该_1 户_1 籍_1 所_1 在_1 地_1 即_1 为_1 经_1 常_1 居_1 住_1 地_1 的_1 ，_1 则_1 应_1 该_1 由_1 落_1 户_1 的_1 户_1 籍_1 所_1 在_1 地_1 管_1 辖_1 。_1 因_1 此_1 ，_1 本_1 案_1 不_1 能_1 适_1 用_1 《_1 民_1 诉_1 法_1 意_1 见_1 》_1 第_1 1_1 条_1 的_1 规_1 定_1 。_1 所_1 以_1 ，_1 本_1 离_1 婚_1 案_1 件_1 应_1 该_1 由_1 李_1 某_1 的_1 户_1 箱_1 所_1 在_1 地_1 b_1 市_1 法_1 院_1 而_1 非_1 张_1 某_1 的_1 户_1 籍_1 所_1 在_1 地_1 a_1 市_1 法_1 院_1 管_1 辖_1 [UNK]_1 [UNK]_1 本_1 书_1 研_1 究_1 组_1 :_1 《_1 夫_1 妻_1 一_1 方_1 将_1 户_1 籍_1 迁_1 入_1 他_1 城_1 市_1 ，_1 另_1 一_1 方_1 起_1 诉_1 离_1 婚_1 的_1 ，_1 应_1 由_1 被_1 告_1 户_1 籍_1 所_1 在_1 地_1 人_1 民_1 法_1 院_1 管_1 辖_1 》_1 ，_1 载_1 最_1 高_1 人_1 民_1 法_1 院_1 民_1 事_1 审_1 判_1 第_1 一_1 庭_1 编_1 :_1 《_1 民_1 事_1 审_1 判_1 指_1 导_1 与_1 参_1 考_1 》_1 2010_1 年_1 第_1 1_1 集_1 （_1 总_1 第_1 41_1 集_1 ）_1 ，_1 法_1 律_1 出_1 版_1 社_1 2010_1 年_1 版_1 ，_1 第_1 290_1 ##～_1 ##29_1 ##1_1 页_1 长_1 按_1 识_1 别_1 二_1 维_1 码_1 添_1 加_1 咨_1 询_1 [SEP]_1
2019-10-17 12:42:51,628 seed everything and create model
2019-10-17 12:52:03,756 step 1000 train loss: 0.6007
2019-10-17 12:52:03,756 step 1000 score: 0.7000
2019-10-17 13:01:05,091 step 2000 train loss: 0.4369
2019-10-17 13:01:05,091 step 2000 score: 0.7746
2019-10-17 13:10:06,714 step 3000 train loss: 0.4047
2019-10-17 13:10:06,715 step 3000 score: 0.7842
2019-10-17 13:19:08,480 step 4000 train loss: 0.3142
2019-10-17 13:19:08,481 step 4000 score: 0.7789
2019-10-17 13:28:10,062 step 5000 train loss: 0.2560
2019-10-17 13:28:10,062 step 5000 score: 0.7921
2019-10-17 13:37:11,597 step 6000 train loss: 0.2526
2019-10-17 13:37:11,597 step 6000 score: 0.7945
2019-10-17 13:46:13,176 step 7000 train loss: 0.1423
2019-10-17 13:46:13,176 step 7000 score: 0.7810
2019-10-17 13:55:14,847 step 8000 train loss: 0.1619
2019-10-17 13:55:14,847 step 8000 score: 0.7854
2019-10-17 14:04:16,439 step 9000 train loss: 0.1309
2019-10-17 14:04:16,439 step 9000 score: 0.7860
2019-10-17 14:13:18,021 step 10000 train loss: 0.0925
2019-10-17 14:13:18,021 step 10000 score: 0.7863
2019-10-17 14:13:18,022 best score is 0.7945
