2019-10-22 10:29:33,536 log_in_file: True
2019-10-22 10:29:33,536 lm_path: /home/wangzl/PretrainedLM/XLNET/chinese_xlnet_mid_pytorch/
2019-10-22 10:29:33,537 lm_type: xlnet
2019-10-22 10:29:33,537 data_path: ../data/
2019-10-22 10:29:33,537 usegpu: True
2019-10-22 10:29:33,537 use_origin: False
2019-10-22 10:29:33,537 total_step: 5000
2019-10-22 10:29:33,537 eval_every: 500
2019-10-22 10:29:33,537 early_stop: 4
2019-10-22 10:29:33,537 max_length: 510
2019-10-22 10:29:33,537 max_title_rate: 0.09
2019-10-22 10:29:33,537 content_head_rate: 0.6
2019-10-22 10:29:33,537 batch_size: 2
2019-10-22 10:29:33,537 lr_scheduler_type: linear
2019-10-22 10:29:33,537 input_pattern: head+tail+fixed
2019-10-22 10:29:33,537 clean_method: space+notzh
2019-10-22 10:29:33,537 warmup_rate: 0.1
2019-10-22 10:29:33,537 classifier_dropout: 0.3
2019-10-22 10:29:33,537 classifier_weight_decay: 0.0
2019-10-22 10:29:33,537 cache_final_model: False
2019-10-22 10:29:33,537 seed: 23
2019-10-22 10:29:33,537 lr: 2e-05
2019-10-22 10:29:33,537 lr_decay_in_layers: 0.95
2019-10-22 10:29:33,537 weight_decay: 0.01
2019-10-22 10:29:33,585 padding token is ▁[
2019-10-22 10:29:43,898 Token Sample: [CLS]_0 ▁_0 深夜_0 不能_0 去_0 的_0 10_0 个_0 地方_0 ,_0 小_0 心_0 坏_0 了一_0 年_0 的_0 运_0 势_0 !_0 [PAD]_0 [PAD]_0 [PAD]_0 [PAD]_0 [PAD]_0 [PAD]_0 [PAD]_0 [PAD]_0 [PAD]_0 [PAD]_0 [PAD]_0 [PAD]_0 [PAD]_0 [PAD]_0 [PAD]_0 [PAD]_0 [PAD]_0 [PAD]_0 [PAD]_0 [PAD]_0 [PAD]_0 [PAD]_0 [PAD]_0 [PAD]_0 [PAD]_0 [PAD]_0 [PAD]_0 [PAD]_0 [SEP]_0 ▁_1 1_1 ._1 寺庙_1 周围_1 很多人_1 都会_1 问_1 ,_1 寺庙_1 不是_1 有_1 灵_1 气_1 的地方_1 吗_1 ?_1 怎么_1 不能_1 去_1 ?_1 为什么_1 寺庙_1 一般_1 都有_1 围_1 墙_1 呢_1 ?_1 因为_1 冤_1 魂_1 太多_1 ,_1 上_1 访_1 的_1 太多_1 ,_1 围_1 墙_1 是_1 用来_1 阻_1 挡_1 它们的_1 。_1 入_1 夜_1 之后_1 ,_1 首先_1 不_1 该_1 流_1 连_1 的地方_1 就是_1 寺庙_1 周围_1 ,_1 否则_1 冲_1 撞_1 那些_1 凄_1 惨_1 的_1 冤_1 魂_1 是_1 必然_1 的_1 。_1 2_1 ._1 车_1 祸_1 等_1 灾难_1 现场_1 有_1 一种_1 说法_1 ,_1 死于_1 灾难_1 的人_1 要_1 是_1 没_1 得到_1 超_1 度_1 ,_1 或_1 超_1 度_1 力_1 度_1 不够_1 ,_1 会导致_1 他们_1 每天_1 晚上_1 在_1 那个_1 现场_1 重复_1 受_1 难_1 。_1 比如_1 车_1 祸_1 的人_1 要_1 是_1 没_1 得到_1 超_1 度_1 ,_1 会在_1 同一个_1 地方_1 每天_1 晚上_1 经历_1 被_1 车_1 撞_1 死_1 的过程_1 。_1 这是一个_1 悲_1 催_1 的_1 环境_1 ,_1 撞_1 鬼_1 最_1 容易_1 的地方_1 。_1 3_1 ._1 凶_1 案_1 现场_1 如果_1 说_1 灾难_1 现场_1 是_1 非_1 主_1 观_1 杀害_1 ,_1 那么_1 凶_1 案_1 现场_1 包括_1 自杀_1 现场_1 ,_1 就是_1 主_1 观_1 为_1 之_1 。_1 民间_1 传说_1 ,_1 这些_1 地方_1 的_1 鬼_1 是最_1 凶_1 的_1 ,_1 因为他们_1 觉得_1 自己_1 死_1 的_1 太_1 惨_1 了_1 ,_1 然后_1 怨_1 气_1 冲_1 天_1 。_1 特别是_1 那些_1 一_1 身_1 红_1 衣_1 自杀_1 死亡_1 的_1 冤_1 魂_1 ,_1 更是_1 凶_1 狠_1 。_1 这种_1 冤_1 魂_1 ,_1 就算_1 是_1 火焰_1 极_1 高_1 的人_1 ,_1 也_1 容易_1 被_1 很_1 轻_1 松_1 的_1 伤害_1 ,_1 所以_1 ,_1 闹_1 鬼_1 最_1 凶_1 的地方_1 一定_1 是_1 这些_1 地方_1 。_1 4_1 ._1 火_1 葬_1 场_1 虽_1 说_1 这个_1 地方_1 大多数_1 人_1 不_1 回去_1 ,_1 也要_1 在_1 这_1 说明_1 下_1 有两个_1 地方_1 阴_1 气_1 最_1 重_1 ,_1 一个_1 [SEP]_1 人_1 ,_1 做_1 他的_1 替_1 死_1 鬼_1 ,_1 水_1 鬼_1 在_1 白天_1 都_1 容易_1 出来_1 抓_1 替_1 死_1 鬼_1 ,_1 因为_1 阳光_1 在_1 水_1 里_1 的_1 影响力_1 并不_1 大_1 ,_1 到了_1 夜_1 里_1 ,_1 就_1 更容易_1 了_1 。_1 9_1 ._1 地下_1 停车场_1 地表_1 之下_1 的_1 通道_1 ,_1 深夜_1 的时候_1 都_1 尽_1 量_1 别_1 走_1 。_1 这个_1 和_1 电梯_1 的说法_1 有_1 点_1 类似_1 。_1 很多_1 凶_1 杀_1 案_1 都在_1 这些_1 阴_1 气_1 十_1 足_1 的地方_1 产生_1 ,_1 也不_1 无_1 道_1 理_1 。_1 10_1 ._1 医院_1 周围_1 医院_1 是_1 个_1 救_1 死_1 扶_1 伤_1 的地方_1 但_1 同样_1 是_1 和平_1 时期_1 死_1 人_1 最多的_1 地方_1 。_1 很多_1 医院_1 会_1 有_1 设置_1 太平_1 间_1 ,_1 这是一个_1 阴_1 气_1 十_1 足_1 的地方_1 。_1 身体_1 弱_1 的人_1 切_1 忌_1 不可_1 深夜_1 在_1 这些_1 地方_1 走_1 动_1 ,_1 因为_1 在这里_1 撞_1 到_1 一些_1 另一个_1 世界的_1 人_1 ,_1 是_1 太_1 稀_1 松_1 平常_1 的事_1 。_1 收_1 魂_1 的_1 和_1 被_1 收_1 魂_1 的_1 ,_1 都_1 太_1 集中_1 了_1 。_1 特别是_1 住院_1 待_1 产_1 的_1 孕_1 妇_1 ,_1 半_1 夜_1 更_1 别_1 在_1 医院_1 周围_1 溜_1 达_1 ,_1 谨_1 记_1 。_1 [SEP]_1
