2019-10-18 21:36:49,158 log_in_file: True
2019-10-18 21:36:49,158 bert_path: /home/wangzl/PretrainedLM/BERT/New/roberta_zh_L-24_H-1024_A-16/
2019-10-18 21:36:49,158 data_path: ../data/
2019-10-18 21:36:49,158 usegpu: True
2019-10-18 21:36:49,158 use_origin: False
2019-10-18 21:36:49,158 total_step: 5000
2019-10-18 21:36:49,158 eval_every: 500
2019-10-18 21:36:49,158 early_stop: 4
2019-10-18 21:36:49,158 max_length: 510
2019-10-18 21:36:49,158 max_title_rate: 0.125
2019-10-18 21:36:49,158 content_head_rate: 0.6
2019-10-18 21:36:49,158 batch_size: 2
2019-10-18 21:36:49,158 lr_scheduler_type: constant
2019-10-18 21:36:49,158 input_pattern: head+tail+dynamic
2019-10-18 21:36:49,158 clean_method: space
2019-10-18 21:36:49,159 warmup_rate: 0.1
2019-10-18 21:36:49,159 classifier_dropout: 0.3
2019-10-18 21:36:49,159 classifier_weight_decay: 0.0
2019-10-18 21:36:49,159 cache_final_model: False
2019-10-18 21:36:49,159 seed: 23
2019-10-18 21:36:49,159 lr: 5e-06
2019-10-18 21:36:49,159 lr_decay_in_layers: 0.95
2019-10-18 21:36:49,159 weight_decay: 0.01
2019-10-18 21:37:14,357 Token Sample: [CLS]_0 义_0 乌_0 微_0 创_0 医_0 院_0 怎_0 样_0 黑_0 不_0 黑_0 (_0 1_0 )_0 [SEP]_0 近_1 日_1 ，_1 一_1 则_1 "_1 义_1 乌_1 微_1 创_1 医_1 院_1 怎_1 样_1 黑_1 不_1 黑_1 "_1 的_1 新_1 闻_1 被_1 热_1 议_1 。_1 义_1 乌_1 微_1 创_1 医_1 院_1 怎_1 样_1 黑_1 不_1 黑_1 ?_1 下_1 面_1 小_1 编_1 给_1 大_1 家_1 分_1 享_1 义_1 乌_1 微_1 创_1 医_1 院_1 怎_1 样_1 黑_1 不_1 黑_1 。_1 义_1 乌_1 微_1 创_1 医_1 院_1 作_1 为_1 浙_1 江_1 省_1 微_1 创_1 技_1 术_1 推_1 广_1 示_1 范_1 单_1 位_1 和_1 义_1 乌_1 市_1 卫_1 计_1 委_1 直_1 属_1 医_1 疗_1 机_1 构_1 ，_1 义_1 乌_1 微_1 创_1 医_1 院_1 以_1 专_1 业_1 的_1 素_1 质_1 致_1 力_1 开_1 拓_1 医_1 疗_1 卫_1 生_1 事_1 业_1 ，_1 义_1 乌_1 微_1 创_1 医_1 院_1 真_1 诚_1 为_1 每_1 一_1 位_1 前_1 来_1 就_1 诊_1 的_1 患_1 者_1 提_1 供_1 星_1 级_1 的_1 医_1 疗_1 服_1 务_1 。_1 在_1 保_1 持_1 自_1 身_1 实_1 力_1 的_1 同_1 时_1 ，_1 医_1 院_1 还_1 与_1 第_1 二_1 军_1 医_1 大_1 学_1 附_1 属_1 长_1 征_1 医_1 院_1 、_1 上_1 海_1 市_1 第_1 一_1 医_1 院_1 、_1 上_1 海_1 市_1 第_1 二_1 医_1 院_1 、_1 上_1 海_1 市_1 第_1 五_1 医_1 院_1 、_1 上_1 海_1 市_1 同_1 济_1 大_1 学_1 附_1 属_1 同_1 济_1 医_1 院_1 、_1 浙_1 江_1 省_1 肿_1 瘤_1 医_1 院_1 、_1 金_1 华_1 市_1 中_1 心_1 医_1 院_1 、_1 义_1 乌_1 市_1 中_1 心_1 医_1 院_1 建_1 立_1 紧_1 密_1 的_1 技_1 术_1 协_1 作_1 关_1 系_1 [UNK]_1 [UNK]_1 为_1 患_1 者_1 构_1 筑_1 起_1 一_1 道_1 坚_1 固_1 的_1 医_1 疗_1 长_1 城_1 。_1 正_1 是_1 医_1 院_1 有_1 着_1 先_1 进_1 的_1 技_1 术_1 支_1 持_1 和_1 人_1 才_1 支_1 持_1 ，_1 吸_1 引_1 了_1 大_1 批_1 专_1 业_1 人_1 才_1 加_1 盟_1 ，_1 义_1 [SEP]_1 皇_1 宫_1 等_1 级_1 森_1 严_1 ，_1 是_1 普_1 通_1 义_1 乌_1 微_1 创_1 医_1 院_1 怎_1 样_1 黑_1 不_1 黑_1 的_1 老_1 百_1 姓_1 或_1 者_1 芝_1 麻_1 小_1 官_1 都_1 无_1 法_1 接_1 近_1 的_1 禁_1 区_1 ，_1 所_1 以_1 这_1 也_1 是_1 紫_1 禁_1 城_1 中_1 为_1 什_1 么_1 有_1 个_1 [UNK]_1 禁_1 [UNK]_1 字_1 的_1 原_1 因_1 ，_1 这_1 就_1 是_1 故_1 宫_1 为_1 什_1 么_1 叫_1 紫_1 禁_1 城_1 的_1 原_1 因_1 了_1 。_1 其_1 实_1 就_1 是_1 皇_1 帝_1 们_1 觉_1 得_1 自_1 己_1 贵_1 为_1 天_1 子_1 ，_1 想_1 找_1 一_1 个_1 符_1 合_1 身_1 份_1 的_1 住_1 所_1 罢_1 了_1 。_1 现_1 如_1 今_1 紫_1 禁_1 城_1 已_1 经_1 向_1 公_1 众_1 开_1 放_1 ，_1 不_1 再_1 是_1 什_1 么_1 禁_1 区_1 ，_1 并_1 且_1 每_1 年_1 都_1 可_1 以_1 接_1 待_1 2000_1 万_1 的_1 游_1 客_1 ，_1 每_1 个_1 人_1 都_1 有_1 机_1 会_1 过_1 上_1 一_1 把_1 皇_1 帝_1 瘾_1 。_1 图_1 片_1 来_1 源_1 网_1 络_1 ，_1 欢_1 迎_1 留_1 言_1 。_1 以_1 上_1 是_1 关_1 于_1 "_1 义_1 乌_1 微_1 创_1 医_1 院_1 怎_1 样_1 黑_1 不_1 黑_1 "_1 的_1 相_1 关_1 分_1 享_1 。_1 [SEP]_1
2019-10-18 21:37:30,933 Token Sample: [CLS]_0 投_0 诉_0 主_0 题_0 ：_0 投_0 诉_0 医_0 美_0 分_0 期_0 [SEP]_0 2018_1 年_1 三_1 月_1 底_1 ，_1 在_1 黄_1 岩_1 整_1 形_1 机_1 构_1 办_1 了_1 医_1 美_1 分_1 期_1 ，_1 没_1 做_1 该_1 医_1 美_1 项_1 目_1 ，_1 却_1 要_1 我_1 还_1 清_1 全_1 额_1 贷_1 款_1 ，_1 然_1 而_1 所_1 有_1 的_1 款_1 都_1 未_1 经_1 过_1 我_1 本_1 人_1 的_1 账_1 户_1 ，_1 全_1 部_1 打_1 到_1 了_1 该_1 机_1 构_1 的_1 账_1 户_1 ，_1 我_1 现_1 在_1 已_1 经_1 没_1 有_1 能_1 力_1 偿_1 还_1 这_1 个_1 债_1 务_1 ，_1 多_1 次_1 报_1 警_1 ，_1 派_1 出_1 所_1 都_1 不_1 受_1 理_1 。_1 [SEP]_1 [PAD]_1 [PAD]_1 [PAD]_1 [PAD]_1 [PAD]_1 [PAD]_1 [PAD]_1 [PAD]_1 [PAD]_1 [PAD]_1 [PAD]_1 [PAD]_1 [PAD]_1 [PAD]_1 [PAD]_1 [PAD]_1 [PAD]_1 [PAD]_1 [PAD]_1 [PAD]_1 [PAD]_1 [PAD]_1 [PAD]_1 [PAD]_1 [PAD]_1 [PAD]_1 [PAD]_1 [PAD]_1 [PAD]_1 [PAD]_1 [PAD]_1 [PAD]_1 [PAD]_1 [PAD]_1 [PAD]_1 [PAD]_1 [PAD]_1 [PAD]_1 [PAD]_1 [PAD]_1 [PAD]_1 [PAD]_1 [PAD]_1 [PAD]_1 [PAD]_1 [PAD]_1 [PAD]_1 [PAD]_1 [PAD]_1 [PAD]_1 [PAD]_1 [PAD]_1 [PAD]_1 [PAD]_1 [PAD]_1 [PAD]_1 [PAD]_1 [PAD]_1 [PAD]_1 [PAD]_1 [PAD]_1 [PAD]_1 [PAD]_1 [PAD]_1 [PAD]_1 [PAD]_1 [PAD]_1 [PAD]_1 [PAD]_1 [PAD]_1 [PAD]_1 [PAD]_1 [PAD]_1 [PAD]_1 [PAD]_1 [PAD]_1 [PAD]_1 [PAD]_1 [PAD]_1 [PAD]_1 [PAD]_1 [PAD]_1 [PAD]_1 [PAD]_1 [PAD]_1 [PAD]_1 [PAD]_1 [PAD]_1 [PAD]_1 [PAD]_1 [PAD]_1 [PAD]_1 [PAD]_1 [PAD]_1 [PAD]_1 [PAD]_1 [PAD]_1 [PAD]_1 [PAD]_1 [PAD]_1 [PAD]_1 [PAD]_1 [PAD]_1 [PAD]_1 [PAD]_1 [PAD]_1 [PAD]_1 [PAD]_1 [PAD]_1 [PAD]_1 [PAD]_1 [PAD]_1 [PAD]_1 [PAD]_1 [PAD]_1 [PAD]_1 [PAD]_1 [PAD]_1 [PAD]_1 [PAD]_1 [PAD]_1 [PAD]_1 [PAD]_1 [PAD]_1 [PAD]_1 [PAD]_1 [PAD]_1 [PAD]_1 [PAD]_1 [PAD]_1 [PAD]_1 [PAD]_1 [PAD]_1 [PAD]_1 [PAD]_1 [PAD]_1 [PAD]_1 [PAD]_1 [PAD]_1 [PAD]_1 [PAD]_1 [PAD]_1 [PAD]_1 [PAD]_1 [PAD]_1 [PAD]_1 [PAD]_1 [PAD]_1 [PAD]_1 [PAD]_1 [PAD]_1 [PAD]_1 [PAD]_1 [PAD]_1 [PAD]_1 [PAD]_1 [PAD]_1 [PAD]_1 [PAD]_1 [PAD]_1 [PAD]_1 [PAD]_1 [PAD]_1 [PAD]_1 [PAD]_1 [PAD]_1 [PAD]_1 [PAD]_1 [PAD]_1 [PAD]_1 [PAD]_1 [PAD]_1 [PAD]_1 [PAD]_1 [PAD]_1 [PAD]_1 [PAD]_1 [PAD]_1 [PAD]_1 [PAD]_1 [PAD]_1 [PAD]_1 [PAD]_1 [PAD]_1 [PAD]_1 [PAD]_1 [PAD]_1 [PAD]_1 [PAD]_1 [PAD]_1 [PAD]_1 [PAD]_1 [PAD]_1 [PAD]_1 [PAD]_1 [PAD]_1 [PAD]_1 [PAD]_1 [PAD]_1 [PAD]_1 [PAD]_1 [PAD]_1 [PAD]_1 [PAD]_1 [PAD]_1 [PAD]_1 [PAD]_1 [PAD]_1 [PAD]_1 [PAD]_1 [PAD]_1 [PAD]_1 [PAD]_1 [PAD]_1 [PAD]_1 [PAD]_1 [PAD]_1 [PAD]_1 [PAD]_1 [PAD]_1 [PAD]_1 [PAD]_1 [PAD]_1 [PAD]_1 [PAD]_1 [PAD]_1 [PAD]_1 [PAD]_1 [PAD]_1 [PAD]_1 [PAD]_1 [PAD]_1 [PAD]_1 [PAD]_1 [PAD]_1 [PAD]_1 [PAD]_1 [PAD]_1 [PAD]_1 [PAD]_1 [PAD]_1 [PAD]_1 [PAD]_1 [PAD]_1 [PAD]_1 [PAD]_1 [PAD]_1 [PAD]_1 [PAD]_1 [PAD]_1 [PAD]_1 [PAD]_1 [PAD]_1 [PAD]_1 [PAD]_1 [PAD]_1 [PAD]_1 [PAD]_1 [PAD]_1 [PAD]_1 [PAD]_1 [PAD]_1 [PAD]_1 [PAD]_1 [PAD]_1 [PAD]_1 [PAD]_1 [PAD]_1 [PAD]_1 [PAD]_1 [PAD]_1 [PAD]_1 [PAD]_1 [PAD]_1 [PAD]_1 [PAD]_1 [PAD]_1 [PAD]_1 [PAD]_1 [PAD]_1 [PAD]_1 [PAD]_1 [PAD]_1 [PAD]_1 [PAD]_1 [PAD]_1 [PAD]_1 [PAD]_1 [PAD]_1 [PAD]_1 [PAD]_1 [PAD]_1 [PAD]_1 [PAD]_1 [PAD]_1 [PAD]_1 [PAD]_1 [PAD]_1 [PAD]_1 [PAD]_1 [PAD]_1 [PAD]_1 [PAD]_1 [PAD]_1 [PAD]_1 [PAD]_1 [PAD]_1 [PAD]_1 [PAD]_1 [PAD]_1 [PAD]_1 [PAD]_1 [PAD]_1 [PAD]_1 [PAD]_1 [PAD]_1 [PAD]_1 [PAD]_1 [PAD]_1 [PAD]_1 [PAD]_1 [PAD]_1 [PAD]_1 [PAD]_1 [PAD]_1 [PAD]_1 [PAD]_1 [PAD]_1 [PAD]_1 [PAD]_1 [PAD]_1 [PAD]_1 [PAD]_1 [PAD]_1 [PAD]_1 [PAD]_1 [PAD]_1 [PAD]_1 [PAD]_1 [PAD]_1 [PAD]_1 [PAD]_1 [PAD]_1 [PAD]_1 [PAD]_1 [PAD]_1 [PAD]_1 [PAD]_1 [PAD]_1 [PAD]_1 [PAD]_1 [PAD]_1 [PAD]_1 [PAD]_1 [PAD]_1 [PAD]_1 [PAD]_1 [PAD]_1 [PAD]_1 [PAD]_1 [PAD]_1 [PAD]_1 [PAD]_1 [PAD]_1 [PAD]_1 [PAD]_1 [PAD]_1 [PAD]_1 [PAD]_1 [PAD]_1 [PAD]_1 [PAD]_1 [PAD]_1 [PAD]_1 [PAD]_1 [PAD]_1 [PAD]_1 [PAD]_1 [PAD]_1 [PAD]_1 [PAD]_1 [PAD]_1 [PAD]_1 [PAD]_1 [PAD]_1 [PAD]_1 [PAD]_1 [PAD]_1 [PAD]_1 [PAD]_1 [PAD]_1 [PAD]_1 [PAD]_1 [PAD]_1 [PAD]_1 [PAD]_1 [PAD]_1 [PAD]_1 [PAD]_1 [PAD]_1
2019-10-18 21:37:58,203 Token Sample: [CLS]_0 江_0 苏_0 南_0 京_0 市_0 浦_0 口_0 区_0 移_0 动_0 式_0 破_0 碎_0 机_0 /_0 破_0 碎_0 站_0 了_0 解_0 今_0 日_0 新_0 闻_0 价_0 格_0 ?_0 欢_0 迎_0 你_0 !_0 ._0 ._0 ._0 [SEP]_0 江_1 苏_1 南_1 京_1 市_1 浦_1 口_1 区_1 移_1 动_1 式_1 破_1 碎_1 机_1 /_1 破_1 碎_1 站_1 了_1 解_1 今_1 日_1 新_1 闻_1 价_1 格_1 ?_1 欢_1 迎_1 你_1 !_1 联_1 系_1 电_1 话_1 及_1 微_1 信_1 :_1 135_1 ##26_1 ##86_1 ##82_1 ##34_1 塑_1 料_1 粉_1 碎_1 机_1 主_1 要_1 原_1 理_1 :_1 是_1 将_1 塑_1 料_1 的_1 原_1 料_1 通_1 过_1 其_1 它_1 专_1 用_1 设_1 备_1 送_1 入_1 塑_1 料_1 粉_1 碎_1 机_1 的_1 工_1 作_1 腔_1 ，_1 进_1 口_1 设_1 置_1 的_1 粗_1 切_1 割_1 区_1 ，_1 在_1 这_1 个_1 粗_1 切_1 割_1 区_1 上_1 设_1 置_1 三_1 片_1 丰_1 利_1 片_1 ，_1 以_1 管_1 口_1 为_1 切_1 割_1 档_1 板_1 对_1 塑_1 料_1 进_1 行_1 高_1 速_1 剪_1 切_1 粉_1 碎_1 ，_1 然_1 后_1 将_1 粗_1 碎_1 后_1 工_1 程_1 塑_1 料_1 颗_1 粒_1 进_1 入_1 装_1 有_1 多_1 巴_1 锤_1 片_1 粉_1 碎_1 切_1 割_1 区_1 进_1 行_1 锤_1 击_1 研_1 磨_1 切_1 割_1 后_1 进_1 入_1 细_1 碎_1 区_1 域_1 ，_1 然_1 后_1 再_1 有_1 下_1 一_1 组_1 锤_1 进_1 行_1 锤_1 击_1 切_1 割_1 细_1 碎_1 近_1 年_1 来_1 ，_1 要_1 求_1 城_1 区_1 内_1 从_1 事_1 废_1 旧_1 商_1 品_1 回_1 收_1 经_1 营_1 的_1 单_1 位_1 和_1 个_1 人_1 ，_1 必_1 须_1 工_1 商_1 行_1 政_1 管_1 理_1 部_1 门_1 核_1 发_1 的_1 《_1 营_1 业_1 执_1 照_1 》_1 ，_1 方_1 可_1 从_1 事_1 废_1 旧_1 商_1 品_1 回_1 收_1 、_1 加_1 工_1 和_1 销_1 售_1 。_1 排_1 查_1 规_1 定_1 所_1 有_1 从_1 事_1 废_1 旧_1 商_1 品_1 回_1 收_1 经_1 营_1 的_1 单_1 位_1 和_1 个_1 人_1 ，_1 必_1 须_1 做_1 到_1 封_1 闭_1 式_1 经_1 营_1 和_1 存_1 储_1 达_1 [SEP]_1 牌_1 匾_1 ，_1 坚_1 决_1 取_1 缔_1 无_1 证_1 无_1 照_1 的_1 废_1 旧_1 商_1 品_1 回_1 收_1 点_1 。_1 河_1 南_1 中_1 豫_1 瑞_1 光_1 机_1 械_1 金_1 属_1 撕_1 碎_1 机_1 科_1 技_1 力_1 量_1 雄_1 厚_1 ，_1 生_1 产_1 工_1 艺_1 先_1 进_1 、_1 管_1 理_1 方_1 法_1 科_1 学_1 ，_1 严_1 格_1 遵_1 守_1 iso9001_1 标_1 准_1 、_1 并_1 建_1 立_1 起_1 完_1 善_1 的_1 企_1 业_1 产_1 品_1 质_1 量_1 检_1 测_1 体_1 系_1 ，_1 确_1 保_1 产_1 品_1 符_1 合_1 国_1 家_1 一_1 级_1 标_1 准_1 ，_1 在_1 行_1 业_1 内_1 享_1 有_1 较_1 高_1 知_1 名_1 度_1 ，_1 深_1 受_1 新_1 老_1 客_1 户_1 的_1 信_1 赖_1 ，_1 我_1 们_1 还_1 提_1 供_1 技_1 术_1 指_1 导_1 ，_1 详_1 细_1 的_1 金_1 属_1 撕_1 碎_1 机_1 购_1 机_1 指_1 南_1 ，_1 使_1 用_1 注_1 意_1 事_1 项_1 ，_1 这_1 些_1 都_1 由_1 我_1 公_1 司_1 专_1 业_1 技_1 术_1 135_1 ##26_1 ##86_1 ##82_1 ##34_1 (_1 微_1 信_1 同_1 号_1 )_1 对_1 您_1 的_1 人_1 员_1 进_1 行_1 培_1 训_1 、_1 指_1 导_1 ，_1 让_1 您_1 免_1 去_1 后_1 顾_1 之_1 忧_1 。_1 [SEP]_1
2019-10-18 21:38:17,466 Token Sample: [CLS]_0 队_0 魂_0 再_0 战_0 一_0 年_0 !_0 热_0 火_0 官_0 方_0 宣_0 布_0 一_0 年_0 底_0 薪_0 续_0 约_0 哈_0 斯_0 勒_0 姆_0 __0 韩_0 讯_0 网_0 [SEP]_0 p_1 ._1 100_1 ._1 ._1 /_1 /_1 【_1 奔_1 驰_1 撞_1 飞_1 母_1 女_1 逃_1 逸_1 ，_1 女_1 童_1 满_1 脸_1 血_1 找_1 妈_1 】_1 7_1 月_1 16_1 日_1 ，_1 辽_1 宁_1 海_1 城_1 ，_1 一_1 奔_1 驰_1 车_1 撞_1 飞_1 过_1 马_1 路_1 的_1 母_1 女_1 后_1 逃_1 逸_1 。_1 母_1 亲_1 当_1 场_1 被_1 撞_1 身_1 亡_1 ，_1 3_1 岁_1 女_1 童_1 侥_1 幸_1 逃_1 脱_1 ，_1 坐_1 地_1 哭_1 喊_1 :_1 妈_1 妈_1 !_1 万_1 达_1 娱_1 乐_1 坦_1 率_1 地_1 讲_1 ，_1 大_1 学_1 生_1 缺_1 乏_1 人_1 生_1 历_1 练_1 和_1 资_1 源_1 积_1 累_1 ，_1 的_1 确_1 不_1 是_1 最_1 适_1 合_1 创_1 业_1 的_1 人_1 群_1 。_1 数_1 据_1 显_1 示_1 ，_1 成_1 功_1 创_1 业_1 的_1 人_1 群_1 大_1 多_1 在_1 30_1 岁_1 至_1 40_1 岁_1 。_1 现_1 阶_1 段_1 ，_1 中_1 国_1 还_1 没_1 有_1 真_1 正_1 培_1 养_1 综_1 合_1 型_1 创_1 业_1 创_1 新_1 人_1 才_1 的_1 大_1 学_1 ，_1 创_1 业_1 创_1 新_1 生_1 态_1 也_1 不_1 尽_1 完_1 善_1 ，_1 故_1 大_1 学_1 生_1 还_1 不_1 可_1 能_1 是_1 创_1 业_1 创_1 新_1 的_1 主_1 力_1 军_1 。_1 这_1 也_1 提_1 出_1 了_1 一_1 个_1 新_1 的_1 努_1 力_1 方_1 向_1 ，_1 即_1 在_1 大_1 学_1 培_1 育_1 学_1 生_1 的_1 创_1 业_1 创_1 新_1 技_1 能_1 和_1 精_1 神_1 ，_1 是_1 完_1 全_1 必_1 要_1 且_1 必_1 须_1 加_1 强_1 的_1 。_1 就_1 此_1 而_1 言_1 ，_1 当_1 创_1 业_1 创_1 新_1 主_1 体_1 从_1 [UNK]_1 外_1 生_1 移_1 民_1 [UNK]_1 转_1 向_1 [UNK]_1 内_1 生_1 人_1 才_1 [UNK]_1 时_1 ，_1 建_1 设_1 类_1 似_1 美_1 国_1 斯_1 坦_1 福_1 大_1 学_1 、_1 麻_1 省_1 理_1 工_1 学_1 院_1 和_1 以_1 色_1 列_1 [SEP]_1 党_1 的_1 十_1 八_1 大_1 以_1 来_1 ，_1 以_1 习_1 近_1 平_1 同_1 志_1 为_1 核_1 心_1 的_1 党_1 中_1 央_1 坚_1 持_1 以_1 上_1 率_1 下_1 ，_1 立_1 新_1 规_1 、_1 树_1 新_1 风_1 、_1 开_1 新_1 局_1 ，_1 推_1 动_1 党_1 的_1 建_1 设_1 取_1 得_1 重_1 大_1 历_1 史_1 性_1 成_1 就_1 。_1 实_1 践_1 证_1 明_1 ，_1 从_1 领_1 导_1 干_1 部_1 这_1 个_1 [UNK]_1 关_1 键_1 少_1 数_1 [UNK]_1 抓_1 起_1 ，_1 就_1 能_1 促_1 进_1 党_1 风_1 政_1 风_1 根_1 本_1 好_1 转_1 ，_1 营_1 造_1 良_1 好_1 的_1 政_1 治_1 生_1 态_1 。_1 作_1 风_1 整_1 顿_1 ，_1 就_1 要_1 坚_1 持_1 以_1 上_1 率_1 下_1 、_1 示_1 范_1 带_1 动_1 的_1 重_1 要_1 原_1 则_1 ，_1 从_1 省_1 直_1 机_1 关_1 开_1 始_1 ，_1 从_1 领_1 导_1 干_1 部_1 做_1 起_1 ，_1 带_1 头_1 查_1 摆_1 问_1 题_1 ，_1 从_1 小_1 事_1 改_1 起_1 ，_1 做_1 好_1 全_1 省_1 作_1 风_1 建_1 设_1 的_1 表_1 率_1 。_1 干_1 事_1 创_1 业_1 要_1 有_1 好_1 的_1 精_1 神_1 状_1 态_1 ，_1 要_1 用_1 干_1 部_1 工_1 作_1 新_1 理_1 念_1 指_1 导_1 作_1 风_1 整_1 [SEP]_1
2019-10-18 21:38:26,145 seed everything and create model
2019-10-18 21:43:50,923 step 500 train loss: 0.6721
2019-10-18 21:43:50,924 step 500 score: 0.7051
2019-10-18 21:49:07,707 step 1000 train loss: 0.4474
2019-10-18 21:49:07,707 step 1000 score: 0.7654
2019-10-18 21:54:24,479 step 1500 train loss: 0.4532
2019-10-18 21:54:24,479 step 1500 score: 0.7517
2019-10-18 21:59:41,304 step 2000 train loss: 0.3947
2019-10-18 21:59:41,305 step 2000 score: 0.7643
2019-10-18 22:05:20,267 step 2500 train loss: 0.4110
2019-10-18 22:05:20,268 step 2500 score: 0.7624
2019-10-18 22:10:37,029 step 3000 train loss: 0.3777
2019-10-18 22:10:37,029 step 3000 score: 0.7689
2019-10-18 22:15:53,741 step 3500 train loss: 0.2677
2019-10-18 22:15:53,741 step 3500 score: 0.7709
2019-10-18 22:21:12,389 step 4000 train loss: 0.2745
2019-10-18 22:21:12,389 step 4000 score: 0.7596
2019-10-18 22:26:30,993 step 4500 train loss: 0.3026
2019-10-18 22:26:30,993 step 4500 score: 0.7597
