2019-10-26 14:31:41,388 log_in_file: True
2019-10-26 14:31:41,389 lm_path: /home/wangzl/PretrainedLM/BERT/New/chinese_wwm_ext_pytorch
2019-10-26 14:31:41,389 lm_type: bert
2019-10-26 14:31:41,389 data_path: ../data/
2019-10-26 14:31:41,389 usegpu: True
2019-10-26 14:31:41,389 n_fold: 5
2019-10-26 14:31:41,389 total_step: 3000
2019-10-26 14:31:41,389 eval_every: 300
2019-10-26 14:31:41,389 early_stop: 4
2019-10-26 14:31:41,389 max_length: 510
2019-10-26 14:31:41,389 max_title_rate: 0.125
2019-10-26 14:31:41,389 content_head_rate: 0.6
2019-10-26 14:31:41,389 batch_size: 8
2019-10-26 14:31:41,389 lr_scheduler_type: linear
2019-10-26 14:31:41,389 input_pattern: head+tail+fixed
2019-10-26 14:31:41,389 clean_method: space+notzh
2019-10-26 14:31:41,389 warmup_rate: 0.1
2019-10-26 14:31:41,389 classifier_dropout: 0.3
2019-10-26 14:31:41,389 classifier_active: tanh
2019-10-26 14:31:41,389 seed: 23
2019-10-26 14:31:41,389 lr: 2e-05
2019-10-26 14:31:41,389 lr_decay_in_layers: 0.95
2019-10-26 14:31:41,389 wd_decay_in_layers: 1.0
2019-10-26 14:31:41,389 weight_decay: 0.01
2019-10-26 14:31:41,406 padding token is 0
2019-10-26 14:32:07,960 Token Sample: [CLS]_0 低_0 价_0 转_0 让_0 烧_0 烤_0 摊_0 位_0 ！_0 ！_0 ！_0 ！_0 ！_0 [PAD]_0 [PAD]_0 [PAD]_0 [PAD]_0 [PAD]_0 [PAD]_0 [PAD]_0 [PAD]_0 [PAD]_0 [PAD]_0 [PAD]_0 [PAD]_0 [PAD]_0 [PAD]_0 [PAD]_0 [PAD]_0 [PAD]_0 [PAD]_0 [PAD]_0 [PAD]_0 [PAD]_0 [PAD]_0 [PAD]_0 [PAD]_0 [PAD]_0 [PAD]_0 [PAD]_0 [PAD]_0 [PAD]_0 [PAD]_0 [PAD]_0 [PAD]_0 [PAD]_0 [PAD]_0 [PAD]_0 [PAD]_0 [PAD]_0 [PAD]_0 [PAD]_0 [PAD]_0 [PAD]_0 [PAD]_0 [PAD]_0 [PAD]_0 [PAD]_0 [PAD]_0 [PAD]_0 [PAD]_0 [PAD]_0 [PAD]_0 [PAD]_0 [SEP]_0 天_1 祥_1 路_1 光_1 大_1 银_1 行_1 门_1 口_1 海_1 鲜_1 烧_1 烤_1 大_1 排_1 档_1 低_1 价_1 转_1 让_1 转_1 让_1 包_1 括_1 两_1 台_1 三_1 轮_1 电_1 动_1 车_1 冰_1 箱_1 城_1 管_1 占_1 地_1 费_1 海_1 鲜_1 烧_1 烤_1 设_1 备_1 齐_1 全_1 接_1 手_1 可_1 盈_1 利_1 联_1 系_1 电_1 话_1 [PAD]_1 [PAD]_1 [PAD]_1 [PAD]_1 [PAD]_1 [PAD]_1 [PAD]_1 [PAD]_1 [PAD]_1 [PAD]_1 [PAD]_1 [PAD]_1 [PAD]_1 [PAD]_1 [PAD]_1 [PAD]_1 [PAD]_1 [PAD]_1 [PAD]_1 [PAD]_1 [PAD]_1 [PAD]_1 [PAD]_1 [PAD]_1 [PAD]_1 [PAD]_1 [PAD]_1 [PAD]_1 [PAD]_1 [PAD]_1 [PAD]_1 [PAD]_1 [PAD]_1 [PAD]_1 [PAD]_1 [PAD]_1 [PAD]_1 [PAD]_1 [PAD]_1 [PAD]_1 [PAD]_1 [PAD]_1 [PAD]_1 [PAD]_1 [PAD]_1 [PAD]_1 [PAD]_1 [PAD]_1 [PAD]_1 [PAD]_1 [PAD]_1 [PAD]_1 [PAD]_1 [PAD]_1 [PAD]_1 [PAD]_1 [PAD]_1 [PAD]_1 [PAD]_1 [PAD]_1 [PAD]_1 [PAD]_1 [PAD]_1 [PAD]_1 [PAD]_1 [PAD]_1 [PAD]_1 [PAD]_1 [PAD]_1 [PAD]_1 [PAD]_1 [PAD]_1 [PAD]_1 [PAD]_1 [PAD]_1 [PAD]_1 [PAD]_1 [PAD]_1 [PAD]_1 [PAD]_1 [PAD]_1 [PAD]_1 [PAD]_1 [PAD]_1 [PAD]_1 [PAD]_1 [PAD]_1 [PAD]_1 [PAD]_1 [PAD]_1 [PAD]_1 [PAD]_1 [PAD]_1 [PAD]_1 [PAD]_1 [PAD]_1 [PAD]_1 [PAD]_1 [PAD]_1 [PAD]_1 [PAD]_1 [PAD]_1 [PAD]_1 [PAD]_1 [PAD]_1 [PAD]_1 [PAD]_1 [PAD]_1 [PAD]_1 [PAD]_1 [PAD]_1 [PAD]_1 [PAD]_1 [PAD]_1 [PAD]_1 [PAD]_1 [PAD]_1 [PAD]_1 [PAD]_1 [PAD]_1 [PAD]_1 [PAD]_1 [PAD]_1 [PAD]_1 [PAD]_1 [PAD]_1 [PAD]_1 [PAD]_1 [PAD]_1 [PAD]_1 [PAD]_1 [PAD]_1 [PAD]_1 [PAD]_1 [PAD]_1 [PAD]_1 [PAD]_1 [PAD]_1 [PAD]_1 [PAD]_1 [PAD]_1 [PAD]_1 [PAD]_1 [PAD]_1 [PAD]_1 [PAD]_1 [PAD]_1 [PAD]_1 [PAD]_1 [PAD]_1 [PAD]_1 [PAD]_1 [PAD]_1 [PAD]_1 [PAD]_1 [PAD]_1 [PAD]_1 [PAD]_1 [PAD]_1 [PAD]_1 [PAD]_1 [PAD]_1 [PAD]_1 [PAD]_1 [PAD]_1 [PAD]_1 [PAD]_1 [PAD]_1 [PAD]_1 [PAD]_1 [PAD]_1 [PAD]_1 [PAD]_1 [PAD]_1 [PAD]_1 [PAD]_1 [PAD]_1 [PAD]_1 [PAD]_1 [PAD]_1 [PAD]_1 [PAD]_1 [PAD]_1 [PAD]_1 [PAD]_1 [PAD]_1 [PAD]_1 [PAD]_1 [PAD]_1 [PAD]_1 [PAD]_1 [PAD]_1 [PAD]_1 [PAD]_1 [PAD]_1 [PAD]_1 [PAD]_1 [PAD]_1 [PAD]_1 [PAD]_1 [PAD]_1 [PAD]_1 [PAD]_1 [PAD]_1 [PAD]_1 [PAD]_1 [PAD]_1 [PAD]_1 [PAD]_1 [PAD]_1 [PAD]_1 [PAD]_1 [PAD]_1 [SEP]_1 [PAD]_1 [PAD]_1 [PAD]_1 [PAD]_1 [PAD]_1 [PAD]_1 [PAD]_1 [PAD]_1 [PAD]_1 [PAD]_1 [PAD]_1 [PAD]_1 [PAD]_1 [PAD]_1 [PAD]_1 [PAD]_1 [PAD]_1 [PAD]_1 [PAD]_1 [PAD]_1 [PAD]_1 [PAD]_1 [PAD]_1 [PAD]_1 [PAD]_1 [PAD]_1 [PAD]_1 [PAD]_1 [PAD]_1 [PAD]_1 [PAD]_1 [PAD]_1 [PAD]_1 [PAD]_1 [PAD]_1 [PAD]_1 [PAD]_1 [PAD]_1 [PAD]_1 [PAD]_1 [PAD]_1 [PAD]_1 [PAD]_1 [PAD]_1 [PAD]_1 [PAD]_1 [PAD]_1 [PAD]_1 [PAD]_1 [PAD]_1 [PAD]_1 [PAD]_1 [PAD]_1 [PAD]_1 [PAD]_1 [PAD]_1 [PAD]_1 [PAD]_1 [PAD]_1 [PAD]_1 [PAD]_1 [PAD]_1 [PAD]_1 [PAD]_1 [PAD]_1 [PAD]_1 [PAD]_1 [PAD]_1 [PAD]_1 [PAD]_1 [PAD]_1 [PAD]_1 [PAD]_1 [PAD]_1 [PAD]_1 [PAD]_1 [PAD]_1 [PAD]_1 [PAD]_1 [PAD]_1 [PAD]_1 [PAD]_1 [PAD]_1 [PAD]_1 [PAD]_1 [PAD]_1 [PAD]_1 [PAD]_1 [PAD]_1 [PAD]_1 [PAD]_1 [PAD]_1 [PAD]_1 [PAD]_1 [PAD]_1 [PAD]_1 [PAD]_1 [PAD]_1 [PAD]_1 [PAD]_1 [PAD]_1 [PAD]_1 [PAD]_1 [PAD]_1 [PAD]_1 [PAD]_1 [PAD]_1 [PAD]_1 [PAD]_1 [PAD]_1 [PAD]_1 [PAD]_1 [PAD]_1 [PAD]_1 [PAD]_1 [PAD]_1 [PAD]_1 [PAD]_1 [PAD]_1 天_1 祥_1 路_1 光_1 大_1 银_1 行_1 门_1 口_1 海_1 鲜_1 烧_1 烤_1 大_1 排_1 档_1 低_1 价_1 转_1 让_1 转_1 让_1 包_1 括_1 两_1 台_1 三_1 轮_1 电_1 动_1 车_1 冰_1 箱_1 城_1 管_1 占_1 地_1 费_1 海_1 鲜_1 烧_1 烤_1 设_1 备_1 齐_1 全_1 接_1 手_1 可_1 盈_1 利_1 联_1 系_1 电_1 话_1 [SEP]_1
2019-10-26 14:32:25,672 Token Sample: [CLS]_0 装_0 修_0 工_0 人_0 竟_0 潜_0 回_0 别_0 墅_0 盗_0 [UNK]_0 东_0 家_0 [UNK]_0 [PAD]_0 [PAD]_0 [PAD]_0 [PAD]_0 [PAD]_0 [PAD]_0 [PAD]_0 [PAD]_0 [PAD]_0 [PAD]_0 [PAD]_0 [PAD]_0 [PAD]_0 [PAD]_0 [PAD]_0 [PAD]_0 [PAD]_0 [PAD]_0 [PAD]_0 [PAD]_0 [PAD]_0 [PAD]_0 [PAD]_0 [PAD]_0 [PAD]_0 [PAD]_0 [PAD]_0 [PAD]_0 [PAD]_0 [PAD]_0 [PAD]_0 [PAD]_0 [PAD]_0 [PAD]_0 [PAD]_0 [PAD]_0 [PAD]_0 [PAD]_0 [PAD]_0 [PAD]_0 [PAD]_0 [PAD]_0 [PAD]_0 [PAD]_0 [PAD]_0 [PAD]_0 [PAD]_0 [PAD]_0 [PAD]_0 [PAD]_0 [SEP]_0 摘_1 要_1 :_1 2_1 月_1 24_1 日_1 上_1 午_1 ，_1 石_1 家_1 庄_1 市_1 鹿_1 泉_1 区_1 龙_1 凤_1 湖_1 某_1 别_1 墅_1 区_1 ，_1 物_1 业_1 公_1 司_1 的_1 负_1 责_1 人_1 手_1 捧_1 一_1 面_1 绣_1 有_1 [UNK]_1 保_1 一_1 方_1 平_1 安_1 护_1 万_1 家_1 团_1 圆_1 [UNK]_1 大_1 字_1 的_1 锦_1 旗_1 ，_1 送_1 到_1 石_1 家_1 庄_1 市_1 鹿_1 泉_1 区_1 公_1 安_1 局_1 寺_1 家_1 庄_1 刑_1 警_1 中_1 队_1 民_1 警_1 的_1 手_1 中_1 。_1 感_1 谢_1 民_1 警_1 破_1 获_1 入_1 室_1 盗_1 窃_1 案_1 ，_1 追_1 回_1 居_1 民_1 被_1 盗_1 黄_1 金_1 首_1 饰_1 、_1 玉_1 器_1 、_1 名_1 酒_1 等_1 赃_1 物_1 若_1 干_1 。_1 之_1 前_1 ，_1 栾_1 城_1 区_1 的_1 一_1 名_1 男_1 子_1 潜_1 回_1 以_1 前_1 干_1 装_1 修_1 的_1 两_1 个_1 别_1 墅_1 区_1 ，_1 趁_1 主_1 人_1 没_1 在_1 ，_1 入_1 室_1 盗_1 窃_1 多_1 起_1 ，_1 最_1 终_1 ，_1 鹿_1 泉_1 警_1 方_1 顺_1 藤_1 摸_1 瓜_1 将_1 嫌_1 疑_1 人_1 抓_1 获_1 后_1 刑_1 拘_1 。_1 2_1 月_1 24_1 日_1 上_1 午_1 ，_1 石_1 家_1 庄_1 市_1 鹿_1 泉_1 区_1 龙_1 凤_1 湖_1 某_1 别_1 墅_1 区_1 ，_1 物_1 业_1 公_1 司_1 的_1 负_1 责_1 人_1 手_1 捧_1 一_1 面_1 绣_1 有_1 [UNK]_1 保_1 一_1 方_1 平_1 安_1 护_1 万_1 家_1 团_1 圆_1 [UNK]_1 大_1 字_1 的_1 锦_1 旗_1 ，_1 送_1 到_1 石_1 家_1 庄_1 市_1 鹿_1 泉_1 区_1 公_1 安_1 局_1 寺_1 家_1 庄_1 刑_1 警_1 中_1 队_1 民_1 警_1 的_1 手_1 中_1 。_1 感_1 谢_1 民_1 警_1 破_1 获_1 入_1 室_1 盗_1 窃_1 案_1 ，_1 追_1 回_1 [SEP]_1 钞_1 票_1 、_1 纪_1 念_1 币_1 等_1 赃_1 物_1 。_1 犯_1 罪_1 嫌_1 疑_1 人_1 李_1 某_1 (_1 男_1 ，_1 33_1 岁_1 ，_1 石_1 家_1 庄_1 市_1 栾_1 城_1 区_1 人_1 )_1 供_1 述_1 ，_1 自_1 2018_1 年_1 8_1 月_1 份_1 以_1 来_1 ，_1 他_1 在_1 龙_1 凤_1 湖_1 某_1 别_1 墅_1 区_1 三_1 次_1 入_1 室_1 盗_1 窃_1 ，_1 在_1 另_1 一_1 别_1 墅_1 区_1 入_1 室_1 盗_1 窃_1 一_1 次_1 。_1 李_1 某_1 交_1 代_1 ，_1 两_1 年_1 前_1 ，_1 他_1 曾_1 经_1 在_1 这_1 两_1 个_1 别_1 墅_1 区_1 干_1 过_1 室_1 内_1 装_1 修_1 ，_1 对_1 别_1 墅_1 区_1 内_1 部_1 环_1 境_1 非_1 常_1 熟_1 悉_1 ，_1 也_1 知_1 道_1 部_1 分_1 业_1 主_1 不_1 常_1 住_1 。_1 盗_1 窃_1 当_1 天_1 ，_1 他_1 在_1 进_1 入_1 别_1 墅_1 区_1 大_1 门_1 时_1 ，_1 打_1 着_1 干_1 装_1 修_1 的_1 幌_1 子_1 ，_1 把_1 车_1 开_1 进_1 别_1 墅_1 区_1 ，_1 踩_1 点_1 之_1 后_1 ，_1 发_1 现_1 业_1 主_1 不_1 在_1 家_1 就_1 伺_1 机_1 作_1 案_1 。_1 [SEP]_1
2019-10-26 14:32:50,354 Token Sample: [CLS]_0 河_0 北_0 省_0 邢_0 台_0 市_0 柏_0 乡_0 县_0 人_0 民_0 法_0 院_0 窝_0 藏_0 包_0 庇_0 犯_0 罪_0 不_0 作_0 为_0 [PAD]_0 [PAD]_0 [PAD]_0 [PAD]_0 [PAD]_0 [PAD]_0 [PAD]_0 [PAD]_0 [PAD]_0 [PAD]_0 [PAD]_0 [PAD]_0 [PAD]_0 [PAD]_0 [PAD]_0 [PAD]_0 [PAD]_0 [PAD]_0 [PAD]_0 [PAD]_0 [PAD]_0 [PAD]_0 [PAD]_0 [PAD]_0 [PAD]_0 [PAD]_0 [PAD]_0 [PAD]_0 [PAD]_0 [PAD]_0 [PAD]_0 [PAD]_0 [PAD]_0 [PAD]_0 [PAD]_0 [PAD]_0 [PAD]_0 [PAD]_0 [PAD]_0 [PAD]_0 [PAD]_0 [PAD]_0 [SEP]_0 河_1 北_1 省_1 邢_1 台_1 市_1 柏_1 乡_1 县_1 人_1 民_1 法_1 院_1 窝_1 藏_1 包_1 庇_1 犯_1 罪_1 不_1 作_1 为_1 [PAD]_1 [PAD]_1 [PAD]_1 [PAD]_1 [PAD]_1 [PAD]_1 [PAD]_1 [PAD]_1 [PAD]_1 [PAD]_1 [PAD]_1 [PAD]_1 [PAD]_1 [PAD]_1 [PAD]_1 [PAD]_1 [PAD]_1 [PAD]_1 [PAD]_1 [PAD]_1 [PAD]_1 [PAD]_1 [PAD]_1 [PAD]_1 [PAD]_1 [PAD]_1 [PAD]_1 [PAD]_1 [PAD]_1 [PAD]_1 [PAD]_1 [PAD]_1 [PAD]_1 [PAD]_1 [PAD]_1 [PAD]_1 [PAD]_1 [PAD]_1 [PAD]_1 [PAD]_1 [PAD]_1 [PAD]_1 [PAD]_1 [PAD]_1 [PAD]_1 [PAD]_1 [PAD]_1 [PAD]_1 [PAD]_1 [PAD]_1 [PAD]_1 [PAD]_1 [PAD]_1 [PAD]_1 [PAD]_1 [PAD]_1 [PAD]_1 [PAD]_1 [PAD]_1 [PAD]_1 [PAD]_1 [PAD]_1 [PAD]_1 [PAD]_1 [PAD]_1 [PAD]_1 [PAD]_1 [PAD]_1 [PAD]_1 [PAD]_1 [PAD]_1 [PAD]_1 [PAD]_1 [PAD]_1 [PAD]_1 [PAD]_1 [PAD]_1 [PAD]_1 [PAD]_1 [PAD]_1 [PAD]_1 [PAD]_1 [PAD]_1 [PAD]_1 [PAD]_1 [PAD]_1 [PAD]_1 [PAD]_1 [PAD]_1 [PAD]_1 [PAD]_1 [PAD]_1 [PAD]_1 [PAD]_1 [PAD]_1 [PAD]_1 [PAD]_1 [PAD]_1 [PAD]_1 [PAD]_1 [PAD]_1 [PAD]_1 [PAD]_1 [PAD]_1 [PAD]_1 [PAD]_1 [PAD]_1 [PAD]_1 [PAD]_1 [PAD]_1 [PAD]_1 [PAD]_1 [PAD]_1 [PAD]_1 [PAD]_1 [PAD]_1 [PAD]_1 [PAD]_1 [PAD]_1 [PAD]_1 [PAD]_1 [PAD]_1 [PAD]_1 [PAD]_1 [PAD]_1 [PAD]_1 [PAD]_1 [PAD]_1 [PAD]_1 [PAD]_1 [PAD]_1 [PAD]_1 [PAD]_1 [PAD]_1 [PAD]_1 [PAD]_1 [PAD]_1 [PAD]_1 [PAD]_1 [PAD]_1 [PAD]_1 [PAD]_1 [PAD]_1 [PAD]_1 [PAD]_1 [PAD]_1 [PAD]_1 [PAD]_1 [PAD]_1 [PAD]_1 [PAD]_1 [PAD]_1 [PAD]_1 [PAD]_1 [PAD]_1 [PAD]_1 [PAD]_1 [PAD]_1 [PAD]_1 [PAD]_1 [PAD]_1 [PAD]_1 [PAD]_1 [PAD]_1 [PAD]_1 [PAD]_1 [PAD]_1 [PAD]_1 [PAD]_1 [PAD]_1 [PAD]_1 [PAD]_1 [PAD]_1 [PAD]_1 [PAD]_1 [PAD]_1 [PAD]_1 [PAD]_1 [PAD]_1 [PAD]_1 [PAD]_1 [PAD]_1 [PAD]_1 [PAD]_1 [PAD]_1 [PAD]_1 [PAD]_1 [PAD]_1 [PAD]_1 [PAD]_1 [PAD]_1 [PAD]_1 [PAD]_1 [PAD]_1 [PAD]_1 [PAD]_1 [PAD]_1 [PAD]_1 [PAD]_1 [PAD]_1 [PAD]_1 [PAD]_1 [PAD]_1 [PAD]_1 [PAD]_1 [PAD]_1 [PAD]_1 [PAD]_1 [PAD]_1 [PAD]_1 [PAD]_1 [PAD]_1 [PAD]_1 [PAD]_1 [PAD]_1 [PAD]_1 [PAD]_1 [PAD]_1 [PAD]_1 [PAD]_1 [PAD]_1 [PAD]_1 [PAD]_1 [PAD]_1 [PAD]_1 [PAD]_1 [PAD]_1 [PAD]_1 [PAD]_1 [PAD]_1 [PAD]_1 [PAD]_1 [PAD]_1 [PAD]_1 [PAD]_1 [PAD]_1 [PAD]_1 [PAD]_1 [PAD]_1 [PAD]_1 [PAD]_1 [PAD]_1 [PAD]_1 [PAD]_1 [PAD]_1 [PAD]_1 [SEP]_1 [PAD]_1 [PAD]_1 [PAD]_1 [PAD]_1 [PAD]_1 [PAD]_1 [PAD]_1 [PAD]_1 [PAD]_1 [PAD]_1 [PAD]_1 [PAD]_1 [PAD]_1 [PAD]_1 [PAD]_1 [PAD]_1 [PAD]_1 [PAD]_1 [PAD]_1 [PAD]_1 [PAD]_1 [PAD]_1 [PAD]_1 [PAD]_1 [PAD]_1 [PAD]_1 [PAD]_1 [PAD]_1 [PAD]_1 [PAD]_1 [PAD]_1 [PAD]_1 [PAD]_1 [PAD]_1 [PAD]_1 [PAD]_1 [PAD]_1 [PAD]_1 [PAD]_1 [PAD]_1 [PAD]_1 [PAD]_1 [PAD]_1 [PAD]_1 [PAD]_1 [PAD]_1 [PAD]_1 [PAD]_1 [PAD]_1 [PAD]_1 [PAD]_1 [PAD]_1 [PAD]_1 [PAD]_1 [PAD]_1 [PAD]_1 [PAD]_1 [PAD]_1 [PAD]_1 [PAD]_1 [PAD]_1 [PAD]_1 [PAD]_1 [PAD]_1 [PAD]_1 [PAD]_1 [PAD]_1 [PAD]_1 [PAD]_1 [PAD]_1 [PAD]_1 [PAD]_1 [PAD]_1 [PAD]_1 [PAD]_1 [PAD]_1 [PAD]_1 [PAD]_1 [PAD]_1 [PAD]_1 [PAD]_1 [PAD]_1 [PAD]_1 [PAD]_1 [PAD]_1 [PAD]_1 [PAD]_1 [PAD]_1 [PAD]_1 [PAD]_1 [PAD]_1 [PAD]_1 [PAD]_1 [PAD]_1 [PAD]_1 [PAD]_1 [PAD]_1 [PAD]_1 [PAD]_1 [PAD]_1 [PAD]_1 [PAD]_1 [PAD]_1 [PAD]_1 [PAD]_1 [PAD]_1 [PAD]_1 [PAD]_1 [PAD]_1 [PAD]_1 [PAD]_1 [PAD]_1 [PAD]_1 [PAD]_1 [PAD]_1 [PAD]_1 [PAD]_1 [PAD]_1 [PAD]_1 [PAD]_1 [PAD]_1 [PAD]_1 [PAD]_1 [PAD]_1 [PAD]_1 [PAD]_1 [PAD]_1 [PAD]_1 [PAD]_1 [PAD]_1 [PAD]_1 [PAD]_1 [PAD]_1 [PAD]_1 [PAD]_1 [PAD]_1 [PAD]_1 [PAD]_1 [PAD]_1 [PAD]_1 [PAD]_1 [PAD]_1 [PAD]_1 [PAD]_1 [PAD]_1 [PAD]_1 [PAD]_1 [PAD]_1 [PAD]_1 [PAD]_1 [PAD]_1 [PAD]_1 河_1 北_1 省_1 邢_1 台_1 市_1 柏_1 乡_1 县_1 人_1 民_1 法_1 院_1 窝_1 藏_1 包_1 庇_1 犯_1 罪_1 不_1 作_1 为_1 [SEP]_1
2019-10-26 14:33:09,658 Token Sample: [CLS]_0 可_0 怕_0 ！_0 海_0 口_0 街_0 头_0 一_0 私_0 家_0 车_0 着_0 火_0 前_0 车_0 盖_0 猛_0 烈_0 燃_0 烧_0 [PAD]_0 [PAD]_0 [PAD]_0 [PAD]_0 [PAD]_0 [PAD]_0 [PAD]_0 [PAD]_0 [PAD]_0 [PAD]_0 [PAD]_0 [PAD]_0 [PAD]_0 [PAD]_0 [PAD]_0 [PAD]_0 [PAD]_0 [PAD]_0 [PAD]_0 [PAD]_0 [PAD]_0 [PAD]_0 [PAD]_0 [PAD]_0 [PAD]_0 [PAD]_0 [PAD]_0 [PAD]_0 [PAD]_0 [PAD]_0 [PAD]_0 [PAD]_0 [PAD]_0 [PAD]_0 [PAD]_0 [PAD]_0 [PAD]_0 [PAD]_0 [PAD]_0 [PAD]_0 [PAD]_0 [PAD]_0 [PAD]_0 [PAD]_0 [SEP]_0 海_1 口_1 街_1 头_1 一_1 来_1 源_1 ：_1 椰_1 网_1 作_1 者_1 ：_1 李_1 兴_1 民_1 通_1 讯_1 员_1 潘_1 伟_1 时_1 间_1 月_1 12_1 日_1 21_1 时_1 28_1 分_1 ，_1 龙_1 华_1 消_1 防_1 大_1 队_1 接_1 到_1 指_1 挥_1 中_1 心_1 调_1 度_1 ，_1 位_1 于_1 海_1 口_1 市_1 龙_1 华_1 区_1 迎_1 宾_1 大_1 道_1 总_1 队_1 培_1 训_1 基_1 地_1 对_1 面_1 一_1 辆_1 私_1 家_1 车_1 着_1 火_1 ，_1 山_1 高_1 村_1 小_1 型_1 消_1 防_1 站_1 接_1 到_1 调_1 度_1 指_1 令_1 马_1 上_1 出_1 动_1 ，_1 及_1 时_1 扑_1 灭_1 了_1 这_1 起_1 火_1 灾_1 。_1 下_1 一_1 图_1 集_1 月_1 12_1 日_1 21_1 时_1 28_1 分_1 ，_1 龙_1 华_1 消_1 防_1 大_1 队_1 接_1 到_1 指_1 挥_1 中_1 心_1 调_1 度_1 ，_1 位_1 于_1 海_1 口_1 市_1 龙_1 华_1 区_1 迎_1 宾_1 大_1 道_1 总_1 队_1 培_1 训_1 基_1 地_1 对_1 面_1 一_1 辆_1 私_1 家_1 车_1 着_1 火_1 ，_1 山_1 高_1 村_1 小_1 型_1 消_1 防_1 站_1 接_1 到_1 调_1 度_1 指_1 令_1 马_1 上_1 出_1 动_1 ，_1 及_1 时_1 扑_1 灭_1 了_1 这_1 起_1 火_1 灾_1 。_1 月_1 12_1 日_1 21_1 时_1 28_1 分_1 ，_1 龙_1 华_1 消_1 防_1 大_1 队_1 接_1 到_1 指_1 挥_1 中_1 心_1 调_1 度_1 ，_1 位_1 于_1 海_1 口_1 市_1 龙_1 华_1 区_1 迎_1 宾_1 大_1 道_1 总_1 队_1 培_1 训_1 基_1 地_1 对_1 面_1 一_1 辆_1 私_1 家_1 车_1 着_1 火_1 ，_1 山_1 高_1 村_1 小_1 型_1 消_1 防_1 站_1 接_1 到_1 调_1 度_1 指_1 令_1 马_1 上_1 出_1 动_1 ，_1 及_1 时_1 扑_1 灭_1 了_1 这_1 起_1 火_1 灾_1 。_1 [PAD]_1 [SEP]_1 及_1 时_1 扑_1 灭_1 了_1 这_1 起_1 火_1 灾_1 。_1 下_1 一_1 图_1 集_1 月_1 12_1 日_1 21_1 时_1 28_1 分_1 ，_1 龙_1 华_1 消_1 防_1 大_1 队_1 接_1 到_1 指_1 挥_1 中_1 心_1 调_1 度_1 ，_1 位_1 于_1 海_1 口_1 市_1 龙_1 华_1 区_1 迎_1 宾_1 大_1 道_1 总_1 队_1 培_1 训_1 基_1 地_1 对_1 面_1 一_1 辆_1 私_1 家_1 车_1 着_1 火_1 ，_1 山_1 高_1 村_1 小_1 型_1 消_1 防_1 站_1 接_1 到_1 调_1 度_1 指_1 令_1 马_1 上_1 出_1 动_1 ，_1 及_1 时_1 扑_1 灭_1 了_1 这_1 起_1 火_1 灾_1 。_1 月_1 12_1 日_1 21_1 时_1 28_1 分_1 ，_1 龙_1 华_1 消_1 防_1 大_1 队_1 接_1 到_1 指_1 挥_1 中_1 心_1 调_1 度_1 ，_1 位_1 于_1 海_1 口_1 市_1 龙_1 华_1 区_1 迎_1 宾_1 大_1 道_1 总_1 队_1 培_1 训_1 基_1 地_1 对_1 面_1 一_1 辆_1 私_1 家_1 车_1 着_1 火_1 ，_1 山_1 高_1 村_1 小_1 型_1 消_1 防_1 站_1 接_1 到_1 调_1 度_1 指_1 令_1 马_1 上_1 出_1 动_1 ，_1 及_1 时_1 扑_1 灭_1 了_1 这_1 起_1 火_1 灾_1 。_1 [SEP]_1
2019-10-26 14:33:16,843 seed everything and create model
2019-10-26 14:36:05,946 step 300 train loss: 0.6292
2019-10-26 14:36:05,946 step 300 score: 0.7355
2019-10-26 14:38:49,595 step 600 train loss: 0.4655
2019-10-26 14:38:49,595 step 600 score: 0.7824
2019-10-26 14:41:33,259 step 900 train loss: 0.3809
2019-10-26 14:41:33,259 step 900 score: 0.7714
2019-10-26 14:44:16,907 step 1200 train loss: 0.3651
2019-10-26 14:44:16,907 step 1200 score: 0.7762
2019-10-26 14:47:00,540 step 1500 train loss: 0.3474
2019-10-26 14:47:00,541 step 1500 score: 0.7860
2019-10-26 14:49:44,190 step 1800 train loss: 0.2897
2019-10-26 14:49:44,190 step 1800 score: 0.7860
2019-10-26 14:52:27,831 step 2100 train loss: 0.2786
2019-10-26 14:52:27,831 step 2100 score: 0.7750
2019-10-26 14:55:11,470 step 2400 train loss: 0.2734
2019-10-26 14:55:11,471 step 2400 score: 0.7664
2019-10-26 14:57:55,101 step 2700 train loss: 0.2293
2019-10-26 14:57:55,101 step 2700 score: 0.7822
2019-10-26 15:00:38,741 step 3000 train loss: 0.2280
2019-10-26 15:00:38,741 step 3000 score: 0.7837
2019-10-26 15:00:38,741 best score is 0.7860
2019-10-26 15:05:25,573 step 300 train loss: 0.7087
2019-10-26 15:05:25,573 step 300 score: 0.6653
2019-10-26 15:08:09,226 step 600 train loss: 0.5074
2019-10-26 15:08:09,226 step 600 score: 0.7723
2019-10-26 15:10:52,873 step 900 train loss: 0.4210
2019-10-26 15:10:52,874 step 900 score: 0.7897
2019-10-26 15:13:36,527 step 1200 train loss: 0.3931
2019-10-26 15:13:36,527 step 1200 score: 0.7966
