2019-10-25 12:51:36,300 log_in_file: True
2019-10-25 12:51:36,300 lm_path: /home/wangzl/PretrainedLM/BERT/New/chinese_wwm_ext_pytorch
2019-10-25 12:51:36,300 lm_type: bert
2019-10-25 12:51:36,300 data_path: ../data/
2019-10-25 12:51:36,300 usegpu: True
2019-10-25 12:51:36,300 total_step: 1500
2019-10-25 12:51:36,300 eval_every: 150
2019-10-25 12:51:36,300 early_stop: 4
2019-10-25 12:51:36,300 max_length: 360
2019-10-25 12:51:36,301 max_title_rate: 0.125
2019-10-25 12:51:36,301 content_head_rate: 0.6
2019-10-25 12:51:36,301 batch_size: 16
2019-10-25 12:51:36,301 lr_scheduler_type: linear
2019-10-25 12:51:36,301 input_pattern: head+tail+fixed
2019-10-25 12:51:36,301 clean_method: space+notzh
2019-10-25 12:51:36,301 warmup_rate: 0.1
2019-10-25 12:51:36,301 classifier_dropout: 0.3
2019-10-25 12:51:36,301 classifier_active: relu
2019-10-25 12:51:36,301 cache_final_model: False
2019-10-25 12:51:36,301 seed: 23
2019-10-25 12:51:36,301 lr: 2e-05
2019-10-25 12:51:36,301 lr_decay_in_layers: 0.95
2019-10-25 12:51:36,301 wd_decay_in_layers: 1.0
2019-10-25 12:51:36,301 weight_decay: 0.01
2019-10-25 12:51:36,317 padding token is 0
2019-10-25 12:52:05,684 Token Sample: [CLS]_0 渭_0 源_0 县_0 公_0 安_0 局_0 交_0 警_0 大_0 队_0 全_0 力_0 保_0 障_0 [UNK]_0 首_0 阳_0 山_0 [UNK]_0 采_0 薇_0 会_0 伯_0 夷_0 叔_0 齐_0 祭_0 祀_0 典_0 礼_0 期_0 间_0 道_0 路_0 交_0 通_0 安_0 全_0 [PAD]_0 [PAD]_0 [PAD]_0 [PAD]_0 [PAD]_0 [PAD]_0 [PAD]_0 [SEP]_0 5_1 月_1 22_1 日_1 ，_1 渭_1 源_1 县_1 莲_1 峰_1 镇_1 [UNK]_1 首_1 阳_1 山_1 [UNK]_1 举_1 办_1 采_1 薇_1 会_1 伯_1 夷_1 叔_1 齐_1 祭_1 祀_1 典_1 礼_1 ，_1 期_1 间_1 ，_1 人_1 流_1 车_1 流_1 剧_1 增_1 ，_1 为_1 全_1 力_1 确_1 保_1 各_1 项_1 祭_1 祀_1 活_1 动_1 的_1 顺_1 利_1 进_1 行_1 ，_1 保_1 障_1 道_1 路_1 交_1 通_1 秩_1 序_1 安_1 全_1 有_1 序_1 ，_1 渭_1 源_1 县_1 公_1 安_1 局_1 交_1 警_1 大_1 队_1 提_1 前_1 谋_1 划_1 ，_1 周_1 密_1 部_1 署_1 ，_1 明_1 确_1 工_1 作_1 重_1 点_1 ，_1 并_1 组_1 织_1 民_1 警_1 对_1 通_1 往_1 庙_1 会_1 的_1 道_1 路_1 交_1 通_1 安_1 全_1 情_1 况_1 和_1 停_1 车_1 场_1 的_1 安_1 全_1 状_1 况_1 提_1 前_1 进_1 行_1 了_1 现_1 场_1 实_1 地_1 勘_1 察_1 ，_1 针_1 对_1 存_1 在_1 的_1 问_1 题_1 ，_1 制_1 定_1 了_1 切_1 实_1 可_1 行_1 的_1 安_1 全_1 保_1 卫_1 工_1 作_1 方_1 案_1 。_1 当_1 日_1 ，_1 我_1 大_1 队_1 根_1 据_1 道_1 路_1 实_1 际_1 交_1 通_1 状_1 况_1 ，_1 及_1 时_1 调_1 整_1 部_1 署_1 执_1 勤_1 警_1 力_1 [SEP]_1 和_1 最_1 后_1 一_1 辆_1 车_1 辆_1 的_1 安_1 全_1 离_1 去_1 ，_1 执_1 勤_1 民_1 警_1 们_1 才_1 疲_1 惫_1 拖_1 着_1 身_1 躯_1 离_1 开_1 工_1 作_1 一_1 天_1 的_1 岗_1 位_1 ，_1 为_1 做_1 好_1 [UNK]_1 首_1 阳_1 山_1 [UNK]_1 采_1 薇_1 会_1 伯_1 夷_1 叔_1 齐_1 祭_1 祀_1 典_1 礼_1 道_1 路_1 交_1 通_1 安_1 全_1 保_1 障_1 工_1 作_1 ，_1 付_1 出_1 了_1 艰_1 辛_1 的_1 劳_1 作_1 ，_1 确_1 保_1 了_1 庙_1 会_1 期_1 间_1 道_1 路_1 交_1 通_1 安_1 全_1 ，_1 赢_1 得_1 了_1 各_1 级_1 领_1 导_1 和_1 群_1 众_1 的_1 一_1 致_1 好_1 评_1 。_1 点_1 击_1 进_1 入_1 [UNK]_1 渭_1 源_1 县_1 公_1 安_1 交_1 警_1 [UNK]_1 微_1 信_1 公_1 众_1 号_1 [SEP]_1
2019-10-25 12:52:41,574 Token Sample: [CLS]_0 河_0 南_0 商_0 丘_0 火_0 灾_0 致_0 11_0 人_0 死_0 续_0 ：_0 3_0 人_0 涉_0 嫌_0 火_0 灾_0 事_0 故_0 被_0 刑_0 拘_0 [PAD]_0 [PAD]_0 [PAD]_0 [PAD]_0 [PAD]_0 [PAD]_0 [PAD]_0 [PAD]_0 [PAD]_0 [PAD]_0 [PAD]_0 [PAD]_0 [PAD]_0 [PAD]_0 [PAD]_0 [PAD]_0 [PAD]_0 [PAD]_0 [PAD]_0 [PAD]_0 [PAD]_0 [PAD]_0 [SEP]_0 原_1 标_1 题_1 ：_1 河_1 南_1 商_1 丘_1 火_1 灾_1 致_1 11_1 人_1 死_1 续_1 ：_1 3_1 人_1 涉_1 嫌_1 火_1 灾_1 事_1 故_1 被_1 刑_1 拘_1 新_1 京_1 报_1 讯_1 （_1 记_1 者_1 康_1 佳_1 ）_1 12_1 月_1 17_1 日_1 ，_1 河_1 南_1 商_1 丘_1 城_1 乡_1 一_1 体_1 化_1 示_1 范_1 区_1 华_1 航_1 现_1 代_1 牧_1 业_1 有_1 限_1 公_1 司_1 厂_1 区_1 发_1 生_1 火_1 灾_1 ，_1 火_1 灾_1 已_1 致_1 11_1 人_1 死_1 亡_1 。_1 商_1 丘_1 市_1 政_1 府_1 新_1 闻_1 办_1 12_1 月_1 18_1 日_1 发_1 布_1 通_1 报_1 称_1 ，_1 目_1 前_1 ，_1 3_1 人_1 因_1 涉_1 嫌_1 火_1 灾_1 事_1 故_1 被_1 依_1 法_1 刑_1 事_1 拘_1 留_1 。_1 新_1 京_1 报_1 此_1 前_1 报_1 道_1 ，_1 商_1 丘_1 华_1 航_1 现_1 代_1 牧_1 业_1 有_1 限_1 公_1 司_1 厂_1 区_1 12_1 月_1 17_1 日_1 11_1 时_1 10_1 分_1 发_1 生_1 火_1 灾_1 ，_1 火_1 灾_1 发_1 生_1 时_1 有_1 11_1 名_1 工_1 作_1 人_1 员_1 在_1 现_1 场_1 作_1 业_1 ，_1 送_1 医_1 院_1 救_1 治_1 后_1 经_1 抢_1 救_1 无_1 效_1 11_1 人_1 全_1 部_1 死_1 亡_1 。_1 [SEP]_1 导_1 致_1 。_1 今_1 日_1 （_1 12_1 月_1 18_1 日_1 ）_1 ，_1 商_1 丘_1 市_1 政_1 府_1 新_1 闻_1 办_1 发_1 布_1 情_1 况_1 通_1 报_1 。_1 通_1 报_1 称_1 ，_1 12_1 月_1 17_1 日_1 ，_1 商_1 丘_1 市_1 示_1 范_1 区_1 河_1 南_1 华_1 航_1 现_1 代_1 牧_1 业_1 集_1 团_1 有_1 限_1 公_1 司_1 发_1 生_1 火_1 灾_1 事_1 故_1 。_1 目_1 前_1 ，_1 3_1 人_1 因_1 涉_1 嫌_1 火_1 灾_1 事_1 故_1 被_1 依_1 法_1 刑_1 事_1 拘_1 留_1 ，_1 5_1 名_1 企_1 业_1 责_1 任_1 人_1 员_1 被_1 依_1 法_1 带_1 至_1 公_1 安_1 机_1 关_1 接_1 受_1 讯_1 问_1 。_1 新_1 京_1 报_1 记_1 者_1 康_1 佳_1 编_1 辑_1 潘_1 佳_1 锟_1 校_1 对_1 范_1 锦_1 春_1 [SEP]_1
2019-10-25 12:52:58,804 Token Sample: [CLS]_0 长_0 治_0 :_0 顶_0 着_0 护_0 栏_0 向_0 前_0 [UNK]_0 冲_0 [UNK]_0 的_0 宝_0 马_0 司_0 机_0 找_0 到_0 了_0 ，_0 就_0 是_0 他_0 !_0 [PAD]_0 [PAD]_0 [PAD]_0 [PAD]_0 [PAD]_0 [PAD]_0 [PAD]_0 [PAD]_0 [PAD]_0 [PAD]_0 [PAD]_0 [PAD]_0 [PAD]_0 [PAD]_0 [PAD]_0 [PAD]_0 [PAD]_0 [PAD]_0 [PAD]_0 [PAD]_0 [SEP]_0 导_1 读_1 ：_1 2018_1 年_1 5_1 月_1 17_1 日_1 21_1 时_1 许_1 ，_1 在_1 长_1 治_1 市_1 太_1 行_1 东_1 街_1 电_1 力_1 岗_1 西_1 ，_1 晋_1 d5_1 ##xxx_1 ##x_1 轿_1 车_1 碰_1 撞_1 道_1 路_1 中_1 心_1 护_1 栏_1 后_1 ，_1 肇_1 事_1 车_1 辆_1 挂_1 着_1 一_1 片_1 护_1 栏_1 向_1 道_1 路_1 右_1 侧_1 继_1 续_1 行_1 驶_1 至_1 电_1 力_1 公_1 司_1 门_1 前_1 路_1 段_1 停_1 下_1 的_1 单_1 方_1 交_1 通_1 事_1 故_1 。_1 经_1 长_1 治_1 市_1 公_1 安_1 局_1 交_1 警_1 支_1 队_1 一_1 大_1 队_1 多_1 方_1 调_1 查_1 、_1 取_1 证_1 ，_1 现_1 将_1 本_1 起_1 事_1 故_1 相_1 关_1 情_1 况_1 说_1 明_1 如_1 下_1 ：_1 ?_1 ?_1 2018_1 年_1 5_1 月_1 17_1 日_1 21_1 时_1 许_1 ，_1 当_1 事_1 人_1 王_1 某_1 驾_1 驶_1 晋_1 d5_1 ##xxx_1 ##x_1 轿_1 车_1 ，_1 沿_1 长_1 兴_1 北_1 路_1 由_1 南_1 向_1 北_1 经_1 电_1 力_1 岗_1 左_1 转_1 至_1 太_1 行_1 东_1 街_1 时_1 ，_1 王_1 某_1 手_1 机_1 滑_1 落_1 到_1 座_1 位_1 下_1 方_1 ，_1 低_1 头_1 捡_1 手_1 机_1 时_1 ，_1 车_1 辆_1 失_1 控_1 向_1 [SEP]_1 相_1 关_1 规_1 定_1 ，_1 对_1 王_1 某_1 进_1 行_1 相_1 关_1 的_1 毒_1 检_1 和_1 事_1 故_1 询_1 问_1 ，_1 王_1 某_1 对_1 其_1 肇_1 事_1 事_1 实_1 予_1 以_1 承_1 认_1 ，_1 叙_1 述_1 了_1 事_1 故_1 发_1 生_1 的_1 过_1 程_1 ，_1 并_1 赔_1 偿_1 了_1 损_1 坏_1 的_1 护_1 栏_1 。_1 我_1 们_1 按_1 照_1 《_1 道_1 路_1 交_1 通_1 安_1 全_1 法_1 》_1 的_1 相_1 关_1 规_1 定_1 依_1 法_1 对_1 其_1 违_1 法_1 行_1 为_1 进_1 行_1 处_1 理_1 。_1 ?_1 ?_1 ?_1 交_1 警_1 提_1 示_1 广_1 大_1 司_1 机_1 朋_1 友_1 在_1 驾_1 车_1 途_1 中_1 不_1 要_1 接_1 打_1 手_1 机_1 或_1 玩_1 游_1 戏_1 以_1 免_1 发_1 生_1 交_1 通_1 事_1 故_1 [SEP]_1
2019-10-25 12:53:11,281 seed everything and create model
2019-10-25 12:55:00,964 step 150 train loss: 0.7217
2019-10-25 12:55:00,965 step 150 score: 0.6094
2019-10-25 12:56:45,134 step 300 train loss: 0.5229
2019-10-25 12:56:45,135 step 300 score: 0.7562
2019-10-25 12:58:29,299 step 450 train loss: 0.4551
2019-10-25 12:58:29,300 step 450 score: 0.7621
2019-10-25 13:00:13,464 step 600 train loss: 0.3882
2019-10-25 13:00:13,464 step 600 score: 0.7606
2019-10-25 13:01:57,620 step 750 train loss: 0.4030
2019-10-25 13:01:57,620 step 750 score: 0.7613
2019-10-25 13:03:41,776 step 900 train loss: 0.3443
2019-10-25 13:03:41,776 step 900 score: 0.7481
2019-10-25 13:05:25,938 step 1050 train loss: 0.3312
2019-10-25 13:05:25,938 step 1050 score: 0.7911
2019-10-25 13:07:10,101 step 1200 train loss: 0.2963
2019-10-25 13:07:10,102 step 1200 score: 0.7859
2019-10-25 13:08:54,262 step 1350 train loss: 0.2863
2019-10-25 13:08:54,263 step 1350 score: 0.7826
2019-10-25 13:10:38,412 step 1500 train loss: 0.3032
2019-10-25 13:10:38,413 step 1500 score: 0.7756
2019-10-25 13:10:38,413 best score is 0.7911
