2019-10-28 16:29:39,809 log_in_file: True
2019-10-28 16:29:39,810 lm_path: /home/wangzl/PretrainedLM/BERT/New/roberta_zh_L-24_H-1024_A-16/
2019-10-28 16:29:39,810 lm_type: bert
2019-10-28 16:29:39,810 data_path: ../data/
2019-10-28 16:29:39,810 usegpu: True
2019-10-28 16:29:39,810 total_step: 10000
2019-10-28 16:29:39,810 eval_every: 1000
2019-10-28 16:29:39,810 early_stop: 4
2019-10-28 16:29:39,810 max_length: 510
2019-10-28 16:29:39,810 max_title_rate: 0.8
2019-10-28 16:29:39,810 content_head_rate: 0.6
2019-10-28 16:29:39,810 batch_size: 2
2019-10-28 16:29:39,810 lr_scheduler_type: linear
2019-10-28 16:29:39,810 input_pattern: head+tail+fixed
2019-10-28 16:29:39,810 clean_method: space+notzh
2019-10-28 16:29:39,810 warmup_rate: 0.1
2019-10-28 16:29:39,810 classifier_dropout: 0.1
2019-10-28 16:29:39,810 classifier_active: tanh
2019-10-28 16:29:39,810 cache_final_model: False
2019-10-28 16:29:39,810 seed: 23
2019-10-28 16:29:39,810 lr: 5e-06
2019-10-28 16:29:39,810 lr_decay_in_layers: 1.0
2019-10-28 16:29:39,810 wd_decay_in_layers: 1.0
2019-10-28 16:29:39,810 weight_decay: 0.01
2019-10-28 16:29:39,827 padding token is 0
2019-10-28 16:29:54,036 log_in_file: True
2019-10-28 16:29:54,036 lm_path: /home/wangzl/PretrainedLM/BERT/New/roberta_zh_L-24_H-1024_A-16/
2019-10-28 16:29:54,036 lm_type: bert
2019-10-28 16:29:54,036 data_path: ../data/
2019-10-28 16:29:54,036 usegpu: True
2019-10-28 16:29:54,036 total_step: 5000
2019-10-28 16:29:54,036 eval_every: 500
2019-10-28 16:29:54,036 early_stop: 4
2019-10-28 16:29:54,036 max_length: 510
2019-10-28 16:29:54,036 max_title_rate: 0.08
2019-10-28 16:29:54,036 content_head_rate: 0.6
2019-10-28 16:29:54,036 batch_size: 2
2019-10-28 16:29:54,036 lr_scheduler_type: linear
2019-10-28 16:29:54,036 input_pattern: head+tail+fixed
2019-10-28 16:29:54,037 clean_method: space+notzh
2019-10-28 16:29:54,037 warmup_rate: 0.1
2019-10-28 16:29:54,037 classifier_dropout: 0.3
2019-10-28 16:29:54,037 classifier_active: tanh
2019-10-28 16:29:54,037 cache_final_model: False
2019-10-28 16:29:54,037 seed: 23
2019-10-28 16:29:54,037 lr: 2e-05
2019-10-28 16:29:54,037 lr_decay_in_layers: 1.0
2019-10-28 16:29:54,037 wd_decay_in_layers: 1.0
2019-10-28 16:29:54,037 weight_decay: 0.01
2019-10-28 16:29:54,053 padding token is 0
2019-10-28 16:30:19,441 Token Sample: [CLS]_0 五_0 一_0 团_0 聚_0 [PAD]_0 [PAD]_0 [PAD]_0 [PAD]_0 [PAD]_0 [PAD]_0 [PAD]_0 [PAD]_0 [PAD]_0 [PAD]_0 [PAD]_0 [PAD]_0 [PAD]_0 [PAD]_0 [PAD]_0 [PAD]_0 [PAD]_0 [PAD]_0 [PAD]_0 [PAD]_0 [PAD]_0 [PAD]_0 [PAD]_0 [PAD]_0 [PAD]_0 [PAD]_0 [PAD]_0 [PAD]_0 [PAD]_0 [PAD]_0 [PAD]_0 [PAD]_0 [PAD]_0 [PAD]_0 [PAD]_0 [PAD]_0 [PAD]_0 [SEP]_0 趁_1 着_1 五_1 一_1 长_1 假_1 ，_1 叔_1 叔_1 婶_1 婶_1 们_1 都_1 回_1 家_1 。_1 爷_1 爷_1 要_1 儿_1 子_1 们_1 买_1 两_1 桌_1 菜_1 ，_1 晚_1 上_1 大_1 家_1 一_1 起_1 吃_1 吃_1 饭_1 团_1 聚_1 团_1 聚_1 。_1 清_1 晨_1 ，_1 爸_1 爸_1 就_1 和_1 三_1 叔_1 一_1 起_1 去_1 买_1 菜_1 ，_1 螃_1 蟹_1 、_1 小_1 白_1 虾_1 、_1 鱼_1 [UNK]_1 [UNK]_1 爷_1 爷_1 打_1 电_1 话_1 叮_1 嘱_1 买_1 菜_1 时_1 别_1 省_1 ，_1 想_1 吃_1 啥_1 买_1 啥_1 ，_1 一_1 定_1 要_1 买_1 的_1 好_1 。_1 妈_1 妈_1 和_1 婶_1 婶_1 开_1 始_1 揉_1 面_1 粉_1 ，_1 做_1 青_1 团_1 和_1 麦_1 饼_1 ，_1 为_1 晚_1 上_1 的_1 点_1 心_1 做_1 准_1 备_1 。_1 ?_1 下_1 午_1 两_1 三_1 点_1 钟_1 ，_1 大_1 家_1 就_1 开_1 始_1 忙_1 忙_1 碌_1 碌_1 起_1 来_1 了_1 。_1 平_1 时_1 都_1 是_1 女_1 人_1 们_1 做_1 饭_1 ，_1 但_1 一_1 旦_1 到_1 了_1 节_1 日_1 ，_1 就_1 是_1 男_1 人_1 们_1 大_1 显_1 身_1 手_1 的_1 时_1 候_1 。_1 妈_1 妈_1 和_1 婶_1 婶_1 负_1 责_1 清_1 洗_1 ，_1 切_1 菜_1 。_1 爸_1 爸_1 和_1 叔_1 叔_1 轮_1 着_1 当_1 大_1 厨_1 ，_1 做_1 几_1 样_1 自_1 己_1 拿_1 手_1 好_1 菜_1 。_1 到_1 晚_1 上_1 吃_1 饭_1 时_1 ，_1 哪_1 盘_1 菜_1 能_1 得_1 到_1 大_1 家_1 的_1 青_1 睐_1 ，_1 吃_1 的_1 盘_1 底_1 干_1 净_1 ，_1 那_1 是_1 对_1 大_1 厨_1 最_1 大_1 的_1 肯_1 定_1 ?_1 老_1 屋_1 的_1 门_1 后_1 的_1 大_1 锅_1 灶_1 就_1 派_1 上_1 了_1 大_1 用_1 场_1 。_1 锅_1 大_1 、_1 火_1 猛_1 ，_1 出_1 来_1 的_1 菜_1 无_1 比_1 香_1 。_1 饭_1 勺_1 炒_1 着_1 菜_1 [UNK]_1 刺_1 [SEP]_1 一_1 家_1 都_1 不_1 在_1 家_1 。_1 只_1 有_1 逢_1 年_1 过_1 节_1 时_1 ，_1 才_1 能_1 团_1 聚_1 在_1 一_1 起_1 ，_1 这_1 个_1 时_1 候_1 就_1 是_1 爷_1 爷_1 最_1 开_1 心_1 的_1 时_1 候_1 。_1 他_1 就_1 坐_1 在_1 一_1 边_1 ，_1 [UNK]_1 吧_1 嗒_1 吧_1 嗒_1 [UNK]_1 的_1 抽_1 着_1 烟_1 ，_1 看_1 着_1 儿_1 媳_1 ，_1 儿_1 子_1 忙_1 碌_1 着_1 ，_1 时_1 不_1 时_1 插_1 几_1 句_1 ，_1 笑_1 容_1 满_1 面_1 。_1 孩_1 子_1 们_1 在_1 旁_1 边_1 跑_1 来_1 跑_1 去_1 ，_1 [UNK]_1 哒_1 哒_1 [UNK]_1 的_1 跑_1 步_1 声_1 ，_1 [UNK]_1 嘻_1 嘻_1 哈_1 哈_1 [UNK]_1 笑_1 闹_1 声_1 。_1 这_1 时_1 候_1 该_1 老_1 爷_1 子_1 最_1 开_1 心_1 的_1 时_1 候_1 了_1 吧_1 。_1 ?_1 逢_1 年_1 过_1 节_1 ，_1 老_1 人_1 们_1 也_1 不_1 想_1 去_1 哪_1 走_1 走_1 ，_1 只_1 盼_1 着_1 孩_1 子_1 们_1 都_1 能_1 回_1 家_1 ，_1 一_1 起_1 吃_1 个_1 饭_1 ，_1 聊_1 个_1 天_1 ，_1 一_1 家_1 子_1 都_1 在_1 ，_1 其_1 乐_1 融_1 融_1 ，_1 就_1 觉_1 得_1 无_1 比_1 的_1 满_1 足_1 了_1 。_1 [SEP]_1
2019-10-28 16:30:35,918 Token Sample: [CLS]_0 村_0 霸_0 太_0 过_0 蛮_0 横_0 ，_0 女_0 子_0 甘_0 愿_0 吃_0 亏_0 也_0 不_0 要_0 人_0 帮_0 ，_0 男_0 子_0 一_0 脸_0 凝_0 重_0 ！_0 [PAD]_0 [PAD]_0 [PAD]_0 [PAD]_0 [PAD]_0 [PAD]_0 [PAD]_0 [PAD]_0 [PAD]_0 [PAD]_0 [PAD]_0 [PAD]_0 [PAD]_0 [PAD]_0 [PAD]_0 [SEP]_0 村_1 霸_1 太_1 过_1 蛮_1 横_1 ，_1 女_1 子_1 甘_1 愿_1 吃_1 亏_1 也_1 不_1 要_1 人_1 帮_1 ，_1 男_1 子_1 一_1 脸_1 凝_1 重_1 ！_1 [PAD]_1 [PAD]_1 [PAD]_1 [PAD]_1 [PAD]_1 [PAD]_1 [PAD]_1 [PAD]_1 [PAD]_1 [PAD]_1 [PAD]_1 [PAD]_1 [PAD]_1 [PAD]_1 [PAD]_1 [PAD]_1 [PAD]_1 [PAD]_1 [PAD]_1 [PAD]_1 [PAD]_1 [PAD]_1 [PAD]_1 [PAD]_1 [PAD]_1 [PAD]_1 [PAD]_1 [PAD]_1 [PAD]_1 [PAD]_1 [PAD]_1 [PAD]_1 [PAD]_1 [PAD]_1 [PAD]_1 [PAD]_1 [PAD]_1 [PAD]_1 [PAD]_1 [PAD]_1 [PAD]_1 [PAD]_1 [PAD]_1 [PAD]_1 [PAD]_1 [PAD]_1 [PAD]_1 [PAD]_1 [PAD]_1 [PAD]_1 [PAD]_1 [PAD]_1 [PAD]_1 [PAD]_1 [PAD]_1 [PAD]_1 [PAD]_1 [PAD]_1 [PAD]_1 [PAD]_1 [PAD]_1 [PAD]_1 [PAD]_1 [PAD]_1 [PAD]_1 [PAD]_1 [PAD]_1 [PAD]_1 [PAD]_1 [PAD]_1 [PAD]_1 [PAD]_1 [PAD]_1 [PAD]_1 [PAD]_1 [PAD]_1 [PAD]_1 [PAD]_1 [PAD]_1 [PAD]_1 [PAD]_1 [PAD]_1 [PAD]_1 [PAD]_1 [PAD]_1 [PAD]_1 [PAD]_1 [PAD]_1 [PAD]_1 [PAD]_1 [PAD]_1 [PAD]_1 [PAD]_1 [PAD]_1 [PAD]_1 [PAD]_1 [PAD]_1 [PAD]_1 [PAD]_1 [PAD]_1 [PAD]_1 [PAD]_1 [PAD]_1 [PAD]_1 [PAD]_1 [PAD]_1 [PAD]_1 [PAD]_1 [PAD]_1 [PAD]_1 [PAD]_1 [PAD]_1 [PAD]_1 [PAD]_1 [PAD]_1 [PAD]_1 [PAD]_1 [PAD]_1 [PAD]_1 [PAD]_1 [PAD]_1 [PAD]_1 [PAD]_1 [PAD]_1 [PAD]_1 [PAD]_1 [PAD]_1 [PAD]_1 [PAD]_1 [PAD]_1 [PAD]_1 [PAD]_1 [PAD]_1 [PAD]_1 [PAD]_1 [PAD]_1 [PAD]_1 [PAD]_1 [PAD]_1 [PAD]_1 [PAD]_1 [PAD]_1 [PAD]_1 [PAD]_1 [PAD]_1 [PAD]_1 [PAD]_1 [PAD]_1 [PAD]_1 [PAD]_1 [PAD]_1 [PAD]_1 [PAD]_1 [PAD]_1 [PAD]_1 [PAD]_1 [PAD]_1 [PAD]_1 [PAD]_1 [PAD]_1 [PAD]_1 [PAD]_1 [PAD]_1 [PAD]_1 [PAD]_1 [PAD]_1 [PAD]_1 [PAD]_1 [PAD]_1 [PAD]_1 [PAD]_1 [PAD]_1 [PAD]_1 [PAD]_1 [PAD]_1 [PAD]_1 [PAD]_1 [PAD]_1 [PAD]_1 [PAD]_1 [PAD]_1 [PAD]_1 [PAD]_1 [PAD]_1 [PAD]_1 [PAD]_1 [PAD]_1 [PAD]_1 [PAD]_1 [PAD]_1 [PAD]_1 [PAD]_1 [PAD]_1 [PAD]_1 [PAD]_1 [PAD]_1 [PAD]_1 [PAD]_1 [PAD]_1 [PAD]_1 [PAD]_1 [PAD]_1 [PAD]_1 [PAD]_1 [PAD]_1 [PAD]_1 [PAD]_1 [PAD]_1 [PAD]_1 [PAD]_1 [PAD]_1 [PAD]_1 [PAD]_1 [PAD]_1 [PAD]_1 [PAD]_1 [PAD]_1 [PAD]_1 [PAD]_1 [PAD]_1 [PAD]_1 [PAD]_1 [PAD]_1 [PAD]_1 [PAD]_1 [PAD]_1 [PAD]_1 [PAD]_1 [PAD]_1 [PAD]_1 [PAD]_1 [PAD]_1 [PAD]_1 [PAD]_1 [PAD]_1 [PAD]_1 [PAD]_1 [PAD]_1 [PAD]_1 [PAD]_1 [PAD]_1 [PAD]_1 [PAD]_1 [PAD]_1 [PAD]_1 [PAD]_1 [PAD]_1 [PAD]_1 [PAD]_1 [PAD]_1 [PAD]_1 [PAD]_1 [PAD]_1 [PAD]_1 [PAD]_1 [SEP]_1 [PAD]_1 [PAD]_1 [PAD]_1 [PAD]_1 [PAD]_1 [PAD]_1 [PAD]_1 [PAD]_1 [PAD]_1 [PAD]_1 [PAD]_1 [PAD]_1 [PAD]_1 [PAD]_1 [PAD]_1 [PAD]_1 [PAD]_1 [PAD]_1 [PAD]_1 [PAD]_1 [PAD]_1 [PAD]_1 [PAD]_1 [PAD]_1 [PAD]_1 [PAD]_1 [PAD]_1 [PAD]_1 [PAD]_1 [PAD]_1 [PAD]_1 [PAD]_1 [PAD]_1 [PAD]_1 [PAD]_1 [PAD]_1 [PAD]_1 [PAD]_1 [PAD]_1 [PAD]_1 [PAD]_1 [PAD]_1 [PAD]_1 [PAD]_1 [PAD]_1 [PAD]_1 [PAD]_1 [PAD]_1 [PAD]_1 [PAD]_1 [PAD]_1 [PAD]_1 [PAD]_1 [PAD]_1 [PAD]_1 [PAD]_1 [PAD]_1 [PAD]_1 [PAD]_1 [PAD]_1 [PAD]_1 [PAD]_1 [PAD]_1 [PAD]_1 [PAD]_1 [PAD]_1 [PAD]_1 [PAD]_1 [PAD]_1 [PAD]_1 [PAD]_1 [PAD]_1 [PAD]_1 [PAD]_1 [PAD]_1 [PAD]_1 [PAD]_1 [PAD]_1 [PAD]_1 [PAD]_1 [PAD]_1 [PAD]_1 [PAD]_1 [PAD]_1 [PAD]_1 [PAD]_1 [PAD]_1 [PAD]_1 [PAD]_1 [PAD]_1 [PAD]_1 [PAD]_1 [PAD]_1 [PAD]_1 [PAD]_1 [PAD]_1 [PAD]_1 [PAD]_1 [PAD]_1 [PAD]_1 [PAD]_1 [PAD]_1 [PAD]_1 [PAD]_1 [PAD]_1 [PAD]_1 [PAD]_1 [PAD]_1 [PAD]_1 [PAD]_1 [PAD]_1 [PAD]_1 [PAD]_1 [PAD]_1 [PAD]_1 [PAD]_1 [PAD]_1 [PAD]_1 [PAD]_1 [PAD]_1 [PAD]_1 [PAD]_1 [PAD]_1 [PAD]_1 [PAD]_1 [PAD]_1 [PAD]_1 [PAD]_1 [PAD]_1 [PAD]_1 [PAD]_1 [PAD]_1 [PAD]_1 [PAD]_1 [PAD]_1 [PAD]_1 [PAD]_1 [PAD]_1 [PAD]_1 [PAD]_1 [PAD]_1 [PAD]_1 [PAD]_1 [PAD]_1 [PAD]_1 [PAD]_1 [PAD]_1 [PAD]_1 [PAD]_1 [PAD]_1 [PAD]_1 [PAD]_1 [PAD]_1 [PAD]_1 [PAD]_1 [PAD]_1 [PAD]_1 [PAD]_1 村_1 霸_1 太_1 过_1 蛮_1 横_1 ，_1 女_1 子_1 甘_1 愿_1 吃_1 亏_1 也_1 不_1 要_1 人_1 帮_1 ，_1 男_1 子_1 一_1 脸_1 凝_1 重_1 ！_1 [SEP]_1
2019-10-28 16:31:01,950 Token Sample: [CLS]_0 男_0 子_0 查_0 出_0 心_0 肌_0 梗_0 死_0 ，_0 医_0 院_0 争_0 分_0 夺_0 秒_0 救_0 人_0 [PAD]_0 [PAD]_0 [PAD]_0 [PAD]_0 [PAD]_0 [PAD]_0 [PAD]_0 [PAD]_0 [PAD]_0 [PAD]_0 [PAD]_0 [PAD]_0 [PAD]_0 [PAD]_0 [PAD]_0 [PAD]_0 [PAD]_0 [PAD]_0 [PAD]_0 [PAD]_0 [PAD]_0 [PAD]_0 [PAD]_0 [PAD]_0 [SEP]_0 本_1 报_1 讯_1 突_1 发_1 剧_1 烈_1 胸_1 痛_1 ，_1 伴_1 出_1 冷_1 汗_1 、_1 恶_1 心_1 及_1 剧_1 烈_1 呕_1 吐_1 ，_1 在_1 下_1 班_1 回_1 家_1 的_1 路_1 上_1 ，_1 端_1 木_1 凡_1 卫_1 毫_1 无_1 征_1 兆_1 地_1 出_1 现_1 了_1 这_1 样_1 的_1 症_1 状_1 ，_1 立_1 刻_1 被_1 送_1 往_1 锡_1 山_1 人_1 民_1 医_1 院_1 。_1 随_1 行_1 家_1 属_1 身_1 上_1 钱_1 没_1 带_1 够_1 犯_1 了_1 难_1 ，_1 锡_1 山_1 人_1 民_1 医_1 院_1 心_1 内_1 科_1 值_1 班_1 医_1 生_1 季_1 竹_1 君_1 果_1 断_1 签_1 字_1 担_1 保_1 ，_1 联_1 系_1 手_1 术_1 医_1 生_1 抢_1 下_1 [UNK]_1 黄_1 金_1 120_1 分_1 钟_1 [UNK]_1 ，_1 对_1 病_1 患_1 进_1 行_1 治_1 疗_1 ，_1 近_1 日_1 ，_1 端_1 木_1 凡_1 卫_1 已_1 出_1 院_1 回_1 家_1 ，_1 家_1 属_1 对_1 医_1 院_1 和_1 医_1 生_1 感_1 激_1 万_1 分_1 。_1 事_1 件_1 发_1 生_1 在_1 9_1 月_1 16_1 日_1 早_1 上_1 ，_1 端_1 木_1 凡_1 卫_1 刚_1 刚_1 下_1 晚_1 班_1 。_1 在_1 回_1 家_1 路_1 上_1 和_1 几_1 个_1 同_1 事_1 吃_1 完_1 早_1 饭_1 后_1 ，_1 胸_1 口_1 一_1 阵_1 疼_1 痛_1 ，_1 久_1 久_1 缓_1 不_1 下_1 来_1 ，_1 急_1 忙_1 给_1 弟_1 弟_1 端_1 木_1 凡_1 芳_1 打_1 了_1 电_1 话_1 。_1 接_1 到_1 哥_1 哥_1 电_1 话_1 的_1 端_1 木_1 凡_1 芳_1 正_1 在_1 上_1 班_1 ，_1 他_1 一_1 听_1 电_1 话_1 ，_1 哥_1 哥_1 的_1 声_1 音_1 颤_1 抖_1 且_1 虚_1 弱_1 ，_1 立_1 马_1 跟_1 老_1 乡_1 一_1 起_1 陪_1 着_1 端_1 木_1 凡_1 卫_1 来_1 到_1 医_1 院_1 。_1 当_1 端_1 木_1 凡_1 卫_1 一_1 行_1 人_1 驱_1 车_1 赶_1 到_1 医_1 院_1 时_1 [SEP]_1 大_1 ，_1 急_1 性_1 心_1 肌_1 梗_1 死_1 已_1 不_1 仅_1 限_1 于_1 老_1 年_1 人_1 常_1 发_1 生_1 的_1 疾_1 病_1 ，_1 越_1 来_1 越_1 多_1 的_1 中_1 青_1 年_1 人_1 发_1 病_1 增_1 多_1 。_1 季_1 竹_1 君_1 医_1 生_1 提_1 醒_1 广_1 大_1 市_1 民_1 ，_1 急_1 性_1 心_1 肌_1 梗_1 死_1 的_1 患_1 者_1 多_1 数_1 有_1 一_1 些_1 共_1 同_1 特_1 点_1 ：_1 多_1 为_1 腹_1 型_1 肥_1 胖_1 、_1 长_1 期_1 吸_1 烟_1 、_1 长_1 期_1 熬_1 夜_1 ，_1 一_1 些_1 年_1 轻_1 患_1 者_1 多_1 数_1 并_1 没_1 有_1 高_1 血_1 压_1 和_1 糖_1 尿_1 病_1 史_1 。_1 对_1 于_1 青_1 壮_1 年_1 来_1 说_1 ，_1 冠_1 心_1 病_1 为_1 一_1 种_1 非_1 常_1 规_1 体_1 检_1 能_1 发_1 现_1 的_1 隐_1 匿_1 性_1 疾_1 病_1 ，_1 对_1 于_1 有_1 上_1 述_1 特_1 点_1 的_1 人_1 群_1 来_1 说_1 ，_1 至_1 医_1 院_1 进_1 行_1 冠_1 状_1 动_1 脉_1 ct_1 ##a_1 检_1 查_1 是_1 一_1 种_1 可_1 以_1 发_1 现_1 早_1 期_1 病_1 变_1 的_1 极_1 佳_1 手_1 段_1 。_1 （_1 陈_1 钰_1 洁_1 孝_1 萍_1 ）_1 [SEP]_1
2019-10-28 16:31:20,703 Token Sample: [CLS]_0 【_0 呵_0 护_0 生_0 态_0 文_0 明_0 】_0 合_0 水_0 放_0 流_0 活_0 动_0 [PAD]_0 [PAD]_0 [PAD]_0 [PAD]_0 [PAD]_0 [PAD]_0 [PAD]_0 [PAD]_0 [PAD]_0 [PAD]_0 [PAD]_0 [PAD]_0 [PAD]_0 [PAD]_0 [PAD]_0 [PAD]_0 [PAD]_0 [PAD]_0 [PAD]_0 [PAD]_0 [PAD]_0 [PAD]_0 [PAD]_0 [PAD]_0 [PAD]_0 [PAD]_0 [PAD]_0 [SEP]_0 小_1 鱼_1 新_1 公_1 益_1 |_1 大_1 爱_1 创_1 未_1 来_1 大_1 兴_1 宁_1 的_1 夏_1 天_1 是_1 炎_1 热_1 的_1 志_1 愿_1 者_1 的_1 心_1 是_1 热_1 忱_1 的_1 5_1 月_1 22_1 日_1 上_1 午_1 ，_1 在_1 合_1 水_1 水_1 库_1 举_1 行_1 了_1 生_1 态_1 环_1 境_1 保_1 护_1 之_1 育_1 苗_1 放_1 流_1 活_1 动_1 ，_1 兴_1 宁_1 市_1 钓_1 鱼_1 协_1 会_1 、_1 小_1 鱼_1 义_1 工_1 、_1 渔_1 政_1 大_1 队_1 等_1 共_1 投_1 放_1 [UNK]_1 鱼_1 苗_1 、_1 草_1 鱼_1 苗_1 、_1 青_1 鱼_1 苗_1 共_1 38_1 万_1 多_1 尾_1 ！_1 呵_1 护_1 家_1 园_1 、_1 呵_1 护_1 生_1 态_1 文_1 明_1 ，_1 合_1 创_1 文_1 明_1 城_1 市_1 ！_1 活_1 动_1 回_1 顾_1 小_1 鱼_1 志_1 愿_1 者_1 各_1 自_1 分_1 工_1 合_1 作_1 的_1 安_1 排_1 着_1 每_1 一_1 个_1 关_1 键_1 步_1 骤_1 参_1 加_1 活_1 动_1 的_1 志_1 愿_1 者_1 正_1 在_1 将_1 一_1 袋_1 袋_1 鱼_1 苗_1 小_1 心_1 翼_1 翼_1 的_1 倒_1 入_1 水_1 库_1 一_1 个_1 个_1 步_1 骤_1 井_1 条_1 有_1 序_1 的_1 在_1 进_1 行_1 着_1 给_1 鱼_1 儿_1 们_1 搭_1 建_1 着_1 一_1 条_1 通_1 往_1 快_1 乐_1 的_1 途_1 径_1 保_1 护_1 鱼_1 类_1 资_1 源_1 ，_1 切_1 实_1 保_1 护_1 环_1 境_1 ，_1 刻_1 不_1 容_1 缓_1 。_1 此_1 次_1 活_1 动_1 也_1 是_1 为_1 唤_1 起_1 全_1 社_1 会_1 共_1 同_1 关_1 注_1 水_1 生_1 生_1 物_1 保_1 护_1 极_1 其_1 栖_1 息_1 地_1 的_1 保_1 护_1 ，_1 增_1 强_1 公_1 众_1 保_1 护_1 渔_1 业_1 资_1 源_1 与_1 自_1 然_1 环_1 境_1 意_1 识_1 ，_1 努_1 力_1 打_1 造_1 [UNK]_1 天_1 蓝_1 、_1 地_1 绿_1 、_1 人_1 和_1 、_1 业_1 兴_1 [SEP]_1 注_1 公_1 众_1 号_1 支_1 持_1 我_1 们_1 关_1 注_1 微_1 信_1 公_1 众_1 号_1 [UNK]_1 x_1 ##n_1 ##xy_1 ##y_1 ##g_1 [UNK]_1 ，_1 即_1 时_1 接_1 收_1 小_1 鱼_1 信_1 息_1 ，_1 及_1 点_1 赞_1 和_1 分_1 享_1 qq_1 客_1 服_1 号_1 手_1 机_1 微_1 信_1 客_1 服_1 号_1 ：_1 x_1 ##yy_1 ##g_1 ##580_1 公_1 账_1 户_1 ：_1 账_1 号_1 户_1 名_1 ：_1 兴_1 宁_1 市_1 小_1 鱼_1 义_1 工_1 协_1 会_1 ?_1 已_1 认_1 证_1 协_1 会_1 支_1 付_1 宝_1 账_1 户_1 ：_1 兴_1 宁_1 市_1 小_1 鱼_1 义_1 工_1 协_1 会_1 （_1 捐_1 助_1 资_1 金_1 、_1 物_1 资_1 或_1 对_1 口_1 帮_1 扶_1 ，_1 请_1 向_1 小_1 鱼_1 义_1 工_1 微_1 信_1 或_1 qq_1 联_1 系_1 ）_1 欢_1 迎_1 您_1 关_1 注_1 小_1 鱼_1 微_1 公_1 益_1 ；_1 您_1 的_1 关_1 注_1 是_1 我_1 们_1 的_1 不_1 竭_1 动_1 力_1 。_1 回_1 复_1 1_1 ，_1 小_1 鱼_1 义_1 工_1 介_1 绍_1 回_1 复_1 2_1 ，_1 加_1 入_1 义_1 工_1 报_1 名_1 方_1 式_1 回_1 复_1 3_1 ，_1 近_1 期_1 活_1 动_1 安_1 排_1 回_1 复_1 00_1 ，_1 帮_1 助_1 菜_1 单_1 [SEP]_1
2019-10-28 16:31:29,272 seed everything and create model
2019-10-28 16:36:56,063 step 500 train loss: 0.9921
2019-10-28 16:36:56,064 step 500 score: 0.2202
2019-10-28 16:42:12,342 step 1000 train loss: 0.9808
2019-10-28 16:42:12,342 step 1000 score: 0.2202
