2019-10-24 10:20:26,497 log_in_file: True
2019-10-24 10:20:26,497 lm_path: /home/wangzl/PretrainedLM/XLNET/chinese_xlnet_mid_pytorch/
2019-10-24 10:20:26,497 lm_type: xlnet
2019-10-24 10:20:26,497 data_path: ../data/
2019-10-24 10:20:26,497 usegpu: True
2019-10-24 10:20:26,498 use_origin: True
2019-10-24 10:20:26,498 n_fold: 5
2019-10-24 10:20:26,498 total_step: 3000
2019-10-24 10:20:26,498 eval_every: 300
2019-10-24 10:20:26,498 early_stop: 4
2019-10-24 10:20:26,498 max_length: 510
2019-10-24 10:20:26,498 max_title_rate: 0.09
2019-10-24 10:20:26,498 content_head_rate: 0.6
2019-10-24 10:20:26,498 batch_size: 4
2019-10-24 10:20:26,498 lr_scheduler_type: linear
2019-10-24 10:20:26,498 input_pattern: head+tail+fixed
2019-10-24 10:20:26,498 clean_method: space+notzh
2019-10-24 10:20:26,498 warmup_rate: 0.1
2019-10-24 10:20:26,498 classifier_dropout: 0.3
2019-10-24 10:20:26,498 classifier_weight_decay: 0.0
2019-10-24 10:20:26,498 cache_final_model: False
2019-10-24 10:20:26,498 seed: 23
2019-10-24 10:20:26,498 lr: 2e-05
2019-10-24 10:20:26,498 lr_decay_in_layers: 0.95
2019-10-24 10:20:26,498 weight_decay: 0.01
2019-10-24 10:20:26,546 padding token is 5
2019-10-24 10:20:37,648 Token Sample: <cls>_0 ▁_0 【_0 脱_0 贫_0 攻_0 坚_0 在_0 隆_0 回_0 】_0 “_0 猪_0 崽_0 扶_0 贫_0 ”_0 助_0 民_0 脱_0 贫_0 -_0 社会_0 民生_0 -_0 隆_0 回_0 新闻_0 网_0 [PAD]_0 [PAD]_0 [PAD]_0 [PAD]_0 [PAD]_0 [PAD]_0 [PAD]_0 [PAD]_0 [PAD]_0 [PAD]_0 [PAD]_0 [PAD]_0 [PAD]_0 [PAD]_0 [PAD]_0 [PAD]_0 [PAD]_0 [PAD]_0 <sep>_0 ▁_1 隆_1 回_1 新闻_1 网_1 讯_1 (_1 特_1 约_1 通讯_1 员_1 刘_1 剑_1 )_1 “_1 向_1 总_1 送_1 我_1 三_1 头_1 猪_1 崽_1 ,_1 没_1 花_1 一_1 分_1 钱_1 ,_1 8_1 个月_1 出_1 栏_1 ,_1 卖给_1 向_1 总公司_1 2_1 头_1 ,_1 赚_1 了_1 4000_1 多_1 ,_1 自_1 家_1 留_1 用_1 了一_1 头_1 ,_1 我_1 非常_1 感_1 谢_1 向_1 总_1 。_1 ”_1 5_1 月_1 21_1 日_1 ,_1 说_1 到_1 湖南_1 辰_1 河_1 养_1 猪_1 专业_1 合作社_1 理事长_1 向_1 云_1 成_1 ,_1 隆_1 回_1 县_1 荷_1 香_1 桥镇_1 木_1 山村_1 建_1 档_1 立_1 卡_1 贫困_1 户_1 周_1 桂_1 珍_1 感_1 激_1 不_1 已_1 。_1 周_1 桂_1 珍_1 丈夫_1 向_1 顺_1 成_1 患_1 心脏_1 病_1 、_1 尿_1 毒_1 症_1 多年_1 ,_1 家庭_1 特_1 困_1 ,_1 儿子_1 也被_1 拖_1 累_1 ,_1 老_1 婆_1 都_1 娶_1 不_1 上_1 。_1 说_1 起_1 这些_1 ,_1 周_1 桂_1 珍_1 神_1 情_1 黯_1 淡_1 。_1 2017_1 年_1 ,_1 养_1 猪_1 有_1 了一_1 笔_1 固定_1 收入_1 ,_1 还_1 用_1 自_1 留_1 的_1 一_1 头_1 猪_1 摆_1 酒_1 席_1 给_1 儿子_1 娶了_1 老_1 婆_1 。_1 隆_1 回_1 县_1 多_1 山地_1 丘陵_1 ,_1 是_1 农业_1 大_1 县_1 。_1 “_1 湘_1 黔_1 邵_1 ”_1 花_1 猪_1 是_1 隆_1 回_1 县_1 区域_1 的_1 优_1 良_1 地方_1 品种_1 ,_1 适_1 宜_1 散_1 养_1 。_1 为_1 帮助_1 扶_1 贫_1 对象_1 早_1 日_1 脱_1 贫_1 致_1 富_1 奔_1 小_1 康_1 ,_1 辰_1 河_1 合作社_1 全面_1 改造_1 年_1 出_1 栏_1 150_1 头_1 “_1 湘_1 黔_1 邵_1 ”_1 种_1 猪_1 的标准_1 化_1 养殖_1 场_1 ,_1 建立了_1 仔_1 猪_1 繁殖_1 公司_1 ,_1 示范_1 带_1 动_1 全_1 社_1 成员_1 场_1 户_1 在_1 各自_1 所在地_1 实施_1 精_1 准_1 帮_1 扶_1 建_1 档_1 立_1 卡_1 贫困_1 户_1 进行_1 生_1 猪_1 养殖_1 <sep>_1 免费_1 发送_1 3_1 头_1 仔_1 猪_1 ,_1 由_1 贫困_1 户_1 采用_1 红_1 薯_1 藤_1 、_1 潲_1 水_1 等_1 原_1 生态_1 饲_1 料_1 喂_1 养_1 ,_1 仔_1 猪_1 出_1 栏_1 时_1 再_1 以_1 每_1 斤_1 9_1 元_1 的_1 保_1 底_1 价_1 回收_1 。_1 塘_1 冲_1 村_1 建_1 档_1 立_1 卡_1 贫困_1 户_1 周_1 长_1 河_1 喂_1 养_1 了_1 3_1 头_1 ,_1 春_1 节_1 期间_1 卖_1 了一_1 头_1 ,_1 赚_1 了_1 1000_1 多元_1 。_1 现存_1 栏_1 2_1 头_1 ,_1 其中_1 大_1 的_1 已_1 达_1 230_1 斤_1 。_1 屈_1 指_1 一_1 算_1 ,_1 3_1 头_1 猪_1 总共_1 可_1 赚_1 5000_1 元_1 左右_1 。_1 欧阳_1 楚_1 梅_1 养_1 的_1 一_1 头_1 仔_1 猪_1 如今_1 已_1 长_1 成了_1 大_1 母_1 猪_1 ,_1 不久_1 前_1 ,_1 一次_1 生下_1 9_1 个_1 小_1 猪_1 崽_1 ,_1 给_1 全家_1 脱_1 贫_1 带来_1 希望_1 。_1 向_1 云_1 成_1 表示_1 :“_1 猪_1 崽_1 扶_1 贫_1 ”_1 可以_1 让_1 贫困_1 户_1 在_1 养_1 猪_1 过程中_1 学_1 到_1 养_1 猪_1 技术_1 ,_1 还可以_1 改变_1 贫困_1 户_1 等_1 、_1 靠_1 、_1 要_1 的思想_1 ,_1 促使_1 贫困_1 户_1 勤_1 劳_1 致_1 富_1 、_1 科技_1 致_1 富_1 。_1 <sep>_1
2019-10-24 10:20:51,277 Token Sample: <cls>_0 ▁_0 缘_0 分_0 让_0 我们_0 相遇_0 ,_0 却_0 是_0 意外_0 !_0 一个_0 下_0 坡_0 不_0 留_0 心_0 致_0 三_0 车_0 追_0 尾_0 [PAD]_0 [PAD]_0 [PAD]_0 [PAD]_0 [PAD]_0 [PAD]_0 [PAD]_0 [PAD]_0 [PAD]_0 [PAD]_0 [PAD]_0 [PAD]_0 [PAD]_0 [PAD]_0 [PAD]_0 [PAD]_0 [PAD]_0 [PAD]_0 [PAD]_0 [PAD]_0 [PAD]_0 [PAD]_0 [PAD]_0 [PAD]_0 <sep>_0 ▁12_1 月_1 13_1 日_1 ,_1 单_1 王_1 派出_1 所_1 接到_1 群众_1 报_1 警_1 称_1 在_1 单_1 王_1 某_1 沙_1 塘_1 发生_1 交通_1 事故_1 ,_1 接_1 报_1 后_1 民_1 警_1 立即_1 赶_1 赴_1 现场_1 ,_1 经_1 查_1 ,_1 刘_1 师_1 傅_1 的_1 车_1 子_1 在_1 下_1 坡_1 时_1 不慎_1 撞_1 上_1 马_1 师_1 傅_1 的_1 车_1 尾_1 ,_1 而_1 马_1 师_1 傅_1 的_1 车_1 子_1 因_1 刘_1 师_1 傅_1 车_1 子_1 的_1 碰撞_1 后_1 其_1 车_1 头_1 再次_1 撞_1 上_1 蔡_1 师_1 傅_1 的_1 车_1 尾_1 。_1 ps_1 :_1 蔡_1 师_1 傅_1 和_1 马_1 师_1 傅_1 车_1 子_1 被_1 撞_1 了_1 反而_1 喜_1 感_1 爆_1 棚_1 ?_1 因为_1 心_1 态_1 好_1 ,_1 刘_1 师_1 傅_1 为什么_1 不_1 开_1 心_1 ?_1 因为他_1 全_1 责_1 。_1 ,_1 下载_1 次数_1 :_1 0_1 )_1 下载_1 附件_1 保存_1 到_1 相_1 册_1 上_1 传_1 ,_1 下载_1 次数_1 :_1 0_1 )_1 下载_1 附件_1 保存_1 到_1 相_1 册_1 上_1 传_1 ,_1 下载_1 次数_1 :_1 0_1 )_1 下载_1 附件_1 保存_1 到_1 相_1 册_1 上_1 传_1 ,_1 下载_1 次数_1 :_1 0_1 )_1 下载_1 附件_1 保存_1 到_1 相_1 册_1 上_1 传_1 ,_1 下载_1 次数_1 :_1 0_1 )_1 下载_1 附件_1 保存_1 到_1 相_1 册_1 上_1 传_1 [PAD]_1 [PAD]_1 [PAD]_1 [PAD]_1 [PAD]_1 [PAD]_1 [PAD]_1 [PAD]_1 [PAD]_1 [PAD]_1 [PAD]_1 [PAD]_1 [PAD]_1 [PAD]_1 [PAD]_1 [PAD]_1 [PAD]_1 [PAD]_1 [PAD]_1 [PAD]_1 [PAD]_1 [PAD]_1 [PAD]_1 [PAD]_1 [PAD]_1 [PAD]_1 [PAD]_1 [PAD]_1 [PAD]_1 [PAD]_1 [PAD]_1 [PAD]_1 [PAD]_1 [PAD]_1 [PAD]_1 [PAD]_1 [PAD]_1 [PAD]_1 [PAD]_1 [PAD]_1 [PAD]_1 [PAD]_1 [PAD]_1 [PAD]_1 [PAD]_1 [PAD]_1 [PAD]_1 [PAD]_1 [PAD]_1 [PAD]_1 [PAD]_1 [PAD]_1 [PAD]_1 [PAD]_1 [PAD]_1 [PAD]_1 [PAD]_1 [PAD]_1 [PAD]_1 [PAD]_1 [PAD]_1 [PAD]_1 [PAD]_1 [PAD]_1 [PAD]_1 [PAD]_1 [PAD]_1 [PAD]_1 [PAD]_1 [PAD]_1 [PAD]_1 [PAD]_1 [PAD]_1 [PAD]_1 [PAD]_1 [PAD]_1 [PAD]_1 [PAD]_1 [PAD]_1 [PAD]_1 [PAD]_1 [PAD]_1 [PAD]_1 [PAD]_1 [PAD]_1 <sep>_1 报_1 警_1 称_1 在_1 单_1 王_1 某_1 沙_1 塘_1 发生_1 交通_1 事故_1 ,_1 接_1 报_1 后_1 民_1 警_1 立即_1 赶_1 赴_1 现场_1 ,_1 经_1 查_1 ,_1 刘_1 师_1 傅_1 的_1 车_1 子_1 在_1 下_1 坡_1 时_1 不慎_1 撞_1 上_1 马_1 师_1 傅_1 的_1 车_1 尾_1 ,_1 而_1 马_1 师_1 傅_1 的_1 车_1 子_1 因_1 刘_1 师_1 傅_1 车_1 子_1 的_1 碰撞_1 后_1 其_1 车_1 头_1 再次_1 撞_1 上_1 蔡_1 师_1 傅_1 的_1 车_1 尾_1 。_1 ps_1 :_1 蔡_1 师_1 傅_1 和_1 马_1 师_1 傅_1 车_1 子_1 被_1 撞_1 了_1 反而_1 喜_1 感_1 爆_1 棚_1 ?_1 因为_1 心_1 态_1 好_1 ,_1 刘_1 师_1 傅_1 为什么_1 不_1 开_1 心_1 ?_1 因为他_1 全_1 责_1 。_1 ,_1 下载_1 次数_1 :_1 0_1 )_1 下载_1 附件_1 保存_1 到_1 相_1 册_1 上_1 传_1 ,_1 下载_1 次数_1 :_1 0_1 )_1 下载_1 附件_1 保存_1 到_1 相_1 册_1 上_1 传_1 ,_1 下载_1 次数_1 :_1 0_1 )_1 下载_1 附件_1 保存_1 到_1 相_1 册_1 上_1 传_1 ,_1 下载_1 次数_1 :_1 0_1 )_1 下载_1 附件_1 保存_1 到_1 相_1 册_1 上_1 传_1 ,_1 下载_1 次数_1 :_1 0_1 )_1 下载_1 附件_1 保存_1 到_1 相_1 册_1 上_1 传_1 <sep>_1
2019-10-24 10:20:56,659 Token Sample: <cls>_0 ▁_0 国_0 考_0 铁路_0 公安_0 面_0 试_0 特点_0 介绍_0 [PAD]_0 [PAD]_0 [PAD]_0 [PAD]_0 [PAD]_0 [PAD]_0 [PAD]_0 [PAD]_0 [PAD]_0 [PAD]_0 [PAD]_0 [PAD]_0 [PAD]_0 [PAD]_0 [PAD]_0 [PAD]_0 [PAD]_0 [PAD]_0 [PAD]_0 [PAD]_0 [PAD]_0 [PAD]_0 [PAD]_0 [PAD]_0 [PAD]_0 [PAD]_0 [PAD]_0 [PAD]_0 [PAD]_0 [PAD]_0 [PAD]_0 [PAD]_0 [PAD]_0 [PAD]_0 [PAD]_0 [PAD]_0 [PAD]_0 <sep>_0 ▁2019_1 年_1 国家_1 公_1 务_1 员_1 考试_1 已经_1 结束_1 ,_1 接下来_1 就是_1 激_1 动_1 人心_1 查_1 成绩_1 的_1 时刻_1 啦_1 ,_1 希望_1 大家_1 都能_1 考_1 出_1 不_1 错_1 的成绩_1 ,_1 笔_1 试_1 成绩_1 出来_1 就_1 该_1 面_1 试_1 环节_1 了_1 ,_1 国_1 考_1 至_1 关_1 重要的_1 一步_1 ,_1 所以_1 好_1 好_1 好_1 准备_1 。_1 中_1 公_1 山东_1 警_1 法_1 考试_1 网_1 为_1 大家_1 带来_1 2019_1 年_1 国_1 考_1 面_1 试_1 热_1 点_1 分析_1 ,_1 供_1 大家_1 参考_1 。_1 ※_1 趋势_1 总_1 述_1 2019_1 年_1 铁路_1 公安_1 面_1 试_1 将_1 继续_1 采取_1 独立_1 命题_1 ,_1 必_1 考_1 视频_1 题_1 和_1 铁_1 警_1 业务_1 技能_1 ,_1 题_1 目_1 具有_1 专业_1 性_1 。_1 ※_1 形式_1 特点_1 1_1 ._1 面_1 试_1 形式_1 :_1 结构_1 化_1 面_1 试_1 。_1 2_1 ._1 面_1 试_1 题_1 量_1 :_1 每天_1 一套_1 题_1 ,_1 每_1 套_1 4_1 -_1 5_1 道_1 题_1 目_1 。_1 3_1 ._1 面_1 试_1 时间_1 :_1 20_1 -_1 25_1 分钟_1 ,_1 提前_1 3_1 -_1 5_1 分钟_1 提醒_1 。_1 4_1 ._1 考试_1 方式_1 :_1 采取_1 听_1 题_1 答_1 题_1 ,_1 由_1 考官_1 读_1 题_1 提_1 问_1 ,_1 视频_1 为_1 电脑_1 播放_1 或是_1 投影_1 观看_1 。_1 5_1 ._1 专业_1 性_1 :_1 需要_1 具备_1 观察_1 描述_1 的能力_1 、_1 铁_1 警_1 业务_1 知识_1 和_1 突_1 发_1 应对_1 处理_1 能力_1 。_1 ※_1 内容_1 特点_1 特点_1 1_1 :_1 必_1 考_1 视频_1 题_1 ,_1 通常_1 两_1 问_1 。_1 视频_1 题_1 目_1 考_1 查_1 专业_1 ,_1 往往_1 都是_1 围绕_1 体_1 貌_1 特征_1 描述_1 ,_1 作_1 案_1 过程_1 描述_1 ,_1 破_1 案_1 线_1 索_1 提供_1 ,_1 对比_1 多个_1 视频_1 的不同_1 ,_1 以及_1 为_1 旅客_1 提供_1 指导_1 建议_1 等方面_1 进行_1 考_1 查_1 【_1 例_1 题_1 】_1 视频_1 题_1 :_1 两名_1 铁路_1 民_1 警_1 用_1 <sep>_1 中_1 出现了_1 3_1 次_1 ,_1 图片_1 和_1 漫画_1 围绕_1 着_1 社会_1 热_1 点_1 事件_1 进行_1 出_1 题_1 ,_1 让_1 考试_1 针对_1 图片_1 或_1 漫画_1 谈_1 谈_1 其_1 理解_1 和_1 看法_1 。_1 这是_1 铁路_1 公安_1 面_1 试_1 的_1 又_1 一_1 创新_1 ,_1 需要_1 我们_1 重视_1 和_1 关注_1 。_1 【_1 例_1 题_1 】_1 有_1 一张_1 著名的_1 百年_1 老_1 照片_1 ,_1 照片_1 里_1 一名_1 小_1 患者_1 彬_1 彬_1 有_1 礼_1 地_1 向_1 “_1 洋_1 医生_1 ”_1 鞠_1 躬_1 ,_1 医生_1 也_1 深深_1 鞠_1 躬_1 回_1 礼_1 。_1 近_1 日_1 ,_1 同样_1 温暖_1 的_1 一_1 幕_1 也_1 发生在_1 武汉市_1 中心_1 医院_1 后_1 湖_1 院_1 区_1 儿_1 科_1 门_1 诊_1 ,_1 一名_1 3_1 岁_1 男孩_1 向_1 挽救_1 了_1 自己_1 生命_1 的_1 医生_1 鞠_1 躬_1 致_1 谢_1 ,_1 医生_1 也_1 鞠_1 躬_1 回_1 礼_1 。_1 根据_1 两_1 幅_1 图片_1 ,_1 请_1 拟_1 定_1 一个_1 标题_1 ,_1 并_1 谈_1 谈_1 自己_1 的看法_1 。_1 点_1 击_1 底部_1 阅读_1 原文_1 查看_1 国_1 考_1 铁路_1 公安_1 面_1 试_1 备_1 考_1 专题_1 国_1 考_1 招_1 警_1 交流_1 群_1 78_1 29_1 23_1 2_1 17_1 有_1 专业_1 老师_1 为_1 你_1 答_1 疑_1 解_1 惑_1 哦_1 <sep>_1
2019-10-24 10:21:01,701 Token Sample: <cls>_0 ▁这个_0 海_0 韵_0 小_0 区_0 跟_0 第三_0 幼_0 儿_0 园_0 还_0 建_0 不_0 怎么_0 看_0 不到_0 开工_0 的_0 迹_0 象_0 [PAD]_0 [PAD]_0 [PAD]_0 [PAD]_0 [PAD]_0 [PAD]_0 [PAD]_0 [PAD]_0 [PAD]_0 [PAD]_0 [PAD]_0 [PAD]_0 [PAD]_0 [PAD]_0 [PAD]_0 [PAD]_0 [PAD]_0 [PAD]_0 [PAD]_0 [PAD]_0 [PAD]_0 [PAD]_0 [PAD]_0 [PAD]_0 [PAD]_0 [PAD]_0 <sep>_0 ▁这个_1 海_1 韵_1 小_1 区_1 跟_1 第三_1 幼_1 儿_1 园_1 还_1 建_1 不_1 怎么_1 看_1 不到_1 开工_1 的_1 迹_1 象_1 [PAD]_1 [PAD]_1 [PAD]_1 [PAD]_1 [PAD]_1 [PAD]_1 [PAD]_1 [PAD]_1 [PAD]_1 [PAD]_1 [PAD]_1 [PAD]_1 [PAD]_1 [PAD]_1 [PAD]_1 [PAD]_1 [PAD]_1 [PAD]_1 [PAD]_1 [PAD]_1 [PAD]_1 [PAD]_1 [PAD]_1 [PAD]_1 [PAD]_1 [PAD]_1 [PAD]_1 [PAD]_1 [PAD]_1 [PAD]_1 [PAD]_1 [PAD]_1 [PAD]_1 [PAD]_1 [PAD]_1 [PAD]_1 [PAD]_1 [PAD]_1 [PAD]_1 [PAD]_1 [PAD]_1 [PAD]_1 [PAD]_1 [PAD]_1 [PAD]_1 [PAD]_1 [PAD]_1 [PAD]_1 [PAD]_1 [PAD]_1 [PAD]_1 [PAD]_1 [PAD]_1 [PAD]_1 [PAD]_1 [PAD]_1 [PAD]_1 [PAD]_1 [PAD]_1 [PAD]_1 [PAD]_1 [PAD]_1 [PAD]_1 [PAD]_1 [PAD]_1 [PAD]_1 [PAD]_1 [PAD]_1 [PAD]_1 [PAD]_1 [PAD]_1 [PAD]_1 [PAD]_1 [PAD]_1 [PAD]_1 [PAD]_1 [PAD]_1 [PAD]_1 [PAD]_1 [PAD]_1 [PAD]_1 [PAD]_1 [PAD]_1 [PAD]_1 [PAD]_1 [PAD]_1 [PAD]_1 [PAD]_1 [PAD]_1 [PAD]_1 [PAD]_1 [PAD]_1 [PAD]_1 [PAD]_1 [PAD]_1 [PAD]_1 [PAD]_1 [PAD]_1 [PAD]_1 [PAD]_1 [PAD]_1 [PAD]_1 [PAD]_1 [PAD]_1 [PAD]_1 [PAD]_1 [PAD]_1 [PAD]_1 [PAD]_1 [PAD]_1 [PAD]_1 [PAD]_1 [PAD]_1 [PAD]_1 [PAD]_1 [PAD]_1 [PAD]_1 [PAD]_1 [PAD]_1 [PAD]_1 [PAD]_1 [PAD]_1 [PAD]_1 [PAD]_1 [PAD]_1 [PAD]_1 [PAD]_1 [PAD]_1 [PAD]_1 [PAD]_1 [PAD]_1 [PAD]_1 [PAD]_1 [PAD]_1 [PAD]_1 [PAD]_1 [PAD]_1 [PAD]_1 [PAD]_1 [PAD]_1 [PAD]_1 [PAD]_1 [PAD]_1 [PAD]_1 [PAD]_1 [PAD]_1 [PAD]_1 [PAD]_1 [PAD]_1 [PAD]_1 [PAD]_1 [PAD]_1 [PAD]_1 [PAD]_1 [PAD]_1 [PAD]_1 [PAD]_1 [PAD]_1 [PAD]_1 [PAD]_1 [PAD]_1 [PAD]_1 [PAD]_1 [PAD]_1 [PAD]_1 [PAD]_1 [PAD]_1 [PAD]_1 [PAD]_1 [PAD]_1 [PAD]_1 [PAD]_1 [PAD]_1 [PAD]_1 [PAD]_1 [PAD]_1 [PAD]_1 [PAD]_1 [PAD]_1 [PAD]_1 [PAD]_1 [PAD]_1 [PAD]_1 [PAD]_1 [PAD]_1 [PAD]_1 [PAD]_1 [PAD]_1 [PAD]_1 [PAD]_1 [PAD]_1 [PAD]_1 [PAD]_1 [PAD]_1 [PAD]_1 [PAD]_1 [PAD]_1 [PAD]_1 [PAD]_1 [PAD]_1 [PAD]_1 [PAD]_1 [PAD]_1 [PAD]_1 [PAD]_1 [PAD]_1 [PAD]_1 [PAD]_1 [PAD]_1 [PAD]_1 [PAD]_1 [PAD]_1 [PAD]_1 [PAD]_1 [PAD]_1 [PAD]_1 [PAD]_1 [PAD]_1 [PAD]_1 [PAD]_1 [PAD]_1 [PAD]_1 [PAD]_1 [PAD]_1 [PAD]_1 [PAD]_1 [PAD]_1 [PAD]_1 [PAD]_1 [PAD]_1 [PAD]_1 [PAD]_1 [PAD]_1 [PAD]_1 [PAD]_1 [PAD]_1 [PAD]_1 [PAD]_1 [PAD]_1 [PAD]_1 [PAD]_1 [PAD]_1 [PAD]_1 [PAD]_1 [PAD]_1 [PAD]_1 [PAD]_1 [PAD]_1 [PAD]_1 [PAD]_1 [PAD]_1 [PAD]_1 [PAD]_1 [PAD]_1 [PAD]_1 [PAD]_1 [PAD]_1 [PAD]_1 <sep>_1 [PAD]_1 [PAD]_1 [PAD]_1 [PAD]_1 [PAD]_1 [PAD]_1 [PAD]_1 [PAD]_1 [PAD]_1 [PAD]_1 [PAD]_1 [PAD]_1 [PAD]_1 [PAD]_1 [PAD]_1 [PAD]_1 [PAD]_1 [PAD]_1 [PAD]_1 [PAD]_1 [PAD]_1 [PAD]_1 [PAD]_1 [PAD]_1 [PAD]_1 [PAD]_1 [PAD]_1 [PAD]_1 [PAD]_1 [PAD]_1 [PAD]_1 [PAD]_1 [PAD]_1 [PAD]_1 [PAD]_1 [PAD]_1 [PAD]_1 [PAD]_1 [PAD]_1 [PAD]_1 [PAD]_1 [PAD]_1 [PAD]_1 [PAD]_1 [PAD]_1 [PAD]_1 [PAD]_1 [PAD]_1 [PAD]_1 [PAD]_1 [PAD]_1 [PAD]_1 [PAD]_1 [PAD]_1 [PAD]_1 [PAD]_1 [PAD]_1 [PAD]_1 [PAD]_1 [PAD]_1 [PAD]_1 [PAD]_1 [PAD]_1 [PAD]_1 [PAD]_1 [PAD]_1 [PAD]_1 [PAD]_1 [PAD]_1 [PAD]_1 [PAD]_1 [PAD]_1 [PAD]_1 [PAD]_1 [PAD]_1 [PAD]_1 [PAD]_1 [PAD]_1 [PAD]_1 [PAD]_1 [PAD]_1 [PAD]_1 [PAD]_1 [PAD]_1 [PAD]_1 [PAD]_1 [PAD]_1 [PAD]_1 [PAD]_1 [PAD]_1 [PAD]_1 [PAD]_1 [PAD]_1 [PAD]_1 [PAD]_1 [PAD]_1 [PAD]_1 [PAD]_1 [PAD]_1 [PAD]_1 [PAD]_1 [PAD]_1 [PAD]_1 [PAD]_1 [PAD]_1 [PAD]_1 [PAD]_1 [PAD]_1 [PAD]_1 [PAD]_1 [PAD]_1 [PAD]_1 [PAD]_1 [PAD]_1 [PAD]_1 [PAD]_1 [PAD]_1 [PAD]_1 [PAD]_1 [PAD]_1 [PAD]_1 [PAD]_1 [PAD]_1 [PAD]_1 [PAD]_1 [PAD]_1 [PAD]_1 [PAD]_1 [PAD]_1 [PAD]_1 [PAD]_1 [PAD]_1 [PAD]_1 [PAD]_1 [PAD]_1 [PAD]_1 [PAD]_1 [PAD]_1 [PAD]_1 [PAD]_1 [PAD]_1 [PAD]_1 [PAD]_1 [PAD]_1 [PAD]_1 [PAD]_1 [PAD]_1 [PAD]_1 [PAD]_1 [PAD]_1 [PAD]_1 [PAD]_1 [PAD]_1 [PAD]_1 [PAD]_1 [PAD]_1 [PAD]_1 [PAD]_1 [PAD]_1 [PAD]_1 [PAD]_1 [PAD]_1 ▁这个_1 海_1 韵_1 小_1 区_1 跟_1 第三_1 幼_1 儿_1 园_1 还_1 建_1 不_1 怎么_1 看_1 不到_1 开工_1 的_1 迹_1 象_1 <sep>_1
2019-10-24 10:21:03,913 seed everything and create model
2019-10-24 10:29:32,432 step 300 train loss: 0.7722
2019-10-24 10:29:32,433 step 300 score: 0.5488
2019-10-24 10:37:53,025 step 600 train loss: 0.4732
2019-10-24 10:37:53,025 step 600 score: 0.6596
2019-10-24 10:46:13,693 step 900 train loss: 0.4201
2019-10-24 10:46:13,694 step 900 score: 0.7375
2019-10-24 10:54:34,269 step 1200 train loss: 0.4082
2019-10-24 10:54:34,269 step 1200 score: 0.7543
2019-10-24 11:02:51,218 step 1500 train loss: 0.3613
2019-10-24 11:02:51,218 step 1500 score: 0.7639
2019-10-24 11:11:07,963 step 1800 train loss: 0.2717
2019-10-24 11:11:07,963 step 1800 score: 0.7692
2019-10-24 11:19:24,842 step 2100 train loss: 0.2399
2019-10-24 11:19:24,842 step 2100 score: 0.7953
2019-10-24 11:27:41,695 step 2400 train loss: 0.2524
2019-10-24 11:27:41,695 step 2400 score: 0.7874
2019-10-24 11:35:58,501 step 2700 train loss: 0.2502
2019-10-24 11:35:58,501 step 2700 score: 0.7790
2019-10-24 11:44:15,372 step 3000 train loss: 0.1969
2019-10-24 11:44:15,373 step 3000 score: 0.7921
2019-10-24 11:44:15,373 best score is 0.7953
2019-10-24 12:02:40,014 step 300 train loss: 0.7324
2019-10-24 12:02:40,014 step 300 score: 0.6143
2019-10-24 12:10:56,764 step 600 train loss: 0.4649
2019-10-24 12:10:56,764 step 600 score: 0.7091
2019-10-24 12:19:13,498 step 900 train loss: 0.4375
2019-10-24 12:19:13,499 step 900 score: 0.7536
2019-10-24 12:27:30,158 step 1200 train loss: 0.4213
2019-10-24 12:27:30,158 step 1200 score: 0.7372
2019-10-24 12:35:46,815 step 1500 train loss: 0.3958
2019-10-24 12:35:46,815 step 1500 score: 0.7945
2019-10-24 12:44:03,575 step 1800 train loss: 0.2964
2019-10-24 12:44:03,576 step 1800 score: 0.7921
2019-10-24 12:52:20,295 step 2100 train loss: 0.2637
2019-10-24 12:52:20,295 step 2100 score: 0.8111
2019-10-24 13:00:37,042 step 2400 train loss: 0.2258
2019-10-24 13:00:37,042 step 2400 score: 0.8111
2019-10-24 13:08:53,792 step 2700 train loss: 0.2637
2019-10-24 13:08:53,792 step 2700 score: 0.8163
2019-10-24 13:17:10,533 step 3000 train loss: 0.2310
2019-10-24 13:17:10,533 step 3000 score: 0.8196
2019-10-24 13:17:10,546 best score is 0.8196
2019-10-24 13:35:34,943 step 300 train loss: 0.7465
2019-10-24 13:35:34,943 step 300 score: 0.7343
2019-10-24 13:43:55,414 step 600 train loss: 0.4853
2019-10-24 13:43:55,414 step 600 score: 0.7779
2019-10-24 13:52:15,732 step 900 train loss: 0.4299
2019-10-24 13:52:15,733 step 900 score: 0.7759
2019-10-24 14:00:36,080 step 1200 train loss: 0.3875
2019-10-24 14:00:36,080 step 1200 score: 0.7904
2019-10-24 14:08:56,415 step 1500 train loss: 0.3821
2019-10-24 14:08:56,415 step 1500 score: 0.7721
2019-10-24 14:17:16,783 step 1800 train loss: 0.2654
2019-10-24 14:17:16,784 step 1800 score: 0.7979
2019-10-24 14:25:37,082 step 2100 train loss: 0.2446
2019-10-24 14:25:37,082 step 2100 score: 0.8007
2019-10-24 14:33:57,429 step 2400 train loss: 0.2765
2019-10-24 14:33:57,429 step 2400 score: 0.8097
2019-10-24 14:42:17,653 step 2700 train loss: 0.2420
2019-10-24 14:42:17,653 step 2700 score: 0.7994
2019-10-24 14:50:37,891 step 3000 train loss: 0.2158
2019-10-24 14:50:37,891 step 3000 score: 0.7911
2019-10-24 14:50:37,891 best score is 0.8097
2019-10-24 15:09:05,954 step 300 train loss: 0.7305
2019-10-24 15:09:05,954 step 300 score: 0.6464
2019-10-24 15:17:26,234 step 600 train loss: 0.4735
2019-10-24 15:17:26,235 step 600 score: 0.7374
2019-10-24 15:25:46,538 step 900 train loss: 0.4213
2019-10-24 15:25:46,538 step 900 score: 0.7806
2019-10-24 15:34:06,823 step 1200 train loss: 0.3872
2019-10-24 15:34:06,824 step 1200 score: 0.7858
2019-10-24 15:42:27,139 step 1500 train loss: 0.3595
2019-10-24 15:42:27,140 step 1500 score: 0.7777
2019-10-24 15:50:47,474 step 1800 train loss: 0.2236
2019-10-24 15:50:47,474 step 1800 score: 0.7783
2019-10-24 15:59:07,755 step 2100 train loss: 0.2476
2019-10-24 15:59:07,755 step 2100 score: 0.7911
2019-10-24 16:07:28,064 step 2400 train loss: 0.2590
2019-10-24 16:07:28,064 step 2400 score: 0.7839
2019-10-24 16:15:48,352 step 2700 train loss: 0.2629
2019-10-24 16:15:48,353 step 2700 score: 0.7943
2019-10-24 16:24:08,798 step 3000 train loss: 0.1989
2019-10-24 16:24:08,798 step 3000 score: 0.8005
2019-10-24 16:24:08,811 best score is 0.8005
2019-10-24 16:42:36,818 step 300 train loss: 0.6859
2019-10-24 16:42:36,819 step 300 score: 0.7054
2019-10-24 16:50:57,132 step 600 train loss: 0.4686
2019-10-24 16:50:57,132 step 600 score: 0.7128
2019-10-24 16:59:17,497 step 900 train loss: 0.4112
2019-10-24 16:59:17,497 step 900 score: 0.7101
2019-10-24 17:07:37,851 step 1200 train loss: 0.4173
2019-10-24 17:07:37,851 step 1200 score: 0.7772
2019-10-24 17:15:58,196 step 1500 train loss: 0.3769
2019-10-24 17:15:58,196 step 1500 score: 0.8130
2019-10-24 17:24:18,599 step 1800 train loss: 0.2652
2019-10-24 17:24:18,599 step 1800 score: 0.8035
2019-10-24 17:32:38,966 step 2100 train loss: 0.2572
2019-10-24 17:32:38,966 step 2100 score: 0.8094
2019-10-24 17:40:59,299 step 2400 train loss: 0.2611
2019-10-24 17:40:59,299 step 2400 score: 0.8235
2019-10-24 17:49:19,596 step 2700 train loss: 0.2231
2019-10-24 17:49:19,597 step 2700 score: 0.7956
2019-10-24 17:57:39,885 step 3000 train loss: 0.2198
2019-10-24 17:57:39,885 step 3000 score: 0.8012
2019-10-24 17:57:39,885 best score is 0.8235
2019-10-24 18:07:47,675 average: 0.809733
