2019-10-16 15:30:17,062 log_in_file: True
2019-10-16 15:30:17,062 bert_path: /home/wangzl/PretrainedLM/BERT/New/roberta_zh_base_L-24_H-1024-16/
2019-10-16 15:30:17,062 data_path: ../data/
2019-10-16 15:30:17,062 usegpu: True
2019-10-16 15:30:17,062 use_origin: False
2019-10-16 15:30:17,062 total_step: 10000
2019-10-16 15:30:17,062 eval_every: 1000
2019-10-16 15:30:17,062 early_stop: 4
2019-10-16 15:30:17,062 max_length: 510
2019-10-16 15:30:17,062 max_title_rate: 0.125
2019-10-16 15:30:17,062 content_head_rate: 0.6
2019-10-16 15:30:17,062 batch_size: 2
2019-10-16 15:30:17,062 lr_scheduler_type: linear
2019-10-16 15:30:17,062 input_pattern: head+tail+dynamic
2019-10-16 15:30:17,062 clean_method: space+notzh
2019-10-16 15:30:17,062 warmup_rate: 0.1
2019-10-16 15:30:17,062 classifier_dropout: 0.3
2019-10-16 15:30:17,062 classifier_weight_decay: 0.0
2019-10-16 15:30:17,062 cache_final_model: False
2019-10-16 15:30:17,062 seed: 23
2019-10-16 15:30:17,062 lr: 5e-06
2019-10-16 15:30:17,062 lr_decay_in_layers: 0.99
2019-10-16 15:30:17,062 weight_decay: 0.01
2019-10-16 15:30:43,063 Token Sample: [CLS]_0 预_0 警_0 信_0 息_0 [SEP]_0 预_1 警_1 信_1 息_1 近_1 期_1 ，_1 有_1 不_1 法_1 分_1 子_1 冒_1 充_1 领_1 导_1 、_1 好_1 友_1 ，_1 以_1 给_1 领_1 导_1 送_1 红_1 包_1 、_1 急_1 需_1 资_1 金_1 等_1 为_1 由_1 实_1 施_1 诈_1 骗_1 。_1 警_1 方_1 提_1 示_1 ：_1 凡_1 是_1 要_1 求_1 转_1 账_1 （_1 特_1 别_1 是_1 通_1 过_1 无_1 卡_1 存_1 款_1 方_1 式_1 进_1 行_1 转_1 账_1 ）_1 的_1 都_1 是_1 诈_1 骗_1 ，_1 转_1 账_1 汇_1 款_1 前_1 一_1 定_1 要_1 多_1 方_1 核_1 实_1 ，_1 切_1 不_1 可_1 贪_1 小_1 失_1 大_1 ，_1 谨_1 防_1 上_1 当_1 受_1 骗_1 。_1 ?_1 ?_1 24_1 小_1 时_1 咨_1 询_1 电_1 话_1 达_1 警_1 官_1 张_1 警_1 官_1 ）_1 江_1 孜_1 县_1 公_1 安_1 局_1 2018_1 年_1 5_1 月_1 21_1 日_1 审_1 核_1 ：_1 ?_1 顿_1 ?_1 珠_1 编_1 辑_1 ：_1 ?_1 强_1 ?_1 久_1 [SEP]_1 [PAD]_1 [PAD]_1 [PAD]_1 [PAD]_1 [PAD]_1 [PAD]_1 [PAD]_1 [PAD]_1 [PAD]_1 [PAD]_1 [PAD]_1 [PAD]_1 [PAD]_1 [PAD]_1 [PAD]_1 [PAD]_1 [PAD]_1 [PAD]_1 [PAD]_1 [PAD]_1 [PAD]_1 [PAD]_1 [PAD]_1 [PAD]_1 [PAD]_1 [PAD]_1 [PAD]_1 [PAD]_1 [PAD]_1 [PAD]_1 [PAD]_1 [PAD]_1 [PAD]_1 [PAD]_1 [PAD]_1 [PAD]_1 [PAD]_1 [PAD]_1 [PAD]_1 [PAD]_1 [PAD]_1 [PAD]_1 [PAD]_1 [PAD]_1 [PAD]_1 [PAD]_1 [PAD]_1 [PAD]_1 [PAD]_1 [PAD]_1 [PAD]_1 [PAD]_1 [PAD]_1 [PAD]_1 [PAD]_1 [PAD]_1 [PAD]_1 [PAD]_1 [PAD]_1 [PAD]_1 [PAD]_1 [PAD]_1 [PAD]_1 [PAD]_1 [PAD]_1 [PAD]_1 [PAD]_1 [PAD]_1 [PAD]_1 [PAD]_1 [PAD]_1 [PAD]_1 [PAD]_1 [PAD]_1 [PAD]_1 [PAD]_1 [PAD]_1 [PAD]_1 [PAD]_1 [PAD]_1 [PAD]_1 [PAD]_1 [PAD]_1 [PAD]_1 [PAD]_1 [PAD]_1 [PAD]_1 [PAD]_1 [PAD]_1 [PAD]_1 [PAD]_1 [PAD]_1 [PAD]_1 [PAD]_1 [PAD]_1 [PAD]_1 [PAD]_1 [PAD]_1 [PAD]_1 [PAD]_1 [PAD]_1 [PAD]_1 [PAD]_1 [PAD]_1 [PAD]_1 [PAD]_1 [PAD]_1 [PAD]_1 [PAD]_1 [PAD]_1 [PAD]_1 [PAD]_1 [PAD]_1 [PAD]_1 [PAD]_1 [PAD]_1 [PAD]_1 [PAD]_1 [PAD]_1 [PAD]_1 [PAD]_1 [PAD]_1 [PAD]_1 [PAD]_1 [PAD]_1 [PAD]_1 [PAD]_1 [PAD]_1 [PAD]_1 [PAD]_1 [PAD]_1 [PAD]_1 [PAD]_1 [PAD]_1 [PAD]_1 [PAD]_1 [PAD]_1 [PAD]_1 [PAD]_1 [PAD]_1 [PAD]_1 [PAD]_1 [PAD]_1 [PAD]_1 [PAD]_1 [PAD]_1 [PAD]_1 [PAD]_1 [PAD]_1 [PAD]_1 [PAD]_1 [PAD]_1 [PAD]_1 [PAD]_1 [PAD]_1 [PAD]_1 [PAD]_1 [PAD]_1 [PAD]_1 [PAD]_1 [PAD]_1 [PAD]_1 [PAD]_1 [PAD]_1 [PAD]_1 [PAD]_1 [PAD]_1 [PAD]_1 [PAD]_1 [PAD]_1 [PAD]_1 [PAD]_1 [PAD]_1 [PAD]_1 [PAD]_1 [PAD]_1 [PAD]_1 [PAD]_1 [PAD]_1 [PAD]_1 [PAD]_1 [PAD]_1 [PAD]_1 [PAD]_1 [PAD]_1 [PAD]_1 [PAD]_1 [PAD]_1 [PAD]_1 [PAD]_1 [PAD]_1 [PAD]_1 [PAD]_1 [PAD]_1 [PAD]_1 [PAD]_1 [PAD]_1 [PAD]_1 [PAD]_1 [PAD]_1 [PAD]_1 [PAD]_1 [PAD]_1 [PAD]_1 [PAD]_1 [PAD]_1 [PAD]_1 [PAD]_1 [PAD]_1 [PAD]_1 [PAD]_1 [PAD]_1 [PAD]_1 [PAD]_1 [PAD]_1 [PAD]_1 [PAD]_1 [PAD]_1 [PAD]_1 [PAD]_1 [PAD]_1 [PAD]_1 [PAD]_1 [PAD]_1 [PAD]_1 [PAD]_1 [PAD]_1 [PAD]_1 [PAD]_1 [PAD]_1 [PAD]_1 [PAD]_1 [PAD]_1 [PAD]_1 [PAD]_1 [PAD]_1 [PAD]_1 [PAD]_1 [PAD]_1 [PAD]_1 [PAD]_1 [PAD]_1 [PAD]_1 [PAD]_1 [PAD]_1 [PAD]_1 [PAD]_1 [PAD]_1 [PAD]_1 [PAD]_1 [PAD]_1 [PAD]_1 [PAD]_1 [PAD]_1 [PAD]_1 [PAD]_1 [PAD]_1 [PAD]_1 [PAD]_1 [PAD]_1 [PAD]_1 [PAD]_1 [PAD]_1 [PAD]_1 [PAD]_1 [PAD]_1 [PAD]_1 [PAD]_1 [PAD]_1 [PAD]_1 [PAD]_1 [PAD]_1 [PAD]_1 [PAD]_1 [PAD]_1 [PAD]_1 [PAD]_1 [PAD]_1 [PAD]_1 [PAD]_1 [PAD]_1 [PAD]_1 [PAD]_1 [PAD]_1 [PAD]_1 [PAD]_1 [PAD]_1 [PAD]_1 [PAD]_1 [PAD]_1 [PAD]_1 [PAD]_1 [PAD]_1 [PAD]_1 [PAD]_1 [PAD]_1 [PAD]_1 [PAD]_1 [PAD]_1 [PAD]_1 [PAD]_1 [PAD]_1 [PAD]_1 [PAD]_1 [PAD]_1 [PAD]_1 [PAD]_1 [PAD]_1 [PAD]_1 [PAD]_1 [PAD]_1 [PAD]_1 [PAD]_1 [PAD]_1 [PAD]_1 [PAD]_1 [PAD]_1 [PAD]_1 [PAD]_1 [PAD]_1 [PAD]_1 [PAD]_1 [PAD]_1 [PAD]_1 [PAD]_1 [PAD]_1 [PAD]_1 [PAD]_1 [PAD]_1 [PAD]_1 [PAD]_1 [PAD]_1 [PAD]_1 [PAD]_1 [PAD]_1 [PAD]_1 [PAD]_1 [PAD]_1 [PAD]_1 [PAD]_1 [PAD]_1 [PAD]_1 [PAD]_1 [PAD]_1 [PAD]_1 [PAD]_1 [PAD]_1 [PAD]_1 [PAD]_1 [PAD]_1 [PAD]_1 [PAD]_1 [PAD]_1 [PAD]_1 [PAD]_1 [PAD]_1 [PAD]_1 [PAD]_1 [PAD]_1
2019-10-16 15:31:00,190 Token Sample: [CLS]_0 王_0 珞_0 丹_0 国_0 外_0 遭_0 遇_0 火_0 灾_0 ，_0 因_0 太_0 累_0 而_0 放_0 弃_0 自_0 救_0 ！_0 __0 微_0 博_0 [SEP]_0 原_1 标_1 题_1 ：_1 王_1 珞_1 丹_1 国_1 外_1 遭_1 遇_1 火_1 灾_1 ，_1 因_1 太_1 累_1 而_1 放_1 弃_1 自_1 救_1 ！_1 \_1 n_1 王_1 珞_1 丹_1 ，_1 是_1 于_1 1984_1 年_1 1_1 月_1 30_1 日_1 出_1 生_1 于_1 内_1 蒙_1 古_1 自_1 治_1 区_1 赤_1 峰_1 市_1 的_1 一_1 名_1 中_1 国_1 内_1 地_1 女_1 演_1 员_1 ，_1 毕_1 业_1 于_1 北_1 京_1 电_1 影_1 学_1 院_1 表_1 演_1 系_1 本_1 科_1 班_1 。_1 \_1 n_1 王_1 珞_1 丹_1 和_1 圈_1 内_1 许_1 多_1 演_1 员_1 不_1 一_1 样_1 ，_1 她_1 从_1 不_1 靠_1 绯_1 闻_1 来_1 提_1 高_1 自_1 己_1 的_1 知_1 名_1 度_1 ，_1 基_1 本_1 上_1 见_1 到_1 的_1 都_1 是_1 她_1 的_1 作_1 品_1 ，_1 他_1 基_1 本_1 上_1 把_1 自_1 己_1 的_1 重_1 心_1 都_1 放_1 在_1 了_1 演_1 技_1 的_1 提_1 升_1 上_1 面_1 ，_1 这_1 也_1 是_1 她_1 演_1 技_1 好_1 的_1 原_1 因_1 。_1 现_1 在_1 的_1 她_1 ，_1 目_1 前_1 并_1 没_1 有_1 什_1 么_1 作_1 品_1 出_1 来_1 ，_1 可_1 能_1 她_1 也_1 正_1 在_1 等_1 一_1 个_1 契_1 机_1 ，_1 等_1 一_1 个_1 她_1 心_1 仪_1 的_1 角_1 色_1 。_1 \_1 n_1 而_1 在_1 1_1 月_1 26_1 日_1 凌_1 晨_1 5_1 点_1 23_1 分_1 ，_1 王_1 珞_1 丹_1 在_1 微_1 博_1 上_1 发_1 出_1 了_1 自_1 己_1 在_1 挪_1 威_1 一_1 酒_1 店_1 火_1 灾_1 后_1 的_1 感_1 慨_1 。_1 看_1 到_1 她_1 的_1 描_1 述_1 ，_1 据_1 说_1 当_1 时_1 她_1 正_1 在_1 酒_1 店_1 里_1 ，_1 刚_1 好_1 结_1 束_1 了_1 一_1 天_1 疲_1 惫_1 的_1 拍_1 摄_1 工_1 作_1 ，_1 刚_1 卸_1 了_1 妆_1 ，_1 两_1 脚_1 刚_1 踏_1 进_1 浴_1 缸_1 里_1 ，_1 却_1 听_1 到_1 酒_1 店_1 的_1 警_1 报_1 响_1 了_1 [SEP]_1 在_1 她_1 的_1 身_1 上_1 一_1 样_1 ，_1 这_1 也_1 侧_1 面_1 的_1 显_1 示_1 出_1 了_1 她_1 内_1 心_1 的_1 沉_1 稳_1 与_1 强_1 大_1 。_1 \_1 n_1 在_1 图_1 片_1 中_1 可_1 以_1 看_1 出_1 ，_1 王_1 珞_1 丹_1 无_1 可_1 奈_1 何_1 的_1 脸_1 上_1 透_1 露_1 着_1 一_1 脸_1 疲_1 惫_1 ，_1 后_1 面_1 的_1 酒_1 店_1 还_1 是_1 冒_1 着_1 浓_1 浓_1 的_1 烟_1 雾_1 ，_1 看_1 来_1 火_1 情_1 也_1 是_1 挺_1 大_1 的_1 。_1 \_1 n_1 在_1 20_1 分_1 钟_1 前_1 ，_1 他_1 还_1 在_1 微_1 博_1 贴_1 出_1 了_1 火_1 警_1 的_1 逃_1 生_1 指_1 南_1 ，_1 告_1 诉_1 网_1 友_1 们_1 发_1 生_1 火_1 灾_1 的_1 应_1 急_1 措_1 施_1 。_1 可_1 能_1 也_1 是_1 想_1 告_1 诫_1 大_1 家_1 生_1 命_1 只_1 有_1 一_1 次_1 ，_1 要_1 好_1 好_1 珍_1 惜_1 它_1 吧_1 。_1 \_1 n_1 好_1 在_1 这_1 一_1 次_1 王_1 珞_1 丹_1 平_1 平_1 安_1 安_1 的_1 ，_1 没_1 有_1 什_1 么_1 意_1 外_1 的_1 事_1 故_1 ，_1 这_1 也_1 是_1 最_1 好_1 的_1 结_1 果_1 了_1 。_1 返_1 回_1 搜_1 狐_1 ，_1 查_1 看_1 更_1 多_1 责_1 任_1 编_1 辑_1 ：_1 [SEP]_1
2019-10-16 15:31:29,366 Token Sample: [CLS]_0 台_0 湾_0 一_0 度_0 假_0 村_0 逾_0 百_0 人_0 疑_0 感_0 染_0 急_0 性_0 肠_0 胃_0 炎_0 诺_0 如_0 病_0 毒_0 [SEP]_0 微_1 商_1 代_1 理_1 平_1 台_1 推_1 荐_1 微_1 商_1 代_1 理_1 最_1 好_1 卖_1 的_1 产_1 品_1 和_1 靠_1 谱_1 的_1 微_1 商_1 代_1 理_1 平_1 台_1 。_1 \_1 n_1 微_1 商_1 新_1 手_1 怎_1 么_1 开_1 始_1 做_1 的_1 \_1 n_1 微_1 商_1 你_1 肯_1 定_1 不_1 能_1 一_1 天_1 24_1 小_1 时_1 都_1 在_1 发_1 朋_1 友_1 圈_1 ，_1 每_1 个_1 时_1 间_1 发_1 的_1 内_1 容_1 不_1 一_1 样_1 ，_1 带_1 来_1 的_1 效_1 果_1 也_1 不_1 一_1 样_1 。_1 并_1 且_1 朋_1 友_1 ._1 ._1 \_1 n_1 做_1 微_1 商_1 怎_1 么_1 加_1 好_1 友_1 从_1 10_1 做_1 到_1 1_1 \_1 n_1 做_1 微_1 商_1 怎_1 么_1 加_1 好_1 友_1 ?_1 和_1 很_1 多_1 新_1 人_1 一_1 样_1 ，_1 在_1 最_1 开_1 始_1 做_1 微_1 商_1 时_1 ，_1 我_1 们_1 最_1 重_1 要_1 也_1 是_1 最_1 需_1 要_1 解_1 决_1 的_1 问_1 题_1 ，_1 就_1 是_1 微_1 ._1 ._1 \_1 n_1 做_1 微_1 商_1 怎_1 么_1 做_1 才_1 能_1 年_1 赚_1 100_1 万_1 \_1 n_1 微_1 商_1 怎_1 么_1 做_1 才_1 能_1 赚_1 钱_1 ?_1 有_1 的_1 人_1 做_1 微_1 商_1 短_1 短_1 几_1 个_1 月_1 就_1 赚_1 了_1 几_1 十_1 万_1 甚_1 至_1 几_1 百_1 万_1 ，_1 有_1 的_1 做_1 微_1 商_1 一_1 直_1 赚_1 不_1 到_1 钱_1 ._1 ._1 \_1 n_1 微_1 商_1 代_1 理_1 微_1 商_1 代_1 理_1 最_1 好_1 卖_1 的_1 产_1 品_1 ，_1 方_1 法_1 向_1 大_1 家_1 分_1 享_1 。_1 朋_1 友_1 圈_1 微_1 商_1 经_1 营_1 之_1 刑_1 事_1 法_1 律_1 风_1 险_1 \_1 n_1 移_1 动_1 互_1 联_1 时_1 代_1 ，_1 社_1 会_1 化_1 媒_1 体_1 已_1 成_1 为_1 经_1 营_1 主_1 体_1 进_1 行_1 营_1 销_1 的_1 重_1 要_1 渠_1 道_1 。_1 微_1 信_1 营_1 销_1 模_1 [SEP]_1 动_1 化_1 \_1 n_1 双_1 十_1 一_1 已_1 经_1 过_1 去_1 了_1 一_1 周_1 ，_1 各_1 电_1 商_1 平_1 台_1 大_1 战_1 的_1 最_1 终_1 结_1 果_1 ，_1 仍_1 旧_1 是_1 天_1 猫_1 一_1 家_1 独_1 大_1 、_1 京_1 东_1 排_1 在_1 第_1 二_1 、_1 苏_1 宁_1 当_1 当_1 等_1 其_1 他_1 平_1 台_1 混_1 战_1 的_1 局_1 面_1 。_1 今_1 年_1 ，_1 各_1 微_1 信_1 电_1 商_1 平_1 台_1 虽_1 然_1 也_1 不_1 甘_1 落_1 后_1 地_1 参_1 与_1 了_1 这_1 场_1 电_1 商_1 ._1 ._1 \_1 n_1 阅_1 读_1 全_1 文_1 微_1 商_1 实_1 战_1 心_1 得_1 分_1 享_1 \_1 n_1 微_1 商_1 造_1 就_1 了_1 很_1 多_1 人_1 ，_1 它_1 是_1 一_1 个_1 投_1 资_1 少_1 ，_1 收_1 益_1 高_1 ，_1 时_1 间_1 自_1 由_1 的_1 职_1 业_1 ，_1 很_1 多_1 人_1 越_1 越_1 欲_1 试_1 ，_1 但_1 也_1 有_1 大_1 多_1 数_1 人_1 并_1 不_1 赚_1 钱_1 ，_1 因_1 为_1 没_1 方_1 法_1 ，_1 或_1 者_1 没_1 有_1 找_1 到_1 好_1 的_1 团_1 队_1 ，_1 好_1 的_1 上_1 家_1 带_1 ，_1 那_1 么_1 微_1 商_1 到_1 底_1 怎_1 么_1 做_1 ._1 ._1 \_1 n_1 阅_1 读_1 全_1 文_1 >_1 >_1 [SEP]_1
2019-10-16 15:31:51,789 Token Sample: [CLS]_0 吓_0 人_0 ！_0 银_0 川_0 一_0 9_0 层_0 楼_0 内_0 被_0 泼_0 洒_0 5_0 升_0 汽_0 油_0 ，_0 且_0 随_0 时_0 可_0 能_0 被_0 点_0 燃_0 ！_0 __0 嫌_0 疑_0 人_0 [SEP]_0 原_1 标_1 题_1 ：_1 吓_1 人_1 ！_1 银_1 川_1 一_1 9_1 层_1 楼_1 内_1 被_1 泼_1 洒_1 5_1 升_1 汽_1 油_1 ，_1 且_1 随_1 时_1 可_1 能_1 被_1 点_1 燃_1 ！_1 \_1 n_1 近_1 日_1 ，_1 银_1 川_1 市_1 公_1 安_1 局_1 金_1 凤_1 分_1 局_1 黄_1 河_1 东_1 路_1 派_1 出_1 所_1 值_1 班_1 大_1 厅_1 接_1 到_1 了_1 一_1 起_1 紧_1 急_1 报_1 案_1 。_1 [UNK]_1 喂_1 ，_1 110_1 吗_1 ？_1 这_1 里_1 是_1 康_1 源_1 雅_1 居_1 某_1 公_1 司_1 ，_1 现_1 在_1 有_1 三_1 人_1 因_1 讨_1 要_1 工_1 钱_1 ，_1 将_1 汽_1 油_1 泼_1 了_1 一_1 屋_1 子_1 ，_1 手_1 里_1 还_1 拿_1 着_1 打_1 火_1 机_1 ，_1 扬_1 言_1 不_1 给_1 工_1 钱_1 就_1 要_1 同_1 归_1 于_1 尽_1 ，_1 快_1 来_1 ！_1 快_1 来_1 ！_1 [UNK]_1 \_1 n_1 （_1 办_1 公_1 桌_1 上_1 被_1 泼_1 洒_1 汽_1 油_1 ）_1 \_1 n_1 什_1 么_1 ？_1 \_1 n_1 [UNK]_1 9_1 层_1 楼_1 内_1 ！_1 \_1 n_1 泼_1 洒_1 5_1 升_1 汽_1 油_1 ！_1 \_1 n_1 还_1 有_1 明_1 火_1 ！_1 [UNK]_1 \_1 n_1 要_1 知_1 道_1 ，_1 5_1 升_1 汽_1 油_1 一_1 旦_1 点_1 燃_1 ，_1 其_1 瞬_1 间_1 的_1 爆_1 炸_1 威_1 力_1 和_1 火_1 灾_1 ，_1 极_1 有_1 可_1 能_1 给_1 整_1 栋_1 楼_1 内_1 群_1 众_1 带_1 来_1 生_1 命_1 危_1 险_1 。_1 \_1 n_1 民_1 警_1 到_1 达_1 现_1 场_1 后_1 ，_1 看_1 着_1 点_1 燃_1 的_1 香_1 烟_1 ，_1 着_1 实_1 惊_1 了_1 。_1 满_1 屋_1 子_1 的_1 汽_1 油_1 、_1 刺_1 鼻_1 的_1 汽_1 油_1 味_1 道_1 ，_1 嫌_1 疑_1 人_1 居_1 然_1 坐_1 在_1 沙_1 发_1 上_1 吸_1 烟_1 。_1 一_1 旦_1 汽_1 油_1 被_1 点_1 燃_1 发_1 生_1 爆_1 炸_1 ，_1 剧_1 [SEP]_1 。_1 \_1 n_1 随_1 后_1 ，_1 民_1 警_1 将_1 嫌_1 疑_1 人_1 带_1 回_1 所_1 里_1 。_1 经_1 审_1 讯_1 ，_1 三_1 名_1 嫌_1 疑_1 人_1 张_1 某_1 勇_1 、_1 何_1 某_1 伟_1 、_1 王_1 某_1 军_1 对_1 其_1 因_1 索_1 要_1 工_1 钱_1 未_1 果_1 泼_1 洒_1 汽_1 油_1 并_1 扬_1 言_1 点_1 燃_1 汽_1 油_1 同_1 归_1 于_1 尽_1 的_1 行_1 为_1 供_1 认_1 不_1 讳_1 。_1 截_1 止_1 目_1 前_1 三_1 名_1 嫌_1 疑_1 人_1 已_1 被_1 刑_1 事_1 拘_1 留_1 ，_1 案_1 件_1 正_1 在_1 进_1 一_1 步_1 办_1 理_1 中_1 。_1 \_1 n_1 被_1 拖_1 欠_1 薪_1 资_1 \_1 n_1 本_1 来_1 是_1 占_1 理_1 的_1 一_1 方_1 \_1 n_1 却_1 因_1 自_1 己_1 的_1 过_1 激_1 行_1 为_1 \_1 n_1 给_1 自_1 己_1 引_1 来_1 了_1 牢_1 狱_1 之_1 灾_1 \_1 n_1 提_1 醒_1 [UNK]_1 您_1 [UNK]_1 \_1 n_1 遇_1 事_1 一_1 定_1 要_1 冷_1 静_1 \_1 n_1 用_1 合_1 法_1 的_1 途_1 径_1 去_1 解_1 决_1 \_1 n_1 编_1 辑_1 ：_1 宁_1 小_1 新_1 责_1 编_1 ：_1 白_1 鸽_1 返_1 回_1 搜_1 狐_1 ，_1 查_1 看_1 更_1 多_1 责_1 任_1 编_1 辑_1 ：_1 [SEP]_1
2019-10-16 15:31:52,348 seed everything and create model
2019-10-16 15:41:02,807 step 1000 train loss: 0.5804
2019-10-16 15:41:02,807 step 1000 score: 0.7073
2019-10-16 15:50:04,405 step 2000 train loss: 0.4680
2019-10-16 15:50:04,406 step 2000 score: 0.7157
2019-10-16 15:59:06,167 step 3000 train loss: 0.4079
2019-10-16 15:59:06,168 step 3000 score: 0.7431
2019-10-16 16:08:07,900 step 4000 train loss: 0.2718
2019-10-16 16:08:07,900 step 4000 score: 0.7770
2019-10-16 16:17:09,493 step 5000 train loss: 0.2645
2019-10-16 16:17:09,494 step 5000 score: 0.7734
2019-10-16 16:26:11,096 step 6000 train loss: 0.2492
2019-10-16 16:26:11,097 step 6000 score: 0.7774
2019-10-16 16:35:12,892 step 7000 train loss: 0.1365
2019-10-16 16:35:12,892 step 7000 score: 0.7794
2019-10-16 16:44:14,693 step 8000 train loss: 0.1186
2019-10-16 16:44:14,693 step 8000 score: 0.7820
2019-10-16 16:53:16,554 step 9000 train loss: 0.1249
2019-10-16 16:53:16,554 step 9000 score: 0.7743
2019-10-16 17:02:18,418 step 10000 train loss: 0.0817
2019-10-16 17:02:18,418 step 10000 score: 0.7704
2019-10-16 17:02:18,419 best score is 0.7820
