2019-10-20 04:09:05,542 log_in_file: True
2019-10-20 04:09:05,542 bert_path: /home/wangzl/PretrainedLM/BERT/New/roberta_zh_L-24_H-1024_A-16/
2019-10-20 04:09:05,542 data_path: ../data/
2019-10-20 04:09:05,542 usegpu: True
2019-10-20 04:09:05,542 use_origin: True
2019-10-20 04:09:05,542 n_fold: 5
2019-10-20 04:09:05,542 total_step: 10000
2019-10-20 04:09:05,542 eval_every: 1000
2019-10-20 04:09:05,542 early_stop: 4
2019-10-20 04:09:05,542 max_length: 510
2019-10-20 04:09:05,542 max_title_rate: 0.125
2019-10-20 04:09:05,542 content_head_rate: 0.6
2019-10-20 04:09:05,542 batch_size: 2
2019-10-20 04:09:05,542 lr_scheduler_type: linear
2019-10-20 04:09:05,542 input_pattern: head+tail+fixed
2019-10-20 04:09:05,542 clean_method: space+notzh
2019-10-20 04:09:05,542 warmup_rate: 0.1
2019-10-20 04:09:05,542 classifier_dropout: 0.1
2019-10-20 04:09:05,543 classifier_weight_decay: 0.0
2019-10-20 04:09:05,543 cache_final_model: False
2019-10-20 04:09:05,543 seed: 229
2019-10-20 04:09:05,543 lr: 5e-06
2019-10-20 04:09:05,543 lr_decay_in_layers: 0.95
2019-10-20 04:09:05,543 weight_decay: 0.0
2019-10-20 04:09:27,800 Token Sample: [CLS]_0 还_0 出_0 啥_0 子_0 国_0 ?_0 去_0 了_0 四_0 川_0 ，_0 就_0 等_0 于_0 去_0 了_0 全_0 世_0 界_0 ，_0 不_0 信_0 你_0 看_0 ._0 ._0 ._0 -_0 德_0 阳_0 移_0 动_0 4g_0 [PAD]_0 [PAD]_0 [PAD]_0 [PAD]_0 [PAD]_0 [PAD]_0 [PAD]_0 [PAD]_0 [PAD]_0 [PAD]_0 [PAD]_0 [PAD]_0 [PAD]_0 [PAD]_0 [PAD]_0 [PAD]_0 [PAD]_0 [PAD]_0 [PAD]_0 [PAD]_0 [PAD]_0 [PAD]_0 [PAD]_0 [PAD]_0 [PAD]_0 [PAD]_0 [PAD]_0 [PAD]_0 [PAD]_0 [PAD]_0 [PAD]_0 [SEP]_0 [UNK]_1 五_1 一_1 节_1 [UNK]_1 小_1 长_1 假_1 就_1 要_1 结_1 束_1 了_1 你_1 去_1 哪_1 里_1 耍_1 了_1 啊_1 ?_1 小_1 移_1 妹_1 儿_1 朋_1 友_1 圈_1 里_1 大_1 部_1 分_1 朋_1 友_1 都_1 是_1 川_1 内_1 游_1 是_1 的_1 ，_1 国_1 外_1 有_1 的_1 ，_1 咱_1 四_1 川_1 都_1 有_1 国_1 外_1 没_1 有_1 的_1 ，_1 咱_1 四_1 川_1 也_1 有_1 总_1 之_1 ，_1 到_1 了_1 四_1 川_1 就_1 等_1 于_1 去_1 了_1 全_1 世_1 界_1 不_1 信_1 ，_1 一_1 起_1 来_1 看_1 看_1 呀_1 韩_1 国_1 vs_1 四_1 川_1 韩_1 国_1 济_1 州_1 岛_1 四_1 川_1 泸_1 沽_1 湖_1 韩_1 国_1 景_1 福_1 宫_1 广_1 元_1 剑_1 门_1 关_1 首_1 尔_1 明_1 洞_1 成_1 都_1 春_1 熙_1 路_1 韩_1 国_1 韩_1 屋_1 村_1 泸_1 州_1 福_1 宝_1 古_1 镇_1 首_1 尔_1 樱_1 花_1 绵_1 阳_1 辛_1 夷_1 花_1 美_1 国_1 vs_1 四_1 川_1 旧_1 金_1 山_1 金_1 门_1 大_1 桥_1 宜_1 宾_1 长_1 江_1 大_1 桥_1 美_1 国_1 西_1 大_1 峡_1 谷_1 玻_1 璃_1 桥_1 广_1 元_1 剑_1 门_1 山_1 玻_1 璃_1 栈_1 道_1 美_1 国_1 大_1 峡_1 谷_1 乐_1 山_1 金_1 口_1 大_1 峡_1 谷_1 美_1 国_1 约_1 塞_1 米_1 蒂_1 国_1 家_1 公_1 园_1 阿_1 坝_1 九_1 寨_1 沟_1 美_1 国_1 普_1 罗_1 克_1 西_1 瀑_1 布_1 眉_1 山_1 洪_1 雅_1 兰_1 溪_1 瀑_1 布_1 法_1 国_1 vs_1 四_1 川_1 法_1 国_1 普_1 罗_1 旺_1 斯_1 松_1 潘_1 县_1 川_1 主_1 寺_1 (_1 高_1 原_1 上_1 的_1 普_1 罗_1 旺_1 斯_1 )_1 法_1 国_1 埃_1 菲_1 尔_1 铁_1 塔_1 成_1 都_1 339_1 电_1 视_1 塔_1 澳_1 大_1 利_1 亚_1 vs_1 四_1 川_1 悉_1 [SEP]_1 最_1 美_1 的_1 地_1 方_1 又_1 是_1 哪_1 里_1 呢_1 ?_1 欢_1 迎_1 来_1 留_1 言_1 区_1 聊_1 聊_1 来_1 源_1 |_1 网_1 络_1 ，_1 版_1 权_1 归_1 原_1 作_1 者_1 所_1 有_1 ，_1 如_1 有_1 侵_1 权_1 请_1 与_1 我_1 们_1 联_1 系_1 ，_1 我_1 们_1 将_1 及_1 时_1 处_1 理_1 。_1 近_1 期_1 优_1 惠_1 活_1 动_1 德_1 阳_1 人_1 都_1 站_1 c_1 位_1 !_1 因_1 为_1 咱_1 们_1 有_1 这_1 些_1 福_1 利_1 ._1 ._1 ._1 ._1 ._1 ._1 全_1 国_1 流_1 量_1 不_1 限_1 量_1 +_1 月_1 享_1 100_1 分_1 钟_1 通_1 话_1 =_1 ?_1 元_1 /_1 月_1 确_1 认_1 过_1 眼_1 神_1 ，_1 确_1 实_1 是_1 免_1 费_1 得_1 30_1 元_1 和_1 包_1 券_1 !_1 30_1 元_1 和_1 包_1 券_1 等_1 你_1 拿_1 !_1 识_1 别_1 下_1 方_1 二_1 维_1 码_1 进_1 入_1 后_1 台_1 ，_1 发_1 送_1 文_1 字_1 [UNK]_1 大_1 转_1 盘_1 [UNK]_1 参_1 与_1 抽_1 奖_1 活_1 动_1 ↓↓↓_1 ##↓_1 ##5_1 元_1 3g_1 /_1 10_1 元_1 10g_1 ，_1 新_1 闲_1 时_1 套_1 餐_1 来_1 啦_1 ~_1 [SEP]_1
2019-10-20 04:09:41,530 Token Sample: [CLS]_0 孝_0 义_0 ：_0 [UNK]_0 百_0 日_0 安_0 全_0 行_0 动_0 [UNK]_0 、_0 [UNK]_0 冬_0 防_0 一_0 号_0 [UNK]_0 严_0 重_0 交_0 通_0 违_0 法_0 曝_0 光_0 [PAD]_0 [PAD]_0 [PAD]_0 [PAD]_0 [PAD]_0 [PAD]_0 [PAD]_0 [PAD]_0 [PAD]_0 [PAD]_0 [PAD]_0 [PAD]_0 [PAD]_0 [PAD]_0 [PAD]_0 [PAD]_0 [PAD]_0 [PAD]_0 [PAD]_0 [PAD]_0 [PAD]_0 [PAD]_0 [PAD]_0 [PAD]_0 [PAD]_0 [PAD]_0 [PAD]_0 [PAD]_0 [PAD]_0 [PAD]_0 [PAD]_0 [PAD]_0 [PAD]_0 [PAD]_0 [PAD]_0 [PAD]_0 [PAD]_0 [PAD]_0 [SEP]_0 为_1 有_1 效_1 维_1 护_1 辖_1 区_1 冬_1 季_1 道_1 路_1 交_1 通_1 秩_1 序_1 ，_1 最_1 大_1 限_1 度_1 地_1 预_1 防_1 交_1 通_1 事_1 故_1 ，_1 孝_1 义_1 市_1 交_1 警_1 大_1 队_1 结_1 合_1 [UNK]_1 大_1 干_1 五_1 十_1 天_1 [UNK]_1 专_1 项_1 行_1 动_1 ，_1 有_1 效_1 打_1 击_1 假_1 牌_1 套_1 牌_1 假_1 证_1 等_1 各_1 类_1 涉_1 牌_1 涉_1 证_1 违_1 法_1 行_1 为_1 。_1 案_1 例_1 一_1 12_1 月_1 7_1 日_1 上_1 午_1 10_1 时_1 29_1 分_1 许_1 ，_1 大_1 队_1 指_1 挥_1 中_1 心_1 智_1 能_1 交_1 通_1 缉_1 查_1 布_1 控_1 系_1 统_1 自_1 动_1 报_1 警_1 显_1 示_1 ：_1 有_1 一_1 辆_1 号_1 牌_1 为_1 晋_1 j_1 ##e_1 ##u_1 ##0_1 #_1 #_1 的_1 白_1 色_1 大_1 众_1 小_1 型_1 轿_1 车_1 系_1 套_1 牌_1 车_1 辆_1 ，_1 此_1 车_1 途_1 径_1 南_1 阳_1 中_1 队_1 辖_1 区_1 正_1 往_1 汾_1 阳_1 方_1 向_1 行_1 驶_1 ，_1 同_1 一_1 时_1 间_1 该_1 指_1 令_1 也_1 下_1 达_1 到_1 南_1 阳_1 中_1 队_1 。_1 接_1 到_1 指_1 令_1 后_1 ，_1 南_1 阳_1 中_1 队_1 立_1 即_1 组_1 织_1 路_1 面_1 执_1 勤_1 民_1 警_1 分_1 两_1 组_1 进_1 行_1 拦_1 截_1 。_1 经_1 公_1 安_1 网_1 查_1 询_1 ：_1 驾_1 驶_1 人_1 刘_1 某_1 （_1 身_1 份_1 证_1 号_1 为_1 ，_1 系_1 山_1 西_1 省_1 中_1 阳_1 县_1 ）_1 驾_1 驶_1 的_1 白_1 色_1 大_1 众_1 牌_1 小_1 型_1 轿_1 车_1 原_1 车_1 牌_1 号_1 为_1 晋_1 j_1 ##a2_1 ##2_1 #_1 #_1 。_1 刘_1 某_1 自_1 述_1 其_1 故_1 意_1 使_1 用_1 其_1 它_1 车_1 辆_1 号_1 牌_1 是_1 为_1 [SEP]_1 县_1 人_1 。_1 其_1 驾_1 驶_1 的_1 白_1 色_1 起_1 亚_1 牌_1 小_1 型_1 轿_1 车_1 原_1 车_1 牌_1 号_1 为_1 晋_1 ad_1 ##58_1 #_1 #_1 ，_1 车_1 辆_1 状_1 态_1 为_1 注_1 销_1 。_1 其_1 所_1 悬_1 挂_1 的_1 晋_1 j_1 ##45_1 ##7_1 #_1 #_1 为_1 灰_1 色_1 本_1 田_1 思_1 威_1 牌_1 小_1 型_1 轿_1 车_1 的_1 号_1 牌_1 。_1 处_1 罚_1 结_1 果_1 熊_1 某_1 在_1 2018_1 年_1 因_1 无_1 证_1 驾_1 驶_1 被_1 公_1 安_1 机_1 关_1 处_1 理_1 过_1 ，_1 其_1 知_1 错_1 不_1 改_1 ，_1 明_1 知_1 无_1 证_1 驾_1 驶_1 、_1 套_1 牌_1 是_1 违_1 法_1 行_1 为_1 仍_1 抱_1 有_1 侥_1 幸_1 心_1 理_1 ，_1 驾_1 车_1 上_1 路_1 行_1 驶_1 。_1 民_1 警_1 根_1 据_1 《_1 中_1 华_1 人_1 民_1 共_1 和_1 国_1 道_1 路_1 交_1 通_1 安_1 全_1 法_1 》_1 等_1 相_1 关_1 法_1 律_1 法_1 规_1 依_1 法_1 对_1 其_1 作_1 出_1 行_1 政_1 拘_1 留_1 10_1 日_1 ，_1 并_1 处_1 7000_1 元_1 的_1 罚_1 款_1 处_1 罚_1 。_1 孝_1 义_1 交_1 警_1 [SEP]_1
2019-10-20 04:10:19,728 Token Sample: [CLS]_0 槽_0 罐_0 车_0 与_0 货_0 车_0 相_0 撞_0 一_0 人_0 被_0 困_0 浙_0 江_0 海_0 盐_0 消_0 防_0 紧_0 急_0 救_0 援_0 [PAD]_0 [PAD]_0 [PAD]_0 [PAD]_0 [PAD]_0 [PAD]_0 [PAD]_0 [PAD]_0 [PAD]_0 [PAD]_0 [PAD]_0 [PAD]_0 [PAD]_0 [PAD]_0 [PAD]_0 [PAD]_0 [PAD]_0 [PAD]_0 [PAD]_0 [PAD]_0 [PAD]_0 [PAD]_0 [PAD]_0 [PAD]_0 [PAD]_0 [PAD]_0 [PAD]_0 [PAD]_0 [PAD]_0 [PAD]_0 [PAD]_0 [PAD]_0 [PAD]_0 [PAD]_0 [PAD]_0 [PAD]_0 [PAD]_0 [PAD]_0 [PAD]_0 [PAD]_0 [PAD]_0 [PAD]_0 [SEP]_0 00_1 :_1 361_1 月_1 24_1 日_1 中_1 午_1 11_1 时_1 53_1 分_1 ，_1 海_1 盐_1 消_1 防_1 接_1 到_1 报_1 警_1 ，_1 嘉_1 兴_1 市_1 海_1 盐_1 县_1 东_1 西_1 大_1 道_1 汪_1 家_1 雪_1 龙_1 处_1 发_1 生_1 一_1 起_1 两_1 车_1 相_1 撞_1 的_1 交_1 通_1 事_1 故_1 ，_1 事_1 故_1 造_1 成_1 一_1 名_1 驾_1 驶_1 员_1 被_1 困_1 驾_1 驶_1 室_1 内_1 。_1 接_1 到_1 报_1 警_1 后_1 ，_1 海_1 盐_1 消_1 防_1 救_1 援_1 大_1 队_1 立_1 即_1 调_1 派_1 海_1 盐_1 中_1 队_1 1_1 车_1 8_1 人_1 、_1 西_1 塘_1 桥_1 中_1 队_1 1_1 车_1 8_1 人_1 、_1 望_1 海_1 专_1 职_1 队_1 1_1 车_1 4_1 人_1 赶_1 往_1 现_1 场_1 处_1 置_1 。_1 12_1 时_1 04_1 分_1 ，_1 消_1 防_1 救_1 援_1 人_1 员_1 到_1 达_1 现_1 场_1 并_1 经_1 勘_1 查_1 发_1 现_1 ，_1 现_1 场_1 为_1 一_1 辆_1 槽_1 罐_1 车_1 与_1 一_1 辆_1 货_1 车_1 相_1 撞_1 ，_1 由_1 于_1 车_1 辆_1 驾_1 驶_1 过_1 程_1 中_1 速_1 度_1 过_1 快_1 避_1 让_1 不_1 及_1 ，_1 槽_1 罐_1 车_1 撞_1 上_1 道_1 路_1 中_1 间_1 绿_1 化_1 带_1 ，_1 导_1 致_1 车_1 头_1 变_1 形_1 ，_1 挡_1 风_1 玻_1 璃_1 破_1 碎_1 ，_1 驾_1 驶_1 员_1 脚_1 部_1 被_1 卡_1 车_1 内_1 无_1 法_1 动_1 弹_1 。_1 了_1 解_1 情_1 况_1 后_1 ，_1 消_1 防_1 指_1 挥_1 员_1 迅_1 速_1 下_1 达_1 救_1 援_1 命_1 令_1 ：_1 警_1 戒_1 组_1 负_1 责_1 现_1 场_1 警_1 戒_1 ，_1 防_1 止_1 发_1 生_1 二_1 次_1 伤_1 害_1 ；_1 救_1 援_1 组_1 进_1 入_1 驾_1 驶_1 室_1 中_1 观_1 察_1 情_1 [SEP]_1 头_1 变_1 形_1 ，_1 挡_1 风_1 玻_1 璃_1 破_1 碎_1 ，_1 驾_1 驶_1 员_1 脚_1 部_1 被_1 卡_1 车_1 内_1 无_1 法_1 动_1 弹_1 。_1 了_1 解_1 情_1 况_1 后_1 ，_1 消_1 防_1 指_1 挥_1 员_1 迅_1 速_1 下_1 达_1 救_1 援_1 命_1 令_1 ：_1 警_1 戒_1 组_1 负_1 责_1 现_1 场_1 警_1 戒_1 ，_1 防_1 止_1 发_1 生_1 二_1 次_1 伤_1 害_1 ；_1 救_1 援_1 组_1 进_1 入_1 驾_1 驶_1 室_1 中_1 观_1 察_1 情_1 况_1 并_1 稳_1 定_1 司_1 机_1 情_1 绪_1 ，_1 同_1 时_1 利_1 用_1 液_1 压_1 扩_1 张_1 钳_1 对_1 驾_1 驶_1 室_1 进_1 行_1 破_1 拆_1 ，_1 扩_1 大_1 救_1 援_1 空_1 间_1 。_1 经_1 过_1 十_1 分_1 钟_1 的_1 紧_1 急_1 救_1 援_1 ，_1 被_1 困_1 人_1 员_1 被_1 成_1 功_1 救_1 出_1 ，_1 并_1 在_1 消_1 防_1 指_1 战_1 员_1 的_1 帮_1 助_1 下_1 抬_1 上_1 120_1 急_1 救_1 车_1 送_1 往_1 医_1 院_1 接_1 受_1 治_1 疗_1 。_1 《_1 周_1 哥_1 视_1 角_1 》_1 通_1 讯_1 员_1 沈_1 馨_1 怡_1 记_1 者_1 周_1 建_1 仕_1 [SEP]_1
2019-10-20 04:10:40,352 seed everything and create model
2019-10-20 04:19:36,544 step 1000 train loss: 0.5508
2019-10-20 04:19:36,544 step 1000 score: 0.7853
2019-10-20 04:28:23,160 step 2000 train loss: 0.4425
2019-10-20 04:28:23,160 step 2000 score: 0.7973
2019-10-20 04:37:09,518 step 3000 train loss: 0.3764
2019-10-20 04:37:09,518 step 3000 score: 0.8102
2019-10-20 04:45:56,060 step 4000 train loss: 0.2449
2019-10-20 04:45:56,060 step 4000 score: 0.8055
2019-10-20 04:54:42,579 step 5000 train loss: 0.2539
2019-10-20 04:54:42,580 step 5000 score: 0.8069
2019-10-20 05:03:29,121 step 6000 train loss: 0.2368
2019-10-20 05:03:29,121 step 6000 score: 0.8101
2019-10-20 05:12:15,695 step 7000 train loss: 0.1201
2019-10-20 05:12:15,695 step 7000 score: 0.7996
2019-10-20 05:21:02,250 step 8000 train loss: 0.1212
2019-10-20 05:21:02,250 step 8000 score: 0.8080
2019-10-20 05:21:02,251 best score is 0.8102
2019-10-20 05:36:38,850 step 1000 train loss: 0.5369
2019-10-20 05:36:38,850 step 1000 score: 0.7277
2019-10-20 05:45:25,423 step 2000 train loss: 0.4257
2019-10-20 05:45:25,423 step 2000 score: 0.7391
2019-10-20 05:54:11,871 step 3000 train loss: 0.3700
2019-10-20 05:54:11,871 step 3000 score: 0.7816
2019-10-20 06:02:58,311 step 4000 train loss: 0.2383
2019-10-20 06:02:58,312 step 4000 score: 0.7696
2019-10-20 06:11:44,755 step 5000 train loss: 0.2655
2019-10-20 06:11:44,755 step 5000 score: 0.7771
2019-10-20 06:20:31,175 step 6000 train loss: 0.2217
2019-10-20 06:20:31,176 step 6000 score: 0.7792
2019-10-20 06:29:17,594 step 7000 train loss: 0.1150
2019-10-20 06:29:17,594 step 7000 score: 0.7722
2019-10-20 06:38:04,070 step 8000 train loss: 0.1244
2019-10-20 06:38:04,070 step 8000 score: 0.7772
2019-10-20 06:38:04,071 best score is 0.7816
2019-10-20 06:53:40,932 step 1000 train loss: 0.5354
2019-10-20 06:53:40,932 step 1000 score: 0.7660
2019-10-20 07:02:27,466 step 2000 train loss: 0.4291
2019-10-20 07:02:27,467 step 2000 score: 0.7639
2019-10-20 07:11:13,933 step 3000 train loss: 0.3773
2019-10-20 07:11:13,933 step 3000 score: 0.7938
2019-10-20 07:20:00,498 step 4000 train loss: 0.2398
2019-10-20 07:20:00,498 step 4000 score: 0.7960
2019-10-20 07:28:46,813 step 5000 train loss: 0.2533
2019-10-20 07:28:46,813 step 5000 score: 0.7814
2019-10-20 07:37:33,085 step 6000 train loss: 0.2253
2019-10-20 07:37:33,086 step 6000 score: 0.8017
2019-10-20 07:46:19,513 step 7000 train loss: 0.1311
2019-10-20 07:46:19,513 step 7000 score: 0.7841
2019-10-20 07:55:05,931 step 8000 train loss: 0.1075
2019-10-20 07:55:05,931 step 8000 score: 0.7899
2019-10-20 08:03:52,305 step 9000 train loss: 0.0982
2019-10-20 08:03:52,305 step 9000 score: 0.8032
2019-10-20 08:12:38,618 step 10000 train loss: 0.0562
2019-10-20 08:12:38,618 step 10000 score: 0.7950
2019-10-20 08:12:38,618 best score is 0.8032
2019-10-20 08:28:15,414 step 1000 train loss: 0.5907
2019-10-20 08:28:15,414 step 1000 score: 0.6905
2019-10-20 08:37:01,878 step 2000 train loss: 0.4205
2019-10-20 08:37:01,878 step 2000 score: 0.7753
2019-10-20 08:45:48,377 step 3000 train loss: 0.3822
2019-10-20 08:45:48,377 step 3000 score: 0.7874
2019-10-20 08:54:34,811 step 4000 train loss: 0.2545
2019-10-20 08:54:34,812 step 4000 score: 0.7768
2019-10-20 09:03:21,209 step 5000 train loss: 0.2688
2019-10-20 09:03:21,209 step 5000 score: 0.7676
2019-10-20 09:12:07,649 step 6000 train loss: 0.2493
2019-10-20 09:12:07,649 step 6000 score: 0.7910
2019-10-20 09:20:54,144 step 7000 train loss: 0.1543
2019-10-20 09:20:54,144 step 7000 score: 0.7894
2019-10-20 09:29:40,676 step 8000 train loss: 0.1305
2019-10-20 09:29:40,676 step 8000 score: 0.7924
2019-10-20 09:38:27,106 step 9000 train loss: 0.1168
2019-10-20 09:38:27,106 step 9000 score: 0.8005
2019-10-20 09:47:13,653 step 10000 train loss: 0.0747
2019-10-20 09:47:13,654 step 10000 score: 0.7961
2019-10-20 09:47:13,654 best score is 0.8005
2019-10-20 10:02:50,603 step 1000 train loss: 0.5515
2019-10-20 10:02:50,603 step 1000 score: 0.7356
2019-10-20 10:11:37,536 step 2000 train loss: 0.4258
2019-10-20 10:11:37,536 step 2000 score: 0.7565
2019-10-20 10:20:24,464 step 3000 train loss: 0.3806
2019-10-20 10:20:24,464 step 3000 score: 0.7912
2019-10-20 10:29:11,388 step 4000 train loss: 0.2582
2019-10-20 10:29:11,389 step 4000 score: 0.8022
2019-10-20 10:37:58,315 step 5000 train loss: 0.2556
2019-10-20 10:37:58,315 step 5000 score: 0.7931
2019-10-20 10:46:56,783 step 6000 train loss: 0.2225
2019-10-20 10:46:56,784 step 6000 score: 0.7909
2019-10-20 10:55:43,639 step 7000 train loss: 0.1190
2019-10-20 10:55:43,640 step 7000 score: 0.7742
2019-10-20 11:04:30,555 step 8000 train loss: 0.1192
2019-10-20 11:04:30,555 step 8000 score: 0.7832
2019-10-20 11:13:17,402 step 9000 train loss: 0.1053
2019-10-20 11:13:17,403 step 9000 score: 0.7894
2019-10-20 11:13:17,403 best score is 0.8022
2019-10-20 11:20:07,475 average: 0.799520
