2019-10-25 16:40:35,020 log_in_file: True
2019-10-25 16:40:35,020 lm_path: /home/wangzl/PretrainedLM/BERT/New/chinese_wwm_ext_pytorch
2019-10-25 16:40:35,020 lm_type: bert
2019-10-25 16:40:35,020 data_path: ../data/
2019-10-25 16:40:35,020 usegpu: True
2019-10-25 16:40:35,020 total_step: 1500
2019-10-25 16:40:35,020 eval_every: 150
2019-10-25 16:40:35,020 early_stop: 4
2019-10-25 16:40:35,020 max_length: 360
2019-10-25 16:40:35,020 max_title_rate: 0.125
2019-10-25 16:40:35,020 content_head_rate: 0.6
2019-10-25 16:40:35,020 batch_size: 16
2019-10-25 16:40:35,020 lr_scheduler_type: linear
2019-10-25 16:40:35,020 input_pattern: head+tail+fixed
2019-10-25 16:40:35,020 clean_method: space+notzh
2019-10-25 16:40:35,020 warmup_rate: 0.1
2019-10-25 16:40:35,020 classifier_dropout: 0.3
2019-10-25 16:40:35,020 classifier_active: relu
2019-10-25 16:40:35,020 cache_final_model: False
2019-10-25 16:40:35,020 seed: 23
2019-10-25 16:40:35,020 lr: 2e-05
2019-10-25 16:40:35,021 lr_decay_in_layers: 0.95
2019-10-25 16:40:35,021 wd_decay_in_layers: 1.0
2019-10-25 16:40:35,021 weight_decay: 0.01
2019-10-25 16:40:35,037 padding token is 0
2019-10-25 16:41:02,084 Token Sample: [CLS]_0 三_0 围_0 村_0 什_0 么_0 宽_0 带_0 比_0 较_0 好_0 用_0 啊_0 ？_0 [PAD]_0 [PAD]_0 [PAD]_0 [PAD]_0 [PAD]_0 [PAD]_0 [PAD]_0 [PAD]_0 [PAD]_0 [PAD]_0 [PAD]_0 [PAD]_0 [PAD]_0 [PAD]_0 [PAD]_0 [PAD]_0 [PAD]_0 [PAD]_0 [PAD]_0 [PAD]_0 [PAD]_0 [PAD]_0 [PAD]_0 [PAD]_0 [PAD]_0 [PAD]_0 [PAD]_0 [PAD]_0 [PAD]_0 [PAD]_0 [PAD]_0 [PAD]_0 [SEP]_0 三_1 围_1 村_1 什_1 么_1 宽_1 带_1 比_1 较_1 好_1 用_1 啊_1 ？_1 [PAD]_1 [PAD]_1 [PAD]_1 [PAD]_1 [PAD]_1 [PAD]_1 [PAD]_1 [PAD]_1 [PAD]_1 [PAD]_1 [PAD]_1 [PAD]_1 [PAD]_1 [PAD]_1 [PAD]_1 [PAD]_1 [PAD]_1 [PAD]_1 [PAD]_1 [PAD]_1 [PAD]_1 [PAD]_1 [PAD]_1 [PAD]_1 [PAD]_1 [PAD]_1 [PAD]_1 [PAD]_1 [PAD]_1 [PAD]_1 [PAD]_1 [PAD]_1 [PAD]_1 [PAD]_1 [PAD]_1 [PAD]_1 [PAD]_1 [PAD]_1 [PAD]_1 [PAD]_1 [PAD]_1 [PAD]_1 [PAD]_1 [PAD]_1 [PAD]_1 [PAD]_1 [PAD]_1 [PAD]_1 [PAD]_1 [PAD]_1 [PAD]_1 [PAD]_1 [PAD]_1 [PAD]_1 [PAD]_1 [PAD]_1 [PAD]_1 [PAD]_1 [PAD]_1 [PAD]_1 [PAD]_1 [PAD]_1 [PAD]_1 [PAD]_1 [PAD]_1 [PAD]_1 [PAD]_1 [PAD]_1 [PAD]_1 [PAD]_1 [PAD]_1 [PAD]_1 [PAD]_1 [PAD]_1 [PAD]_1 [PAD]_1 [PAD]_1 [PAD]_1 [PAD]_1 [PAD]_1 [PAD]_1 [PAD]_1 [PAD]_1 [PAD]_1 [PAD]_1 [PAD]_1 [PAD]_1 [PAD]_1 [PAD]_1 [PAD]_1 [PAD]_1 [PAD]_1 [PAD]_1 [PAD]_1 [PAD]_1 [PAD]_1 [PAD]_1 [PAD]_1 [PAD]_1 [PAD]_1 [PAD]_1 [PAD]_1 [PAD]_1 [PAD]_1 [PAD]_1 [PAD]_1 [PAD]_1 [PAD]_1 [PAD]_1 [PAD]_1 [PAD]_1 [PAD]_1 [PAD]_1 [PAD]_1 [PAD]_1 [PAD]_1 [PAD]_1 [PAD]_1 [PAD]_1 [PAD]_1 [PAD]_1 [PAD]_1 [PAD]_1 [PAD]_1 [PAD]_1 [PAD]_1 [PAD]_1 [PAD]_1 [PAD]_1 [PAD]_1 [PAD]_1 [PAD]_1 [PAD]_1 [PAD]_1 [PAD]_1 [PAD]_1 [PAD]_1 [PAD]_1 [PAD]_1 [PAD]_1 [PAD]_1 [PAD]_1 [PAD]_1 [PAD]_1 [PAD]_1 [PAD]_1 [PAD]_1 [PAD]_1 [PAD]_1 [PAD]_1 [PAD]_1 [PAD]_1 [PAD]_1 [PAD]_1 [PAD]_1 [PAD]_1 [PAD]_1 [PAD]_1 [PAD]_1 [PAD]_1 [PAD]_1 [PAD]_1 [PAD]_1 [PAD]_1 [PAD]_1 [PAD]_1 [PAD]_1 [PAD]_1 [PAD]_1 [PAD]_1 [PAD]_1 [PAD]_1 [PAD]_1 [PAD]_1 [PAD]_1 [PAD]_1 [SEP]_1 [PAD]_1 [PAD]_1 [PAD]_1 [PAD]_1 [PAD]_1 [PAD]_1 [PAD]_1 [PAD]_1 [PAD]_1 [PAD]_1 [PAD]_1 [PAD]_1 [PAD]_1 [PAD]_1 [PAD]_1 [PAD]_1 [PAD]_1 [PAD]_1 [PAD]_1 [PAD]_1 [PAD]_1 [PAD]_1 [PAD]_1 [PAD]_1 [PAD]_1 [PAD]_1 [PAD]_1 [PAD]_1 [PAD]_1 [PAD]_1 [PAD]_1 [PAD]_1 [PAD]_1 [PAD]_1 [PAD]_1 [PAD]_1 [PAD]_1 [PAD]_1 [PAD]_1 [PAD]_1 [PAD]_1 [PAD]_1 [PAD]_1 [PAD]_1 [PAD]_1 [PAD]_1 [PAD]_1 [PAD]_1 [PAD]_1 [PAD]_1 [PAD]_1 [PAD]_1 [PAD]_1 [PAD]_1 [PAD]_1 [PAD]_1 [PAD]_1 [PAD]_1 [PAD]_1 [PAD]_1 [PAD]_1 [PAD]_1 [PAD]_1 [PAD]_1 [PAD]_1 [PAD]_1 [PAD]_1 [PAD]_1 [PAD]_1 [PAD]_1 [PAD]_1 [PAD]_1 [PAD]_1 [PAD]_1 [PAD]_1 [PAD]_1 [PAD]_1 [PAD]_1 [PAD]_1 [PAD]_1 [PAD]_1 [PAD]_1 [PAD]_1 [PAD]_1 [PAD]_1 [PAD]_1 [PAD]_1 [PAD]_1 [PAD]_1 [PAD]_1 [PAD]_1 [PAD]_1 [PAD]_1 [PAD]_1 [PAD]_1 [PAD]_1 [PAD]_1 [PAD]_1 [PAD]_1 [PAD]_1 [PAD]_1 [PAD]_1 [PAD]_1 [PAD]_1 [PAD]_1 [PAD]_1 [PAD]_1 [PAD]_1 [PAD]_1 三_1 围_1 村_1 什_1 么_1 宽_1 带_1 比_1 较_1 好_1 用_1 啊_1 ？_1 [SEP]_1
2019-10-25 16:41:20,946 Token Sample: [CLS]_0 今_0 天_0 ，_0 你_0 分_0 类_0 投_0 放_0 垃_0 圾_0 了_0 吗_0 ？_0 __0 宣_0 传_0 [PAD]_0 [PAD]_0 [PAD]_0 [PAD]_0 [PAD]_0 [PAD]_0 [PAD]_0 [PAD]_0 [PAD]_0 [PAD]_0 [PAD]_0 [PAD]_0 [PAD]_0 [PAD]_0 [PAD]_0 [PAD]_0 [PAD]_0 [PAD]_0 [PAD]_0 [PAD]_0 [PAD]_0 [PAD]_0 [PAD]_0 [PAD]_0 [PAD]_0 [PAD]_0 [PAD]_0 [PAD]_0 [PAD]_0 [SEP]_0 原_1 标_1 题_1 ：_1 今_1 天_1 ，_1 你_1 分_1 类_1 投_1 放_1 垃_1 圾_1 了_1 吗_1 ？_1 昨_1 天_1 ，_1 东_1 麓_1 池_1 社_1 区_1 人_1 声_1 鼎_1 沸_1 ，_1 发_1 生_1 了_1 什_1 么_1 热_1 闹_1 事_1 ？_1 快_1 一_1 起_1 去_1 看_1 看_1 吧_1 ！_1 原_1 来_1 ，_1 东_1 麓_1 池_1 社_1 区_1 借_1 着_1 元_1 宵_1 节_1 的_1 好_1 兆_1 头_1 ，_1 设_1 置_1 了_1 以_1 [UNK]_1 垃_1 圾_1 分_1 类_1 [UNK]_1 为_1 主_1 要_1 内_1 容_1 的_1 猜_1 灯_1 谜_1 、_1 竞_1 知_1 识_1 活_1 动_1 ，_1 居_1 民_1 参_1 与_1 热_1 情_1 十_1 分_1 高_1 涨_1 ，_1 也_1 在_1 游_1 戏_1 中_1 提_1 升_1 了_1 对_1 垃_1 圾_1 分_1 类_1 的_1 了_1 解_1 ，_1 为_1 社_1 区_1 今_1 年_1 开_1 展_1 垃_1 圾_1 分_1 类_1 工_1 作_1 打_1 下_1 了_1 良_1 好_1 基_1 础_1 。_1 垃_1 圾_1 分_1 类_1 知_1 识_1 竞_1 赛_1 垃_1 圾_1 分_1 类_1 知_1 识_1 竞_1 赛_1 现_1 场_1 ，_1 居_1 民_1 们_1 迫_1 不_1 及_1 待_1 想_1 要_1 举_1 手_1 回_1 答_1 问_1 题_1 ，_1 气_1 氛_1 十_1 分_1 热_1 烈_1 。_1 快_1 乐_1 猜_1 灯_1 谜_1 一_1 起_1 [SEP]_1 村_1 入_1 户_1 指_1 导_1 村_1 民_1 正_1 确_1 进_1 行_1 垃_1 圾_1 分_1 类_1 浦_1 二_1 村_1 检_1 查_1 居_1 民_1 垃_1 圾_1 分_1 类_1 情_1 况_1 ，_1 并_1 宣_1 传_1 指_1 导_1 居_1 民_1 正_1 确_1 进_1 行_1 垃_1 圾_1 分_1 类_1 新_1 港_1 村_1 检_1 查_1 垃_1 圾_1 分_1 类_1 收_1 运_1 情_1 况_1 垃_1 圾_1 分_1 一_1 分_1 ，_1 环_1 境_1 美_1 十_1 分_1 ~_1 美_1 丽_1 临_1 浦_1 一_1 起_1 参_1 与_1 ！_1 作_1 者_1 /_1 缪_1 妙_1 编_1 辑_1 /_1 沈_1 静_1 仪_1 全_1 文_1 由_1 临_1 浦_1 新_1 闻_1 中_1 心_1 撰_1 稿_1 ，_1 转_1 载_1 请_1 注_1 明_1 出_1 处_1 返_1 回_1 搜_1 狐_1 ，_1 查_1 看_1 更_1 多_1 责_1 任_1 编_1 辑_1 ：_1 [SEP]_1
2019-10-25 16:41:38,671 Token Sample: [CLS]_0 多_0 年_0 前_0 农_0 村_0 宣_0 传_0 养_0 猪_0 ，_0 说_0 猪_0 的_0 全_0 身_0 都_0 是_0 宝_0 ，_0 到_0 底_0 有_0 哪_0 些_0 宝_0 ？_0 __0 污_0 染_0 [PAD]_0 [PAD]_0 [PAD]_0 [PAD]_0 [PAD]_0 [PAD]_0 [PAD]_0 [PAD]_0 [PAD]_0 [PAD]_0 [PAD]_0 [PAD]_0 [PAD]_0 [PAD]_0 [PAD]_0 [PAD]_0 [SEP]_0 原_1 标_1 题_1 ：_1 多_1 年_1 前_1 农_1 村_1 宣_1 传_1 养_1 猪_1 ，_1 说_1 猪_1 的_1 全_1 身_1 都_1 是_1 宝_1 ，_1 到_1 底_1 有_1 哪_1 些_1 宝_1 ？_1 这_1 是_1 曾_1 经_1 的_1 农_1 村_1 宣_1 传_1 语_1 ，_1 说_1 猪_1 的_1 全_1 身_1 都_1 是_1 宝_1 ，_1 要_1 多_1 多_1 养_1 猪_1 。_1 有_1 一_1 段_1 时_1 间_1 ，_1 小_1 学_1 课_1 本_1 里_1 也_1 有_1 这_1 样_1 的_1 宣_1 传_1 。_1 猪_1 的_1 全_1 身_1 都_1 是_1 宝_1 ，_1 不_1 在_1 乎_1 以_1 下_1 几_1 处_1 。_1 第_1 一_1 宝_1 ，_1 猪_1 肉_1 猪_1 内_1 脏_1 ，_1 甚_1 至_1 猪_1 血_1 ，_1 都_1 可_1 以_1 吃_1 ，_1 为_1 人_1 类_1 提_1 供_1 食_1 物_1 。_1 过_1 去_1 猪_1 肉_1 精_1 贵_1 ，_1 一_1 年_1 到_1 头_1 陈_1 不_1 了_1 几_1 回_1 。_1 现_1 在_1 的_1 孩_1 子_1 ，_1 可_1 能_1 难_1 以_1 理_1 解_1 猪_1 肉_1 也_1 是_1 [UNK]_1 宝_1 [UNK]_1 了_1 。_1 第_1 二_1 宝_1 ，_1 猪_1 皮_1 ，_1 是_1 很_1 好_1 的_1 皮_1 革_1 材_1 料_1 ，_1 像_1 皮_1 鞋_1 ，_1 沙_1 发_1 ，_1 足_1 球_1 篮_1 球_1 等_1 等_1 ，_1 都_1 可_1 [SEP]_1 语_1 [UNK]_1 养_1 猪_1 不_1 赚_1 钱_1 ，_1 回_1 头_1 望_1 望_1 田_1 [UNK]_1 ，_1 意_1 思_1 是_1 即_1 使_1 不_1 赚_1 钱_1 ，_1 猪_1 还_1 是_1 要_1 养_1 ，_1 因_1 为_1 看_1 看_1 天_1 里_1 庄_1 稼_1 长_1 得_1 好_1 ，_1 就_1 是_1 赚_1 了_1 。_1 如_1 今_1 猪_1 好_1 像_1 只_1 剩_1 下_1 猪_1 肉_1 是_1 宝_1 了_1 吧_1 ？_1 其_1 他_1 的_1 ，_1 都_1 是_1 垃_1 圾_1 ，_1 尤_1 其_1 是_1 猪_1 粪_1 ，_1 污_1 染_1 环_1 境_1 ，_1 很_1 多_1 大_1 型_1 养_1 猪_1 场_1 都_1 不_1 允_1 许_1 建_1 在_1 重_1 要_1 水_1 体_1 边_1 ，_1 避_1 免_1 污_1 染_1 河_1 水_1 。_1 返_1 回_1 搜_1 狐_1 ，_1 查_1 看_1 更_1 多_1 责_1 任_1 编_1 辑_1 ：_1 [SEP]_1
2019-10-25 16:41:54,759 Token Sample: [CLS]_0 俄_0 将_0 28_0 日_0 定_0 为_0 哀_0 悼_0 日_0 悼_0 念_0 克_0 麦_0 罗_0 沃_0 火_0 灾_0 遇_0 难_0 者_0 [PAD]_0 [PAD]_0 [PAD]_0 [PAD]_0 [PAD]_0 [PAD]_0 [PAD]_0 [PAD]_0 [PAD]_0 [PAD]_0 [PAD]_0 [PAD]_0 [PAD]_0 [PAD]_0 [PAD]_0 [PAD]_0 [PAD]_0 [PAD]_0 [PAD]_0 [PAD]_0 [PAD]_0 [PAD]_0 [PAD]_0 [PAD]_0 [PAD]_0 [SEP]_0 中_1 新_1 社_1 莫_1 斯_1 科_1 3_1 月_1 27_1 日_1 电_1 (_1 记_1 者_1 王_1 修_1 君_1 )_1 当_1 地_1 时_1 间_1 3_1 月_1 27_1 日_1 ，_1 俄_1 罗_1 斯_1 总_1 统_1 普_1 京_1 签_1 署_1 命_1 令_1 ，_1 将_1 3_1 月_1 28_1 日_1 定_1 为_1 全_1 俄_1 哀_1 悼_1 日_1 ，_1 以_1 悼_1 念_1 克_1 麦_1 罗_1 沃_1 购_1 物_1 中_1 心_1 火_1 灾_1 遇_1 难_1 者_1 。_1 25_1 日_1 ，_1 俄_1 罗_1 斯_1 西_1 伯_1 利_1 亚_1 南_1 部_1 城_1 市_1 克_1 麦_1 罗_1 沃_1 一_1 家_1 名_1 为_1 [UNK]_1 冬_1 季_1 樱_1 桃_1 [UNK]_1 的_1 购_1 物_1 中_1 心_1 发_1 生_1 火_1 灾_1 ，_1 造_1 成_1 64_1 人_1 死_1 亡_1 。_1 事_1 故_1 发_1 生_1 后_1 ，_1 普_1 京_1 命_1 令_1 对_1 遇_1 难_1 者_1 家_1 属_1 及_1 伤_1 者_1 提_1 供_1 一_1 切_1 必_1 要_1 帮_1 助_1 。_1 普_1 京_1 在_1 克_1 麦_1 罗_1 沃_1 市_1 [UNK]_1 冬_1 季_1 樱_1 桃_1 [UNK]_1 购_1 物_1 中_1 心_1 建_1 筑_1 前_1 敬_1 献_1 鲜_1 花_1 ，_1 悼_1 念_1 在_1 火_1 灾_1 中_1 丧_1 生_1 的_1 遇_1 难_1 者_1 。_1 27_1 日_1 ，_1 普_1 京_1 抵_1 达_1 克_1 [SEP]_1 中_1 心_1 火_1 灾_1 遇_1 难_1 者_1 。_1 在_1 哀_1 悼_1 日_1 当_1 天_1 ，_1 全_1 俄_1 文_1 化_1 娱_1 乐_1 场_1 所_1 将_1 停_1 止_1 一_1 切_1 公_1 共_1 娱_1 乐_1 活_1 动_1 ，_1 电_1 视_1 广_1 播_1 公_1 司_1 也_1 将_1 停_1 播_1 娱_1 乐_1 节_1 目_1 。_1 此_1 次_1 克_1 麦_1 罗_1 沃_1 火_1 灾_1 是_1 俄_1 近_1 年_1 来_1 发_1 生_1 的_1 重_1 大_1 火_1 灾_1 之_1 一_1 。_1 2009_1 年_1 12_1 月_1 ，_1 位_1 于_1 彼_1 尔_1 姆_1 边_1 疆_1 区_1 首_1 府_1 彼_1 尔_1 姆_1 市_1 的_1 一_1 家_1 名_1 为_1 [UNK]_1 瘸_1 腿_1 马_1 [UNK]_1 的_1 夜_1 总_1 会_1 发_1 生_1 火_1 灾_1 ，_1 导_1 致_1 150_1 余_1 人_1 遇_1 难_1 。_1 (_1 完_1 )_1 [SEP]_1
2019-10-25 16:42:08,978 seed everything and create model
2019-10-25 16:43:56,642 step 150 train loss: 0.7153
2019-10-25 16:43:56,642 step 150 score: 0.6788
2019-10-25 16:45:38,264 step 300 train loss: 0.4961
2019-10-25 16:45:38,265 step 300 score: 0.7715
2019-10-25 16:47:19,883 step 450 train loss: 0.4241
2019-10-25 16:47:19,883 step 450 score: 0.7852
2019-10-25 16:49:01,507 step 600 train loss: 0.3780
2019-10-25 16:49:01,507 step 600 score: 0.7603
2019-10-25 16:50:43,116 step 750 train loss: 0.3828
2019-10-25 16:50:43,116 step 750 score: 0.7752
2019-10-25 16:52:24,729 step 900 train loss: 0.3300
2019-10-25 16:52:24,729 step 900 score: 0.7594
2019-10-25 16:54:06,339 step 1050 train loss: 0.3127
2019-10-25 16:54:06,340 step 1050 score: 0.7891
2019-10-25 16:55:47,961 step 1200 train loss: 0.2714
2019-10-25 16:55:47,962 step 1200 score: 0.7869
2019-10-25 16:57:29,574 step 1350 train loss: 0.2684
2019-10-25 16:57:29,574 step 1350 score: 0.7802
2019-10-25 16:59:11,181 step 1500 train loss: 0.2883
2019-10-25 16:59:11,181 step 1500 score: 0.7765
2019-10-25 16:59:11,181 best score is 0.7891
