2019-10-28 20:25:57,431 log_in_file: True
2019-10-28 20:25:57,431 lm_path: /home/wangzl/PretrainedLM/BERT/New/roberta_zh_L-24_H-1024_A-16/
2019-10-28 20:25:57,431 lm_type: bert
2019-10-28 20:25:57,431 data_path: ../data/
2019-10-28 20:25:57,431 usegpu: True
2019-10-28 20:25:57,431 total_step: 10000
2019-10-28 20:25:57,432 eval_every: 1000
2019-10-28 20:25:57,432 early_stop: 4
2019-10-28 20:25:57,432 max_length: 510
2019-10-28 20:25:57,432 max_title_rate: 0.08
2019-10-28 20:25:57,432 content_head_rate: 0.6
2019-10-28 20:25:57,432 batch_size: 2
2019-10-28 20:25:57,432 lr_scheduler_type: linear
2019-10-28 20:25:57,432 input_pattern: head+tail+fixed
2019-10-28 20:25:57,432 clean_method: space+notzh
2019-10-28 20:25:57,432 warmup_rate: 0.1
2019-10-28 20:25:57,432 classifier_dropout: 0.3
2019-10-28 20:25:57,432 classifier_active: tanh
2019-10-28 20:25:57,432 cache_final_model: False
2019-10-28 20:25:57,432 seed: 23
2019-10-28 20:25:57,432 lr: 1e-05
2019-10-28 20:25:57,432 lr_decay_in_layers: 0.98
2019-10-28 20:25:57,432 wd_decay_in_layers: 1.0
2019-10-28 20:25:57,432 weight_decay: 0.01
2019-10-28 20:25:57,449 padding token is 0
2019-10-28 20:26:24,007 Token Sample: [CLS]_0 最_0 近_0 哈_0 有_0 很_0 多_0 相_0 亲_0 贴_0 噢_0 。_0 我_0 给_0 你_0 们_0 讲_0 ，_0 在_0 贴_0 吧_0 是_0 找_0 不_0 到_0 对_0 象_0 的_0 ，_0 不_0 然_0 [PAD]_0 [PAD]_0 [PAD]_0 [PAD]_0 [PAD]_0 [PAD]_0 [PAD]_0 [PAD]_0 [PAD]_0 [PAD]_0 [PAD]_0 [SEP]_0 最_1 近_1 哈_1 有_1 很_1 多_1 相_1 亲_1 贴_1 噢_1 。_1 我_1 给_1 你_1 们_1 讲_1 ，_1 在_1 贴_1 吧_1 是_1 找_1 不_1 到_1 对_1 象_1 的_1 ，_1 不_1 然_1 我_1 来_1 了_1 那_1 么_1 久_1 依_1 旧_1 是_1 单_1 身_1 狗_1 。_1 [PAD]_1 [PAD]_1 [PAD]_1 [PAD]_1 [PAD]_1 [PAD]_1 [PAD]_1 [PAD]_1 [PAD]_1 [PAD]_1 [PAD]_1 [PAD]_1 [PAD]_1 [PAD]_1 [PAD]_1 [PAD]_1 [PAD]_1 [PAD]_1 [PAD]_1 [PAD]_1 [PAD]_1 [PAD]_1 [PAD]_1 [PAD]_1 [PAD]_1 [PAD]_1 [PAD]_1 [PAD]_1 [PAD]_1 [PAD]_1 [PAD]_1 [PAD]_1 [PAD]_1 [PAD]_1 [PAD]_1 [PAD]_1 [PAD]_1 [PAD]_1 [PAD]_1 [PAD]_1 [PAD]_1 [PAD]_1 [PAD]_1 [PAD]_1 [PAD]_1 [PAD]_1 [PAD]_1 [PAD]_1 [PAD]_1 [PAD]_1 [PAD]_1 [PAD]_1 [PAD]_1 [PAD]_1 [PAD]_1 [PAD]_1 [PAD]_1 [PAD]_1 [PAD]_1 [PAD]_1 [PAD]_1 [PAD]_1 [PAD]_1 [PAD]_1 [PAD]_1 [PAD]_1 [PAD]_1 [PAD]_1 [PAD]_1 [PAD]_1 [PAD]_1 [PAD]_1 [PAD]_1 [PAD]_1 [PAD]_1 [PAD]_1 [PAD]_1 [PAD]_1 [PAD]_1 [PAD]_1 [PAD]_1 [PAD]_1 [PAD]_1 [PAD]_1 [PAD]_1 [PAD]_1 [PAD]_1 [PAD]_1 [PAD]_1 [PAD]_1 [PAD]_1 [PAD]_1 [PAD]_1 [PAD]_1 [PAD]_1 [PAD]_1 [PAD]_1 [PAD]_1 [PAD]_1 [PAD]_1 [PAD]_1 [PAD]_1 [PAD]_1 [PAD]_1 [PAD]_1 [PAD]_1 [PAD]_1 [PAD]_1 [PAD]_1 [PAD]_1 [PAD]_1 [PAD]_1 [PAD]_1 [PAD]_1 [PAD]_1 [PAD]_1 [PAD]_1 [PAD]_1 [PAD]_1 [PAD]_1 [PAD]_1 [PAD]_1 [PAD]_1 [PAD]_1 [PAD]_1 [PAD]_1 [PAD]_1 [PAD]_1 [PAD]_1 [PAD]_1 [PAD]_1 [PAD]_1 [PAD]_1 [PAD]_1 [PAD]_1 [PAD]_1 [PAD]_1 [PAD]_1 [PAD]_1 [PAD]_1 [PAD]_1 [PAD]_1 [PAD]_1 [PAD]_1 [PAD]_1 [PAD]_1 [PAD]_1 [PAD]_1 [PAD]_1 [PAD]_1 [PAD]_1 [PAD]_1 [PAD]_1 [PAD]_1 [PAD]_1 [PAD]_1 [PAD]_1 [PAD]_1 [PAD]_1 [PAD]_1 [PAD]_1 [PAD]_1 [PAD]_1 [PAD]_1 [PAD]_1 [PAD]_1 [PAD]_1 [PAD]_1 [PAD]_1 [PAD]_1 [PAD]_1 [PAD]_1 [PAD]_1 [PAD]_1 [PAD]_1 [PAD]_1 [PAD]_1 [PAD]_1 [PAD]_1 [PAD]_1 [PAD]_1 [PAD]_1 [PAD]_1 [PAD]_1 [PAD]_1 [PAD]_1 [PAD]_1 [PAD]_1 [PAD]_1 [PAD]_1 [PAD]_1 [PAD]_1 [PAD]_1 [PAD]_1 [PAD]_1 [PAD]_1 [PAD]_1 [PAD]_1 [PAD]_1 [PAD]_1 [PAD]_1 [PAD]_1 [PAD]_1 [PAD]_1 [PAD]_1 [PAD]_1 [PAD]_1 [PAD]_1 [PAD]_1 [PAD]_1 [PAD]_1 [PAD]_1 [PAD]_1 [PAD]_1 [PAD]_1 [PAD]_1 [PAD]_1 [PAD]_1 [PAD]_1 [PAD]_1 [PAD]_1 [PAD]_1 [PAD]_1 [PAD]_1 [PAD]_1 [PAD]_1 [PAD]_1 [PAD]_1 [PAD]_1 [PAD]_1 [PAD]_1 [PAD]_1 [PAD]_1 [PAD]_1 [PAD]_1 [PAD]_1 [PAD]_1 [PAD]_1 [SEP]_1 [PAD]_1 [PAD]_1 [PAD]_1 [PAD]_1 [PAD]_1 [PAD]_1 [PAD]_1 [PAD]_1 [PAD]_1 [PAD]_1 [PAD]_1 [PAD]_1 [PAD]_1 [PAD]_1 [PAD]_1 [PAD]_1 [PAD]_1 [PAD]_1 [PAD]_1 [PAD]_1 [PAD]_1 [PAD]_1 [PAD]_1 [PAD]_1 [PAD]_1 [PAD]_1 [PAD]_1 [PAD]_1 [PAD]_1 [PAD]_1 [PAD]_1 [PAD]_1 [PAD]_1 [PAD]_1 [PAD]_1 [PAD]_1 [PAD]_1 [PAD]_1 [PAD]_1 [PAD]_1 [PAD]_1 [PAD]_1 [PAD]_1 [PAD]_1 [PAD]_1 [PAD]_1 [PAD]_1 [PAD]_1 [PAD]_1 [PAD]_1 [PAD]_1 [PAD]_1 [PAD]_1 [PAD]_1 [PAD]_1 [PAD]_1 [PAD]_1 [PAD]_1 [PAD]_1 [PAD]_1 [PAD]_1 [PAD]_1 [PAD]_1 [PAD]_1 [PAD]_1 [PAD]_1 [PAD]_1 [PAD]_1 [PAD]_1 [PAD]_1 [PAD]_1 [PAD]_1 [PAD]_1 [PAD]_1 [PAD]_1 [PAD]_1 [PAD]_1 [PAD]_1 [PAD]_1 [PAD]_1 [PAD]_1 [PAD]_1 [PAD]_1 [PAD]_1 [PAD]_1 [PAD]_1 [PAD]_1 [PAD]_1 [PAD]_1 [PAD]_1 [PAD]_1 [PAD]_1 [PAD]_1 [PAD]_1 [PAD]_1 [PAD]_1 [PAD]_1 [PAD]_1 [PAD]_1 [PAD]_1 [PAD]_1 [PAD]_1 [PAD]_1 [PAD]_1 [PAD]_1 [PAD]_1 [PAD]_1 [PAD]_1 [PAD]_1 [PAD]_1 [PAD]_1 [PAD]_1 [PAD]_1 [PAD]_1 [PAD]_1 [PAD]_1 [PAD]_1 [PAD]_1 [PAD]_1 [PAD]_1 [PAD]_1 [PAD]_1 [PAD]_1 [PAD]_1 [PAD]_1 [PAD]_1 [PAD]_1 [PAD]_1 [PAD]_1 [PAD]_1 [PAD]_1 [PAD]_1 [PAD]_1 [PAD]_1 [PAD]_1 [PAD]_1 [PAD]_1 [PAD]_1 [PAD]_1 [PAD]_1 [PAD]_1 最_1 近_1 哈_1 有_1 很_1 多_1 相_1 亲_1 贴_1 噢_1 。_1 我_1 给_1 你_1 们_1 讲_1 ，_1 在_1 贴_1 吧_1 是_1 找_1 不_1 到_1 对_1 象_1 的_1 ，_1 不_1 然_1 我_1 来_1 了_1 那_1 么_1 久_1 依_1 旧_1 是_1 单_1 身_1 狗_1 。_1 [SEP]_1
2019-10-28 20:26:41,844 Token Sample: [CLS]_0 【_0 以_0 案_0 释_0 法_0 】_0 侵_0 吞_0 百_0 万_0 公_0 款_0 竟_0 为_0 打_0 赏_0 [UNK]_0 主_0 播_0 小_0 姐_0 姐_0 [UNK]_0 [PAD]_0 [PAD]_0 [PAD]_0 [PAD]_0 [PAD]_0 [PAD]_0 [PAD]_0 [PAD]_0 [PAD]_0 [PAD]_0 [PAD]_0 [PAD]_0 [PAD]_0 [PAD]_0 [PAD]_0 [PAD]_0 [PAD]_0 [PAD]_0 [SEP]_0 走_1 过_1 路_1 过_1 ，_1 不_1 要_1 错_1 过_1 这_1 个_1 公_1 众_1 号_1 哦_1 ！_1 法_1 律_1 小_1 贴_1 士_1 《_1 中_1 华_1 人_1 民_1 共_1 和_1 国_1 刑_1 法_1 》_1 第_1 二_1 百_1 七_1 十_1 一_1 条_1 职_1 务_1 侵_1 占_1 罪_1 ：_1 公_1 司_1 、_1 企_1 业_1 或_1 者_1 其_1 他_1 单_1 位_1 的_1 人_1 员_1 ，_1 利_1 用_1 职_1 务_1 上_1 的_1 便_1 利_1 ，_1 将_1 本_1 单_1 位_1 财_1 物_1 非_1 法_1 占_1 为_1 己_1 有_1 ，_1 数_1 额_1 较_1 大_1 的_1 ，_1 处_1 五_1 年_1 以_1 下_1 有_1 期_1 徒_1 刑_1 或_1 者_1 拘_1 役_1 ；_1 数_1 额_1 巨_1 大_1 的_1 ，_1 处_1 五_1 年_1 以_1 上_1 有_1 期_1 徒_1 刑_1 ，_1 可_1 以_1 并_1 处_1 没_1 收_1 财_1 产_1 。_1 近_1 日_1 ，_1 东_1 西_1 湖_1 区_1 检_1 察_1 院_1 依_1 法_1 对_1 涉_1 嫌_1 职_1 务_1 侵_1 占_1 罪_1 的_1 犯_1 罪_1 嫌_1 疑_1 人_1 朱_1 某_1 批_1 准_1 逮_1 捕_1 。_1 据_1 了_1 解_1 ，_1 朱_1 某_1 于_1 2009_1 年_1 入_1 职_1 辖_1 区_1 某_1 公_1 司_1 ，_1 担_1 任_1 业_1 务_1 员_1 一_1 职_1 。_1 2018_1 年_1 2_1 月_1 的_1 一_1 天_1 ，_1 朱_1 某_1 并_1 没_1 有_1 像_1 往_1 常_1 一_1 样_1 按_1 时_1 上_1 班_1 。_1 公_1 司_1 在_1 寻_1 找_1 朱_1 某_1 时_1 ，_1 得_1 知_1 其_1 已_1 乘_1 坐_1 高_1 铁_1 前_1 往_1 外_1 地_1 。_1 于_1 是_1 ，_1 公_1 司_1 立_1 即_1 对_1 朱_1 某_1 负_1 责_1 的_1 业_1 务_1 进_1 行_1 查_1 账_1 。_1 经_1 查_1 ，_1 朱_1 某_1 先_1 后_1 分_1 别_1 收_1 取_1 了_1 五_1 家_1 公_1 司_1 的_1 预_1 付_1 款_1 及_1 货_1 款_1 未_1 上_1 交_1 ，_1 侵_1 占_1 公_1 款_1 [SEP]_1 藏_1 。_1 [UNK]_1 献_1 给_1 主_1 播_1 小_1 姐_1 姐_1 [UNK]_1 的_1 千_1 朵_1 玫_1 瑰_1 花_1 还_1 在_1 绽_1 放_1 ，_1 等_1 待_1 朱_1 某_1 的_1 将_1 是_1 法_1 律_1 的_1 严_1 惩_1 。_1 办_1 案_1 检_1 察_1 官_1 温_1 馨_1 提_1 示_1 ，_1 公_1 司_1 企_1 业_1 一_1 定_1 要_1 加_1 强_1 各_1 环_1 节_1 管_1 理_1 ，_1 建_1 立_1 现_1 金_1 日_1 记_1 账_1 ，_1 每_1 天_1 对_1 货_1 物_1 、_1 现_1 金_1 进_1 行_1 盘_1 点_1 ，_1 对_1 账_1 结_1 账_1 ，_1 并_1 且_1 形_1 成_1 当_1 天_1 到_1 银_1 行_1 存_1 款_1 的_1 习_1 惯_1 。_1 对_1 留_1 存_1 现_1 金_1 也_1 应_1 确_1 定_1 留_1 存_1 上_1 限_1 ，_1 并_1 用_1 保_1 险_1 箱_1 上_1 锁_1 保_1 管_1 。_1 此_1 外_1 ，_1 还_1 应_1 加_1 强_1 对_1 员_1 工_1 的_1 廉_1 政_1 和_1 法_1 治_1 教_1 育_1 ，_1 及_1 时_1 了_1 解_1 员_1 工_1 思_1 想_1 生_1 活_1 状_1 况_1 ，_1 避_1 免_1 此_1 类_1 事_1 件_1 再_1 次_1 发_1 生_1 。_1 关_1 注_1 我_1 们_1 编_1 辑_1 ：_1 陈_1 仕_1 奇_1 编_1 审_1 ：_1 戚_1 宏_1 芳_1 [SEP]_1
2019-10-28 20:27:04,553 Token Sample: [CLS]_0 包_0 租_0 婆_0 get_0 !_0 一_0 起_0 围_0 观_0 这_0 个_0 堪_0 称_0 是_0 消_0 防_0 设_0 施_0 最_0 全_0 群_0 租_0 房_0 !_0 !_0 [PAD]_0 [PAD]_0 [PAD]_0 [PAD]_0 [PAD]_0 [PAD]_0 [PAD]_0 [PAD]_0 [PAD]_0 [PAD]_0 [PAD]_0 [PAD]_0 [PAD]_0 [PAD]_0 [PAD]_0 [PAD]_0 [SEP]_0 乱_1 拉_1 的_1 电_1 线_1 容_1 易_1 招_1 致_1 火_1 患_1 的_1 电_1 动_1 车_1 狭_1 窄_1 的_1 逃_1 生_1 通_1 道_1 、_1 牢_1 固_1 窗_1 户_1 围_1 栏_1 ._1 ._1 ._1 ._1 ._1 这_1 种_1 环_1 境_1 的_1 群_1 租_1 房_1 万_1 一_1 发_1 生_1 火_1 灾_1 后_1 果_1 真_1 的_1 不_1 堪_1 设_1 想_1 那_1 么_1 ，_1 怎_1 样_1 的_1 群_1 租_1 房_1 才_1 算_1 是_1 符_1 合_1 消_1 防_1 安_1 全_1 ？_1 近_1 日_1 ，_1 小_1 编_1 带_1 了_1 一_1 群_1 包_1 租_1 婆_1 、_1 包_1 租_1 公_1 一_1 起_1 去_1 参_1 观_1 了_1 这_1 个_1 群_1 租_1 房_1 示_1 范_1 点_1 一_1 起_1 来_1 看_1 看_1 看_1 点_1 1_1 带_1 有_1 独_1 立_1 的_1 电_1 动_1 车_1 充_1 电_1 房_1 群_1 租_1 房_1 示_1 范_1 点_1 设_1 有_1 独_1 立_1 电_1 动_1 车_1 充_1 电_1 房_1 ，_1 充_1 电_1 房_1 用_1 实_1 墙_1 与_1 主_1 楼_1 分_1 隔_1 ，_1 对_1 群_1 租_1 房_1 的_1 电_1 动_1 车_1 充_1 电_1 进_1 行_1 了_1 消_1 防_1 物_1 理_1 隔_1 离_1 。_1 房_1 内_1 楼_1 顶_1 装_1 有_1 消_1 防_1 球_1 （_1 感_1 应_1 干_1 粉_1 式_1 ）_1 ，_1 一_1 旦_1 电_1 动_1 车_1 起_1 火_1 ，_1 其_1 马_1 上_1 起_1 作_1 用_1 ，_1 自_1 动_1 喷_1 粉_1 灭_1 火_1 。_1 看_1 点_1 2_1 设_1 有_1 漏_1 电_1 自_1 动_1 断_1 电_1 开_1 关_1 、_1 pc_1 防_1 火_1 线_1 槽_1 群_1 租_1 房_1 示_1 范_1 点_1 设_1 置_1 了_1 漏_1 电_1 自_1 动_1 断_1 电_1 开_1 关_1 和_1 pc_1 阻_1 燃_1 线_1 槽_1 ，_1 最_1 大_1 程_1 度_1 减_1 轻_1 了_1 消_1 防_1 安_1 全_1 隐_1 患_1 。_1 看_1 点_1 3_1 灭_1 火_1 器_1 、_1 烟_1 雾_1 感_1 应_1 器_1 [SEP]_1 示_1 范_1 点_1 参_1 观_1 学_1 习_1 ，_1 并_1 马_1 上_1 改_1 造_1 了_1 自_1 己_1 的_1 群_1 租_1 房_1 。_1 在_1 此_1 ，_1 小_1 编_1 希_1 望_1 广_1 大_1 群_1 租_1 房_1 屋_1 主_1 为_1 了_1 自_1 己_1 和_1 住_1 户_1 的_1 切_1 身_1 利_1 益_1 ，_1 积_1 极_1 对_1 应_1 改_1 造_1 ，_1 让_1 广_1 大_1 租_1 客_1 住_1 得_1 安_1 全_1 、_1 放_1 心_1 。_1 最_1 后_1 ，_1 小_1 编_1 赠_1 大_1 家_1 几_1 条_1 消_1 防_1 安_1 全_1 小_1 宝_1 典_1 编_1 辑_1 丨_1 小_1 刚_1 校_1 对_1 丨_1 明_1 空_1 果_1 酱_1 jim_1 丨_1 高_1 明_1 公_1 安_1 禅_1 城_1 公_1 安_1 公_1 安_1 主_1 持_1 人_1 作_1 品_1 由_1 特_1 别_1 声_1 明_1 ：_1 以_1 上_1 文_1 章_1 内_1 容_1 仅_1 代_1 表_1 作_1 者_1 本_1 人_1 观_1 点_1 ，_1 不_1 代_1 表_1 新_1 浪_1 看_1 点_1 观_1 点_1 或_1 立_1 场_1 。_1 如_1 有_1 关_1 于_1 作_1 品_1 内_1 容_1 、_1 版_1 权_1 或_1 其_1 它_1 问_1 题_1 请_1 于_1 作_1 品_1 发_1 表_1 后_1 的_1 30_1 日_1 内_1 与_1 新_1 浪_1 看_1 点_1 联_1 系_1 。_1 [SEP]_1
2019-10-28 20:27:23,023 Token Sample: [CLS]_0 党_0 建_0 领_0 航_0 |_0 岳_0 塘_0 经_0 开_0 区_0 开_0 展_0 创_0 建_0 国_0 家_0 森_0 林_0 城_0 市_0 欢_0 乐_0 跑_0 活_0 动_0 [PAD]_0 [PAD]_0 [PAD]_0 [PAD]_0 [PAD]_0 [PAD]_0 [PAD]_0 [PAD]_0 [PAD]_0 [PAD]_0 [PAD]_0 [PAD]_0 [PAD]_0 [PAD]_0 [PAD]_0 [PAD]_0 [SEP]_0 点_1 击_1 标_1 题_1 下_1 「_1 蓝_1 色_1 微_1 信_1 名_1 」_1 可_1 快_1 速_1 关_1 注_1 5_1 月_1 19_1 日_1 上_1 午_1 ，_1 万_1 众_1 期_1 待_1 的_1 2018_1 年_1 湘_1 潭_1 市_1 创_1 建_1 国_1 家_1 森_1 林_1 城_1 市_1 湘_1 江_1 马_1 拉_1 松_1 赛_1 创_1 森_1 健_1 康_1 欢_1 乐_1 跑_1 活_1 动_1 在_1 体_1 育_1 中_1 心_1 拉_1 开_1 了_1 帷_1 幕_1 。_1 岳_1 塘_1 经_1 开_1 区_1 机_1 关_1 党_1 支_1 部_1 18_1 名_1 运_1 动_1 员_1 ，_1 高_1 举_1 旗_1 帜_1 ，_1 迎_1 着_1 朝_1 阳_1 ，_1 整_1 装_1 待_1 发_1 ，_1 以_1 斗_1 志_1 昂_1 扬_1 之_1 姿_1 参_1 与_1 到_1 这_1 场_1 马_1 拉_1 松_1 赛_1 事_1 中_1 。_1 从_1 上_1 午_1 7_1 时_1 起_1 ，_1 岳_1 塘_1 经_1 开_1 区_1 机_1 关_1 党_1 支_1 部_1 组_1 织_1 运_1 动_1 员_1 集_1 合_1 ，_1 前_1 往_1 起_1 点_1 。_1 本_1 次_1 比_1 赛_1 展_1 现_1 了_1 经_1 开_1 人_1 良_1 好_1 的_1 身_1 体_1 素_1 质_1 ，_1 积_1 极_1 向_1 上_1 的_1 精_1 神_1 风_1 貌_1 和_1 奋_1 勇_1 向_1 前_1 的_1 拼_1 搏_1 精_1 神_1 ，_1 增_1 强_1 了_1 团_1 队_1 意_1 识_1 、_1 集_1 体_1 荣_1 誉_1 感_1 和_1 凝_1 聚_1 力_1 。_1 赛_1 后_1 大_1 家_1 纷_1 纷_1 表_1 示_1 ：_1 参_1 加_1 这_1 样_1 的_1 比_1 赛_1 对_1 于_1 锻_1 炼_1 意_1 志_1 、_1 增_1 强_1 体_1 魄_1 、_1 开_1 阔_1 视_1 野_1 、_1 挑_1 战_1 自_1 我_1 是_1 一_1 次_1 难_1 得_1 的_1 考_1 验_1 。_1 比_1 赛_1 虽_1 已_1 结_1 束_1 ，_1 但_1 在_1 今_1 后_1 工_1 作_1 生_1 活_1 上_1 我_1 们_1 仍_1 要_1 发_1 扬_1 这_1 种_1 精_1 神_1 ，_1 克_1 服_1 一_1 切_1 [SEP]_1 神_1 ，_1 增_1 强_1 了_1 团_1 队_1 意_1 识_1 、_1 集_1 体_1 荣_1 誉_1 感_1 和_1 凝_1 聚_1 力_1 。_1 赛_1 后_1 大_1 家_1 纷_1 纷_1 表_1 示_1 ：_1 参_1 加_1 这_1 样_1 的_1 比_1 赛_1 对_1 于_1 锻_1 炼_1 意_1 志_1 、_1 增_1 强_1 体_1 魄_1 、_1 开_1 阔_1 视_1 野_1 、_1 挑_1 战_1 自_1 我_1 是_1 一_1 次_1 难_1 得_1 的_1 考_1 验_1 。_1 比_1 赛_1 虽_1 已_1 结_1 束_1 ，_1 但_1 在_1 今_1 后_1 工_1 作_1 生_1 活_1 上_1 我_1 们_1 仍_1 要_1 发_1 扬_1 这_1 种_1 精_1 神_1 ，_1 克_1 服_1 一_1 切_1 困_1 难_1 ，_1 将_1 正_1 能_1 量_1 继_1 续_1 传_1 递_1 下_1 去_1 。_1 2018_1 年_1 岳_1 塘_1 经_1 开_1 区_1 机_1 关_1 党_1 支_1 部_1 将_1 进_1 一_1 步_1 探_1 索_1 党_1 建_1 与_1 德_1 育_1 体_1 融_1 合_1 创_1 新_1 的_1 有_1 效_1 模_1 式_1 ，_1 定_1 期_1 组_1 织_1 党_1 员_1 干_1 部_1 开_1 展_1 各_1 项_1 学_1 习_1 、_1 活_1 动_1 ，_1 积_1 极_1 为_1 创_1 建_1 国_1 家_1 森_1 林_1 城_1 市_1 助_1 力_1 。_1 通_1 讯_1 员_1 ：_1 傅_1 小_1 轩_1 [SEP]_1
2019-10-28 20:27:32,731 seed everything and create model
2019-10-28 20:36:39,365 step 1000 train loss: 0.5875
2019-10-28 20:36:39,365 step 1000 score: 0.6469
2019-10-28 20:45:35,377 step 2000 train loss: 0.4479
2019-10-28 20:45:35,377 step 2000 score: 0.7790
2019-10-28 20:54:31,382 step 3000 train loss: 0.4130
2019-10-28 20:54:31,383 step 3000 score: 0.7696
2019-10-28 21:03:27,363 step 4000 train loss: 0.3472
2019-10-28 21:03:27,363 step 4000 score: 0.7883
2019-10-28 21:12:23,509 step 5000 train loss: 0.2975
2019-10-28 21:12:23,509 step 5000 score: 0.7858
2019-10-28 21:21:19,657 step 6000 train loss: 0.2929
2019-10-28 21:21:19,658 step 6000 score: 0.7848
2019-10-28 21:30:15,692 step 7000 train loss: 0.1948
2019-10-28 21:30:15,692 step 7000 score: 0.7547
2019-10-28 21:39:11,679 step 8000 train loss: 0.2044
2019-10-28 21:39:11,680 step 8000 score: 0.7975
2019-10-28 21:48:07,491 step 9000 train loss: 0.2000
2019-10-28 21:48:07,491 step 9000 score: 0.7869
2019-10-28 21:57:03,228 step 10000 train loss: 0.1594
2019-10-28 21:57:03,229 step 10000 score: 0.7884
2019-10-28 21:57:03,229 best score is 0.7975
