2019-10-16 19:25:34,634 log_in_file: True
2019-10-16 19:25:34,635 bert_path: /home/wangzl/PretrainedLM/BERT/New/roberta_zh_L-24_H-1024_A-16/
2019-10-16 19:25:34,635 data_path: ../data/
2019-10-16 19:25:34,635 usegpu: True
2019-10-16 19:25:34,635 use_origin: False
2019-10-16 19:25:34,635 total_step: 10000
2019-10-16 19:25:34,635 eval_every: 1000
2019-10-16 19:25:34,635 early_stop: 4
2019-10-16 19:25:34,635 max_length: 510
2019-10-16 19:25:34,635 max_title_rate: 0.125
2019-10-16 19:25:34,635 content_head_rate: 0.6
2019-10-16 19:25:34,635 batch_size: 2
2019-10-16 19:25:34,635 lr_scheduler_type: linear
2019-10-16 19:25:34,635 input_pattern: head+tail+dynamic
2019-10-16 19:25:34,635 clean_method: space
2019-10-16 19:25:34,635 warmup_rate: 0.1
2019-10-16 19:25:34,635 classifier_dropout: 0.3
2019-10-16 19:25:34,635 classifier_weight_decay: 0.0
2019-10-16 19:25:34,635 cache_final_model: False
2019-10-16 19:25:34,635 seed: 23
2019-10-16 19:25:34,635 lr: 1e-05
2019-10-16 19:25:34,635 lr_decay_in_layers: 0.99
2019-10-16 19:25:34,635 weight_decay: 0.01
2019-10-16 19:25:57,036 Token Sample: [CLS]_0 集_0 中_0 曝_0 光_0 、_0 密_0 集_0 处_0 理_0 ，_0 击_0 中_0 了_0 谁_0 的_0 [UNK]_0 痛_0 点_0 [UNK]_0 ?_0 __0 宇_0 洲_0 环_0 保_0 管_0 家_0 -_0 一_0 站_0 式_0 ._0 ._0 ._0 [SEP]_0 在_1 绿_1 色_1 发_1 展_1 理_1 念_1 深_1 入_1 人_1 心_1 的_1 当_1 前_1 ，_1 仍_1 然_1 出_1 现_1 这_1 些_1 触_1 目_1 惊_1 心_1 的_1 违_1 法_1 案_1 件_1 ，_1 仍_1 然_1 会_1 有_1 人_1 抱_1 怨_1 [UNK]_1 环_1 境_1 执_1 法_1 太_1 严_1 [UNK]_1 [UNK]_1 环_1 保_1 干_1 扰_1 企_1 业_1 正_1 常_1 经_1 营_1 [UNK]_1 。_1 这_1 些_1 不_1 禁_1 让_1 人_1 深_1 思_1 :_1 环_1 境_1 执_1 法_1 究_1 竟_1 是_1 为_1 了_1 什_1 么_1 ?_1 究_1 竟_1 是_1 为_1 了_1 谁_1 为_1 什_1 么_1 仍_1 有_1 人_1 质_1 疑_1 环_1 境_1 执_1 法_1 ，_1 其_1 根_1 源_1 在_1 于_1 这_1 些_1 人_1 仍_1 然_1 把_1 环_1 境_1 与_1 经_1 济_1 对_1 立_1 起_1 来_1 ，_1 把_1 环_1 境_1 与_1 发_1 展_1 对_1 立_1 起_1 来_1 。_1 作_1 为_1 地_1 方_1 党_1 委_1 和_1 政_1 府_1 领_1 导_1 ，_1 必_1 须_1 站_1 在_1 对_1 国_1 家_1 和_1 人_1 民_1 高_1 度_1 负_1 责_1 的_1 角_1 度_1 ，_1 充_1 分_1 考_1 量_1 地_1 方_1 资_1 源_1 环_1 境_1 成_1 本_1 ，_1 主_1 动_1 作_1 为_1 ，_1 寻_1 找_1 绿_1 水_1 青_1 山_1 转_1 化_1 为_1 金_1 山_1 银_1 山_1 的_1 路_1 径_1 。_1 企_1 业_1 主_1 必_1 须_1 跟_1 上_1 新_1 时_1 代_1 步_1 伐_1 ，_1 主_1 动_1 寻_1 求_1 绿_1 色_1 发_1 展_1 之_1 路_1 ，_1 要_1 因_1 地_1 制_1 宜_1 改_1 变_1 落_1 后_1 的_1 经_1 营_1 方_1 式_1 和_1 技_1 术_1 工_1 艺_1 ，_1 用_1 [UNK]_1 一_1 时_1 的_1 疼_1 [UNK]_1 换_1 来_1 [UNK]_1 长_1 久_1 生_1 存_1 [UNK]_1 。_1 不_1 能_1 心_1 存_1 侥_1 幸_1 ，_1 违_1 法_1 排_1 污_1 ，_1 甚_1 至_1 负_1 面_1 对_1 待_1 环_1 境_1 执_1 法_1 。_1 党_1 的_1 十_1 九_1 大_1 报_1 告_1 反_1 复_1 提_1 及_1 进_1 入_1 中_1 国_1 特_1 色_1 社_1 会_1 主_1 义_1 新_1 时_1 代_1 ，_1 治_1 国_1 理_1 政_1 将_1 在_1 [UNK]_1 以_1 人_1 民_1 为_1 中_1 心_1 [UNK]_1 的_1 理_1 念_1 下_1 进_1 行_1 。_1 各_1 级_1 党_1 委_1 政_1 府_1 必_1 须_1 充_1 分_1 认_1 识_1 到_1 ，_1 环_1 境_1 执_1 法_1 趋_1 严_1 是_1 为_1 了_1 维_1 护_1 广_1 大_1 人_1 民_1 群_1 众_1 的_1 利_1 益_1 ，_1 这_1 也_1 是_1 新_1 时_1 代_1 生_1 态_1 文_1 明_1 建_1 设_1 的_1 必_1 然_1 要_1 求_1 。_1 [SEP]_1 [PAD]_1 [PAD]_1 [PAD]_1 [PAD]_1 [PAD]_1 [PAD]_1 [PAD]_1 [PAD]_1 [PAD]_1 [PAD]_1 [PAD]_1 [PAD]_1 [PAD]_1 [PAD]_1 [PAD]_1 [PAD]_1 [PAD]_1 [PAD]_1 [PAD]_1 [PAD]_1 [PAD]_1 [PAD]_1 [PAD]_1 [PAD]_1 [PAD]_1 [PAD]_1 [PAD]_1 [PAD]_1 [PAD]_1 [PAD]_1 [PAD]_1 [PAD]_1 [PAD]_1 [PAD]_1 [PAD]_1 [PAD]_1 [PAD]_1 [PAD]_1 [PAD]_1 [PAD]_1 [PAD]_1 [PAD]_1 [PAD]_1 [PAD]_1 [PAD]_1 [PAD]_1 [PAD]_1 [PAD]_1 [PAD]_1 [PAD]_1 [PAD]_1 [PAD]_1 [PAD]_1 [PAD]_1 [PAD]_1 [PAD]_1 [PAD]_1 [PAD]_1 [PAD]_1 [PAD]_1 [PAD]_1 [PAD]_1 [PAD]_1 [PAD]_1 [PAD]_1 [PAD]_1 [PAD]_1 [PAD]_1 [PAD]_1 [PAD]_1 [PAD]_1 [PAD]_1 [PAD]_1 [PAD]_1 [PAD]_1 [PAD]_1 [PAD]_1 [PAD]_1 [PAD]_1 [PAD]_1 [PAD]_1 [PAD]_1 [PAD]_1 [PAD]_1 [PAD]_1 [PAD]_1 [PAD]_1 [PAD]_1 [PAD]_1 [PAD]_1 [PAD]_1 [PAD]_1 [PAD]_1 [PAD]_1 [PAD]_1
2019-10-16 19:26:10,988 Token Sample: [CLS]_0 [UNK]_0 南_0 方_0 人_0 被_0 黑_0 的_0 最_0 惨_0 的_0 一_0 次_0 [UNK]_0 民_0 警_0 跨_0 省_0 抓_0 捕_0 ，_0 嫌_0 疑_0 人_0 见_0 雪_0 景_0 兴_0 奋_0 直_0 摸_0 [SEP]_0 近_1 日_1 ，_1 7_1 名_1 电_1 信_1 诈_1 骗_1 嫌_1 疑_1 人_1 因_1 诈_1 骗_1 安_1 徽_1 市_1 民_1 ，_1 民_1 警_1 跨_1 省_1 在_1 海_1 南_1 将_1 其_1 抓_1 获_1 ，_1 并_1 且_1 将_1 他_1 们_1 带_1 回_1 芜_1 湖_1 ，_1 7_1 人_1 均_1 为_1 海_1 南_1 人_1 ，_1 接_1 到_1 报_1 案_1 以_1 后_1 ，_1 民_1 警_1 迅_1 速_1 对_1 案_1 件_1 进_1 行_1 了_1 前_1 期_1 侦_1 查_1 ，_1 串_1 并_1 了_1 合_1 肥_1 和_1 无_1 为_1 县_1 的_1 一_1 起_1 案_1 件_1 ，_1 总_1 涉_1 嫌_1 金_1 额_1 已_1 经_1 达_1 到_1 2_1 万_1 元_1 ，_1 嫌_1 疑_1 人_1 在_1 芜_1 湖_1 看_1 到_1 雪_1 景_1 ，_1 兴_1 奋_1 得_1 直_1 摸_1 车_1 上_1 的_1 雪_1 ，_1 一_1 直_1 玩_1 雪_1 ，_1 民_1 警_1 问_1 他_1 们_1 为_1 什_1 么_1 摸_1 雪_1 ，_1 他_1 们_1 直_1 言_1 自_1 己_1 从_1 来_1 没_1 有_1 看_1 过_1 雪_1 ，_1 海_1 南_1 没_1 有_1 下_1 过_1 雪_1 ，_1 这_1 是_1 人_1 生_1 第_1 一_1 次_1 见_1 ，_1 网_1 友_1 称_1 ：_1 这_1 下_1 南_1 方_1 被_1 黑_1 了_1 ，_1 目_1 前_1 案_1 件_1 正_1 在_1 进_1 一_1 步_1 的_1 办_1 理_1 之_1 中_1 。_1 以_1 下_1 网_1 友_1 评_1 论_1 ：_1 @_1 南_1 枫_1 翊_1 ：_1 内_1 容_1 过_1 于_1 真_1 实_1 布_1 布_1 呵_1 呵_1 :_1 做_1 为_1 北_1 方_1 人_1 的_1 我_1 从_1 来_1 没_1 见_1 过_1 芭_1 蕉_1 树_1 ，_1 窝_1 们_1 这_1 里_1 杨_1 树_1 最_1 多_1 ，_1 不_1 知_1 道_1 南_1 方_1 路_1 边_1 都_1 是_1 什_1 么_1 树_1 热_1 血_1 咕_1 咕_1 鸡_1 :_1 沿_1 海_1 城_1 市_1 ，_1 芒_1 果_1 树_1 比_1 较_1 多_1 ，_1 路_1 边_1 的_1 植_1 物_1 反_1 正_1 一_1 年_1 四_1 季_1 都_1 是_1 绿_1 的_1 ，_1 北_1 方_1 到_1 了_1 秋_1 天_1 冬_1 天_1 就_1 看_1 不_1 到_1 绿_1 色_1 了_1 @_1 初_1 见_1 宝_1 鸡_1 ：_1 嫌_1 疑_1 犯_1 ：_1 不_1 枉_1 此_1 行_1 @_1 叮_1 叮_1 叮_1 di_1 ##ng_1 聪_1 啊_1 ：_1 这_1 是_1 南_1 方_1 人_1 黑_1 的_1 最_1 惨_1 的_1 一_1 次_1 了_1 @_1 狮_1 子_1 座_1 de_1 大_1 老_1 虎_1 ：_1 南_1 方_1 人_1 看_1 雪_1 ，_1 北_1 方_1 人_1 看_1 南_1 方_1 人_1 新_1 闻_1 来_1 源_1 ：_1 梨_1 视_1 频_1 编_1 辑_1 ：_1 十_1 二_1 [SEP]_1 [PAD]_1 [PAD]_1 [PAD]_1 [PAD]_1 [PAD]_1 [PAD]_1 [PAD]_1 [PAD]_1 [PAD]_1 [PAD]_1 [PAD]_1 [PAD]_1 [PAD]_1 [PAD]_1 [PAD]_1 [PAD]_1 [PAD]_1 [PAD]_1 [PAD]_1 [PAD]_1 [PAD]_1 [PAD]_1 [PAD]_1 [PAD]_1 [PAD]_1 [PAD]_1 [PAD]_1 [PAD]_1 [PAD]_1 [PAD]_1 [PAD]_1 [PAD]_1 [PAD]_1 [PAD]_1 [PAD]_1 [PAD]_1 [PAD]_1 [PAD]_1 [PAD]_1 [PAD]_1 [PAD]_1 [PAD]_1 [PAD]_1 [PAD]_1 [PAD]_1 [PAD]_1 [PAD]_1 [PAD]_1 [PAD]_1 [PAD]_1 [PAD]_1 [PAD]_1 [PAD]_1 [PAD]_1 [PAD]_1 [PAD]_1 [PAD]_1 [PAD]_1 [PAD]_1 [PAD]_1 [PAD]_1 [PAD]_1 [PAD]_1 [PAD]_1 [PAD]_1 [PAD]_1 [PAD]_1 [PAD]_1 [PAD]_1 [PAD]_1 [PAD]_1 [PAD]_1 [PAD]_1 [PAD]_1 [PAD]_1 [PAD]_1 [PAD]_1 [PAD]_1 [PAD]_1 [PAD]_1 [PAD]_1 [PAD]_1 [PAD]_1 [PAD]_1 [PAD]_1 [PAD]_1 [PAD]_1 [PAD]_1 [PAD]_1 [PAD]_1 [PAD]_1 [PAD]_1 [PAD]_1 [PAD]_1 [PAD]_1 [PAD]_1 [PAD]_1 [PAD]_1 [PAD]_1 [PAD]_1 [PAD]_1 [PAD]_1
2019-10-16 19:26:50,052 Token Sample: [CLS]_0 首_0 次_0 房_0 地_0 产_0 违_0 规_0 跨_0 省_0 大_0 检_0 查_0 启_0 动_0 设_0 立_0 黑_0 名_0 单_0 制_0 度_0 __0 房_0 产_0 资_0 讯_0 -_0 宿_0 州_0 房_0 天_0 下_0 [SEP]_0 [UNK]_1 合_1 肥_1 近_1 日_1 要_1 求_1 将_1 房_1 地_1 产_1 项_1 目_1 夸_1 大_1 其_1 词_1 的_1 户_1 外_1 广_1 告_1 全_1 部_1 清_1 除_1 ，_1 违_1 规_1 用_1 词_1 全_1 部_1 抠_1 掉_1 ，_1 就_1 连_1 线_1 上_1 宣_1 传_1 也_1 没_1 有_1 放_1 过_1 ，_1 要_1 求_1 全_1 部_1 删_1 除_1 。_1 [UNK]_1 一_1 位_1 合_1 肥_1 房_1 企_1 管_1 理_1 层_1 人_1 士_1 对_1 记_1 者_1 说_1 。_1 记_1 者_1 获_1 悉_1 ，_1 近_1 日_1 住_1 建_1 部_1 、_1 发_1 改_1 委_1 联_1 合_1 发_1 布_1 《_1 商_1 品_1 房_1 销_1 售_1 价_1 格_1 行_1 为_1 联_1 合_1 交_1 叉_1 工_1 作_1 方_1 案_1 》_1 ，_1 将_1 重_1 点_1 对_1 北_1 京_1 、_1 南_1 京_1 、_1 苏_1 州_1 、_1 杭_1 州_1 、_1 嘉_1 兴_1 、_1 合_1 肥_1 、_1 济_1 南_1 、_1 青_1 岛_1 、_1 郑_1 州_1 、_1 长_1 沙_1 、_1 广_1 州_1 、_1 佛_1 山_1 、_1 海_1 口_1 、_1 三_1 亚_1 、_1 西_1 安_1 进_1 行_1 交_1 叉_1 检_1 查_1 。_1 据_1 有_1 关_1 人_1 士_1 介_1 绍_1 ，_1 此_1 次_1 检_1 查_1 不_1 再_1 由_1 地_1 方_1 自_1 行_1 检_1 查_1 ，_1 而_1 是_1 由_1 其_1 他_1 省_1 份_1 相_1 关_1 检_1 查_1 人_1 员_1 进_1 行_1 检_1 查_1 。_1 例_1 如_1 北_1 京_1 由_1 浙_1 江_1 带_1 队_1 检_1 查_1 ，_1 浙_1 江_1 则_1 由_1 广_1 东_1 相_1 关_1 部_1 门_1 负_1 责_1 。_1 此_1 次_1 价_1 格_1 检_1 查_1 的_1 重_1 点_1 包_1 括_1 :_1 销_1 售_1 商_1 品_1 房_1 未_1 明_1 码_1 标_1 价_1 ，_1 未_1 在_1 交_1 易_1 场_1 所_1 醒_1 目_1 位_1 置_1 明_1 码_1 标_1 价_1 ;_1 标_1 示_1 信_1 息_1 不_1 全_1 ，_1 没_1 有_1 按_1 照_1 规_1 定_1 内_1 容_1 明_1 [SEP]_1 守_1 通_1 过_1 商_1 品_1 房_1 网_1 签_1 系_1 统_1 联_1 机_1 打_1 印_1 商_1 品_1 房_1 买_1 卖_1 合_1 同_1 的_1 规_1 定_1 ，_1 即_1 时_1 网_1 签_1 ，_1 并_1 加_1 强_1 内_1 部_1 教_1 育_1 和_1 管_1 理_1 ，_1 不_1 得_1 变_1 相_1 捂_1 盘_1 惜_1 售_1 ，_1 不_1 得_1 捆_1 绑_1 销_1 售_1 ，_1 不_1 得_1 协_1 助_1 虚_1 假_1 购_1 房_1 资_1 格_1 ，_1 不_1 得_1 参_1 与_1 或_1 为_1 炒_1 卖_1 房_1 源_1 提_1 供_1 支_1 持_1 ，_1 努_1 力_1 遏_1 制_1 投_1 机_1 炒_1 房_1 行_1 为_1 。_1 免_1 责_1 声_1 明_1 :_1 凡_1 注_1 明_1 [UNK]_1 来_1 源_1 :_1 房_1 天_1 下_1 [UNK]_1 的_1 所_1 有_1 文_1 字_1 图_1 片_1 等_1 资_1 料_1 ，_1 版_1 权_1 均_1 属_1 房_1 天_1 下_1 所_1 有_1 ，_1 转_1 载_1 请_1 注_1 明_1 出_1 处_1 ;_1 文_1 章_1 内_1 容_1 仅_1 供_1 参_1 考_1 ，_1 不_1 构_1 成_1 投_1 资_1 建_1 议_1 ，_1 也_1 不_1 代_1 表_1 房_1 天_1 下_1 赞_1 同_1 其_1 观_1 点_1 。_1 文_1 中_1 所_1 涉_1 面_1 积_1 ，_1 如_1 无_1 特_1 殊_1 说_1 明_1 ，_1 均_1 为_1 建_1 筑_1 面_1 积_1 。_1 [SEP]_1
2019-10-16 19:27:11,379 seed everything and create model
2019-10-16 19:36:21,555 step 1000 train loss: 0.5704
2019-10-16 19:36:21,556 step 1000 score: 0.7382
2019-10-16 19:45:22,750 step 2000 train loss: 0.4458
2019-10-16 19:45:22,750 step 2000 score: 0.7411
2019-10-16 19:54:23,873 step 3000 train loss: 0.4186
2019-10-16 19:54:23,873 step 3000 score: 0.7071
2019-10-16 20:03:24,931 step 4000 train loss: 0.2554
2019-10-16 20:03:24,932 step 4000 score: 0.7752
2019-10-16 20:12:26,022 step 5000 train loss: 0.2535
2019-10-16 20:12:26,023 step 5000 score: 0.7832
2019-10-16 20:21:27,029 step 6000 train loss: 0.2306
2019-10-16 20:21:27,030 step 6000 score: 0.7605
2019-10-16 20:30:28,015 step 7000 train loss: 0.1198
2019-10-16 20:30:28,015 step 7000 score: 0.7643
2019-10-16 20:39:29,020 step 8000 train loss: 0.0951
2019-10-16 20:39:29,020 step 8000 score: 0.7667
2019-10-16 20:48:51,305 step 9000 train loss: 0.0955
2019-10-16 20:48:51,305 step 9000 score: 0.7742
2019-10-16 20:57:53,527 step 10000 train loss: 0.0481
2019-10-16 20:57:53,527 step 10000 score: 0.7845
2019-10-16 20:57:53,541 best score is 0.7845
