2019-10-22 15:52:57,944 log_in_file: True
2019-10-22 15:52:57,944 lm_path: /home/wangzl/PretrainedLM/XLNET/chinese_xlnet_mid_pytorch/
2019-10-22 15:52:57,944 lm_type: xlnet
2019-10-22 15:52:57,944 data_path: ../data/
2019-10-22 15:52:57,944 usegpu: True
2019-10-22 15:52:57,944 use_origin: True
2019-10-22 15:52:57,944 total_step: 3600
2019-10-22 15:52:57,945 eval_every: 300
2019-10-22 15:52:57,945 early_stop: 4
2019-10-22 15:52:57,945 max_length: 510
2019-10-22 15:52:57,945 max_title_rate: 0.125
2019-10-22 15:52:57,945 content_head_rate: 0.6
2019-10-22 15:52:57,945 batch_size: 4
2019-10-22 15:52:57,945 lr_scheduler_type: linear
2019-10-22 15:52:57,945 input_pattern: head+tail+dynamic
2019-10-22 15:52:57,945 clean_method: space+notzh
2019-10-22 15:52:57,945 warmup_rate: 0.1
2019-10-22 15:52:57,945 classifier_dropout: 0.3
2019-10-22 15:52:57,945 classifier_weight_decay: 0.0
2019-10-22 15:52:57,945 cache_final_model: False
2019-10-22 15:52:57,945 seed: 23
2019-10-22 15:52:57,945 lr: 2e-05
2019-10-22 15:52:57,945 lr_decay_in_layers: 0.95
2019-10-22 15:52:57,945 weight_decay: 0.01
2019-10-22 15:52:57,993 padding token is 5
2019-10-22 15:53:08,521 Token Sample: <cls>_0 ▁_0 沭_0 阳_0 贫困_0 残_0 疾_0 人_0 领_0 到_0 20_0 万元_0 救助_0 金_0 <sep>_0 ▁_1 宿_1 迁_1 网_1 讯_1 (_1 记者_1 孙_1 军_1 贤_1 通讯_1 员_1 章_1 杰_1 金_1 )_1 “_1 虽然_1 这些_1 钱_1 并不_1 算_1 多_1 ,_1 可_1 体现_1 了_1 政府的_1 关_1 怀_1 。_1 特别是_1 对于_1 我们_1 这些_1 贫困_1 残_1 疾_1 人_1 来说_1 ,_1 还是_1 能_1 解决_1 不少_1 问题的_1 。_1 ”_1 5_1 月_1 18_1 日上午_1 ,_1 在_1 沭_1 阳县_1 残_1 疾_1 人_1 康_1 复_1 中心_1 ,_1 来自_1 该_1 县_1 耿_1 圩_1 镇_1 的_1 肢_1 体_1 残_1 疾_1 人_1 刘_1 女士_1 拿到_1 慈善_1 救助_1 金_1 时_1 说_1 道_1 。_1 原来_1 在_1 全国_1 助_1 残_1 日_1 即将_1 到_1 来_1 之际_1 ,_1 沭_1 阳县_1 残_1 联_1 联合_1 县_1 慈善_1 总会_1 ,_1 为_1 全_1 县_1 400_1 名_1 贫困_1 残_1 疾_1 人_1 发放_1 20_1 万元_1 慈善_1 救助_1 金_1 。_1 5_1 月_1 20_1 日_1 是_1 第_1 28_1 次_1 全国_1 助_1 残_1 日_1 ,_1 为_1 全面_1 落实_1 “_1 全面_1 建成_1 小_1 康_1 社会_1 ,_1 残_1 疾_1 人_1 一个_1 也不能_1 少_1 ”_1 的_1 主题_1 ,_1 激发_1 全_1 社会_1 扶_1 残_1 助_1 残_1 热情_1 ,_1 塑造_1 文明_1 和谐_1 友_1 爱_1 氛_1 围_1 ,_1 积极_1 推动_1 残_1 疾_1 人_1 小_1 康_1 生活_1 进程_1 ,_1 连_1 日_1 来_1 ,_1 沭_1 阳县_1 残_1 联_1 除了_1 举行_1 “_1 慈善_1 助_1 残_1 ”_1 捐赠_1 外_1 ,_1 还_1 为_1 残_1 疾_1 人_1 发放_1 辅助_1 器_1 具_1 、_1 免费_1 义_1 诊_1 、_1 参观_1 托_1 养_1 中心_1 ,_1 并_1 对_1 残_1 疾_1 人_1 进行_1 走_1 访_1 慰_1 问_1 。_1 5_1 月_1 17_1 日_1 ,_1 沭_1 阳县_1 残_1 联_1 组织_1 肢_1 残_1 、_1 盲_1 人_1 、_1 精神_1 亲_1 友_1 等_1 专门_1 协会_1 以及_1 志愿者_1 ,_1 在_1 大_1 润_1 发_1 门_1 前_1 广场_1 开展_1 为_1 群众_1 体_1 检_1 义_1 诊_1 、_1 保健_1 按_1 摩_1 、_1 宣传_1 残_1 疾_1 预防_1 等_1 活动_1 。_1 当_1 日_1 ,_1 沭_1 阳县_1 残_1 联_1 有关_1 领导_1 来到_1 胡_1 集_1 镇_1 华_1 光_1 村_1 ,_1 看_1 望_1 慰_1 问_1 因_1 车_1 祸_1 死亡_1 无_1 偿_1 捐_1 献_1 器官_1 并_1 成功_1 救_1 治_1 3_1 名_1 患者_1 的_1 徐_1 以_1 红_1 的_1 亲属_1 李_1 碧_1 花_1 ,_1 向_1 她_1 表示_1 节日_1 的_1 问_1 候_1 ,_1 并_1 送_1 上了_1 慰_1 问_1 金_1 和_1 慰_1 问_1 品_1 。_1 接着_1 ,_1 又_1 先后_1 走_1 访_1 慰_1 问_1 了_1 10_1 名_1 贫困_1 残_1 疾_1 。_1 同时还_1 组织_1 各类_1 残_1 疾_1 人_1 以及_1 爱_1 心_1 志愿者_1 ,_1 实_1 地_1 参观_1 了_1 沭_1 阳县_1 刚_1 建成_1 并_1 投入使用_1 的_1 精神病_1 托_1 养_1 中心的_1 内部_1 设施_1 建设_1 ,_1 感受_1 在_1 中心_1 内部_1 接收_1 托_1 养_1 的_1 精神病_1 患者_1 的生活_1 情况_1 。_1 5_1 月_1 16_1 日_1 ,_1 沭_1 阳县_1 残_1 联_1 组织_1 在_1 张_1 圩_1 乡_1 “_1 一_1 老_1 一_1 少_1 ”_1 关_1 爱_1 中心_1 为_1 贫困_1 重_1 度_1 残_1 疾_1 人_1 发放_1 轮_1 椅_1 、_1 助_1 行_1 器_1 、_1 盲_1 杖_1 等_1 辅助_1 器_1 具_1 。_1 <sep>_1 <pad>_1 <pad>_1 <pad>_1 <pad>_1 <pad>_1 <pad>_1 <pad>_1 <pad>_1 <pad>_1 <pad>_1 <pad>_1 <pad>_1 <pad>_1 <pad>_1 <pad>_1 <pad>_1 <pad>_1 <pad>_1 <pad>_1 <pad>_1 <pad>_1 <pad>_1 <pad>_1 <pad>_1 <pad>_1 <pad>_1 <pad>_1 <pad>_1 <pad>_1 <pad>_1 <pad>_1 <pad>_1 <pad>_1 <pad>_1 <pad>_1 <pad>_1 <pad>_1 <pad>_1 <pad>_1 <pad>_1 <pad>_1 <pad>_1 <pad>_1 <pad>_1 <pad>_1
2019-10-22 15:53:16,517 Token Sample: <cls>_0 ▁_0 污水_0 管_0 网_0 年_0 久_0 失_0 修_0 及_0 时_0 改造_0 群众_0 点_0 赞_0 <sep>_0 ▁_1 晚报_1 讯_1 位于_1 翠_1 屏_1 区_1 安_1 阜_1 街道_1 葡萄_1 园_1 社区_1 金_1 鹰_1 街_1 74_1 号_1 的_1 志_1 建_1 小_1 区_1 ,_1 由于_1 污水_1 管_1 网_1 年_1 久_1 失_1 修_1 、_1 管道_1 塌_1 陷_1 严重_1 ,_1 加_1 之_1 居民_1 使用_1 不_1 当_1 ,_1 堵_1 塞_1 严重_1 造成_1 污水_1 排放_1 不_1 畅_1 ,_1 影响_1 了_1 商_1 铺_1 经营_1 和_1 小_1 区_1 居民_1 的_1 正常_1 生活_1 。_1 社区_1 得_1 悉_1 上述_1 信息_1 后_1 ,_1 先_1 到_1 小_1 区_1 调查_1 了解_1 具体_1 情况_1 ,_1 然后_1 积极_1 协调_1 安_1 阜_1 街道办事处_1 、_1 翠_1 屏_1 区_1 房_1 管_1 局_1 ,_1 聘请_1 专业_1 人员_1 现场_1 查_1 勘_1 ,_1 设计_1 整_1 治_1 方案_1 ,_1 切_1 实_1 解决_1 社区_1 居民_1 迫_1 切_1 需要_1 解决_1 的问题_1 。_1 由于_1 此_1 项_1 工程_1 改造_1 面_1 大_1 ,_1 材料_1 、_1 工程_1 费用_1 需要_1 10_1 多_1 万元_1 。_1 社区_1 通过_1 多_1 方_1 协调_1 ,_1 整_1 治_1 资金_1 采用_1 “_1 四个_1 一点_1 ”_1 的方式_1 解决_1 ,_1 即_1 :_1 居民_1 、_1 商_1 铺_1 、_1 社区_1 和_1 上_1 级_1 主管_1 单位_1 各_1 出_1 一点_1 的方式_1 解决_1 ,_1 经过_1 有_1 条_1 不_1 紊_1 的_1 施工_1 ,_1 重新_1 换_1 了_1 一条_1 长_1 101_1 米_1 的_1 地下_1 排_1 污_1 管道_1 。_1 目前_1 ,_1 污水_1 管_1 网_1 改造_1 工程_1 基本_1 完成_1 ,_1 5_1 10_1 户_1 居民_1 和_1 32_1 户_1 商_1 铺_1 排_1 污_1 不_1 畅_1 问题_1 得到_1 顺利_1 解决_1 ,_1 小_1 区和_1 街_1 面_1 卫生_1 更加_1 干_1 净_1 清_1 洁_1 ,_1 受到_1 商_1 铺_1 和_1 居民_1 群众_1 的_1 交_1 口_1 称赞_1 。_1 刘_1 秀_1 英_1 新闻_1 推荐_1 翠_1 屏_1 山_1 栈_1 道_1 主体_1 完工_1 晚报_1 讯_1 2_1 月_1 25_1 日_1 ,_1 晚报_1 记者_1 从_1 施工_1 方_1 获_1 悉_1 ,_1 翠_1 屏_1 山_1 人_1 行_1 栈_1 道_1 目前_1 主体_1 结构_1 已_1 全面_1 完工_1 ,_1 预计_1 四_1 月底_1 全程_1 开放_1 。_1 当_1 日下午_1 ,_1 记者_1 在_1 栈_1 道_1 入口_1 ._1 ._1 宜_1 宾_1 新闻_1 ,_1 讲述_1 家乡_1 的故事_1 。_1 有_1 观点_1 、_1 有_1 态度_1 ,_1 接_1 地_1 气_1 的_1 实_1 时_1 新闻_1 ,_1 传播_1 宜_1 宾_1 正_1 能量_1 。_1 看_1 家乡_1 事_1 ,_1 品_1 故乡_1 情_1 。_1 家_1 的声音_1 ,_1 天_1 涯_1 咫_1 尺_1 。_1 <sep>_1 <pad>_1 <pad>_1 <pad>_1 <pad>_1 <pad>_1 <pad>_1 <pad>_1 <pad>_1 <pad>_1 <pad>_1 <pad>_1 <pad>_1 <pad>_1 <pad>_1 <pad>_1 <pad>_1 <pad>_1 <pad>_1 <pad>_1 <pad>_1 <pad>_1 <pad>_1 <pad>_1 <pad>_1 <pad>_1 <pad>_1 <pad>_1 <pad>_1 <pad>_1 <pad>_1 <pad>_1 <pad>_1 <pad>_1 <pad>_1 <pad>_1 <pad>_1 <pad>_1 <pad>_1 <pad>_1 <pad>_1 <pad>_1 <pad>_1 <pad>_1 <pad>_1 <pad>_1 <pad>_1 <pad>_1 <pad>_1 <pad>_1 <pad>_1 <pad>_1 <pad>_1 <pad>_1 <pad>_1 <pad>_1 <pad>_1 <pad>_1 <pad>_1 <pad>_1 <pad>_1 <pad>_1 <pad>_1 <pad>_1 <pad>_1 <pad>_1 <pad>_1 <pad>_1 <pad>_1 <pad>_1 <pad>_1 <pad>_1 <pad>_1 <pad>_1 <pad>_1 <pad>_1 <pad>_1 <pad>_1 <pad>_1 <pad>_1 <pad>_1 <pad>_1 <pad>_1 <pad>_1 <pad>_1 <pad>_1 <pad>_1 <pad>_1 <pad>_1 <pad>_1 <pad>_1 <pad>_1 <pad>_1 <pad>_1 <pad>_1 <pad>_1 <pad>_1 <pad>_1 <pad>_1 <pad>_1 <pad>_1 <pad>_1 <pad>_1 <pad>_1 <pad>_1 <pad>_1 <pad>_1 <pad>_1 <pad>_1 <pad>_1 <pad>_1 <pad>_1 <pad>_1 <pad>_1 <pad>_1 <pad>_1 <pad>_1 <pad>_1 <pad>_1 <pad>_1 <pad>_1 <pad>_1 <pad>_1 <pad>_1 <pad>_1 <pad>_1 <pad>_1 <pad>_1 <pad>_1 <pad>_1 <pad>_1 <pad>_1 <pad>_1 <pad>_1 <pad>_1 <pad>_1 <pad>_1 <pad>_1 <pad>_1 <pad>_1 <pad>_1 <pad>_1 <pad>_1 <pad>_1 <pad>_1 <pad>_1 <pad>_1 <pad>_1 <pad>_1
2019-10-22 15:53:25,283 Token Sample: <cls>_0 ▁[_0 投_0 诉_0 ]_0 河北_0 一_0 卡通_0 退_0 费_0 30_0 天_0 还_0 未_0 收到_0 欺_0 骗_0 用户_0 <sep>_0 ▁3_1 月_1 29_1 日_1 去_1 河北_1 一_1 卡通_1 石家庄_1 总部_1 办理_1 一_1 卡通_1 et_1 c_1 退_1 卡_1 退_1 费_1 手_1 续_1 ,_1 当时_1 客_1 服_1 人员_1 说_1 30_1 日_1 内_1 退_1 款_1 到_1 卡_1 ,_1 手_1 续_1 办_1 了_1 ,_1 卡_1 号_1 留_1 了_1 ,_1 但是_1 30_1 日_1 之后_1 钱_1 没有_1 退回_1 来_1 ,_1 打_1 电话_1 也_1 没_1 人_1 接_1 了_1 ,_1 去_1 其_1 公司_1 已经_1 没有_1 人_1 了_1 ,_1 希望_1 得到_1 帮助_1 。_1 <sep>_1 <pad>_1 <pad>_1 <pad>_1 <pad>_1 <pad>_1 <pad>_1 <pad>_1 <pad>_1 <pad>_1 <pad>_1 <pad>_1 <pad>_1 <pad>_1 <pad>_1 <pad>_1 <pad>_1 <pad>_1 <pad>_1 <pad>_1 <pad>_1 <pad>_1 <pad>_1 <pad>_1 <pad>_1 <pad>_1 <pad>_1 <pad>_1 <pad>_1 <pad>_1 <pad>_1 <pad>_1 <pad>_1 <pad>_1 <pad>_1 <pad>_1 <pad>_1 <pad>_1 <pad>_1 <pad>_1 <pad>_1 <pad>_1 <pad>_1 <pad>_1 <pad>_1 <pad>_1 <pad>_1 <pad>_1 <pad>_1 <pad>_1 <pad>_1 <pad>_1 <pad>_1 <pad>_1 <pad>_1 <pad>_1 <pad>_1 <pad>_1 <pad>_1 <pad>_1 <pad>_1 <pad>_1 <pad>_1 <pad>_1 <pad>_1 <pad>_1 <pad>_1 <pad>_1 <pad>_1 <pad>_1 <pad>_1 <pad>_1 <pad>_1 <pad>_1 <pad>_1 <pad>_1 <pad>_1 <pad>_1 <pad>_1 <pad>_1 <pad>_1 <pad>_1 <pad>_1 <pad>_1 <pad>_1 <pad>_1 <pad>_1 <pad>_1 <pad>_1 <pad>_1 <pad>_1 <pad>_1 <pad>_1 <pad>_1 <pad>_1 <pad>_1 <pad>_1 <pad>_1 <pad>_1 <pad>_1 <pad>_1 <pad>_1 <pad>_1 <pad>_1 <pad>_1 <pad>_1 <pad>_1 <pad>_1 <pad>_1 <pad>_1 <pad>_1 <pad>_1 <pad>_1 <pad>_1 <pad>_1 <pad>_1 <pad>_1 <pad>_1 <pad>_1 <pad>_1 <pad>_1 <pad>_1 <pad>_1 <pad>_1 <pad>_1 <pad>_1 <pad>_1 <pad>_1 <pad>_1 <pad>_1 <pad>_1 <pad>_1 <pad>_1 <pad>_1 <pad>_1 <pad>_1 <pad>_1 <pad>_1 <pad>_1 <pad>_1 <pad>_1 <pad>_1 <pad>_1 <pad>_1 <pad>_1 <pad>_1 <pad>_1 <pad>_1 <pad>_1 <pad>_1 <pad>_1 <pad>_1 <pad>_1 <pad>_1 <pad>_1 <pad>_1 <pad>_1 <pad>_1 <pad>_1 <pad>_1 <pad>_1 <pad>_1 <pad>_1 <pad>_1 <pad>_1 <pad>_1 <pad>_1 <pad>_1 <pad>_1 <pad>_1 <pad>_1 <pad>_1 <pad>_1 <pad>_1 <pad>_1 <pad>_1 <pad>_1 <pad>_1 <pad>_1 <pad>_1 <pad>_1 <pad>_1 <pad>_1 <pad>_1 <pad>_1 <pad>_1 <pad>_1 <pad>_1 <pad>_1 <pad>_1 <pad>_1 <pad>_1 <pad>_1 <pad>_1 <pad>_1 <pad>_1 <pad>_1 <pad>_1 <pad>_1 <pad>_1 <pad>_1 <pad>_1 <pad>_1 <pad>_1 <pad>_1 <pad>_1 <pad>_1 <pad>_1 <pad>_1 <pad>_1 <pad>_1 <pad>_1 <pad>_1 <pad>_1 <pad>_1 <pad>_1 <pad>_1 <pad>_1 <pad>_1 <pad>_1 <pad>_1 <pad>_1 <pad>_1 <pad>_1 <pad>_1 <pad>_1 <pad>_1 <pad>_1 <pad>_1 <pad>_1 <pad>_1 <pad>_1 <pad>_1 <pad>_1 <pad>_1 <pad>_1 <pad>_1 <pad>_1 <pad>_1 <pad>_1 <pad>_1 <pad>_1 <pad>_1 <pad>_1 <pad>_1 <pad>_1 <pad>_1 <pad>_1 <pad>_1 <pad>_1 <pad>_1 <pad>_1 <pad>_1 <pad>_1 <pad>_1 <pad>_1 <pad>_1 <pad>_1 <pad>_1 <pad>_1 <pad>_1 <pad>_1 <pad>_1 <pad>_1 <pad>_1 <pad>_1 <pad>_1 <pad>_1 <pad>_1 <pad>_1 <pad>_1 <pad>_1 <pad>_1 <pad>_1 <pad>_1 <pad>_1 <pad>_1 <pad>_1 <pad>_1 <pad>_1 <pad>_1 <pad>_1 <pad>_1 <pad>_1 <pad>_1 <pad>_1 <pad>_1 <pad>_1 <pad>_1 <pad>_1 <pad>_1 <pad>_1 <pad>_1 <pad>_1 <pad>_1 <pad>_1 <pad>_1 <pad>_1 <pad>_1 <pad>_1 <pad>_1 <pad>_1 <pad>_1 <pad>_1 <pad>_1 <pad>_1 <pad>_1 <pad>_1 <pad>_1 <pad>_1 <pad>_1 <pad>_1 <pad>_1 <pad>_1 <pad>_1 <pad>_1 <pad>_1 <pad>_1 <pad>_1 <pad>_1 <pad>_1 <pad>_1 <pad>_1 <pad>_1 <pad>_1 <pad>_1 <pad>_1 <pad>_1 <pad>_1 <pad>_1 <pad>_1 <pad>_1 <pad>_1 <pad>_1 <pad>_1 <pad>_1 <pad>_1 <pad>_1 <pad>_1 <pad>_1 <pad>_1 <pad>_1 <pad>_1 <pad>_1 <pad>_1 <pad>_1 <pad>_1 <pad>_1 <pad>_1 <pad>_1 <pad>_1 <pad>_1 <pad>_1 <pad>_1 <pad>_1 <pad>_1 <pad>_1 <pad>_1 <pad>_1 <pad>_1 <pad>_1 <pad>_1 <pad>_1 <pad>_1 <pad>_1 <pad>_1 <pad>_1 <pad>_1 <pad>_1 <pad>_1 <pad>_1 <pad>_1 <pad>_1 <pad>_1 <pad>_1 <pad>_1 <pad>_1 <pad>_1 <pad>_1 <pad>_1 <pad>_1 <pad>_1 <pad>_1 <pad>_1 <pad>_1 <pad>_1 <pad>_1 <pad>_1 <pad>_1 <pad>_1 <pad>_1 <pad>_1 <pad>_1 <pad>_1 <pad>_1 <pad>_1 <pad>_1 <pad>_1 <pad>_1 <pad>_1 <pad>_1 <pad>_1 <pad>_1 <pad>_1 <pad>_1 <pad>_1 <pad>_1 <pad>_1 <pad>_1 <pad>_1 <pad>_1 <pad>_1 <pad>_1 <pad>_1 <pad>_1 <pad>_1 <pad>_1
2019-10-22 15:53:32,772 Token Sample: <cls>_0 ▁_0 【_0 寻_0 美_0 之_0 眼_0 】_0 4_0 /_0 30_0 社会_0 实践_0 活动_0 !_0 <sep>_0 ▁_1 中共_1 诸_1 暨_1 市_1 一_1 米_1 阳光_1 志_1 愿_1 服务_1 协会_1 支部_1 委员会_1 活动_1 负责_1 /_1 联系_1 人_1 俞_1 洲_1 宣_1 露_1 敏_1 西_1 施_1 故_1 里_1 坐落在_1 浦_1 阳_1 江_1 畔_1 ,_1 有_1 中国_1 历代_1 名_1 媛_1 馆_1 、_1 范_1 蠡_1 祠_1 等_1 古迹_1 ,_1 是一个_1 充满_1 人文_1 气_1 息_1 、_1 具有_1 悠久_1 历史_1 的_1 旅游_1 风景区_1 。_1 拥有_1 闭_1 月_1 羞_1 花_1 之_1 美_1 的_1 中国古代_1 四大_1 美女_1 之_1 首_1 的_1 西_1 施_1 是_1 诸_1 暨_1 美_1 的代表_1 ,_1 她的_1 美_1 不_1 仅仅_1 停留_1 在_1 外貌_1 ,_1 更多_1 地_1 放在_1 国家_1 、_1 民族_1 的大_1 背景_1 中_1 ,_1 从_1 精神_1 层面_1 来_1 解_1 读_1 ,_1 她的_1 美_1 闪_1 烁_1 着_1 理性_1 的_1 本质_1 和_1 光芒_1 。_1 “_1 寻_1 美_1 之_1 眼_1 ”_1 活动_1 起点_1 定_1 在_1 西_1 施_1 故_1 里_1 ,_1 意_1 在_1 让_1 参加_1 实践_1 活动_1 的_1 同学_1 们_1 ,_1 用_1 心_1 体_1 会_1 身边_1 的_1 善_1 与_1 美_1 ,_1 用_1 自己的_1 行动_1 创造_1 更多_1 美_1 。_1 迎_1 着_1 凉_1 风_1 ,_1 沿着_1 浦_1 阳_1 江_1 畔_1 ,_1 由_1 海_1 亮_1 高级中学_1 青年_1 志愿者_1 协会_1 及_1 诸_1 暨_1 中学_1 部分_1 学生_1 联合_1 组成的_1 实践_1 小_1 分_1 队_1 ,_1 一路_1 见证_1 着_1 大_1 诸_1 暨_1 的_1 飞_1 速_1 发展_1 。_1 用_1 自己的_1 行动_1 彰_1 显_1 文明_1 之_1 细节_1 在_1 一_1 米_1 阳光_1 志_1 愿_1 服务_1 基地_1 食_1 堂_1 di_1 y_1 一_1 米_1 饺_1 子_1 作_1 中_1 餐_1 ,_1 没有_1 那么_1 多_1 华_1 丽_1 ,_1 多_1 了一份_1 朴_1 实_1 ,_1 自己_1 动_1 手_1 ,_1 才能_1 品_1 尝_1 出_1 劳动_1 的_1 价值_1 ,_1 没有_1 一点_1 伪_1 装_1 ,_1 浑_1 然_1 天_1 成_1 。_1 (_1 小_1 朋友_1 悠_1 美_1 葫芦_1 丝_1 表演_1 )_1 我们_1 坐_1 在一起_1 ,_1 就_1 时_1 下_1 热_1 门_1 话题_1 ——_1 “_1 校园_1 霸_1 凌_1 ”_1 。_1 话题_1 相对_1 沉重_1 ,_1 同学_1 们_1 <sep>_1 解决_1 一个_1 社会_1 问题_1 ,_1 往_1 上_1 要_1 追溯_1 到_1 问题的_1 根源_1 ,_1 下_1 要_1 追踪_1 到_1 问题的_1 最终_1 影响_1 。_1 公益_1 除了_1 要_1 像_1 慈善_1 那样_1 有_1 形_1 投入_1 外_1 ,_1 还包括_1 概念_1 的_1 普及_1 、_1 思想_1 的_1 转变_1 等_1 无_1 形_1 的内容_1 ,_1 比如_1 政策_1 倡导_1 、_1 文化_1 运动_1 、_1 生活方式_1 改变_1 等_1 多种_1 方面_1 。_1 公益_1 服务_1 对象_1 是_1 整个_1 社会_1 所有的_1 人_1 。_1 在_1 公益_1 中_1 ,_1 强_1 势_1 和_1 弱_1 势_1 是_1 可以_1 转换_1 的_1 ;_1 关注_1 人权_1 与_1 民_1 权_1 问题_1 ,_1 体现_1 尊重_1 、_1 多元_1 、_1 包_1 容_1 、_1 非_1 暴力_1 等_1 普_1 世_1 价值_1 观_1 。_1 公益_1 的核心_1 思想_1 就是_1 唤_1 醒_1 良_1 知_1 、_1 唤_1 醒_1 善良_1 ,_1 通过_1 行动_1 影响_1 更多_1 人_1 ,_1 改变_1 更多_1 人_1 !_1 公益_1 从_1 生理_1 需求_1 与_1 安全_1 需求_1 ,_1 延伸到_1 满足_1 社交_1 需求_1 和_1 尊重_1 需求_1 ;_1 最后_1 的_1 自我_1 实现_1 需求_1 则_1 又_1 是_1 公益_1 的_1 进一步_1 发展_1 。_1 【_1 大_1 诸_1 暨_1 读书_1 吧_1 】_1 由_1 大_1 诸_1 暨_1 门_1 户_1 冠_1 名_1 支持_1 !_1 阅读_1 原文_1 了解_1 近期_1 活动_1 信息_1 【_1 心_1 手_1 相_1 织_1 一_1 米_1 情_1 第七_1 季_1 】_1 5_1 月_1 3_1 日_1 特殊_1 学校_1 !_1 <sep>_1
2019-10-22 15:53:35,313 seed everything and create model
2019-10-22 16:02:01,594 step 300 train loss: 0.7335
2019-10-22 16:02:01,595 step 300 score: 0.5766
2019-10-22 16:10:20,686 step 600 train loss: 0.5237
2019-10-22 16:10:20,686 step 600 score: 0.7254
2019-10-22 16:18:39,857 step 900 train loss: 0.4092
2019-10-22 16:18:39,857 step 900 score: 0.7665
2019-10-22 16:26:58,970 step 1200 train loss: 0.4216
2019-10-22 16:26:58,970 step 1200 score: 0.7827
2019-10-22 16:35:18,043 step 1500 train loss: 0.3809
2019-10-22 16:35:18,043 step 1500 score: 0.7756
2019-10-22 16:43:37,176 step 1800 train loss: 0.2608
2019-10-22 16:43:37,177 step 1800 score: 0.7886
2019-10-22 16:51:56,392 step 2100 train loss: 0.2953
2019-10-22 16:51:56,392 step 2100 score: 0.7914
2019-10-22 17:00:15,554 step 2400 train loss: 0.2796
2019-10-22 17:00:15,555 step 2400 score: 0.7732
2019-10-22 17:08:34,676 step 2700 train loss: 0.2699
2019-10-22 17:08:34,676 step 2700 score: 0.7903
2019-10-22 17:16:53,849 step 3000 train loss: 0.2489
2019-10-22 17:16:53,849 step 3000 score: 0.7983
2019-10-22 17:25:12,962 step 3300 train loss: 0.1626
2019-10-22 17:25:12,963 step 3300 score: 0.7976
2019-10-22 17:33:31,943 step 3600 train loss: 0.1661
2019-10-22 17:33:31,943 step 3600 score: 0.7982
2019-10-22 17:33:31,943 best score is 0.7983
