2019-10-24 21:53:19,881 log_in_file: True
2019-10-24 21:53:19,881 lm_path: /home/wangzl/PretrainedLM/BERT/New/roberta_zh_L-24_H-1024_A-16/
2019-10-24 21:53:19,881 lm_type: bert
2019-10-24 21:53:19,881 data_path: ../data/
2019-10-24 21:53:19,881 usegpu: True
2019-10-24 21:53:19,881 use_origin: False
2019-10-24 21:53:19,881 n_fold: 5
2019-10-24 21:53:19,881 total_step: 5000
2019-10-24 21:53:19,881 eval_every: 500
2019-10-24 21:53:19,881 early_stop: 4
2019-10-24 21:53:19,881 max_length: 510
2019-10-24 21:53:19,881 max_title_rate: 0.09
2019-10-24 21:53:19,881 content_head_rate: 0.6
2019-10-24 21:53:19,882 batch_size: 2
2019-10-24 21:53:19,882 lr_scheduler_type: linear
2019-10-24 21:53:19,882 input_pattern: head+tail+fixed
2019-10-24 21:53:19,882 clean_method: space+notzh
2019-10-24 21:53:19,882 warmup_rate: 0.1
2019-10-24 21:53:19,882 classifier_dropout: 0.3
2019-10-24 21:53:19,882 classifier_weight_decay: 0.0
2019-10-24 21:53:19,882 cache_final_model: False
2019-10-24 21:53:19,882 seed: 23
2019-10-24 21:53:19,882 lr: 2e-05
2019-10-24 21:53:19,882 lr_decay_in_layers: 0.95
2019-10-24 21:53:19,882 weight_decay: 0.01
2019-10-24 21:53:19,898 padding token is 0
2019-10-24 21:53:38,299 Token Sample: [CLS]_0 投_0 标_0 报_0 名_0 [UNK]_0 江_0 宁_0 监_0 狱_0 民_0 警_0 备_0 勤_0 楼_0 及_0 办_0 公_0 楼_0 外_0 立_0 面_0 出_0 新_0 改_0 造_0 工_0 程_0 施_0 工_0 ._0 ._0 ._0 [PAD]_0 [PAD]_0 [PAD]_0 [PAD]_0 [PAD]_0 [PAD]_0 [PAD]_0 [PAD]_0 [PAD]_0 [PAD]_0 [PAD]_0 [PAD]_0 [PAD]_0 [PAD]_0 [SEP]_0 投_1 标_1 报_1 名_1 [UNK]_1 江_1 宁_1 监_1 狱_1 民_1 警_1 备_1 勤_1 楼_1 及_1 办_1 公_1 楼_1 外_1 立_1 面_1 出_1 新_1 改_1 造_1 工_1 程_1 施_1 工_1 招_1 标_1 公_1 告_1 发_1 布_1 时_1 间_1 返_1 回_1 列_1 表_1 标_1 报_1 名_1 [UNK]_1 江_1 宁_1 监_1 狱_1 民_1 警_1 备_1 勤_1 楼_1 及_1 公_1 楼_1 外_1 立_1 面_1 出_1 新_1 改_1 造_1 工_1 程_1 施_1 工_1 招_1 标_1 公_1 告_1 招_1 标_1 人_1 :_1 江_1 苏_1 省_1 江_1 宁_1 监_1 狱_1 资_1 金_1 来_1 源_1 :_1 其_1 它_1 江_1 宁_1 监_1 狱_1 民_1 警_1 备_1 勤_1 楼_1 及_1 公_1 楼_1 外_1 立_1 面_1 出_1 新_1 改_1 造_1 工_1 程_1 施_1 工_1 招_1 标_1 公_1 告_1 江_1 苏_1 省_1 江_1 宁_1 监_1 狱_1 建_1 设_1 项_1 目_1 江_1 宁_1 监_1 狱_1 民_1 警_1 备_1 勤_1 楼_1 及_1 公_1 楼_1 外_1 立_1 面_1 出_1 新_1 改_1 造_1 工_1 程_1 施_1 工_1 已_1 经_1 立_1 项_1 部_1 门_1 批_1 准_1 建_1 设_1 。_1 工_1 程_1 所_1 需_1 资_1 金_1 现_1 已_1 落_1 实_1 。_1 本_1 工_1 程_1 对_1 标_1 申_1 请_1 人_1 的_1 资_1 格_1 审_1 查_1 ，_1 采_1 用_1 资_1 格_1 后_1 审_1 方_1 法_1 选_1 择_1 合_1 格_1 的_1 标_1 申_1 请_1 人_1 参_1 加_1 标_1 。_1 一_1 、_1 受_1 招_1 标_1 人_1 委_1 托_1 (_1 或_1 招_1 标_1 人_1 )_1 负_1 责_1 本_1 工_1 程_1 的_1 招_1 标_1 事_1 宜_1 。_1 二_1 、_1 招_1 标_1 工_1 程_1 概_1 况_1 1_1 、_1 标_1 段_1 名_1 称_1 :_1 施_1 工_1 2_1 、_1 工_1 程_1 地_1 点_1 :_1 江_1 苏_1 省_1 江_1 宁_1 监_1 狱_1 内_1 3_1 、_1 建_1 设_1 内_1 容_1 :_1 外_1 立_1 面_1 改_1 造_1 工_1 [SEP]_1 中_1 心_1 章_1 】_1 。_1 若_1 项_1 目_1 负_1 责_1 人_1 企_1 业_1 退_1 休_1 人_1 员_1 、_1 现_1 役_1 军_1 人_1 等_1 客_1 观_1 原_1 因_1 无_1 法_1 提_1 供_1 养_1 老_1 保_1 险_1 金_1 缴_1 费_1 ，_1 必_1 须_1 出_1 具_1 相_1 关_1 材_1 料_1 及_1 劳_1 动_1 合_1 同_1 ，_1 否_1 则_1 一_1 律_1 按_1 未_1 提_1 供_1 养_1 老_1 保_1 险_1 金_1 缴_1 费_1 材_1 料_1 处_1 理_1 ，_1 将_1 不_1 能_1 通_1 过_1 资_1 格_1 审_1 查_1 ;_1 4_1 、_1 项_1 目_1 负_1 责_1 人_1 须_1 取_1 得_1 安_1 全_1 生_1 产_1 考_1 核_1 合_1 格_1 证_1 书_1 (_1 b_1 类_1 )_1 且_1 在_1 有_1 效_1 期_1 内_1 ，_1 否_1 则_1 视_1 为_1 资_1 格_1 审_1 查_1 不_1 合_1 格_1 ;_1 特_1 别_1 提_1 醒_1 :_1 请_1 标_1 人_1 在_1 购_1 买_1 招_1 标_1 文_1 件_1 前_1 务_1 必_1 先_1 以_1 邮_1 件_1 或_1 电_1 话_1 的_1 方_1 式_1 与_1 联_1 系_1 人_1 取_1 得_1 联_1 系_1 。_1 获_1 取_1 详_1 细_1 的_1 招_1 标_1 公_1 告_1 联_1 系_1 人_1 :_1 周_1 涛_1 电_1 话_1 邮_1 箱_1 [SEP]_1
2019-10-24 21:53:49,832 Token Sample: [CLS]_0 【_0 中_0 国_0 青_0 岛_0 】_0 青_0 岛_0 打_0 造_0 新_0 零_0 售_0 示_0 范_0 城_0 市_0 与_0 口_0 碑_0 签_0 署_0 战_0 略_0 合_0 作_0 协_0 议_0 [PAD]_0 [PAD]_0 [PAD]_0 [PAD]_0 [PAD]_0 [PAD]_0 [PAD]_0 [PAD]_0 [PAD]_0 [PAD]_0 [PAD]_0 [PAD]_0 [PAD]_0 [PAD]_0 [PAD]_0 [PAD]_0 [PAD]_0 [PAD]_0 [SEP]_0 【_1 中_1 国_1 青_1 岛_1 】_1 青_1 岛_1 打_1 造_1 新_1 零_1 售_1 示_1 范_1 城_1 市_1 与_1 口_1 碑_1 签_1 署_1 战_1 略_1 合_1 作_1 协_1 议_1 来_1 源_1 :_1 大_1 众_1 网_1 签_1 约_1 仪_1 式_1 现_1 场_1 。_1 大_1 众_1 网_1 青_1 岛_1 5_1 月_1 21_1 日_1 讯_1 （_1 记_1 者_1 王_1 悦_1 音_1 王_1 梦_1 馨_1 ）_1 21_1 日_1 下_1 午_1 ，_1 青_1 岛_1 市_1 商_1 务_1 局_1 与_1 阿_1 里_1 巴_1 巴_1 口_1 碑_1 集_1 团_1 在_1 府_1 新_1 大_1 厦_1 举_1 行_1 战_1 略_1 合_1 作_1 签_1 约_1 仪_1 式_1 ，_1 共_1 同_1 签_1 署_1 推_1 进_1 青_1 岛_1 新_1 零_1 售_1 发_1 展_1 战_1 略_1 合_1 作_1 协_1 议_1 。_1 21_1 日_1 下_1 午_1 ，_1 青_1 岛_1 市_1 副_1 市_1 长_1 刘_1 建_1 军_1 会_1 见_1 了_1 来_1 访_1 的_1 阿_1 里_1 巴_1 巴_1 副_1 总_1 裁_1 、_1 口_1 碑_1 集_1 团_1 ceo_1 范_1 驰_1 先_1 生_1 一_1 行_1 并_1 出_1 席_1 签_1 约_1 仪_1 式_1 ，_1 青_1 岛_1 市_1 商_1 务_1 局_1 、_1 市_1 南_1 区_1 政_1 府_1 、_1 青_1 啤_1 集_1 团_1 、_1 万_1 象_1 城_1 等_1 有_1 关_1 负_1 责_1 同_1 志_1 陪_1 同_1 会_1 见_1 并_1 出_1 席_1 签_1 约_1 活_1 动_1 。_1 全_1 市_1 重_1 点_1 商_1 贸_1 餐_1 饮_1 企_1 业_1 、_1 电_1 商_1 企_1 业_1 、_1 老_1 字_1 号_1 企_1 业_1 代_1 表_1 ，_1 商_1 联_1 会_1 、_1 网_1 商_1 协_1 会_1 、_1 餐_1 饮_1 协_1 会_1 等_1 行_1 业_1 协_1 会_1 代_1 表_1 参_1 加_1 签_1 约_1 仪_1 式_1 。_1 按_1 照_1 协_1 议_1 ，_1 阿_1 里_1 口_1 碑_1 集_1 团_1 将_1 与_1 青_1 岛_1 一_1 起_1 打_1 造_1 全_1 国_1 新_1 零_1 [SEP]_1 年_1 1_1 月_1 ，_1 进_1 入_1 阿_1 里_1 巴_1 巴_1 集_1 团_1 新_1 零_1 售_1 体_1 系_1 ，_1 负_1 责_1 本_1 地_1 生_1 活_1 服_1 务_1 领_1 域_1 新_1 零_1 售_1 模_1 式_1 、_1 特_1 别_1 是_1 餐_1 饮_1 行_1 业_1 新_1 零_1 售_1 模_1 式_1 的_1 探_1 索_1 。_1 目_1 前_1 ，_1 口_1 碑_1 平_1 台_1 入_1 驻_1 商_1 户_1 已_1 经_1 超_1 过_1 250_1 万_1 ，_1 单_1 日_1 交_1 易_1 笔_1 数_1 超_1 过_1 3000_1 万_1 笔_1 。_1 餐_1 饮_1 是_1 线_1 下_1 消_1 费_1 的_1 最_1 大_1 业_1 态_1 ，_1 口_1 碑_1 未_1 来_1 会_1 继_1 续_1 以_1 餐_1 饮_1 为_1 重_1 点_1 实_1 践_1 新_1 零_1 售_1 ，_1 用_1 大_1 数_1 据_1 驱_1 动_1 餐_1 饮_1 行_1 业_1 的_1 人_1 货_1 场_1 重_1 构_1 。_1 通_1 过_1 帮_1 助_1 商_1 家_1 门_1 店_1 数_1 字_1 化_1 经_1 营_1 ，_1 带_1 动_1 菜_1 品_1 的_1 标_1 准_1 化_1 和_1 规_1 模_1 化_1 生_1 产_1 ，_1 促_1 进_1 供_1 应_1 链_1 效_1 率_1 的_1 提_1 升_1 ，_1 实_1 现_1 线_1 上_1 线_1 下_1 的_1 一_1 体_1 化_1 体_1 验_1 。_1 [SEP]_1
2019-10-24 21:54:00,918 Token Sample: [CLS]_0 12_0 岁_0 女_0 孩_0 公_0 交_0 被_0 性_0 侵_0 怀_0 孕_0 真_0 相_0 [PAD]_0 [PAD]_0 [PAD]_0 [PAD]_0 [PAD]_0 [PAD]_0 [PAD]_0 [PAD]_0 [PAD]_0 [PAD]_0 [PAD]_0 [PAD]_0 [PAD]_0 [PAD]_0 [PAD]_0 [PAD]_0 [PAD]_0 [PAD]_0 [PAD]_0 [PAD]_0 [PAD]_0 [PAD]_0 [PAD]_0 [PAD]_0 [PAD]_0 [PAD]_0 [PAD]_0 [PAD]_0 [PAD]_0 [PAD]_0 [PAD]_0 [PAD]_0 [PAD]_0 [SEP]_0 无_1 [PAD]_1 [PAD]_1 [PAD]_1 [PAD]_1 [PAD]_1 [PAD]_1 [PAD]_1 [PAD]_1 [PAD]_1 [PAD]_1 [PAD]_1 [PAD]_1 [PAD]_1 [PAD]_1 [PAD]_1 [PAD]_1 [PAD]_1 [PAD]_1 [PAD]_1 [PAD]_1 [PAD]_1 [PAD]_1 [PAD]_1 [PAD]_1 [PAD]_1 [PAD]_1 [PAD]_1 [PAD]_1 [PAD]_1 [PAD]_1 [PAD]_1 [PAD]_1 [PAD]_1 [PAD]_1 [PAD]_1 [PAD]_1 [PAD]_1 [PAD]_1 [PAD]_1 [PAD]_1 [PAD]_1 [PAD]_1 [PAD]_1 [PAD]_1 [PAD]_1 [PAD]_1 [PAD]_1 [PAD]_1 [PAD]_1 [PAD]_1 [PAD]_1 [PAD]_1 [PAD]_1 [PAD]_1 [PAD]_1 [PAD]_1 [PAD]_1 [PAD]_1 [PAD]_1 [PAD]_1 [PAD]_1 [PAD]_1 [PAD]_1 [PAD]_1 [PAD]_1 [PAD]_1 [PAD]_1 [PAD]_1 [PAD]_1 [PAD]_1 [PAD]_1 [PAD]_1 [PAD]_1 [PAD]_1 [PAD]_1 [PAD]_1 [PAD]_1 [PAD]_1 [PAD]_1 [PAD]_1 [PAD]_1 [PAD]_1 [PAD]_1 [PAD]_1 [PAD]_1 [PAD]_1 [PAD]_1 [PAD]_1 [PAD]_1 [PAD]_1 [PAD]_1 [PAD]_1 [PAD]_1 [PAD]_1 [PAD]_1 [PAD]_1 [PAD]_1 [PAD]_1 [PAD]_1 [PAD]_1 [PAD]_1 [PAD]_1 [PAD]_1 [PAD]_1 [PAD]_1 [PAD]_1 [PAD]_1 [PAD]_1 [PAD]_1 [PAD]_1 [PAD]_1 [PAD]_1 [PAD]_1 [PAD]_1 [PAD]_1 [PAD]_1 [PAD]_1 [PAD]_1 [PAD]_1 [PAD]_1 [PAD]_1 [PAD]_1 [PAD]_1 [PAD]_1 [PAD]_1 [PAD]_1 [PAD]_1 [PAD]_1 [PAD]_1 [PAD]_1 [PAD]_1 [PAD]_1 [PAD]_1 [PAD]_1 [PAD]_1 [PAD]_1 [PAD]_1 [PAD]_1 [PAD]_1 [PAD]_1 [PAD]_1 [PAD]_1 [PAD]_1 [PAD]_1 [PAD]_1 [PAD]_1 [PAD]_1 [PAD]_1 [PAD]_1 [PAD]_1 [PAD]_1 [PAD]_1 [PAD]_1 [PAD]_1 [PAD]_1 [PAD]_1 [PAD]_1 [PAD]_1 [PAD]_1 [PAD]_1 [PAD]_1 [PAD]_1 [PAD]_1 [PAD]_1 [PAD]_1 [PAD]_1 [PAD]_1 [PAD]_1 [PAD]_1 [PAD]_1 [PAD]_1 [PAD]_1 [PAD]_1 [PAD]_1 [PAD]_1 [PAD]_1 [PAD]_1 [PAD]_1 [PAD]_1 [PAD]_1 [PAD]_1 [PAD]_1 [PAD]_1 [PAD]_1 [PAD]_1 [PAD]_1 [PAD]_1 [PAD]_1 [PAD]_1 [PAD]_1 [PAD]_1 [PAD]_1 [PAD]_1 [PAD]_1 [PAD]_1 [PAD]_1 [PAD]_1 [PAD]_1 [PAD]_1 [PAD]_1 [PAD]_1 [PAD]_1 [PAD]_1 [PAD]_1 [PAD]_1 [PAD]_1 [PAD]_1 [PAD]_1 [PAD]_1 [PAD]_1 [PAD]_1 [PAD]_1 [PAD]_1 [PAD]_1 [PAD]_1 [PAD]_1 [PAD]_1 [PAD]_1 [PAD]_1 [PAD]_1 [PAD]_1 [PAD]_1 [PAD]_1 [PAD]_1 [PAD]_1 [PAD]_1 [PAD]_1 [PAD]_1 [PAD]_1 [PAD]_1 [PAD]_1 [PAD]_1 [PAD]_1 [PAD]_1 [PAD]_1 [PAD]_1 [PAD]_1 [PAD]_1 [PAD]_1 [PAD]_1 [PAD]_1 [PAD]_1 [PAD]_1 [PAD]_1 [PAD]_1 [PAD]_1 [PAD]_1 [PAD]_1 [PAD]_1 [PAD]_1 [PAD]_1 [PAD]_1 [PAD]_1 [PAD]_1 [PAD]_1 [PAD]_1 [PAD]_1 [PAD]_1 [PAD]_1 [PAD]_1 [PAD]_1 [PAD]_1 [PAD]_1 [PAD]_1 [PAD]_1 [PAD]_1 [PAD]_1 [PAD]_1 [PAD]_1 [PAD]_1 [PAD]_1 [PAD]_1 [PAD]_1 [PAD]_1 [PAD]_1 [PAD]_1 [PAD]_1 [SEP]_1 [PAD]_1 [PAD]_1 [PAD]_1 [PAD]_1 [PAD]_1 [PAD]_1 [PAD]_1 [PAD]_1 [PAD]_1 [PAD]_1 [PAD]_1 [PAD]_1 [PAD]_1 [PAD]_1 [PAD]_1 [PAD]_1 [PAD]_1 [PAD]_1 [PAD]_1 [PAD]_1 [PAD]_1 [PAD]_1 [PAD]_1 [PAD]_1 [PAD]_1 [PAD]_1 [PAD]_1 [PAD]_1 [PAD]_1 [PAD]_1 [PAD]_1 [PAD]_1 [PAD]_1 [PAD]_1 [PAD]_1 [PAD]_1 [PAD]_1 [PAD]_1 [PAD]_1 [PAD]_1 [PAD]_1 [PAD]_1 [PAD]_1 [PAD]_1 [PAD]_1 [PAD]_1 [PAD]_1 [PAD]_1 [PAD]_1 [PAD]_1 [PAD]_1 [PAD]_1 [PAD]_1 [PAD]_1 [PAD]_1 [PAD]_1 [PAD]_1 [PAD]_1 [PAD]_1 [PAD]_1 [PAD]_1 [PAD]_1 [PAD]_1 [PAD]_1 [PAD]_1 [PAD]_1 [PAD]_1 [PAD]_1 [PAD]_1 [PAD]_1 [PAD]_1 [PAD]_1 [PAD]_1 [PAD]_1 [PAD]_1 [PAD]_1 [PAD]_1 [PAD]_1 [PAD]_1 [PAD]_1 [PAD]_1 [PAD]_1 [PAD]_1 [PAD]_1 [PAD]_1 [PAD]_1 [PAD]_1 [PAD]_1 [PAD]_1 [PAD]_1 [PAD]_1 [PAD]_1 [PAD]_1 [PAD]_1 [PAD]_1 [PAD]_1 [PAD]_1 [PAD]_1 [PAD]_1 [PAD]_1 [PAD]_1 [PAD]_1 [PAD]_1 [PAD]_1 [PAD]_1 [PAD]_1 [PAD]_1 [PAD]_1 [PAD]_1 [PAD]_1 [PAD]_1 [PAD]_1 [PAD]_1 [PAD]_1 [PAD]_1 [PAD]_1 [PAD]_1 [PAD]_1 [PAD]_1 [PAD]_1 [PAD]_1 [PAD]_1 [PAD]_1 [PAD]_1 [PAD]_1 [PAD]_1 [PAD]_1 [PAD]_1 [PAD]_1 [PAD]_1 [PAD]_1 [PAD]_1 [PAD]_1 [PAD]_1 [PAD]_1 [PAD]_1 [PAD]_1 [PAD]_1 [PAD]_1 [PAD]_1 [PAD]_1 [PAD]_1 [PAD]_1 [PAD]_1 [PAD]_1 [PAD]_1 [PAD]_1 [PAD]_1 [PAD]_1 [PAD]_1 [PAD]_1 [PAD]_1 [PAD]_1 [PAD]_1 [PAD]_1 [PAD]_1 [PAD]_1 [PAD]_1 [PAD]_1 [PAD]_1 [PAD]_1 [PAD]_1 [PAD]_1 [PAD]_1 [PAD]_1 [PAD]_1 [PAD]_1 [PAD]_1 [PAD]_1 [PAD]_1 [PAD]_1 [PAD]_1 [PAD]_1 [PAD]_1 [PAD]_1 [PAD]_1 [PAD]_1 [PAD]_1 [PAD]_1 [PAD]_1 [PAD]_1 无_1 [SEP]_1
2019-10-24 21:54:31,752 Token Sample: [CLS]_0 互_0 联_0 网_0 违_0 法_0 虚_0 假_0 广_0 告_0 涉_0 险_0 犯_0 罪_0 案_0 件_0 将_0 移_0 送_0 司_0 法_0 机_0 关_0 -_0 广_0 西_0 新_0 闻_0 网_0 [PAD]_0 [PAD]_0 [PAD]_0 [PAD]_0 [PAD]_0 [PAD]_0 [PAD]_0 [PAD]_0 [PAD]_0 [PAD]_0 [PAD]_0 [PAD]_0 [PAD]_0 [PAD]_0 [PAD]_0 [PAD]_0 [PAD]_0 [PAD]_0 [SEP]_0 南_1 宁_1 晚_1 报_1 讯_1 (_1 记_1 者_1 高_1 宇_1 峰_1 )_1 昨_1 日_1 ，_1 记_1 者_1 了_1 解_1 到_1 ，_1 自_1 治_1 区_1 工_1 商_1 局_1 开_1 展_1 整_1 治_1 互_1 联_1 网_1 违_1 法_1 虚_1 假_1 广_1 告_1 专_1 项_1 行_1 动_1 ，_1 特_1 别_1 对_1 大_1 型_1 门_1 户_1 类_1 网_1 站_1 、_1 医_1 药_1 企_1 业_1 及_1 医_1 疗_1 机_1 构_1 自_1 设_1 网_1 站_1 虚_1 假_1 违_1 法_1 广_1 告_1 及_1 信_1 息_1 进_1 行_1 重_1 点_1 整_1 治_1 ，_1 4_1 月_1 份_1 将_1 进_1 入_1 整_1 治_1 阶_1 段_1 。_1 整_1 治_1 期_1 间_1 ，_1 工_1 商_1 部_1 门_1 将_1 以_1 社_1 会_1 影_1 响_1 大_1 、_1 覆_1 盖_1 面_1 广_1 的_1 门_1 户_1 网_1 站_1 、_1 搜_1 索_1 引_1 擎_1 、_1 电_1 子_1 商_1 务_1 平_1 台_1 、_1 移_1 动_1 客_1 户_1 端_1 和_1 新_1 媒_1 体_1 账_1 户_1 等_1 互_1 联_1 网_1 媒_1 介_1 为_1 重_1 点_1 ，_1 集_1 中_1 整_1 治_1 社_1 会_1 影_1 响_1 恶_1 劣_1 、_1 公_1 众_1 反_1 映_1 强_1 烈_1 的_1 虚_1 假_1 违_1 法_1 互_1 联_1 网_1 广_1 告_1 。_1 各_1 设_1 区_1 市_1 工_1 商_1 局_1 对_1 辖_1 区_1 内_1 互_1 联_1 网_1 网_1 站_1 ，_1 特_1 别_1 是_1 大_1 型_1 门_1 户_1 类_1 网_1 站_1 、_1 搜_1 索_1 引_1 擎_1 类_1 网_1 站_1 、_1 视_1 频_1 类_1 网_1 站_1 、_1 电_1 子_1 商_1 务_1 类_1 网_1 站_1 、_1 医_1 疗_1 药_1 品_1 信_1 息_1 服_1 务_1 类_1 网_1 站_1 、_1 医_1 药_1 企_1 业_1 及_1 医_1 疗_1 机_1 构_1 自_1 设_1 网_1 站_1 ，_1 发_1 布_1 的_1 虚_1 假_1 违_1 法_1 内_1 容_1 的_1 广_1 告_1 及_1 信_1 息_1 进_1 行_1 重_1 [SEP]_1 ，_1 工_1 商_1 部_1 门_1 将_1 以_1 社_1 会_1 影_1 响_1 大_1 、_1 覆_1 盖_1 面_1 广_1 的_1 门_1 户_1 网_1 站_1 、_1 搜_1 索_1 引_1 擎_1 、_1 电_1 子_1 商_1 务_1 平_1 台_1 、_1 移_1 动_1 客_1 户_1 端_1 和_1 新_1 媒_1 体_1 账_1 户_1 等_1 互_1 联_1 网_1 媒_1 介_1 为_1 重_1 点_1 ，_1 集_1 中_1 整_1 治_1 社_1 会_1 影_1 响_1 恶_1 劣_1 、_1 公_1 众_1 反_1 映_1 强_1 烈_1 的_1 虚_1 假_1 违_1 法_1 互_1 联_1 网_1 广_1 告_1 。_1 各_1 设_1 区_1 市_1 工_1 商_1 局_1 对_1 辖_1 区_1 内_1 互_1 联_1 网_1 网_1 站_1 ，_1 特_1 别_1 是_1 大_1 型_1 门_1 户_1 类_1 网_1 站_1 、_1 搜_1 索_1 引_1 擎_1 类_1 网_1 站_1 、_1 视_1 频_1 类_1 网_1 站_1 、_1 电_1 子_1 商_1 务_1 类_1 网_1 站_1 、_1 医_1 疗_1 药_1 品_1 信_1 息_1 服_1 务_1 类_1 网_1 站_1 、_1 医_1 药_1 企_1 业_1 及_1 医_1 疗_1 机_1 构_1 自_1 设_1 网_1 站_1 ，_1 发_1 布_1 的_1 虚_1 假_1 违_1 法_1 内_1 容_1 的_1 广_1 告_1 及_1 信_1 息_1 进_1 行_1 重_1 点_1 整_1 治_1 。_1 [SEP]_1
2019-10-24 21:54:53,885 Token Sample: [CLS]_0 重_0 磅_0 !_0 2018_0 深_0 圳_0 二_0 模_0 重_0 本_0 率_0 排_0 名_0 公_0 布_0 !_0 实_0 验_0 第_0 一_0 ，_0 深_0 中_0 第_0 二_0 !_0 [PAD]_0 [PAD]_0 [PAD]_0 [PAD]_0 [PAD]_0 [PAD]_0 [PAD]_0 [PAD]_0 [PAD]_0 [PAD]_0 [PAD]_0 [PAD]_0 [PAD]_0 [PAD]_0 [PAD]_0 [PAD]_0 [PAD]_0 [PAD]_0 [PAD]_0 [PAD]_0 [SEP]_0 点_1 击_1 上_1 方_1 [UNK]_1 高_1 考_1 直_1 播_1 [UNK]_1 关_1 注_1 哦_1 ！_1 深_1 圳_1 二_1 模_1 结_1 束_1 ，_1 今_1 年_1 二_1 模_1 很_1 难_1 ，_1 这_1 次_1 考_1 试_1 对_1 很_1 多_1 学_1 校_1 影_1 响_1 还_1 是_1 比_1 较_1 大_1 的_1 。_1 四_1 大_1 排_1 名_1 变_1 化_1 不_1 大_1 ，_1 实_1 验_1 还_1 是_1 稳_1 居_1 榜_1 首_1 ，_1 四_1 大_1 情_1 况_1 都_1 比_1 较_1 稳_1 定_1 ，_1 和_1 一_1 模_1 的_1 情_1 况_1 相_1 差_1 不_1 大_1 ，_1 反_1 而_1 是_1 十_1 大_1 学_1 校_1 变_1 化_1 比_1 较_1 大_1 。_1 一_1 本_1 情_1 况_1 上_1 面_1 ，_1 二_1 实_1 、_1 深_1 大_1 附_1 、_1 育_1 才_1 、_1 的_1 进_1 步_1 比_1 较_1 大_1 。_1 翠_1 园_1 、_1 红_1 岭_1 、_1 宝_1 中_1 都_1 有_1 些_1 退_1 步_1 。_1 ?_1 下_1 面_1 是_1 各_1 学_1 校_1 二_1 模_1 的_1 成_1 绩_1 ，_1 a_1 档_1 可_1 以_1 理_1 解_1 为_1 重_1 本_1 率_1 ，_1 b_1 档_1 可_1 以_1 理_1 解_1 为_1 本_1 科_1 率_1 。_1 可_1 以_1 看_1 出_1 ，_1 出_1 口_1 决_1 定_1 入_1 口_1 ，_1 在_1 中_1 考_1 中_1 ，_1 录_1 取_1 分_1 数_1 靠_1 前_1 的_1 学_1 校_1 ，_1 十_1 五_1 大_1 本_1 科_1 率_1 基_1 本_1 达_1 到_1 了_1 90_1 %_1 以_1 上_1 ；_1 翠_1 园_1 是_1 100_1 %_1 ，_1 但_1 是_1 重_1 本_1 率_1 下_1 降_1 明_1 显_1 ，_1 已_1 经_1 位_1 居_1 八_1 大_1 末_1 尾_1 。_1 今_1 年_1 二_1 模_1 难_1 度_1 比_1 一_1 模_1 难_1 ，_1 一_1 些_1 学_1 校_1 孩_1 子_1 可_1 能_1 适_1 合_1 难_1 题_1 ，_1 表_1 现_1 较_1 好_1 ，_1 有_1 些_1 学_1 校_1 不_1 适_1 合_1 难_1 题_1 ，_1 [SEP]_1 文_1 科_1 语_1 文_1 均_1 分_1 取_1 得_1 全_1 市_1 第_1 8_1 名_1 的_1 优_1 异_1 成_1 绩_1 、_1 文_1 综_1 均_1 分_1 也_1 取_1 得_1 了_1 全_1 市_1 第_1 9_1 名_1 的_1 历_1 史_1 最_1 好_1 成_1 绩_1 。_1 单_1 科_1 成_1 绩_1 取_1 得_1 政_1 治_1 均_1 分_1 全_1 市_1 第_1 5_1 名_1 ，_1 文_1 综_1 均_1 分_1 全_1 市_1 第_1 9_1 名_1 的_1 历_1 史_1 最_1 好_1 成_1 绩_1 ，_1 文_1 科_1 语_1 文_1 均_1 分_1 取_1 得_1 全_1 市_1 第_1 8_1 名_1 的_1 优_1 异_1 成_1 绩_1 。_1 附_1 ：_1 深_1 圳_1 二_1 模_1 分_1 数_1 线_1 ；_1 （_1 点_1 击_1 下_1 文_1 可_1 查_1 看_1 ）_1 降_1 了_1 ！_1 2018_1 深_1 圳_1 二_1 模_1 分_1 数_1 线_1 刚_1 刚_1 出_1 炉_1 ，_1 文_1 412_1 理_1 356_1 ，_1 你_1 上_1 线_1 了_1 吗_1 ？_1 注_1 ：_1 本_1 文_1 转_1 自_1 网_1 络_1 ，_1 产_1 权_1 属_1 于_1 作_1 者_1 及_1 出_1 版_1 商_1 ，_1 非_1 本_1 微_1 信_1 观_1 点_1 ，_1 如_1 有_1 侵_1 权_1 请_1 私_1 信_1 告_1 知_1 ，_1 我_1 们_1 立_1 即_1 删_1 除_1 。_1 [SEP]_1
2019-10-24 21:54:54,780 seed everything and create model
2019-10-24 22:00:10,816 step 500 train loss: 0.7142
2019-10-24 22:00:10,817 step 500 score: 0.5838
2019-10-24 22:05:17,488 step 1000 train loss: 0.4953
2019-10-24 22:05:17,488 step 1000 score: 0.6487
2019-10-24 22:10:24,154 step 1500 train loss: 0.4602
2019-10-24 22:10:24,154 step 1500 score: 0.7412
2019-10-24 22:15:30,871 step 2000 train loss: 0.4596
2019-10-24 22:15:30,871 step 2000 score: 0.7373
2019-10-24 22:20:37,565 step 2500 train loss: 0.4429
2019-10-24 22:20:37,566 step 2500 score: 0.7367
2019-10-24 22:25:44,258 step 3000 train loss: 0.3506
2019-10-24 22:25:44,258 step 3000 score: 0.7987
2019-10-24 22:30:50,937 step 3500 train loss: 0.2551
2019-10-24 22:30:50,937 step 3500 score: 0.7880
2019-10-24 22:35:57,617 step 4000 train loss: 0.2412
2019-10-24 22:35:57,617 step 4000 score: 0.8022
2019-10-24 22:41:04,289 step 4500 train loss: 0.2406
2019-10-24 22:41:04,289 step 4500 score: 0.7963
2019-10-24 22:46:10,945 step 5000 train loss: 0.1946
2019-10-24 22:46:10,946 step 5000 score: 0.7957
2019-10-24 22:46:10,946 best score is 0.8022
2019-10-24 22:58:07,724 step 500 train loss: 0.6930
2019-10-24 22:58:07,724 step 500 score: 0.6922
2019-10-24 23:03:14,441 step 1000 train loss: 0.5075
2019-10-24 23:03:14,441 step 1000 score: 0.7531
2019-10-24 23:08:21,227 step 1500 train loss: 0.4196
2019-10-24 23:08:21,228 step 1500 score: 0.7430
2019-10-24 23:13:27,943 step 2000 train loss: 0.4489
2019-10-24 23:13:27,944 step 2000 score: 0.7725
2019-10-24 23:18:34,086 step 2500 train loss: 0.3888
2019-10-24 23:18:34,086 step 2500 score: 0.7949
2019-10-24 23:23:40,263 step 3000 train loss: 0.4281
2019-10-24 23:23:40,264 step 3000 score: 0.7921
2019-10-24 23:28:46,388 step 3500 train loss: 0.2507
2019-10-24 23:28:46,388 step 3500 score: 0.7906
2019-10-24 23:33:52,501 step 4000 train loss: 0.2255
2019-10-24 23:33:52,502 step 4000 score: 0.7965
2019-10-24 23:38:58,562 step 4500 train loss: 0.2277
2019-10-24 23:38:58,562 step 4500 score: 0.7936
2019-10-24 23:44:04,618 step 5000 train loss: 0.2118
2019-10-24 23:44:04,619 step 5000 score: 0.8005
2019-10-24 23:44:04,632 best score is 0.8005
2019-10-24 23:56:00,923 step 500 train loss: 0.6170
2019-10-24 23:56:00,924 step 500 score: 0.5720
2019-10-25 00:01:07,778 step 1000 train loss: 0.5030
2019-10-25 00:01:07,778 step 1000 score: 0.7711
2019-10-25 00:06:14,651 step 1500 train loss: 0.4348
2019-10-25 00:06:14,652 step 1500 score: 0.7682
2019-10-25 00:11:21,525 step 2000 train loss: 0.4546
2019-10-25 00:11:21,525 step 2000 score: 0.7879
2019-10-25 00:16:28,427 step 2500 train loss: 0.3862
2019-10-25 00:16:28,427 step 2500 score: 0.7812
2019-10-25 00:21:35,268 step 3000 train loss: 0.4267
2019-10-25 00:21:35,268 step 3000 score: 0.7655
2019-10-25 00:26:42,107 step 3500 train loss: 0.2621
2019-10-25 00:26:42,108 step 3500 score: 0.8122
2019-10-25 00:31:49,019 step 4000 train loss: 0.2212
2019-10-25 00:31:49,019 step 4000 score: 0.7997
2019-10-25 00:36:55,895 step 4500 train loss: 0.2008
2019-10-25 00:36:55,895 step 4500 score: 0.8088
2019-10-25 00:42:02,762 step 5000 train loss: 0.1956
2019-10-25 00:42:02,762 step 5000 score: 0.8112
2019-10-25 00:42:02,763 best score is 0.8122
2019-10-25 00:53:59,764 step 500 train loss: 0.6735
2019-10-25 00:53:59,764 step 500 score: 0.6951
2019-10-25 00:59:06,671 step 1000 train loss: 0.5628
2019-10-25 00:59:06,671 step 1000 score: 0.6757
2019-10-25 01:04:13,577 step 1500 train loss: 0.4626
2019-10-25 01:04:13,577 step 1500 score: 0.7431
2019-10-25 01:09:20,514 step 2000 train loss: 0.4514
2019-10-25 01:09:20,514 step 2000 score: 0.7657
2019-10-25 01:14:27,416 step 2500 train loss: 0.3921
2019-10-25 01:14:27,416 step 2500 score: 0.7519
2019-10-25 01:19:34,334 step 3000 train loss: 0.3368
2019-10-25 01:19:34,335 step 3000 score: 0.7583
2019-10-25 01:24:41,257 step 3500 train loss: 0.2859
2019-10-25 01:24:41,258 step 3500 score: 0.7626
2019-10-25 01:29:48,183 step 4000 train loss: 0.2322
2019-10-25 01:29:48,183 step 4000 score: 0.7738
2019-10-25 01:34:55,158 step 4500 train loss: 0.1790
2019-10-25 01:34:55,158 step 4500 score: 0.7704
2019-10-25 01:40:02,095 step 5000 train loss: 0.2387
2019-10-25 01:40:02,095 step 5000 score: 0.7801
2019-10-25 01:40:02,109 best score is 0.7801
2019-10-25 01:51:59,021 step 500 train loss: 0.6404
2019-10-25 01:51:59,022 step 500 score: 0.6407
2019-10-25 01:57:05,858 step 1000 train loss: 0.4999
2019-10-25 01:57:05,859 step 1000 score: 0.6785
2019-10-25 02:02:12,739 step 1500 train loss: 0.4295
2019-10-25 02:02:12,740 step 1500 score: 0.7680
2019-10-25 02:07:19,585 step 2000 train loss: 0.4400
2019-10-25 02:07:19,586 step 2000 score: 0.7628
2019-10-25 02:12:26,414 step 2500 train loss: 0.4124
2019-10-25 02:12:26,414 step 2500 score: 0.7840
2019-10-25 02:17:33,274 step 3000 train loss: 0.3790
2019-10-25 02:17:33,275 step 3000 score: 0.7397
2019-10-25 02:22:40,128 step 3500 train loss: 0.2210
2019-10-25 02:22:40,129 step 3500 score: 0.8020
2019-10-25 02:27:46,956 step 4000 train loss: 0.2014
2019-10-25 02:27:46,956 step 4000 score: 0.8017
2019-10-25 02:32:53,765 step 4500 train loss: 0.2211
2019-10-25 02:32:53,766 step 4500 score: 0.8143
2019-10-25 02:38:00,608 step 5000 train loss: 0.2253
2019-10-25 02:38:00,609 step 5000 score: 0.8032
2019-10-25 02:38:00,609 best score is 0.8143
2019-10-25 02:44:50,730 average: 0.801842
