2019-10-16 18:40:11,235 log_in_file: True
2019-10-16 18:40:11,235 bert_path: /home/wangzl/PretrainedLM/BERT/New/roberta_zh_l12/
2019-10-16 18:40:11,235 data_path: ../data/
2019-10-16 18:40:11,235 usegpu: True
2019-10-16 18:40:11,235 use_origin: False
2019-10-16 18:40:11,235 total_step: 1250
2019-10-16 18:40:11,235 eval_every: 125
2019-10-16 18:40:11,235 early_stop: 4
2019-10-16 18:40:11,235 max_length: 360
2019-10-16 18:40:11,235 max_title_rate: 0.125
2019-10-16 18:40:11,235 content_head_rate: 0.6
2019-10-16 18:40:11,235 batch_size: 16
2019-10-16 18:40:11,235 lr_scheduler_type: linear
2019-10-16 18:40:11,235 input_pattern: head+tail+dynamic
2019-10-16 18:40:11,235 clean_method: space+notzh
2019-10-16 18:40:11,235 warmup_rate: 0.1
2019-10-16 18:40:11,235 classifier_dropout: 0.3
2019-10-16 18:40:11,235 classifier_weight_decay: 0.0
2019-10-16 18:40:11,235 cache_final_model: False
2019-10-16 18:40:11,235 seed: 23
2019-10-16 18:40:11,235 lr: 2e-05
2019-10-16 18:40:11,236 lr_decay_in_layers: 0.95
2019-10-16 18:40:11,236 weight_decay: 0.01
2019-10-16 18:40:38,468 Token Sample: [CLS]_0 廊_0 坊_0 要_0 建_0 14_0 个_0 特_0 色_0 小_0 镇_0 ，_0 有_0 你_0 家_0 乡_0 吗_0 ？_0 [SEP]_0 向_1 上_1 滚_1 动_1 浏_1 览_1 全_1 文_1 ↑_1 ##↑_1 按_1 照_1 省_1 委_1 、_1 省_1 政_1 府_1 此_1 前_1 出_1 台_1 的_1 关_1 于_1 建_1 设_1 特_1 色_1 小_1 镇_1 的_1 指_1 导_1 意_1 见_1 ，_1 我_1 省_1 力_1 争_1 通_1 过_1 3_1 [UNK]_1 5_1 年_1 的_1 努_1 力_1 ，_1 培_1 育_1 建_1 设_1 100_1 个_1 产_1 业_1 特_1 色_1 鲜_1 明_1 、_1 人_1 文_1 气_1 息_1 浓_1 厚_1 、_1 生_1 态_1 环_1 境_1 优_1 美_1 、_1 多_1 功_1 能_1 叠_1 加_1 融_1 合_1 、_1 体_1 制_1 机_1 制_1 灵_1 活_1 的_1 特_1 色_1 小_1 镇_1 。_1 意_1 见_1 提_1 出_1 ，_1 坚_1 持_1 高_1 强_1 度_1 投_1 入_1 和_1 高_1 效_1 益_1 产_1 出_1 ，_1 每_1 个_1 小_1 镇_1 要_1 谋_1 划_1 一_1 批_1 建_1 设_1 项_1 目_1 ，_1 原_1 则_1 上_1 3_1 年_1 内_1 要_1 完_1 成_1 固_1 定_1 资_1 产_1 投_1 资_1 20_1 亿_1 元_1 以_1 上_1 ，_1 其_1 中_1 特_1 色_1 产_1 业_1 投_1 资_1 占_1 比_1 不_1 低_1 于_1 70_1 %_1 ，_1 第_1 一_1 年_1 投_1 资_1 不_1 低_1 于_1 总_1 投_1 资_1 的_1 20_1 %_1 ，_1 金_1 融_1 、_1 科_1 技_1 创_1 新_1 、_1 旅_1 游_1 、_1 文_1 化_1 创_1 意_1 、_1 历_1 史_1 经_1 典_1 产_1 业_1 类_1 特_1 色_1 小_1 镇_1 投_1 资_1 额_1 可_1 适_1 当_1 放_1 宽_1 ，_1 对_1 完_1 不_1 成_1 考_1 核_1 目_1 标_1 任_1 务_1 的_1 予_1 以_1 退_1 出_1 。_1 以_1 下_1 是_1 廊_1 坊_1 特_1 色_1 小_1 镇_1 名_1 单_1 ，_1 有_1 你_1 的_1 家_1 乡_1 吗_1 ？_1 快_1 转_1 告_1 亲_1 人_1 朋_1 友_1 ，_1 为_1 家_1 乡_1 祝_1 贺_1 ！_1 [SEP]_1 [PAD]_1 [PAD]_1 [PAD]_1 [PAD]_1 [PAD]_1 [PAD]_1 [PAD]_1 [PAD]_1 [PAD]_1 [PAD]_1 [PAD]_1 [PAD]_1 [PAD]_1 [PAD]_1 [PAD]_1 [PAD]_1 [PAD]_1 [PAD]_1 [PAD]_1 [PAD]_1 [PAD]_1 [PAD]_1 [PAD]_1 [PAD]_1 [PAD]_1 [PAD]_1 [PAD]_1 [PAD]_1 [PAD]_1 [PAD]_1 [PAD]_1 [PAD]_1 [PAD]_1 [PAD]_1 [PAD]_1 [PAD]_1 [PAD]_1 [PAD]_1 [PAD]_1 [PAD]_1 [PAD]_1 [PAD]_1 [PAD]_1 [PAD]_1 [PAD]_1 [PAD]_1 [PAD]_1 [PAD]_1 [PAD]_1 [PAD]_1 [PAD]_1 [PAD]_1 [PAD]_1 [PAD]_1 [PAD]_1 [PAD]_1 [PAD]_1 [PAD]_1 [PAD]_1 [PAD]_1 [PAD]_1 [PAD]_1 [PAD]_1 [PAD]_1 [PAD]_1 [PAD]_1 [PAD]_1 [PAD]_1 [PAD]_1 [PAD]_1 [PAD]_1 [PAD]_1
2019-10-16 18:40:57,851 Token Sample: [CLS]_0 中_0 国_0 [UNK]_0 奇_0 怪_0 [UNK]_0 的_0 5_0 个_0 地_0 方_0 ，_0 昆_0 仑_0 山_0 故_0 事_0 最_0 多_0 ，_0 一_0 个_0 村_0 庄_0 放_0 满_0 棺_0 材_0 __0 铜_0 像_0 [SEP]_0 原_1 标_1 题_1 ：_1 中_1 国_1 [UNK]_1 奇_1 怪_1 [UNK]_1 的_1 5_1 个_1 地_1 方_1 ，_1 昆_1 仑_1 山_1 故_1 事_1 最_1 多_1 ，_1 一_1 个_1 村_1 庄_1 放_1 满_1 棺_1 材_1 在_1 以_1 科_1 学_1 为_1 一_1 切_1 真_1 理_1 的_1 时_1 代_1 ，_1 很_1 多_1 人_1 都_1 崇_1 尚_1 着_1 科_1 学_1 ，_1 遇_1 到_1 什_1 么_1 怪_1 事_1 ，_1 很_1 多_1 事_1 情_1 也_1 都_1 用_1 科_1 学_1 来_1 解_1 释_1 清_1 楚_1 了_1 。_1 虽_1 是_1 这_1 样_1 ，_1 现_1 在_1 世_1 界_1 上_1 还_1 是_1 存_1 在_1 着_1 科_1 学_1 也_1 难_1 以_1 解_1 释_1 清_1 楚_1 的_1 事_1 情_1 ，_1 别_1 处_1 不_1 说_1 ，_1 就_1 说_1 说_1 我_1 们_1 这_1 个_1 拥_1 有_1 了_1 几_1 千_1 年_1 文_1 明_1 的_1 中_1 国_1 ，_1 像_1 罗_1 布_1 泊_1 、_1 万_1 里_1 长_1 城_1 等_1 至_1 今_1 留_1 存_1 着_1 许_1 多_1 不_1 可_1 思_1 议_1 的_1 疑_1 问_1 。_1 今_1 天_1 我_1 们_1 要_1 说_1 的_1 是_1 中_1 国_1 [UNK]_1 奇_1 怪_1 [UNK]_1 的_1 5_1 个_1 地_1 方_1 ，_1 昆_1 仑_1 山_1 故_1 事_1 最_1 多_1 ，_1 一_1 个_1 村_1 庄_1 放_1 满_1 棺_1 材_1 ！_1 昆_1 仑_1 山_1 [SEP]_1 [UNK]_1 。_1 据_1 朋_1 友_1 说_1 ，_1 因_1 为_1 铜_1 像_1 的_1 邪_1 门_1 ，_1 所_1 以_1 后_1 来_1 学_1 校_1 命_1 人_1 将_1 铜_1 像_1 的_1 铁_1 链_1 都_1 拆_1 掉_1 了_1 ，_1 所_1 以_1 现_1 在_1 大_1 家_1 看_1 到_1 的_1 都_1 是_1 没_1 有_1 铁_1 链_1 的_1 铜_1 像_1 了_1 。_1 崇_1 尚_1 科_1 学_1 的_1 现_1 今_1 ，_1 虽_1 说_1 还_1 有_1 很_1 多_1 怪_1 事_1 是_1 科_1 学_1 无_1 法_1 解_1 释_1 的_1 ，_1 不_1 过_1 相_1 信_1 不_1 仅_1 的_1 未_1 来_1 ，_1 等_1 科_1 学_1 更_1 辉_1 煌_1 的_1 时_1 候_1 ，_1 科_1 学_1 家_1 一_1 定_1 能_1 给_1 出_1 一_1 个_1 满_1 意_1 的_1 解_1 释_1 的_1 。_1 返_1 回_1 搜_1 狐_1 ，_1 查_1 看_1 更_1 多_1 责_1 任_1 编_1 辑_1 ：_1 [SEP]_1
2019-10-16 18:41:20,975 Token Sample: [CLS]_0 南_0 明_0 区_0 检_0 察_0 院_0 ：_0 vr_0 还_0 原_0 案_0 发_0 现_0 场_0 警_0 示_0 嫌_0 疑_0 人_0 [SEP]_0 获_1 取_1 更_1 多_1 更_1 及_1 时_1 的_1 本_1 地_1 资_1 讯_1 ，_1 请_1 关_1 注_1 一_1 点_1 号_1 ：_1 一_1 点_1 资_1 讯_1 贵_1 州_1 嫌_1 疑_1 人_1 通_1 过_1 vr_1 感_1 受_1 故_1 意_1 伤_1 害_1 全_1 过_1 程_1 。_1 利_1 用_1 高_1 科_1 技_1 vr_1 还_1 原_1 案_1 发_1 现_1 场_1 ，_1 警_1 示_1 嫌_1 疑_1 人_1 ，_1 南_1 明_1 区_1 检_1 察_1 院_1 对_1 两_1 起_1 故_1 意_1 伤_1 害_1 案_1 做_1 不_1 起_1 诉_1 决_1 定_1 。_1 据_1 悉_1 ，_1 第_1 一_1 案_1 中_1 吴_1 某_1 、_1 鲁_1 某_1 均_1 为_1 同_1 一_1 家_1 运_1 输_1 公_1 司_1 长_1 途_1 客_1 车_1 司_1 机_1 ，_1 由_1 贵_1 阳_1 市_1 东_1 客_1 站_1 发_1 车_1 ，_1 每_1 日_1 从_1 贵_1 阳_1 至_1 惠_1 水_1 往_1 返_1 。_1 因_1 发_1 车_1 排_1 班_1 顺_1 序_1 ，_1 吴_1 某_1 与_1 鲁_1 某_1 发_1 生_1 争_1 执_1 进_1 而_1 相_1 互_1 推_1 搡_1 。_1 吴_1 某_1 将_1 鲁_1 某_1 拉_1 倒_1 在_1 地_1 ，_1 导_1 致_1 鲁_1 某_1 左_1 腕_1 关_1 节_1 骨_1 折_1 ，_1 经_1 鉴_1 定_1 鲁_1 某_1 损_1 伤_1 达_1 轻_1 伤_1 二_1 级_1 。_1 而_1 在_1 另_1 一_1 起_1 故_1 意_1 伤_1 害_1 案_1 中_1 ，_1 被_1 [SEP]_1 发_1 现_1 场_1 ，_1 让_1 吴_1 某_1 、_1 汪_1 某_1 [UNK]_1 身_1 临_1 其_1 境_1 [UNK]_1 感_1 受_1 一_1 起_1 故_1 意_1 伤_1 害_1 案_1 的_1 全_1 过_1 程_1 ，_1 对_1 二_1 人_1 触_1 动_1 很_1 大_1 。_1 吴_1 某_1 与_1 汪_1 某_1 表_1 示_1 已_1 吸_1 取_1 深_1 刻_1 教_1 训_1 ，_1 一_1 定_1 会_1 遵_1 纪_1 守_1 法_1 ，_1 绝_1 不_1 再_1 做_1 违_1 法_1 犯_1 罪_1 之_1 事_1 。_1 来_1 源_1 ：_1 贵_1 州_1 都_1 市_1 报_1 原_1 标_1 题_1 ：_1 南_1 明_1 区_1 检_1 察_1 院_1 利_1 用_1 vr_1 还_1 原_1 案_1 发_1 现_1 场_1 ，_1 警_1 示_1 嫌_1 犯_1 一_1 点_1 资_1 讯_1 贵_1 州_1 编_1 辑_1 ：_1 张_1 玮_1 本_1 文_1 来_1 自_1 大_1 风_1 号_1 ，_1 仅_1 代_1 表_1 大_1 风_1 号_1 自_1 媒_1 体_1 观_1 点_1 。_1 [SEP]_1
2019-10-16 18:41:41,595 Token Sample: [CLS]_0 社_0 科_0 苑_0 ?_0 推_0 进_0 社_0 科_0 普_0 及_0 ?_0 提_0 升_0 人_0 文_0 素_0 养_0 __0 扬_0 中_0 新_0 闻_0 网_0 ，_0 扬_0 中_0 ._0 ._0 ._0 [SEP]_0 ?_1 设_1 为_1 首_1 页_1 -_1 加_1 入_1 收_1 藏_1 扬_1 中_1 新_1 闻_1 网_1 ，_1 扬_1 中_1 新_1 闻_1 中_1 心_1 ，_1 扬_1 中_1 政_1 府_1 门_1 户_1 网_1 站_1 ，_1 专_1 注_1 当_1 地_1 国_1 内_1 国_1 外_1 最_1 新_1 新_1 闻_1 播_1 报_1 !_1 社_1 科_1 苑_1 推_1 进_1 社_1 科_1 普_1 及_1 提_1 升_1 人_1 文_1 素_1 养_1 本_1 地_1 新_1 闻_1 ]_1 来_1 源_1 于_1 :_1 网_1 络_1 导_1 读_1 :_1 智_1 能_1 路_1 灯_1 实_1 现_1 规_1 模_1 化_1 应_1 用_1 ，_1 可_1 以_1 根_1 据_1 交_1 通_1 路_1 况_1 和_1 天_1 气_1 情_1 况_1 ，_1 对_1 每_1 一_1 盏_1 灯_1 的_1 开_1 关_1 及_1 调_1 光_1 等_1 进_1 行_1 节_1 能_1 控_1 制_1 ;_1 容_1 量_1 达_1 到_1 一_1 定_1 数_1 值_1 ，_1 垃_1 圾_1 桶_1 会_1 自_1 动_1 给_1 清_1 运_1 员_1 发_1 送_1 提_1 醒_1 信_1 息_1 ，_1 [UNK]_1 喊_1 [UNK]_1 他_1 们_1 运_1 走_1 垃_1 圾_1 ;_1 智_1 能_1 路_1 灯_1 实_1 现_1 规_1 模_1 化_1 应_1 用_1 ，_1 可_1 以_1 根_1 据_1 交_1 通_1 路_1 况_1 和_1 天_1 气_1 情_1 况_1 ，_1 对_1 每_1 一_1 盏_1 灯_1 的_1 开_1 关_1 及_1 调_1 光_1 等_1 进_1 [SEP]_1 实_1 现_1 整_1 个_1 城_1 市_1 一_1 张_1 网_1 ，_1 便_1 于_1 维_1 护_1 和_1 管_1 理_1 ，_1 窄_1 带_1 物_1 联_1 网_1 (_1 nb_1 -_1 iot_1 )_1 也_1 由_1 此_1 应_1 运_1 而_1 生_1 。_1 由_1 于_1 nb_1 -_1 iot_1 的_1 广_1 覆_1 盖_1 、_1 大_1 连_1 接_1 、_1 低_1 功_1 耗_1 、_1 低_1 成_1 本_1 等_1 特_1 点_1 ，_1 未_1 来_1 在_1 智_1 慧_1 城_1 市_1 、_1 智_1 慧_1 医_1 疗_1 、_1 智_1 能_1 制_1 造_1 、_1 智_1 能_1 家_1 居_1 、_1 智_1 慧_1 社_1 区_1 、_1 智_1 慧_1 工_1 地_1 等_1 诸_1 多_1 领_1 域_1 ，_1 你_1 都_1 能_1 看_1 到_1 nb_1 -_1 iot_1 技_1 术_1 带_1 来_1 的_1 创_1 新_1 突_1 破_1 ，_1 让_1 生_1 活_1 更_1 加_1 智_1 慧_1 。_1 (_1 编_1 辑_1 :_1 admin_1 )_1 [SEP]_1
2019-10-16 18:41:44,472 seed everything and create model
2019-10-16 18:43:19,603 step 125 train loss: 0.7281
2019-10-16 18:43:19,603 step 125 score: 0.6995
2019-10-16 18:44:49,143 step 250 train loss: 0.4887
2019-10-16 18:44:49,143 step 250 score: 0.7446
2019-10-16 18:46:18,683 step 375 train loss: 0.4104
2019-10-16 18:46:18,684 step 375 score: 0.7476
2019-10-16 18:47:48,218 step 500 train loss: 0.3664
2019-10-16 18:47:48,219 step 500 score: 0.7829
2019-10-16 18:49:17,760 step 625 train loss: 0.3148
2019-10-16 18:49:17,760 step 625 score: 0.7843
2019-10-16 18:50:47,303 step 750 train loss: 0.3299
2019-10-16 18:50:47,303 step 750 score: 0.7941
2019-10-16 18:52:16,851 step 875 train loss: 0.2543
2019-10-16 18:52:16,851 step 875 score: 0.7925
2019-10-16 18:53:46,386 step 1000 train loss: 0.2661
2019-10-16 18:53:46,387 step 1000 score: 0.7899
2019-10-16 18:55:15,936 step 1125 train loss: 0.2602
2019-10-16 18:55:15,936 step 1125 score: 0.7947
2019-10-16 18:56:45,484 step 1250 train loss: 0.2299
2019-10-16 18:56:45,484 step 1250 score: 0.7896
2019-10-16 18:56:45,484 best score is 0.7947
