2019-10-18 15:40:51,985 log_in_file: True
2019-10-18 15:40:51,985 bert_path: /home/wangzl/PretrainedLM/BERT/New/roberta_zh_L-24_H-1024_A-16/
2019-10-18 15:40:51,985 data_path: ../data/
2019-10-18 15:40:51,985 usegpu: True
2019-10-18 15:40:51,985 use_origin: False
2019-10-18 15:40:51,985 n_fold: 5
2019-10-18 15:40:51,985 total_step: 5000
2019-10-18 15:40:51,985 eval_every: 500
2019-10-18 15:40:51,985 early_stop: 4
2019-10-18 15:40:51,985 max_length: 510
2019-10-18 15:40:51,985 max_title_rate: 0.125
2019-10-18 15:40:51,985 content_head_rate: 0.6
2019-10-18 15:40:51,985 batch_size: 2
2019-10-18 15:40:51,985 lr_scheduler_type: linear
2019-10-18 15:40:51,985 input_pattern: head+tail+dynamic
2019-10-18 15:40:51,985 clean_method: space
2019-10-18 15:40:51,985 warmup_rate: 0.1
2019-10-18 15:40:51,985 classifier_dropout: 0.3
2019-10-18 15:40:51,985 classifier_weight_decay: 0.0
2019-10-18 15:40:51,985 cache_final_model: False
2019-10-18 15:40:51,985 seed: 72
2019-10-18 15:40:51,986 lr: 2e-05
2019-10-18 15:40:51,986 lr_decay_in_layers: 0.95
2019-10-18 15:40:51,986 weight_decay: 0.01
2019-10-18 15:41:15,924 Token Sample: [CLS]_0 选_0 择_0 云_0 南_0 衡_0 水_0 实_0 验_0 中_0 学_0 的_0 十_0 大_0 理_0 由_0 [SEP]_0 理_1 由_1 一_1 ：_1 名_1 副_1 其_1 实_1 的_1 河_1 北_1 衡_1 水_1 中_1 学_1 分_1 校_1 河_1 北_1 衡_1 水_1 中_1 学_1 是_1 全_1 国_1 排_1 名_1 第_1 一_1 的_1 中_1 学_1 ，_1 校_1 长_1 张_1 文_1 茂_1 是_1 云_1 南_1 衡_1 水_1 实_1 验_1 中_1 学_1 的_1 名_1 誉_1 校_1 长_1 ，_1 曾_1 多_1 次_1 深_1 入_1 云_1 南_1 衡_1 水_1 实_1 验_1 中_1 学_1 调_1 研_1 指_1 导_1 工_1 作_1 ，_1 并_1 在_1 多_1 次_1 会_1 议_1 上_1 强_1 调_1 ：_1 云_1 南_1 衡_1 水_1 实_1 验_1 中_1 学_1 的_1 发_1 展_1 及_1 影_1 响_1 与_1 衡_1 水_1 中_1 学_1 密_1 切_1 相_1 关_1 ，_1 我_1 们_1 会_1 把_1 河_1 北_1 衡_1 水_1 中_1 学_1 的_1 教_1 育_1 教_1 学_1 管_1 理_1 理_1 念_1 、_1 办_1 学_1 指_1 导_1 思_1 想_1 落_1 地_1 ；_1 作_1 为_1 衡_1 中_1 的_1 分_1 校_1 ，_1 我_1 们_1 有_1 责_1 任_1 、_1 有_1 义_1 务_1 使_1 衡_1 中_1 的_1 分_1 校_1 明_1 天_1 更_1 美_1 好_1 ，_1 办_1 成_1 云_1 南_1 甚_1 至_1 全_1 国_1 的_1 名_1 校_1 。_1 理_1 由_1 二_1 ：_1 先_1 进_1 的_1 五_1 大_1 办_1 学_1 理_1 念_1 云_1 南_1 衡_1 水_1 实_1 验_1 中_1 学_1 秉_1 承_1 河_1 北_1 衡_1 水_1 中_1 学_1 的_1 五_1 大_1 办_1 学_1 理_1 念_1 ：_1 [UNK]_1 把_1 学_1 校_1 建_1 成_1 一_1 个_1 精_1 神_1 特_1 区_1 [UNK]_1 [UNK]_1 给_1 学_1 生_1 终_1 生_1 难_1 忘_1 的_1 教_1 育_1 [UNK]_1 [UNK]_1 素_1 质_1 教_1 育_1 更_1 能_1 提_1 高_1 升_1 学_1 率_1 [UNK]_1 [UNK]_1 打_1 造_1 激_1 情_1 燃_1 烧_1 的_1 乐_1 园_1 [UNK]_1 [UNK]_1 管_1 理_1 就_1 是_1 沟_1 通_1 、_1 服_1 务_1 和_1 引_1 领_1 [UNK]_1 。_1 云_1 南_1 衡_1 水_1 实_1 验_1 中_1 学_1 培_1 养_1 的_1 学_1 生_1 有_1 思_1 想_1 [SEP]_1 考_1 再_1 次_1 刷_1 新_1 历_1 史_1 记_1 录_1 ：_1 本_1 科_1 上_1 线_1 情_1 况_1 ：_1 求_1 真_1 （_1 实_1 验_1 ）_1 班_1 文_1 、_1 理_1 科_1 一_1 本_1 上_1 线_1 率_1 100_1 %_1 ；_1 全_1 校_1 一_1 本_1 率_1 56_1 %_1 ，_1 二_1 本_1 率_1 91_1 ._1 8_1 %_1 ；_1 音_1 、_1 美_1 等_1 艺_1 术_1 学_1 生_1 本_1 科_1 上_1 线_1 率_1 100_1 %_1 。_1 2017_1 年_1 ，_1 云_1 南_1 衡_1 水_1 实_1 验_1 中_1 学_1 高_1 考_1 成_1 绩_1 600_1 分_1 以_1 上_1 15_1 人_1 ，_1 其_1 中_1 ，_1 董_1 文_1 静_1 同_1 学_1 680_1 分_1 ，_1 位_1 列_1 全_1 省_1 文_1 科_1 第_1 十_1 名_1 ；_1 全_1 校_1 282_1 人_1 参_1 加_1 考_1 试_1 ，_1 目_1 前_1 一_1 本_1 上_1 线_1 71_1 人_1 ；_1 求_1 真_1 实_1 验_1 班_1 一_1 本_1 率_1 67_1 %_1 ，_1 本_1 科_1 率_1 100_1 %_1 。_1 我_1 校_1 在_1 第_1 一_1 年_1 生_1 源_1 基_1 础_1 较_1 差_1 、_1 质_1 量_1 不_1 高_1 、_1 平_1 均_1 录_1 取_1 分_1 数_1 低_1 于_1 一_1 级_1 三_1 等_1 完_1 中_1 40_1 分_1 的_1 情_1 况_1 下_1 真_1 正_1 实_1 现_1 了_1 [UNK]_1 低_1 进_1 高_1 出_1 [UNK]_1 ！_1 [SEP]_1
2019-10-18 15:41:30,455 Token Sample: [CLS]_0 2018_0 泗_0 阳_0 公_0 安_0 十_0 大_0 影_0 响_0 力_0 案_0 件_0 评_0 选_0 [UNK]_0 2002_0 ._0 11_0 ._0 28_0 [UNK]_0 杀_0 人_0 碎_0 尸_0 案_0 [SEP]_0 2018_1 年_1 11_1 月_1 7_1 日_1 ，_1 泗_1 阳_1 县_1 公_1 安_1 局_1 在_1 市_1 局_1 刑_1 警_1 支_1 队_1 等_1 相_1 关_1 部_1 门_1 的_1 支_1 持_1 下_1 ，_1 以_1 关_1 系_1 人_1 为_1 突_1 破_1 口_1 ，_1 多_1 警_1 种_1 联_1 动_1 配_1 合_1 ，_1 在_1 泗_1 阳_1 县_1 某_1 小_1 区_1 抓_1 获_1 潜_1 藏_1 16_1 年_1 的_1 故_1 意_1 杀_1 人_1 碎_1 尸_1 的_1 犯_1 罪_1 嫌_1 疑_1 人_1 谭_1 某_1 明_1 ，_1 成_1 功_1 破_1 获_1 [UNK]_1 2002_1 ._1 11_1 ._1 28_1 [UNK]_1 杀_1 人_1 碎_1 尸_1 案_1 。_1 2002_1 年_1 11_1 月_1 28_1 日_1 ，_1 泗_1 阳_1 县_1 公_1 安_1 局_1 接_1 到_1 报_1 警_1 称_1 ：_1 在_1 泗_1 阳_1 县_1 众_1 兴_1 镇_1 前_1 进_1 村_1 俞_1 杨_1 大_1 桥_1 北_1 侧_1 发_1 现_1 两_1 个_1 装_1 有_1 人_1 体_1 尸_1 块_1 的_1 蛇_1 皮_1 袋_1 。_1 经_1 初_1 查_1 ，_1 死_1 者_1 为_1 年_1 轻_1 女_1 性_1 ，_1 但_1 受_1 限_1 于_1 当_1 时_1 的_1 技_1 术_1 条_1 件_1 ，_1 该_1 案_1 多_1 年_1 来_1 一_1 直_1 未_1 取_1 得_1 突_1 破_1 性_1 进_1 展_1 。_1 自_1 省_1 厅_1 开_1 展_1 命_1 案_1 积_1 案_1 攻_1 坚_1 会_1 战_1 以_1 来_1 ，_1 泗_1 阳_1 县_1 公_1 安_1 局_1 技_1 术_1 人_1 员_1 对_1 相_1 关_1 物_1 证_1 多_1 次_1 进_1 行_1 检_1 验_1 ，_1 于_1 2018_1 年_1 成_1 功_1 提_1 取_1 到_1 有_1 价_1 值_1 数_1 据_1 ，_1 经_1 过_1 专_1 案_1 组_1 数_1 月_1 的_1 摸_1 排_1 走_1 访_1 、_1 检_1 验_1 比_1 对_1 ，_1 成_1 功_1 锁_1 定_1 嫌_1 疑_1 人_1 谭_1 某_1 明_1 ，_1 案_1 件_1 成_1 功_1 告_1 破_1 。_1 ▶_1 上_1 榜_1 理_1 由_1 ：_1 不_1 破_1 不_1 休_1 ，_1 法_1 网_1 恢_1 恢_1 疏_1 而_1 不_1 漏_1 ▶_1 案_1 件_1 详_1 情_1 ：_1 泗_1 阳_1 警_1 方_1 ：_1 刚_1 刚_1 侦_1 破_1 一_1 起_1 杀_1 人_1 碎_1 尸_1 案_1 ，_1 嫌_1 犯_1 谭_1 某_1 隐_1 藏_1 16_1 年_1 终_1 被_1 捕_1 [SEP]_1 [PAD]_1 [PAD]_1 [PAD]_1 [PAD]_1 [PAD]_1 [PAD]_1 [PAD]_1 [PAD]_1 [PAD]_1 [PAD]_1 [PAD]_1 [PAD]_1 [PAD]_1 [PAD]_1 [PAD]_1 [PAD]_1 [PAD]_1 [PAD]_1 [PAD]_1 [PAD]_1 [PAD]_1 [PAD]_1 [PAD]_1 [PAD]_1 [PAD]_1 [PAD]_1 [PAD]_1 [PAD]_1 [PAD]_1 [PAD]_1 [PAD]_1 [PAD]_1 [PAD]_1 [PAD]_1 [PAD]_1 [PAD]_1 [PAD]_1 [PAD]_1 [PAD]_1 [PAD]_1 [PAD]_1 [PAD]_1 [PAD]_1 [PAD]_1 [PAD]_1 [PAD]_1 [PAD]_1 [PAD]_1 [PAD]_1 [PAD]_1 [PAD]_1 [PAD]_1 [PAD]_1 [PAD]_1 [PAD]_1 [PAD]_1 [PAD]_1 [PAD]_1 [PAD]_1 [PAD]_1 [PAD]_1 [PAD]_1 [PAD]_1 [PAD]_1 [PAD]_1 [PAD]_1 [PAD]_1 [PAD]_1 [PAD]_1 [PAD]_1 [PAD]_1 [PAD]_1 [PAD]_1 [PAD]_1 [PAD]_1 [PAD]_1 [PAD]_1 [PAD]_1 [PAD]_1 [PAD]_1 [PAD]_1 [PAD]_1 [PAD]_1 [PAD]_1 [PAD]_1 [PAD]_1 [PAD]_1 [PAD]_1 [PAD]_1 [PAD]_1 [PAD]_1 [PAD]_1 [PAD]_1 [PAD]_1 [PAD]_1 [PAD]_1 [PAD]_1 [PAD]_1 [PAD]_1 [PAD]_1 [PAD]_1 [PAD]_1 [PAD]_1 [PAD]_1 [PAD]_1 [PAD]_1 [PAD]_1 [PAD]_1 [PAD]_1 [PAD]_1 [PAD]_1 [PAD]_1 [PAD]_1 [PAD]_1 [PAD]_1 [PAD]_1 [PAD]_1 [PAD]_1 [PAD]_1 [PAD]_1 [PAD]_1 [PAD]_1 [PAD]_1 [PAD]_1 [PAD]_1 [PAD]_1 [PAD]_1 [PAD]_1 [PAD]_1 [PAD]_1 [PAD]_1 [PAD]_1 [PAD]_1 [PAD]_1 [PAD]_1 [PAD]_1 [PAD]_1 [PAD]_1 [PAD]_1 [PAD]_1 [PAD]_1 [PAD]_1 [PAD]_1 [PAD]_1 [PAD]_1 [PAD]_1 [PAD]_1 [PAD]_1 [PAD]_1 [PAD]_1 [PAD]_1 [PAD]_1 [PAD]_1 [PAD]_1 [PAD]_1 [PAD]_1
2019-10-18 15:42:03,715 Token Sample: [CLS]_0 深_0 圳_0 海_0 关_0 查_0 获_0 4_0 万_0 吨_0 [UNK]_0 洋_0 垃_0 圾_0 [UNK]_0 涉_0 案_0 加_0 工_0 厂_0 环_0 境_0 触_0 目_0 惊_0 心_0 [SEP]_0 深_1 圳_1 海_1 关_1 查_1 获_1 4_1 万_1 吨_1 [UNK]_1 洋_1 垃_1 圾_1 [UNK]_1 涉_1 案_1 加_1 工_1 厂_1 环_1 境_1 触_1 目_1 惊_1 心_1 视_1 频_1 来_1 源_1 ?_1 腾_1 讯_1 视_1 频_1 [SEP]_1 [PAD]_1 [PAD]_1 [PAD]_1 [PAD]_1 [PAD]_1 [PAD]_1 [PAD]_1 [PAD]_1 [PAD]_1 [PAD]_1 [PAD]_1 [PAD]_1 [PAD]_1 [PAD]_1 [PAD]_1 [PAD]_1 [PAD]_1 [PAD]_1 [PAD]_1 [PAD]_1 [PAD]_1 [PAD]_1 [PAD]_1 [PAD]_1 [PAD]_1 [PAD]_1 [PAD]_1 [PAD]_1 [PAD]_1 [PAD]_1 [PAD]_1 [PAD]_1 [PAD]_1 [PAD]_1 [PAD]_1 [PAD]_1 [PAD]_1 [PAD]_1 [PAD]_1 [PAD]_1 [PAD]_1 [PAD]_1 [PAD]_1 [PAD]_1 [PAD]_1 [PAD]_1 [PAD]_1 [PAD]_1 [PAD]_1 [PAD]_1 [PAD]_1 [PAD]_1 [PAD]_1 [PAD]_1 [PAD]_1 [PAD]_1 [PAD]_1 [PAD]_1 [PAD]_1 [PAD]_1 [PAD]_1 [PAD]_1 [PAD]_1 [PAD]_1 [PAD]_1 [PAD]_1 [PAD]_1 [PAD]_1 [PAD]_1 [PAD]_1 [PAD]_1 [PAD]_1 [PAD]_1 [PAD]_1 [PAD]_1 [PAD]_1 [PAD]_1 [PAD]_1 [PAD]_1 [PAD]_1 [PAD]_1 [PAD]_1 [PAD]_1 [PAD]_1 [PAD]_1 [PAD]_1 [PAD]_1 [PAD]_1 [PAD]_1 [PAD]_1 [PAD]_1 [PAD]_1 [PAD]_1 [PAD]_1 [PAD]_1 [PAD]_1 [PAD]_1 [PAD]_1 [PAD]_1 [PAD]_1 [PAD]_1 [PAD]_1 [PAD]_1 [PAD]_1 [PAD]_1 [PAD]_1 [PAD]_1 [PAD]_1 [PAD]_1 [PAD]_1 [PAD]_1 [PAD]_1 [PAD]_1 [PAD]_1 [PAD]_1 [PAD]_1 [PAD]_1 [PAD]_1 [PAD]_1 [PAD]_1 [PAD]_1 [PAD]_1 [PAD]_1 [PAD]_1 [PAD]_1 [PAD]_1 [PAD]_1 [PAD]_1 [PAD]_1 [PAD]_1 [PAD]_1 [PAD]_1 [PAD]_1 [PAD]_1 [PAD]_1 [PAD]_1 [PAD]_1 [PAD]_1 [PAD]_1 [PAD]_1 [PAD]_1 [PAD]_1 [PAD]_1 [PAD]_1 [PAD]_1 [PAD]_1 [PAD]_1 [PAD]_1 [PAD]_1 [PAD]_1 [PAD]_1 [PAD]_1 [PAD]_1 [PAD]_1 [PAD]_1 [PAD]_1 [PAD]_1 [PAD]_1 [PAD]_1 [PAD]_1 [PAD]_1 [PAD]_1 [PAD]_1 [PAD]_1 [PAD]_1 [PAD]_1 [PAD]_1 [PAD]_1 [PAD]_1 [PAD]_1 [PAD]_1 [PAD]_1 [PAD]_1 [PAD]_1 [PAD]_1 [PAD]_1 [PAD]_1 [PAD]_1 [PAD]_1 [PAD]_1 [PAD]_1 [PAD]_1 [PAD]_1 [PAD]_1 [PAD]_1 [PAD]_1 [PAD]_1 [PAD]_1 [PAD]_1 [PAD]_1 [PAD]_1 [PAD]_1 [PAD]_1 [PAD]_1 [PAD]_1 [PAD]_1 [PAD]_1 [PAD]_1 [PAD]_1 [PAD]_1 [PAD]_1 [PAD]_1 [PAD]_1 [PAD]_1 [PAD]_1 [PAD]_1 [PAD]_1 [PAD]_1 [PAD]_1 [PAD]_1 [PAD]_1 [PAD]_1 [PAD]_1 [PAD]_1 [PAD]_1 [PAD]_1 [PAD]_1 [PAD]_1 [PAD]_1 [PAD]_1 [PAD]_1 [PAD]_1 [PAD]_1 [PAD]_1 [PAD]_1 [PAD]_1 [PAD]_1 [PAD]_1 [PAD]_1 [PAD]_1 [PAD]_1 [PAD]_1 [PAD]_1 [PAD]_1 [PAD]_1 [PAD]_1 [PAD]_1 [PAD]_1 [PAD]_1 [PAD]_1 [PAD]_1 [PAD]_1 [PAD]_1 [PAD]_1 [PAD]_1 [PAD]_1 [PAD]_1 [PAD]_1 [PAD]_1 [PAD]_1 [PAD]_1 [PAD]_1 [PAD]_1 [PAD]_1 [PAD]_1 [PAD]_1 [PAD]_1 [PAD]_1 [PAD]_1 [PAD]_1 [PAD]_1 [PAD]_1 [PAD]_1 [PAD]_1 [PAD]_1 [PAD]_1 [PAD]_1 [PAD]_1 [PAD]_1 [PAD]_1 [PAD]_1 [PAD]_1 [PAD]_1 [PAD]_1 [PAD]_1 [PAD]_1 [PAD]_1 [PAD]_1 [PAD]_1 [PAD]_1 [PAD]_1 [PAD]_1 [PAD]_1 [PAD]_1 [PAD]_1 [PAD]_1 [PAD]_1 [PAD]_1 [PAD]_1 [PAD]_1 [PAD]_1 [PAD]_1 [PAD]_1 [PAD]_1 [PAD]_1 [PAD]_1 [PAD]_1 [PAD]_1 [PAD]_1 [PAD]_1 [PAD]_1 [PAD]_1 [PAD]_1 [PAD]_1 [PAD]_1 [PAD]_1 [PAD]_1 [PAD]_1 [PAD]_1 [PAD]_1 [PAD]_1 [PAD]_1 [PAD]_1 [PAD]_1 [PAD]_1 [PAD]_1 [PAD]_1 [PAD]_1 [PAD]_1 [PAD]_1 [PAD]_1 [PAD]_1 [PAD]_1 [PAD]_1 [PAD]_1 [PAD]_1 [PAD]_1 [PAD]_1 [PAD]_1 [PAD]_1 [PAD]_1 [PAD]_1 [PAD]_1 [PAD]_1 [PAD]_1 [PAD]_1 [PAD]_1 [PAD]_1 [PAD]_1 [PAD]_1 [PAD]_1 [PAD]_1 [PAD]_1 [PAD]_1 [PAD]_1 [PAD]_1 [PAD]_1 [PAD]_1 [PAD]_1 [PAD]_1 [PAD]_1 [PAD]_1 [PAD]_1 [PAD]_1 [PAD]_1 [PAD]_1 [PAD]_1 [PAD]_1 [PAD]_1 [PAD]_1 [PAD]_1 [PAD]_1 [PAD]_1 [PAD]_1 [PAD]_1 [PAD]_1 [PAD]_1 [PAD]_1 [PAD]_1 [PAD]_1 [PAD]_1 [PAD]_1 [PAD]_1 [PAD]_1 [PAD]_1 [PAD]_1 [PAD]_1 [PAD]_1 [PAD]_1 [PAD]_1 [PAD]_1 [PAD]_1 [PAD]_1 [PAD]_1 [PAD]_1 [PAD]_1 [PAD]_1 [PAD]_1 [PAD]_1 [PAD]_1 [PAD]_1 [PAD]_1 [PAD]_1 [PAD]_1 [PAD]_1 [PAD]_1 [PAD]_1 [PAD]_1 [PAD]_1 [PAD]_1 [PAD]_1 [PAD]_1 [PAD]_1 [PAD]_1 [PAD]_1 [PAD]_1 [PAD]_1 [PAD]_1 [PAD]_1 [PAD]_1 [PAD]_1 [PAD]_1 [PAD]_1 [PAD]_1 [PAD]_1 [PAD]_1 [PAD]_1 [PAD]_1 [PAD]_1 [PAD]_1 [PAD]_1 [PAD]_1 [PAD]_1 [PAD]_1 [PAD]_1 [PAD]_1 [PAD]_1 [PAD]_1 [PAD]_1 [PAD]_1 [PAD]_1 [PAD]_1 [PAD]_1 [PAD]_1 [PAD]_1 [PAD]_1 [PAD]_1 [PAD]_1 [PAD]_1 [PAD]_1 [PAD]_1 [PAD]_1 [PAD]_1 [PAD]_1 [PAD]_1 [PAD]_1 [PAD]_1 [PAD]_1
2019-10-18 15:42:24,902 Token Sample: [CLS]_0 鸡_0 东_0 县_0 社_0 区_0 党_0 工_0 委_0 召_0 开_0 [UNK]_0 夺_0 旗_0 争_0 星_0 [UNK]_0 活_0 动_0 评_0 定_0 会_0 [SEP]_0 2018_1 年_1 4_1 月_1 28_1 日_1 ，_1 鸡_1 东_1 县_1 社_1 区_1 党_1 工_1 委_1 召_1 开_1 了_1 第_1 一_1 季_1 度_1 [UNK]_1 夺_1 旗_1 争_1 星_1 [UNK]_1 活_1 动_1 评_1 定_1 会_1 ，_1 党_1 工_1 委_1 党_1 委_1 班_1 子_1 成_1 员_1 及_1 各_1 社_1 区_1 书_1 记_1 、_1 副_1 书_1 记_1 和_1 组_1 织_1 委_1 员_1 ，_1 共_1 计_1 25_1 人_1 参_1 加_1 了_1 此_1 次_1 会_1 议_1 。_1 会_1 上_1 ，_1 党_1 委_1 成_1 员_1 按_1 照_1 县_1 委_1 [UNK]_1 夺_1 旗_1 争_1 星_1 [UNK]_1 方_1 案_1 要_1 求_1 ，_1 根_1 据_1 各_1 党_1 支_1 部_1 在_1 第_1 一_1 季_1 度_1 党_1 建_1 工_1 作_1 中_1 的_1 开_1 展_1 情_1 况_1 ，_1 对_1 党_1 工_1 委_1 所_1 属_1 20_1 个_1 党_1 支_1 部_1 进_1 行_1 了_1 民_1 主_1 评_1 议_1 。_1 东_1 风_1 社_1 区_1 党_1 群_1 服_1 务_1 中_1 心_1 党_1 支_1 部_1 、_1 北_1 华_1 和_1 城_1 南_1 社_1 区_1 机_1 关_1 党_1 支_1 部_1 ，_1 在_1 组_1 织_1 保_1 障_1 、_1 党_1 员_1 先_1 锋_1 模_1 范_1 作_1 用_1 发_1 挥_1 和_1 活_1 动_1 开_1 展_1 等_1 方_1 面_1 取_1 得_1 了_1 明_1 显_1 效_1 果_1 ，_1 被_1 党_1 工_1 委_1 授_1 予_1 [UNK]_1 夺_1 旗_1 争_1 星_1 [UNK]_1 活_1 动_1 第_1 一_1 季_1 度_1 红_1 旗_1 党_1 支_1 部_1 。_1 【_1 版_1 权_1 声_1 明_1 】_1 本_1 文_1 来_1 自_1 腾_1 讯_1 新_1 闻_1 客_1 户_1 端_1 自_1 媒_1 体_1 ，_1 不_1 代_1 表_1 腾_1 讯_1 新_1 闻_1 的_1 观_1 点_1 和_1 立_1 场_1 。_1 [SEP]_1 [PAD]_1 [PAD]_1 [PAD]_1 [PAD]_1 [PAD]_1 [PAD]_1 [PAD]_1 [PAD]_1 [PAD]_1 [PAD]_1 [PAD]_1 [PAD]_1 [PAD]_1 [PAD]_1 [PAD]_1 [PAD]_1 [PAD]_1 [PAD]_1 [PAD]_1 [PAD]_1 [PAD]_1 [PAD]_1 [PAD]_1 [PAD]_1 [PAD]_1 [PAD]_1 [PAD]_1 [PAD]_1 [PAD]_1 [PAD]_1 [PAD]_1 [PAD]_1 [PAD]_1 [PAD]_1 [PAD]_1 [PAD]_1 [PAD]_1 [PAD]_1 [PAD]_1 [PAD]_1 [PAD]_1 [PAD]_1 [PAD]_1 [PAD]_1 [PAD]_1 [PAD]_1 [PAD]_1 [PAD]_1 [PAD]_1 [PAD]_1 [PAD]_1 [PAD]_1 [PAD]_1 [PAD]_1 [PAD]_1 [PAD]_1 [PAD]_1 [PAD]_1 [PAD]_1 [PAD]_1 [PAD]_1 [PAD]_1 [PAD]_1 [PAD]_1 [PAD]_1 [PAD]_1 [PAD]_1 [PAD]_1 [PAD]_1 [PAD]_1 [PAD]_1 [PAD]_1 [PAD]_1 [PAD]_1 [PAD]_1 [PAD]_1 [PAD]_1 [PAD]_1 [PAD]_1 [PAD]_1 [PAD]_1 [PAD]_1 [PAD]_1 [PAD]_1 [PAD]_1 [PAD]_1 [PAD]_1 [PAD]_1 [PAD]_1 [PAD]_1 [PAD]_1 [PAD]_1 [PAD]_1 [PAD]_1 [PAD]_1 [PAD]_1 [PAD]_1 [PAD]_1 [PAD]_1 [PAD]_1 [PAD]_1 [PAD]_1 [PAD]_1 [PAD]_1 [PAD]_1 [PAD]_1 [PAD]_1 [PAD]_1 [PAD]_1 [PAD]_1 [PAD]_1 [PAD]_1 [PAD]_1 [PAD]_1 [PAD]_1 [PAD]_1 [PAD]_1 [PAD]_1 [PAD]_1 [PAD]_1 [PAD]_1 [PAD]_1 [PAD]_1 [PAD]_1 [PAD]_1 [PAD]_1 [PAD]_1 [PAD]_1 [PAD]_1 [PAD]_1 [PAD]_1 [PAD]_1 [PAD]_1 [PAD]_1 [PAD]_1 [PAD]_1 [PAD]_1 [PAD]_1 [PAD]_1 [PAD]_1 [PAD]_1 [PAD]_1 [PAD]_1 [PAD]_1 [PAD]_1 [PAD]_1 [PAD]_1 [PAD]_1 [PAD]_1 [PAD]_1 [PAD]_1 [PAD]_1 [PAD]_1 [PAD]_1 [PAD]_1 [PAD]_1 [PAD]_1 [PAD]_1 [PAD]_1 [PAD]_1 [PAD]_1 [PAD]_1 [PAD]_1 [PAD]_1 [PAD]_1 [PAD]_1 [PAD]_1 [PAD]_1 [PAD]_1 [PAD]_1 [PAD]_1 [PAD]_1 [PAD]_1 [PAD]_1 [PAD]_1 [PAD]_1 [PAD]_1 [PAD]_1 [PAD]_1 [PAD]_1 [PAD]_1 [PAD]_1 [PAD]_1 [PAD]_1 [PAD]_1 [PAD]_1 [PAD]_1 [PAD]_1 [PAD]_1 [PAD]_1 [PAD]_1 [PAD]_1 [PAD]_1 [PAD]_1 [PAD]_1 [PAD]_1 [PAD]_1 [PAD]_1 [PAD]_1 [PAD]_1 [PAD]_1 [PAD]_1 [PAD]_1 [PAD]_1 [PAD]_1 [PAD]_1 [PAD]_1 [PAD]_1 [PAD]_1 [PAD]_1 [PAD]_1 [PAD]_1 [PAD]_1 [PAD]_1 [PAD]_1 [PAD]_1 [PAD]_1 [PAD]_1 [PAD]_1 [PAD]_1 [PAD]_1 [PAD]_1 [PAD]_1 [PAD]_1 [PAD]_1 [PAD]_1 [PAD]_1 [PAD]_1 [PAD]_1 [PAD]_1 [PAD]_1 [PAD]_1 [PAD]_1 [PAD]_1
2019-10-18 15:42:28,669 seed everything and create model
2019-10-18 15:47:43,672 step 500 train loss: 0.6630
2019-10-18 15:47:43,672 step 500 score: 0.7005
2019-10-18 15:52:50,669 step 1000 train loss: 0.5387
2019-10-18 15:52:50,669 step 1000 score: 0.7525
2019-10-18 15:57:57,729 step 1500 train loss: 0.4622
2019-10-18 15:57:57,729 step 1500 score: 0.7859
2019-10-18 16:03:04,738 step 2000 train loss: 0.4611
2019-10-18 16:03:04,739 step 2000 score: 0.7899
2019-10-18 16:08:11,706 step 2500 train loss: 0.4263
2019-10-18 16:08:11,706 step 2500 score: 0.7694
2019-10-18 16:13:18,648 step 3000 train loss: 0.3670
2019-10-18 16:13:18,648 step 3000 score: 0.7797
2019-10-18 16:18:25,584 step 3500 train loss: 0.2651
2019-10-18 16:18:25,584 step 3500 score: 0.7909
2019-10-18 16:23:32,386 step 4000 train loss: 0.2225
2019-10-18 16:23:32,386 step 4000 score: 0.8050
2019-10-18 16:28:39,220 step 4500 train loss: 0.2596
2019-10-18 16:28:39,220 step 4500 score: 0.8050
2019-10-18 16:33:46,068 step 5000 train loss: 0.2196
2019-10-18 16:33:46,069 step 5000 score: 0.8073
2019-10-18 16:33:46,082 best score is 0.8073
2019-10-18 16:45:42,978 step 500 train loss: 0.6137
2019-10-18 16:45:42,978 step 500 score: 0.7194
2019-10-18 16:50:49,781 step 1000 train loss: 0.4962
2019-10-18 16:50:49,781 step 1000 score: 0.6811
2019-10-18 16:55:56,571 step 1500 train loss: 0.4207
2019-10-18 16:55:56,571 step 1500 score: 0.7264
2019-10-18 17:01:03,418 step 2000 train loss: 0.4319
2019-10-18 17:01:03,419 step 2000 score: 0.7344
2019-10-18 17:06:10,218 step 2500 train loss: 0.4260
2019-10-18 17:06:10,218 step 2500 score: 0.7796
2019-10-18 17:11:16,963 step 3000 train loss: 0.4206
2019-10-18 17:11:16,963 step 3000 score: 0.8166
2019-10-18 17:16:23,541 step 3500 train loss: 0.2220
2019-10-18 17:16:23,541 step 3500 score: 0.7674
2019-10-18 17:21:30,106 step 4000 train loss: 0.2399
2019-10-18 17:21:30,106 step 4000 score: 0.8070
2019-10-18 17:26:36,667 step 4500 train loss: 0.2027
2019-10-18 17:26:36,667 step 4500 score: 0.8079
2019-10-18 17:31:43,216 step 5000 train loss: 0.2354
2019-10-18 17:31:43,216 step 5000 score: 0.8046
2019-10-18 17:31:43,217 best score is 0.8166
2019-10-18 17:43:39,809 step 500 train loss: 0.6022
2019-10-18 17:43:39,809 step 500 score: 0.6931
2019-10-18 17:48:46,383 step 1000 train loss: 0.5096
2019-10-18 17:48:46,383 step 1000 score: 0.7202
2019-10-18 17:53:52,993 step 1500 train loss: 0.4347
2019-10-18 17:53:52,993 step 1500 score: 0.7720
2019-10-18 17:58:59,531 step 2000 train loss: 0.4372
2019-10-18 17:58:59,531 step 2000 score: 0.7480
2019-10-18 18:04:06,091 step 2500 train loss: 0.4239
2019-10-18 18:04:06,091 step 2500 score: 0.6329
2019-10-18 18:09:12,641 step 3000 train loss: 0.4209
2019-10-18 18:09:12,642 step 3000 score: 0.7558
2019-10-18 18:14:19,172 step 3500 train loss: 0.2207
2019-10-18 18:14:19,172 step 3500 score: 0.7936
2019-10-18 18:19:25,933 step 4000 train loss: 0.2254
2019-10-18 18:19:25,934 step 4000 score: 0.7749
2019-10-18 18:24:32,548 step 4500 train loss: 0.2153
2019-10-18 18:24:32,548 step 4500 score: 0.7953
2019-10-18 18:29:39,118 step 5000 train loss: 0.1986
2019-10-18 18:29:39,118 step 5000 score: 0.8022
2019-10-18 18:29:39,131 best score is 0.8022
2019-10-18 18:41:35,687 step 500 train loss: 0.6646
2019-10-18 18:41:35,688 step 500 score: 0.7257
2019-10-18 18:46:42,272 step 1000 train loss: 0.4543
2019-10-18 18:46:42,273 step 1000 score: 0.6893
2019-10-18 18:51:48,825 step 1500 train loss: 0.4565
2019-10-18 18:51:48,826 step 1500 score: 0.7383
2019-10-18 18:56:55,433 step 2000 train loss: 0.4258
2019-10-18 18:56:55,433 step 2000 score: 0.7465
2019-10-18 19:02:02,023 step 2500 train loss: 0.4548
2019-10-18 19:02:02,023 step 2500 score: 0.7496
2019-10-18 19:07:08,639 step 3000 train loss: 0.3863
2019-10-18 19:07:08,640 step 3000 score: 0.7685
2019-10-18 19:12:15,216 step 3500 train loss: 0.2103
2019-10-18 19:12:15,217 step 3500 score: 0.7437
2019-10-18 19:17:21,787 step 4000 train loss: 0.2328
2019-10-18 19:17:21,787 step 4000 score: 0.7699
2019-10-18 19:22:28,372 step 4500 train loss: 0.2126
2019-10-18 19:22:28,372 step 4500 score: 0.7752
2019-10-18 19:27:34,946 step 5000 train loss: 0.1982
2019-10-18 19:27:34,947 step 5000 score: 0.7815
2019-10-18 19:27:34,960 best score is 0.7815
2019-10-18 19:39:31,563 step 500 train loss: 0.6754
2019-10-18 19:39:31,563 step 500 score: 0.6848
2019-10-18 19:44:38,137 step 1000 train loss: 0.4729
2019-10-18 19:44:38,137 step 1000 score: 0.7010
2019-10-18 19:49:44,744 step 1500 train loss: 0.4558
2019-10-18 19:49:44,744 step 1500 score: 0.7330
2019-10-18 19:54:51,329 step 2000 train loss: 0.4324
2019-10-18 19:54:51,329 step 2000 score: 0.7775
2019-10-18 19:59:58,028 step 2500 train loss: 0.4086
2019-10-18 19:59:58,028 step 2500 score: 0.7219
2019-10-18 20:05:15,731 step 3000 train loss: 0.3566
2019-10-18 20:05:15,732 step 3000 score: 0.7971
2019-10-18 20:10:24,186 step 3500 train loss: 0.2206
2019-10-18 20:10:24,186 step 3500 score: 0.7663
2019-10-18 20:15:32,626 step 4000 train loss: 0.2211
2019-10-18 20:15:32,627 step 4000 score: 0.7820
2019-10-18 20:20:41,072 step 4500 train loss: 0.2180
2019-10-18 20:20:41,072 step 4500 score: 0.7958
2019-10-18 20:25:49,525 step 5000 train loss: 0.2154
2019-10-18 20:25:49,526 step 5000 score: 0.7940
2019-10-18 20:25:49,526 best score is 0.7971
2019-10-18 20:32:39,594 average: 0.800939
