2019-10-25 22:16:15,080 log_in_file: True
2019-10-25 22:16:15,080 lm_path: /home/wangzl/PretrainedLM/BERT/New/chinese_wwm_ext_pytorch
2019-10-25 22:16:15,080 lm_type: bert
2019-10-25 22:16:15,080 data_path: ../data/
2019-10-25 22:16:15,080 usegpu: True
2019-10-25 22:16:15,080 total_step: 1500
2019-10-25 22:16:15,080 eval_every: 150
2019-10-25 22:16:15,080 early_stop: 4
2019-10-25 22:16:15,080 max_length: 360
2019-10-25 22:16:15,080 max_title_rate: 0.125
2019-10-25 22:16:15,080 content_head_rate: 0.6
2019-10-25 22:16:15,080 batch_size: 16
2019-10-25 22:16:15,080 lr_scheduler_type: linear
2019-10-25 22:16:15,080 input_pattern: head+tail+fixed
2019-10-25 22:16:15,081 clean_method: space+notzh
2019-10-25 22:16:15,081 warmup_rate: 0.1
2019-10-25 22:16:15,081 classifier_dropout: 0.3
2019-10-25 22:16:15,081 classifier_active: relu
2019-10-25 22:16:15,081 cache_final_model: False
2019-10-25 22:16:15,081 seed: 23
2019-10-25 22:16:15,081 lr: 2e-05
2019-10-25 22:16:15,081 lr_decay_in_layers: 0.95
2019-10-25 22:16:15,081 wd_decay_in_layers: 1.4
2019-10-25 22:16:15,081 weight_decay: 0.001
2019-10-25 22:16:15,097 padding token is 0
2019-10-25 22:16:33,657 Token Sample: [CLS]_0 晒_0 晒_0 我_0 的_0 130_0 平_0 新_0 房_0 ，_0 光_0 硬_0 装_0 花_0 了_0 16_0 万_0 ，_0 敢_0 说_0 是_0 小_0 区_0 最_0 上_0 档_0 次_0 的_0 !_0 [PAD]_0 [PAD]_0 [PAD]_0 [PAD]_0 [PAD]_0 [PAD]_0 [PAD]_0 [PAD]_0 [PAD]_0 [PAD]_0 [PAD]_0 [PAD]_0 [PAD]_0 [PAD]_0 [PAD]_0 [PAD]_0 [PAD]_0 [SEP]_0 新_1 家_1 装_1 修_1 好_1 ，_1 通_1 风_1 2_1 个_1 多_1 月_1 了_1 ，_1 我_1 打_1 算_1 下_1 个_1 月_1 初_1 就_1 搬_1 入_1 新_1 家_1 入_1 住_1 ，_1 目_1 前_1 搬_1 入_1 了_1 部_1 分_1 家_1 具_1 ，_1 还_1 有_1 很_1 多_1 的_1 家_1 具_1 正_1 在_1 整_1 顿_1 当_1 中_1 ，_1 晒_1 给_1 大_1 家_1 看_1 看_1 。_1 新_1 家_1 是_1 132_1 平_1 的_1 ，_1 装_1 修_1 光_1 硬_1 装_1 花_1 了_1 16_1 万_1 ，_1 感_1 觉_1 还_1 是_1 很_1 上_1 档_1 次_1 的_1 ，_1 朋_1 友_1 来_1 参_1 观_1 也_1 说_1 这_1 房_1 子_1 装_1 的_1 不_1 错_1 ，_1 简_1 单_1 ，_1 但_1 是_1 很_1 舒_1 服_1 。_1 而_1 且_1 颜_1 色_1 搭_1 配_1 的_1 很_1 好_1 ，_1 我_1 喜_1 欢_1 冷_1 色_1 调_1 。_1 家_1 是_1 长_1 期_1 生_1 活_1 的_1 地_1 方_1 ，_1 如_1 果_1 花_1 花_1 绿_1 绿_1 反_1 而_1 不_1 耐_1 看_1 。_1 这_1 个_1 装_1 修_1 简_1 单_1 大_1 气_1 ，_1 时_1 间_1 长_1 久_1 都_1 不_1 会_1 厌_1 烦_1 。_1 入_1 户_1 进_1 门_1 就_1 是_1 餐_1 厅_1 ，_1 顶_1 部_1 做_1 了_1 一_1 个_1 圆_1 形_1 的_1 大_1 吊_1 [SEP]_1 里_1 就_1 用_1 这_1 个_1 ，_1 特_1 别_1 舒_1 服_1 。_1 儿_1 童_1 房_1 定_1 制_1 了_1 上_1 下_1 铺_1 儿_1 童_1 床_1 ，_1 两_1 个_1 孩_1 子_1 一_1 个_1 睡_1 上_1 铺_1 ，_1 另_1 一_1 个_1 睡_1 下_1 铺_1 ，_1 窗_1 户_1 边_1 摆_1 了_1 两_1 张_1 书_1 桌_1 ，_1 两_1 侧_1 装_1 了_1 书_1 柜_1 ，_1 让_1 两_1 个_1 孩_1 子_1 都_1 有_1 自_1 己_1 的_1 学_1 习_1 空_1 间_1 。_1 卫_1 生_1 间_1 ，_1 干_1 湿_1 分_1 离_1 是_1 必_1 须_1 做_1 的_1 。_1 很_1 多_1 人_1 说_1 蹲_1 坑_1 好_1 ，_1 但_1 我_1 还_1 是_1 喜_1 欢_1 马_1 桶_1 ，_1 蹲_1 坑_1 蹲_1 一_1 会_1 儿_1 脚_1 都_1 麻_1 了_1 ，_1 还_1 是_1 马_1 桶_1 方_1 便_1 。_1 [SEP]_1
2019-10-25 22:16:45,148 Token Sample: [CLS]_0 邢_0 台_0 沧_0 县_0 大_0 官_0 厅_0 乡_0 史_0 贾_0 村_0 这_0 个_0 村_0 火_0 了_0 ，_0 河_0 北_0 老_0 乡_0 们_0 都_0 在_0 看_0 !_0 [PAD]_0 [PAD]_0 [PAD]_0 [PAD]_0 [PAD]_0 [PAD]_0 [PAD]_0 [PAD]_0 [PAD]_0 [PAD]_0 [PAD]_0 [PAD]_0 [PAD]_0 [PAD]_0 [PAD]_0 [PAD]_0 [PAD]_0 [PAD]_0 [PAD]_0 [SEP]_0 点_1 击_1 上_1 方_1 [UNK]_1 和_1 谐_1 河_1 北_1 [UNK]_1 免_1 费_1 关_1 注_1 ！_1 ↓↓↓_1 河_1 北_1 老_1 乡_1 点_1 下_1 面_1 [PAD]_1 [PAD]_1 [PAD]_1 [PAD]_1 [PAD]_1 [PAD]_1 [PAD]_1 [PAD]_1 [PAD]_1 [PAD]_1 [PAD]_1 [PAD]_1 [PAD]_1 [PAD]_1 [PAD]_1 [PAD]_1 [PAD]_1 [PAD]_1 [PAD]_1 [PAD]_1 [PAD]_1 [PAD]_1 [PAD]_1 [PAD]_1 [PAD]_1 [PAD]_1 [PAD]_1 [PAD]_1 [PAD]_1 [PAD]_1 [PAD]_1 [PAD]_1 [PAD]_1 [PAD]_1 [PAD]_1 [PAD]_1 [PAD]_1 [PAD]_1 [PAD]_1 [PAD]_1 [PAD]_1 [PAD]_1 [PAD]_1 [PAD]_1 [PAD]_1 [PAD]_1 [PAD]_1 [PAD]_1 [PAD]_1 [PAD]_1 [PAD]_1 [PAD]_1 [PAD]_1 [PAD]_1 [PAD]_1 [PAD]_1 [PAD]_1 [PAD]_1 [PAD]_1 [PAD]_1 [PAD]_1 [PAD]_1 [PAD]_1 [PAD]_1 [PAD]_1 [PAD]_1 [PAD]_1 [PAD]_1 [PAD]_1 [PAD]_1 [PAD]_1 [PAD]_1 [PAD]_1 [PAD]_1 [PAD]_1 [PAD]_1 [PAD]_1 [PAD]_1 [PAD]_1 [PAD]_1 [PAD]_1 [PAD]_1 [PAD]_1 [PAD]_1 [PAD]_1 [PAD]_1 [PAD]_1 [PAD]_1 [PAD]_1 [PAD]_1 [PAD]_1 [PAD]_1 [PAD]_1 [PAD]_1 [PAD]_1 [PAD]_1 [PAD]_1 [PAD]_1 [PAD]_1 [PAD]_1 [PAD]_1 [PAD]_1 [PAD]_1 [PAD]_1 [PAD]_1 [PAD]_1 [PAD]_1 [PAD]_1 [PAD]_1 [PAD]_1 [PAD]_1 [PAD]_1 [PAD]_1 [PAD]_1 [PAD]_1 [PAD]_1 [PAD]_1 [PAD]_1 [PAD]_1 [PAD]_1 [PAD]_1 [PAD]_1 [PAD]_1 [PAD]_1 [PAD]_1 [PAD]_1 [PAD]_1 [PAD]_1 [PAD]_1 [PAD]_1 [PAD]_1 [PAD]_1 [PAD]_1 [PAD]_1 [PAD]_1 [PAD]_1 [PAD]_1 [PAD]_1 [PAD]_1 [PAD]_1 [PAD]_1 [PAD]_1 [PAD]_1 [PAD]_1 [PAD]_1 [PAD]_1 [PAD]_1 [PAD]_1 [PAD]_1 [PAD]_1 [PAD]_1 [PAD]_1 [PAD]_1 [PAD]_1 [PAD]_1 [PAD]_1 [PAD]_1 [PAD]_1 [PAD]_1 [PAD]_1 [PAD]_1 [PAD]_1 [PAD]_1 [PAD]_1 [PAD]_1 [PAD]_1 [SEP]_1 [PAD]_1 [PAD]_1 [PAD]_1 [PAD]_1 [PAD]_1 [PAD]_1 [PAD]_1 [PAD]_1 [PAD]_1 [PAD]_1 [PAD]_1 [PAD]_1 [PAD]_1 [PAD]_1 [PAD]_1 [PAD]_1 [PAD]_1 [PAD]_1 [PAD]_1 [PAD]_1 [PAD]_1 [PAD]_1 [PAD]_1 [PAD]_1 [PAD]_1 [PAD]_1 [PAD]_1 [PAD]_1 [PAD]_1 [PAD]_1 [PAD]_1 [PAD]_1 [PAD]_1 [PAD]_1 [PAD]_1 [PAD]_1 [PAD]_1 [PAD]_1 [PAD]_1 [PAD]_1 [PAD]_1 [PAD]_1 [PAD]_1 [PAD]_1 [PAD]_1 [PAD]_1 [PAD]_1 [PAD]_1 [PAD]_1 [PAD]_1 [PAD]_1 [PAD]_1 [PAD]_1 [PAD]_1 [PAD]_1 [PAD]_1 [PAD]_1 [PAD]_1 [PAD]_1 [PAD]_1 [PAD]_1 [PAD]_1 [PAD]_1 [PAD]_1 [PAD]_1 [PAD]_1 [PAD]_1 [PAD]_1 [PAD]_1 [PAD]_1 [PAD]_1 [PAD]_1 [PAD]_1 [PAD]_1 [PAD]_1 [PAD]_1 [PAD]_1 [PAD]_1 [PAD]_1 [PAD]_1 [PAD]_1 [PAD]_1 [PAD]_1 [PAD]_1 [PAD]_1 [PAD]_1 [PAD]_1 [PAD]_1 [PAD]_1 [PAD]_1 [PAD]_1 [PAD]_1 [PAD]_1 [PAD]_1 [PAD]_1 [PAD]_1 [PAD]_1 [PAD]_1 [PAD]_1 点_1 击_1 上_1 方_1 [UNK]_1 和_1 谐_1 河_1 北_1 [UNK]_1 免_1 费_1 关_1 注_1 ！_1 ↓↓↓_1 河_1 北_1 老_1 乡_1 点_1 下_1 面_1 [SEP]_1
2019-10-25 22:16:56,165 Token Sample: [CLS]_0 牡_0 丹_0 江_0 农_0 垦_0 公_0 安_0 局_0 交_0 警_0 大_0 队_0 滥_0 用_0 职_0 权_0 欺_0 上_0 瞒_0 下_0 不_0 作_0 为_0 [PAD]_0 [PAD]_0 [PAD]_0 [PAD]_0 [PAD]_0 [PAD]_0 [PAD]_0 [PAD]_0 [PAD]_0 [PAD]_0 [PAD]_0 [PAD]_0 [PAD]_0 [PAD]_0 [PAD]_0 [PAD]_0 [PAD]_0 [PAD]_0 [PAD]_0 [PAD]_0 [PAD]_0 [PAD]_0 [SEP]_0 举_1 报_1 人_1 :_1 杨_1 成_1 海_1 ，_1 男_1 ，_1 汉_1 族_1 ，_1 1966_1 年_1 生_1 ，_1 住_1 黑_1 龙_1 江_1 省_1 海_1 林_1 市_1 海_1 林_1 农_1 垦_1 社_1 区_1 b_1 区_1 一_1 委_1 3_1 组_1 34_1 号_1 ，_1 身_1 份_1 证_1 号_1 ，_1 联_1 系_1 电_1 话_1 被_1 举_1 报_1 人_1 :_1 纪_1 庆_1 山_1 ，_1 牡_1 丹_1 江_1 农_1 垦_1 公_1 安_1 局_1 交_1 通_1 警_1 察_1 中_1 队_1 队_1 长_1 被_1 举_1 报_1 人_1 :_1 李_1 国_1 华_1 ，_1 牡_1 丹_1 江_1 农_1 垦_1 公_1 安_1 局_1 交_1 通_1 警_1 察_1 大_1 队_1 事_1 故_1 科_1 科_1 长_1 2017_1 年_1 10_1 月_1 4_1 日_1 15_1 时_1 16_1 分_1 左_1 右_1 ，_1 举_1 报_1 人_1 驾_1 驶_1 号_1 牌_1 为_1 黑_1 cj_1 ##123_1 ##0_1 号_1 小_1 轿_1 车_1 正_1 常_1 由_1 东_1 向_1 西_1 行_1 驶_1 ，_1 通_1 过_1 海_1 林_1 农_1 场_1 客_1 运_1 站_1 十_1 字_1 路_1 口_1 ，_1 黄_1 江_1 厚_1 醉_1 酒_1 (_1 165_1 ._1 7_1 毫_1 克_1 /_1 100_1 毫_1 升_1 )_1 驾_1 驶_1 无_1 牌_1 、_1 无_1 证_1 、_1 超_1 速_1 行_1 驶_1 且_1 未_1 戴_1 安_1 全_1 头_1 盔_1 [SEP]_1 举_1 报_1 人_1 严_1 重_1 违_1 反_1 法_1 律_1 规_1 定_1 ，_1 欺_1 上_1 瞒_1 下_1 ，_1 严_1 重_1 违_1 反_1 了_1 人_1 民_1 警_1 察_1 为_1 人_1 民_1 的_1 光_1 辉_1 形_1 象_1 ，_1 强_1 行_1 出_1 具_1 不_1 公_1 平_1 的_1 认_1 定_1 书_1 ，_1 造_1 成_1 举_1 报_1 人_1 合_1 法_1 权_1 益_1 受_1 损_1 ，_1 严_1 重_1 违_1 反_1 国_1 家_1 机_1 关_1 工_1 作_1 人_1 员_1 的_1 要_1 求_1 ，_1 严_1 重_1 违_1 反_1 了_1 中_1 央_1 八_1 项_1 规_1 定_1 要_1 求_1 ，_1 特_1 此_1 请_1 求_1 中_1 央_1 领_1 导_1 彻_1 查_1 此_1 事_1 ，_1 还_1 举_1 报_1 人_1 一_1 个_1 公_1 道_1 。_1 举_1 报_1 人_1 :_1 杨_1 成_1 海_1 2019_1 年_1 1_1 月_1 [SEP]_1
2019-10-25 22:17:16,812 Token Sample: [CLS]_0 商_0 丘_0 市_0 公_0 安_0 局_0 举_0 行_0 微_0 电_0 影_0 《_0 一_0 路_0 有_0 缘_0 》_0 开_0 机_0 仪_0 式_0 快_0 来_0 看_0 看_0 [PAD]_0 [PAD]_0 [PAD]_0 [PAD]_0 [PAD]_0 [PAD]_0 [PAD]_0 [PAD]_0 [PAD]_0 [PAD]_0 [PAD]_0 [PAD]_0 [PAD]_0 [PAD]_0 [PAD]_0 [PAD]_0 [PAD]_0 [PAD]_0 [PAD]_0 [PAD]_0 [SEP]_0 一_1 路_1 有_1 缘_1 5_1 月_1 23_1 日_1 ，_1 商_1 丘_1 市_1 公_1 安_1 局_1 微_1 电_1 影_1 《_1 一_1 路_1 有_1 缘_1 》_1 开_1 机_1 仪_1 式_1 在_1 火_1 车_1 站_1 广_1 场_1 举_1 行_1 。_1 微_1 电_1 影_1 《_1 一_1 路_1 有_1 缘_1 》_1 是_1 以_1 市_1 公_1 安_1 局_1 交_1 警_1 支_1 队_1 民_1 警_1 马_1 强_1 为_1 原_1 型_1 ，_1 以_1 马_1 强_1 真_1 实_1 的_1 工_1 作_1 经_1 历_1 和_1 生_1 活_1 中_1 发_1 生_1 的_1 一_1 些_1 感_1 人_1 事_1 例_1 为_1 主_1 线_1 ，_1 艺_1 术_1 再_1 现_1 人_1 民_1 警_1 察_1 在_1 创_1 建_1 平_1 安_1 社_1 区_1 、_1 文_1 明_1 交_1 通_1 等_1 工_1 作_1 中_1 无_1 私_1 奉_1 献_1 、_1 勇_1 往_1 直_1 前_1 的_1 精_1 神_1 风_1 貌_1 ，_1 忠_1 诚_1 、_1 干_1 净_1 、_1 担_1 当_1 的_1 职_1 业_1 操_1 守_1 。_1 充_1 分_1 展_1 示_1 交_1 通_1 民_1 警_1 亲_1 民_1 爱_1 民_1 、_1 管_1 理_1 先_1 进_1 、_1 精_1 简_1 高_1 效_1 的_1 现_1 代_1 交_1 警_1 形_1 象_1 。_1 进_1 一_1 步_1 倡_1 导_1 市_1 民_1 法_1 治_1 意_1 识_1 、_1 文_1 明_1 意_1 [SEP]_1 识_1 、_1 文_1 明_1 意_1 识_1 和_1 公_1 德_1 意_1 识_1 ，_1 养_1 成_1 与_1 当_1 今_1 社_1 会_1 相_1 适_1 应_1 的_1 交_1 通_1 行_1 为_1 规_1 范_1 和_1 文_1 明_1 交_1 通_1 习_1 惯_1 。_1 影_1 片_1 还_1 着_1 重_1 展_1 示_1 了_1 公_1 安_1 民_1 警_1 个_1 人_1 的_1 情_1 感_1 世_1 界_1 和_1 家_1 庭_1 生_1 活_1 ，_1 注_1 重_1 体_1 现_1 了_1 公_1 安_1 民_1 警_1 作_1 为_1 有_1 血_1 有_1 肉_1 的_1 父_1 亲_1 、_1 丈_1 夫_1 和_1 儿_1 子_1 的_1 可_1 亲_1 、_1 可_1 爱_1 形_1 象_1 ，_1 真_1 实_1 再_1 现_1 了_1 新_1 时_1 代_1 人_1 民_1 警_1 察_1 的_1 整_1 体_1 风_1 貌_1 。_1 缘_1 在_1 路_1 上_1 敬_1 请_1 期_1 待_1 哦_1 [SEP]_1
2019-10-25 22:17:31,060 Token Sample: [CLS]_0 为_0 什_0 么_0 全_0 球_0 不_0 统_0 一_0 使_0 用_0 一_0 种_0 货_0 币_0 ?_0 [PAD]_0 [PAD]_0 [PAD]_0 [PAD]_0 [PAD]_0 [PAD]_0 [PAD]_0 [PAD]_0 [PAD]_0 [PAD]_0 [PAD]_0 [PAD]_0 [PAD]_0 [PAD]_0 [PAD]_0 [PAD]_0 [PAD]_0 [PAD]_0 [PAD]_0 [PAD]_0 [PAD]_0 [PAD]_0 [PAD]_0 [PAD]_0 [PAD]_0 [PAD]_0 [PAD]_0 [PAD]_0 [PAD]_0 [PAD]_0 [SEP]_0 目_1 前_1 来_1 说_1 每_1 个_1 国_1 家_1 发_1 行_1 各_1 自_1 的_1 货_1 币_1 ，_1 是_1 被_1 我_1 们_1 当_1 做_1 理_1 所_1 当_1 然_1 的_1 ，_1 但_1 是_1 也_1 有_1 那_1 么_1 一_1 些_1 人_1 会_1 考_1 虑_1 这_1 是_1 不_1 是_1 经_1 济_1 上_1 最_1 好_1 的_1 选_1 择_1 ，_1 蒙_1 代_1 尔_1 对_1 这_1 个_1 方_1 面_1 的_1 思_1 考_1 也_1 产_1 生_1 了_1 最_1 有_1 货_1 币_1 区_1 的_1 理_1 论_1 ，_1 从_1 看_1 似_1 理_1 所_1 当_1 然_1 的_1 事_1 物_1 中_1 找_1 到_1 值_1 得_1 研_1 究_1 的_1 点_1 ，_1 也_1 是_1 区_1 分_1 大_1 牛_1 和_1 庸_1 人_1 的_1 重_1 要_1 标_1 志_1 。_1 当_1 前_1 世_1 界_1 的_1 经_1 济_1 和_1 金_1 融_1 一_1 体_1 化_1 程_1 度_1 也_1 比_1 之_1 前_1 的_1 任_1 何_1 时_1 候_1 都_1 深_1 ，_1 在_1 这_1 个_1 方_1 面_1 对_1 于_1 同_1 一_1 货_1 币_1 应_1 该_1 怎_1 样_1 理_1 解_1 呢_1 ?_1 一_1 、_1 离_1 统_1 一_1 全_1 球_1 货_1 币_1 最_1 近_1 是_1 [UNK]_1 布_1 雷_1 顿_1 森_1 林_1 体_1 系_1 [UNK]_1 两_1 次_1 世_1 界_1 大_1 战_1 的_1 多_1 年_1 里_1 [SEP]_1 轮_1 船_1 、_1 高_1 速_1 火_1 车_1 、_1 、_1 无_1 线_1 网_1 络_1 而_1 逼_1 近_1 极_1 限_1 。_1 信_1 息_1 科_1 技_1 和_1 交_1 通_1 运_1 输_1 能_1 力_1 的_1 大_1 发_1 展_1 ，_1 则_1 超_1 越_1 了_1 地_1 域_1 上_1 的_1 局_1 限_1 ，_1 让_1 这_1 个_1 世_1 界_1 ，_1 各_1 个_1 民_1 族_1 的_1 联_1 系_1 变_1 得_1 更_1 加_1 紧_1 密_1 。_1 年_1 轻_1 一_1 代_1 变_1 得_1 越_1 来_1 越_1 相_1 同_1 。_1 教_1 育_1 的_1 提_1 高_1 和_1 普_1 及_1 让_1 语_1 言_1 的_1 障_1 碍_1 正_1 在_1 慢_1 慢_1 消_1 失_1 。_1 将_1 来_1 人_1 都_1 一_1 个_1 熊_1 样_1 了_1 ，_1 统_1 一_1 世_1 界_1 货_1 币_1 也_1 许_1 就_1 有_1 门_1 了_1 。_1 [SEP]_1
2019-10-25 22:17:44,234 Token Sample: [CLS]_0 【_0 今_0 日_0 头_0 条_0 】_0 酒_0 驾_0 !_0 !_0 富_0 顺_0 一_0 男_0 子_0 酒_0 驾_0 骑_0 摩_0 托_0 撞_0 上_0 路_0 边_0 货_0 车_0 ，_0 被_0 拘_0 役_0 5_0 个_0 月_0 [PAD]_0 [PAD]_0 [PAD]_0 [PAD]_0 [PAD]_0 [PAD]_0 [PAD]_0 [PAD]_0 [PAD]_0 [PAD]_0 [PAD]_0 [PAD]_0 [SEP]_0 富_1 顺_1 在_1 线_1 ☞_1 微_1 信_1 号_1 :_1 f_1 ##s_1 ##z_1 ##x_1 ##08_1 爆_1 料_1 、_1 求_1 助_1 、_1 发_1 布_1 信_1 息_1 >_1 >_1 微_1 信_1 号_1 ：_1 f_1 ##s_1 ##z_1 ##xx_1 ##b_1 合_1 作_1 ，_1 请_1 致_1 电_1 商_1 务_1 洽_1 谈_1 微_1 信_1 业_1 务_1 富_1 顺_1 在_1 线_1 拜_1 年_1 视_1 频_1 [PAD]_1 [PAD]_1 [PAD]_1 [PAD]_1 [PAD]_1 [PAD]_1 [PAD]_1 [PAD]_1 [PAD]_1 [PAD]_1 [PAD]_1 [PAD]_1 [PAD]_1 [PAD]_1 [PAD]_1 [PAD]_1 [PAD]_1 [PAD]_1 [PAD]_1 [PAD]_1 [PAD]_1 [PAD]_1 [PAD]_1 [PAD]_1 [PAD]_1 [PAD]_1 [PAD]_1 [PAD]_1 [PAD]_1 [PAD]_1 [PAD]_1 [PAD]_1 [PAD]_1 [PAD]_1 [PAD]_1 [PAD]_1 [PAD]_1 [PAD]_1 [PAD]_1 [PAD]_1 [PAD]_1 [PAD]_1 [PAD]_1 [PAD]_1 [PAD]_1 [PAD]_1 [PAD]_1 [PAD]_1 [PAD]_1 [PAD]_1 [PAD]_1 [PAD]_1 [PAD]_1 [PAD]_1 [PAD]_1 [PAD]_1 [PAD]_1 [PAD]_1 [PAD]_1 [PAD]_1 [PAD]_1 [PAD]_1 [PAD]_1 [PAD]_1 [PAD]_1 [PAD]_1 [PAD]_1 [PAD]_1 [PAD]_1 [PAD]_1 [PAD]_1 [PAD]_1 [PAD]_1 [PAD]_1 [PAD]_1 [PAD]_1 [PAD]_1 [PAD]_1 [PAD]_1 [PAD]_1 [PAD]_1 [PAD]_1 [PAD]_1 [PAD]_1 [PAD]_1 [PAD]_1 [PAD]_1 [PAD]_1 [PAD]_1 [PAD]_1 [PAD]_1 [PAD]_1 [PAD]_1 [PAD]_1 [PAD]_1 [PAD]_1 [PAD]_1 [PAD]_1 [PAD]_1 [PAD]_1 [PAD]_1 [PAD]_1 [PAD]_1 [PAD]_1 [PAD]_1 [PAD]_1 [PAD]_1 [PAD]_1 [PAD]_1 [PAD]_1 [PAD]_1 [PAD]_1 [PAD]_1 [PAD]_1 [PAD]_1 [PAD]_1 [PAD]_1 [PAD]_1 [PAD]_1 [PAD]_1 [PAD]_1 [PAD]_1 [PAD]_1 [PAD]_1 [PAD]_1 [PAD]_1 [PAD]_1 [PAD]_1 [PAD]_1 [PAD]_1 [PAD]_1 [PAD]_1 [SEP]_1 [PAD]_1 [PAD]_1 [PAD]_1 [PAD]_1 [PAD]_1 [PAD]_1 [PAD]_1 [PAD]_1 [PAD]_1 [PAD]_1 [PAD]_1 [PAD]_1 [PAD]_1 [PAD]_1 [PAD]_1 [PAD]_1 [PAD]_1 [PAD]_1 [PAD]_1 [PAD]_1 [PAD]_1 [PAD]_1 [PAD]_1 [PAD]_1 [PAD]_1 [PAD]_1 [PAD]_1 [PAD]_1 [PAD]_1 [PAD]_1 [PAD]_1 [PAD]_1 [PAD]_1 [PAD]_1 [PAD]_1 [PAD]_1 [PAD]_1 [PAD]_1 [PAD]_1 [PAD]_1 [PAD]_1 [PAD]_1 [PAD]_1 [PAD]_1 [PAD]_1 [PAD]_1 [PAD]_1 [PAD]_1 [PAD]_1 [PAD]_1 [PAD]_1 [PAD]_1 [PAD]_1 [PAD]_1 [PAD]_1 [PAD]_1 [PAD]_1 [PAD]_1 [PAD]_1 [PAD]_1 [PAD]_1 [PAD]_1 [PAD]_1 [PAD]_1 [PAD]_1 富_1 顺_1 在_1 线_1 ☞_1 微_1 信_1 号_1 :_1 f_1 ##s_1 ##z_1 ##x_1 ##08_1 爆_1 料_1 、_1 求_1 助_1 、_1 发_1 布_1 信_1 息_1 >_1 >_1 微_1 信_1 号_1 ：_1 f_1 ##s_1 ##z_1 ##xx_1 ##b_1 合_1 作_1 ，_1 请_1 致_1 电_1 商_1 务_1 洽_1 谈_1 微_1 信_1 业_1 务_1 富_1 顺_1 在_1 线_1 拜_1 年_1 视_1 频_1 [SEP]_1
2019-10-25 22:17:48,952 seed everything and create model
2019-10-25 22:19:38,575 step 150 train loss: 0.7246
2019-10-25 22:19:38,575 step 150 score: 0.6490
2019-10-25 22:21:22,736 step 300 train loss: 0.5444
2019-10-25 22:21:22,737 step 300 score: 0.7405
2019-10-25 22:23:06,882 step 450 train loss: 0.4573
2019-10-25 22:23:06,882 step 450 score: 0.7730
2019-10-25 22:24:51,029 step 600 train loss: 0.4002
2019-10-25 22:24:51,029 step 600 score: 0.7493
2019-10-25 22:26:35,158 step 750 train loss: 0.4072
2019-10-25 22:26:35,159 step 750 score: 0.7653
2019-10-25 22:28:19,294 step 900 train loss: 0.3527
2019-10-25 22:28:19,294 step 900 score: 0.7558
2019-10-25 22:30:03,432 step 1050 train loss: 0.3439
2019-10-25 22:30:03,432 step 1050 score: 0.7882
2019-10-25 22:31:47,586 step 1200 train loss: 0.3072
2019-10-25 22:31:47,586 step 1200 score: 0.7844
2019-10-25 22:33:31,718 step 1350 train loss: 0.2931
2019-10-25 22:33:31,718 step 1350 score: 0.7840
2019-10-25 22:35:15,853 step 1500 train loss: 0.3107
2019-10-25 22:35:15,853 step 1500 score: 0.7773
2019-10-25 22:35:15,854 best score is 0.7882
