2019-10-28 17:41:27,927 log_in_file: True
2019-10-28 17:41:27,927 lm_path: /home/wangzl/PretrainedLM/BERT/New/roberta_zh_L-24_H-1024_A-16/
2019-10-28 17:41:27,927 lm_type: bert
2019-10-28 17:41:27,927 data_path: ../data/
2019-10-28 17:41:27,927 usegpu: True
2019-10-28 17:41:27,927 total_step: 10000
2019-10-28 17:41:27,927 eval_every: 1000
2019-10-28 17:41:27,927 early_stop: 4
2019-10-28 17:41:27,927 max_length: 510
2019-10-28 17:41:27,927 max_title_rate: 0.08
2019-10-28 17:41:27,927 content_head_rate: 0.6
2019-10-28 17:41:27,927 batch_size: 2
2019-10-28 17:41:27,927 lr_scheduler_type: linear
2019-10-28 17:41:27,927 input_pattern: head+tail+fixed
2019-10-28 17:41:27,927 clean_method: space+notzh
2019-10-28 17:41:27,927 warmup_rate: 0.1
2019-10-28 17:41:27,927 classifier_dropout: 0.1
2019-10-28 17:41:27,927 classifier_active: tanh
2019-10-28 17:41:27,928 cache_final_model: False
2019-10-28 17:41:27,928 seed: 23
2019-10-28 17:41:27,928 lr: 5e-06
2019-10-28 17:41:27,928 lr_decay_in_layers: 1.0
2019-10-28 17:41:27,928 wd_decay_in_layers: 1.0
2019-10-28 17:41:27,928 weight_decay: 0.01
2019-10-28 17:41:27,944 padding token is 0
2019-10-28 17:41:52,339 Token Sample: [CLS]_0 想_0 挣_0 钱_0 的_0 看_0 这_0 里_0 [UNK]_0 蹣_0 [PAD]_0 [PAD]_0 [PAD]_0 [PAD]_0 [PAD]_0 [PAD]_0 [PAD]_0 [PAD]_0 [PAD]_0 [PAD]_0 [PAD]_0 [PAD]_0 [PAD]_0 [PAD]_0 [PAD]_0 [PAD]_0 [PAD]_0 [PAD]_0 [PAD]_0 [PAD]_0 [PAD]_0 [PAD]_0 [PAD]_0 [PAD]_0 [PAD]_0 [PAD]_0 [PAD]_0 [PAD]_0 [PAD]_0 [PAD]_0 [PAD]_0 [PAD]_0 [SEP]_0 想_1 挣_1 钱_1 的_1 看_1 这_1 里_1 [UNK]_1 蹣_1 [PAD]_1 [PAD]_1 [PAD]_1 [PAD]_1 [PAD]_1 [PAD]_1 [PAD]_1 [PAD]_1 [PAD]_1 [PAD]_1 [PAD]_1 [PAD]_1 [PAD]_1 [PAD]_1 [PAD]_1 [PAD]_1 [PAD]_1 [PAD]_1 [PAD]_1 [PAD]_1 [PAD]_1 [PAD]_1 [PAD]_1 [PAD]_1 [PAD]_1 [PAD]_1 [PAD]_1 [PAD]_1 [PAD]_1 [PAD]_1 [PAD]_1 [PAD]_1 [PAD]_1 [PAD]_1 [PAD]_1 [PAD]_1 [PAD]_1 [PAD]_1 [PAD]_1 [PAD]_1 [PAD]_1 [PAD]_1 [PAD]_1 [PAD]_1 [PAD]_1 [PAD]_1 [PAD]_1 [PAD]_1 [PAD]_1 [PAD]_1 [PAD]_1 [PAD]_1 [PAD]_1 [PAD]_1 [PAD]_1 [PAD]_1 [PAD]_1 [PAD]_1 [PAD]_1 [PAD]_1 [PAD]_1 [PAD]_1 [PAD]_1 [PAD]_1 [PAD]_1 [PAD]_1 [PAD]_1 [PAD]_1 [PAD]_1 [PAD]_1 [PAD]_1 [PAD]_1 [PAD]_1 [PAD]_1 [PAD]_1 [PAD]_1 [PAD]_1 [PAD]_1 [PAD]_1 [PAD]_1 [PAD]_1 [PAD]_1 [PAD]_1 [PAD]_1 [PAD]_1 [PAD]_1 [PAD]_1 [PAD]_1 [PAD]_1 [PAD]_1 [PAD]_1 [PAD]_1 [PAD]_1 [PAD]_1 [PAD]_1 [PAD]_1 [PAD]_1 [PAD]_1 [PAD]_1 [PAD]_1 [PAD]_1 [PAD]_1 [PAD]_1 [PAD]_1 [PAD]_1 [PAD]_1 [PAD]_1 [PAD]_1 [PAD]_1 [PAD]_1 [PAD]_1 [PAD]_1 [PAD]_1 [PAD]_1 [PAD]_1 [PAD]_1 [PAD]_1 [PAD]_1 [PAD]_1 [PAD]_1 [PAD]_1 [PAD]_1 [PAD]_1 [PAD]_1 [PAD]_1 [PAD]_1 [PAD]_1 [PAD]_1 [PAD]_1 [PAD]_1 [PAD]_1 [PAD]_1 [PAD]_1 [PAD]_1 [PAD]_1 [PAD]_1 [PAD]_1 [PAD]_1 [PAD]_1 [PAD]_1 [PAD]_1 [PAD]_1 [PAD]_1 [PAD]_1 [PAD]_1 [PAD]_1 [PAD]_1 [PAD]_1 [PAD]_1 [PAD]_1 [PAD]_1 [PAD]_1 [PAD]_1 [PAD]_1 [PAD]_1 [PAD]_1 [PAD]_1 [PAD]_1 [PAD]_1 [PAD]_1 [PAD]_1 [PAD]_1 [PAD]_1 [PAD]_1 [PAD]_1 [PAD]_1 [PAD]_1 [PAD]_1 [PAD]_1 [PAD]_1 [PAD]_1 [PAD]_1 [PAD]_1 [PAD]_1 [PAD]_1 [PAD]_1 [PAD]_1 [PAD]_1 [PAD]_1 [PAD]_1 [PAD]_1 [PAD]_1 [PAD]_1 [PAD]_1 [PAD]_1 [PAD]_1 [PAD]_1 [PAD]_1 [PAD]_1 [PAD]_1 [PAD]_1 [PAD]_1 [PAD]_1 [PAD]_1 [PAD]_1 [PAD]_1 [PAD]_1 [PAD]_1 [PAD]_1 [PAD]_1 [PAD]_1 [PAD]_1 [PAD]_1 [PAD]_1 [PAD]_1 [PAD]_1 [PAD]_1 [PAD]_1 [PAD]_1 [PAD]_1 [PAD]_1 [PAD]_1 [PAD]_1 [PAD]_1 [PAD]_1 [PAD]_1 [PAD]_1 [PAD]_1 [PAD]_1 [PAD]_1 [PAD]_1 [PAD]_1 [PAD]_1 [PAD]_1 [PAD]_1 [PAD]_1 [PAD]_1 [PAD]_1 [PAD]_1 [PAD]_1 [PAD]_1 [PAD]_1 [PAD]_1 [PAD]_1 [PAD]_1 [PAD]_1 [PAD]_1 [PAD]_1 [PAD]_1 [PAD]_1 [PAD]_1 [PAD]_1 [PAD]_1 [PAD]_1 [PAD]_1 [PAD]_1 [PAD]_1 [PAD]_1 [PAD]_1 [PAD]_1 [PAD]_1 [PAD]_1 [PAD]_1 [PAD]_1 [PAD]_1 [PAD]_1 [PAD]_1 [PAD]_1 [PAD]_1 [PAD]_1 [PAD]_1 [PAD]_1 [PAD]_1 [PAD]_1 [PAD]_1 [PAD]_1 [PAD]_1 [PAD]_1 [PAD]_1 [PAD]_1 [PAD]_1 [PAD]_1 [SEP]_1 [PAD]_1 [PAD]_1 [PAD]_1 [PAD]_1 [PAD]_1 [PAD]_1 [PAD]_1 [PAD]_1 [PAD]_1 [PAD]_1 [PAD]_1 [PAD]_1 [PAD]_1 [PAD]_1 [PAD]_1 [PAD]_1 [PAD]_1 [PAD]_1 [PAD]_1 [PAD]_1 [PAD]_1 [PAD]_1 [PAD]_1 [PAD]_1 [PAD]_1 [PAD]_1 [PAD]_1 [PAD]_1 [PAD]_1 [PAD]_1 [PAD]_1 [PAD]_1 [PAD]_1 [PAD]_1 [PAD]_1 [PAD]_1 [PAD]_1 [PAD]_1 [PAD]_1 [PAD]_1 [PAD]_1 [PAD]_1 [PAD]_1 [PAD]_1 [PAD]_1 [PAD]_1 [PAD]_1 [PAD]_1 [PAD]_1 [PAD]_1 [PAD]_1 [PAD]_1 [PAD]_1 [PAD]_1 [PAD]_1 [PAD]_1 [PAD]_1 [PAD]_1 [PAD]_1 [PAD]_1 [PAD]_1 [PAD]_1 [PAD]_1 [PAD]_1 [PAD]_1 [PAD]_1 [PAD]_1 [PAD]_1 [PAD]_1 [PAD]_1 [PAD]_1 [PAD]_1 [PAD]_1 [PAD]_1 [PAD]_1 [PAD]_1 [PAD]_1 [PAD]_1 [PAD]_1 [PAD]_1 [PAD]_1 [PAD]_1 [PAD]_1 [PAD]_1 [PAD]_1 [PAD]_1 [PAD]_1 [PAD]_1 [PAD]_1 [PAD]_1 [PAD]_1 [PAD]_1 [PAD]_1 [PAD]_1 [PAD]_1 [PAD]_1 [PAD]_1 [PAD]_1 [PAD]_1 [PAD]_1 [PAD]_1 [PAD]_1 [PAD]_1 [PAD]_1 [PAD]_1 [PAD]_1 [PAD]_1 [PAD]_1 [PAD]_1 [PAD]_1 [PAD]_1 [PAD]_1 [PAD]_1 [PAD]_1 [PAD]_1 [PAD]_1 [PAD]_1 [PAD]_1 [PAD]_1 [PAD]_1 [PAD]_1 [PAD]_1 [PAD]_1 [PAD]_1 [PAD]_1 [PAD]_1 [PAD]_1 [PAD]_1 [PAD]_1 [PAD]_1 [PAD]_1 [PAD]_1 [PAD]_1 [PAD]_1 [PAD]_1 [PAD]_1 [PAD]_1 [PAD]_1 [PAD]_1 [PAD]_1 [PAD]_1 [PAD]_1 [PAD]_1 [PAD]_1 [PAD]_1 [PAD]_1 [PAD]_1 [PAD]_1 [PAD]_1 [PAD]_1 [PAD]_1 [PAD]_1 [PAD]_1 [PAD]_1 [PAD]_1 [PAD]_1 [PAD]_1 [PAD]_1 [PAD]_1 [PAD]_1 [PAD]_1 [PAD]_1 [PAD]_1 [PAD]_1 [PAD]_1 [PAD]_1 [PAD]_1 [PAD]_1 [PAD]_1 [PAD]_1 [PAD]_1 [PAD]_1 [PAD]_1 [PAD]_1 [PAD]_1 想_1 挣_1 钱_1 的_1 看_1 这_1 里_1 [UNK]_1 蹣_1 [SEP]_1
2019-10-28 17:42:07,508 Token Sample: [CLS]_0 审_0 计_0 发_0 现_0 :_0 近_0 百_0 亿_0 元_0 保_0 障_0 性_0 安_0 居_0 工_0 程_0 资_0 金_0 被_0 挪_0 用_0 -_0 靖_0 江_0 新_0 闻_0 网_0 -_0 靖_0 江_0 ._0 ._0 ._0 [PAD]_0 [PAD]_0 [PAD]_0 [PAD]_0 [PAD]_0 [PAD]_0 [PAD]_0 [PAD]_0 [SEP]_0 新_1 华_1 网_1 北_1 京_1 8_1 月_1 17_1 日_1 电_1 (_1 记_1 者_1 高_1 敬_1 、_1 董_1 峻_1 )_1 审_1 计_1 署_1 17_1 日_1 公_1 布_1 了_1 2014_1 年_1 城_1 镇_1 保_1 障_1 性_1 安_1 居_1 工_1 程_1 跟_1 踪_1 审_1 计_1 结_1 果_1 。_1 公_1 告_1 显_1 示_1 ，_1 住_1 房_1 保_1 障_1 政_1 策_1 体_1 系_1 逐_1 步_1 健_1 全_1 ，_1 工_1 作_1 机_1 制_1 不_1 断_1 完_1 善_1 ，_1 安_1 居_1 工_1 程_1 建_1 设_1 总_1 体_1 情_1 况_1 较_1 好_1 。_1 但_1 审_1 计_1 也_1 发_1 现_1 ，_1 一_1 些_1 项_1 目_1 和_1 单_1 位_1 还_1 存_1 在_1 违_1 反_1 规_1 定_1 或_1 管_1 理_1 不_1 规_1 范_1 等_1 问_1 题_1 ，_1 被_1 套_1 取_1 或_1 挪_1 用_1 的_1 资_1 金_1 超_1 过_1 98_1 亿_1 元_1 。_1 有_1 16_1 个_1 项_1 目_1 单_1 位_1 通_1 过_1 编_1 造_1 项_1 目_1 资_1 料_1 等_1 方_1 式_1 ，_1 套_1 取_1 财_1 政_1 补_1 助_1 、_1 项_1 目_1 贷_1 款_1 等_1 专_1 项_1 资_1 金_1 4_1 ._1 85_1 亿_1 元_1 ，_1 用_1 于_1 自_1 身_1 经_1 营_1 、_1 修_1 建_1 职_1 工_1 宿_1 舍_1 和_1 办_1 公_1 楼_1 等_1 支_1 出_1 。_1 公_1 告_1 称_1 ，_1 由_1 于_1 资_1 金_1 筹_1 集_1 不_1 到_1 位_1 、_1 未_1 按_1 工_1 程_1 进_1 度_1 或_1 合_1 同_1 约_1 定_1 进_1 行_1 结_1 算_1 等_1 原_1 因_1 ，_1 139_1 个_1 单_1 位_1 未_1 及_1 时_1 拨_1 (_1 支_1 )_1 付_1 建_1 房_1 款_1 、_1 工_1 程_1 款_1 等_1 ，_1 形_1 成_1 拖_1 欠_1 131_1 ._1 95_1 亿_1 元_1 。_1 255_1 个_1 市_1 县_1 收_1 到_1 的_1 上_1 级_1 财_1 政_1 补_1 助_1 资_1 金_1 中_1 ，_1 有_1 83_1 ._1 94_1 亿_1 元_1 至_1 [SEP]_1 327_1 ##3_1 ._1 41_1 万_1 元_1 。_1 在_1 保_1 障_1 房_1 分_1 配_1 方_1 面_1 ，_1 2_1 ._1 06_1 万_1 户_1 不_1 符_1 合_1 保_1 障_1 条_1 件_1 的_1 家_1 庭_1 违_1 规_1 享_1 受_1 保_1 障_1 性_1 住_1 房_1 配_1 租_1 (_1 售_1 )_1 1_1 ._1 02_1 万_1 套_1 、_1 住_1 房_1 租_1 赁_1 补_1 贴_1 等_1 219_1 ##1_1 万_1 元_1 。_1 还_1 有_1 58_1 ##95_1 套_1 保_1 障_1 性_1 住_1 房_1 被_1 违_1 规_1 用_1 于_1 转_1 借_1 出_1 租_1 、_1 办_1 公_1 经_1 营_1 或_1 对_1 外_1 销_1 售_1 。_1 审_1 计_1 署_1 有_1 关_1 部_1 门_1 负_1 责_1 人_1 表_1 示_1 ，_1 对_1 上_1 述_1 问_1 题_1 ，_1 各_1 级_1 审_1 计_1 机_1 关_1 已_1 依_1 法_1 出_1 具_1 审_1 计_1 报_1 告_1 、_1 下_1 达_1 审_1 计_1 决_1 定_1 。_1 审_1 计_1 发_1 现_1 的_1 相_1 关_1 涉_1 嫌_1 违_1 法_1 违_1 纪_1 问_1 题_1 线_1 索_1 ，_1 已_1 依_1 法_1 移_1 送_1 有_1 关_1 部_1 门_1 进_1 一_1 步_1 调_1 查_1 处_1 理_1 。_1 各_1 有_1 关_1 地_1 方_1 正_1 在_1 组_1 织_1 进_1 行_1 整_1 改_1 。_1 [SEP]_1
2019-10-28 17:42:40,340 Token Sample: [CLS]_0 孩_0 子_0 不_0 太_0 听_0 话_0 ，_0 ，_0 孩_0 子_0 出_0 去_0 玩_0 比_0 较_0 爱_0 跟_0 别_0 的_0 小_0 朋_0 友_0 抢_0 ，_0 说_0 他_0 也_0 不_0 管_0 用_0 [PAD]_0 [PAD]_0 [PAD]_0 [PAD]_0 [PAD]_0 [PAD]_0 [PAD]_0 [PAD]_0 [PAD]_0 [PAD]_0 [PAD]_0 [SEP]_0 孩_1 子_1 不_1 太_1 听_1 话_1 ，_1 ，_1 孩_1 子_1 出_1 去_1 玩_1 比_1 较_1 爱_1 跟_1 别_1 的_1 小_1 朋_1 友_1 抢_1 ，_1 说_1 他_1 也_1 不_1 管_1 用_1 ，_1 脾_1 气_1 比_1 较_1 [UNK]_1 ，_1 怎_1 么_1 办_1 才_1 好_1 ，_1 有_1 的_1 人_1 说_1 厉_1 害_1 点_1 不_1 受_1 气_1 也_1 挺_1 好_1 ，_1 可_1 是_1 我_1 觉_1 得_1 不_1 能_1 太_1 突_1 出_1 了_1 去_1 抢_1 不_1 太_1 对_1 。_1 [PAD]_1 [PAD]_1 [PAD]_1 [PAD]_1 [PAD]_1 [PAD]_1 [PAD]_1 [PAD]_1 [PAD]_1 [PAD]_1 [PAD]_1 [PAD]_1 [PAD]_1 [PAD]_1 [PAD]_1 [PAD]_1 [PAD]_1 [PAD]_1 [PAD]_1 [PAD]_1 [PAD]_1 [PAD]_1 [PAD]_1 [PAD]_1 [PAD]_1 [PAD]_1 [PAD]_1 [PAD]_1 [PAD]_1 [PAD]_1 [PAD]_1 [PAD]_1 [PAD]_1 [PAD]_1 [PAD]_1 [PAD]_1 [PAD]_1 [PAD]_1 [PAD]_1 [PAD]_1 [PAD]_1 [PAD]_1 [PAD]_1 [PAD]_1 [PAD]_1 [PAD]_1 [PAD]_1 [PAD]_1 [PAD]_1 [PAD]_1 [PAD]_1 [PAD]_1 [PAD]_1 [PAD]_1 [PAD]_1 [PAD]_1 [PAD]_1 [PAD]_1 [PAD]_1 [PAD]_1 [PAD]_1 [PAD]_1 [PAD]_1 [PAD]_1 [PAD]_1 [PAD]_1 [PAD]_1 [PAD]_1 [PAD]_1 [PAD]_1 [PAD]_1 [PAD]_1 [PAD]_1 [PAD]_1 [PAD]_1 [PAD]_1 [PAD]_1 [PAD]_1 [PAD]_1 [PAD]_1 [PAD]_1 [PAD]_1 [PAD]_1 [PAD]_1 [PAD]_1 [PAD]_1 [PAD]_1 [PAD]_1 [PAD]_1 [PAD]_1 [PAD]_1 [PAD]_1 [PAD]_1 [PAD]_1 [PAD]_1 [PAD]_1 [PAD]_1 [PAD]_1 [PAD]_1 [PAD]_1 [PAD]_1 [PAD]_1 [PAD]_1 [PAD]_1 [PAD]_1 [PAD]_1 [PAD]_1 [PAD]_1 [PAD]_1 [PAD]_1 [PAD]_1 [PAD]_1 [PAD]_1 [PAD]_1 [PAD]_1 [PAD]_1 [PAD]_1 [PAD]_1 [PAD]_1 [PAD]_1 [PAD]_1 [PAD]_1 [PAD]_1 [PAD]_1 [PAD]_1 [PAD]_1 [PAD]_1 [PAD]_1 [PAD]_1 [PAD]_1 [PAD]_1 [PAD]_1 [PAD]_1 [PAD]_1 [PAD]_1 [PAD]_1 [PAD]_1 [PAD]_1 [PAD]_1 [PAD]_1 [PAD]_1 [PAD]_1 [PAD]_1 [PAD]_1 [PAD]_1 [PAD]_1 [PAD]_1 [PAD]_1 [PAD]_1 [PAD]_1 [PAD]_1 [PAD]_1 [PAD]_1 [PAD]_1 [PAD]_1 [PAD]_1 [PAD]_1 [PAD]_1 [PAD]_1 [PAD]_1 [PAD]_1 [PAD]_1 [PAD]_1 [PAD]_1 [PAD]_1 [PAD]_1 [PAD]_1 [PAD]_1 [PAD]_1 [PAD]_1 [PAD]_1 [PAD]_1 [PAD]_1 [PAD]_1 [PAD]_1 [PAD]_1 [PAD]_1 [PAD]_1 [PAD]_1 [PAD]_1 [PAD]_1 [PAD]_1 [PAD]_1 [PAD]_1 [PAD]_1 [PAD]_1 [PAD]_1 [PAD]_1 [PAD]_1 [PAD]_1 [PAD]_1 [PAD]_1 [PAD]_1 [PAD]_1 [PAD]_1 [PAD]_1 [PAD]_1 [PAD]_1 [PAD]_1 [PAD]_1 [PAD]_1 [PAD]_1 [PAD]_1 [PAD]_1 [PAD]_1 [PAD]_1 [PAD]_1 [SEP]_1 [PAD]_1 [PAD]_1 [PAD]_1 [PAD]_1 [PAD]_1 [PAD]_1 [PAD]_1 [PAD]_1 [PAD]_1 [PAD]_1 [PAD]_1 [PAD]_1 [PAD]_1 [PAD]_1 [PAD]_1 [PAD]_1 [PAD]_1 [PAD]_1 [PAD]_1 [PAD]_1 [PAD]_1 [PAD]_1 [PAD]_1 [PAD]_1 [PAD]_1 [PAD]_1 [PAD]_1 [PAD]_1 [PAD]_1 [PAD]_1 [PAD]_1 [PAD]_1 [PAD]_1 [PAD]_1 [PAD]_1 [PAD]_1 [PAD]_1 [PAD]_1 [PAD]_1 [PAD]_1 [PAD]_1 [PAD]_1 [PAD]_1 [PAD]_1 [PAD]_1 [PAD]_1 [PAD]_1 [PAD]_1 [PAD]_1 [PAD]_1 [PAD]_1 [PAD]_1 [PAD]_1 [PAD]_1 [PAD]_1 [PAD]_1 [PAD]_1 [PAD]_1 [PAD]_1 [PAD]_1 [PAD]_1 [PAD]_1 [PAD]_1 [PAD]_1 [PAD]_1 [PAD]_1 [PAD]_1 [PAD]_1 [PAD]_1 [PAD]_1 [PAD]_1 [PAD]_1 [PAD]_1 [PAD]_1 [PAD]_1 [PAD]_1 [PAD]_1 [PAD]_1 [PAD]_1 [PAD]_1 [PAD]_1 [PAD]_1 [PAD]_1 [PAD]_1 [PAD]_1 [PAD]_1 [PAD]_1 [PAD]_1 [PAD]_1 [PAD]_1 [PAD]_1 [PAD]_1 [PAD]_1 [PAD]_1 [PAD]_1 [PAD]_1 [PAD]_1 [PAD]_1 [PAD]_1 [PAD]_1 [PAD]_1 [PAD]_1 [PAD]_1 [PAD]_1 [PAD]_1 [PAD]_1 [PAD]_1 [PAD]_1 [PAD]_1 [PAD]_1 孩_1 子_1 不_1 太_1 听_1 话_1 ，_1 ，_1 孩_1 子_1 出_1 去_1 玩_1 比_1 较_1 爱_1 跟_1 别_1 的_1 小_1 朋_1 友_1 抢_1 ，_1 说_1 他_1 也_1 不_1 管_1 用_1 ，_1 脾_1 气_1 比_1 较_1 [UNK]_1 ，_1 怎_1 么_1 办_1 才_1 好_1 ，_1 有_1 的_1 人_1 说_1 厉_1 害_1 点_1 不_1 受_1 气_1 也_1 挺_1 好_1 ，_1 可_1 是_1 我_1 觉_1 得_1 不_1 能_1 太_1 突_1 出_1 了_1 去_1 抢_1 不_1 太_1 对_1 。_1 [SEP]_1
2019-10-28 17:43:02,625 seed everything and create model
2019-10-28 17:52:09,588 step 1000 train loss: 0.5877
2019-10-28 17:52:09,589 step 1000 score: 0.6548
2019-10-28 18:01:05,222 step 2000 train loss: 0.4132
2019-10-28 18:01:05,222 step 2000 score: 0.7545
2019-10-28 18:10:00,821 step 3000 train loss: 0.4027
2019-10-28 18:10:00,821 step 3000 score: 0.7750
2019-10-28 18:18:56,578 step 4000 train loss: 0.2780
2019-10-28 18:18:56,579 step 4000 score: 0.7776
2019-10-28 18:27:52,230 step 5000 train loss: 0.2451
2019-10-28 18:27:52,230 step 5000 score: 0.7913
2019-10-28 18:36:47,895 step 6000 train loss: 0.2310
2019-10-28 18:36:47,895 step 6000 score: 0.7857
2019-10-28 18:45:43,521 step 7000 train loss: 0.1263
2019-10-28 18:45:43,521 step 7000 score: 0.7849
2019-10-28 18:54:39,210 step 8000 train loss: 0.1244
2019-10-28 18:54:39,210 step 8000 score: 0.7835
2019-10-28 19:03:34,889 step 9000 train loss: 0.1168
2019-10-28 19:03:34,889 step 9000 score: 0.7772
2019-10-28 19:12:30,560 step 10000 train loss: 0.0715
2019-10-28 19:12:30,560 step 10000 score: 0.7773
2019-10-28 19:12:30,561 best score is 0.7913
