2019-10-25 16:20:58,956 log_in_file: True
2019-10-25 16:20:58,956 lm_path: /home/wangzl/PretrainedLM/BERT/New/chinese_wwm_ext_pytorch
2019-10-25 16:20:58,956 lm_type: bert
2019-10-25 16:20:58,956 data_path: ../data/
2019-10-25 16:20:58,956 usegpu: True
2019-10-25 16:20:58,956 total_step: 1500
2019-10-25 16:20:58,956 eval_every: 150
2019-10-25 16:20:58,956 early_stop: 4
2019-10-25 16:20:58,956 max_length: 360
2019-10-25 16:20:58,956 max_title_rate: 0.125
2019-10-25 16:20:58,956 content_head_rate: 0.6
2019-10-25 16:20:58,956 batch_size: 16
2019-10-25 16:20:58,957 lr_scheduler_type: linear
2019-10-25 16:20:58,957 input_pattern: head+tail+fixed
2019-10-25 16:20:58,957 clean_method: space+notzh
2019-10-25 16:20:58,957 warmup_rate: 0.1
2019-10-25 16:20:58,957 classifier_dropout: 0.3
2019-10-25 16:20:58,957 classifier_active: tanh
2019-10-25 16:20:58,957 cache_final_model: False
2019-10-25 16:20:58,957 seed: 23
2019-10-25 16:20:58,957 lr: 2e-05
2019-10-25 16:20:58,957 lr_decay_in_layers: 0.95
2019-10-25 16:20:58,957 wd_decay_in_layers: 1.0
2019-10-25 16:20:58,957 weight_decay: 0.01
2019-10-25 16:20:58,973 padding token is 0
2019-10-25 16:21:26,870 Token Sample: [CLS]_0 水_0 上_0 交_0 通_0 安_0 全_0 进_0 校_0 园_0 |_0 跟_0 随_0 合_0 肥_0 海_0 事_0 蜀_0 黍_0 get_0 这_0 些_0 安_0 全_0 新_0 技_0 能_0 →_0 [PAD]_0 [PAD]_0 [PAD]_0 [PAD]_0 [PAD]_0 [PAD]_0 [PAD]_0 [PAD]_0 [PAD]_0 [PAD]_0 [PAD]_0 [PAD]_0 [PAD]_0 [PAD]_0 [PAD]_0 [PAD]_0 [PAD]_0 [PAD]_0 [SEP]_0 点_1 击_1 上_1 方_1 "_1 合_1 肥_1 海_1 事_1 "_1 关_1 注_1 我_1 们_1 夏_1 天_1 到_1 水_1 上_1 活_1 动_1 少_1 不_1 了_1 安_1 全_1 知_1 识_1 须_1 记_1 牢_1 海_1 事_1 蜀_1 黍_1 到_1 学_1 校_1 水_1 上_1 安_1 全_1 知_1 识_1 把_1 丫_1 们_1 教_1 近_1 日_1 ，_1 结_1 合_1 防_1 灾_1 减_1 灾_1 宣_1 传_1 周_1 活_1 动_1 、_1 合_1 肥_1 市_1 地_1 方_1 海_1 事_1 局_1 先_1 后_1 在_1 合_1 肥_1 市_1 实_1 验_1 学_1 校_1 、_1 合_1 肥_1 市_1 六_1 安_1 路_1 小_1 学_1 举_1 办_1 了_1 两_1 场_1 水_1 上_1 交_1 通_1 安_1 全_1 知_1 识_1 进_1 校_1 园_1 活_1 动_1 。_1 教_1 会_1 一_1 个_1 孩_1 子_1 ，_1 影_1 响_1 一_1 个_1 家_1 庭_1 ，_1 带_1 动_1 整_1 个_1 社_1 会_1 ！_1 活_1 动_1 旨_1 在_1 提_1 高_1 小_1 学_1 生_1 水_1 上_1 交_1 通_1 安_1 全_1 、_1 水_1 上_1 求_1 生_1 救_1 助_1 、_1 防_1 溺_1 水_1 等_1 方_1 面_1 的_1 安_1 全_1 知_1 识_1 和_1 技_1 能_1 ，_1 共_1 同_1 维_1 护_1 孩_1 子_1 们_1 水_1 上_1 平_1 安_1 出_1 行_1 。_1 水_1 上_1 交_1 通_1 安_1 全_1 知_1 [SEP]_1 近_1 ，_1 全_1 市_1 多_1 所_1 中_1 小_1 学_1 邀_1 请_1 海_1 事_1 蜀_1 黍_1 到_1 校_1 开_1 展_1 水_1 上_1 交_1 通_1 安_1 全_1 知_1 识_1 进_1 校_1 园_1 活_1 动_1 ，_1 合_1 肥_1 市_1 地_1 方_1 海_1 事_1 局_1 将_1 结_1 合_1 水_1 上_1 客_1 渡_1 运_1 安_1 全_1 监_1 管_1 经_1 验_1 ，_1 积_1 极_1 策_1 划_1 ，_1 进_1 一_1 步_1 丰_1 富_1 活_1 动_1 内_1 容_1 ，_1 多_1 形_1 式_1 有_1 序_1 开_1 展_1 水_1 上_1 交_1 通_1 安_1 全_1 知_1 识_1 宣_1 传_1 普_1 及_1 活_1 动_1 。_1 丫_1 们_1 呦_1 出_1 行_1 安_1 全_1 心_1 记_1 牢_1 天_1 天_1 快_1 乐_1 开_1 口_1 笑_1 海_1 事_1 蜀_1 黍_1 为_1 你_1 们_1 竖_1 起_1 大_1 拇_1 哥_1 [SEP]_1
2019-10-25 16:22:11,960 Token Sample: [CLS]_0 济_0 宁_0 中_0 院_0 通_0 报_0 拒_0 执_0 罪_0 和_0 执_0 行_0 不_0 能_0 案_0 例_0 [PAD]_0 [PAD]_0 [PAD]_0 [PAD]_0 [PAD]_0 [PAD]_0 [PAD]_0 [PAD]_0 [PAD]_0 [PAD]_0 [PAD]_0 [PAD]_0 [PAD]_0 [PAD]_0 [PAD]_0 [PAD]_0 [PAD]_0 [PAD]_0 [PAD]_0 [PAD]_0 [PAD]_0 [PAD]_0 [PAD]_0 [PAD]_0 [PAD]_0 [PAD]_0 [PAD]_0 [PAD]_0 [PAD]_0 [SEP]_0 12_1 月_1 10_1 日_1 上_1 午_1 ，_1 济_1 宁_1 市_1 中_1 级_1 人_1 民_1 法_1 院_1 召_1 开_1 新_1 闻_1 发_1 布_1 会_1 ，_1 通_1 报_1 了_1 5_1 起_1 拒_1 执_1 罪_1 典_1 型_1 案_1 例_1 和_1 5_1 起_1 执_1 行_1 不_1 能_1 典_1 型_1 案_1 例_1 。_1 申_1 请_1 执_1 行_1 人_1 谢_1 某_1 与_1 被_1 执_1 行_1 人_1 王_1 某_1 离_1 婚_1 纠_1 纷_1 一_1 案_1 ，_1 判_1 决_1 房_1 产_1 及_1 其_1 他_1 财_1 产_1 归_1 王_1 某_1 所_1 有_1 并_1 支_1 付_1 谢_1 某_1 14_1 万_1 元_1 。_1 判_1 决_1 生_1 效_1 后_1 ，_1 谢_1 某_1 依_1 法_1 向_1 任_1 城_1 区_1 人_1 民_1 法_1 院_1 申_1 请_1 强_1 制_1 执_1 行_1 。_1 被_1 执_1 行_1 人_1 王_1 某_1 在_1 该_1 判_1 决_1 生_1 效_1 后_1 ，_1 将_1 该_1 房_1 产_1 出_1 售_1 ，_1 而_1 未_1 向_1 谢_1 某_1 支_1 付_1 14_1 万_1 元_1 ，_1 有_1 能_1 力_1 而_1 拒_1 不_1 履_1 行_1 判_1 决_1 义_1 务_1 。_1 济_1 宁_1 市_1 任_1 城_1 区_1 人_1 民_1 法_1 院_1 于_1 2018_1 年_1 4_1 月_1 2_1 日_1 判_1 决_1 被_1 告_1 人_1 王_1 某_1 犯_1 拒_1 不_1 [SEP]_1 将_1 被_1 执_1 行_1 人_1 阚_1 某_1 某_1 纳_1 入_1 失_1 信_1 被_1 执_1 行_1 人_1 名_1 单_1 ，_1 因_1 被_1 执_1 行_1 人_1 拒_1 不_1 报_1 告_1 财_1 产_1 ，_1 于_1 2018_1 年_1 3_1 月_1 15_1 日_1 作_1 出_1 罚_1 款_1 决_1 定_1 书_1 ，_1 对_1 被_1 执_1 行_1 人_1 罚_1 款_1 1_1 万_1 元_1 ，_1 并_1 发_1 布_1 限_1 高_1 令_1 限_1 制_1 其_1 高_1 消_1 费_1 ，_1 并_1 通_1 过_1 公_1 安_1 机_1 关_1 对_1 阚_1 某_1 某_1 采_1 取_1 临_1 控_1 措_1 施_1 。_1 2018_1 年_1 5_1 月_1 15_1 日_1 约_1 谈_1 申_1 请_1 执_1 行_1 人_1 ，_1 告_1 知_1 相_1 关_1 执_1 行_1 情_1 况_1 ，_1 依_1 法_1 终_1 结_1 本_1 次_1 执_1 行_1 程_1 序_1 。_1 [SEP]_1
2019-10-25 16:22:32,829 seed everything and create model
2019-10-25 16:24:22,315 step 150 train loss: 0.6604
2019-10-25 16:24:22,315 step 150 score: 0.6654
2019-10-25 16:26:06,471 step 300 train loss: 0.4638
2019-10-25 16:26:06,472 step 300 score: 0.7726
2019-10-25 16:27:50,605 step 450 train loss: 0.4154
2019-10-25 16:27:50,605 step 450 score: 0.7949
2019-10-25 16:29:34,762 step 600 train loss: 0.3644
2019-10-25 16:29:34,762 step 600 score: 0.7704
2019-10-25 16:31:18,925 step 750 train loss: 0.3644
2019-10-25 16:31:18,925 step 750 score: 0.7767
2019-10-25 16:33:03,081 step 900 train loss: 0.3068
2019-10-25 16:33:03,081 step 900 score: 0.7847
2019-10-25 16:34:47,239 step 1050 train loss: 0.2990
2019-10-25 16:34:47,239 step 1050 score: 0.8024
2019-10-25 16:36:31,380 step 1200 train loss: 0.2555
2019-10-25 16:36:31,380 step 1200 score: 0.8032
2019-10-25 16:38:15,519 step 1350 train loss: 0.2565
2019-10-25 16:38:15,519 step 1350 score: 0.7946
2019-10-25 16:39:59,671 step 1500 train loss: 0.2744
2019-10-25 16:39:59,672 step 1500 score: 0.7906
2019-10-25 16:39:59,672 best score is 0.8032
