2019-10-28 10:01:26,882 log_in_file: True
2019-10-28 10:01:26,882 lm_path: /home/wangzl/PretrainedLM/BERT/New/roberta_zh_L-24_H-1024_A-16/
2019-10-28 10:01:26,882 lm_type: bert
2019-10-28 10:01:26,882 data_path: ../data/
2019-10-28 10:01:26,882 usegpu: True
2019-10-28 10:01:26,882 total_step: 12000
2019-10-28 10:01:26,882 eval_every: 1000
2019-10-28 10:01:26,882 early_stop: 4
2019-10-28 10:01:26,883 max_length: 510
2019-10-28 10:01:26,883 max_title_rate: 0.125
2019-10-28 10:01:26,883 content_head_rate: 0.6
2019-10-28 10:01:26,883 batch_size: 2
2019-10-28 10:01:26,883 lr_scheduler_type: linear
2019-10-28 10:01:26,883 input_pattern: head+tail+fixed
2019-10-28 10:01:26,883 clean_method: space+notzh
2019-10-28 10:01:26,883 warmup_rate: 0.1
2019-10-28 10:01:26,883 classifier_dropout: 0.3
2019-10-28 10:01:26,883 classifier_active: tanh
2019-10-28 10:01:26,883 cache_final_model: False
2019-10-28 10:01:26,883 seed: 23
2019-10-28 10:01:26,883 lr: 2e-05
2019-10-28 10:01:26,883 lr_decay_in_layers: 0.95
2019-10-28 10:01:26,883 wd_decay_in_layers: 1.0
2019-10-28 10:01:26,883 weight_decay: 0.01
2019-10-28 10:01:26,899 padding token is 0
2019-10-28 10:01:50,309 Token Sample: [CLS]_0 纸_0 短_0 情_0 长_0 |_0 你_0 愿_0 意_0 和_0 我_0 一_0 起_0 走_0 地_0 下_0 通_0 道_0 吗_0 ?_0 [PAD]_0 [PAD]_0 [PAD]_0 [PAD]_0 [PAD]_0 [PAD]_0 [PAD]_0 [PAD]_0 [PAD]_0 [PAD]_0 [PAD]_0 [PAD]_0 [PAD]_0 [PAD]_0 [PAD]_0 [PAD]_0 [PAD]_0 [PAD]_0 [PAD]_0 [PAD]_0 [PAD]_0 [PAD]_0 [PAD]_0 [PAD]_0 [PAD]_0 [PAD]_0 [PAD]_0 [PAD]_0 [PAD]_0 [PAD]_0 [PAD]_0 [PAD]_0 [PAD]_0 [PAD]_0 [PAD]_0 [PAD]_0 [PAD]_0 [PAD]_0 [PAD]_0 [PAD]_0 [PAD]_0 [PAD]_0 [PAD]_0 [PAD]_0 [PAD]_0 [SEP]_0 近_1 来_1 ，_1 南_1 北_1 区_1 门_1 口_1 修_1 路_1 进_1 行_1 中_1 ，_1 小_1 锋_1 提_1 醒_1 花_1 椒_1 们_1 ，_1 往_1 来_1 南_1 北_1 区_1 时_1 请_1 走_1 地_1 下_1 通_1 道_1 ，_1 注_1 意_1 安_1 全_1 ！_1 宁_1 绕_1 百_1 步_1 远_1 ，_1 不_1 留_1 一_1 步_1 险_1 。_1 地_1 下_1 通_1 道_1 的_1 建_1 立_1 ，_1 就_1 是_1 为_1 了_1 每_1 一_1 位_1 花_1 椒_1 学_1 子_1 的_1 安_1 全_1 出_1 行_1 ，_1 希_1 望_1 花_1 椒_1 们_1 养_1 成_1 走_1 地_1 下_1 通_1 道_1 的_1 习_1 惯_1 ，_1 保_1 障_1 人_1 身_1 安_1 全_1 。_1 学_1 工_1 处_1 特_1 设_1 花_1 椒_1 先_1 锋_1 文_1 明_1 督_1 导_1 岗_1 ，_1 并_1 在_1 显_1 眼_1 处_1 设_1 置_1 温_1 馨_1 指_1 示_1 牌_1 ，_1 花_1 椒_1 们_1 要_1 配_1 合_1 小_1 先_1 锋_1 们_1 的_1 工_1 作_1 哦_1 ！_1 如_1 有_1 特_1 殊_1 情_1 况_1 ，_1 不_1 得_1 不_1 行_1 走_1 于_1 维_1 修_1 道_1 路_1 上_1 时_1 ，_1 花_1 椒_1 们_1 一_1 定_1 要_1 注_1 意_1 以_1 下_1 四_1 点_1 ：_1 走_1 直_1 线_1 ，_1 不_1 可_1 迂_1 回_1 穿_1 行_1 。_1 在_1 无_1 人_1 行_1 横_1 道_1 的_1 路_1 段_1 ，_1 先_1 看_1 左_1 边_1 ，_1 再_1 看_1 右_1 边_1 ，_1 在_1 确_1 认_1 没_1 有_1 机_1 动_1 车_1 通_1 过_1 时_1 才_1 可_1 以_1 穿_1 越_1 马_1 路_1 。_1 不_1 要_1 突_1 然_1 横_1 穿_1 马_1 路_1 ，_1 更_1 不_1 能_1 在_1 马_1 路_1 上_1 溜_1 旱_1 冰_1 或_1 者_1 滑_1 滑_1 板_1 。_1 在_1 门_1 口_1 乘_1 车_1 时_1 ，_1 自_1 己_1 要_1 乘_1 坐_1 的_1 公_1 共_1 汽_1 车_1 [SEP]_1 在_1 马_1 路_1 上_1 溜_1 旱_1 冰_1 或_1 者_1 滑_1 滑_1 板_1 。_1 在_1 门_1 口_1 乘_1 车_1 时_1 ，_1 自_1 己_1 要_1 乘_1 坐_1 的_1 公_1 共_1 汽_1 车_1 已_1 经_1 进_1 站_1 的_1 时_1 候_1 ，_1 千_1 万_1 不_1 可_1 贸_1 然_1 行_1 事_1 ，_1 以_1 免_1 发_1 生_1 意_1 外_1 。_1 小_1 锋_1 特_1 别_1 提_1 示_1 ：_1 近_1 期_1 ，_1 南_1 北_1 区_1 校_1 门_1 口_1 正_1 在_1 修_1 建_1 道_1 路_1 路_1 面_1 较_1 坎_1 坷_1 来_1 往_1 车_1 辆_1 较_1 多_1 为_1 了_1 同_1 学_1 们_1 的_1 安_1 全_1 过_1 马_1 路_1 时_1 请_1 走_1 地_1 下_1 通_1 道_1 ！_1 同_1 时_1 ，_1 今_1 晚_1 南_1 昌_1 突_1 降_1 暴_1 雨_1 路_1 面_1 积_1 水_1 较_1 多_1 同_1 学_1 们_1 走_1 路_1 时_1 要_1 注_1 意_1 安_1 全_1 ！_1 2018_1 年_1 5_1 月_1 1_1 日_1 ?_1 第_1 49_1 ##1_1 期_1 编_1 ?_1 ?_1 ?_1 ?_1 辑_1 ：_1 樊_1 金_1 月_1 责_1 任_1 编_1 辑_1 ：_1 李_1 凯_1 强_1 核_1 ?_1 ?_1 ?_1 ?_1 稿_1 ：_1 常_1 玉_1 凤_1 [SEP]_1
2019-10-28 10:02:04,466 Token Sample: [CLS]_0 失_0 忆_0 多_0 年_0 突_0 然_0 想_0 起_0 父_0 母_0 名_0 字_0 ，_0 女_0 子_0 跑_0 到_0 派_0 出_0 所_0 求_0 助_0 ！_0 寻_0 亲_0 能_0 否_0 成_0 功_0 ？_0 [PAD]_0 [PAD]_0 [PAD]_0 [PAD]_0 [PAD]_0 [PAD]_0 [PAD]_0 [PAD]_0 [PAD]_0 [PAD]_0 [PAD]_0 [PAD]_0 [PAD]_0 [PAD]_0 [PAD]_0 [PAD]_0 [PAD]_0 [PAD]_0 [PAD]_0 [PAD]_0 [PAD]_0 [PAD]_0 [PAD]_0 [PAD]_0 [PAD]_0 [PAD]_0 [PAD]_0 [PAD]_0 [PAD]_0 [PAD]_0 [PAD]_0 [PAD]_0 [PAD]_0 [PAD]_0 [SEP]_0 前_1 一_1 段_1 时_1 间_1 ，_1 城_1 阳_1 公_1 安_1 棘_1 洪_1 滩_1 派_1 出_1 所_1 接_1 到_1 一_1 起_1 报_1 警_1 求_1 助_1 ，_1 一_1 名_1 失_1 忆_1 女_1 子_1 希_1 望_1 民_1 警_1 能_1 帮_1 她_1 寻_1 找_1 异_1 地_1 的_1 亲_1 人_1 。_1 失_1 忆_1 多_1 年_1 突_1 然_1 想_1 起_1 父_1 母_1 名_1 字_1 希_1 望_1 寻_1 亲_1 2018_1 年_1 4_1 月_1 13_1 日_1 下_1 午_1 4_1 、_1 5_1 点_1 左_1 右_1 ，_1 城_1 阳_1 公_1 安_1 分_1 局_1 棘_1 洪_1 滩_1 派_1 出_1 所_1 接_1 到_1 一_1 位_1 自_1 称_1 姓_1 范_1 的_1 女_1 士_1 报_1 案_1 ，_1 她_1 说_1 自_1 己_1 失_1 忆_1 了_1 ，_1 想_1 要_1 求_1 助_1 警_1 方_1 。_1 民_1 警_1 介_1 绍_1 ，_1 这_1 名_1 范_1 女_1 士_1 称_1 自_1 己_1 失_1 忆_1 好_1 长_1 时_1 间_1 了_1 ，_1 这_1 几_1 天_1 一_1 直_1 住_1 在_1 附_1 近_1 小_1 旅_1 馆_1 里_1 ，_1 突_1 然_1 记_1 起_1 了_1 父_1 母_1 的_1 名_1 字_1 ，_1 和_1 四_1 川_1 老_1 家_1 的_1 地_1 址_1 ，_1 希_1 望_1 警_1 察_1 帮_1 忙_1 寻_1 找_1 亲_1 人_1 。_1 可_1 是_1 到_1 底_1 家_1 人_1 长_1 什_1 么_1 样_1 ，_1 自_1 己_1 又_1 为_1 什_1 么_1 来_1 的_1 青_1 岛_1 ，_1 范_1 女_1 士_1 全_1 都_1 记_1 不_1 起_1 来_1 了_1 ，_1 并_1 且_1 身_1 上_1 也_1 没_1 有_1 相_1 关_1 证_1 件_1 。_1 一_1 开_1 始_1 ，_1 警_1 察_1 以_1 为_1 范_1 女_1 士_1 是_1 在_1 开_1 玩_1 笑_1 ，_1 可_1 范_1 女_1 士_1 却_1 执_1 意_1 要_1 寻_1 亲_1 。_1 于_1 是_1 ，_1 民_1 警_1 便_1 联_1 系_1 了_1 四_1 川_1 [SEP]_1 于_1 范_1 女_1 士_1 完_1 全_1 不_1 记_1 得_1 母_1 亲_1 的_1 模_1 样_1 ，_1 为_1 了_1 稳_1 妥_1 起_1 见_1 ，_1 民_1 警_1 带_1 他_1 们_1 去_1 医_1 院_1 进_1 行_1 了_1 dna_1 比_1 对_1 ，_1 确_1 认_1 了_1 母_1 女_1 关_1 系_1 ，_1 失_1 散_1 十_1 年_1 的_1 一_1 家_1 人_1 终_1 于_1 团_1 聚_1 。_1 目_1 前_1 ，_1 范_1 女_1 士_1 已_1 经_1 跟_1 随_1 母_1 亲_1 返_1 回_1 上_1 海_1 进_1 行_1 治_1 疗_1 。_1 不_1 知_1 道_1 这_1 十_1 年_1 间_1 双_1 方_1 都_1 经_1 受_1 了_1 怎_1 样_1 的_1 煎_1 熬_1 ，_1 希_1 望_1 范_1 女_1 士_1 能_1 尽_1 快_1 找_1 回_1 记_1 忆_1 ，_1 重_1 拾_1 家_1 庭_1 的_1 温_1 暖_1 和_1 久_1 违_1 的_1 爱_1 。_1 同_1 时_1 ，_1 我_1 们_1 也_1 要_1 为_1 尽_1 职_1 尽_1 责_1 的_1 民_1 警_1 点_1 一_1 个_1 大_1 大_1 的_1 赞_1 。_1 【_1 视_1 频_1 未_1 经_1 版_1 权_1 方_1 允_1 许_1 ，_1 不_1 得_1 转_1 载_1 ，_1 否_1 则_1 将_1 追_1 究_1 法_1 律_1 责_1 任_1 。_1 】_1 [SEP]_1
2019-10-28 10:02:37,331 Token Sample: [CLS]_0 没_0 有_0 丈_0 夫_0 ，_0 却_0 意_0 外_0 生_0 下_0 孩_0 子_0 的_0 5_0 位_0 女_0 星_0 ，_0 孩_0 子_0 生_0 父_0 至_0 今_0 还_0 是_0 个_0 迷_0 [PAD]_0 [PAD]_0 [PAD]_0 [PAD]_0 [PAD]_0 [PAD]_0 [PAD]_0 [PAD]_0 [PAD]_0 [PAD]_0 [PAD]_0 [PAD]_0 [PAD]_0 [PAD]_0 [PAD]_0 [PAD]_0 [PAD]_0 [PAD]_0 [PAD]_0 [PAD]_0 [PAD]_0 [PAD]_0 [PAD]_0 [PAD]_0 [PAD]_0 [PAD]_0 [PAD]_0 [PAD]_0 [PAD]_0 [PAD]_0 [PAD]_0 [PAD]_0 [PAD]_0 [PAD]_0 [PAD]_0 [PAD]_0 [SEP]_0 爱_1 生_1 活_1 ，_1 爱_1 写_1 作_1 。_1 茫_1 茫_1 文_1 海_1 之_1 中_1 ，_1 你_1 我_1 相_1 遇_1 便_1 是_1 缘_1 分_1 ，_1 万_1 分_1 感_1 谢_1 看_1 官_1 们_1 于_1 百_1 忙_1 之_1 中_1 抽_1 身_1 来_1 看_1 小_1 编_1 的_1 文_1 章_1 ，_1 不_1 胜_1 感_1 激_1 ！_1 你_1 在_1 阅_1 读_1 时_1 的_1 快_1 乐_1 便_1 是_1 我_1 的_1 追_1 求_1 ，_1 话_1 不_1 多_1 说_1 ，_1 这_1 期_1 精_1 彩_1 文_1 章_1 立_1 马_1 呈_1 上_1 ，_1 希_1 望_1 大_1 家_1 能_1 喜_1 欢_1 ！_1 娱_1 乐_1 圈_1 中_1 很_1 多_1 明_1 星_1 的_1 感_1 情_1 都_1 非_1 常_1 混_1 乱_1 ，_1 让_1 人_1 猜_1 不_1 准_1 ，_1 理_1 不_1 清_1 ，_1 很_1 多_1 明_1 星_1 们_1 都_1 曾_1 被_1 传_1 出_1 过_1 绯_1 闻_1 ，_1 但_1 是_1 并_1 没_1 有_1 留_1 下_1 什_1 么_1 ，_1 但_1 是_1 也_1 有_1 很_1 多_1 明_1 星_1 ，_1 传_1 出_1 过_1 很_1 多_1 绯_1 闻_1 ，_1 却_1 莫_1 名_1 其_1 妙_1 的_1 多_1 出_1 了_1 一_1 个_1 孩_1 子_1 ，_1 今_1 天_1 就_1 给_1 大_1 家_1 大_1 盘_1 点_1 ：_1 没_1 有_1 老_1 公_1 ，_1 却_1 生_1 了_1 孩_1 子_1 的_1 5_1 位_1 女_1 星_1 ，_1 孩_1 子_1 生_1 父_1 至_1 今_1 是_1 个_1 谜_1 。_1 1_1 、_1 陈_1 秀_1 珠_1 ：_1 中_1 国_1 香_1 港_1 女_1 演_1 员_1 ，_1 1981_1 年_1 凭_1 借_1 《_1 苏_1 乞_1 儿_1 》_1 和_1 《_1 追_1 女_1 仔_1 》_1 正_1 式_1 出_1 道_1 ，_1 陈_1 秀_1 珠_1 曾_1 先_1 后_1 与_1 地_1 产_1 界_1 巨_1 子_1 、_1 美_1 国_1 籍_1 男_1 友_1 、_1 马_1 来_1 西_1 亚_1 赌_1 王_1 之_1 [SEP]_1 。_1 再_1 次_1 感_1 谢_1 读_1 者_1 们_1 的_1 观_1 看_1 ，_1 写_1 作_1 不_1 易_1 ，_1 如_1 果_1 你_1 本_1 篇_1 文_1 章_1 有_1 不_1 同_1 的_1 看_1 法_1 或_1 者_1 意_1 见_1 ，_1 可_1 以_1 在_1 文_1 章_1 下_1 方_1 评_1 论_1 ，_1 小_1 编_1 会_1 用_1 心_1 翻_1 看_1 每_1 一_1 条_1 评_1 论_1 ，_1 我_1 们_1 一_1 起_1 讨_1 论_1 ，_1 喜_1 欢_1 小_1 编_1 的_1 文_1 章_1 请_1 点_1 赞_1 、_1 关_1 注_1 、_1 转_1 发_1 ，_1 谢_1 谢_1 ！_1 注_1 ：_1 图_1 片_1 来_1 源_1 于_1 网_1 络_1 ，_1 如_1 有_1 侵_1 权_1 ，_1 请_1 联_1 系_1 删_1 除_1 特_1 别_1 声_1 明_1 ：_1 以_1 上_1 文_1 章_1 内_1 容_1 仅_1 代_1 表_1 作_1 者_1 本_1 人_1 观_1 点_1 ，_1 不_1 代_1 表_1 新_1 浪_1 看_1 点_1 观_1 点_1 或_1 立_1 场_1 。_1 如_1 有_1 关_1 于_1 作_1 品_1 内_1 容_1 、_1 版_1 权_1 或_1 其_1 它_1 问_1 题_1 请_1 于_1 作_1 品_1 发_1 表_1 后_1 的_1 30_1 日_1 内_1 与_1 新_1 浪_1 看_1 点_1 联_1 系_1 。_1 [SEP]_1
2019-10-28 10:02:58,280 Token Sample: [CLS]_0 1500_0 株_0 冬_0 青_0 苗_0 被_0 盗_0 招_0 远_0 警_0 方_0 快_0 速_0 破_0 案_0 人_0 赃_0 俱_0 获_0 [PAD]_0 [PAD]_0 [PAD]_0 [PAD]_0 [PAD]_0 [PAD]_0 [PAD]_0 [PAD]_0 [PAD]_0 [PAD]_0 [PAD]_0 [PAD]_0 [PAD]_0 [PAD]_0 [PAD]_0 [PAD]_0 [PAD]_0 [PAD]_0 [PAD]_0 [PAD]_0 [PAD]_0 [PAD]_0 [PAD]_0 [PAD]_0 [PAD]_0 [PAD]_0 [PAD]_0 [PAD]_0 [PAD]_0 [PAD]_0 [PAD]_0 [PAD]_0 [PAD]_0 [PAD]_0 [PAD]_0 [PAD]_0 [PAD]_0 [PAD]_0 [PAD]_0 [PAD]_0 [PAD]_0 [PAD]_0 [PAD]_0 [PAD]_0 [PAD]_0 [SEP]_0 胶_1 东_1 在_1 线_1 2_1 月_1 28_1 日_1 讯_1 (_1 通_1 讯_1 员_1 孙_1 立_1 锋_1 彭_1 守_1 东_1 )_1 近_1 日_1 ，_1 招_1 远_1 市_1 辛_1 庄_1 镇_1 大_1 宋_1 家_1 村_1 宋_1 某_1 发_1 现_1 自_1 家_1 地_1 里_1 的_1 一_1 年_1 生_1 冬_1 青_1 苗_1 被_1 盗_1 1500_1 多_1 株_1 ，_1 随_1 后_1 报_1 警_1 。_1 招_1 远_1 市_1 公_1 安_1 局_1 合_1 成_1 作_1 战_1 中_1 心_1 闻_1 警_1 即_1 动_1 ，_1 20_1 小_1 时_1 破_1 案_1 并_1 人_1 赃_1 俱_1 获_1 。_1 小_1 案_1 系_1 民_1 生_1 ，_1 小_1 案_1 连_1 民_1 心_1 。_1 招_1 远_1 市_1 局_1 合_1 成_1 作_1 战_1 中_1 心_1 根_1 据_1 110_1 警_1 情_1 通_1 报_1 ，_1 第_1 一_1 时_1 间_1 赶_1 到_1 案_1 发_1 现_1 场_1 侦_1 查_1 摸_1 排_1 ，_1 梳_1 理_1 案_1 件_1 线_1 索_1 ，_1 同_1 时_1 展_1 开_1 研_1 判_1 ，_1 及_1 时_1 调_1 取_1 天_1 网_1 监_1 控_1 及_1 沿_1 途_1 社_1 会_1 监_1 控_1 视_1 频_1 ，_1 经_1 过_1 一_1 夜_1 的_1 研_1 判_1 追_1 踪_1 ，_1 最_1 终_1 发_1 现_1 两_1 名_1 嫌_1 疑_1 人_1 落_1 脚_1 点_1 。_1 26_1 日_1 10_1 时_1 许_1 ，_1 民_1 警_1 根_1 据_1 线_1 索_1 ，_1 迅_1 速_1 出_1 击_1 ，_1 成_1 功_1 将_1 嫌_1 疑_1 人_1 孙_1 某_1 (_1 男_1 ，_1 61_1 岁_1 )_1 、_1 刘_1 某_1 (_1 女_1 ，_1 61_1 岁_1 ，_1 孙_1 某_1 之_1 妻_1 )_1 抓_1 获_1 ，_1 当_1 场_1 缴_1 获_1 被_1 盗_1 冬_1 青_1 苗_1 一_1 宗_1 。_1 经_1 审_1 查_1 ，_1 该_1 二_1 人_1 对_1 盗_1 窃_1 冬_1 青_1 苗_1 的_1 违_1 法_1 事_1 实_1 供_1 认_1 [SEP]_1 根_1 据_1 110_1 警_1 情_1 通_1 报_1 ，_1 第_1 一_1 时_1 间_1 赶_1 到_1 案_1 发_1 现_1 场_1 侦_1 查_1 摸_1 排_1 ，_1 梳_1 理_1 案_1 件_1 线_1 索_1 ，_1 同_1 时_1 展_1 开_1 研_1 判_1 ，_1 及_1 时_1 调_1 取_1 天_1 网_1 监_1 控_1 及_1 沿_1 途_1 社_1 会_1 监_1 控_1 视_1 频_1 ，_1 经_1 过_1 一_1 夜_1 的_1 研_1 判_1 追_1 踪_1 ，_1 最_1 终_1 发_1 现_1 两_1 名_1 嫌_1 疑_1 人_1 落_1 脚_1 点_1 。_1 26_1 日_1 10_1 时_1 许_1 ，_1 民_1 警_1 根_1 据_1 线_1 索_1 ，_1 迅_1 速_1 出_1 击_1 ，_1 成_1 功_1 将_1 嫌_1 疑_1 人_1 孙_1 某_1 (_1 男_1 ，_1 61_1 岁_1 )_1 、_1 刘_1 某_1 (_1 女_1 ，_1 61_1 岁_1 ，_1 孙_1 某_1 之_1 妻_1 )_1 抓_1 获_1 ，_1 当_1 场_1 缴_1 获_1 被_1 盗_1 冬_1 青_1 苗_1 一_1 宗_1 。_1 经_1 审_1 查_1 ，_1 该_1 二_1 人_1 对_1 盗_1 窃_1 冬_1 青_1 苗_1 的_1 违_1 法_1 事_1 实_1 供_1 认_1 不_1 讳_1 。_1 该_1 二_1 人_1 已_1 被_1 依_1 法_1 行_1 政_1 拘_1 留_1 。_1 [SEP]_1
2019-10-28 10:03:02,205 seed everything and create model
2019-10-28 10:12:08,441 step 1000 train loss: 0.6351
2019-10-28 10:12:08,441 step 1000 score: 0.6182
2019-10-28 10:21:03,974 step 2000 train loss: 0.5022
2019-10-28 10:21:03,974 step 2000 score: 0.7187
2019-10-28 10:29:59,508 step 3000 train loss: 0.4677
2019-10-28 10:29:59,508 step 3000 score: 0.7621
2019-10-28 10:38:54,866 step 4000 train loss: 0.3874
2019-10-28 10:38:54,866 step 4000 score: 0.7447
2019-10-28 10:47:50,177 step 5000 train loss: 0.3263
2019-10-28 10:47:50,177 step 5000 score: 0.7719
2019-10-28 10:56:45,500 step 6000 train loss: 0.3320
2019-10-28 10:56:45,500 step 6000 score: 0.7506
2019-10-28 11:05:40,850 step 7000 train loss: 0.2369
2019-10-28 11:05:40,850 step 7000 score: 0.7782
2019-10-28 11:14:36,214 step 8000 train loss: 0.2314
2019-10-28 11:14:36,214 step 8000 score: 0.7814
2019-10-28 11:23:31,543 step 9000 train loss: 0.2105
2019-10-28 11:23:31,543 step 9000 score: 0.7744
