2019-10-22 10:41:14,740 log_in_file: True
2019-10-22 10:41:14,741 lm_path: /home/wangzl/PretrainedLM/XLNET/chinese_xlnet_mid_pytorch/
2019-10-22 10:41:14,741 lm_type: xlnet
2019-10-22 10:41:14,741 data_path: ../data/
2019-10-22 10:41:14,741 usegpu: True
2019-10-22 10:41:14,741 use_origin: False
2019-10-22 10:41:14,741 total_step: 5000
2019-10-22 10:41:14,741 eval_every: 500
2019-10-22 10:41:14,741 early_stop: 4
2019-10-22 10:41:14,741 max_length: 510
2019-10-22 10:41:14,741 max_title_rate: 0.09
2019-10-22 10:41:14,741 content_head_rate: 0.6
2019-10-22 10:41:14,741 batch_size: 2
2019-10-22 10:41:14,741 lr_scheduler_type: linear
2019-10-22 10:41:14,741 input_pattern: head+tail+fixed
2019-10-22 10:41:14,741 clean_method: space+notzh
2019-10-22 10:41:14,741 warmup_rate: 0.1
2019-10-22 10:41:14,741 classifier_dropout: 0.3
2019-10-22 10:41:14,741 classifier_weight_decay: 0.0
2019-10-22 10:41:14,741 cache_final_model: False
2019-10-22 10:41:14,741 seed: 23
2019-10-22 10:41:14,741 lr: 2e-05
2019-10-22 10:41:14,741 lr_decay_in_layers: 0.95
2019-10-22 10:41:14,741 weight_decay: 0.01
2019-10-22 10:41:14,789 padding token is 5
2019-10-22 10:41:26,256 Token Sample: <cls>_0 ▁_0 郫_0 都_0 区_0 民俗_0 博物馆_0 助_0 力_0 古城_0 街道_0 文_0 旅_0 事业_0 发展_0 [PAD]_0 [PAD]_0 [PAD]_0 [PAD]_0 [PAD]_0 [PAD]_0 [PAD]_0 [PAD]_0 [PAD]_0 [PAD]_0 [PAD]_0 [PAD]_0 [PAD]_0 [PAD]_0 [PAD]_0 [PAD]_0 [PAD]_0 [PAD]_0 [PAD]_0 [PAD]_0 [PAD]_0 [PAD]_0 [PAD]_0 [PAD]_0 [PAD]_0 [PAD]_0 [PAD]_0 [PAD]_0 [PAD]_0 [PAD]_0 [PAD]_0 [PAD]_0 <sep>_0 ▁_1 郫_1 都_1 区_1 民俗_1 博物馆_1 助_1 力_1 古城_1 街道_1 文_1 旅_1 事业_1 发展_1 郫_1 都_1 区_1 民俗_1 博物馆_1 助_1 力_1 我_1 区_1 乡村_1 振_1 兴_1 ,_1 助_1 力_1 古城_1 街道_1 文_1 博_1 小镇_1 文_1 旅_1 事业_1 发展_1 。_1 5_1 月_1 18_1 日_1 ,_1 国际_1 博物馆_1 日_1 ,_1 由_1 郫_1 都_1 区_1 委_1 宣传部_1 、_1 郫_1 都_1 区_1 文_1 旅_1 体_1 广_1 新_1 局_1 指导_1 ,_1 古城_1 街道_1 主办_1 的_1 “_1 探_1 古城_1 遗址_1 、_1 寻_1 蜀_1 人_1 之_1 源_1 ”_1 大型_1 文_1 博_1 小镇_1 文_1 旅_1 活动_1 盛_1 大_1 启_1 幕_1 。_1 郫_1 都_1 区_1 民俗_1 博物馆_1 组织_1 了_1 手工_1 制作_1 古_1 琴_1 的_1 张_1 利_1 明_1 ,_1 古_1 琴_1 古_1 筝_1 演绎_1 邓_1 久_1 瑛_1 、_1 吴_1 小_1 春_1 ,_1 汉_1 服_1 展_1 演_1 何_1 林_1 等_1 7_1 位_1 老师_1 在_1 古城_1 街道_1 规划_1 的_1 “_1 文_1 创_1 一条_1 街_1 ”_1 有_1 序_1 展开_1 活动_1 。_1 当天_1 活动_1 得到了_1 本地_1 居民_1 和_1 广_1 大_1 游客_1 的_1 积极_1 参与_1 ,_1 近_1 千人_1 领_1 略_1 了_1 传统_1 艺术_1 和_1 传统_1 手工_1 绝_1 艺_1 的_1 风_1 采_1 。_1 从_1 成都_1 赶_1 来_1 的_1 唐_1 中_1 六_1 教授_1 (_1 成都_1 音乐_1 舞蹈_1 院_1 院长_1 、_1 成都_1 民族_1 团团长_1 、_1 成都_1 音乐家_1 协会_1 副主席_1 、_1 中国_1 古_1 琴_1 学_1 界_1 泰_1 斗_1 )_1 对_1 该_1 活动_1 高度_1 赞_1 赏_1 !_1 他说_1 没有_1 想到_1 把_1 这样的_1 高_1 雅_1 艺术_1 直接_1 带到_1 了_1 群众_1 中_1 去_1 ,_1 这样的_1 活动_1 很有_1 意义_1 。_1 [PAD]_1 [PAD]_1 [PAD]_1 [PAD]_1 [PAD]_1 [PAD]_1 [PAD]_1 [PAD]_1 [PAD]_1 [PAD]_1 [PAD]_1 [PAD]_1 [PAD]_1 [PAD]_1 [PAD]_1 [PAD]_1 [PAD]_1 [PAD]_1 [PAD]_1 [PAD]_1 [PAD]_1 [PAD]_1 [PAD]_1 [PAD]_1 [PAD]_1 [PAD]_1 [PAD]_1 [PAD]_1 [PAD]_1 [PAD]_1 [PAD]_1 [PAD]_1 [PAD]_1 [PAD]_1 [PAD]_1 [PAD]_1 [PAD]_1 [PAD]_1 [PAD]_1 [PAD]_1 [PAD]_1 <sep>_1 郫_1 都_1 区_1 文_1 旅_1 体_1 广_1 新_1 局_1 指导_1 ,_1 古城_1 街道_1 主办_1 的_1 “_1 探_1 古城_1 遗址_1 、_1 寻_1 蜀_1 人_1 之_1 源_1 ”_1 大型_1 文_1 博_1 小镇_1 文_1 旅_1 活动_1 盛_1 大_1 启_1 幕_1 。_1 郫_1 都_1 区_1 民俗_1 博物馆_1 组织_1 了_1 手工_1 制作_1 古_1 琴_1 的_1 张_1 利_1 明_1 ,_1 古_1 琴_1 古_1 筝_1 演绎_1 邓_1 久_1 瑛_1 、_1 吴_1 小_1 春_1 ,_1 汉_1 服_1 展_1 演_1 何_1 林_1 等_1 7_1 位_1 老师_1 在_1 古城_1 街道_1 规划_1 的_1 “_1 文_1 创_1 一条_1 街_1 ”_1 有_1 序_1 展开_1 活动_1 。_1 当天_1 活动_1 得到了_1 本地_1 居民_1 和_1 广_1 大_1 游客_1 的_1 积极_1 参与_1 ,_1 近_1 千人_1 领_1 略_1 了_1 传统_1 艺术_1 和_1 传统_1 手工_1 绝_1 艺_1 的_1 风_1 采_1 。_1 从_1 成都_1 赶_1 来_1 的_1 唐_1 中_1 六_1 教授_1 (_1 成都_1 音乐_1 舞蹈_1 院_1 院长_1 、_1 成都_1 民族_1 团团长_1 、_1 成都_1 音乐家_1 协会_1 副主席_1 、_1 中国_1 古_1 琴_1 学_1 界_1 泰_1 斗_1 )_1 对_1 该_1 活动_1 高度_1 赞_1 赏_1 !_1 他说_1 没有_1 想到_1 把_1 这样的_1 高_1 雅_1 艺术_1 直接_1 带到_1 了_1 群众_1 中_1 去_1 ,_1 这样的_1 活动_1 很有_1 意义_1 。_1 <sep>_1
2019-10-22 10:41:44,034 Token Sample: <cls>_0 ▁_0 私_0 募_0 巨_0 头_0 九_0 鼎_0 再_0 爆_0 雷_0 疯狂_0 过_0 后_0 走向_0 深_0 渊_0 [PAD]_0 [PAD]_0 [PAD]_0 [PAD]_0 [PAD]_0 [PAD]_0 [PAD]_0 [PAD]_0 [PAD]_0 [PAD]_0 [PAD]_0 [PAD]_0 [PAD]_0 [PAD]_0 [PAD]_0 [PAD]_0 [PAD]_0 [PAD]_0 [PAD]_0 [PAD]_0 [PAD]_0 [PAD]_0 [PAD]_0 [PAD]_0 [PAD]_0 [PAD]_0 [PAD]_0 [PAD]_0 [PAD]_0 [PAD]_0 <sep>_0 ▁“_1 九_1 鼎_1 过_1 后_1 ,_1 寸_1 草_1 不_1 生_1 ”_1 。_1 这是_1 江湖_1 上_1 对于_1 九_1 鼎_1 投资_1 的_1 认识_1 。_1 由此_1 ,_1 不_1 难_1 看_1 出_1 九_1 鼎_1 在_1 私_1 募_1 领域的_1 凶_1 猛_1 劲_1 头_1 。_1 从_1 起步_1 九_1 鼎_1 就_1 以_1 “_1 野_1 蛮_1 扩张_1 ”_1 的形象_1 入_1 局_1 ,_1 2015_1 年_1 以_1 精_1 巧_1 的_1 运作_1 方式_1 摇_1 身_1 一_1 变成_1 为_1 首位_1 在_1 a_1 股_1 上市_1 的新_1 三_1 板_1 公司_1 。_1 而_1 今_1 ,_1 那个_1 曾经_1 在_1 私_1 募_1 市场_1 横_1 走_1 江湖_1 的_1 私_1 募_1 九_1 鼎_1 系_1 又_1 开始_1 爆_1 雷_1 了_1 。_1 2019_1 年_1 1_1 月_1 5_1 日_1 ,_1 就有_1 投资_1 者_1 陆续_1 爆_1 出_1 ,_1 九_1 鼎_1 某_1 理_1 财产_1 品_1 爆_1 仓_1 ,_1 2015_1 年_1 买_1 的_1 6_1 个月_1 +_1 6_1 个月_1 的_1 产品_1 ,_1 延_1 后_1 了_1 四年_1 之后_1 ,_1 告诉_1 投资_1 者_1 :_1 净_1 值_1 归_1 零_1 。_1 2018_1 年_1 ,_1 “_1 九_1 鼎_1 系_1 ”_1 开启_1 了_1 “_1 爆_1 雷_1 ”_1 之_1 年_1 :_1 先_1 是_1 2018_1 年_1 3_1 月_1 九_1 鼎_1 集团_1 自身_1 雷_1 暴_1 ,_1 停_1 牌_1 10_1 23_1 天后_1 复_1 牌_1 暴_1 跌_1 50%_1 ,_1 市_1 值_1 蒸_1 发_1 500_1 亿_1 ;_1 9_1 月_1 ,_1 上_1 一年_1 亏_1 损_1 7000_1 多_1 万_1 的_1 澳_1 坤_1 生物_1 申请_1 退_1 市_1 ,_1 “_1 九_1 鼎_1 系_1 ”_1 持有_1 13_1 ._1 4%_1 的_1 股权_1 ;_1 此后_1 ,_1 9_1 月_1 11_1 日_1 “_1 九_1 鼎_1 系_1 ”_1 的_1 “_1 九州_1 瀚_1 海_1 集合_1 资产_1 管理_1 计划_1 ”_1 因_1 踩_1 雷_1 金_1 银_1 岛_1 而_1 发生_1 违_1 约_1 ,_1 涉及_1 金_1 额_1 近_1 3_1 亿元_1 ;_1 ._1 ._1 ._1 ._1 ._1 ._1 过去_1 十_1 几年_1 ,_1 <sep>_1 投资_1 人_1 发出_1 的_1 。_1 沟通_1 函_1 还_1 称_1 ,_1 据_1 九_1 鼎_1 集团_1 反馈_1 ,_1 针对_1 监管_1 和_1 股_1 价_1 低_1 迷_1 的情况_1 ,_1 其_1 也在_1 积极_1 应对_1 ,_1 包括_1 调整_1 运营_1 策略_1 ,_1 聚焦_1 投资_1 主_1 业_1 ,_1 有意_1 向_1 处理_1 公司_1 较大_1 市_1 值_1 的_1 几个_1 业务_1 板块_1 。_1 并称_1 与_1 九_1 鼎_1 同一_1 实际_1 控制_1 人_1 的人_1 人_1 行_1 科技_1 股份有限公司_1 (_1 即_1 “_1 借_1 贷_1 宝_1 ”_1 )_1 正_1 预期_1 在_1 2019_1 年_1 可能_1 在_1 港_1 股_1 上市_1 。_1 由此_1 可见_1 ,_1 资金_1 链_1 紧张_1 、_1 缺_1 钱_1 已_1 成为_1 九_1 鼎_1 不可_1 绕_1 开_1 的_1 坎_1 。_1 曾经_1 的_1 九_1 鼎_1 集团_1 依靠_1 新_1 三_1 板_1 红_1 利_1 高_1 歌_1 猛_1 进_1 ,_1 而_1 今_1 当_1 制度_1 趋_1 于_1 完善_1 ,_1 九_1 鼎_1 需要_1 重新_1 为_1 曾_1 将_1 的_1 疯狂_1 买_1 单_1 。_1 而_1 九_1 鼎_1 的_1 春天_1 似乎_1 遥_1 遥_1 无_1 期_1 。_1 编辑_1 :_1 仃_1 西_1 如果_1 可能_1 、_1 那_1 就_1 走_1 在_1 时代的_1 前面_1 如果_1 不能_1 、_1 那_1 就_1 同时_1 代_1 一起_1 前进_1 但_1 决_1 不要_1 落在_1 时代的_1 后面_1 ——_1 布_1 留_1 索夫_1 <sep>_1
2019-10-22 10:41:52,183 seed everything and create model
