2019-10-17 16:01:02,303 log_in_file: True
2019-10-17 16:01:02,303 bert_path: /home/wangzl/PretrainedLM/BERT/New/roberta_zh_l12
2019-10-17 16:01:02,303 data_path: ../data/
2019-10-17 16:01:02,304 usegpu: True
2019-10-17 16:01:02,304 use_origin: False
2019-10-17 16:01:02,304 n_fold: 5
2019-10-17 16:01:02,304 total_step: 3000
2019-10-17 16:01:02,304 eval_every: 150
2019-10-17 16:01:02,304 early_stop: 4
2019-10-17 16:01:02,304 max_length: 510
2019-10-17 16:01:02,304 max_title_rate: 0.1
2019-10-17 16:01:02,304 content_head_rate: 0.6
2019-10-17 16:01:02,304 batch_size: 8
2019-10-17 16:01:02,304 lr_scheduler_type: linear
2019-10-17 16:01:02,304 input_pattern: head+tail+fixed
2019-10-17 16:01:02,304 clean_method: space+notzh
2019-10-17 16:01:02,304 warmup_rate: 0.1
2019-10-17 16:01:02,304 classifier_dropout: 0.3
2019-10-17 16:01:02,304 classifier_weight_decay: 0.0
2019-10-17 16:01:02,304 cache_final_model: False
2019-10-17 16:01:02,304 seed: 76
2019-10-17 16:01:02,304 lr: 2e-05
2019-10-17 16:01:02,304 lr_decay_in_layers: 0.95
2019-10-17 16:01:02,304 weight_decay: 0.01
2019-10-17 16:01:29,829 Token Sample: [CLS]_0 华_0 为_0 nova_0 ##2_0 有_0 没_0 有_0 要_0 的_0 。_0 可_0 换_0 可_0 卖_0 [PAD]_0 [PAD]_0 [PAD]_0 [PAD]_0 [PAD]_0 [PAD]_0 [PAD]_0 [PAD]_0 [PAD]_0 [PAD]_0 [PAD]_0 [PAD]_0 [PAD]_0 [PAD]_0 [PAD]_0 [PAD]_0 [PAD]_0 [PAD]_0 [PAD]_0 [PAD]_0 [PAD]_0 [PAD]_0 [PAD]_0 [PAD]_0 [PAD]_0 [PAD]_0 [PAD]_0 [PAD]_0 [PAD]_0 [PAD]_0 [PAD]_0 [PAD]_0 [PAD]_0 [PAD]_0 [PAD]_0 [PAD]_0 [PAD]_0 [SEP]_0 华_1 为_1 nova_1 ##2_1 有_1 没_1 有_1 要_1 的_1 。_1 可_1 换_1 可_1 卖_1 [PAD]_1 [PAD]_1 [PAD]_1 [PAD]_1 [PAD]_1 [PAD]_1 [PAD]_1 [PAD]_1 [PAD]_1 [PAD]_1 [PAD]_1 [PAD]_1 [PAD]_1 [PAD]_1 [PAD]_1 [PAD]_1 [PAD]_1 [PAD]_1 [PAD]_1 [PAD]_1 [PAD]_1 [PAD]_1 [PAD]_1 [PAD]_1 [PAD]_1 [PAD]_1 [PAD]_1 [PAD]_1 [PAD]_1 [PAD]_1 [PAD]_1 [PAD]_1 [PAD]_1 [PAD]_1 [PAD]_1 [PAD]_1 [PAD]_1 [PAD]_1 [PAD]_1 [PAD]_1 [PAD]_1 [PAD]_1 [PAD]_1 [PAD]_1 [PAD]_1 [PAD]_1 [PAD]_1 [PAD]_1 [PAD]_1 [PAD]_1 [PAD]_1 [PAD]_1 [PAD]_1 [PAD]_1 [PAD]_1 [PAD]_1 [PAD]_1 [PAD]_1 [PAD]_1 [PAD]_1 [PAD]_1 [PAD]_1 [PAD]_1 [PAD]_1 [PAD]_1 [PAD]_1 [PAD]_1 [PAD]_1 [PAD]_1 [PAD]_1 [PAD]_1 [PAD]_1 [PAD]_1 [PAD]_1 [PAD]_1 [PAD]_1 [PAD]_1 [PAD]_1 [PAD]_1 [PAD]_1 [PAD]_1 [PAD]_1 [PAD]_1 [PAD]_1 [PAD]_1 [PAD]_1 [PAD]_1 [PAD]_1 [PAD]_1 [PAD]_1 [PAD]_1 [PAD]_1 [PAD]_1 [PAD]_1 [PAD]_1 [PAD]_1 [PAD]_1 [PAD]_1 [PAD]_1 [PAD]_1 [PAD]_1 [PAD]_1 [PAD]_1 [PAD]_1 [PAD]_1 [PAD]_1 [PAD]_1 [PAD]_1 [PAD]_1 [PAD]_1 [PAD]_1 [PAD]_1 [PAD]_1 [PAD]_1 [PAD]_1 [PAD]_1 [PAD]_1 [PAD]_1 [PAD]_1 [PAD]_1 [PAD]_1 [PAD]_1 [PAD]_1 [PAD]_1 [PAD]_1 [PAD]_1 [PAD]_1 [PAD]_1 [PAD]_1 [PAD]_1 [PAD]_1 [PAD]_1 [PAD]_1 [PAD]_1 [PAD]_1 [PAD]_1 [PAD]_1 [PAD]_1 [PAD]_1 [PAD]_1 [PAD]_1 [PAD]_1 [PAD]_1 [PAD]_1 [PAD]_1 [PAD]_1 [PAD]_1 [PAD]_1 [PAD]_1 [PAD]_1 [PAD]_1 [PAD]_1 [PAD]_1 [PAD]_1 [PAD]_1 [PAD]_1 [PAD]_1 [PAD]_1 [PAD]_1 [PAD]_1 [PAD]_1 [PAD]_1 [PAD]_1 [PAD]_1 [PAD]_1 [PAD]_1 [PAD]_1 [PAD]_1 [PAD]_1 [PAD]_1 [PAD]_1 [PAD]_1 [PAD]_1 [PAD]_1 [PAD]_1 [PAD]_1 [PAD]_1 [PAD]_1 [PAD]_1 [PAD]_1 [PAD]_1 [PAD]_1 [PAD]_1 [PAD]_1 [PAD]_1 [PAD]_1 [PAD]_1 [PAD]_1 [PAD]_1 [PAD]_1 [PAD]_1 [PAD]_1 [PAD]_1 [PAD]_1 [PAD]_1 [PAD]_1 [PAD]_1 [PAD]_1 [PAD]_1 [PAD]_1 [PAD]_1 [PAD]_1 [PAD]_1 [PAD]_1 [PAD]_1 [PAD]_1 [PAD]_1 [PAD]_1 [PAD]_1 [PAD]_1 [PAD]_1 [PAD]_1 [PAD]_1 [PAD]_1 [PAD]_1 [PAD]_1 [PAD]_1 [PAD]_1 [PAD]_1 [PAD]_1 [PAD]_1 [PAD]_1 [PAD]_1 [PAD]_1 [PAD]_1 [PAD]_1 [PAD]_1 [PAD]_1 [PAD]_1 [PAD]_1 [PAD]_1 [PAD]_1 [PAD]_1 [PAD]_1 [PAD]_1 [PAD]_1 [PAD]_1 [PAD]_1 [PAD]_1 [PAD]_1 [PAD]_1 [PAD]_1 [PAD]_1 [PAD]_1 [PAD]_1 [PAD]_1 [PAD]_1 [PAD]_1 [PAD]_1 [PAD]_1 [PAD]_1 [PAD]_1 [PAD]_1 [PAD]_1 [PAD]_1 [PAD]_1 [PAD]_1 [PAD]_1 [PAD]_1 [PAD]_1 [PAD]_1 [SEP]_1 [PAD]_1 [PAD]_1 [PAD]_1 [PAD]_1 [PAD]_1 [PAD]_1 [PAD]_1 [PAD]_1 [PAD]_1 [PAD]_1 [PAD]_1 [PAD]_1 [PAD]_1 [PAD]_1 [PAD]_1 [PAD]_1 [PAD]_1 [PAD]_1 [PAD]_1 [PAD]_1 [PAD]_1 [PAD]_1 [PAD]_1 [PAD]_1 [PAD]_1 [PAD]_1 [PAD]_1 [PAD]_1 [PAD]_1 [PAD]_1 [PAD]_1 [PAD]_1 [PAD]_1 [PAD]_1 [PAD]_1 [PAD]_1 [PAD]_1 [PAD]_1 [PAD]_1 [PAD]_1 [PAD]_1 [PAD]_1 [PAD]_1 [PAD]_1 [PAD]_1 [PAD]_1 [PAD]_1 [PAD]_1 [PAD]_1 [PAD]_1 [PAD]_1 [PAD]_1 [PAD]_1 [PAD]_1 [PAD]_1 [PAD]_1 [PAD]_1 [PAD]_1 [PAD]_1 [PAD]_1 [PAD]_1 [PAD]_1 [PAD]_1 [PAD]_1 [PAD]_1 [PAD]_1 [PAD]_1 [PAD]_1 [PAD]_1 [PAD]_1 [PAD]_1 [PAD]_1 [PAD]_1 [PAD]_1 [PAD]_1 [PAD]_1 [PAD]_1 [PAD]_1 [PAD]_1 [PAD]_1 [PAD]_1 [PAD]_1 [PAD]_1 [PAD]_1 [PAD]_1 [PAD]_1 [PAD]_1 [PAD]_1 [PAD]_1 [PAD]_1 [PAD]_1 [PAD]_1 [PAD]_1 [PAD]_1 [PAD]_1 [PAD]_1 [PAD]_1 [PAD]_1 [PAD]_1 [PAD]_1 [PAD]_1 [PAD]_1 [PAD]_1 [PAD]_1 [PAD]_1 [PAD]_1 [PAD]_1 [PAD]_1 [PAD]_1 [PAD]_1 [PAD]_1 [PAD]_1 [PAD]_1 [PAD]_1 [PAD]_1 [PAD]_1 [PAD]_1 [PAD]_1 [PAD]_1 [PAD]_1 [PAD]_1 [PAD]_1 [PAD]_1 [PAD]_1 [PAD]_1 [PAD]_1 [PAD]_1 [PAD]_1 [PAD]_1 [PAD]_1 [PAD]_1 [PAD]_1 [PAD]_1 [PAD]_1 [PAD]_1 [PAD]_1 [PAD]_1 [PAD]_1 [PAD]_1 [PAD]_1 [PAD]_1 [PAD]_1 [PAD]_1 [PAD]_1 [PAD]_1 [PAD]_1 [PAD]_1 [PAD]_1 [PAD]_1 [PAD]_1 [PAD]_1 [PAD]_1 [PAD]_1 [PAD]_1 [PAD]_1 [PAD]_1 [PAD]_1 [PAD]_1 [PAD]_1 [PAD]_1 [PAD]_1 [PAD]_1 [PAD]_1 [PAD]_1 [PAD]_1 [PAD]_1 华_1 为_1 nova_1 ##2_1 有_1 没_1 有_1 要_1 的_1 。_1 可_1 换_1 可_1 卖_1 [SEP]_1
2019-10-17 16:01:49,119 Token Sample: [CLS]_0 嘉_0 定_0 区_0 举_0 办_0 [UNK]_0 追_0 梦_0 新_0 时_0 代_0 ，_0 文_0 明_0 新_0 风_0 尚_0 [UNK]_0 活_0 动_0 [PAD]_0 [PAD]_0 [PAD]_0 [PAD]_0 [PAD]_0 [PAD]_0 [PAD]_0 [PAD]_0 [PAD]_0 [PAD]_0 [PAD]_0 [PAD]_0 [PAD]_0 [PAD]_0 [PAD]_0 [PAD]_0 [PAD]_0 [PAD]_0 [PAD]_0 [PAD]_0 [PAD]_0 [PAD]_0 [PAD]_0 [PAD]_0 [PAD]_0 [PAD]_0 [PAD]_0 [PAD]_0 [PAD]_0 [PAD]_0 [PAD]_0 [SEP]_0 2_1 月_1 19_1 日_1 ，_1 [UNK]_1 追_1 梦_1 新_1 时_1 代_1 文_1 明_1 新_1 风_1 尚_1 [UNK]_1 嘉_1 定_1 区_1 2019_1 年_1 [UNK]_1 我_1 们_1 的_1 节_1 日_1 ·_1 元_1 宵_1 [UNK]_1 活_1 动_1 在_1 徐_1 行_1 镇_1 文_1 化_1 体_1 育_1 服_1 务_1 中_1 心_1 拉_1 开_1 帷_1 幕_1 。_1 活_1 动_1 为_1 徐_1 行_1 镇_1 文_1 化_1 体_1 育_1 服_1 务_1 中_1 心_1 、_1 徐_1 行_1 镇_1 我_1 嘉_1 书_1 房_1 、_1 徐_1 行_1 镇_1 钱_1 桥_1 村_1 张_1 金_1 龙_1 客_1 堂_1 汇_1 、_1 徐_1 行_1 镇_1 曹_1 王_1 西_1 巷_1 [UNK]_1 瓷_1 上_1 文_1 化_1 [UNK]_1 空_1 间_1 、_1 徐_1 行_1 镇_1 曹_1 王_1 汇_1 家_1 群_1 团_1 服_1 务_1 站_1 、_1 徐_1 行_1 镇_1 小_1 庙_1 家_1 园_1 等_1 首_1 批_1 6_1 处_1 徐_1 行_1 镇_1 农_1 村_1 市_1 民_1 修_1 身_1 活_1 动_1 点_1 授_1 牌_1 。_1 首_1 批_1 [UNK]_1 魅_1 力_1 徐_1 行_1 [UNK]_1 市_1 民_1 修_1 身_1 课_1 程_1 在_1 活_1 动_1 中_1 揭_1 幕_1 。_1 活_1 动_1 还_1 开_1 启_1 了_1 2019_1 年_1 徐_1 行_1 镇_1 生_1 活_1 垃_1 圾_1 全_1 程_1 分_1 类_1 宣_1 传_1 日_1 暨_1 徐_1 行_1 镇_1 [UNK]_1 美_1 丽_1 村_1 落_1 [UNK]_1 创_1 建_1 工_1 作_1 的_1 序_1 幕_1 。_1 活_1 动_1 上_1 ，_1 徐_1 行_1 草_1 编_1 、_1 徐_1 行_1 蒸_1 糕_1 以_1 及_1 徐_1 行_1 本_1 地_1 汤_1 圆_1 等_1 非_1 物_1 质_1 文_1 化_1 遗_1 产_1 及_1 民_1 俗_1 代_1 表_1 传_1 承_1 人_1 带_1 来_1 了_1 精_1 彩_1 的_1 海_1 派_1 文_1 化_1 活_1 动_1 ，_1 传_1 承_1 人_1 还_1 与_1 年_1 轻_1 一_1 辈_1 的_1 手_1 艺_1 人_1 们_1 带_1 来_1 了_1 各_1 自_1 那_1 首_1 [SEP]_1 们_1 带_1 来_1 了_1 各_1 自_1 那_1 首_1 的_1 手_1 工_1 艺_1 作_1 品_1 ，_1 一_1 同_1 为_1 市_1 民_1 送_1 来_1 元_1 宵_1 祝_1 福_1 。_1 据_1 悉_1 ，_1 [UNK]_1 魅_1 力_1 徐_1 行_1 [UNK]_1 市_1 民_1 修_1 身_1 课_1 程_1 分_1 别_1 由_1 徐_1 行_1 民_1 俗_1 文_1 化_1 体_1 验_1 ，_1 时_1 代_1 声_1 音_1 百_1 姓_1 宣_1 讲_1 、_1 美_1 丽_1 庭_1 院_1 绿_1 植_1 养_1 护_1 、_1 个_1 人_1 信_1 息_1 网_1 络_1 安_1 全_1 防_1 护_1 、_1 健_1 康_1 生_1 活_1 自_1 我_1 管_1 理_1 、_1 城_1 市_1 交_1 通_1 出_1 行_1 指_1 南_1 、_1 民_1 俗_1 美_1 食_1 制_1 作_1 等_1 七_1 项_1 内_1 容_1 组_1 成_1 。_1 本_1 次_1 活_1 动_1 的_1 外_1 场_1 ，_1 同_1 样_1 热_1 闹_1 非_1 凡_1 ，_1 灯_1 谜_1 、_1 草_1 编_1 、_1 泥_1 塑_1 、_1 蒸_1 糕_1 、_1 风_1 筝_1 等_1 各_1 样_1 的_1 民_1 俗_1 文_1 化_1 活_1 动_1 ，_1 展_1 现_1 了_1 浓_1 浓_1 的_1 节_1 日_1 氛_1 围_1 ，_1 前_1 来_1 游_1 玩_1 的_1 市_1 民_1 亦_1 是_1 络_1 绎_1 不_1 绝_1 。_1 [SEP]_1
2019-10-17 16:02:12,260 Token Sample: [CLS]_0 南_0 京_0 地_0 铁_0 2_0 号_0 线_0 ，_0 地_0 铁_0 1_0 号_0 线_0 南_0 延_0 线_0 公_0 共_0 通_0 信_0 网_0 络_0 建_0 设_0 改_0 造_0 项_0 目_0 勘_0 察_0 设_0 计_0 招_0 标_0 [PAD]_0 [PAD]_0 [PAD]_0 [PAD]_0 [PAD]_0 [PAD]_0 [PAD]_0 [PAD]_0 [PAD]_0 [PAD]_0 [PAD]_0 [PAD]_0 [PAD]_0 [PAD]_0 [PAD]_0 [PAD]_0 [PAD]_0 [SEP]_0 南_1 京_1 地_1 铁_1 2_1 号_1 线_1 、_1 地_1 铁_1 1_1 号_1 线_1 南_1 延_1 线_1 公_1 共_1 通_1 信_1 网_1 络_1 建_1 设_1 改_1 造_1 项_1 目_1 勘_1 察_1 设_1 计_1 招_1 标_1 招_1 标_1 公_1 告_1 招_1 标_1 编_1 号_1 招_1 标_1 编_1 码_1 所_1 属_1 行_1 业_1 :_1 交_1 通_1 运_1 输_1 ，_1 其_1 它_1 标_1 讯_1 类_1 别_1 :_1 国_1 内_1 招_1 标_1 资_1 金_1 来_1 源_1 :_1 其_1 它_1 所_1 属_1 地_1 区_1 :_1 江_1 苏_1 招_1 标_1 人_1 ：_1 中_1 国_1 电_1 信_1 股_1 份_1 有_1 限_1 公_1 司_1 南_1 京_1 分_1 公_1 司_1 1_1 ._1 招_1 标_1 条_1 件_1 本_1 招_1 标_1 项_1 目_1 南_1 京_1 地_1 铁_1 2_1 号_1 线_1 、_1 地_1 铁_1 1_1 号_1 线_1 南_1 延_1 线_1 公_1 共_1 通_1 信_1 网_1 络_1 建_1 设_1 改_1 造_1 项_1 目_1 由_1 中_1 国_1 移_1 动_1 通_1 信_1 集_1 团_1 江_1 苏_1 有_1 限_1 公_1 司_1 南_1 京_1 分_1 公_1 司_1 、_1 中_1 国_1 电_1 信_1 股_1 份_1 有_1 限_1 公_1 司_1 南_1 京_1 分_1 公_1 司_1 、_1 中_1 国_1 联_1 合_1 网_1 络_1 通_1 信_1 有_1 限_1 公_1 司_1 南_1 京_1 市_1 分_1 公_1 司_1 以_1 宁_1 移_1 分_1 司_1 呈_1 号_1 号_1 、_1 江_1 苏_1 联_1 通_1 项_1 目_1 批_1 [_1 2015_1 ]_1 136_1 号_1 批_1 准_1 建_1 设_1 ，_1 项_1 目_1 业_1 主_1 为_1 中_1 国_1 移_1 动_1 通_1 信_1 集_1 团_1 江_1 苏_1 有_1 限_1 公_1 司_1 南_1 京_1 分_1 公_1 司_1 、_1 中_1 国_1 电_1 信_1 股_1 份_1 有_1 限_1 公_1 司_1 南_1 京_1 分_1 公_1 司_1 、_1 中_1 国_1 联_1 合_1 网_1 络_1 通_1 信_1 有_1 限_1 公_1 司_1 南_1 京_1 [SEP]_1 位_1 介_1 绍_1 信_1 购_1 买_1 招_1 标_1 文_1 件_1 。_1 4_1 ._1 2_1 招_1 标_1 文_1 件_1 每_1 套_1 售_1 价_1 1000_1 元_1 ，_1 售_1 后_1 不_1 退_1 。_1 4_1 ._1 3_1 邮_1 购_1 招_1 标_1 文_1 件_1 的_1 ，_1 邮_1 费_1 到_1 付_1 ，_1 招_1 标_1 代_1 理_1 机_1 构_1 在_1 收_1 到_1 单_1 位_1 介_1 绍_1 信_1 和_1 招_1 标_1 文_1 件_1 费_1 用_1 后_1 1_1 日_1 内_1 寄_1 送_1 。_1 5_1 ._1 投_1 标_1 文_1 件_1 的_1 递_1 交_1 5_1 ._1 1_1 投_1 标_1 文_1 件_1 递_1 交_1 的_1 截_1 止_1 时_1 间_1 （_1 投_1 标_1 截_1 止_1 时_1 间_1 ，_1 下_1 同_1 ）_1 为_1 2015_1 年_1 8_1 月_1 26_1 日_1 9_1 时_1 00_1 分_1 ，_1 5_1 ._1 2_1 逾_1 期_1 送_1 达_1 的_1 或_1 者_1 未_1 送_1 达_1 指_1 定_1 地_1 点_1 的_1 投_1 标_1 文_1 件_1 ，_1 招_1 标_1 人_1 不_1 予_1 受_1 理_1 。_1 联_1 系_1 人_1 :_1 赵_1 华_1 （_1 经_1 理_1 ）_1 手_1 机_1 邮_1 箱_1 地_1 址_1 ：_1 北_1 京_1 市_1 朝_1 阳_1 区_1 和_1 平_1 街_1 10_1 号_1 ._1 [SEP]_1
2019-10-17 16:02:32,339 Token Sample: [CLS]_0 2019_0 北_0 京_0 公_0 务_0 员_0 考_0 试_0 申_0 论_0 热_0 点_0 :_0 谨_0 防_0 [UNK]_0 消_0 费_0 投_0 诉_0 公_0 示_0 [UNK]_0 沦_0 为_0 摆_0 设_0 [PAD]_0 [PAD]_0 [PAD]_0 [PAD]_0 [PAD]_0 [PAD]_0 [PAD]_0 [PAD]_0 [PAD]_0 [PAD]_0 [PAD]_0 [PAD]_0 [PAD]_0 [PAD]_0 [PAD]_0 [PAD]_0 [PAD]_0 [PAD]_0 [PAD]_0 [PAD]_0 [PAD]_0 [PAD]_0 [PAD]_0 [PAD]_0 [SEP]_0 218_1 年_1 3_1 月_1 ，_1 浙_1 江_1 省_1 工_1 商_1 局_1 印_1 发_1 《_1 全_1 面_1 开_1 展_1 消_1 费_1 投_1 诉_1 公_1 示_1 试_1 点_1 工_1 作_1 实_1 施_1 方_1 案_1 》_1 ，_1 要_1 求_1 各_1 地_1 开_1 展_1 好_1 消_1 费_1 投_1 诉_1 公_1 示_1 试_1 点_1 ，_1 将_1 投_1 诉_1 涉_1 及_1 的_1 重_1 点_1 行_1 业_1 、_1 重_1 点_1 领_1 域_1 、_1 重_1 点_1 企_1 业_1 、_1 典_1 型_1 案_1 例_1 、_1 热_1 点_1 问_1 题_1 、_1 苗_1 头_1 性_1 问_1 题_1 、_1 潜_1 在_1 风_1 险_1 等_1 向_1 社_1 会_1 作_1 公_1 示_1 发_1 布_1 。_1 同_1 时_1 据_1 媒_1 体_1 报_1 道_1 ，_1 近_1 期_1 广_1 东_1 省_1 首_1 个_1 消_1 费_1 公_1 示_1 平_1 台_1 [UNK]_1 [UNK]_1 佛_1 山_1 市_1 南_1 海_1 区_1 消_1 费_1 投_1 诉_1 公_1 示_1 平_1 台_1 上_1 线_1 ，_1 首_1 批_1 上_1 线_1 数_1 据_1 涉_1 8_1 个_1 行_1 业_1 的_1 600_1 多_1 家_1 企_1 业_1 ，_1 超_1 3600_1 条_1 消_1 费_1 投_1 诉_1 信_1 息_1 ，_1 5_1 家_1 投_1 诉_1 量_1 靠_1 前_1 的_1 企_1 业_1 被_1 曝_1 光_1 。_1 消_1 费_1 投_1 诉_1 公_1 示_1 是_1 对_1 消_1 费_1 者_1 知_1 情_1 权_1 的_1 尊_1 重_1 ，_1 也_1 是_1 风_1 险_1 警_1 示_1 。_1 消_1 费_1 者_1 权_1 益_1 保_1 护_1 法_1 、_1 食_1 品_1 安_1 全_1 法_1 等_1 都_1 赋_1 予_1 消_1 费_1 者_1 以_1 知_1 情_1 权_1 ，_1 消_1 费_1 者_1 享_1 有_1 知_1 悉_1 其_1 购_1 买_1 、_1 使_1 用_1 的_1 商_1 品_1 或_1 者_1 接_1 受_1 的_1 服_1 务_1 的_1 真_1 实_1 情_1 况_1 的_1 权_1 利_1 ，_1 在_1 购_1 买_1 、_1 使_1 用_1 商_1 品_1 或_1 [SEP]_1 权_1 益_1 保_1 护_1 法_1 、_1 食_1 品_1 安_1 全_1 法_1 等_1 都_1 赋_1 予_1 消_1 费_1 者_1 以_1 知_1 情_1 权_1 ，_1 消_1 费_1 者_1 享_1 有_1 知_1 悉_1 其_1 购_1 买_1 、_1 使_1 用_1 的_1 商_1 品_1 或_1 者_1 接_1 受_1 的_1 服_1 务_1 的_1 真_1 实_1 情_1 况_1 的_1 权_1 利_1 ，_1 在_1 购_1 买_1 、_1 使_1 用_1 商_1 品_1 或_1 接_1 受_1 服_1 务_1 时_1 ，_1 有_1 权_1 询_1 问_1 和_1 了_1 解_1 商_1 品_1 或_1 者_1 服_1 务_1 的_1 有_1 关_1 情_1 况_1 。_1 而_1 商_1 家_1 提_1 供_1 的_1 商_1 品_1 或_1 服_1 务_1 是_1 否_1 被_1 投_1 诉_1 过_1 、_1 投_1 诉_1 率_1 有_1 多_1 高_1 、_1 投_1 诉_1 善_1 后_1 处_1 理_1 状_1 况_1 等_1 ，_1 都_1 应_1 包_1 含_1 在_1 [UNK]_1 真_1 实_1 情_1 况_1 [UNK]_1 或_1 [UNK]_1 有_1 关_1 情_1 况_1 [UNK]_1 里_1 ，_1 以_1 便_1 于_1 消_1 费_1 者_1 在_1 做_1 出_1 消_1 费_1 决_1 策_1 前_1 进_1 行_1 甄_1 别_1 和_1 选_1 择_1 ，_1 以_1 规_1 避_1 可_1 能_1 的_1 消_1 费_1 陷_1 阱_1 与_1 纠_1 纷_1 。_1 [SEP]_1
2019-10-17 16:02:38,150 seed everything and create model
2019-10-17 16:04:16,546 step 150 train loss: 0.7417
2019-10-17 16:04:16,547 step 150 score: 0.5561
2019-10-17 16:05:50,700 step 300 train loss: 0.5149
2019-10-17 16:05:50,701 step 300 score: 0.7503
2019-10-17 16:07:24,837 step 450 train loss: 0.4076
2019-10-17 16:07:24,838 step 450 score: 0.6996
2019-10-17 16:08:58,938 step 600 train loss: 0.4153
2019-10-17 16:08:58,938 step 600 score: 0.7852
2019-10-17 16:10:33,066 step 750 train loss: 0.3678
2019-10-17 16:10:33,066 step 750 score: 0.7909
2019-10-17 16:12:07,192 step 900 train loss: 0.2958
2019-10-17 16:12:07,192 step 900 score: 0.7890
2019-10-17 16:13:41,333 step 1050 train loss: 0.3202
2019-10-17 16:13:41,334 step 1050 score: 0.7980
2019-10-17 16:15:15,482 step 1200 train loss: 0.2850
2019-10-17 16:15:15,482 step 1200 score: 0.7809
2019-10-17 16:16:49,616 step 1350 train loss: 0.3118
2019-10-17 16:16:49,616 step 1350 score: 0.8046
2019-10-17 16:18:23,782 step 1500 train loss: 0.3022
2019-10-17 16:18:23,782 step 1500 score: 0.7868
2019-10-17 16:19:57,935 step 1650 train loss: 0.2064
2019-10-17 16:19:57,935 step 1650 score: 0.7879
2019-10-17 16:21:32,071 step 1800 train loss: 0.1959
2019-10-17 16:21:32,071 step 1800 score: 0.7894
2019-10-17 16:23:06,203 step 1950 train loss: 0.2341
2019-10-17 16:23:06,204 step 1950 score: 0.7898
2019-10-17 16:24:40,337 step 2100 train loss: 0.2248
2019-10-17 16:24:40,337 step 2100 score: 0.7977
2019-10-17 16:24:40,338 best score is 0.8046
2019-10-17 16:28:17,622 step 150 train loss: 0.7456
2019-10-17 16:28:17,622 step 150 score: 0.5730
2019-10-17 16:29:51,765 step 300 train loss: 0.4768
2019-10-17 16:29:51,765 step 300 score: 0.7498
2019-10-17 16:31:26,112 step 450 train loss: 0.4290
2019-10-17 16:31:26,112 step 450 score: 0.7182
2019-10-17 16:32:58,898 step 600 train loss: 0.4136
2019-10-17 16:32:58,899 step 600 score: 0.7680
2019-10-17 16:34:33,036 step 750 train loss: 0.3681
2019-10-17 16:34:33,036 step 750 score: 0.7742
2019-10-17 16:36:07,183 step 900 train loss: 0.2934
2019-10-17 16:36:07,183 step 900 score: 0.7854
2019-10-17 16:37:41,323 step 1050 train loss: 0.3229
2019-10-17 16:37:41,324 step 1050 score: 0.7780
2019-10-17 16:39:15,454 step 1200 train loss: 0.2983
2019-10-17 16:39:15,454 step 1200 score: 0.7812
2019-10-17 16:40:49,591 step 1350 train loss: 0.3190
2019-10-17 16:40:49,591 step 1350 score: 0.7977
2019-10-17 16:42:23,756 step 1500 train loss: 0.2403
2019-10-17 16:42:23,757 step 1500 score: 0.7983
2019-10-17 16:43:57,900 step 1650 train loss: 0.2177
2019-10-17 16:43:57,900 step 1650 score: 0.7778
2019-10-17 16:45:32,035 step 1800 train loss: 0.1961
2019-10-17 16:45:32,035 step 1800 score: 0.7887
2019-10-17 16:47:06,183 step 1950 train loss: 0.2453
2019-10-17 16:47:06,183 step 1950 score: 0.7853
2019-10-17 16:48:40,313 step 2100 train loss: 0.2033
2019-10-17 16:48:40,313 step 2100 score: 0.7874
2019-10-17 16:50:14,450 step 2250 train loss: 0.2010
2019-10-17 16:50:14,450 step 2250 score: 0.7946
2019-10-17 16:50:14,451 best score is 0.7983
2019-10-17 16:53:51,697 step 150 train loss: 0.7463
2019-10-17 16:53:51,698 step 150 score: 0.6389
2019-10-17 16:55:25,849 step 300 train loss: 0.5039
2019-10-17 16:55:25,850 step 300 score: 0.7179
2019-10-17 16:56:59,984 step 450 train loss: 0.4400
2019-10-17 16:56:59,984 step 450 score: 0.7726
2019-10-17 16:58:34,098 step 600 train loss: 0.4058
2019-10-17 16:58:34,098 step 600 score: 0.7751
2019-10-17 17:00:08,275 step 750 train loss: 0.3773
2019-10-17 17:00:08,275 step 750 score: 0.7861
2019-10-17 17:01:42,431 step 900 train loss: 0.3000
2019-10-17 17:01:42,432 step 900 score: 0.7742
2019-10-17 17:03:16,572 step 1050 train loss: 0.3224
2019-10-17 17:03:16,573 step 1050 score: 0.8032
2019-10-17 17:04:50,724 step 1200 train loss: 0.3487
2019-10-17 17:04:50,725 step 1200 score: 0.8169
2019-10-17 17:06:24,876 step 1350 train loss: 0.3318
2019-10-17 17:06:24,877 step 1350 score: 0.8018
2019-10-17 17:07:59,031 step 1500 train loss: 0.3186
2019-10-17 17:07:59,031 step 1500 score: 0.8024
2019-10-17 17:09:33,152 step 1650 train loss: 0.2536
2019-10-17 17:09:33,152 step 1650 score: 0.8176
2019-10-17 17:11:07,307 step 1800 train loss: 0.2324
2019-10-17 17:11:07,307 step 1800 score: 0.8249
2019-10-17 17:12:41,432 step 1950 train loss: 0.2591
2019-10-17 17:12:41,432 step 1950 score: 0.8102
2019-10-17 17:14:15,541 step 2100 train loss: 0.2472
2019-10-17 17:14:15,541 step 2100 score: 0.8278
2019-10-17 17:15:49,732 step 2250 train loss: 0.2449
2019-10-17 17:15:49,733 step 2250 score: 0.8169
2019-10-17 17:17:23,852 step 2400 train loss: 0.1912
2019-10-17 17:17:23,852 step 2400 score: 0.8122
2019-10-17 17:18:57,978 step 2550 train loss: 0.1850
2019-10-17 17:18:57,978 step 2550 score: 0.8290
2019-10-17 17:20:32,095 step 2700 train loss: 0.1981
2019-10-17 17:20:32,095 step 2700 score: 0.8060
2019-10-17 17:22:06,214 step 2850 train loss: 0.1874
2019-10-17 17:22:06,214 step 2850 score: 0.8140
2019-10-17 17:23:40,306 step 3000 train loss: 0.1893
2019-10-17 17:23:40,306 step 3000 score: 0.8212
2019-10-17 17:23:40,307 best score is 0.8290
2019-10-17 17:27:17,529 step 150 train loss: 0.7634
2019-10-17 17:27:17,529 step 150 score: 0.5231
2019-10-17 17:28:51,629 step 300 train loss: 0.5702
2019-10-17 17:28:51,630 step 300 score: 0.7185
2019-10-17 17:30:25,727 step 450 train loss: 0.4158
2019-10-17 17:30:25,727 step 450 score: 0.7221
2019-10-17 17:31:59,834 step 600 train loss: 0.4473
2019-10-17 17:31:59,835 step 600 score: 0.7704
2019-10-17 17:33:33,938 step 750 train loss: 0.3988
2019-10-17 17:33:33,938 step 750 score: 0.7759
2019-10-17 17:35:08,045 step 900 train loss: 0.3105
2019-10-17 17:35:08,045 step 900 score: 0.7779
2019-10-17 17:36:42,142 step 1050 train loss: 0.3397
2019-10-17 17:36:42,142 step 1050 score: 0.7778
2019-10-17 17:38:16,226 step 1200 train loss: 0.3309
2019-10-17 17:38:16,226 step 1200 score: 0.7690
2019-10-17 17:39:50,319 step 1350 train loss: 0.3249
2019-10-17 17:39:50,319 step 1350 score: 0.7749
2019-10-17 17:41:24,425 step 1500 train loss: 0.2826
2019-10-17 17:41:24,425 step 1500 score: 0.7580
2019-10-17 17:42:58,520 step 1650 train loss: 0.2452
2019-10-17 17:42:58,520 step 1650 score: 0.7976
2019-10-17 17:44:32,629 step 1800 train loss: 0.2307
2019-10-17 17:44:32,630 step 1800 score: 0.7643
2019-10-17 17:46:06,736 step 1950 train loss: 0.2274
2019-10-17 17:46:06,736 step 1950 score: 0.7853
2019-10-17 17:47:40,848 step 2100 train loss: 0.2463
2019-10-17 17:47:40,849 step 2100 score: 0.7848
2019-10-17 17:49:14,969 step 2250 train loss: 0.2214
2019-10-17 17:49:14,970 step 2250 score: 0.7757
2019-10-17 17:50:49,073 step 2400 train loss: 0.1633
2019-10-17 17:50:49,073 step 2400 score: 0.7971
2019-10-17 17:50:49,074 best score is 0.7976
2019-10-17 17:54:26,259 step 150 train loss: 0.7622
2019-10-17 17:54:26,260 step 150 score: 0.6795
2019-10-17 17:56:00,366 step 300 train loss: 0.5091
2019-10-17 17:56:00,366 step 300 score: 0.7428
2019-10-17 17:57:34,464 step 450 train loss: 0.4282
2019-10-17 17:57:34,464 step 450 score: 0.7794
2019-10-17 17:59:08,581 step 600 train loss: 0.4041
2019-10-17 17:59:08,581 step 600 score: 0.7938
2019-10-17 18:00:42,808 step 750 train loss: 0.3882
2019-10-17 18:00:42,809 step 750 score: 0.8018
2019-10-17 18:02:16,917 step 900 train loss: 0.3135
2019-10-17 18:02:16,917 step 900 score: 0.7348
2019-10-17 18:03:51,012 step 1050 train loss: 0.2596
2019-10-17 18:03:51,012 step 1050 score: 0.7586
2019-10-17 18:05:25,116 step 1200 train loss: 0.3199
2019-10-17 18:05:25,116 step 1200 score: 0.8028
2019-10-17 18:06:59,237 step 1350 train loss: 0.3123
2019-10-17 18:06:59,238 step 1350 score: 0.7697
2019-10-17 18:08:33,355 step 1500 train loss: 0.2825
2019-10-17 18:08:33,356 step 1500 score: 0.8020
2019-10-17 18:10:07,437 step 1650 train loss: 0.2080
2019-10-17 18:10:07,438 step 1650 score: 0.7933
2019-10-17 18:11:41,526 step 1800 train loss: 0.2090
2019-10-17 18:11:41,526 step 1800 score: 0.8039
2019-10-17 18:13:15,617 step 1950 train loss: 0.1974
2019-10-17 18:13:15,617 step 1950 score: 0.8008
2019-10-17 18:14:49,731 step 2100 train loss: 0.1939
2019-10-17 18:14:49,731 step 2100 score: 0.8012
2019-10-17 18:16:23,842 step 2250 train loss: 0.2101
2019-10-17 18:16:23,842 step 2250 score: 0.8026
2019-10-17 18:17:57,952 step 2400 train loss: 0.1443
2019-10-17 18:17:57,953 step 2400 score: 0.8005
2019-10-17 18:19:32,045 step 2550 train loss: 0.1616
2019-10-17 18:19:32,046 step 2550 score: 0.7926
2019-10-17 18:19:32,046 best score is 0.8039
2019-10-17 18:21:35,116 average: 0.806693
