2019-10-18 14:09:06,628 log_in_file: True
2019-10-18 14:09:06,628 bert_path: /home/wangzl/PretrainedLM/BERT/New/roberta_zh_L-24_H-1024_A-16/
2019-10-18 14:09:06,629 data_path: ../data/
2019-10-18 14:09:06,629 usegpu: True
2019-10-18 14:09:06,629 use_origin: False
2019-10-18 14:09:06,629 n_fold: 5
2019-10-18 14:09:06,629 total_step: 10000
2019-10-18 14:09:06,629 eval_every: 1000
2019-10-18 14:09:06,629 early_stop: 4
2019-10-18 14:09:06,629 max_length: 510
2019-10-18 14:09:06,629 max_title_rate: 0.125
2019-10-18 14:09:06,629 content_head_rate: 0.6
2019-10-18 14:09:06,629 batch_size: 2
2019-10-18 14:09:06,629 lr_scheduler_type: linear
2019-10-18 14:09:06,629 input_pattern: head+tail+dynamic
2019-10-18 14:09:06,629 clean_method: space
2019-10-18 14:09:06,629 warmup_rate: 0.1
2019-10-18 14:09:06,629 classifier_dropout: 0.3
2019-10-18 14:09:06,629 classifier_weight_decay: 0.0
2019-10-18 14:09:06,629 cache_final_model: False
2019-10-18 14:09:06,629 seed: 72
2019-10-18 14:09:06,629 lr: 2e-05
2019-10-18 14:09:06,629 lr_decay_in_layers: 0.95
2019-10-18 14:09:06,629 weight_decay: 0.01
2019-10-18 14:09:29,431 Token Sample: [CLS]_0 市_0 中_0 区_0 同_0 昕_0 茶_0 馆_0 韩_0 帮_0 霞_0 ：_0 下_0 岗_0 失_0 业_0 再_0 创_0 业_0 巾_0 帼_0 不_0 让_0 须_0 眉_0 [SEP]_0 热_1 点_1 枣_1 庄_1 报_1 道_1 ：_1 创_1 业_1 难_1 ，_1 女_1 性_1 创_1 业_1 更_1 难_1 ，_1 下_1 岗_1 女_1 性_1 创_1 业_1 难_1 中_1 之_1 难_1 。_1 日_1 前_1 ，_1 在_1 枣_1 庄_1 市_1 市_1 中_1 区_1 建_1 华_1 西_1 路_1 有_1 一_1 家_1 茶_1 馆_1 [UNK]_1 [UNK]_1 同_1 昕_1 茶_1 馆_1 。_1 老_1 板_1 是_1 一_1 位_1 70_1 后_1 下_1 岗_1 女_1 职_1 工_1 ，_1 名_1 字_1 叫_1 韩_1 帮_1 霞_1 。_1 她_1 讲_1 述_1 了_1 经_1 历_1 下_1 岗_1 、_1 失_1 业_1 、_1 再_1 创_1 业_1 的_1 过_1 程_1 中_1 不_1 言_1 苦_1 、_1 不_1 言_1 累_1 、_1 不_1 言_1 难_1 的_1 创_1 业_1 历_1 程_1 。_1 韩_1 帮_1 霞_1 介_1 绍_1 说_1 ，_1 中_1 专_1 毕_1 业_1 后_1 分_1 配_1 到_1 [UNK]_1 枣_1 庄_1 市_1 天_1 鹅_1 地_1 毯_1 总_1 厂_1 [UNK]_1 工_1 作_1 ，_1 由_1 于_1 工_1 作_1 认_1 真_1 ，_1 被_1 推_1 荐_1 到_1 质_1 检_1 工_1 作_1 ，_1 兢_1 兢_1 业_1 业_1 工_1 作_1 [UNK]_1 [UNK]_1 。_1 几_1 年_1 后_1 ，_1 由_1 于_1 市_1 场_1 经_1 济_1 ，_1 企_1 业_1 经_1 常_1 处_1 于_1 停_1 产_1 半_1 停_1 产_1 状_1 态_1 ，_1 工_1 厂_1 面_1 临_1 倒_1 闭_1 ，_1 此_1 时_1 的_1 韩_1 帮_1 霞_1 经_1 过_1 深_1 思_1 熟_1 虑_1 后_1 决_1 定_1 下_1 岗_1 要_1 去_1 [UNK]_1 商_1 海_1 [UNK]_1 中_1 搏_1 一_1 搏_1 。_1 首_1 先_1 ，_1 在_1 市_1 中_1 区_1 建_1 华_1 路_1 开_1 了_1 一_1 间_1 [UNK]_1 干_1 洗_1 店_1 [UNK]_1 ，_1 一_1 干_1 就_1 是_1 几_1 年_1 ，_1 一_1 个_1 人_1 再_1 苦_1 再_1 累_1 ，_1 从_1 不_1 向_1 困_1 难_1 低_1 头_1 [UNK]_1 [UNK]_1 。_1 由_1 于_1 热_1 爱_1 茶_1 文_1 化_1 又_1 开_1 了_1 一_1 家_1 [UNK]_1 衫_1 品_1 茶_1 园_1 [UNK]_1 茶_1 [SEP]_1 年_1 的_1 发_1 展_1 ，_1 韩_1 帮_1 霞_1 的_1 事_1 业_1 蒸_1 蒸_1 日_1 上_1 ，_1 2016_1 年_1 6_1 月_1 在_1 建_1 华_1 路_1 再_1 新_1 开_1 一_1 个_1 茶_1 馆_1 [UNK]_1 [UNK]_1 同_1 昕_1 茶_1 馆_1 。_1 下_1 岗_1 我_1 都_1 不_1 怕_1 ，_1 怕_1 的_1 是_1 没_1 有_1 事_1 业_1 心_1 [UNK]_1 [UNK]_1 韩_1 帮_1 霞_1 说_1 。_1 但_1 我_1 要_1 更_1 多_1 的_1 感_1 谢_1 社_1 会_1 ，_1 感_1 谢_1 市_1 中_1 给_1 了_1 我_1 发_1 展_1 的_1 机_1 会_1 和_1 创_1 业_1 的_1 机_1 遇_1 ，_1 我_1 十_1 分_1 的_1 珍_1 惜_1 和_1 爱_1 护_1 [UNK]_1 [UNK]_1 。_1 新_1 时_1 代_1 的_1 号_1 角_1 已_1 经_1 吹_1 响_1 ，_1 作_1 为_1 创_1 业_1 人_1 ，_1 下_1 一_1 步_1 ，_1 我_1 要_1 代_1 领_1 姐_1 妹_1 们_1 培_1 养_1 和_1 打_1 造_1 一_1 支_1 优_1 秀_1 的_1 团_1 队_1 ，_1 一_1 起_1 创_1 业_1 和_1 努_1 力_1 发_1 展_1 好_1 事_1 业_1 ，_1 用_1 勤_1 奋_1 、_1 诚_1 实_1 、_1 敬_1 业_1 、_1 优_1 质_1 的_1 服_1 务_1 。_1 （_1 记_1 者_1 ：_1 小_1 辉_1 辉_1 ）_1 （_1 长_1 按_1 上_1 方_1 二_1 维_1 码_1 关_1 注_1 我_1 们_1 ）_1 [SEP]_1
2019-10-18 14:09:43,573 Token Sample: [CLS]_0 今_0 年_0 27_0 只_0 [UNK]_0 老_0 虎_0 [UNK]_0 受_0 审_0 名_0 单_0 !_0 有_0 的_0 位_0 高_0 权_0 重_0 ，_0 有_0 的_0 已_0 经_0 退_0 休_0 [SEP]_0 中_1 共_1 中_1 央_1 政_1 治_1 局_1 12_1 月_1 13_1 日_1 召_1 开_1 会_1 议_1 ，_1 分_1 析_1 研_1 究_1 2019_1 年_1 经_1 济_1 工_1 作_1 ，_1 研_1 究_1 部_1 署_1 2019_1 年_1 党_1 风_1 廉_1 政_1 建_1 设_1 和_1 反_1 腐_1 败_1 工_1 作_1 。_1 会_1 议_1 强_1 调_1 ，_1 反_1 腐_1 败_1 斗_1 争_1 形_1 势_1 依_1 然_1 严_1 峻_1 复_1 杂_1 ，_1 全_1 面_1 从_1 严_1 治_1 党_1 依_1 然_1 任_1 重_1 道_1 远_1 ，_1 必_1 须_1 将_1 [UNK]_1 严_1 [UNK]_1 字_1 长_1 期_1 坚_1 持_1 下_1 去_1 ，_1 不_1 断_1 推_1 进_1 党_1 的_1 自_1 我_1 革_1 命_1 ，_1 实_1 现_1 自_1 我_1 净_1 化_1 、_1 自_1 我_1 完_1 善_1 、_1 自_1 我_1 革_1 新_1 、_1 自_1 我_1 提_1 高_1 。_1 2018_1 年_1 是_1 党_1 的_1 十_1 九_1 大_1 之_1 后_1 的_1 开_1 局_1 之_1 年_1 ，_1 正_1 风_1 反_1 腐_1 将_1 [UNK]_1 严_1 [UNK]_1 字_1 一_1 以_1 贯_1 之_1 ，_1 全_1 年_1 处_1 理_1 的_1 [UNK]_1 老_1 虎_1 [UNK]_1 超_1 过_1 40_1 只_1 ，_1 其_1 中_1 接_1 受_1 审_1 判_1 的_1 原_1 省_1 部_1 级_1 以_1 上_1 干_1 部_1 有_1 27_1 人_1 。_1 这_1 27_1 人_1 中_1 ，_1 既_1 有_1 孙_1 政_1 才_1 这_1 样_1 的_1 重_1 磅_1 [UNK]_1 大_1 老_1 虎_1 [UNK]_1 ，_1 还_1 有_1 4_1 名_1 原_1 中_1 央_1 委_1 员_1 ，_1 分_1 别_1 是_1 王_1 三_1 运_1 、_1 项_1 俊_1 波_1 、_1 苏_1 树_1 林_1 、_1 孙_1 怀_1 山_1 ，_1 以_1 及_1 3_1 名_1 原_1 中_1 央_1 候_1 补_1 委_1 员_1 ：_1 李_1 云_1 峰_1 、_1 莫_1 建_1 成_1 、_1 杨_1 崇_1 勇_1 。_1 尚_1 未_1 审_1 判_1 或_1 接_1 受_1 党_1 政_1 纪_1 处_1 分_1 的_1 其_1 它_1 落_1 马_1 [UNK]_1 老_1 虎_1 [UNK]_1 中_1 ，_1 还_1 有_1 4_1 [SEP]_1 [UNK]_1 幸_1 好_1 是_1 乌_1 龙_1 ，_1 骂_1 声_1 里_1 的_1 民_1 意_1 不_1 容_1 忽_1 视_1 ！_1 山_1 东_1 菏_1 泽_1 现_1 [UNK]_1 神_1 高_1 粱_1 [UNK]_1 引_1 人_1 烧_1 香_1 祈_1 福_1 【_1 三_1 分_1 钟_1 法_1 治_1 新_1 闻_1 全_1 知_1 道_1 】_1 中_1 央_1 政_1 法_1 委_1 首_1 批_1 [UNK]_1 十_1 大_1 课_1 题_1 [UNK]_1 研_1 究_1 成_1 果_1 新_1 鲜_1 出_1 炉_1 ！_1 催_1 生_1 系_1 列_1 工_1 作_1 成_1 果_1 和_1 制_1 度_1 成_1 果_1 浙_1 江_1 教_1 育_1 厅_1 厅_1 长_1 被_1 责_1 令_1 辞_1 职_1 ！_1 2018_1 高_1 考_1 英_1 语_1 出_1 现_1 重_1 大_1 责_1 任_1 事_1 故_1 央_1 视_1 十_1 大_1 法_1 治_1 人_1 物_1 揭_1 晓_1 ！_1 最_1 具_1 网_1 络_1 影_1 响_1 力_1 人_1 物_1 是_1 [UNK]_1 老_1 熟_1 人_1 [UNK]_1 司_1 法_1 部_1 部_1 长_1 亲_1 自_1 为_1 律_1 师_1 监_1 誓_1 ，_1 他_1 们_1 到_1 底_1 有_1 多_1 重_1 要_1 ？_1 行_1 人_1 过_1 马_1 路_1 都_1 能_1 算_1 交_1 通_1 肇_1 事_1 被_1 判_1 刑_1 ？_1 ！_1 ▼_1 更_1 多_1 精_1 彩_1 推_1 荐_1 ，_1 请_1 关_1 注_1 我_1 们_1 ▼_1 长_1 按_1 下_1 载_1 关_1 注_1 [SEP]_1
2019-10-18 14:10:09,878 Token Sample: [CLS]_0 谯_0 城_0 区_0 魏_0 岗_0 镇_0 出_0 实_0 招_0 狠_0 抓_0 干_0 部_0 作_0 风_0 建_0 设_0 -_0 谯_0 城_0 先_0 锋_0 网_0 [SEP]_0 镇_1 纪_1 委_1 加_1 强_1 对_1 镇_1 村_1 干_1 部_1 的_1 效_1 能_1 督_1 查_1 ，_1 重_1 点_1 对_1 镇_1 村_1 干_1 部_1 中_1 午_1 饮_1 酒_1 问_1 题_1 进_1 行_1 明_1 察_1 暗_1 访_1 ，_1 随_1 身_1 携_1 带_1 酒_1 精_1 测_1 试_1 仪_1 ，_1 对_1 违_1 反_1 工_1 作_1 日_1 中_1 午_1 饮_1 酒_1 规_1 定_1 的_1 干_1 部_1 ，_1 一_1 经_1 发_1 现_1 ，_1 严_1 肃_1 处_1 理_1 。_1 5_1 月_1 2_1 日_1 ，_1 镇_1 纪_1 委_1 发_1 现_1 王_1 井_1 村_1 村_1 [UNK]_1 两_1 委_1 [UNK]_1 换_1 届_1 筹_1 备_1 组_1 成_1 员_1 郑_1 中_1 原_1 工_1 作_1 日_1 中_1 午_1 饮_1 酒_1 ，_1 经_1 镇_1 纪_1 委_1 立_1 案_1 审_1 查_1 ，_1 镇_1 党_1 委_1 会_1 研_1 究_1 ，_1 给_1 予_1 郑_1 中_1 原_1 党_1 内_1 警_1 告_1 处_1 分_1 ，_1 并_1 辞_1 退_1 处_1 理_1 。_1 魏_1 岗_1 镇_1 要_1 求_1 干_1 部_1 守_1 规_1 矩_1 、_1 重_1 实_1 效_1 。_1 对_1 于_1 心_1 存_1 侥_1 幸_1 、_1 不_1 遵_1 守_1 纪_1 律_1 的_1 干_1 部_1 坚_1 决_1 奉_1 行_1 发_1 现_1 一_1 起_1 ，_1 查_1 处_1 一_1 起_1 ，_1 只_1 要_1 违_1 反_1 规_1 定_1 ，_1 就_1 应_1 该_1 给_1 予_1 相_1 应_1 处_1 理_1 。_1 绝_1 不_1 姑_1 息_1 和_1 纵_1 容_1 发_1 生_1 在_1 身_1 边_1 的_1 违_1 纪_1 违_1 规_1 行_1 为_1 。_1 纠_1 正_1 四_1 风_1 不_1 止_1 步_1 ，_1 作_1 风_1 建_1 设_1 永_1 远_1 在_1 路_1 上_1 ，_1 魏_1 岗_1 镇_1 加_1 强_1 日_1 常_1 督_1 查_1 ，_1 大_1 力_1 发_1 挥_1 群_1 众_1 监_1 督_1 作_1 用_1 ，_1 用_1 制_1 度_1 约_1 束_1 党_1 员_1 干_1 部_1 ，_1 使_1 大_1 家_1 自_1 觉_1 遵_1 守_1 党_1 纪_1 党_1 规_1 ，_1 做_1 廉_1 洁_1 自_1 律_1 的_1 表_1 率_1 。_1 [SEP]_1 [PAD]_1 [PAD]_1 [PAD]_1 [PAD]_1 [PAD]_1 [PAD]_1 [PAD]_1 [PAD]_1 [PAD]_1 [PAD]_1 [PAD]_1 [PAD]_1 [PAD]_1 [PAD]_1 [PAD]_1 [PAD]_1 [PAD]_1 [PAD]_1 [PAD]_1 [PAD]_1 [PAD]_1 [PAD]_1 [PAD]_1 [PAD]_1 [PAD]_1 [PAD]_1 [PAD]_1 [PAD]_1 [PAD]_1 [PAD]_1 [PAD]_1 [PAD]_1 [PAD]_1 [PAD]_1 [PAD]_1 [PAD]_1 [PAD]_1 [PAD]_1 [PAD]_1 [PAD]_1 [PAD]_1 [PAD]_1 [PAD]_1 [PAD]_1 [PAD]_1 [PAD]_1 [PAD]_1 [PAD]_1 [PAD]_1 [PAD]_1 [PAD]_1 [PAD]_1 [PAD]_1 [PAD]_1 [PAD]_1 [PAD]_1 [PAD]_1 [PAD]_1 [PAD]_1 [PAD]_1 [PAD]_1 [PAD]_1 [PAD]_1 [PAD]_1 [PAD]_1 [PAD]_1 [PAD]_1 [PAD]_1 [PAD]_1 [PAD]_1 [PAD]_1 [PAD]_1 [PAD]_1 [PAD]_1 [PAD]_1 [PAD]_1 [PAD]_1 [PAD]_1 [PAD]_1 [PAD]_1 [PAD]_1 [PAD]_1 [PAD]_1 [PAD]_1 [PAD]_1 [PAD]_1 [PAD]_1 [PAD]_1 [PAD]_1 [PAD]_1 [PAD]_1 [PAD]_1 [PAD]_1 [PAD]_1 [PAD]_1 [PAD]_1 [PAD]_1 [PAD]_1 [PAD]_1 [PAD]_1 [PAD]_1 [PAD]_1 [PAD]_1 [PAD]_1 [PAD]_1 [PAD]_1 [PAD]_1 [PAD]_1 [PAD]_1 [PAD]_1 [PAD]_1 [PAD]_1 [PAD]_1 [PAD]_1 [PAD]_1 [PAD]_1 [PAD]_1 [PAD]_1 [PAD]_1 [PAD]_1 [PAD]_1 [PAD]_1 [PAD]_1 [PAD]_1 [PAD]_1 [PAD]_1 [PAD]_1 [PAD]_1 [PAD]_1 [PAD]_1 [PAD]_1 [PAD]_1 [PAD]_1 [PAD]_1 [PAD]_1 [PAD]_1 [PAD]_1 [PAD]_1 [PAD]_1 [PAD]_1 [PAD]_1 [PAD]_1 [PAD]_1 [PAD]_1 [PAD]_1 [PAD]_1 [PAD]_1 [PAD]_1 [PAD]_1 [PAD]_1 [PAD]_1 [PAD]_1 [PAD]_1 [PAD]_1 [PAD]_1 [PAD]_1 [PAD]_1 [PAD]_1 [PAD]_1 [PAD]_1 [PAD]_1 [PAD]_1 [PAD]_1 [PAD]_1 [PAD]_1 [PAD]_1 [PAD]_1 [PAD]_1 [PAD]_1 [PAD]_1 [PAD]_1 [PAD]_1 [PAD]_1 [PAD]_1 [PAD]_1 [PAD]_1 [PAD]_1 [PAD]_1 [PAD]_1 [PAD]_1 [PAD]_1 [PAD]_1 [PAD]_1 [PAD]_1 [PAD]_1 [PAD]_1 [PAD]_1 [PAD]_1 [PAD]_1 [PAD]_1 [PAD]_1
2019-10-18 14:10:23,939 Token Sample: [CLS]_0 点_0 赞_0 ！_0 大_0 连_0 降_0 雪_0 [UNK]_0 护_0 校_0 岗_0 [UNK]_0 交_0 警_0 护_0 送_0 学_0 生_0 安_0 全_0 过_0 马_0 路_0 [SEP]_0 12_1 月_1 11_1 日_1 凌_1 晨_1 ，_1 大_1 连_1 又_1 迎_1 来_1 新_1 一_1 轮_1 降_1 雪_1 ，_1 雪_1 量_1 达_1 到_1 中_1 雪_1 ，_1 主_1 要_1 集_1 中_1 在_1 后_1 盐_1 收_1 费_1 口_1 以_1 南_1 的_1 大_1 连_1 市_1 区_1 及_1 旅_1 顺_1 。_1 为_1 应_1 对_1 恶_1 劣_1 天_1 气_1 对_1 交_1 通_1 造_1 成_1 的_1 影_1 响_1 ，_1 10_1 日_1 傍_1 晚_1 ，_1 市_1 公_1 安_1 局_1 交_1 警_1 支_1 队_1 根_1 据_1 气_1 象_1 预_1 报_1 ，_1 提_1 前_1 对_1 11_1 日_1 的_1 交_1 通_1 管_1 控_1 进_1 行_1 安_1 排_1 部_1 署_1 ，_1 要_1 求_1 全_1 体_1 民_1 警_1 次_1 日_1 [UNK]_1 以_1 雪_1 为_1 令_1 [UNK]_1 就_1 近_1 上_1 岗_1 ，_1 全_1 力_1 确_1 保_1 道_1 路_1 通_1 畅_1 ，_1 严_1 防_1 事_1 故_1 发_1 生_1 。_1 凌_1 晨_1 6_1 时_1 左_1 右_1 ，_1 随_1 着_1 大_1 连_1 市_1 区_1 雪_1 量_1 逐_1 渐_1 加_1 大_1 ，_1 为_1 保_1 障_1 市_1 民_1 早_1 高_1 峰_1 顺_1 利_1 上_1 班_1 ，_1 6_1 时_1 30_1 分_1 交_1 警_1 部_1 门_1 启_1 动_1 二_1 级_1 应_1 急_1 预_1 案_1 ，_1 1200_1 余_1 名_1 交_1 警_1 按_1 照_1 预_1 案_1 岗_1 位_1 全_1 部_1 到_1 位_1 ，_1 并_1 对_1 受_1 下_1 雪_1 影_1 响_1 的_1 土_1 羊_1 高_1 速_1 公_1 路_1 采_1 取_1 限_1 速_1 60_1 ##km_1 /_1 h_1 、_1 限_1 制_1 危_1 化_1 品_1 和_1 大_1 件_1 车_1 辆_1 上_1 路_1 行_1 驶_1 管_1 控_1 ，_1 对_1 因_1 降_1 雪_1 路_1 滑_1 的_1 滨_1 海_1 东_1 路_1 、_1 滨_1 海_1 中_1 路_1 付_1 家_1 庄_1 至_1 老_1 虎_1 滩_1 路_1 段_1 实_1 行_1 封_1 闭_1 ，_1 对_1 星_1 海_1 湾_1 跨_1 海_1 大_1 桥_1 全_1 程_1 限_1 速_1 50_1 ##km_1 /_1 h_1 ，_1 同_1 时_1 派_1 [SEP]_1 传_1 峻_1 面_1 带_1 微_1 笑_1 一_1 边_1 指_1 挥_1 川_1 流_1 不_1 息_1 的_1 车_1 辆_1 给_1 孩_1 子_1 们_1 留_1 出_1 安_1 全_1 通_1 道_1 ，_1 一_1 边_1 组_1 织_1 孩_1 子_1 们_1 分_1 小_1 组_1 排_1 好_1 队_1 ，_1 护_1 送_1 一_1 拨_1 又_1 一_1 拨_1 学_1 生_1 安_1 全_1 有_1 序_1 横_1 过_1 马_1 路_1 走_1 进_1 校_1 园_1 。_1 同_1 时_1 在_1 实_1 验_1 中_1 学_1 岗_1 ，_1 执_1 勤_1 民_1 警_1 发_1 现_1 一_1 辆_1 私_1 家_1 车_1 横_1 在_1 迎_1 春_1 街_1 小_1 巷_1 里_1 ，_1 进_1 出_1 车_1 辆_1 被_1 堵_1 在_1 两_1 边_1 ，_1 赶_1 忙_1 过_1 去_1 把_1 排_1 队_1 车_1 辆_1 分_1 流_1 出_1 去_1 ，_1 将_1 横_1 在_1 路_1 中_1 间_1 的_1 私_1 家_1 车_1 推_1 出_1 雪_1 地_1 路_1 面_1 。_1 护_1 校_1 交_1 警_1 的_1 认_1 真_1 负_1 责_1 ，_1 让_1 雪_1 中_1 的_1 老_1 师_1 、_1 家_1 长_1 和_1 学_1 生_1 们_1 感_1 到_1 特_1 别_1 暖_1 心_1 。_1 责_1 编_1 、_1 记_1 者_1 ：_1 尹_1 燕_1 飞_1 本_1 文_1 来_1 自_1 大_1 风_1 号_1 ，_1 仅_1 代_1 表_1 大_1 风_1 号_1 自_1 媒_1 体_1 观_1 点_1 。_1 [SEP]_1
2019-10-18 14:10:36,869 Token Sample: [CLS]_0 北_0 海_0 晚_0 报_0 ：_0 移_0 动_0 搜_0 索_0 [UNK]_0 黑_0 洞_0 [UNK]_0 ，_0 能_0 治_0 吗_0 ？_0 [SEP]_0 移_1 动_1 搜_1 索_1 [UNK]_1 黑_1 洞_1 [UNK]_1 ，_1 能_1 治_1 吗_1 ？_1 作_1 者_1 ：_1 来_1 源_1 ：_1 北_1 海_1 晚_1 报_1 字_1 数_1 ：_1 242_1 ##0_1 搜_1 出_1 一_1 堆_1 [UNK]_1 陷_1 阱_1 [UNK]_1 凤_1 栖_1 梧_1 桐_1 ：_1 移_1 动_1 搜_1 索_1 现_1 在_1 几_1 乎_1 已_1 经_1 成_1 了_1 搜_1 索_1 黑_1 洞_1 ，_1 这_1 样_1 不_1 仅_1 给_1 用_1 户_1 十_1 分_1 不_1 好_1 的_1 搜_1 索_1 体_1 验_1 ，_1 更_1 损_1 坏_1 了_1 其_1 自_1 身_1 的_1 口_1 碑_1 。_1 清_1 清_1 ：_1 监_1 管_1 不_1 到_1 位_1 ，_1 平_1 台_1 无_1 底_1 线_1 ，_1 郁_1 闷_1 的_1 只_1 有_1 用_1 户_1 了_1 。_1 优_1 化_1 网_1 络_1 搜_1 索_1 环_1 境_1 ，_1 是_1 搜_1 索_1 引_1 擎_1 平_1 台_1 客_1 户_1 端_1 和_1 网_1 络_1 监_1 管_1 部_1 门_1 的_1 共_1 同_1 责_1 任_1 。_1 对_1 靠_1 搜_1 索_1 经_1 营_1 的_1 企_1 业_1 而_1 言_1 ，_1 唯_1 利_1 是_1 图_1 ，_1 无_1 底_1 线_1 吸_1 金_1 对_1 企_1 业_1 长_1 期_1 发_1 展_1 十_1 分_1 不_1 利_1 。_1 对_1 用_1 户_1 来_1 说_1 ，_1 搜_1 索_1 不_1 再_1 方_1 便_1 快_1 捷_1 ，_1 头_1 疼_1 不_1 已_1 。_1 郭_1 景_1 峰_1 ：_1 移_1 动_1 端_1 渐_1 成_1 搜_1 索_1 [UNK]_1 黑_1 洞_1 [UNK]_1 ，_1 是_1 商_1 家_1 明_1 修_1 栈_1 道_1 用_1 金_1 钱_1 [UNK]_1 挖_1 [UNK]_1 出_1 来_1 的_1 ，_1 是_1 平_1 台_1 暗_1 度_1 陈_1 仓_1 靠_1 放_1 水_1 [UNK]_1 养_1 [UNK]_1 出_1 来_1 的_1 ，_1 是_1 监_1 管_1 部_1 门_1 睁_1 一_1 只_1 眼_1 闭_1 一_1 只_1 眼_1 监_1 管_1 不_1 严_1 [UNK]_1 宠_1 [UNK]_1 出_1 来_1 的_1 。_1 喷_1 泉_1 ：_1 在_1 出_1 台_1 完_1 善_1 相_1 关_1 法_1 律_1 法_1 规_1 和_1 制_1 度_1 外_1 ，_1 应_1 建_1 立_1 健_1 [SEP]_1 搜_1 索_1 [UNK]_1 黑_1 洞_1 [UNK]_1 ，_1 会_1 慢_1 慢_1 透_1 支_1 人_1 们_1 的_1 信_1 任_1 ，_1 人_1 们_1 会_1 选_1 择_1 用_1 脚_1 投_1 票_1 ，_1 有_1 关_1 部_1 门_1 要_1 加_1 强_1 监_1 管_1 ，_1 依_1 法_1 惩_1 处_1 ，_1 还_1 网_1 络_1 一_1 方_1 净_1 土_1 ，_1 创_1 造_1 共_1 赢_1 的_1 网_1 络_1 环_1 境_1 。_1 天_1 天_1 开_1 心_1 ：_1 要_1 遏_1 制_1 这_1 种_1 现_1 象_1 ，_1 移_1 动_1 搜_1 索_1 平_1 台_1 要_1 加_1 强_1 自_1 律_1 ，_1 监_1 管_1 者_1 更_1 要_1 及_1 时_1 整_1 顿_1 ，_1 建_1 立_1 相_1 应_1 的_1 制_1 度_1 ，_1 对_1 一_1 些_1 虚_1 假_1 的_1 广_1 告_1 加_1 大_1 打_1 击_1 力_1 度_1 ，_1 避_1 免_1 对_1 网_1 民_1 和_1 消_1 费_1 者_1 产_1 生_1 危_1 害_1 。_1 刊_1 发_1 于_1 2018_1 年_1 5_1 月_1 29_1 日_1 《_1 北_1 海_1 晚_1 报_1 》_1 6_1 版_1 链_1 接_1 ：_1 http_1 :_1 /_1 /_1 bh_1 ##r_1 ##b_1 ._1 be_1 ##i_1 ##hai_1 ._1 gov_1 ._1 cn_1 :_1 80_1 ##80_1 /_1 ep_1 ##ape_1 ##r_1 /_1 bh_1 ##w_1 ##b_1 /_1 html_1 /_1 2018_1 /_1 05_1 /_1 29_1 /_1 06_1 /_1 06_1 __1 57_1 ._1 htm_1 [SEP]_1
2019-10-18 14:10:44,592 seed everything and create model
2019-10-18 14:19:44,821 step 1000 train loss: 0.5592
2019-10-18 14:19:44,822 step 1000 score: 0.6947
2019-10-18 14:28:37,054 step 2000 train loss: 0.4737
2019-10-18 14:28:37,054 step 2000 score: 0.7764
2019-10-18 14:37:29,268 step 3000 train loss: 0.4254
2019-10-18 14:37:29,268 step 3000 score: 0.7697
2019-10-18 14:46:21,465 step 4000 train loss: 0.2806
2019-10-18 14:46:21,466 step 4000 score: 0.7612
2019-10-18 14:55:13,701 step 5000 train loss: 0.2898
2019-10-18 14:55:13,702 step 5000 score: 0.7859
2019-10-18 15:04:05,855 step 6000 train loss: 0.2558
2019-10-18 15:04:05,855 step 6000 score: 0.7856
2019-10-18 15:12:58,080 step 7000 train loss: 0.1438
2019-10-18 15:12:58,080 step 7000 score: 0.7826
2019-10-18 15:21:50,320 step 8000 train loss: 0.1040
2019-10-18 15:21:50,320 step 8000 score: 0.7905
2019-10-18 15:30:42,590 step 9000 train loss: 0.1079
2019-10-18 15:30:42,591 step 9000 score: 0.7910
2019-10-18 15:39:34,842 step 10000 train loss: 0.0428
2019-10-18 15:39:34,842 step 10000 score: 0.7934
2019-10-18 15:39:34,855 best score is 0.7934
