2019-10-25 10:20:53,434 log_in_file: True
2019-10-25 10:20:53,434 lm_path: /home/wangzl/PretrainedLM/BERT/New/chinese_wwm_ext_pytorch
2019-10-25 10:20:53,434 lm_type: bert
2019-10-25 10:20:53,434 data_path: ../data/
2019-10-25 10:20:53,434 usegpu: True
2019-10-25 10:20:53,434 use_origin: False
2019-10-25 10:20:53,434 total_step: 1500
2019-10-25 10:20:53,434 eval_every: 150
2019-10-25 10:20:53,435 early_stop: 4
2019-10-25 10:20:53,435 max_length: 360
2019-10-25 10:20:53,435 max_title_rate: 0.125
2019-10-25 10:20:53,435 content_head_rate: 0.6
2019-10-25 10:20:53,435 batch_size: 16
2019-10-25 10:20:53,435 lr_scheduler_type: linear
2019-10-25 10:20:53,435 input_pattern: head+tail+fixed
2019-10-25 10:20:53,435 clean_method: space+notzh
2019-10-25 10:20:53,435 warmup_rate: 0.1
2019-10-25 10:20:53,435 classifier_dropout: 0.3
2019-10-25 10:20:53,435 classifier_weight_decay: 0.0
2019-10-25 10:20:53,435 cache_final_model: False
2019-10-25 10:20:53,435 seed: 23
2019-10-25 10:20:53,435 lr: 2e-05
2019-10-25 10:20:53,435 lr_decay_in_layers: 0.95
2019-10-25 10:20:53,435 weight_decay: 0.01
2019-10-25 10:20:53,451 padding token is 0
2019-10-25 10:21:18,041 Token Sample: [CLS]_0 伊_0 春_0 市_0 网_0 络_0 变_0 压_0 器_0 滤_0 波_0 器_0 示_0 意_0 图_0 -_0 -_0 青_0 年_0 报_0 数_0 字_0 报_0 转_0 载_0 [PAD]_0 [PAD]_0 [PAD]_0 [PAD]_0 [PAD]_0 [PAD]_0 [PAD]_0 [PAD]_0 [PAD]_0 [PAD]_0 [PAD]_0 [PAD]_0 [PAD]_0 [PAD]_0 [PAD]_0 [PAD]_0 [PAD]_0 [PAD]_0 [PAD]_0 [PAD]_0 [PAD]_0 [SEP]_0 伊_1 春_1 市_1 网_1 络_1 变_1 压_1 器_1 滤_1 波_1 器_1 示_1 意_1 图_1 -_1 -_1 青_1 年_1 报_1 数_1 字_1 报_1 转_1 载_1 转_1 载_1 -_1 -_1 8_1 月_1 6_1 号_1 ，_1 驻_1 黑_1 龙_1 江_1 伊_1 春_1 市_1 深_1 圳_1 崇_1 达_1 多_1 层_1 线_1 路_1 板_1 有_1 限_1 公_1 司_1 的_1 施_1 先_1 生_1 ，_1 想_1 要_1 h1_1 ##34_1 ##3_1 ##n_1 ##l_1 网_1 络_1 变_1 压_1 器_1 ha_1 -_1 04_1 ##5_1 网_1 络_1 变_1 压_1 器_1 ，_1 通_1 过_1 网_1 络_1 电_1 话_1 联_1 系_1 到_1 我_1 ，_1 咨_1 询_1 伊_1 春_1 市_1 有_1 哪_1 些_1 网_1 络_1 变_1 压_1 器_1 滤_1 波_1 器_1 厂_1 家_1 ，_1 小_1 编_1 在_1 此_1 特_1 推_1 荐_1 伊_1 春_1 市_1 几_1 家_1 不_1 错_1 的_1 网_1 络_1 变_1 压_1 器_1 滤_1 波_1 器_1 厂_1 家_1 ：_1 黑_1 龙_1 江_1 网_1 络_1 变_1 压_1 器_1 滤_1 波_1 器_1 生_1 产_1 厂_1 伊_1 春_1 市_1 办_1 事_1 处_1 黑_1 龙_1 江_1 伊_1 春_1 市_1 网_1 络_1 变_1 压_1 器_1 滤_1 波_1 器_1 厂_1 家_1 地_1 处_1 的_1 伊_1 春_1 市_1 是_1 黑_1 龙_1 江_1 省_1 辖_1 市_1 。_1 位_1 于_1 省_1 [SEP]_1 变_1 压_1 器_1 真_1 不_1 错_1 ，_1 质_1 量_1 好_1 ，_1 服_1 务_1 也_1 好_1 ，_1 效_1 率_1 蛮_1 高_1 。_1 不_1 像_1 以_1 前_1 在_1 别_1 家_1 ，_1 整_1 体_1 质_1 量_1 ，_1 效_1 率_1 真_1 是_1 没_1 法_1 和_1 这_1 个_1 网_1 络_1 变_1 压_1 器_1 滤_1 波_1 器_1 厂_1 家_1 比_1 。_1 给_1 厂_1 家_1 一_1 个_1 大_1 大_1 的_1 赞_1 ！_1 ！_1 贴_1 片_1 回_1 流_1 焊_1 接_1 很_1 到_1 位_1 ，_1 pin_1 脚_1 用_1 的_1 是_1 含_1 银_1 锡_1 ，_1 能_1 通_1 过_1 24_1 小_1 时_1 盐_1 雾_1 试_1 验_1 ，_1 物_1 流_1 很_1 快_1 ，_1 卖_1 家_1 服_1 务_1 态_1 度_1 也_1 好_1 ，_1 很_1 棒_1 的_1 一_1 次_1 合_1 作_1 推_1 荐_1 产_1 品_1 ：_1 [SEP]_1
2019-10-25 10:21:33,887 Token Sample: [CLS]_0 长_0 租_0 公_0 寓_0 频_0 频_0 爆_0 仓_0 乱_0 象_0 丛_0 生_0 [PAD]_0 [PAD]_0 [PAD]_0 [PAD]_0 [PAD]_0 [PAD]_0 [PAD]_0 [PAD]_0 [PAD]_0 [PAD]_0 [PAD]_0 [PAD]_0 [PAD]_0 [PAD]_0 [PAD]_0 [PAD]_0 [PAD]_0 [PAD]_0 [PAD]_0 [PAD]_0 [PAD]_0 [PAD]_0 [PAD]_0 [PAD]_0 [PAD]_0 [PAD]_0 [PAD]_0 [PAD]_0 [PAD]_0 [PAD]_0 [PAD]_0 [PAD]_0 [PAD]_0 [SEP]_0 原_1 标_1 题_1 ：_1 长_1 租_1 公_1 寓_1 频_1 频_1 爆_1 仓_1 乱_1 象_1 丛_1 生_1 实_1 习_1 记_1 者_1 黄_1 琼_1 华_1 夏_1 时_1 报_1 记_1 者_1 袁_1 晓_1 澜_1 深_1 圳_1 报_1 道_1 长_1 租_1 公_1 寓_1 运_1 营_1 商_1 的_1 出_1 现_1 ，_1 一_1 定_1 程_1 度_1 上_1 解_1 决_1 了_1 部_1 分_1 人_1 群_1 的_1 居_1 住_1 需_1 求_1 。_1 但_1 是_1 其_1 中_1 仍_1 存_1 在_1 不_1 少_1 问_1 题_1 ，_1 市_1 场_1 风_1 险_1 集_1 聚_1 ：_1 为_1 快_1 速_1 提_1 升_1 市_1 场_1 份_1 额_1 ，_1 部_1 分_1 运_1 营_1 商_1 曾_1 以_1 高_1 于_1 市_1 场_1 价_1 20_1 %_1 的_1 价_1 格_1 抢_1 占_1 房_1 源_1 ，_1 然_1 后_1 再_1 高_1 价_1 出_1 租_1 ，_1 一_1 定_1 程_1 度_1 上_1 变_1 相_1 推_1 高_1 市_1 场_1 房_1 租_1 ；_1 利_1 诱_1 甚_1 至_1 欺_1 骗_1 租_1 客_1 使_1 用_1 [UNK]_1 租_1 房_1 贷_1 [UNK]_1 等_1 租_1 房_1 分_1 期_1 信_1 贷_1 产_1 品_1 ，_1 运_1 营_1 商_1 从_1 借_1 贷_1 平_1 台_1 一_1 次_1 性_1 收_1 到_1 一_1 年_1 租_1 金_1 ，_1 但_1 按_1 季_1 划_1 给_1 房_1 东_1 ；_1 长_1 [SEP]_1 的_1 改_1 善_1 。_1 中_1 国_1 的_1 长_1 租_1 公_1 寓_1 投_1 资_1 目_1 前_1 市_1 场_1 化_1 程_1 度_1 还_1 比_1 较_1 低_1 ，_1 但_1 未_1 来_1 在_1 基_1 本_1 面_1 、_1 政_1 策_1 和_1 参_1 与_1 主_1 体_1 等_1 多_1 方_1 因_1 素_1 的_1 共_1 同_1 推_1 进_1 下_1 有_1 望_1 迎_1 来_1 新_1 一_1 轮_1 机_1 遇_1 。_1 责_1 任_1 编_1 辑_1 ：_1 袁_1 晓_1 澜_1 查_1 看_1 更_1 多_1 华_1 夏_1 时_1 报_1 文_1 章_1 ，_1 参_1 与_1 华_1 夏_1 时_1 报_1 微_1 信_1 互_1 动_1 （_1 微_1 信_1 搜_1 索_1 「_1 华_1 夏_1 时_1 报_1 」_1 或_1 本_1 文_1 来_1 自_1 大_1 风_1 号_1 ，_1 仅_1 代_1 表_1 大_1 风_1 号_1 自_1 媒_1 体_1 观_1 点_1 。_1 [SEP]_1
2019-10-25 10:21:58,944 Token Sample: [CLS]_0 常_0 住_0 酒_0 店_0 请_0 注_0 意_0 ！_0 这_0 款_0 假_0 pos_0 机_0 已_0 经_0 盗_0 刷_0 100_0 万_0 了_0 [PAD]_0 [PAD]_0 [PAD]_0 [PAD]_0 [PAD]_0 [PAD]_0 [PAD]_0 [PAD]_0 [PAD]_0 [PAD]_0 [PAD]_0 [PAD]_0 [PAD]_0 [PAD]_0 [PAD]_0 [PAD]_0 [PAD]_0 [PAD]_0 [PAD]_0 [PAD]_0 [PAD]_0 [PAD]_0 [PAD]_0 [PAD]_0 [PAD]_0 [SEP]_0 常_1 住_1 酒_1 店_1 请_1 注_1 意_1 ！_1 这_1 款_1 假_1 pos_1 机_1 已_1 经_1 盗_1 刷_1 100_1 万_1 了_1 [PAD]_1 [PAD]_1 [PAD]_1 [PAD]_1 [PAD]_1 [PAD]_1 [PAD]_1 [PAD]_1 [PAD]_1 [PAD]_1 [PAD]_1 [PAD]_1 [PAD]_1 [PAD]_1 [PAD]_1 [PAD]_1 [PAD]_1 [PAD]_1 [PAD]_1 [PAD]_1 [PAD]_1 [PAD]_1 [PAD]_1 [PAD]_1 [PAD]_1 [PAD]_1 [PAD]_1 [PAD]_1 [PAD]_1 [PAD]_1 [PAD]_1 [PAD]_1 [PAD]_1 [PAD]_1 [PAD]_1 [PAD]_1 [PAD]_1 [PAD]_1 [PAD]_1 [PAD]_1 [PAD]_1 [PAD]_1 [PAD]_1 [PAD]_1 [PAD]_1 [PAD]_1 [PAD]_1 [PAD]_1 [PAD]_1 [PAD]_1 [PAD]_1 [PAD]_1 [PAD]_1 [PAD]_1 [PAD]_1 [PAD]_1 [PAD]_1 [PAD]_1 [PAD]_1 [PAD]_1 [PAD]_1 [PAD]_1 [PAD]_1 [PAD]_1 [PAD]_1 [PAD]_1 [PAD]_1 [PAD]_1 [PAD]_1 [PAD]_1 [PAD]_1 [PAD]_1 [PAD]_1 [PAD]_1 [PAD]_1 [PAD]_1 [PAD]_1 [PAD]_1 [PAD]_1 [PAD]_1 [PAD]_1 [PAD]_1 [PAD]_1 [PAD]_1 [PAD]_1 [PAD]_1 [PAD]_1 [PAD]_1 [PAD]_1 [PAD]_1 [PAD]_1 [PAD]_1 [PAD]_1 [PAD]_1 [PAD]_1 [PAD]_1 [PAD]_1 [PAD]_1 [PAD]_1 [PAD]_1 [PAD]_1 [PAD]_1 [PAD]_1 [PAD]_1 [PAD]_1 [PAD]_1 [PAD]_1 [PAD]_1 [PAD]_1 [PAD]_1 [PAD]_1 [PAD]_1 [PAD]_1 [PAD]_1 [PAD]_1 [PAD]_1 [PAD]_1 [PAD]_1 [PAD]_1 [PAD]_1 [PAD]_1 [PAD]_1 [PAD]_1 [PAD]_1 [PAD]_1 [PAD]_1 [PAD]_1 [PAD]_1 [PAD]_1 [PAD]_1 [PAD]_1 [PAD]_1 [PAD]_1 [PAD]_1 [PAD]_1 [PAD]_1 [PAD]_1 [PAD]_1 [PAD]_1 [PAD]_1 [PAD]_1 [PAD]_1 [PAD]_1 [PAD]_1 [PAD]_1 [PAD]_1 [PAD]_1 [PAD]_1 [PAD]_1 [PAD]_1 [PAD]_1 [PAD]_1 [PAD]_1 [PAD]_1 [PAD]_1 [PAD]_1 [PAD]_1 [PAD]_1 [PAD]_1 [PAD]_1 [PAD]_1 [PAD]_1 [PAD]_1 [PAD]_1 [PAD]_1 [PAD]_1 [PAD]_1 [PAD]_1 [PAD]_1 [SEP]_1 [PAD]_1 [PAD]_1 [PAD]_1 [PAD]_1 [PAD]_1 [PAD]_1 [PAD]_1 [PAD]_1 [PAD]_1 [PAD]_1 [PAD]_1 [PAD]_1 [PAD]_1 [PAD]_1 [PAD]_1 [PAD]_1 [PAD]_1 [PAD]_1 [PAD]_1 [PAD]_1 [PAD]_1 [PAD]_1 [PAD]_1 [PAD]_1 [PAD]_1 [PAD]_1 [PAD]_1 [PAD]_1 [PAD]_1 [PAD]_1 [PAD]_1 [PAD]_1 [PAD]_1 [PAD]_1 [PAD]_1 [PAD]_1 [PAD]_1 [PAD]_1 [PAD]_1 [PAD]_1 [PAD]_1 [PAD]_1 [PAD]_1 [PAD]_1 [PAD]_1 [PAD]_1 [PAD]_1 [PAD]_1 [PAD]_1 [PAD]_1 [PAD]_1 [PAD]_1 [PAD]_1 [PAD]_1 [PAD]_1 [PAD]_1 [PAD]_1 [PAD]_1 [PAD]_1 [PAD]_1 [PAD]_1 [PAD]_1 [PAD]_1 [PAD]_1 [PAD]_1 [PAD]_1 [PAD]_1 [PAD]_1 [PAD]_1 [PAD]_1 [PAD]_1 [PAD]_1 [PAD]_1 [PAD]_1 [PAD]_1 [PAD]_1 [PAD]_1 [PAD]_1 [PAD]_1 [PAD]_1 [PAD]_1 [PAD]_1 [PAD]_1 [PAD]_1 [PAD]_1 [PAD]_1 [PAD]_1 [PAD]_1 [PAD]_1 [PAD]_1 [PAD]_1 [PAD]_1 [PAD]_1 [PAD]_1 [PAD]_1 [PAD]_1 [PAD]_1 [PAD]_1 [PAD]_1 [PAD]_1 [PAD]_1 [PAD]_1 常_1 住_1 酒_1 店_1 请_1 注_1 意_1 ！_1 这_1 款_1 假_1 pos_1 机_1 已_1 经_1 盗_1 刷_1 100_1 万_1 了_1 [SEP]_1
2019-10-25 10:22:16,667 Token Sample: [CLS]_0 【_0 百_0 日_0 安_0 全_0 行_0 动_0 】_0 实_0 习_0 期_0 驾_0 驶_0 员_0 壮_0 胆_0 上_0 高_0 速_0 记_0 分_0 罚_0 款_0 后_0 悔_0 迟_0 [PAD]_0 [PAD]_0 [PAD]_0 [PAD]_0 [PAD]_0 [PAD]_0 [PAD]_0 [PAD]_0 [PAD]_0 [PAD]_0 [PAD]_0 [PAD]_0 [PAD]_0 [PAD]_0 [PAD]_0 [PAD]_0 [PAD]_0 [PAD]_0 [PAD]_0 [SEP]_0 为_1 做_1 好_1 [UNK]_1 百_1 日_1 安_1 全_1 行_1 动_1 [UNK]_1 专_1 项_1 整_1 治_1 工_1 作_1 ，_1 2018_1 年_1 12_1 月_1 14_1 日_1 ，_1 高_1 速_1 交_1 警_1 四_1 支_1 队_1 十_1 四_1 大_1 队_1 在_1 辖_1 区_1 运_1 城_1 南_1 收_1 费_1 站_1 开_1 展_1 集_1 中_1 行_1 动_1 ，_1 行_1 动_1 中_1 查_1 处_1 一_1 辆_1 存_1 在_1 多_1 种_1 违_1 法_1 行_1 为_1 的_1 小_1 型_1 普_1 通_1 客_1 车_1 。_1 当_1 日_1 15_1 时_1 47_1 分_1 许_1 ，_1 执_1 勤_1 民_1 警_1 在_1 检_1 查_1 一_1 辆_1 银_1 灰_1 色_1 小_1 型_1 面_1 包_1 车_1 时_1 ，_1 发_1 现_1 驾_1 驶_1 员_1 郑_1 某_1 未_1 按_1 规_1 定_1 使_1 用_1 安_1 全_1 带_1 ，_1 驾_1 驶_1 证_1 处_1 于_1 实_1 习_1 期_1 ，_1 且_1 车_1 辆_1 后_1 方_1 并_1 未_1 粘_1 贴_1 实_1 习_1 标_1 志_1 ，_1 车_1 辆_1 未_1 按_1 规_1 定_1 投_1 保_1 第_1 三_1 者_1 强_1 制_1 责_1 任_1 保_1 险_1 ，_1 可_1 谓_1 是_1 状_1 况_1 百_1 出_1 。_1 经_1 了_1 解_1 ，_1 郑_1 某_1 驾_1 驶_1 叔_1 叔_1 的_1 车_1 去_1 往_1 运_1 城_1 办_1 事_1 ，_1 觉_1 得_1 [SEP]_1 安_1 全_1 法_1 》_1 相_1 关_1 规_1 定_1 ，_1 民_1 警_1 对_1 郑_1 某_1 未_1 按_1 规_1 定_1 使_1 用_1 安_1 全_1 带_1 、_1 机_1 动_1 车_1 为_1 按_1 规_1 定_1 粘_1 贴_1 实_1 习_1 标_1 志_1 、_1 机_1 动_1 车_1 驾_1 驶_1 人_1 实_1 习_1 期_1 内_1 驾_1 驶_1 机_1 动_1 车_1 上_1 高_1 速_1 公_1 路_1 无_1 三_1 年_1 驾_1 龄_1 驾_1 驶_1 人_1 陪_1 同_1 的_1 违_1 法_1 行_1 为_1 处_1 以_1 记_1 2_1 分_1 罚_1 款_1 90_1 元_1 的_1 行_1 政_1 处_1 罚_1 ，_1 车_1 辆_1 未_1 按_1 规_1 定_1 投_1 保_1 第_1 三_1 者_1 强_1 制_1 责_1 任_1 保_1 险_1 ，_1 依_1 法_1 扣_1 留_1 其_1 车_1 辆_1 ，_1 等_1 待_1 进_1 一_1 步_1 处_1 理_1 。_1 [SEP]_1
2019-10-25 10:22:27,002 seed everything and create model
2019-10-25 10:24:17,135 step 150 train loss: 0.5711
2019-10-25 10:24:17,135 step 150 score: 0.7696
2019-10-25 10:26:01,298 step 300 train loss: 0.4024
2019-10-25 10:26:01,298 step 300 score: 0.7732
2019-10-25 10:27:45,455 step 450 train loss: 0.3382
2019-10-25 10:27:45,455 step 450 score: 0.7668
2019-10-25 10:29:29,618 step 600 train loss: 0.3049
2019-10-25 10:29:29,618 step 600 score: 0.7837
2019-10-25 10:31:13,775 step 750 train loss: 0.2884
2019-10-25 10:31:13,775 step 750 score: 0.7786
2019-10-25 10:32:57,962 step 900 train loss: 0.2243
2019-10-25 10:32:57,962 step 900 score: 0.7900
2019-10-25 10:34:42,119 step 1050 train loss: 0.2378
2019-10-25 10:34:42,119 step 1050 score: 0.7744
2019-10-25 10:36:26,296 step 1200 train loss: 0.1965
2019-10-25 10:36:26,296 step 1200 score: 0.7831
2019-10-25 10:38:10,463 step 1350 train loss: 0.1577
2019-10-25 10:38:10,463 step 1350 score: 0.7755
