2019-10-28 11:25:12,154 log_in_file: True
2019-10-28 11:25:12,154 lm_path: /home/wangzl/PretrainedLM/BERT/New/roberta_zh_L-24_H-1024_A-16/
2019-10-28 11:25:12,155 lm_type: bert
2019-10-28 11:25:12,155 data_path: ../data/
2019-10-28 11:25:12,155 usegpu: True
2019-10-28 11:25:12,155 total_step: 1500
2019-10-28 11:25:12,155 eval_every: 100
2019-10-28 11:25:12,155 early_stop: 4
2019-10-28 11:25:12,155 max_length: 510
2019-10-28 11:25:12,155 max_title_rate: 0.125
2019-10-28 11:25:12,155 content_head_rate: 0.6
2019-10-28 11:25:12,155 batch_size: 2
2019-10-28 11:25:12,155 lr_scheduler_type: linear
2019-10-28 11:25:12,155 input_pattern: head+tail+fixed
2019-10-28 11:25:12,155 clean_method: space+notzh
2019-10-28 11:25:12,155 warmup_rate: 0.1
2019-10-28 11:25:12,155 classifier_dropout: 0.3
2019-10-28 11:25:12,155 classifier_active: tanh
2019-10-28 11:25:12,155 cache_final_model: False
2019-10-28 11:25:12,155 seed: 23
2019-10-28 11:25:12,155 lr: 2e-05
2019-10-28 11:25:12,155 lr_decay_in_layers: 0.96
2019-10-28 11:25:12,155 wd_decay_in_layers: 1.0
2019-10-28 11:25:12,155 weight_decay: 0.01
2019-10-28 11:25:12,172 padding token is 0
2019-10-28 11:25:36,449 Token Sample: [CLS]_0 网_0 恋_0 吗_0 ？_0 我_0 射_0 手_0 座_0 96_0 的_0 静_0 音_0 。_0 [PAD]_0 [PAD]_0 [PAD]_0 [PAD]_0 [PAD]_0 [PAD]_0 [PAD]_0 [PAD]_0 [PAD]_0 [PAD]_0 [PAD]_0 [PAD]_0 [PAD]_0 [PAD]_0 [PAD]_0 [PAD]_0 [PAD]_0 [PAD]_0 [PAD]_0 [PAD]_0 [PAD]_0 [PAD]_0 [PAD]_0 [PAD]_0 [PAD]_0 [PAD]_0 [PAD]_0 [PAD]_0 [PAD]_0 [PAD]_0 [PAD]_0 [PAD]_0 [PAD]_0 [PAD]_0 [PAD]_0 [PAD]_0 [PAD]_0 [PAD]_0 [PAD]_0 [PAD]_0 [PAD]_0 [PAD]_0 [PAD]_0 [PAD]_0 [PAD]_0 [PAD]_0 [PAD]_0 [PAD]_0 [PAD]_0 [PAD]_0 [PAD]_0 [SEP]_0 无_1 [PAD]_1 [PAD]_1 [PAD]_1 [PAD]_1 [PAD]_1 [PAD]_1 [PAD]_1 [PAD]_1 [PAD]_1 [PAD]_1 [PAD]_1 [PAD]_1 [PAD]_1 [PAD]_1 [PAD]_1 [PAD]_1 [PAD]_1 [PAD]_1 [PAD]_1 [PAD]_1 [PAD]_1 [PAD]_1 [PAD]_1 [PAD]_1 [PAD]_1 [PAD]_1 [PAD]_1 [PAD]_1 [PAD]_1 [PAD]_1 [PAD]_1 [PAD]_1 [PAD]_1 [PAD]_1 [PAD]_1 [PAD]_1 [PAD]_1 [PAD]_1 [PAD]_1 [PAD]_1 [PAD]_1 [PAD]_1 [PAD]_1 [PAD]_1 [PAD]_1 [PAD]_1 [PAD]_1 [PAD]_1 [PAD]_1 [PAD]_1 [PAD]_1 [PAD]_1 [PAD]_1 [PAD]_1 [PAD]_1 [PAD]_1 [PAD]_1 [PAD]_1 [PAD]_1 [PAD]_1 [PAD]_1 [PAD]_1 [PAD]_1 [PAD]_1 [PAD]_1 [PAD]_1 [PAD]_1 [PAD]_1 [PAD]_1 [PAD]_1 [PAD]_1 [PAD]_1 [PAD]_1 [PAD]_1 [PAD]_1 [PAD]_1 [PAD]_1 [PAD]_1 [PAD]_1 [PAD]_1 [PAD]_1 [PAD]_1 [PAD]_1 [PAD]_1 [PAD]_1 [PAD]_1 [PAD]_1 [PAD]_1 [PAD]_1 [PAD]_1 [PAD]_1 [PAD]_1 [PAD]_1 [PAD]_1 [PAD]_1 [PAD]_1 [PAD]_1 [PAD]_1 [PAD]_1 [PAD]_1 [PAD]_1 [PAD]_1 [PAD]_1 [PAD]_1 [PAD]_1 [PAD]_1 [PAD]_1 [PAD]_1 [PAD]_1 [PAD]_1 [PAD]_1 [PAD]_1 [PAD]_1 [PAD]_1 [PAD]_1 [PAD]_1 [PAD]_1 [PAD]_1 [PAD]_1 [PAD]_1 [PAD]_1 [PAD]_1 [PAD]_1 [PAD]_1 [PAD]_1 [PAD]_1 [PAD]_1 [PAD]_1 [PAD]_1 [PAD]_1 [PAD]_1 [PAD]_1 [PAD]_1 [PAD]_1 [PAD]_1 [PAD]_1 [PAD]_1 [PAD]_1 [PAD]_1 [PAD]_1 [PAD]_1 [PAD]_1 [PAD]_1 [PAD]_1 [PAD]_1 [PAD]_1 [PAD]_1 [PAD]_1 [PAD]_1 [PAD]_1 [PAD]_1 [PAD]_1 [PAD]_1 [PAD]_1 [PAD]_1 [PAD]_1 [PAD]_1 [PAD]_1 [PAD]_1 [PAD]_1 [PAD]_1 [PAD]_1 [PAD]_1 [PAD]_1 [PAD]_1 [PAD]_1 [PAD]_1 [PAD]_1 [PAD]_1 [PAD]_1 [PAD]_1 [PAD]_1 [PAD]_1 [PAD]_1 [PAD]_1 [PAD]_1 [PAD]_1 [PAD]_1 [PAD]_1 [PAD]_1 [PAD]_1 [PAD]_1 [PAD]_1 [PAD]_1 [PAD]_1 [PAD]_1 [PAD]_1 [PAD]_1 [PAD]_1 [PAD]_1 [PAD]_1 [PAD]_1 [PAD]_1 [PAD]_1 [PAD]_1 [PAD]_1 [PAD]_1 [PAD]_1 [PAD]_1 [PAD]_1 [PAD]_1 [PAD]_1 [PAD]_1 [PAD]_1 [PAD]_1 [PAD]_1 [PAD]_1 [PAD]_1 [PAD]_1 [PAD]_1 [PAD]_1 [PAD]_1 [PAD]_1 [PAD]_1 [PAD]_1 [PAD]_1 [PAD]_1 [PAD]_1 [PAD]_1 [PAD]_1 [PAD]_1 [PAD]_1 [PAD]_1 [PAD]_1 [PAD]_1 [PAD]_1 [PAD]_1 [PAD]_1 [PAD]_1 [PAD]_1 [PAD]_1 [PAD]_1 [PAD]_1 [PAD]_1 [PAD]_1 [PAD]_1 [PAD]_1 [PAD]_1 [PAD]_1 [PAD]_1 [PAD]_1 [PAD]_1 [PAD]_1 [PAD]_1 [PAD]_1 [PAD]_1 [PAD]_1 [PAD]_1 [PAD]_1 [PAD]_1 [PAD]_1 [PAD]_1 [PAD]_1 [PAD]_1 [PAD]_1 [PAD]_1 [PAD]_1 [PAD]_1 [PAD]_1 [PAD]_1 [PAD]_1 [PAD]_1 [PAD]_1 [PAD]_1 [PAD]_1 [PAD]_1 [PAD]_1 [SEP]_1 [PAD]_1 [PAD]_1 [PAD]_1 [PAD]_1 [PAD]_1 [PAD]_1 [PAD]_1 [PAD]_1 [PAD]_1 [PAD]_1 [PAD]_1 [PAD]_1 [PAD]_1 [PAD]_1 [PAD]_1 [PAD]_1 [PAD]_1 [PAD]_1 [PAD]_1 [PAD]_1 [PAD]_1 [PAD]_1 [PAD]_1 [PAD]_1 [PAD]_1 [PAD]_1 [PAD]_1 [PAD]_1 [PAD]_1 [PAD]_1 [PAD]_1 [PAD]_1 [PAD]_1 [PAD]_1 [PAD]_1 [PAD]_1 [PAD]_1 [PAD]_1 [PAD]_1 [PAD]_1 [PAD]_1 [PAD]_1 [PAD]_1 [PAD]_1 [PAD]_1 [PAD]_1 [PAD]_1 [PAD]_1 [PAD]_1 [PAD]_1 [PAD]_1 [PAD]_1 [PAD]_1 [PAD]_1 [PAD]_1 [PAD]_1 [PAD]_1 [PAD]_1 [PAD]_1 [PAD]_1 [PAD]_1 [PAD]_1 [PAD]_1 [PAD]_1 [PAD]_1 [PAD]_1 [PAD]_1 [PAD]_1 [PAD]_1 [PAD]_1 [PAD]_1 [PAD]_1 [PAD]_1 [PAD]_1 [PAD]_1 [PAD]_1 [PAD]_1 [PAD]_1 [PAD]_1 [PAD]_1 [PAD]_1 [PAD]_1 [PAD]_1 [PAD]_1 [PAD]_1 [PAD]_1 [PAD]_1 [PAD]_1 [PAD]_1 [PAD]_1 [PAD]_1 [PAD]_1 [PAD]_1 [PAD]_1 [PAD]_1 [PAD]_1 [PAD]_1 [PAD]_1 [PAD]_1 [PAD]_1 [PAD]_1 [PAD]_1 [PAD]_1 [PAD]_1 [PAD]_1 [PAD]_1 [PAD]_1 [PAD]_1 [PAD]_1 [PAD]_1 [PAD]_1 [PAD]_1 [PAD]_1 [PAD]_1 [PAD]_1 [PAD]_1 [PAD]_1 [PAD]_1 [PAD]_1 [PAD]_1 [PAD]_1 [PAD]_1 [PAD]_1 [PAD]_1 [PAD]_1 [PAD]_1 [PAD]_1 [PAD]_1 [PAD]_1 [PAD]_1 [PAD]_1 [PAD]_1 [PAD]_1 [PAD]_1 [PAD]_1 [PAD]_1 [PAD]_1 [PAD]_1 [PAD]_1 [PAD]_1 [PAD]_1 [PAD]_1 [PAD]_1 [PAD]_1 [PAD]_1 [PAD]_1 [PAD]_1 [PAD]_1 [PAD]_1 [PAD]_1 [PAD]_1 [PAD]_1 [PAD]_1 [PAD]_1 [PAD]_1 [PAD]_1 [PAD]_1 [PAD]_1 [PAD]_1 [PAD]_1 [PAD]_1 [PAD]_1 [PAD]_1 [PAD]_1 [PAD]_1 [PAD]_1 [PAD]_1 [PAD]_1 [PAD]_1 [PAD]_1 [PAD]_1 [PAD]_1 [PAD]_1 无_1 [SEP]_1
2019-10-28 11:25:51,595 Token Sample: [CLS]_0 傻_0 子_0 丈_0 夫_0 为_0 妻_0 子_0 挡_0 子_0 弹_0 身_0 亡_0 ，_0 妻_0 子_0 抱_0 着_0 丈_0 夫_0 尸_0 体_0 回_0 忆_0 点_0 滴_0 痛_0 哭_0 ，_0 虐_0 心_0 [PAD]_0 [PAD]_0 [PAD]_0 [PAD]_0 [PAD]_0 [PAD]_0 [PAD]_0 [PAD]_0 [PAD]_0 [PAD]_0 [PAD]_0 [PAD]_0 [PAD]_0 [PAD]_0 [PAD]_0 [PAD]_0 [PAD]_0 [PAD]_0 [PAD]_0 [PAD]_0 [PAD]_0 [PAD]_0 [PAD]_0 [PAD]_0 [PAD]_0 [PAD]_0 [PAD]_0 [PAD]_0 [PAD]_0 [PAD]_0 [PAD]_0 [PAD]_0 [PAD]_0 [PAD]_0 [SEP]_0 九_1 丹_1 ：_1 故_1 事_1 讲_1 述_1 山_1 里_1 姑_1 娘_1 陶_1 九_1 丹_1 命_1 运_1 多_1 舛_1 ，_1 其_1 父_1 陶_1 郎_1 中_1 给_1 陈_1 府_1 小_1 少_1 爷_1 治_1 病_1 时_1 ，_1 遭_1 二_1 房_1 游_1 月_1 娥_1 陷_1 害_1 ，_1 被_1 逼_1 嫁_1 女_1 冲_1 喜_1 ，_1 为_1 抗_1 婚_1 与_1 老_1 伴_1 葬_1 身_1 火_1 海_1 。_1 九_1 丹_1 青_1 梅_1 竹_1 马_1 的_1 未_1 婚_1 夫_1 赵_1 建_1 武_1 ，_1 为_1 救_1 她_1 滚_1 落_1 山_1 崖_1 ，_1 生_1 死_1 不_1 明_1 。_1 九_1 丹_1 寻_1 找_1 建_1 武_1 途_1 中_1 昏_1 倒_1 ，_1 被_1 孙_1 母_1 所_1 救_1 并_1 强_1 行_1 将_1 她_1 许_1 配_1 给_1 傻_1 儿_1 子_1 占_1 春_1 ，_1 她_1 几_1 番_1 逃_1 跑_1 不_1 果_1 ，_1 怀_1 上_1 孙_1 家_1 骨_1 肉_1 。_1 [PAD]_1 [PAD]_1 [PAD]_1 [PAD]_1 [PAD]_1 [PAD]_1 [PAD]_1 [PAD]_1 [PAD]_1 [PAD]_1 [PAD]_1 [PAD]_1 [PAD]_1 [PAD]_1 [PAD]_1 [PAD]_1 [PAD]_1 [PAD]_1 [PAD]_1 [PAD]_1 [PAD]_1 [PAD]_1 [PAD]_1 [PAD]_1 [PAD]_1 [PAD]_1 [PAD]_1 [PAD]_1 [PAD]_1 [PAD]_1 [PAD]_1 [PAD]_1 [PAD]_1 [PAD]_1 [PAD]_1 [PAD]_1 [PAD]_1 [PAD]_1 [PAD]_1 [PAD]_1 [PAD]_1 [PAD]_1 [PAD]_1 [PAD]_1 [PAD]_1 [PAD]_1 [PAD]_1 [PAD]_1 [PAD]_1 [PAD]_1 [PAD]_1 [PAD]_1 [PAD]_1 [PAD]_1 [PAD]_1 [PAD]_1 [PAD]_1 [PAD]_1 [PAD]_1 [PAD]_1 [PAD]_1 [PAD]_1 [PAD]_1 [PAD]_1 [PAD]_1 [PAD]_1 [PAD]_1 [PAD]_1 [PAD]_1 [PAD]_1 [PAD]_1 [PAD]_1 [PAD]_1 [PAD]_1 [PAD]_1 [PAD]_1 [PAD]_1 [PAD]_1 [PAD]_1 [PAD]_1 [PAD]_1 [PAD]_1 [PAD]_1 [PAD]_1 [PAD]_1 [PAD]_1 [PAD]_1 [PAD]_1 [PAD]_1 [PAD]_1 [PAD]_1 [PAD]_1 [PAD]_1 [PAD]_1 [PAD]_1 [PAD]_1 [PAD]_1 [PAD]_1 [PAD]_1 [PAD]_1 [PAD]_1 [PAD]_1 [PAD]_1 [PAD]_1 [PAD]_1 [PAD]_1 [PAD]_1 [PAD]_1 [PAD]_1 [PAD]_1 [PAD]_1 [PAD]_1 [PAD]_1 [PAD]_1 [PAD]_1 [PAD]_1 [PAD]_1 [PAD]_1 [PAD]_1 [PAD]_1 [PAD]_1 [PAD]_1 [PAD]_1 [PAD]_1 [PAD]_1 [PAD]_1 [PAD]_1 [PAD]_1 [PAD]_1 [PAD]_1 [PAD]_1 [PAD]_1 [PAD]_1 [PAD]_1 [PAD]_1 [SEP]_1 [PAD]_1 [PAD]_1 [PAD]_1 [PAD]_1 [PAD]_1 [PAD]_1 [PAD]_1 [PAD]_1 [PAD]_1 [PAD]_1 [PAD]_1 [PAD]_1 [PAD]_1 [PAD]_1 [PAD]_1 [PAD]_1 [PAD]_1 [PAD]_1 [PAD]_1 [PAD]_1 [PAD]_1 [PAD]_1 [PAD]_1 [PAD]_1 [PAD]_1 [PAD]_1 [PAD]_1 [PAD]_1 [PAD]_1 [PAD]_1 [PAD]_1 [PAD]_1 [PAD]_1 [PAD]_1 [PAD]_1 [PAD]_1 [PAD]_1 [PAD]_1 [PAD]_1 [PAD]_1 [PAD]_1 九_1 丹_1 ：_1 故_1 事_1 讲_1 述_1 山_1 里_1 姑_1 娘_1 陶_1 九_1 丹_1 命_1 运_1 多_1 舛_1 ，_1 其_1 父_1 陶_1 郎_1 中_1 给_1 陈_1 府_1 小_1 少_1 爷_1 治_1 病_1 时_1 ，_1 遭_1 二_1 房_1 游_1 月_1 娥_1 陷_1 害_1 ，_1 被_1 逼_1 嫁_1 女_1 冲_1 喜_1 ，_1 为_1 抗_1 婚_1 与_1 老_1 伴_1 葬_1 身_1 火_1 海_1 。_1 九_1 丹_1 青_1 梅_1 竹_1 马_1 的_1 未_1 婚_1 夫_1 赵_1 建_1 武_1 ，_1 为_1 救_1 她_1 滚_1 落_1 山_1 崖_1 ，_1 生_1 死_1 不_1 明_1 。_1 九_1 丹_1 寻_1 找_1 建_1 武_1 途_1 中_1 昏_1 倒_1 ，_1 被_1 孙_1 母_1 所_1 救_1 并_1 强_1 行_1 将_1 她_1 许_1 配_1 给_1 傻_1 儿_1 子_1 占_1 春_1 ，_1 她_1 几_1 番_1 逃_1 跑_1 不_1 果_1 ，_1 怀_1 上_1 孙_1 家_1 骨_1 肉_1 。_1 [SEP]_1
2019-10-28 11:26:20,329 Token Sample: [CLS]_0 西_0 安_0 翻_0 译_0 学_0 院_0 学_0 生_0 打_0 架_0 致_0 1_0 人_0 死_0 亡_0 嫌_0 疑_0 人_0 已_0 被_0 抓_0 获_0 [PAD]_0 [PAD]_0 [PAD]_0 [PAD]_0 [PAD]_0 [PAD]_0 [PAD]_0 [PAD]_0 [PAD]_0 [PAD]_0 [PAD]_0 [PAD]_0 [PAD]_0 [PAD]_0 [PAD]_0 [PAD]_0 [PAD]_0 [PAD]_0 [PAD]_0 [PAD]_0 [PAD]_0 [PAD]_0 [PAD]_0 [PAD]_0 [PAD]_0 [PAD]_0 [PAD]_0 [PAD]_0 [PAD]_0 [PAD]_0 [PAD]_0 [PAD]_0 [PAD]_0 [PAD]_0 [PAD]_0 [PAD]_0 [PAD]_0 [PAD]_0 [PAD]_0 [PAD]_0 [PAD]_0 [PAD]_0 [SEP]_0 西_1 部_1 网_1 讯_1 (_1 记_1 者_1 李_1 媛_1 贺_1 桐_1 )_1 6_1 月_1 12_1 日_1 下_1 午_1 ，_1 西_1 安_1 翻_1 译_1 学_1 院_1 校_1 园_1 内_1 两_1 名_1 学_1 生_1 因_1 纠_1 纷_1 发_1 生_1 打_1 架_1 ，_1 致_1 其_1 中_1 一_1 人_1 死_1 亡_1 ，_1 警_1 方_1 立_1 案_1 调_1 查_1 。_1 新_1 闻_1 回_1 顾_1 ：_1 西_1 安_1 翻_1 译_1 学_1 院_1 两_1 学_1 生_1 打_1 架_1 致_1 一_1 人_1 死_1 亡_1 警_1 方_1 已_1 展_1 开_1 调_1 查_1 今_1 天_1 (_1 6_1 月_1 13_1 日_1 )_1 ，_1 记_1 者_1 从_1 西_1 安_1 市_1 公_1 安_1 局_1 长_1 安_1 分_1 局_1 了_1 解_1 到_1 ，_1 经_1 过_1 9_1 个_1 小_1 时_1 紧_1 张_1 工_1 作_1 ，_1 警_1 方_1 于_1 6_1 月_1 12_1 日_1 晚_1 23_1 时_1 在_1 宝_1 鸡_1 市_1 将_1 嫌_1 疑_1 人_1 葛_1 某_1 成_1 功_1 抓_1 获_1 。_1 现_1 案_1 件_1 正_1 在_1 进_1 一_1 步_1 审_1 理_1 之_1 中_1 。_1 相_1 关_1 阅_1 读_1 :_1 h5_1 游_1 戏_1 [PAD]_1 [PAD]_1 [PAD]_1 [PAD]_1 [PAD]_1 [PAD]_1 [PAD]_1 [PAD]_1 [PAD]_1 [PAD]_1 [PAD]_1 [PAD]_1 [PAD]_1 [PAD]_1 [PAD]_1 [PAD]_1 [PAD]_1 [PAD]_1 [PAD]_1 [PAD]_1 [PAD]_1 [PAD]_1 [PAD]_1 [PAD]_1 [PAD]_1 [PAD]_1 [PAD]_1 [PAD]_1 [PAD]_1 [PAD]_1 [PAD]_1 [PAD]_1 [PAD]_1 [PAD]_1 [PAD]_1 [PAD]_1 [PAD]_1 [PAD]_1 [PAD]_1 [PAD]_1 [PAD]_1 [PAD]_1 [PAD]_1 [PAD]_1 [PAD]_1 [PAD]_1 [PAD]_1 [PAD]_1 [PAD]_1 [PAD]_1 [PAD]_1 [PAD]_1 [PAD]_1 [PAD]_1 [PAD]_1 [PAD]_1 [PAD]_1 [PAD]_1 [PAD]_1 [PAD]_1 [PAD]_1 [PAD]_1 [PAD]_1 [PAD]_1 [PAD]_1 [PAD]_1 [PAD]_1 [PAD]_1 [PAD]_1 [PAD]_1 [PAD]_1 [PAD]_1 [PAD]_1 [PAD]_1 [PAD]_1 [PAD]_1 [PAD]_1 [PAD]_1 [PAD]_1 [PAD]_1 [PAD]_1 [PAD]_1 [PAD]_1 [PAD]_1 [PAD]_1 [PAD]_1 [PAD]_1 [PAD]_1 [PAD]_1 [PAD]_1 [PAD]_1 [PAD]_1 [PAD]_1 [PAD]_1 [PAD]_1 [PAD]_1 [PAD]_1 [PAD]_1 [PAD]_1 [PAD]_1 [PAD]_1 [PAD]_1 [SEP]_1 [PAD]_1 [PAD]_1 [PAD]_1 [PAD]_1 [PAD]_1 [PAD]_1 [PAD]_1 [PAD]_1 西_1 部_1 网_1 讯_1 (_1 记_1 者_1 李_1 媛_1 贺_1 桐_1 )_1 6_1 月_1 12_1 日_1 下_1 午_1 ，_1 西_1 安_1 翻_1 译_1 学_1 院_1 校_1 园_1 内_1 两_1 名_1 学_1 生_1 因_1 纠_1 纷_1 发_1 生_1 打_1 架_1 ，_1 致_1 其_1 中_1 一_1 人_1 死_1 亡_1 ，_1 警_1 方_1 立_1 案_1 调_1 查_1 。_1 新_1 闻_1 回_1 顾_1 ：_1 西_1 安_1 翻_1 译_1 学_1 院_1 两_1 学_1 生_1 打_1 架_1 致_1 一_1 人_1 死_1 亡_1 警_1 方_1 已_1 展_1 开_1 调_1 查_1 今_1 天_1 (_1 6_1 月_1 13_1 日_1 )_1 ，_1 记_1 者_1 从_1 西_1 安_1 市_1 公_1 安_1 局_1 长_1 安_1 分_1 局_1 了_1 解_1 到_1 ，_1 经_1 过_1 9_1 个_1 小_1 时_1 紧_1 张_1 工_1 作_1 ，_1 警_1 方_1 于_1 6_1 月_1 12_1 日_1 晚_1 23_1 时_1 在_1 宝_1 鸡_1 市_1 将_1 嫌_1 疑_1 人_1 葛_1 某_1 成_1 功_1 抓_1 获_1 。_1 现_1 案_1 件_1 正_1 在_1 进_1 一_1 步_1 审_1 理_1 之_1 中_1 。_1 相_1 关_1 阅_1 读_1 :_1 h5_1 游_1 戏_1 [SEP]_1
2019-10-28 11:26:39,557 Token Sample: [CLS]_0 副_0 厅_0 级_0 干_0 部_0 迷_0 信_0 风_0 水_0 ，_0 插_0 手_0 工_0 程_0 ，_0 受_0 贿_0 2015_0 万_0 余_0 元_0 __0 高_0 某_0 [PAD]_0 [PAD]_0 [PAD]_0 [PAD]_0 [PAD]_0 [PAD]_0 [PAD]_0 [PAD]_0 [PAD]_0 [PAD]_0 [PAD]_0 [PAD]_0 [PAD]_0 [PAD]_0 [PAD]_0 [PAD]_0 [PAD]_0 [PAD]_0 [PAD]_0 [PAD]_0 [PAD]_0 [PAD]_0 [PAD]_0 [PAD]_0 [PAD]_0 [PAD]_0 [PAD]_0 [PAD]_0 [PAD]_0 [PAD]_0 [PAD]_0 [PAD]_0 [PAD]_0 [PAD]_0 [PAD]_0 [PAD]_0 [PAD]_0 [PAD]_0 [PAD]_0 [PAD]_0 [SEP]_0 原_1 标_1 题_1 ：_1 副_1 厅_1 级_1 干_1 部_1 迷_1 信_1 风_1 水_1 ，_1 插_1 手_1 工_1 程_1 ，_1 受_1 贿_1 2015_1 万_1 余_1 元_1 由_1 湖_1 南_1 省_1 益_1 阳_1 市_1 检_1 察_1 院_1 提_1 起_1 公_1 诉_1 的_1 南_1 华_1 大_1 学_1 原_1 副_1 校_1 长_1 全_1 智_1 华_1 （_1 副_1 厅_1 级_1 ）_1 受_1 贿_1 案_1 ，_1 2018_1 年_1 12_1 月_1 12_1 日_1 在_1 益_1 阳_1 市_1 中_1 级_1 法_1 院_1 一_1 审_1 公_1 开_1 宣_1 判_1 。_1 法_1 院_1 以_1 受_1 贿_1 罪_1 判_1 处_1 全_1 智_1 华_1 有_1 期_1 徒_1 刑_1 十_1 二_1 年_1 ，_1 并_1 处_1 罚_1 金_1 人_1 民_1 币_1 300_1 万_1 元_1 。_1 庭_1 审_1 现_1 场_1 公_1 诉_1 人_1 指_1 控_1 犯_1 罪_1 [UNK]_1 身_1 为_1 一_1 名_1 党_1 员_1 、_1 医_1 学_1 博_1 士_1 ，_1 却_1 从_1 一_1 个_1 唯_1 物_1 主_1 义_1 者_1 演_1 变_1 成_1 了_1 唯_1 心_1 主_1 义_1 者_1 ，_1 不_1 信_1 医_1 学_1 ，_1 迷_1 信_1 风_1 水_1 ，_1 辜_1 负_1 了_1 组_1 织_1 对_1 我_1 的_1 培_1 养_1 。_1 [UNK]_1 年_1 近_1 六_1 旬_1 、_1 头_1 发_1 花_1 白_1 的_1 全_1 智_1 华_1 在_1 忏_1 悔_1 书_1 中_1 如_1 此_1 写_1 道_1 。_1 全_1 智_1 华_1 历_1 任_1 湖_1 南_1 衡_1 阳_1 医_1 学_1 院_1 第_1 一_1 附_1 属_1 医_1 院_1 院_1 长_1 ，_1 南_1 华_1 大_1 学_1 附_1 属_1 第_1 一_1 医_1 院_1 （_1 简_1 称_1 [UNK]_1 南_1 华_1 附_1 一_1 医_1 院_1 [UNK]_1 ）_1 党_1 委_1 副_1 书_1 记_1 、_1 院_1 长_1 ，_1 南_1 华_1 大_1 学_1 副_1 校_1 长_1 等_1 职_1 ，_1 兼_1 任_1 湖_1 南_1 省_1 医_1 院_1 [SEP]_1 律_1 的_1 制_1 裁_1 。_1 国_1 家_1 工_1 作_1 人_1 员_1 尤_1 其_1 是_1 领_1 导_1 干_1 部_1 ，_1 要_1 以_1 此_1 为_1 戒_1 ，_1 警_1 钟_1 长_1 鸣_1 。_1 一_1 定_1 要_1 树_1 牢_1 依_1 法_1 用_1 权_1 、_1 谨_1 慎_1 用_1 权_1 、_1 廉_1 洁_1 用_1 权_1 的_1 意_1 识_1 ，_1 严_1 于_1 律_1 己_1 ，_1 警_1 惕_1 贪_1 欲_1 ，_1 做_1 到_1 公_1 权_1 力_1 运_1 用_1 与_1 个_1 人_1 和_1 家_1 庭_1 利_1 益_1 分_1 清_1 、_1 职_1 务_1 行_1 为_1 与_1 私_1 人_1 行_1 为_1 分_1 清_1 。_1 只_1 有_1 对_1 党_1 纪_1 国_1 法_1 心_1 存_1 敬_1 畏_1 ，_1 时_1 刻_1 把_1 纪_1 律_1 和_1 规_1 矩_1 挺_1 在_1 前_1 面_1 ，_1 才_1 能_1 做_1 到_1 不_1 忘_1 初_1 心_1 ，_1 永_1 葆_1 清_1 廉_1 本_1 色_1 。_1 你_1 对_1 这_1 个_1 案_1 子_1 有_1 什_1 么_1 看_1 法_1 ？_1 欢_1 迎_1 留_1 言_1 互_1 动_1 。_1 来_1 源_1 ：_1 检_1 察_1 日_1 报_1 返_1 回_1 搜_1 狐_1 ，_1 查_1 看_1 更_1 多_1 责_1 任_1 编_1 辑_1 ：_1 [SEP]_1
2019-10-28 11:26:46,364 seed everything and create model
2019-10-28 11:29:12,999 step 100 train loss: 0.9378
2019-10-28 11:29:13,000 step 100 score: 0.3188
2019-10-28 11:31:29,056 step 200 train loss: 0.8101
2019-10-28 11:31:29,056 step 200 score: 0.6283
2019-10-28 11:33:45,105 step 300 train loss: 0.6690
2019-10-28 11:33:45,105 step 300 score: 0.6419
2019-10-28 11:36:01,168 step 400 train loss: 0.6296
2019-10-28 11:36:01,168 step 400 score: 0.6816
2019-10-28 11:38:17,212 step 500 train loss: 0.5143
2019-10-28 11:38:17,212 step 500 score: 0.5630
2019-10-28 11:40:33,249 step 600 train loss: 0.6067
2019-10-28 11:40:33,250 step 600 score: 0.6931
2019-10-28 11:42:49,294 step 700 train loss: 0.5048
2019-10-28 11:42:49,294 step 700 score: 0.6876
2019-10-28 11:45:05,336 step 800 train loss: 0.4650
2019-10-28 11:45:05,336 step 800 score: 0.7230
2019-10-28 11:47:21,386 step 900 train loss: 0.4990
2019-10-28 11:47:21,386 step 900 score: 0.6684
2019-10-28 11:49:37,429 step 1000 train loss: 0.5201
2019-10-28 11:49:37,429 step 1000 score: 0.6888
2019-10-28 11:51:53,469 step 1100 train loss: 0.4872
2019-10-28 11:51:53,469 step 1100 score: 0.7594
2019-10-28 11:54:09,521 step 1200 train loss: 0.4247
2019-10-28 11:54:09,521 step 1200 score: 0.7706
2019-10-28 11:56:25,561 step 1300 train loss: 0.4106
2019-10-28 11:56:25,562 step 1300 score: 0.7642
2019-10-28 11:58:41,593 step 1400 train loss: 0.4284
2019-10-28 11:58:41,593 step 1400 score: 0.7700
2019-10-28 12:00:57,622 step 1500 train loss: 0.3026
2019-10-28 12:00:57,622 step 1500 score: 0.7685
2019-10-28 12:00:57,623 best score is 0.7706
