2019-10-22 21:23:35,381 log_in_file: True
2019-10-22 21:23:35,382 lm_path: /home/wangzl/PretrainedLM/XLNET/chinese_xlnet_mid_pytorch/
2019-10-22 21:23:35,382 lm_type: xlnet
2019-10-22 21:23:35,382 data_path: ../data/
2019-10-22 21:23:35,382 usegpu: True
2019-10-22 21:23:35,382 use_origin: True
2019-10-22 21:23:35,382 total_step: 3000
2019-10-22 21:23:35,382 eval_every: 300
2019-10-22 21:23:35,382 early_stop: 4
2019-10-22 21:23:35,382 max_length: 510
2019-10-22 21:23:35,382 max_title_rate: 0.125
2019-10-22 21:23:35,382 content_head_rate: 0.6
2019-10-22 21:23:35,382 batch_size: 4
2019-10-22 21:23:35,382 lr_scheduler_type: linear
2019-10-22 21:23:35,382 input_pattern: head+tail+dynamic
2019-10-22 21:23:35,382 clean_method: space+notzh
2019-10-22 21:23:35,382 warmup_rate: 0.1
2019-10-22 21:23:35,382 classifier_dropout: 0.3
2019-10-22 21:23:35,382 classifier_weight_decay: 0.0
2019-10-22 21:23:35,382 cache_final_model: False
2019-10-22 21:23:35,382 seed: 23
2019-10-22 21:23:35,382 lr: 3e-05
2019-10-22 21:23:35,382 lr_decay_in_layers: 0.95
2019-10-22 21:23:35,382 weight_decay: 0.01
2019-10-22 21:23:35,430 padding token is 5
2019-10-22 21:23:45,171 Token Sample: <cls>_0 ▁_0 余_0 姚_0 市_0 网络_0 变_0 压_0 器_0 滤_0 波_0 器_0 实验_0 -_0 -_0 陕西_0 网络_0 广播电视台_0 整理_0 <sep>_0 ▁_1 余_1 姚_1 市_1 网络_1 变_1 压_1 器_1 滤_1 波_1 器_1 实验_1 -_1 -_1 陕西_1 网络_1 广播电视台_1 整理_1 整理_1 报道_1 -_1 -_1 元_1 月_1 8_1 号_1 ,_1 驻_1 浙江_1 余_1 姚_1 市_1 深圳_1 深_1 爱_1 半导体_1 有限公司_1 的_1 尤_1 主管_1 (_1 工程_1 )_1 ,_1 想要_1 n_1 61_1 12_1 da_1 网络_1 变_1 压_1 器_1 h_1 51_1 11_1 n_1 l_1 网络_1 变_1 压_1 器_1 ,_1 找到_1 我的_1 微_1 信_1 ,_1 在_1 微_1 信_1 里_1 详细_1 咨询_1 了_1 相关_1 余_1 姚_1 市_1 有_1 哪些_1 网络_1 变_1 压_1 器_1 滤_1 波_1 器_1 厂_1 家_1 ,_1 小_1 编_1 在此_1 特_1 推荐_1 余_1 姚_1 市_1 几_1 家_1 不_1 错_1 的_1 网络_1 变_1 压_1 器_1 滤_1 波_1 器_1 厂_1 家_1 :_1 浙江_1 网络_1 变_1 压_1 器_1 滤_1 波_1 器_1 生产_1 厂_1 余_1 姚_1 市_1 办事处_1 浙江_1 余_1 姚_1 市_1 网络_1 变_1 压_1 器_1 滤_1 波_1 器_1 厂_1 家_1 地处_1 的_1 浙江省_1 辖_1 县级_1 市_1 ,_1 宁波_1 市_1 代_1 管_1 。_1 位于_1 浙江省_1 东部_1 ,_1 宁波_1 市_1 境_1 西北部_1 ,_1 地理_1 坐标为_1 东经_1 北纬_1 。_1 东_1 与_1 宁波_1 市_1 江_1 北_1 区_1 、_1 鄞_1 州_1 区_1 相邻_1 ;_1 南_1 枕_1 四_1 明_1 山_1 ,_1 与_1 奉_1 化_1 市_1 、_1 嵊_1 州市_1 接壤_1 ;_1 西_1 连_1 绍兴_1 市_1 上_1 虞_1 区_1 ,_1 北_1 毗_1 慈_1 溪_1 市_1 ,_1 西北_1 于_1 钱_1 塘_1 江_1 、_1 杭州_1 湾_1 中心_1 线_1 与_1 海_1 盐_1 县_1 交界_1 。_1 东西_1 极_1 距_1 58_1 ._1 5_1 千米_1 ,_1 南_1 北极_1 距_1 79_1 千米_1 ,_1 总面积_1 150_1 1_1 平方千米_1 。_1 户_1 籍_1 总人口_1 83_1 ._1 45_1 万人_1 (_1 2012_1 年末_1 )_1 。_1 辖_1 6_1 个_1 街道_1 、_1 14_1 个镇_1 、_1 1_1 个乡_1 :_1 梨_1 洲_1 街道_1 、_1 凤_1 山_1 街道_1 、_1 兰_1 江_1 街道_1 、_1 阳_1 明_1 街道_1 、_1 低_1 塘_1 街道_1 、_1 郎_1 霞_1 街道_1 、_1 临_1 山镇_1 <sep>_1 定_1 制_1 2_1 ._1 5_1 g_1 网络_1 滤_1 波_1 器_1 批_1 发_1 2_1 ._1 5_1 g_1 lan_1 变_1 压_1 器_1 销售_1 浙江_1 余_1 姚_1 市_1 网络_1 变_1 压_1 器_1 滤_1 波_1 器_1 厂_1 家_1 联系_1 方式_1 :_1 联系_1 电话_1 推荐_1 理由_1 :_1 专_1 注_1 网络_1 通讯_1 产品_1 生产_1 研发_1 12_1 年_1 ,_1 生产_1 厂_1 家_1 华_1 强_1 盛_1 电子_1 ,_1 厂_1 家_1 直_1 供_1 ,_1 一_1 手_1 价格_1 ,_1 品质_1 稳定_1 ,_1 交_1 期_1 可靠_1 ,_1 千人_1 生产_1 ,_1 随_1 时_1 定_1 制_1 ,_1 目前_1 有_1 500_1 多家_1 各类_1 网络_1 通讯_1 企业_1 都在_1 选_1 用_1 华_1 强_1 盛_1 电子_1 生产的_1 网络_1 通讯_1 产品_1 用户_1 评价_1 :_1 哈_1 哈_1 ,_1 网络_1 变_1 压_1 器_1 收到了_1 ,_1 迫_1 不及_1 待_1 的_1 用_1 了一_1 下_1 ,_1 网络_1 变_1 压_1 器_1 质量_1 挺_1 好_1 ,_1 使用_1 效果_1 不_1 错_1 ,_1 做_1 工_1 精_1 细_1 、_1 专业_1 ,_1 用_1 起来_1 挺_1 方便_1 的_1 ,_1 贴_1 片_1 回_1 流_1 焊接_1 很_1 到_1 位_1 ,_1 pin_1 脚_1 用的_1 是_1 含_1 银_1 锡_1 ,_1 能_1 通过_1 24_1 小时_1 盐_1 雾_1 试验_1 ,_1 物流_1 很快_1 ,_1 卖_1 家_1 服务_1 态度_1 也_1 好_1 ,_1 很_1 棒_1 的一次_1 合作_1 用户_1 评价_1 之_1 3_1 推荐_1 产品_1 :_1 <sep>_1
2019-10-22 21:23:52,109 Token Sample: <cls>_0 ▁_0 触_0 目_0 惊_0 心_0 !_0 贺_0 兰_0 109_0 国道_0 上_0 一_0 车辆_0 发生_0 自_0 燃_0 -_0 企业_0 堂_0 <sep>_0 ▁在_1 汽车_1 浓_1 缩_1 的_1 狭窄_1 空间_1 内_1 ,_1 线路_1 、_1 汽油_1 等_1 各种_1 易_1 燃_1 易_1 爆_1 品_1 相互_1 交_1 错_1 ,_1 一旦_1 着_1 火_1 ,_1 汽车_1 将_1 可能会_1 在_1 短短_1 几_1 分钟_1 内_1 付_1 之一_1 炬_1 。_1 那么_1 在_1 第一_1 时间内_1 我们_1 该_1 如何_1 迅速_1 实施_1 自_1 救_1 ,_1 并_1 降低_1 汽车_1 的_1 损失_1 程度_1 呢_1 第二_1 步_1 ,_1 司机_1 在_1 关闭_1 电_1 源_1 后_1 ,_1 应_1 迅速_1 离开_1 燃烧_1 的_1 汽车_1 车厢_1 。_1 第三_1 步_1 ,_1 离开_1 车厢_1 后_1 ,_1 司机_1 应_1 马_1 上_1 拿_1 灭_1 火_1 器_1 去_1 查看_1 火_1 情_1 。_1 在_1 查看_1 火_1 情_1 时_1 ,_1 不要_1 贸_1 然_1 地_1 打开_1 汽车_1 前_1 机_1 盖_1 ,_1 而_1 应_1 先_1 将_1 前_1 机_1 盖_1 开_1 条_1 小_1 缝_1 ,_1 等_1 氧气_1 进入_1 一_1 会_1 儿_1 后_1 ,_1 再_1 慢慢_1 全部_1 打开_1 ,_1 用_1 灭_1 火_1 器_1 进行_1 扑_1 救_1 。_1 因为_1 一旦_1 猛_1 地_1 打开_1 机_1 盖_1 ,_1 氧气_1 会_1 迅速_1 进入_1 ,_1 汽车_1 火焰_1 将_1 突然_1 变_1 大_1 ,_1 容易_1 烧_1 伤_1 自己_1 。_1 第四_1 步_1 ,_1 用_1 灭_1 火_1 器_1 扑_1 救_1 时_1 ,_1 应对_1 准_1 油_1 箱_1 和_1 燃烧_1 的部分_1 降_1 温_1 灭_1 火_1 ,_1 避免_1 爆炸_1 。_1 同时_1 ,_1 拨_1 打_1 11_1 9_1 求救_1 。_1 第五_1 步_1 ,_1 如果_1 你_1 已经_1 投_1 保_1 了_1 汽车_1 自_1 燃_1 险_1 ,_1 这时_1 你_1 则_1 必须_1 做到_1 :_1 保护_1 好_1 汽车_1 自_1 燃_1 现场_1 ;_1 在_1 拨_1 打_1 11_1 9_1 时_1 ,_1 同时_1 要求_1 对方_1 派_1 火灾_1 调查_1 人员_1 一同_1 到_1 现场_1 ,_1 因为_1 到_1 保险_1 公司_1 进行_1 理_1 赔_1 时_1 ,_1 必须_1 要_1 由_1 火灾_1 调查_1 人员_1 出_1 具_1 的_1 调查_1 文_1 书_1 作为_1 依据_1 。_1 <sep>_1 <pad>_1 <pad>_1 <pad>_1 <pad>_1 <pad>_1 <pad>_1 <pad>_1 <pad>_1 <pad>_1 <pad>_1 <pad>_1 <pad>_1 <pad>_1 <pad>_1 <pad>_1 <pad>_1 <pad>_1 <pad>_1 <pad>_1 <pad>_1 <pad>_1 <pad>_1 <pad>_1 <pad>_1 <pad>_1 <pad>_1 <pad>_1 <pad>_1 <pad>_1 <pad>_1 <pad>_1 <pad>_1 <pad>_1 <pad>_1 <pad>_1 <pad>_1 <pad>_1 <pad>_1 <pad>_1 <pad>_1 <pad>_1 <pad>_1 <pad>_1 <pad>_1 <pad>_1 <pad>_1 <pad>_1 <pad>_1 <pad>_1 <pad>_1 <pad>_1 <pad>_1 <pad>_1 <pad>_1 <pad>_1 <pad>_1 <pad>_1 <pad>_1 <pad>_1 <pad>_1 <pad>_1 <pad>_1 <pad>_1 <pad>_1 <pad>_1 <pad>_1 <pad>_1 <pad>_1 <pad>_1 <pad>_1 <pad>_1 <pad>_1 <pad>_1 <pad>_1 <pad>_1 <pad>_1 <pad>_1 <pad>_1 <pad>_1 <pad>_1 <pad>_1 <pad>_1 <pad>_1 <pad>_1 <pad>_1 <pad>_1 <pad>_1 <pad>_1 <pad>_1 <pad>_1 <pad>_1 <pad>_1 <pad>_1 <pad>_1 <pad>_1 <pad>_1 <pad>_1 <pad>_1 <pad>_1 <pad>_1 <pad>_1 <pad>_1 <pad>_1 <pad>_1 <pad>_1 <pad>_1 <pad>_1 <pad>_1 <pad>_1 <pad>_1 <pad>_1 <pad>_1 <pad>_1 <pad>_1 <pad>_1 <pad>_1 <pad>_1 <pad>_1 <pad>_1 <pad>_1 <pad>_1 <pad>_1 <pad>_1 <pad>_1 <pad>_1 <pad>_1 <pad>_1 <pad>_1 <pad>_1 <pad>_1 <pad>_1 <pad>_1 <pad>_1 <pad>_1 <pad>_1 <pad>_1 <pad>_1 <pad>_1 <pad>_1 <pad>_1 <pad>_1 <pad>_1 <pad>_1 <pad>_1 <pad>_1 <pad>_1 <pad>_1 <pad>_1 <pad>_1 <pad>_1 <pad>_1 <pad>_1 <pad>_1 <pad>_1 <pad>_1 <pad>_1 <pad>_1 <pad>_1 <pad>_1 <pad>_1 <pad>_1 <pad>_1 <pad>_1 <pad>_1 <pad>_1 <pad>_1 <pad>_1 <pad>_1 <pad>_1 <pad>_1 <pad>_1 <pad>_1 <pad>_1 <pad>_1 <pad>_1 <pad>_1 <pad>_1 <pad>_1 <pad>_1 <pad>_1 <pad>_1 <pad>_1 <pad>_1 <pad>_1 <pad>_1 <pad>_1 <pad>_1 <pad>_1 <pad>_1 <pad>_1 <pad>_1 <pad>_1 <pad>_1 <pad>_1 <pad>_1 <pad>_1 <pad>_1 <pad>_1 <pad>_1 <pad>_1 <pad>_1 <pad>_1 <pad>_1 <pad>_1 <pad>_1 <pad>_1 <pad>_1 <pad>_1 <pad>_1 <pad>_1 <pad>_1 <pad>_1 <pad>_1 <pad>_1 <pad>_1
2019-10-22 21:24:01,929 Token Sample: <cls>_0 ▁_0 广西_0 移动_0 100_0 m_0 宽_0 带_0 只有_0 15_0 m_0 的速度_0 <sep>_0 ▁本_1 帖_1 最后_1 由于_1 编辑_1 如_1 图_1 如_1 题_1 移动_1 自_1 家_1 服务器_1 只_1 跑_1 了_1 15_1 m_1 什么_1 问题_1 0_1 顶_1 0_1 踩_1 分享_1 到_1 :_1 微_1 信_1 q_1 q_1 空间_1 新浪微博_1 腾讯_1 微博_1 人_1 人_1 网_1 搜_1 狐_1 微博_1 <sep>_1 <pad>_1 <pad>_1 <pad>_1 <pad>_1 <pad>_1 <pad>_1 <pad>_1 <pad>_1 <pad>_1 <pad>_1 <pad>_1 <pad>_1 <pad>_1 <pad>_1 <pad>_1 <pad>_1 <pad>_1 <pad>_1 <pad>_1 <pad>_1 <pad>_1 <pad>_1 <pad>_1 <pad>_1 <pad>_1 <pad>_1 <pad>_1 <pad>_1 <pad>_1 <pad>_1 <pad>_1 <pad>_1 <pad>_1 <pad>_1 <pad>_1 <pad>_1 <pad>_1 <pad>_1 <pad>_1 <pad>_1 <pad>_1 <pad>_1 <pad>_1 <pad>_1 <pad>_1 <pad>_1 <pad>_1 <pad>_1 <pad>_1 <pad>_1 <pad>_1 <pad>_1 <pad>_1 <pad>_1 <pad>_1 <pad>_1 <pad>_1 <pad>_1 <pad>_1 <pad>_1 <pad>_1 <pad>_1 <pad>_1 <pad>_1 <pad>_1 <pad>_1 <pad>_1 <pad>_1 <pad>_1 <pad>_1 <pad>_1 <pad>_1 <pad>_1 <pad>_1 <pad>_1 <pad>_1 <pad>_1 <pad>_1 <pad>_1 <pad>_1 <pad>_1 <pad>_1 <pad>_1 <pad>_1 <pad>_1 <pad>_1 <pad>_1 <pad>_1 <pad>_1 <pad>_1 <pad>_1 <pad>_1 <pad>_1 <pad>_1 <pad>_1 <pad>_1 <pad>_1 <pad>_1 <pad>_1 <pad>_1 <pad>_1 <pad>_1 <pad>_1 <pad>_1 <pad>_1 <pad>_1 <pad>_1 <pad>_1 <pad>_1 <pad>_1 <pad>_1 <pad>_1 <pad>_1 <pad>_1 <pad>_1 <pad>_1 <pad>_1 <pad>_1 <pad>_1 <pad>_1 <pad>_1 <pad>_1 <pad>_1 <pad>_1 <pad>_1 <pad>_1 <pad>_1 <pad>_1 <pad>_1 <pad>_1 <pad>_1 <pad>_1 <pad>_1 <pad>_1 <pad>_1 <pad>_1 <pad>_1 <pad>_1 <pad>_1 <pad>_1 <pad>_1 <pad>_1 <pad>_1 <pad>_1 <pad>_1 <pad>_1 <pad>_1 <pad>_1 <pad>_1 <pad>_1 <pad>_1 <pad>_1 <pad>_1 <pad>_1 <pad>_1 <pad>_1 <pad>_1 <pad>_1 <pad>_1 <pad>_1 <pad>_1 <pad>_1 <pad>_1 <pad>_1 <pad>_1 <pad>_1 <pad>_1 <pad>_1 <pad>_1 <pad>_1 <pad>_1 <pad>_1 <pad>_1 <pad>_1 <pad>_1 <pad>_1 <pad>_1 <pad>_1 <pad>_1 <pad>_1 <pad>_1 <pad>_1 <pad>_1 <pad>_1 <pad>_1 <pad>_1 <pad>_1 <pad>_1 <pad>_1 <pad>_1 <pad>_1 <pad>_1 <pad>_1 <pad>_1 <pad>_1 <pad>_1 <pad>_1 <pad>_1 <pad>_1 <pad>_1 <pad>_1 <pad>_1 <pad>_1 <pad>_1 <pad>_1 <pad>_1 <pad>_1 <pad>_1 <pad>_1 <pad>_1 <pad>_1 <pad>_1 <pad>_1 <pad>_1 <pad>_1 <pad>_1 <pad>_1 <pad>_1 <pad>_1 <pad>_1 <pad>_1 <pad>_1 <pad>_1 <pad>_1 <pad>_1 <pad>_1 <pad>_1 <pad>_1 <pad>_1 <pad>_1 <pad>_1 <pad>_1 <pad>_1 <pad>_1 <pad>_1 <pad>_1 <pad>_1 <pad>_1 <pad>_1 <pad>_1 <pad>_1 <pad>_1 <pad>_1 <pad>_1 <pad>_1 <pad>_1 <pad>_1 <pad>_1 <pad>_1 <pad>_1 <pad>_1 <pad>_1 <pad>_1 <pad>_1 <pad>_1 <pad>_1 <pad>_1 <pad>_1 <pad>_1 <pad>_1 <pad>_1 <pad>_1 <pad>_1 <pad>_1 <pad>_1 <pad>_1 <pad>_1 <pad>_1 <pad>_1 <pad>_1 <pad>_1 <pad>_1 <pad>_1 <pad>_1 <pad>_1 <pad>_1 <pad>_1 <pad>_1 <pad>_1 <pad>_1 <pad>_1 <pad>_1 <pad>_1 <pad>_1 <pad>_1 <pad>_1 <pad>_1 <pad>_1 <pad>_1 <pad>_1 <pad>_1 <pad>_1 <pad>_1 <pad>_1 <pad>_1 <pad>_1 <pad>_1 <pad>_1 <pad>_1 <pad>_1 <pad>_1 <pad>_1 <pad>_1 <pad>_1 <pad>_1 <pad>_1 <pad>_1 <pad>_1 <pad>_1 <pad>_1 <pad>_1 <pad>_1 <pad>_1 <pad>_1 <pad>_1 <pad>_1 <pad>_1 <pad>_1 <pad>_1 <pad>_1 <pad>_1 <pad>_1 <pad>_1 <pad>_1 <pad>_1 <pad>_1 <pad>_1 <pad>_1 <pad>_1 <pad>_1 <pad>_1 <pad>_1 <pad>_1 <pad>_1 <pad>_1 <pad>_1 <pad>_1 <pad>_1 <pad>_1 <pad>_1 <pad>_1 <pad>_1 <pad>_1 <pad>_1 <pad>_1 <pad>_1 <pad>_1 <pad>_1 <pad>_1 <pad>_1 <pad>_1 <pad>_1 <pad>_1 <pad>_1 <pad>_1 <pad>_1 <pad>_1 <pad>_1 <pad>_1 <pad>_1 <pad>_1 <pad>_1 <pad>_1 <pad>_1 <pad>_1 <pad>_1 <pad>_1 <pad>_1 <pad>_1 <pad>_1 <pad>_1 <pad>_1 <pad>_1 <pad>_1 <pad>_1 <pad>_1 <pad>_1 <pad>_1 <pad>_1 <pad>_1 <pad>_1 <pad>_1 <pad>_1 <pad>_1 <pad>_1 <pad>_1 <pad>_1 <pad>_1 <pad>_1 <pad>_1 <pad>_1 <pad>_1 <pad>_1 <pad>_1 <pad>_1 <pad>_1 <pad>_1 <pad>_1 <pad>_1 <pad>_1 <pad>_1 <pad>_1 <pad>_1 <pad>_1 <pad>_1 <pad>_1 <pad>_1 <pad>_1 <pad>_1 <pad>_1 <pad>_1 <pad>_1 <pad>_1 <pad>_1 <pad>_1 <pad>_1 <pad>_1 <pad>_1 <pad>_1 <pad>_1 <pad>_1 <pad>_1 <pad>_1 <pad>_1 <pad>_1 <pad>_1 <pad>_1 <pad>_1 <pad>_1 <pad>_1 <pad>_1 <pad>_1 <pad>_1 <pad>_1 <pad>_1 <pad>_1 <pad>_1 <pad>_1 <pad>_1 <pad>_1 <pad>_1 <pad>_1 <pad>_1 <pad>_1 <pad>_1 <pad>_1 <pad>_1 <pad>_1 <pad>_1 <pad>_1 <pad>_1 <pad>_1 <pad>_1 <pad>_1 <pad>_1
2019-10-22 21:24:08,814 Token Sample: <cls>_0 ▁我_0 一个_0 老_0 乡_0 ,_0 其_0 下属_0 利用_0 职务_0 之_0 便_0 ,_0 几次_0 偷_0 了_0 些_0 公司的_0 东西_0 (_0 约_0 ._0 ._0 ._0 __0 华_0 律_0 网_0 <sep>_0 ▁我_1 一个_1 老_1 乡_1 ,_1 其_1 下属_1 利用_1 职务_1 之_1 便_1 ,_1 几次_1 偷_1 了_1 些_1 公司的_1 东西_1 (_1 约_1 价值_1 3_1 万元_1 左右_1 《_1 中华人民共和国_1 刑法_1 》_1 第二_1 百_1 七十_1 一条_1 公司_1 、_1 企业_1 或者_1 其他_1 单位_1 的_1 人员_1 ,_1 利用_1 职务_1 上的_1 便利_1 ,_1 将_1 本_1 单位_1 财_1 物_1 非法_1 占_1 为_1 己_1 有_1 ,_1 数_1 额_1 较大的_1 ,_1 处_1 五年_1 以下_1 有期徒刑_1 或者_1 拘_1 役_1 ;_1 数_1 额_1 巨大的_1 ,_1 处_1 五年_1 以上_1 有期徒刑_1 ,_1 可以_1 并_1 处_1 没收_1 财产_1 。_1 国_1 有_1 公司_1 、_1 企业_1 或者_1 其他_1 国_1 有_1 单位_1 中_1 从事_1 公_1 务_1 的_1 人员_1 和_1 国_1 有_1 公司_1 、_1 企业_1 或者_1 其他_1 国_1 有_1 单位_1 委派_1 到_1 非_1 国_1 有_1 公司_1 、_1 企业_1 以及其他_1 单位_1 从事_1 公_1 务_1 的_1 人员_1 有_1 前_1 款_1 行为_1 的_1 ,_1 依照_1 本_1 法_1 第三_1 百_1 八_1 十二_1 条_1 、_1 第三_1 百_1 八十_1 三_1 条_1 的_1 规定_1 定_1 罪_1 处罚_1 。_1 我_1 一个_1 老_1 乡_1 ,_1 其_1 下属_1 之_1 便_1 ,_1 几次_1 偷_1 了_1 些_1 公司的_1 东西_1 (_1 约_1 价值_1 3_1 万元_1 左右_1 )_1 ._1 而_1 我_1 老_1 乡_1 只是_1 在_1 公司的_1 出_1 门_1 放_1 行_1 条_1 上_1 签_1 了_1 字_1 ._1 ._1 并且_1 其_1 从_1 中_1 得_1 了_1 2000_1 多元_1 的_1 好_1 处_1 费_1 ._1 请_1 会_1 这样_1 会_1 判刑_1 吗_1 ?_1 你_1 好_1 !_1 相互_1 间_1 有_1 共同_1 的意思_1 表示_1 (_1 盗_1 窃_1 )_1 ,_1 又_1 得_1 了_1 好_1 处_1 费_1 (_1 分_1 赃_1 )_1 ,_1 有可能_1 被_1 追究_1 刑事_1 责任_1 。_1 超过_1 5000_1 元_1 没有_1 ?_1 是在_1 国_1 有_1 企业_1 还是_1 私_1 企_1 上班_1 ?_1 具体_1 情况_1 具体_1 分析_1 ,_1 如_1 需_1 法律_1 帮助_1 ,_1 可_1 面_1 谈_1 或_1 电话_1 咨询_1 。_1 <sep>_1 <pad>_1 <pad>_1 <pad>_1 <pad>_1 <pad>_1 <pad>_1 <pad>_1 <pad>_1 <pad>_1 <pad>_1 <pad>_1 <pad>_1 <pad>_1 <pad>_1 <pad>_1 <pad>_1 <pad>_1 <pad>_1 <pad>_1 <pad>_1 <pad>_1 <pad>_1 <pad>_1 <pad>_1 <pad>_1 <pad>_1 <pad>_1 <pad>_1 <pad>_1 <pad>_1 <pad>_1 <pad>_1 <pad>_1 <pad>_1 <pad>_1 <pad>_1 <pad>_1 <pad>_1 <pad>_1 <pad>_1 <pad>_1 <pad>_1 <pad>_1 <pad>_1 <pad>_1 <pad>_1 <pad>_1 <pad>_1 <pad>_1 <pad>_1 <pad>_1 <pad>_1 <pad>_1 <pad>_1 <pad>_1 <pad>_1 <pad>_1 <pad>_1 <pad>_1 <pad>_1 <pad>_1 <pad>_1 <pad>_1 <pad>_1 <pad>_1 <pad>_1 <pad>_1 <pad>_1 <pad>_1 <pad>_1 <pad>_1 <pad>_1 <pad>_1 <pad>_1 <pad>_1 <pad>_1 <pad>_1 <pad>_1 <pad>_1 <pad>_1 <pad>_1 <pad>_1 <pad>_1 <pad>_1 <pad>_1 <pad>_1 <pad>_1 <pad>_1 <pad>_1 <pad>_1 <pad>_1 <pad>_1 <pad>_1 <pad>_1 <pad>_1 <pad>_1 <pad>_1 <pad>_1 <pad>_1 <pad>_1 <pad>_1 <pad>_1 <pad>_1 <pad>_1 <pad>_1 <pad>_1 <pad>_1 <pad>_1 <pad>_1 <pad>_1 <pad>_1 <pad>_1 <pad>_1 <pad>_1 <pad>_1 <pad>_1 <pad>_1 <pad>_1 <pad>_1 <pad>_1 <pad>_1 <pad>_1 <pad>_1 <pad>_1 <pad>_1 <pad>_1 <pad>_1 <pad>_1 <pad>_1 <pad>_1 <pad>_1 <pad>_1 <pad>_1 <pad>_1 <pad>_1 <pad>_1 <pad>_1 <pad>_1 <pad>_1 <pad>_1 <pad>_1 <pad>_1 <pad>_1 <pad>_1 <pad>_1 <pad>_1 <pad>_1 <pad>_1 <pad>_1 <pad>_1 <pad>_1 <pad>_1 <pad>_1 <pad>_1 <pad>_1 <pad>_1 <pad>_1 <pad>_1 <pad>_1 <pad>_1 <pad>_1 <pad>_1 <pad>_1 <pad>_1 <pad>_1 <pad>_1 <pad>_1 <pad>_1 <pad>_1 <pad>_1 <pad>_1 <pad>_1 <pad>_1 <pad>_1 <pad>_1 <pad>_1 <pad>_1 <pad>_1 <pad>_1 <pad>_1 <pad>_1 <pad>_1 <pad>_1 <pad>_1 <pad>_1 <pad>_1 <pad>_1 <pad>_1 <pad>_1 <pad>_1 <pad>_1 <pad>_1 <pad>_1 <pad>_1 <pad>_1 <pad>_1 <pad>_1 <pad>_1 <pad>_1 <pad>_1 <pad>_1 <pad>_1 <pad>_1 <pad>_1
2019-10-22 21:24:12,816 seed everything and create model
2019-10-22 21:32:38,779 step 300 train loss: 0.7092
2019-10-22 21:32:38,779 step 300 score: 0.5912
2019-10-22 21:40:58,193 step 600 train loss: 0.5235
2019-10-22 21:40:58,193 step 600 score: 0.6951
2019-10-22 21:49:17,449 step 900 train loss: 0.4113
2019-10-22 21:49:17,449 step 900 score: 0.7029
2019-10-22 21:57:36,777 step 1200 train loss: 0.4414
2019-10-22 21:57:36,777 step 1200 score: 0.7759
2019-10-22 22:05:56,094 step 1500 train loss: 0.3561
2019-10-22 22:05:56,094 step 1500 score: 0.7795
2019-10-22 22:14:15,422 step 1800 train loss: 0.2476
2019-10-22 22:14:15,422 step 1800 score: 0.7923
2019-10-22 22:22:34,664 step 2100 train loss: 0.2673
2019-10-22 22:22:34,664 step 2100 score: 0.7873
2019-10-22 22:30:54,127 step 2400 train loss: 0.2453
2019-10-22 22:30:54,127 step 2400 score: 0.7777
2019-10-22 22:39:13,505 step 2700 train loss: 0.2253
2019-10-22 22:39:13,505 step 2700 score: 0.7970
2019-10-22 22:47:32,922 step 3000 train loss: 0.2143
2019-10-22 22:47:32,922 step 3000 score: 0.7970
2019-10-22 22:47:32,937 best score is 0.7970
