2019-10-25 10:41:00,251 log_in_file: True
2019-10-25 10:41:00,251 lm_path: /home/wangzl/PretrainedLM/BERT/New/chinese_wwm_ext_pytorch
2019-10-25 10:41:00,251 lm_type: bert
2019-10-25 10:41:00,251 data_path: ../data/
2019-10-25 10:41:00,251 usegpu: True
2019-10-25 10:41:00,251 use_origin: False
2019-10-25 10:41:00,251 total_step: 1500
2019-10-25 10:41:00,251 eval_every: 150
2019-10-25 10:41:00,251 early_stop: 4
2019-10-25 10:41:00,251 max_length: 360
2019-10-25 10:41:00,251 max_title_rate: 0.125
2019-10-25 10:41:00,251 content_head_rate: 0.6
2019-10-25 10:41:00,251 batch_size: 16
2019-10-25 10:41:00,251 lr_scheduler_type: linear
2019-10-25 10:41:00,251 input_pattern: head+tail+fixed
2019-10-25 10:41:00,251 clean_method: space+notzh
2019-10-25 10:41:00,251 warmup_rate: 0.1
2019-10-25 10:41:00,251 classifier_dropout: 0.5
2019-10-25 10:41:00,252 classifier_weight_decay: 0.0
2019-10-25 10:41:00,252 cache_final_model: False
2019-10-25 10:41:00,252 seed: 23
2019-10-25 10:41:00,252 lr: 2e-05
2019-10-25 10:41:00,252 lr_decay_in_layers: 0.95
2019-10-25 10:41:00,252 weight_decay: 0.01
2019-10-25 10:41:00,268 padding token is 0
2019-10-25 10:41:18,200 Token Sample: [CLS]_0 成_0 都_0 出_0 台_0 共_0 享_0 单_0 车_0 新_0 规_0 ：_0 企_0 业_0 不_0 合_0 格_0 将_0 责_0 令_0 退_0 出_0 [PAD]_0 [PAD]_0 [PAD]_0 [PAD]_0 [PAD]_0 [PAD]_0 [PAD]_0 [PAD]_0 [PAD]_0 [PAD]_0 [PAD]_0 [PAD]_0 [PAD]_0 [PAD]_0 [PAD]_0 [PAD]_0 [PAD]_0 [PAD]_0 [PAD]_0 [PAD]_0 [PAD]_0 [PAD]_0 [PAD]_0 [PAD]_0 [SEP]_0 新_1 华_1 社_1 成_1 都_1 3_1 月_1 27_1 日_1 电_1 （_1 记_1 者_1 许_1 茹_1 ）_1 记_1 者_1 从_1 成_1 都_1 市_1 交_1 委_1 了_1 解_1 到_1 ，_1 为_1 促_1 进_1 共_1 享_1 单_1 车_1 健_1 康_1 发_1 展_1 ，_1 成_1 都_1 出_1 台_1 《_1 成_1 都_1 市_1 共_1 享_1 单_1 车_1 运_1 营_1 管_1 理_1 服_1 务_1 规_1 范_1 （_1 试_1 行_1 ）_1 》_1 和_1 《_1 成_1 都_1 市_1 共_1 享_1 单_1 车_1 服_1 务_1 质_1 量_1 信_1 誉_1 考_1 核_1 办_1 法_1 （_1 试_1 行_1 ）_1 》_1 并_1 运_1 行_1 ，_1 根_1 据_1 考_1 核_1 结_1 果_1 减_1 少_1 单_1 车_1 企_1 业_1 投_1 放_1 份_1 额_1 或_1 责_1 令_1 其_1 退_1 出_1 市_1 场_1 。_1 《_1 规_1 范_1 》_1 包_1 括_1 运_1 营_1 企_1 业_1 车_1 辆_1 及_1 设_1 施_1 设_1 备_1 管_1 理_1 、_1 车_1 辆_1 投_1 放_1 、_1 停_1 放_1 和_1 调_1 度_1 等_1 管_1 理_1 规_1 范_1 33_1 条_1 ，_1 是_1 对_1 共_1 享_1 单_1 车_1 运_1 营_1 企_1 业_1 进_1 行_1 服_1 务_1 质_1 量_1 信_1 誉_1 考_1 核_1 的_1 重_1 要_1 依_1 据_1 ；_1 《_1 办_1 法_1 》_1 则_1 明_1 确_1 [SEP]_1 并_1 向_1 外_1 界_1 发_1 布_1 。_1 《_1 办_1 法_1 》_1 规_1 定_1 ，_1 考_1 核_1 结_1 果_1 作_1 为_1 奖_1 惩_1 运_1 营_1 企_1 业_1 的_1 重_1 要_1 依_1 据_1 。_1 共_1 享_1 单_1 车_1 自_1 2016_1 年_1 进_1 入_1 成_1 都_1 以_1 来_1 快_1 速_1 发_1 展_1 ，_1 目_1 前_1 各_1 企_1 业_1 在_1 成_1 都_1 投_1 放_1 数_1 量_1 超_1 过_1 140_1 万_1 辆_1 。_1 共_1 享_1 单_1 车_1 在_1 为_1 市_1 民_1 出_1 行_1 提_1 供_1 方_1 便_1 的_1 同_1 时_1 ，_1 也_1 给_1 城_1 市_1 管_1 理_1 等_1 带_1 来_1 影_1 响_1 ，_1 成_1 为_1 多_1 个_1 城_1 市_1 共_1 同_1 面_1 对_1 的_1 难_1 题_1 。_1 本_1 文_1 链_1 接_1 转_1 载_1 请_1 保_1 留_1 )_1 [SEP]_1
2019-10-25 10:41:29,464 Token Sample: [CLS]_0 市_0 农_0 业_0 局_0 2018_0 年_0 度_0 机_0 关_0 党_0 建_0 工_0 作_0 会_0 议_0 召_0 开_0 [PAD]_0 [PAD]_0 [PAD]_0 [PAD]_0 [PAD]_0 [PAD]_0 [PAD]_0 [PAD]_0 [PAD]_0 [PAD]_0 [PAD]_0 [PAD]_0 [PAD]_0 [PAD]_0 [PAD]_0 [PAD]_0 [PAD]_0 [PAD]_0 [PAD]_0 [PAD]_0 [PAD]_0 [PAD]_0 [PAD]_0 [PAD]_0 [PAD]_0 [PAD]_0 [PAD]_0 [PAD]_0 [SEP]_0 5_1 月_1 23_1 日_1 下_1 午_1 ，_1 市_1 农_1 业_1 局_1 召_1 开_1 2018_1 年_1 度_1 机_1 关_1 党_1 建_1 工_1 作_1 会_1 议_1 。_1 会_1 议_1 传_1 达_1 学_1 习_1 全_1 市_1 机_1 关_1 党_1 的_1 工_1 作_1 会_1 议_1 精_1 神_1 ；_1 总_1 结_1 回_1 顾_1 2017_1 年_1 度_1 机_1 关_1 党_1 建_1 工_1 作_1 ，_1 重_1 点_1 分_1 析_1 当_1 前_1 工_1 作_1 形_1 势_1 ，_1 安_1 排_1 部_1 署_1 新_1 年_1 度_1 机_1 关_1 党_1 建_1 工_1 作_1 重_1 点_1 任_1 务_1 。_1 局_1 党_1 组_1 书_1 记_1 、_1 机_1 关_1 党_1 委_1 书_1 记_1 、_1 局_1 长_1 燕_1 浩_1 林_1 出_1 席_1 会_1 议_1 并_1 讲_1 话_1 ；_1 局_1 党_1 组_1 成_1 员_1 ，_1 机_1 关_1 党_1 委_1 委_1 员_1 、_1 机_1 关_1 纪_1 委_1 委_1 员_1 、_1 机_1 关_1 各_1 党_1 支_1 部_1 支_1 委_1 会_1 成_1 员_1 、_1 专_1 职_1 党_1 务_1 干_1 部_1 参_1 加_1 会_1 议_1 。_1 燕_1 浩_1 林_1 在_1 总_1 结_1 讲_1 话_1 时_1 指_1 出_1 过_1 去_1 的_1 一_1 年_1 ，_1 局_1 机_1 关_1 各_1 级_1 党_1 组_1 织_1 在_1 局_1 党_1 组_1 的_1 坚_1 强_1 领_1 [SEP]_1 恒_1 正_1 风_1 肃_1 纪_1 ，_1 驰_1 而_1 不_1 息_1 纠_1 治_1 [UNK]_1 四_1 风_1 [UNK]_1 ，_1 强_1 化_1 日_1 常_1 教_1 育_1 和_1 监_1 督_1 问_1 责_1 ，_1 努_1 力_1 打_1 造_1 风_1 清_1 气_1 正_1 的_1 机_1 关_1 政_1 治_1 生_1 态_1 ；_1 ?_1 五_1 要_1 严_1 格_1 落_1 实_1 机_1 关_1 党_1 建_1 工_1 作_1 责_1 任_1 ，_1 确_1 保_1 机_1 关_1 党_1 建_1 工_1 作_1 始_1 终_1 走_1 在_1 前_1 、_1 做_1 表_1 率_1 ，_1 为_1 谱_1 写_1 乡_1 村_1 振_1 兴_1 的_1 东_1 营_1 篇_1 章_1 提_1 供_1 坚_1 强_1 保_1 障_1 。_1 ?_1 ?_1 ?_1 ～_1 求_1 关_1 注_1 全_1 心_1 全_1 意_1 为_1 人_1 民_1 服_1 务_1 长_1 按_1 扫_1 码_1 即_1 可_1 关_1 注_1 [SEP]_1
2019-10-25 10:41:40,385 Token Sample: [CLS]_0 民_0 生_0 信_0 用_0 卡_0 强_0 制_0 扣_0 费_0 __0 投_0 诉_0 举_0 报_0 __0 投_0 诉_0 直_0 通_0 车_0 __0 华_0 声_0 在_0 线_0 [PAD]_0 [PAD]_0 [PAD]_0 [PAD]_0 [PAD]_0 [PAD]_0 [PAD]_0 [PAD]_0 [PAD]_0 [PAD]_0 [PAD]_0 [PAD]_0 [PAD]_0 [PAD]_0 [PAD]_0 [PAD]_0 [PAD]_0 [PAD]_0 [PAD]_0 [PAD]_0 [SEP]_0 投_1 诉_1 主_1 题_1 :_1 民_1 生_1 信_1 用_1 卡_1 强_1 制_1 扣_1 费_1 去_1 年_1 10_1 月_1 左_1 右_1 我_1 办_1 理_1 了_1 一_1 张_1 民_1 生_1 银_1 行_1 的_1 信_1 用_1 卡_1 ，_1 行_1 信_1 卡_1 本_1 金_1 是_1 1_1 万_1 1_1 ，_1 我_1 办_1 理_1 的_1 是_1 分_1 期_1 12_1 期_1 还_1 清_1 ，_1 今_1 年_1 10_1 月_1 提_1 前_1 还_1 清_1 本_1 金_1 和_1 利_1 息_1 ，_1 今_1 年_1 九_1 月_1 民_1 生_1 银_1 行_1 打_1 电_1 话_1 给_1 我_1 像_1 我_1 推_1 存_1 一_1 款_1 158_1 一_1 个_1 月_1 的_1 保_1 险_1 单_1 ，_1 我_1 口_1 头_1 上_1 答_1 应_1 ，_1 但_1 是_1 并_1 未_1 签_1 任_1 何_1 合_1 同_1 的_1 情_1 况_1 下_1 ，_1 他_1 们_1 民_1 生_1 银_1 行_1 等_1 我_1 还_1 清_1 本_1 金_1 以_1 后_1 ，_1 把_1 我_1 的_1 信_1 用_1 卡_1 直_1 接_1 提_1 到_1 1_1 万_1 九_1 ，_1 但_1 是_1 信_1 用_1 卡_1 里_1 并_1 没_1 有_1 足_1 额_1 的_1 额_1 度_1 ，_1 只_1 有_1 1_1 万_1 七_1 千_1 多_1 ，_1 这_1 种_1 强_1 制_1 买_1 卖_1 保_1 险_1 强_1 制_1 扣_1 费_1 请_1 现_1 象_1 请_1 执_1 [SEP]_1 线_1 投_1 诉_1 直_1 通_1 车_1 ，_1 记_1 者_1 正_1 在_1 进_1 一_1 步_1 调_1 查_1 核_1 实_1 中_1 ，_1 未_1 经_1 华_1 声_1 在_1 线_1 许_1 可_1 ，_1 严_1 禁_1 转_1 载_1 。_1 我_1 要_1 评_1 论_1 【_1 发_1 布_1 投_1 诉_1 主_1 题_1 请_1 点_1 击_1 右_1 上_1 方_1 [UNK]_1 我_1 要_1 投_1 诉_1 [UNK]_1 】_1 华_1 声_1 在_1 线_1 提_1 醒_1 您_1 :_1 请_1 理_1 性_1 评_1 论_1 、_1 文_1 明_1 发_1 言_1 ，_1 勿_1 发_1 布_1 违_1 法_1 和_1 损_1 害_1 公_1 序_1 良_1 俗_1 的_1 信_1 息_1 。_1 我_1 们_1 将_1 不_1 予_1 发_1 表_1 或_1 删_1 除_1 可_1 能_1 引_1 发_1 法_1 律_1 纠_1 纷_1 和_1 损_1 害_1 公_1 序_1 良_1 俗_1 的_1 信_1 息_1 。_1 [SEP]_1
2019-10-25 10:42:09,721 Token Sample: [CLS]_0 男_0 子_0 给_0 车_0 牌_0 贴_0 红_0 纸_0 [UNK]_0 保_0 平_0 安_0 [UNK]_0 直_0 接_0 遭_0 扣_0 12_0 分_0 [PAD]_0 [PAD]_0 [PAD]_0 [PAD]_0 [PAD]_0 [PAD]_0 [PAD]_0 [PAD]_0 [PAD]_0 [PAD]_0 [PAD]_0 [PAD]_0 [PAD]_0 [PAD]_0 [PAD]_0 [PAD]_0 [PAD]_0 [PAD]_0 [PAD]_0 [PAD]_0 [PAD]_0 [PAD]_0 [PAD]_0 [PAD]_0 [PAD]_0 [PAD]_0 [SEP]_0 乐_1 山_1 有_1 一_1 位_1 司_1 机_1 因_1 为_1 近_1 期_1 发_1 生_1 了_1 车_1 祸_1 ，_1 于_1 是_1 就_1 迷_1 信_1 地_1 自_1 己_1 的_1 奥_1 迪_1 车_1 贴_1 了_1 张_1 保_1 平_1 安_1 的_1 红_1 色_1 福_1 纸_1 。_1 不_1 过_1 ，_1 让_1 他_1 没_1 想_1 到_1 的_1 是_1 ，_1 因_1 为_1 这_1 张_1 红_1 色_1 福_1 纸_1 贴_1 在_1 了_1 车_1 牌_1 号_1 上_1 ，_1 导_1 致_1 这_1 位_1 司_1 机_1 被_1 扣_1 了_1 12_1 分_1 。_1 [PAD]_1 [PAD]_1 [PAD]_1 [PAD]_1 [PAD]_1 [PAD]_1 [PAD]_1 [PAD]_1 [PAD]_1 [PAD]_1 [PAD]_1 [PAD]_1 [PAD]_1 [PAD]_1 [PAD]_1 [PAD]_1 [PAD]_1 [PAD]_1 [PAD]_1 [PAD]_1 [PAD]_1 [PAD]_1 [PAD]_1 [PAD]_1 [PAD]_1 [PAD]_1 [PAD]_1 [PAD]_1 [PAD]_1 [PAD]_1 [PAD]_1 [PAD]_1 [PAD]_1 [PAD]_1 [PAD]_1 [PAD]_1 [PAD]_1 [PAD]_1 [PAD]_1 [PAD]_1 [PAD]_1 [PAD]_1 [PAD]_1 [PAD]_1 [PAD]_1 [PAD]_1 [PAD]_1 [PAD]_1 [PAD]_1 [PAD]_1 [PAD]_1 [PAD]_1 [PAD]_1 [PAD]_1 [PAD]_1 [PAD]_1 [PAD]_1 [PAD]_1 [PAD]_1 [PAD]_1 [PAD]_1 [PAD]_1 [PAD]_1 [PAD]_1 [PAD]_1 [PAD]_1 [PAD]_1 [PAD]_1 [PAD]_1 [PAD]_1 [PAD]_1 [PAD]_1 [PAD]_1 [PAD]_1 [PAD]_1 [PAD]_1 [PAD]_1 [PAD]_1 [PAD]_1 [PAD]_1 [PAD]_1 [PAD]_1 [PAD]_1 [PAD]_1 [PAD]_1 [PAD]_1 [PAD]_1 [PAD]_1 [PAD]_1 [PAD]_1 [PAD]_1 [PAD]_1 [PAD]_1 [PAD]_1 [PAD]_1 [PAD]_1 [PAD]_1 [PAD]_1 [PAD]_1 [PAD]_1 [PAD]_1 [PAD]_1 [PAD]_1 [PAD]_1 [PAD]_1 [PAD]_1 [PAD]_1 [PAD]_1 [PAD]_1 [SEP]_1 [PAD]_1 [PAD]_1 [PAD]_1 [PAD]_1 [PAD]_1 [PAD]_1 [PAD]_1 [PAD]_1 [PAD]_1 [PAD]_1 [PAD]_1 [PAD]_1 [PAD]_1 [PAD]_1 [PAD]_1 [PAD]_1 [PAD]_1 [PAD]_1 [PAD]_1 [PAD]_1 [PAD]_1 [PAD]_1 [PAD]_1 [PAD]_1 [PAD]_1 [PAD]_1 [PAD]_1 [PAD]_1 [PAD]_1 [PAD]_1 [PAD]_1 [PAD]_1 [PAD]_1 [PAD]_1 [PAD]_1 [PAD]_1 [PAD]_1 [PAD]_1 [PAD]_1 [PAD]_1 [PAD]_1 [PAD]_1 乐_1 山_1 有_1 一_1 位_1 司_1 机_1 因_1 为_1 近_1 期_1 发_1 生_1 了_1 车_1 祸_1 ，_1 于_1 是_1 就_1 迷_1 信_1 地_1 自_1 己_1 的_1 奥_1 迪_1 车_1 贴_1 了_1 张_1 保_1 平_1 安_1 的_1 红_1 色_1 福_1 纸_1 。_1 不_1 过_1 ，_1 让_1 他_1 没_1 想_1 到_1 的_1 是_1 ，_1 因_1 为_1 这_1 张_1 红_1 色_1 福_1 纸_1 贴_1 在_1 了_1 车_1 牌_1 号_1 上_1 ，_1 导_1 致_1 这_1 位_1 司_1 机_1 被_1 扣_1 了_1 12_1 分_1 。_1 [SEP]_1
2019-10-25 10:42:30,223 Token Sample: [CLS]_0 贷_0 款_0 逾_0 期_0 后_0 ，_0 部_0 分_0 催_0 收_0 者_0 一_0 般_0 在_0 这_0 几_0 种_0 情_0 况_0 下_0 会_0 轰_0 炸_0 借_0 款_0 人_0 的_0 通_0 讯_0 录_0 [PAD]_0 [PAD]_0 [PAD]_0 [PAD]_0 [PAD]_0 [PAD]_0 [PAD]_0 [PAD]_0 [PAD]_0 [PAD]_0 [PAD]_0 [PAD]_0 [PAD]_0 [PAD]_0 [PAD]_0 [SEP]_0 在_1 p2p_1 网_1 贷_1 行_1 业_1 ，_1 贷_1 款_1 逾_1 期_1 后_1 的_1 催_1 收_1 问_1 题_1 被_1 很_1 多_1 网_1 贷_1 平_1 台_1 所_1 重_1 视_1 ，_1 因_1 此_1 催_1 收_1 人_1 员_1 在_1 网_1 贷_1 行_1 业_1 一_1 直_1 扮_1 演_1 着_1 非_1 常_1 重_1 要_1 的_1 角_1 色_1 ，_1 而_1 且_1 在_1 市_1 场_1 上_1 也_1 逐_1 渐_1 崛_1 起_1 了_1 很_1 多_1 催_1 债_1 公_1 司_1 ，_1 通_1 常_1 这_1 类_1 公_1 司_1 专_1 门_1 帮_1 一_1 些_1 网_1 贷_1 平_1 台_1 催_1 收_1 债_1 务_1 ，_1 然_1 后_1 赚_1 取_1 一_1 部_1 分_1 的_1 佣_1 金_1 ，_1 当_1 然_1 ，_1 也_1 会_1 有_1 不_1 少_1 的_1 网_1 贷_1 机_1 构_1 委_1 托_1 一_1 些_1 外_1 包_1 催_1 债_1 公_1 司_1 对_1 逾_1 期_1 的_1 贷_1 款_1 进_1 行_1 催_1 收_1 ，_1 但_1 是_1 由_1 于_1 市_1 场_1 上_1 存_1 在_1 的_1 催_1 债_1 公_1 司_1 较_1 多_1 ，_1 所_1 以_1 ，_1 存_1 在_1 的_1 乱_1 象_1 与_1 问_1 题_1 也_1 会_1 相_1 应_1 较_1 多_1 ，_1 部_1 分_1 催_1 债_1 公_1 司_1 催_1 收_1 者_1 会_1 使_1 用_1 暴_1 力_1 催_1 债_1 ，_1 而_1 [SEP]_1 借_1 款_1 人_1 违_1 约_1 在_1 先_1 ，_1 但_1 是_1 催_1 收_1 者_1 使_1 用_1 轰_1 炸_1 通_1 讯_1 录_1 的_1 方_1 式_1 催_1 收_1 贷_1 款_1 的_1 行_1 为_1 是_1 被_1 中_1 国_1 互_1 联_1 网_1 金_1 融_1 协_1 会_1 所_1 禁_1 止_1 的_1 ，_1 所_1 以_1 ，_1 借_1 款_1 者_1 在_1 遭_1 遇_1 暴_1 力_1 催_1 收_1 后_1 有_1 权_1 将_1 对_1 方_1 投_1 诉_1 。_1 最_1 后_1 希_1 望_1 借_1 款_1 人_1 能_1 够_1 远_1 离_1 高_1 利_1 贷_1 暴_1 力_1 催_1 收_1 等_1 乱_1 象_1 较_1 多_1 p2p_1 网_1 贷_1 ，_1 因_1 为_1 只_1 有_1 远_1 离_1 乱_1 象_1 较_1 多_1 的_1 网_1 贷_1 机_1 构_1 ，_1 最_1 终_1 才_1 能_1 够_1 避_1 陷_1 入_1 其_1 中_1 。_1 [SEP]_1
2019-10-25 10:42:33,537 seed everything and create model
2019-10-25 10:44:22,599 step 150 train loss: 0.6192
2019-10-25 10:44:22,599 step 150 score: 0.7547
2019-10-25 10:46:06,766 step 300 train loss: 0.4271
2019-10-25 10:46:06,766 step 300 score: 0.7752
2019-10-25 10:47:50,942 step 450 train loss: 0.3503
2019-10-25 10:47:50,942 step 450 score: 0.7716
2019-10-25 10:49:35,110 step 600 train loss: 0.3167
2019-10-25 10:49:35,111 step 600 score: 0.7829
2019-10-25 10:51:19,279 step 750 train loss: 0.3044
2019-10-25 10:51:19,279 step 750 score: 0.7776
2019-10-25 10:53:03,437 step 900 train loss: 0.2421
2019-10-25 10:53:03,437 step 900 score: 0.7950
2019-10-25 10:54:47,611 step 1050 train loss: 0.2500
2019-10-25 10:54:47,611 step 1050 score: 0.7714
2019-10-25 10:56:31,780 step 1200 train loss: 0.2169
2019-10-25 10:56:31,780 step 1200 score: 0.7872
2019-10-25 10:58:15,951 step 1350 train loss: 0.1774
2019-10-25 10:58:15,952 step 1350 score: 0.7753
2019-10-25 11:00:00,116 step 1500 train loss: 0.1815
2019-10-25 11:00:00,117 step 1500 score: 0.7793
2019-10-25 11:00:00,117 best score is 0.7950
