2019-10-16 22:32:22,230 log_in_file: True
2019-10-16 22:32:22,230 bert_path: /home/wangzl/PretrainedLM/BERT/New/roberta_zh_L-24_H-1024_A-16/
2019-10-16 22:32:22,230 data_path: ../data/
2019-10-16 22:32:22,230 usegpu: True
2019-10-16 22:32:22,230 use_origin: True
2019-10-16 22:32:22,230 n_fold: 5
2019-10-16 22:32:22,230 total_step: 10000
2019-10-16 22:32:22,230 eval_every: 1000
2019-10-16 22:32:22,230 early_stop: 4
2019-10-16 22:32:22,230 max_length: 510
2019-10-16 22:32:22,230 max_title_rate: 0.125
2019-10-16 22:32:22,230 content_head_rate: 0.6
2019-10-16 22:32:22,230 batch_size: 2
2019-10-16 22:32:22,231 lr_scheduler_type: linear
2019-10-16 22:32:22,231 input_pattern: head+tail+dynamic
2019-10-16 22:32:22,231 clean_method: space+notzh
2019-10-16 22:32:22,231 warmup_rate: 0.1
2019-10-16 22:32:22,231 classifier_dropout: 0.1
2019-10-16 22:32:22,231 classifier_weight_decay: 0.0
2019-10-16 22:32:22,231 cache_final_model: False
2019-10-16 22:32:22,231 seed: 23
2019-10-16 22:32:22,231 lr: 5e-06
2019-10-16 22:32:22,231 lr_decay_in_layers: 0.97
2019-10-16 22:32:22,231 weight_decay: 0.01
2019-10-16 22:32:47,284 Token Sample: [CLS]_0 海_0 南_0 人_0 走_0 路_0 带_0 风_0 了_0 ！_0 自_0 认_0 身_0 价_0 暴_0 涨_0 的_0 [UNK]_0 海_0 南_0 户_0 口_0 [UNK]_0 真_0 那_0 么_0 值_0 钱_0 吗_0 ？_0 [SEP]_0 掌_1 上_1 乐_1 东_1 乐_1 东_1 大_1 小_1 事_1 ，_1 乐_1 东_1 54_1 万_1 人_1 都_1 关_1 注_1 的_1 公_1 众_1 号_1 自_1 周_1 日_1 海_1 南_1 发_1 布_1 全_1 省_1 限_1 购_1 令_1 后_1 海_1 南_1 各_1 大_1 朋_1 友_1 圈_1 被_1 这_1 消_1 息_1 刷_1 屏_1 了_1 各_1 种_1 海_1 南_1 户_1 口_1 炫_1 耀_1 开_1 始_1 还_1 有_1 单_1 身_1 狗_1 征_1 婚_1 的_1 ！_1 有_1 炫_1 耀_1 金_1 融_1 知_1 识_1 的_1 ！_1 有_1 考_1 虑_1 转_1 行_1 的_1 有_1 海_1 南_1 户_1 口_1 就_1 赚_1 大_1 钱_1 了_1 吗_1 ？_1 光_1 是_1 结_1 婚_1 [UNK]_1 离_1 婚_1 [UNK]_1 结_1 婚_1 [UNK]_1 离_1 婚_1 [UNK]_1 一_1 年_1 下_1 来_1 就_1 可_1 以_1 赚_1 上_1 百_1 万_1 ？_1 针_1 对_1 近_1 几_1 天_1 海_1 南_1 户_1 口_1 大_1 红_1 大_1 紫_1 海_1 南_1 有_1 关_1 部_1 门_1 终_1 于_1 有_1 话_1 说_1 了_1 今_1 天_1 结_1 婚_1 明_1 天_1 落_1 户_1 海_1 南_1 ：_1 不_1 可_1 能_1 据_1 海_1 南_1 省_1 公_1 安_1 厅_1 、_1 海_1 口_1 市_1 民_1 政_1 局_1 等_1 部_1 门_1 消_1 息_1 ，_1 登_1 记_1 结_1 婚_1 就_1 可_1 立_1 即_1 办_1 理_1 落_1 户_1 海_1 南_1 等_1 传_1 言_1 均_1 不_1 可_1 能_1 实_1 现_1 。_1 根_1 据_1 海_1 南_1 目_1 前_1 实_1 施_1 的_1 落_1 户_1 政_1 策_1 ，_1 随_1 亲_1 投_1 靠_1 (_1 夫_1 妻_1 互_1 相_1 投_1 靠_1 落_1 户_1 )_1 需_1 要_1 夫_1 妻_1 双_1 方_1 共_1 同_1 在_1 海_1 南_1 生_1 活_1 满_1 一_1 年_1 后_1 方_1 可_1 办_1 理_1 ，_1 办_1 理_1 落_1 户_1 需_1 要_1 提_1 供_1 《_1 身_1 份_1 证_1 》_1 《_1 结_1 婚_1 证_1 》_1 《_1 居_1 住_1 证_1 》_1 或_1 居_1 住_1 地_1 社_1 区_1 居_1 委_1 会_1 [SEP]_1 于_1 对_1 婚_1 姻_1 登_1 记_1 严_1 重_1 失_1 信_1 当_1 事_1 人_1 开_1 展_1 联_1 合_1 惩_1 戒_1 的_1 合_1 作_1 备_1 忘_1 录_1 》_1 ，_1 提_1 出_1 加_1 大_1 对_1 婚_1 姻_1 登_1 记_1 领_1 域_1 严_1 重_1 失_1 信_1 行_1 为_1 的_1 惩_1 戒_1 力_1 度_1 。_1 为_1 了_1 结_1 婚_1 然_1 后_1 离_1 婚_1 骗_1 取_1 海_1 南_1 户_1 口_1 或_1 者_1 取_1 得_1 海_1 南_1 购_1 房_1 资_1 格_1 的_1 ，_1 将_1 列_1 入_1 婚_1 姻_1 失_1 信_1 名_1 录_1 ，_1 将_1 受_1 严_1 厉_1 惩_1 罚_1 。_1 所_1 以_1 那_1 些_1 自_1 认_1 海_1 南_1 户_1 口_1 暴_1 涨_1 的_1 人_1 醒_1 醒_1 吧_1 ，_1 生_1 活_1 还_1 得_1 继_1 续_1 奋_1 斗_1 没_1 有_1 任_1 何_1 一_1 个_1 地_1 方_1 的_1 人_1 不_1 是_1 靠_1 自_1 己_1 双_1 手_1 创_1 造_1 美_1 好_1 未_1 来_1 的_1 但_1 愿_1 我_1 们_1 大_1 海_1 南_1 以_1 后_1 发_1 展_1 更_1 好_1 民_1 众_1 的_1 生_1 活_1 水_1 平_1 步_1 步_1 高_1 升_1 来_1 源_1 ：_1 海_1 南_1 特_1 区_1 报_1 ，_1 编_1 辑_1 ：_1 椰_1 城_1 众_1 人_1 网_1 络_1 海_1 南_1 视_1 窗_1 整_1 编_1 [SEP]_1
2019-10-16 22:33:03,520 Token Sample: [CLS]_0 宁_0 远_0 县_0 人_0 民_0 医_0 院_0 院_0 长_0 滥_0 用_0 职_0 权_0 ，_0 请_0 给_0 宁_0 远_0 县_0 人_0 民_0 一_0 个_0 交_0 代_0 __0 大_0 陆_0 网_0 [SEP]_0 宁_1 远_1 县_1 人_1 民_1 医_1 院_1 院_1 长_1 滥_1 用_1 职_1 权_1 ，_1 请_1 给_1 宁_1 远_1 县_1 人_1 民_1 一_1 个_1 交_1 代_1 中_1 纪_1 委_1 、_1 省_1 纪_1 委_1 、_1 市_1 纪_1 委_1 、_1 县_1 纪_1 委_1 :_1 宁_1 远_1 县_1 人_1 民_1 医_1 院_1 院_1 长_1 欧_1 阳_1 旭_1 俊_1 ，_1 长_1 期_1 以_1 来_1 腐_1 败_1 不_1 断_1 ，_1 经_1 常_1 违_1 反_1 中_1 央_1 八_1 项_1 规_1 定_1 ，_1 做_1 任_1 何_1 事_1 情_1 都_1 不_1 经_1 过_1 院_1 委_1 会_1 讨_1 论_1 ，_1 自_1 己_1 说_1 了_1 算_1 。_1 1_1 、_1 宁_1 远_1 县_1 人_1 民_1 医_1 院_1 欧_1 阳_1 旭_1 俊_1 滥_1 用_1 职_1 权_1 ，_1 自_1 己_1 在_1 长_1 沙_1 找_1 了_1 一_1 家_1 招_1 标_1 代_1 理_1 公_1 司_1 ，_1 湖_1 南_1 五_1 一_1 招_1 标_1 有_1 限_1 公_1 司_1 ，_1 也_1 是_1 欧_1 阳_1 旭_1 俊_1 自_1 己_1 的_1 公_1 司_1 ，_1 凡_1 是_1 宁_1 远_1 县_1 人_1 民_1 医_1 院_1 采_1 购_1 的_1 项_1 目_1 都_1 到_1 他_1 公_1 司_1 招_1 标_1 ，_1 欧_1 阳_1 旭_1 俊_1 就_1 能_1 完_1 全_1 掌_1 控_1 ，_1 想_1 谁_1 中_1 标_1 就_1 谁_1 中_1 标_1 ，_1 按_1 常_1 规_1 就_1 在_1 本_1 地_1 招_1 标_1 就_1 可_1 以_1 了_1 ，_1 为_1 什_1 么_1 到_1 长_1 沙_1 招_1 标_1 2_1 、_1 有_1 宁_1 远_1 县_1 人_1 民_1 医_1 院_1 的_1 药_1 材_1 、_1 医_1 疗_1 设_1 备_1 、_1 电_1 器_1 设_1 备_1 、_1 几_1 年_1 都_1 是_1 一_1 直_1 在_1 长_1 沙_1 招_1 标_1 ，_1 代_1 理_1 公_1 司_1 也_1 一_1 直_1 是_1 湖_1 南_1 五_1 一_1 招_1 标_1 有_1 限_1 公_1 司_1 ，_1 其_1 中_1 新_1 建_1 住_1 院_1 大_1 楼_1 电_1 梯_1 、_1 空_1 气_1 能_1 [SEP]_1 。_1 4_1 、_1 人_1 民_1 医_1 院_1 几_1 年_1 大_1 小_1 维_1 修_1 项_1 目_1 从_1 未_1 向_1 社_1 会_1 招_1 标_1 ，_1 都_1 是_1 他_1 亲_1 信_1 施_1 工_1 ，_1 每_1 年_1 几_1 百_1 万_1 的_1 维_1 修_1 资_1 金_1 啊_1 。_1 人_1 民_1 医_1 院_1 用_1 人_1 ，_1 不_1 讲_1 能_1 力_1 、_1 不_1 讲_1 规_1 定_1 ，_1 只_1 要_1 和_1 他_1 一_1 条_1 心_1 就_1 能_1 重_1 用_1 ，_1 不_1 和_1 他_1 一_1 条_1 心_1 再_1 有_1 能_1 力_1 者_1 ，_1 都_1 不_1 能_1 以_1 重_1 用_1 。_1 6_1 、_1 欧_1 阳_1 旭_1 俊_1 他_1 有_1 多_1 大_1 的_1 保_1 护_1 伞_1 啊_1 ?_1 真_1 的_1 是_1 县_1 纪_1 委_1 都_1 动_1 不_1 了_1 他_1 ?_1 难_1 道_1 中_1 央_1 的_1 八_1 项_1 规_1 定_1 查_1 不_1 了_1 他_1 真_1 是_1 不_1 敢_1 实_1 名_1 举_1 报_1 ，_1 怕_1 被_1 报_1 复_1 。_1 他_1 的_1 保_1 护_1 伞_1 太_1 大_1 了_1 。_1 请_1 求_1 中_1 纪_1 委_1 、_1 省_1 纪_1 委_1 、_1 市_1 纪_1 委_1 、_1 县_1 纪_1 委_1 ，_1 给_1 宁_1 远_1 县_1 全_1 县_1 人_1 民_1 一_1 个_1 交_1 代_1 。_1 国_1 内_1 消_1 费_1 网_1 [SEP]_1
2019-10-16 22:33:31,473 Token Sample: [CLS]_0 美_0 国_0 发_0 生_0 首_0 例_0 产_0 品_0 爆_0 炸_0 致_0 死_0 案_0 ，_0 安_0 全_0 标_0 准_0 恐_0 将_0 升_0 级_0 [SEP]_0 电_1 子_1 类_1 产_1 品_1 一_1 直_1 是_1 跨_1 境_1 电_1 商_1 行_1 业_1 的_1 当_1 红_1 产_1 品_1 ，_1 该_1 领_1 域_1 也_1 让_1 不_1 少_1 卖_1 家_1 赚_1 的_1 是_1 盆_1 满_1 钵_1 满_1 ，_1 可_1 近_1 日_1 一_1 类_1 电_1 子_1 产_1 品_1 却_1 发_1 生_1 了_1 爆_1 炸_1 致_1 死_1 的_1 惨_1 案_1 。_1 据_1 外_1 媒_1 报_1 道_1 ，_1 本_1 月_1 初_1 佛_1 罗_1 里_1 达_1 州_1 一_1 名_1 男_1 子_1 在_1 家_1 中_1 抽_1 电_1 子_1 烟_1 时_1 突_1 然_1 发_1 生_1 爆_1 炸_1 ，_1 该_1 男_1 子_1 当_1 场_1 死_1 亡_1 。_1 看_1 到_1 这_1 里_1 吓_1 得_1 我_1 赶_1 紧_1 把_1 手_1 里_1 的_1 电_1 子_1 烟_1 仍_1 掉_1 [UNK]_1 [UNK]_1 美_1 国_1 首_1 例_1 电_1 子_1 烟_1 爆_1 炸_1 致_1 死_1 案_1 报_1 道_1 称_1 ，_1 这_1 名_1 佛_1 罗_1 里_1 达_1 男_1 子_1 死_1 于_1 电_1 子_1 烟_1 爆_1 炸_1 造_1 成_1 的_1 [UNK]_1 头_1 部_1 射_1 弹_1 伤_1 [UNK]_1 ，_1 在_1 从_1 他_1 的_1 头_1 部_1 取_1 下_1 的_1 碎_1 片_1 中_1 ，_1 发_1 现_1 了_1 位_1 于_1 菲_1 律_1 宾_1 的_1 电_1 子_1 烟_1 生_1 产_1 商_1 的_1 标_1 识_1 ，_1 该_1 公_1 司_1 的_1 一_1 位_1 代_1 表_1 对_1 美_1 国_1 abc_1 新_1 闻_1 表_1 示_1 ，_1 其_1 生_1 产_1 的_1 电_1 子_1 烟_1 不_1 会_1 爆_1 炸_1 ，_1 问_1 题_1 可_1 能_1 在_1 于_1 电_1 池_1 ，_1 不_1 管_1 该_1 公_1 司_1 是_1 如_1 何_1 说_1 的_1 ，_1 电_1 子_1 烟_1 爆_1 炸_1 致_1 人_1 死_1 亡_1 的_1 责_1 任_1 恐_1 无_1 法_1 推_1 脱_1 。_1 美_1 国_1 消_1 防_1 局_1 去_1 年_1 的_1 报_1 告_1 回_1 顾_1 了_1 2009_1 年_1 至_1 2017_1 年_1 间_1 195_1 起_1 与_1 电_1 子_1 烟_1 相_1 关_1 的_1 火_1 灾_1 [SEP]_1 年_1 ，_1 其_1 研_1 究_1 范_1 围_1 包_1 括_1 电_1 池_1 芯_1 、_1 模_1 组_1 、_1 电_1 池_1 组_1 、_1 充_1 电_1 器_1 和_1 电_1 源_1 供_1 应_1 器_1 等_1 ，_1 因_1 此_1 针_1 对_1 电_1 子_1 烟_1 的_1 电_1 气_1 与_1 起_1 火_1 的_1 安_1 全_1 隐_1 忧_1 ，_1 ul_1 ##81_1 ##39_1 测_1 试_1 标_1 准_1 和_1 方_1 法_1 将_1 可_1 提_1 供_1 扎_1 实_1 且_1 专_1 业_1 的_1 检_1 测_1 评_1 估_1 ，_1 提_1 升_1 消_1 费_1 者_1 使_1 用_1 安_1 全_1 性_1 。_1 在_1 美_1 国_1 首_1 例_1 电_1 子_1 烟_1 爆_1 炸_1 致_1 死_1 案_1 发_1 生_1 后_1 ，_1 跨_1 境_1 电_1 商_1 卖_1 家_1 在_1 销_1 售_1 电_1 子_1 烟_1 时_1 一_1 定_1 要_1 确_1 保_1 产_1 品_1 质_1 量_1 。_1 如_1 无_1 意_1 外_1 ，_1 之_1 后_1 各_1 大_1 平_1 台_1 也_1 将_1 对_1 此_1 类_1 产_1 品_1 提_1 出_1 更_1 严_1 格_1 的_1 监_1 管_1 措_1 施_1 ，_1 相_1 关_1 产_1 品_1 卖_1 家_1 万_1 不_1 可_1 掉_1 以_1 轻_1 心_1 。_1 亿_1 恩_1 网_1 ∣_1 有_1 态_1 度_1 的_1 跨_1 境_1 电_1 商_1 行_1 业_1 媒_1 体_1 即_1 可_1 扫_1 描_1 关_1 注_1 我_1 们_1 ！_1 [SEP]_1
2019-10-16 22:33:51,510 Token Sample: [CLS]_0 【_0 提_0 示_0 】_0 二_0 手_0 房_0 租_0 赁_0 纠_0 纷_0 存_0 四_0 大_0 陷_0 阱_0 ，_0 教_0 您_0 如_0 何_0 防_0 范_0 风_0 险_0 !_0 [SEP]_0 律_1 师_1 焦_1 传_1 国_1 ，_1 为_1 您_1 提_1 供_1 法_1 律_1 咨_1 询_1 ，_1 电_1 话_1 近_1 些_1 年_1 ，_1 因_1 为_1 二_1 手_1 房_1 租_1 赁_1 引_1 发_1 的_1 纠_1 纷_1 案_1 件_1 日_1 益_1 增_1 多_1 ，_1 北_1 京_1 海_1 淀_1 法_1 院_1 法_1 官_1 通_1 过_1 对_1 类_1 似_1 案_1 件_1 的_1 梳_1 理_1 总_1 结_1 ，_1 日_1 前_1 向_1 消_1 费_1 者_1 发_1 布_1 了_1 防_1 范_1 二_1 手_1 房_1 租_1 赁_1 四_1 大_1 陷_1 阱_1 的_1 风_1 险_1 提_1 示_1 。_1 陷_1 阱_1 1_1 ：_1 二_1 房_1 东_1 转_1 租_1 房_1 屋_1 致_1 租_1 赁_1 合_1 同_1 无_1 效_1 2015_1 年_1 10_1 月_1 ，_1 二_1 房_1 东_1 迟_1 某_1 在_1 未_1 经_1 过_1 大_1 房_1 东_1 魏_1 某_1 同_1 意_1 的_1 情_1 况_1 下_1 ，_1 将_1 海_1 淀_1 区_1 北_1 三_1 环_1 中_1 路_1 一_1 套_1 房_1 屋_1 主_1 卧_1 租_1 予_1 马_1 某_1 ，_1 租_1 赁_1 期_1 限_1 为_1 一_1 年_1 ，_1 月_1 租_1 3400_1 元_1 ，_1 按_1 照_1 押_1 一_1 付_1 三_1 的_1 方_1 式_1 收_1 取_1 房_1 租_1 。_1 2015_1 年_1 11_1 月_1 末_1 ，_1 大_1 房_1 东_1 魏_1 某_1 将_1 房_1 屋_1 出_1 售_1 ，_1 并_1 责_1 令_1 马_1 某_1 立_1 即_1 搬_1 离_1 。_1 马_1 某_1 向_1 迟_1 某_1 索_1 要_1 剩_1 余_1 9_1 个_1 月_1 的_1 房_1 租_1 、_1 押_1 金_1 ，_1 但_1 遭_1 到_1 迟_1 某_1 拒_1 绝_1 。_1 法_1 院_1 经_1 审_1 理_1 认_1 为_1 ，_1 迟_1 某_1 未_1 经_1 房_1 主_1 同_1 意_1 将_1 所_1 租_1 的_1 房_1 屋_1 转_1 租_1 ，_1 属_1 于_1 无_1 权_1 处_1 分_1 的_1 行_1 为_1 ，_1 其_1 与_1 马_1 某_1 所_1 签_1 订_1 的_1 租_1 赁_1 合_1 同_1 应_1 属_1 无_1 效_1 。_1 鉴_1 于_1 马_1 某_1 [SEP]_1 房_1 主_1 或_1 中_1 介_1 公_1 司_1 出_1 具_1 退_1 房_1 确_1 认_1 单_1 ，_1 以_1 证_1 明_1 退_1 房_1 时_1 间_1 。_1 来_1 源_1 ：_1 新_1 京_1 报_1 更_1 多_1 法_1 律_1 咨_1 询_1 ，_1 请_1 拨_1 打_1 焦_1 传_1 国_1 律_1 师_1 电_1 话_1 免_1 责_1 声_1 明_1 】_1 ：_1 [UNK]_1 营_1 口_1 刑_1 事_1 交_1 通_1 事_1 故_1 合_1 同_1 纠_1 纷_1 法_1 律_1 顾_1 问_1 [UNK]_1 对_1 转_1 载_1 、_1 分_1 享_1 的_1 内_1 容_1 、_1 陈_1 述_1 、_1 观_1 点_1 判_1 断_1 保_1 持_1 中_1 立_1 ，_1 不_1 对_1 所_1 包_1 含_1 内_1 容_1 的_1 准_1 确_1 性_1 、_1 可_1 靠_1 性_1 或_1 完_1 善_1 性_1 提_1 供_1 任_1 何_1 明_1 示_1 或_1 暗_1 示_1 的_1 保_1 证_1 ，_1 仅_1 供_1 读_1 者_1 参_1 考_1 ，_1 并_1 请_1 承_1 担_1 全_1 部_1 责_1 任_1 【_1 版_1 权_1 声_1 明_1 】_1 ：_1 本_1 文_1 图_1 文_1 转_1 载_1 于_1 网_1 络_1 ，_1 版_1 权_1 归_1 原_1 作_1 者_1 所_1 有_1 ，_1 仅_1 供_1 学_1 习_1 参_1 考_1 之_1 用_1 ，_1 禁_1 止_1 用_1 于_1 商_1 业_1 用_1 途_1 ，_1 如_1 有_1 异_1 议_1 ，_1 请_1 联_1 系_1 。_1 [SEP]_1
2019-10-16 22:33:56,821 seed everything and create model
2019-10-16 22:42:58,111 step 1000 train loss: 0.5718
2019-10-16 22:42:58,112 step 1000 score: 0.7376
2019-10-16 22:51:48,635 step 2000 train loss: 0.4182
2019-10-16 22:51:48,636 step 2000 score: 0.7878
2019-10-16 23:00:38,940 step 3000 train loss: 0.3895
2019-10-16 23:00:38,940 step 3000 score: 0.7669
2019-10-16 23:09:29,267 step 4000 train loss: 0.2645
2019-10-16 23:09:29,268 step 4000 score: 0.7848
2019-10-16 23:18:19,595 step 5000 train loss: 0.2583
2019-10-16 23:18:19,596 step 5000 score: 0.7744
2019-10-16 23:27:09,918 step 6000 train loss: 0.2065
2019-10-16 23:27:09,919 step 6000 score: 0.7948
2019-10-16 23:36:00,274 step 7000 train loss: 0.1316
2019-10-16 23:36:00,274 step 7000 score: 0.7829
2019-10-16 23:44:50,635 step 8000 train loss: 0.0998
2019-10-16 23:44:50,635 step 8000 score: 0.7849
2019-10-16 23:53:41,039 step 9000 train loss: 0.1081
2019-10-16 23:53:41,039 step 9000 score: 0.7805
2019-10-17 00:02:31,449 step 10000 train loss: 0.0563
2019-10-17 00:02:31,449 step 10000 score: 0.7854
2019-10-17 00:02:31,449 best score is 0.7948
2019-10-17 00:18:11,816 step 1000 train loss: 0.6227
2019-10-17 00:18:11,816 step 1000 score: 0.6938
2019-10-17 00:27:02,332 step 2000 train loss: 0.4074
2019-10-17 00:27:02,333 step 2000 score: 0.7762
2019-10-17 00:35:52,750 step 3000 train loss: 0.4091
2019-10-17 00:35:52,750 step 3000 score: 0.7668
2019-10-17 00:44:43,205 step 4000 train loss: 0.2936
2019-10-17 00:44:43,205 step 4000 score: 0.8053
2019-10-17 00:53:33,543 step 5000 train loss: 0.2878
2019-10-17 00:53:33,544 step 5000 score: 0.8121
2019-10-17 01:02:24,072 step 6000 train loss: 0.2530
2019-10-17 01:02:24,073 step 6000 score: 0.7913
2019-10-17 01:11:14,569 step 7000 train loss: 0.1545
2019-10-17 01:11:14,569 step 7000 score: 0.8088
2019-10-17 01:20:05,130 step 8000 train loss: 0.1552
2019-10-17 01:20:05,131 step 8000 score: 0.7837
2019-10-17 01:28:55,492 step 9000 train loss: 0.1433
2019-10-17 01:28:55,492 step 9000 score: 0.8067
2019-10-17 01:37:45,848 step 10000 train loss: 0.0922
2019-10-17 01:37:45,848 step 10000 score: 0.7979
2019-10-17 01:37:45,848 best score is 0.8121
2019-10-17 01:53:26,186 step 1000 train loss: 0.5707
2019-10-17 01:53:26,186 step 1000 score: 0.7734
2019-10-17 02:02:16,467 step 2000 train loss: 0.4149
2019-10-17 02:02:16,467 step 2000 score: 0.7463
2019-10-17 02:11:06,701 step 3000 train loss: 0.3753
2019-10-17 02:11:06,701 step 3000 score: 0.8203
2019-10-17 02:19:57,094 step 4000 train loss: 0.2430
2019-10-17 02:19:57,094 step 4000 score: 0.7610
2019-10-17 02:28:47,439 step 5000 train loss: 0.2669
2019-10-17 02:28:47,439 step 5000 score: 0.7869
2019-10-17 02:37:37,784 step 6000 train loss: 0.2449
2019-10-17 02:37:37,784 step 6000 score: 0.8036
2019-10-17 02:46:28,133 step 7000 train loss: 0.1180
2019-10-17 02:46:28,133 step 7000 score: 0.8066
2019-10-17 02:55:18,499 step 8000 train loss: 0.1285
2019-10-17 02:55:18,499 step 8000 score: 0.8040
2019-10-17 02:55:18,500 best score is 0.8203
2019-10-17 03:10:58,918 step 1000 train loss: 0.6089
2019-10-17 03:10:58,918 step 1000 score: 0.6880
2019-10-17 03:19:49,222 step 2000 train loss: 0.4313
2019-10-17 03:19:49,223 step 2000 score: 0.7092
2019-10-17 03:28:39,545 step 3000 train loss: 0.4013
2019-10-17 03:28:39,545 step 3000 score: 0.7900
2019-10-17 03:37:29,831 step 4000 train loss: 0.2618
2019-10-17 03:37:29,831 step 4000 score: 0.7223
2019-10-17 03:46:20,089 step 5000 train loss: 0.2693
2019-10-17 03:46:20,089 step 5000 score: 0.7821
2019-10-17 03:55:10,381 step 6000 train loss: 0.2557
2019-10-17 03:55:10,382 step 6000 score: 0.7861
2019-10-17 04:04:00,683 step 7000 train loss: 0.1507
2019-10-17 04:04:00,683 step 7000 score: 0.7899
2019-10-17 04:12:50,990 step 8000 train loss: 0.1286
2019-10-17 04:12:50,991 step 8000 score: 0.7805
2019-10-17 04:12:50,991 best score is 0.7900
2019-10-17 04:28:31,335 step 1000 train loss: 0.5641
2019-10-17 04:28:31,336 step 1000 score: 0.7537
2019-10-17 04:37:21,563 step 2000 train loss: 0.4337
2019-10-17 04:37:21,563 step 2000 score: 0.7299
2019-10-17 04:46:11,823 step 3000 train loss: 0.3862
2019-10-17 04:46:11,824 step 3000 score: 0.8035
2019-10-17 04:55:02,176 step 4000 train loss: 0.2713
2019-10-17 04:55:02,176 step 4000 score: 0.7724
2019-10-17 05:03:52,544 step 5000 train loss: 0.2369
2019-10-17 05:03:52,544 step 5000 score: 0.8155
2019-10-17 05:12:42,763 step 6000 train loss: 0.2515
2019-10-17 05:12:42,764 step 6000 score: 0.7772
2019-10-17 05:21:32,950 step 7000 train loss: 0.1585
2019-10-17 05:21:32,950 step 7000 score: 0.8091
2019-10-17 05:30:23,213 step 8000 train loss: 0.1307
2019-10-17 05:30:23,213 step 8000 score: 0.8227
2019-10-17 05:39:13,608 step 9000 train loss: 0.1240
2019-10-17 05:39:13,608 step 9000 score: 0.8165
2019-10-17 05:48:04,004 step 10000 train loss: 0.0662
2019-10-17 05:48:04,004 step 10000 score: 0.8106
2019-10-17 05:48:04,004 best score is 0.8227
2019-10-17 05:54:53,927 average: 0.807993
