2019-10-28 12:26:04,674 log_in_file: True
2019-10-28 12:26:04,674 lm_path: /home/wangzl/PretrainedLM/BERT/New/roberta_zh_L-24_H-1024_A-16/
2019-10-28 12:26:04,675 lm_type: bert
2019-10-28 12:26:04,675 data_path: ../data/
2019-10-28 12:26:04,675 usegpu: True
2019-10-28 12:26:04,675 total_step: 1500
2019-10-28 12:26:04,675 eval_every: 100
2019-10-28 12:26:04,675 early_stop: 4
2019-10-28 12:26:04,675 max_length: 510
2019-10-28 12:26:04,675 max_title_rate: 0.125
2019-10-28 12:26:04,675 content_head_rate: 0.6
2019-10-28 12:26:04,675 batch_size: 2
2019-10-28 12:26:04,675 lr_scheduler_type: linear
2019-10-28 12:26:04,675 input_pattern: head+tail+fixed
2019-10-28 12:26:04,675 clean_method: space+notzh
2019-10-28 12:26:04,675 warmup_rate: 0.1
2019-10-28 12:26:04,675 classifier_dropout: 0.3
2019-10-28 12:26:04,675 classifier_active: tanh
2019-10-28 12:26:04,675 cache_final_model: False
2019-10-28 12:26:04,675 seed: 23
2019-10-28 12:26:04,675 lr: 2e-05
2019-10-28 12:26:04,675 lr_decay_in_layers: 1.0
2019-10-28 12:26:04,675 wd_decay_in_layers: 1.0
2019-10-28 12:26:04,675 weight_decay: 0.01
2019-10-28 12:26:04,692 padding token is 0
2019-10-28 12:26:32,841 Token Sample: [CLS]_0 【_0 七_0 彩_0 播_0 报_0 】_0 安_0 全_0 在_0 于_0 防_0 范_0 责_0 任_0 重_0 于_0 泰_0 山_0 [PAD]_0 [PAD]_0 [PAD]_0 [PAD]_0 [PAD]_0 [PAD]_0 [PAD]_0 [PAD]_0 [PAD]_0 [PAD]_0 [PAD]_0 [PAD]_0 [PAD]_0 [PAD]_0 [PAD]_0 [PAD]_0 [PAD]_0 [PAD]_0 [PAD]_0 [PAD]_0 [PAD]_0 [PAD]_0 [PAD]_0 [PAD]_0 [PAD]_0 [PAD]_0 [PAD]_0 [PAD]_0 [PAD]_0 [PAD]_0 [PAD]_0 [PAD]_0 [PAD]_0 [PAD]_0 [PAD]_0 [PAD]_0 [PAD]_0 [PAD]_0 [PAD]_0 [PAD]_0 [PAD]_0 [PAD]_0 [PAD]_0 [PAD]_0 [PAD]_0 [PAD]_0 [SEP]_0 近_1 期_1 ，_1 我_1 校_1 紧_1 扣_1 [UNK]_1 做_1 自_1 己_1 的_1 首_1 席_1 安_1 全_1 官_1 [UNK]_1 主_1 题_1 ，_1 组_1 织_1 开_1 展_1 了_1 丰_1 富_1 多_1 彩_1 的_1 安_1 全_1 宣_1 传_1 教_1 育_1 系_1 列_1 活_1 动_1 ，_1 不_1 断_1 提_1 高_1 全_1 校_1 师_1 生_1 的_1 安_1 全_1 意_1 识_1 和_1 应_1 对_1 突_1 发_1 事_1 件_1 的_1 避_1 险_1 自_1 救_1 能_1 力_1 ，_1 最_1 大_1 限_1 度_1 地_1 预_1 防_1 安_1 全_1 事_1 故_1 的_1 发_1 生_1 ，_1 为_1 构_1 建_1 [UNK]_1 阳_1 光_1 校_1 园_1 [UNK]_1 [UNK]_1 平_1 安_1 校_1 园_1 [UNK]_1 [UNK]_1 和_1 谐_1 校_1 园_1 [UNK]_1 夯_1 实_1 基_1 础_1 。_1 学_1 习_1 安_1 全_1 知_1 识_1 ?_1 增_1 强_1 安_1 全_1 意_1 识_1 防_1 震_1 知_1 识_1 宣_1 传_1 防_1 灾_1 减_1 灾_1 知_1 识_1 宣_1 传_1 交_1 通_1 安_1 全_1 知_1 识_1 讲_1 座_1 135_1 ##13_1 ##5_1 国_1 家_1 安_1 全_1 日_1 知_1 识_1 宣_1 传_1 模_1 拟_1 安_1 全_1 演_1 练_1 ?_1 提_1 高_1 自_1 救_1 能_1 力_1 消_1 防_1 疏_1 散_1 演_1 练_1 135_1 防_1 震_1 疏_1 散_1 逃_1 生_1 演_1 练_1 [UNK]_1 关_1 注_1 安_1 全_1 就_1 是_1 关_1 爱_1 生_1 命_1 [UNK]_1 。_1 让_1 我_1 们_1 携_1 起_1 手_1 来_1 ，_1 心_1 手_1 相_1 牵_1 ，_1 守_1 护_1 平_1 安_1 ，_1 呵_1 护_1 生_1 命_1 ，_1 共_1 建_1 阳_1 光_1 和_1 谐_1 校_1 园_1 供_1 稿_1 ：_1 安_1 全_1 处_1 编_1 辑_1 ：_1 办_1 公_1 室_1 [PAD]_1 [PAD]_1 [PAD]_1 [PAD]_1 [PAD]_1 [PAD]_1 [PAD]_1 [PAD]_1 [PAD]_1 [PAD]_1 [PAD]_1 [PAD]_1 [PAD]_1 [PAD]_1 [PAD]_1 [PAD]_1 [PAD]_1 [PAD]_1 [PAD]_1 [PAD]_1 [PAD]_1 [PAD]_1 [PAD]_1 [PAD]_1 [PAD]_1 [PAD]_1 [SEP]_1 力_1 ，_1 最_1 大_1 限_1 度_1 地_1 预_1 防_1 安_1 全_1 事_1 故_1 的_1 发_1 生_1 ，_1 为_1 构_1 建_1 [UNK]_1 阳_1 光_1 校_1 园_1 [UNK]_1 [UNK]_1 平_1 安_1 校_1 园_1 [UNK]_1 [UNK]_1 和_1 谐_1 校_1 园_1 [UNK]_1 夯_1 实_1 基_1 础_1 。_1 学_1 习_1 安_1 全_1 知_1 识_1 ?_1 增_1 强_1 安_1 全_1 意_1 识_1 防_1 震_1 知_1 识_1 宣_1 传_1 防_1 灾_1 减_1 灾_1 知_1 识_1 宣_1 传_1 交_1 通_1 安_1 全_1 知_1 识_1 讲_1 座_1 135_1 ##13_1 ##5_1 国_1 家_1 安_1 全_1 日_1 知_1 识_1 宣_1 传_1 模_1 拟_1 安_1 全_1 演_1 练_1 ?_1 提_1 高_1 自_1 救_1 能_1 力_1 消_1 防_1 疏_1 散_1 演_1 练_1 135_1 防_1 震_1 疏_1 散_1 逃_1 生_1 演_1 练_1 [UNK]_1 关_1 注_1 安_1 全_1 就_1 是_1 关_1 爱_1 生_1 命_1 [UNK]_1 。_1 让_1 我_1 们_1 携_1 起_1 手_1 来_1 ，_1 心_1 手_1 相_1 牵_1 ，_1 守_1 护_1 平_1 安_1 ，_1 呵_1 护_1 生_1 命_1 ，_1 共_1 建_1 阳_1 光_1 和_1 谐_1 校_1 园_1 供_1 稿_1 ：_1 安_1 全_1 处_1 编_1 辑_1 ：_1 办_1 公_1 室_1 [SEP]_1
2019-10-28 12:26:53,066 Token Sample: [CLS]_0 第_0 十_0 七_0 届_0 南_0 京_0 好_0 市_0 民_0 事_0 迹_0 简_0 介_0 [PAD]_0 [PAD]_0 [PAD]_0 [PAD]_0 [PAD]_0 [PAD]_0 [PAD]_0 [PAD]_0 [PAD]_0 [PAD]_0 [PAD]_0 [PAD]_0 [PAD]_0 [PAD]_0 [PAD]_0 [PAD]_0 [PAD]_0 [PAD]_0 [PAD]_0 [PAD]_0 [PAD]_0 [PAD]_0 [PAD]_0 [PAD]_0 [PAD]_0 [PAD]_0 [PAD]_0 [PAD]_0 [PAD]_0 [PAD]_0 [PAD]_0 [PAD]_0 [PAD]_0 [PAD]_0 [PAD]_0 [PAD]_0 [PAD]_0 [PAD]_0 [PAD]_0 [PAD]_0 [PAD]_0 [PAD]_0 [PAD]_0 [PAD]_0 [PAD]_0 [PAD]_0 [PAD]_0 [PAD]_0 [PAD]_0 [PAD]_0 [PAD]_0 [SEP]_0 关_1 于_1 授_1 予_1 钱_1 七_1 虎_1 等_1 同_1 志_1 [UNK]_1 感_1 动_1 南_1 京_1 [UNK]_1 2018_1 年_1 度_1 人_1 物_1 暨_1 第_1 十_1 七_1 届_1 南_1 京_1 好_1 市_1 民_1 荣_1 誉_1 称_1 号_1 的_1 决_1 定_1 为_1 大_1 力_1 培_1 育_1 和_1 践_1 行_1 社_1 会_1 主_1 义_1 核_1 心_1 价_1 值_1 观_1 ，_1 推_1 动_1 全_1 市_1 道_1 德_1 风_1 尚_1 高_1 地_1 建_1 设_1 ，_1 充_1 分_1 发_1 挥_1 道_1 德_1 典_1 型_1 的_1 示_1 范_1 引_1 领_1 作_1 用_1 ，_1 形_1 成_1 [UNK]_1 争_1 当_1 身_1 边_1 好_1 人_1 、_1 争_1 做_1 文_1 明_1 市_1 民_1 [UNK]_1 的_1 良_1 好_1 社_1 会_1 风_1 尚_1 ，_1 2018_1 年_1 我_1 市_1 在_1 全_1 社_1 会_1 广_1 泛_1 开_1 展_1 了_1 [UNK]_1 感_1 动_1 南_1 京_1 [UNK]_1 2018_1 年_1 度_1 人_1 物_1 和_1 南_1 京_1 好_1 市_1 民_1 评_1 选_1 活_1 动_1 。_1 经_1 各_1 区_1 、_1 各_1 部_1 门_1 和_1 社_1 会_1 各_1 界_1 的_1 广_1 泛_1 推_1 荐_1 、_1 征_1 求_1 意_1 见_1 、_1 综_1 合_1 评_1 定_1 等_1 程_1 序_1 ，_1 市_1 文_1 明_1 委_1 研_1 究_1 决_1 定_1 ，_1 授_1 予_1 钱_1 七_1 虎_1 同_1 志_1 [UNK]_1 感_1 动_1 南_1 京_1 [UNK]_1 2018_1 年_1 度_1 人_1 物_1 特_1 别_1 奖_1 ，_1 授_1 予_1 崔_1 圣_1 菊_1 等_1 10_1 位_1 同_1 志_1 [UNK]_1 感_1 动_1 南_1 京_1 [UNK]_1 2018_1 年_1 度_1 人_1 物_1 荣_1 誉_1 称_1 号_1 ，_1 授_1 予_1 丁_1 连_1 凤_1 等_1 120_1 位_1 同_1 志_1 [UNK]_1 南_1 京_1 好_1 市_1 民_1 [UNK]_1 荣_1 誉_1 称_1 号_1 。_1 希_1 望_1 受_1 到_1 表_1 彰_1 的_1 同_1 志_1 珍_1 惜_1 荣_1 誉_1 [SEP]_1 次_1 。_1 2018_1 年_1 7_1 月_1 ，_1 蓝_1 鲸_1 人_1 公_1 司_1 完_1 成_1 b_1 轮_1 融_1 资_1 ，_1 融_1 资_1 金_1 额_1 过_1 亿_1 ，_1 投_1 后_1 估_1 值_1 达_1 10_1 亿_1 。_1 120_1 、_1 沈_1 鹰_1 ，_1 男_1 ，_1 汉_1 族_1 ，_1 1968_1 年_1 5_1 月_1 生_1 ，_1 中_1 共_1 党_1 员_1 ，_1 三_1 级_1 警_1 监_1 ，_1 1990_1 年_1 毕_1 业_1 于_1 国_1 防_1 科_1 学_1 技_1 术_1 大_1 学_1 并_1 参_1 加_1 公_1 安_1 工_1 作_1 ，_1 生_1 前_1 系_1 南_1 京_1 市_1 公_1 安_1 局_1 大_1 数_1 据_1 中_1 心_1 主_1 任_1 。_1 享_1 受_1 国_1 务_1 院_1 特_1 殊_1 津_1 贴_1 ，_1 曾_1 荣_1 立_1 个_1 人_1 二_1 等_1 功_1 3_1 次_1 。_1 2019_1 年_1 2_1 月_1 20_1 日_1 晚_1 8_1 时_1 许_1 ，_1 沈_1 鹰_1 在_1 单_1 位_1 加_1 班_1 ，_1 突_1 感_1 身_1 体_1 不_1 适_1 ，_1 经_1 送_1 往_1 医_1 院_1 抢_1 救_1 无_1 效_1 ，_1 于_1 21_1 日_1 凌_1 晨_1 2_1 时_1 因_1 公_1 殉_1 职_1 。_1 （_1 排_1 名_1 不_1 分_1 先_1 后_1 [SEP]_1
2019-10-28 12:27:19,176 Token Sample: [CLS]_0 化_0 妆_0 品_0 使_0 用_0 不_0 当_0 易_0 引_0 起_0 眼_0 部_0 疾_0 病_0 [PAD]_0 [PAD]_0 [PAD]_0 [PAD]_0 [PAD]_0 [PAD]_0 [PAD]_0 [PAD]_0 [PAD]_0 [PAD]_0 [PAD]_0 [PAD]_0 [PAD]_0 [PAD]_0 [PAD]_0 [PAD]_0 [PAD]_0 [PAD]_0 [PAD]_0 [PAD]_0 [PAD]_0 [PAD]_0 [PAD]_0 [PAD]_0 [PAD]_0 [PAD]_0 [PAD]_0 [PAD]_0 [PAD]_0 [PAD]_0 [PAD]_0 [PAD]_0 [PAD]_0 [PAD]_0 [PAD]_0 [PAD]_0 [PAD]_0 [PAD]_0 [PAD]_0 [PAD]_0 [PAD]_0 [PAD]_0 [PAD]_0 [PAD]_0 [PAD]_0 [PAD]_0 [PAD]_0 [PAD]_0 [PAD]_0 [PAD]_0 [SEP]_0 无_1 [PAD]_1 [PAD]_1 [PAD]_1 [PAD]_1 [PAD]_1 [PAD]_1 [PAD]_1 [PAD]_1 [PAD]_1 [PAD]_1 [PAD]_1 [PAD]_1 [PAD]_1 [PAD]_1 [PAD]_1 [PAD]_1 [PAD]_1 [PAD]_1 [PAD]_1 [PAD]_1 [PAD]_1 [PAD]_1 [PAD]_1 [PAD]_1 [PAD]_1 [PAD]_1 [PAD]_1 [PAD]_1 [PAD]_1 [PAD]_1 [PAD]_1 [PAD]_1 [PAD]_1 [PAD]_1 [PAD]_1 [PAD]_1 [PAD]_1 [PAD]_1 [PAD]_1 [PAD]_1 [PAD]_1 [PAD]_1 [PAD]_1 [PAD]_1 [PAD]_1 [PAD]_1 [PAD]_1 [PAD]_1 [PAD]_1 [PAD]_1 [PAD]_1 [PAD]_1 [PAD]_1 [PAD]_1 [PAD]_1 [PAD]_1 [PAD]_1 [PAD]_1 [PAD]_1 [PAD]_1 [PAD]_1 [PAD]_1 [PAD]_1 [PAD]_1 [PAD]_1 [PAD]_1 [PAD]_1 [PAD]_1 [PAD]_1 [PAD]_1 [PAD]_1 [PAD]_1 [PAD]_1 [PAD]_1 [PAD]_1 [PAD]_1 [PAD]_1 [PAD]_1 [PAD]_1 [PAD]_1 [PAD]_1 [PAD]_1 [PAD]_1 [PAD]_1 [PAD]_1 [PAD]_1 [PAD]_1 [PAD]_1 [PAD]_1 [PAD]_1 [PAD]_1 [PAD]_1 [PAD]_1 [PAD]_1 [PAD]_1 [PAD]_1 [PAD]_1 [PAD]_1 [PAD]_1 [PAD]_1 [PAD]_1 [PAD]_1 [PAD]_1 [PAD]_1 [PAD]_1 [PAD]_1 [PAD]_1 [PAD]_1 [PAD]_1 [PAD]_1 [PAD]_1 [PAD]_1 [PAD]_1 [PAD]_1 [PAD]_1 [PAD]_1 [PAD]_1 [PAD]_1 [PAD]_1 [PAD]_1 [PAD]_1 [PAD]_1 [PAD]_1 [PAD]_1 [PAD]_1 [PAD]_1 [PAD]_1 [PAD]_1 [PAD]_1 [PAD]_1 [PAD]_1 [PAD]_1 [PAD]_1 [PAD]_1 [PAD]_1 [PAD]_1 [PAD]_1 [PAD]_1 [PAD]_1 [PAD]_1 [PAD]_1 [PAD]_1 [PAD]_1 [PAD]_1 [PAD]_1 [PAD]_1 [PAD]_1 [PAD]_1 [PAD]_1 [PAD]_1 [PAD]_1 [PAD]_1 [PAD]_1 [PAD]_1 [PAD]_1 [PAD]_1 [PAD]_1 [PAD]_1 [PAD]_1 [PAD]_1 [PAD]_1 [PAD]_1 [PAD]_1 [PAD]_1 [PAD]_1 [PAD]_1 [PAD]_1 [PAD]_1 [PAD]_1 [PAD]_1 [PAD]_1 [PAD]_1 [PAD]_1 [PAD]_1 [PAD]_1 [PAD]_1 [PAD]_1 [PAD]_1 [PAD]_1 [PAD]_1 [PAD]_1 [PAD]_1 [PAD]_1 [PAD]_1 [PAD]_1 [PAD]_1 [PAD]_1 [PAD]_1 [PAD]_1 [PAD]_1 [PAD]_1 [PAD]_1 [PAD]_1 [PAD]_1 [PAD]_1 [PAD]_1 [PAD]_1 [PAD]_1 [PAD]_1 [PAD]_1 [PAD]_1 [PAD]_1 [PAD]_1 [PAD]_1 [PAD]_1 [PAD]_1 [PAD]_1 [PAD]_1 [PAD]_1 [PAD]_1 [PAD]_1 [PAD]_1 [PAD]_1 [PAD]_1 [PAD]_1 [PAD]_1 [PAD]_1 [PAD]_1 [PAD]_1 [PAD]_1 [PAD]_1 [PAD]_1 [PAD]_1 [PAD]_1 [PAD]_1 [PAD]_1 [PAD]_1 [PAD]_1 [PAD]_1 [PAD]_1 [PAD]_1 [PAD]_1 [PAD]_1 [PAD]_1 [PAD]_1 [PAD]_1 [PAD]_1 [PAD]_1 [PAD]_1 [PAD]_1 [PAD]_1 [PAD]_1 [PAD]_1 [PAD]_1 [PAD]_1 [PAD]_1 [PAD]_1 [PAD]_1 [PAD]_1 [PAD]_1 [PAD]_1 [PAD]_1 [PAD]_1 [PAD]_1 [PAD]_1 [PAD]_1 [PAD]_1 [PAD]_1 [PAD]_1 [PAD]_1 [PAD]_1 [PAD]_1 [PAD]_1 [PAD]_1 [PAD]_1 [PAD]_1 [PAD]_1 [SEP]_1 [PAD]_1 [PAD]_1 [PAD]_1 [PAD]_1 [PAD]_1 [PAD]_1 [PAD]_1 [PAD]_1 [PAD]_1 [PAD]_1 [PAD]_1 [PAD]_1 [PAD]_1 [PAD]_1 [PAD]_1 [PAD]_1 [PAD]_1 [PAD]_1 [PAD]_1 [PAD]_1 [PAD]_1 [PAD]_1 [PAD]_1 [PAD]_1 [PAD]_1 [PAD]_1 [PAD]_1 [PAD]_1 [PAD]_1 [PAD]_1 [PAD]_1 [PAD]_1 [PAD]_1 [PAD]_1 [PAD]_1 [PAD]_1 [PAD]_1 [PAD]_1 [PAD]_1 [PAD]_1 [PAD]_1 [PAD]_1 [PAD]_1 [PAD]_1 [PAD]_1 [PAD]_1 [PAD]_1 [PAD]_1 [PAD]_1 [PAD]_1 [PAD]_1 [PAD]_1 [PAD]_1 [PAD]_1 [PAD]_1 [PAD]_1 [PAD]_1 [PAD]_1 [PAD]_1 [PAD]_1 [PAD]_1 [PAD]_1 [PAD]_1 [PAD]_1 [PAD]_1 [PAD]_1 [PAD]_1 [PAD]_1 [PAD]_1 [PAD]_1 [PAD]_1 [PAD]_1 [PAD]_1 [PAD]_1 [PAD]_1 [PAD]_1 [PAD]_1 [PAD]_1 [PAD]_1 [PAD]_1 [PAD]_1 [PAD]_1 [PAD]_1 [PAD]_1 [PAD]_1 [PAD]_1 [PAD]_1 [PAD]_1 [PAD]_1 [PAD]_1 [PAD]_1 [PAD]_1 [PAD]_1 [PAD]_1 [PAD]_1 [PAD]_1 [PAD]_1 [PAD]_1 [PAD]_1 [PAD]_1 [PAD]_1 [PAD]_1 [PAD]_1 [PAD]_1 [PAD]_1 [PAD]_1 [PAD]_1 [PAD]_1 [PAD]_1 [PAD]_1 [PAD]_1 [PAD]_1 [PAD]_1 [PAD]_1 [PAD]_1 [PAD]_1 [PAD]_1 [PAD]_1 [PAD]_1 [PAD]_1 [PAD]_1 [PAD]_1 [PAD]_1 [PAD]_1 [PAD]_1 [PAD]_1 [PAD]_1 [PAD]_1 [PAD]_1 [PAD]_1 [PAD]_1 [PAD]_1 [PAD]_1 [PAD]_1 [PAD]_1 [PAD]_1 [PAD]_1 [PAD]_1 [PAD]_1 [PAD]_1 [PAD]_1 [PAD]_1 [PAD]_1 [PAD]_1 [PAD]_1 [PAD]_1 [PAD]_1 [PAD]_1 [PAD]_1 [PAD]_1 [PAD]_1 [PAD]_1 [PAD]_1 [PAD]_1 [PAD]_1 [PAD]_1 [PAD]_1 [PAD]_1 [PAD]_1 [PAD]_1 [PAD]_1 [PAD]_1 [PAD]_1 [PAD]_1 [PAD]_1 [PAD]_1 [PAD]_1 [PAD]_1 [PAD]_1 [PAD]_1 [PAD]_1 [PAD]_1 [PAD]_1 无_1 [SEP]_1
2019-10-28 12:27:40,359 seed everything and create model
2019-10-28 12:30:06,908 step 100 train loss: 0.9563
2019-10-28 12:30:06,909 step 100 score: 0.4523
2019-10-28 12:32:22,977 step 200 train loss: 0.8505
2019-10-28 12:32:22,977 step 200 score: 0.2325
2019-10-28 12:34:39,029 step 300 train loss: 0.8536
2019-10-28 12:34:39,029 step 300 score: 0.5972
2019-10-28 12:36:55,078 step 400 train loss: 0.7048
2019-10-28 12:36:55,078 step 400 score: 0.6030
2019-10-28 12:39:11,121 step 500 train loss: 0.6108
2019-10-28 12:39:11,121 step 500 score: 0.5498
2019-10-28 12:41:27,160 step 600 train loss: 0.5797
2019-10-28 12:41:27,161 step 600 score: 0.5607
2019-10-28 12:43:43,194 step 700 train loss: 0.5757
2019-10-28 12:43:43,194 step 700 score: 0.5749
2019-10-28 12:45:59,225 step 800 train loss: 0.5511
2019-10-28 12:45:59,226 step 800 score: 0.5989
2019-10-28 12:48:15,261 step 900 train loss: 0.6123
2019-10-28 12:48:15,261 step 900 score: 0.7200
2019-10-28 12:50:31,309 step 1000 train loss: 0.5702
2019-10-28 12:50:31,309 step 1000 score: 0.6924
2019-10-28 12:52:47,339 step 1100 train loss: 0.5564
2019-10-28 12:52:47,340 step 1100 score: 0.7451
2019-10-28 12:55:03,382 step 1200 train loss: 0.5013
2019-10-28 12:55:03,383 step 1200 score: 0.7446
2019-10-28 12:57:19,407 step 1300 train loss: 0.4548
2019-10-28 12:57:19,407 step 1300 score: 0.7647
2019-10-28 12:59:35,450 step 1400 train loss: 0.4420
2019-10-28 12:59:35,450 step 1400 score: 0.7575
2019-10-28 13:01:51,482 step 1500 train loss: 0.3136
2019-10-28 13:01:51,483 step 1500 score: 0.7460
2019-10-28 13:01:51,483 best score is 0.7647
