2019-10-25 09:29:22,700 log_in_file: True
2019-10-25 09:29:22,700 lm_path: /home/wangzl/PretrainedLM/BERT/New/chinese_wwm_ext_pytorch
2019-10-25 09:29:22,700 lm_type: bert
2019-10-25 09:29:22,700 data_path: ../data/
2019-10-25 09:29:22,700 usegpu: True
2019-10-25 09:29:22,700 use_origin: False
2019-10-25 09:29:22,700 total_step: 1500
2019-10-25 09:29:22,700 eval_every: 150
2019-10-25 09:29:22,700 early_stop: 4
2019-10-25 09:29:22,700 max_length: 360
2019-10-25 09:29:22,700 max_title_rate: 0.125
2019-10-25 09:29:22,700 content_head_rate: 0.6
2019-10-25 09:29:22,700 batch_size: 16
2019-10-25 09:29:22,701 lr_scheduler_type: linear
2019-10-25 09:29:22,701 input_pattern: head+tail+fixed
2019-10-25 09:29:22,701 clean_method: space+notzh
2019-10-25 09:29:22,701 warmup_rate: 0.1
2019-10-25 09:29:22,701 classifier_dropout: 0.3
2019-10-25 09:29:22,701 classifier_weight_decay: 0.0
2019-10-25 09:29:22,701 cache_final_model: False
2019-10-25 09:29:22,701 seed: 23
2019-10-25 09:29:22,701 lr: 2e-05
2019-10-25 09:29:22,701 lr_decay_in_layers: 0.95
2019-10-25 09:29:22,701 weight_decay: 0.01
2019-10-25 09:29:22,717 padding token is 0
2019-10-25 09:29:52,050 Token Sample: [CLS]_0 推_0 动_0 高_0 质_0 量_0 发_0 展_0 武_0 汉_0 着_0 力_0 打_0 造_0 [UNK]_0 双_0 航_0 母_0 编_0 队_0 [UNK]_0 [PAD]_0 [PAD]_0 [PAD]_0 [PAD]_0 [PAD]_0 [PAD]_0 [PAD]_0 [PAD]_0 [PAD]_0 [PAD]_0 [PAD]_0 [PAD]_0 [PAD]_0 [PAD]_0 [PAD]_0 [PAD]_0 [PAD]_0 [PAD]_0 [PAD]_0 [PAD]_0 [PAD]_0 [PAD]_0 [PAD]_0 [PAD]_0 [PAD]_0 [SEP]_0 新_1 华_1 网_1 武_1 汉_1 5_1 月_1 23_1 日_1 电_1 （_1 胡_1 诚_1 吴_1 文_1 华_1 ）_1 如_1 何_1 加_1 快_1 新_1 旧_1 动_1 能_1 转_1 换_1 推_1 动_1 高_1 质_1 量_1 发_1 展_1 ？_1 5_1 月_1 22_1 日_1 ，_1 新_1 华_1 网_1 从_1 湖_1 北_1 省_1 召_1 开_1 的_1 《_1 加_1 快_1 新_1 旧_1 动_1 能_1 转_1 换_1 推_1 动_1 武_1 汉_1 高_1 质_1 量_1 发_1 展_1 》_1 新_1 闻_1 发_1 布_1 会_1 上_1 获_1 悉_1 ，_1 湖_1 北_1 武_1 汉_1 将_1 狠_1 抓_1 新_1 兴_1 产_1 业_1 发_1 展_1 ，_1 大_1 力_1 实_1 施_1 [UNK]_1 万_1 千_1 百_1 工_1 程_1 [UNK]_1 ，_1 着_1 力_1 打_1 造_1 以_1 光_1 电_1 子_1 信_1 息_1 、_1 汽_1 车_1 及_1 零_1 部_1 件_1 2_1 个_1 世_1 界_1 级_1 的_1 万_1 亿_1 产_1 业_1 集_1 群_1 为_1 [UNK]_1 航_1 母_1 [UNK]_1 ，_1 以_1 装_1 备_1 制_1 造_1 、_1 能_1 源_1 环_1 保_1 、_1 生_1 物_1 医_1 药_1 、_1 健_1 康_1 食_1 品_1 等_1 一_1 批_1 千_1 亿_1 产_1 业_1 及_1 百_1 亿_1 企_1 业_1 为_1 [UNK]_1 舰_1 队_1 群_1 [UNK]_1 的_1 [UNK]_1 双_1 航_1 母_1 编_1 队_1 [UNK]_1 ，_1 通_1 过_1 新_1 [SEP]_1 药_1 、_1 健_1 康_1 食_1 品_1 、_1 时_1 尚_1 消_1 费_1 品_1 、_1 新_1 材_1 料_1 装_1 备_1 制_1 造_1 等_1 产_1 业_1 形_1 成_1 千_1 亿_1 支_1 柱_1 产_1 业_1 。_1 通_1 过_1 改_1 造_1 提_1 升_1 传_1 统_1 产_1 业_1 、_1 培_1 育_1 壮_1 大_1 新_1 兴_1 产_1 业_1 、_1 促_1 进_1 制_1 造_1 业_1 融_1 合_1 发_1 展_1 ，_1 加_1 快_1 培_1 育_1 壮_1 大_1 相_1 关_1 产_1 业_1 龙_1 头_1 企_1 业_1 ，_1 实_1 现_1 百_1 亿_1 企_1 业_1 与_1 千_1 亿_1 产_1 业_1 协_1 同_1 发_1 展_1 ，_1 千_1 亿_1 、_1 百_1 亿_1 、_1 准_1 百_1 亿_1 企_1 业_1 梯_1 队_1 培_1 育_1 。_1 （_1 完_1 ）_1 （_1 责_1 任_1 编_1 辑_1 ：_1 余_1 凌_1 云_1 ）_1 [SEP]_1
2019-10-25 09:30:33,992 Token Sample: [CLS]_0 穿_0 上_0 [UNK]_0 马_0 甲_0 [UNK]_0 照_0 样_0 认_0 出_0 你_0 ，_0 4_0 吨_0 伪_0 装_0 易_0 制_0 毒_0 化_0 学_0 品_0 ，_0 被_0 检_0 查_0 站_0 查_0 获_0 ！_0 [PAD]_0 [PAD]_0 [PAD]_0 [PAD]_0 [PAD]_0 [PAD]_0 [PAD]_0 [PAD]_0 [PAD]_0 [PAD]_0 [PAD]_0 [PAD]_0 [PAD]_0 [PAD]_0 [PAD]_0 [SEP]_0 穿_1 上_1 [UNK]_1 马_1 甲_1 [UNK]_1 照_1 样_1 认_1 出_1 你_1 ，_1 4_1 吨_1 伪_1 装_1 易_1 制_1 毒_1 化_1 学_1 品_1 ，_1 被_1 边_1 境_1 检_1 查_1 站_1 查_1 获_1 ！_1 [PAD]_1 [PAD]_1 [PAD]_1 [PAD]_1 [PAD]_1 [PAD]_1 [PAD]_1 [PAD]_1 [PAD]_1 [PAD]_1 [PAD]_1 [PAD]_1 [PAD]_1 [PAD]_1 [PAD]_1 [PAD]_1 [PAD]_1 [PAD]_1 [PAD]_1 [PAD]_1 [PAD]_1 [PAD]_1 [PAD]_1 [PAD]_1 [PAD]_1 [PAD]_1 [PAD]_1 [PAD]_1 [PAD]_1 [PAD]_1 [PAD]_1 [PAD]_1 [PAD]_1 [PAD]_1 [PAD]_1 [PAD]_1 [PAD]_1 [PAD]_1 [PAD]_1 [PAD]_1 [PAD]_1 [PAD]_1 [PAD]_1 [PAD]_1 [PAD]_1 [PAD]_1 [PAD]_1 [PAD]_1 [PAD]_1 [PAD]_1 [PAD]_1 [PAD]_1 [PAD]_1 [PAD]_1 [PAD]_1 [PAD]_1 [PAD]_1 [PAD]_1 [PAD]_1 [PAD]_1 [PAD]_1 [PAD]_1 [PAD]_1 [PAD]_1 [PAD]_1 [PAD]_1 [PAD]_1 [PAD]_1 [PAD]_1 [PAD]_1 [PAD]_1 [PAD]_1 [PAD]_1 [PAD]_1 [PAD]_1 [PAD]_1 [PAD]_1 [PAD]_1 [PAD]_1 [PAD]_1 [PAD]_1 [PAD]_1 [PAD]_1 [PAD]_1 [PAD]_1 [PAD]_1 [PAD]_1 [PAD]_1 [PAD]_1 [PAD]_1 [PAD]_1 [PAD]_1 [PAD]_1 [PAD]_1 [PAD]_1 [PAD]_1 [PAD]_1 [PAD]_1 [PAD]_1 [PAD]_1 [PAD]_1 [PAD]_1 [PAD]_1 [PAD]_1 [PAD]_1 [PAD]_1 [PAD]_1 [PAD]_1 [PAD]_1 [PAD]_1 [PAD]_1 [PAD]_1 [PAD]_1 [PAD]_1 [PAD]_1 [PAD]_1 [PAD]_1 [PAD]_1 [PAD]_1 [PAD]_1 [PAD]_1 [PAD]_1 [PAD]_1 [PAD]_1 [PAD]_1 [PAD]_1 [PAD]_1 [PAD]_1 [PAD]_1 [PAD]_1 [PAD]_1 [PAD]_1 [PAD]_1 [PAD]_1 [PAD]_1 [PAD]_1 [PAD]_1 [PAD]_1 [PAD]_1 [PAD]_1 [PAD]_1 [PAD]_1 [PAD]_1 [PAD]_1 [PAD]_1 [PAD]_1 [PAD]_1 [PAD]_1 [PAD]_1 [PAD]_1 [PAD]_1 [PAD]_1 [PAD]_1 [PAD]_1 [PAD]_1 [PAD]_1 [PAD]_1 [SEP]_1 [PAD]_1 [PAD]_1 [PAD]_1 [PAD]_1 [PAD]_1 [PAD]_1 [PAD]_1 [PAD]_1 [PAD]_1 [PAD]_1 [PAD]_1 [PAD]_1 [PAD]_1 [PAD]_1 [PAD]_1 [PAD]_1 [PAD]_1 [PAD]_1 [PAD]_1 [PAD]_1 [PAD]_1 [PAD]_1 [PAD]_1 [PAD]_1 [PAD]_1 [PAD]_1 [PAD]_1 [PAD]_1 [PAD]_1 [PAD]_1 [PAD]_1 [PAD]_1 [PAD]_1 [PAD]_1 [PAD]_1 [PAD]_1 [PAD]_1 [PAD]_1 [PAD]_1 [PAD]_1 [PAD]_1 [PAD]_1 [PAD]_1 [PAD]_1 [PAD]_1 [PAD]_1 [PAD]_1 [PAD]_1 [PAD]_1 [PAD]_1 [PAD]_1 [PAD]_1 [PAD]_1 [PAD]_1 [PAD]_1 [PAD]_1 [PAD]_1 [PAD]_1 [PAD]_1 [PAD]_1 [PAD]_1 [PAD]_1 [PAD]_1 [PAD]_1 [PAD]_1 [PAD]_1 [PAD]_1 [PAD]_1 [PAD]_1 [PAD]_1 [PAD]_1 [PAD]_1 [PAD]_1 [PAD]_1 [PAD]_1 [PAD]_1 [PAD]_1 [PAD]_1 [PAD]_1 [PAD]_1 [PAD]_1 [PAD]_1 [PAD]_1 [PAD]_1 [PAD]_1 [PAD]_1 [PAD]_1 [PAD]_1 [PAD]_1 [PAD]_1 穿_1 上_1 [UNK]_1 马_1 甲_1 [UNK]_1 照_1 样_1 认_1 出_1 你_1 ，_1 4_1 吨_1 伪_1 装_1 易_1 制_1 毒_1 化_1 学_1 品_1 ，_1 被_1 边_1 境_1 检_1 查_1 站_1 查_1 获_1 ！_1 [SEP]_1
2019-10-25 09:30:55,890 Token Sample: [CLS]_0 深_0 圳_0 一_0 国_0 企_0 经_0 理_0 涉_0 贪_0 5000_0 余_0 万_0 -_0 意_0 彩_0 app_0 下_0 载_0 注_0 册_0 [PAD]_0 [PAD]_0 [PAD]_0 [PAD]_0 [PAD]_0 [PAD]_0 [PAD]_0 [PAD]_0 [PAD]_0 [PAD]_0 [PAD]_0 [PAD]_0 [PAD]_0 [PAD]_0 [PAD]_0 [PAD]_0 [PAD]_0 [PAD]_0 [PAD]_0 [PAD]_0 [PAD]_0 [PAD]_0 [PAD]_0 [PAD]_0 [PAD]_0 [SEP]_0 air_1 ##kins_1 金_1 森_1 是_1 专_1 业_1 从_1 事_1 空_1 气_1 处_1 理_1 技_1 术_1 研_1 究_1 与_1 设_1 备_1 生_1 产_1 销_1 售_1 和_1 技_1 术_1 服_1 务_1 的_1 高_1 科_1 技_1 企_1 业_1 。_1 公_1 司_1 全_1 体_1 员_1 工_1 经_1 过_1 10_1 多_1 年_1 的_1 努_1 力_1 ，_1 以_1 [UNK]_1 立_1 足_1 长_1 三_1 角_1 ，_1 服_1 务_1 大_1 中_1 华_1 [UNK]_1 的_1 发_1 展_1 理_1 念_1 ，_1 现_1 已_1 成_1 为_1 大_1 陆_1 地_1 区_1 空_1 气_1 温_1 湿_1 度_1 控_1 制_1 与_1 空_1 气_1 净_1 化_1 的_1 设_1 备_1 研_1 发_1 制_1 造_1 龙_1 头_1 企_1 业_1 。_1 公_1 司_1 拥_1 有_1 研_1 发_1 销_1 售_1 和_1 生_1 产_1 制_1 造_1 两_1 大_1 基_1 地_1 ，_1 分_1 别_1 位_1 于_1 杭_1 州_1 市_1 江_1 干_1 区_1 的_1 研_1 发_1 销_1 售_1 中_1 心_1 和_1 浙_1 中_1 开_1 发_1 区_1 秋_1 滨_1 工_1 业_1 城_1 的_1 生_1 产_1 制_1 造_1 基_1 地_1 ，_1 并_1 且_1 同_1 时_1 拥_1 有_1 空_1 调_1 机_1 组_1 [UNK]_1 差_1 实_1 验_1 室_1 、_1 除_1 湿_1 热_1 泵_1 机_1 组_1 高_1 低_1 温_1 实_1 验_1 室_1 、_1 制_1 冷_1 精_1 [SEP]_1 取_1 得_1 3c_1 认_1 证_1 ，_1 2010_1 年_1 公_1 司_1 产_1 品_1 入_1 驻_1 上_1 海_1 世_1 博_1 会_1 ，_1 公_1 司_1 2011_1 年_1 度_1 被_1 评_1 为_1 江_1 干_1 区_1 高_1 新_1 技_1 术_1 企_1 业_1 ，_1 浙_1 江_1 省_1 优_1 秀_1 民_1 营_1 科_1 技_1 企_1 业_1 ，_1 2012_1 年_1 度_1 被_1 评_1 为_1 杭_1 州_1 市_1 高_1 新_1 技_1 术_1 企_1 业_1 ，_1 江_1 干_1 区_1 高_1 新_1 技_1 术_1 研_1 发_1 中_1 心_1 ，_1 aaa_1 级_1 信_1 用_1 企_1 业_1 ，_1 2013_1 年_1 度_1 被_1 评_1 为_1 浙_1 江_1 省_1 高_1 新_1 技_1 术_1 企_1 业_1 ，_1 浙_1 江_1 省_1 科_1 技_1 型_1 企_1 业_1 ，_1 2014_1 年_1 度_1 获_1 得_1 中_1 国_1 人_1 民_1 解_1 放_1 军_1 [SEP]_1
2019-10-25 09:30:56,692 seed everything and create model
2019-10-25 09:32:46,974 step 150 train loss: 0.5736
2019-10-25 09:32:46,974 step 150 score: 0.7626
2019-10-25 09:34:32,336 step 300 train loss: 0.4103
2019-10-25 09:34:32,336 step 300 score: 0.7777
2019-10-25 09:36:17,701 step 450 train loss: 0.3442
2019-10-25 09:36:17,701 step 450 score: 0.7652
2019-10-25 09:38:03,043 step 600 train loss: 0.3160
2019-10-25 09:38:03,043 step 600 score: 0.7780
2019-10-25 09:39:48,386 step 750 train loss: 0.2941
2019-10-25 09:39:48,386 step 750 score: 0.7757
2019-10-25 09:41:33,730 step 900 train loss: 0.2418
2019-10-25 09:41:33,730 step 900 score: 0.7880
2019-10-25 09:43:19,086 step 1050 train loss: 0.2476
2019-10-25 09:43:19,086 step 1050 score: 0.7749
2019-10-25 09:45:04,453 step 1200 train loss: 0.2105
2019-10-25 09:45:04,453 step 1200 score: 0.7959
2019-10-25 09:46:49,831 step 1350 train loss: 0.1746
2019-10-25 09:46:49,831 step 1350 score: 0.7839
2019-10-25 09:48:35,194 step 1500 train loss: 0.1807
2019-10-25 09:48:35,194 step 1500 score: 0.7816
2019-10-25 09:48:35,195 best score is 0.7959
