2019-10-22 10:25:46,727 log_in_file: True
2019-10-22 10:25:46,727 lm_path: /home/wangzl/PretrainedLM/XLNET/chinese_xlnet_mid_pytorch/
2019-10-22 10:25:46,727 lm_type: xlnet
2019-10-22 10:25:46,727 data_path: ../data/
2019-10-22 10:25:46,727 usegpu: True
2019-10-22 10:25:46,727 use_origin: False
2019-10-22 10:25:46,727 total_step: 5000
2019-10-22 10:25:46,727 eval_every: 500
2019-10-22 10:25:46,727 early_stop: 4
2019-10-22 10:25:46,727 max_length: 510
2019-10-22 10:25:46,727 max_title_rate: 0.09
2019-10-22 10:25:46,727 content_head_rate: 0.6
2019-10-22 10:25:46,727 batch_size: 2
2019-10-22 10:25:46,727 lr_scheduler_type: linear
2019-10-22 10:25:46,727 input_pattern: head+tail+fixed
2019-10-22 10:25:46,727 clean_method: space+notzh
2019-10-22 10:25:46,727 warmup_rate: 0.1
2019-10-22 10:25:46,727 classifier_dropout: 0.3
2019-10-22 10:25:46,727 classifier_weight_decay: 0.0
2019-10-22 10:25:46,727 cache_final_model: False
2019-10-22 10:25:46,728 seed: 23
2019-10-22 10:25:46,728 lr: 2e-05
2019-10-22 10:25:46,728 lr_decay_in_layers: 0.95
2019-10-22 10:25:46,728 weight_decay: 0.01
2019-10-22 10:25:46,775 padding token is ▁[
2019-10-22 10:25:58,067 Token Sample: [CLS]_0 ▁_0 第九_0 届_0 中国_0 卫星_0 导航_0 学术_0 年_0 会_0 志愿者_0 工作_0 简_0 报_0 第_0 [PAD]_0 [PAD]_0 [PAD]_0 [PAD]_0 [PAD]_0 [PAD]_0 [PAD]_0 [PAD]_0 [PAD]_0 [PAD]_0 [PAD]_0 [PAD]_0 [PAD]_0 [PAD]_0 [PAD]_0 [PAD]_0 [PAD]_0 [PAD]_0 [PAD]_0 [PAD]_0 [PAD]_0 [PAD]_0 [PAD]_0 [PAD]_0 [PAD]_0 [PAD]_0 [PAD]_0 [PAD]_0 [PAD]_0 [PAD]_0 [PAD]_0 [PAD]_0 [SEP]_0 ▁_1 ◆_1 新闻_1 动态_1 动员_1 练_1 兵_1 与_1 实_1 战_1 ——_1 第九_1 届_1 中国_1 卫星_1 导航_1 学术_1 年_1 会_1 志_1 愿_1 活动_1 5_1 月_1 23_1 日_1 -_1 5_1 月_1 25_1 日_1 ,_1 第九_1 届_1 中国_1 卫星_1 导航_1 学术_1 年_1 会_1 将_1 在_1 哈尔滨_1 召开_1 ,_1 哈_1 工_1 大_1 志愿者_1 将_1 作为_1 唯一_1 志愿者_1 单位_1 保障_1 大会_1 的_1 顺利_1 进行_1 。_1 5_1 月_1 19_1 日晚_1 ,_1 全体_1 志愿者_1 集合_1 在_1 正_1 心_1 11_1 大_1 教室_1 ,_1 开展_1 了_1 近_1 3_1 小时_1 的_1 急救_1 知识_1 培训_1 。_1 与_1 会_1 同学_1 认_1 真_1 听_1 讲_1 ,_1 仔_1 细_1 记录_1 ,_1 只_1 为_1 在_1 突_1 发_1 情况_1 发生_1 时_1 应对_1 自_1 如_1 。_1 志愿者_1 其实_1 既_1 是_1 一份_1 选择_1 ,_1 也是_1 一份_1 责任_1 。_1 5_1 月_1 20_1 日_1 ,_1 志愿者_1 培训_1 大会_1 在_1 正_1 心_1 11_1 大_1 教室_1 拉_1 开_1 帷_1 幕_1 ,_1 100_1 多名_1 志愿者_1 在_1 八_1 点_1 之前_1 悉_1 数_1 到_1 场_1 。_1 尹_1 立_1 一_1 老师_1 致_1 开_1 场_1 辞_1 后_1 ,_1 本次_1 志愿者_1 培训_1 活动_1 正式_1 开始_1 。_1 紧_1 接着_1 ,_1 孟_1 维_1 晓_1 副院长_1 也_1 给_1 志愿者_1 们_1 详细_1 地_1 讲述了_1 志_1 愿_1 活动_1 的_1 具体_1 安排_1 。_1 大会_1 组_1 委会_1 给_1 志愿者_1 们_1 介绍_1 了_1 每个_1 部门_1 的_1 具体_1 任务_1 。_1 这_1 使_1 大家_1 对_1 自己_1 接下来_1 五_1 天_1 的_1 任务_1 有了_1 更_1 清晰_1 的_1 认识_1 。_1 最后_1 各个_1 组长_1 分_1 发_1 本_1 组_1 组_1 员_1 的_1 志愿者_1 服装_1 后_1 ,_1 本次_1 动员_1 大会_1 结束_1 。_1 下午_1 13_1 时_1 30_1 分_1 ,_1 全体_1 志愿者_1 准_1 时_1 到达_1 红_1 博_1 国际_1 会_1 展_1 中心_1 。_1 志愿者_1 们_1 在_1 会_1 务_1 组_1 人员_1 的_1 带领_1 下_1 浏_1 览_1 了_1 主_1 会_1 场_1 、_1 各_1 分_1 会_1 场_1 、_1 [SEP]_1 内容_1 与_1 工作_1 流程_1 。_1 看来_1 规格_1 严格_1 ,_1 功夫_1 到_1 家_1 的_1 校_1 训_1 已_1 然_1 融入_1 到_1 工_1 大学_1 子_1 的_1 学习_1 与_1 生活中_1 了_1 。_1 5_1 月_1 22_1 日_1 ,_1 是_1 志愿者_1 们_1 正式_1 工作_1 的第一_1 天_1 ,_1 有许多_1 专家_1 已经_1 陆续_1 来到_1 了_1 研_1 讨_1 会_1 现场_1 。_1 注册_1 组_1 的所有_1 人员_1 就_1 位_1 不久_1 ,_1 签_1 到_1 注册_1 工作_1 就开始_1 了_1 。_1 刚_1 开始_1 注册_1 组_1 的_1 同学_1 们_1 可能_1 因为_1 不太_1 熟_1 练_1 ,_1 在_1 装_1 配_1 物品_1 的时候_1 花费_1 时间_1 较多_1 。_1 但是_1 随着_1 越来越_1 熟_1 练_1 ,_1 签_1 到_1 进程_1 也_1 越来越_1 快_1 了_1 。_1 签_1 到_1 过程中_1 ,_1 注册_1 组_1 的_1 同学_1 们_1 不仅_1 锻_1 炼_1 了自己的_1 应_1 变_1 处理_1 能力_1 ,_1 而且_1 还_1 见到_1 了许多_1 别_1 的_1 高校_1 的_1 优秀_1 学生_1 ,_1 教授_1 等_1 。_1 同学_1 们_1 虽然_1 一直_1 站_1 着_1 很_1 累_1 ,_1 但是_1 脸_1 上_1 还是_1 充满_1 了_1 满_1 满_1 的_1 成就_1 感_1 。_1 (_1 孙_1 明_1 聪_1 、_1 郭_1 思_1 琪_1 、_1 姜_1 珊_1 、_1 郝_1 梦_1 娇_1 、_1 宋_1 禄_1 启_1 、_1 黄_1 鹏_1 飞_1 /_1 文_1 )_1 [SEP]_1
2019-10-22 10:26:15,875 Token Sample: [CLS]_0 ▁_0 第三季_0 度_0 共_0 发现_0 26_0 11_0 万_0 木_0 马_0 病毒_0 ,_0 严重_0 危害_0 手机_0 用户_0 ,_0 要_0 如何_0 应对_0 ?_0 [PAD]_0 [PAD]_0 [PAD]_0 [PAD]_0 [PAD]_0 [PAD]_0 [PAD]_0 [PAD]_0 [PAD]_0 [PAD]_0 [PAD]_0 [PAD]_0 [PAD]_0 [PAD]_0 [PAD]_0 [PAD]_0 [PAD]_0 [PAD]_0 [PAD]_0 [PAD]_0 [PAD]_0 [PAD]_0 [PAD]_0 [PAD]_0 [PAD]_0 [SEP]_0 ▁自_1 发生了_1 利用_1 微_1 信_1 二_1 维_1 码_1 支付_1 的_1 新型_1 勒_1 索_1 病_1 事件_1 之后_1 ,_1 很多人_1 对_1 勒_1 索_1 病毒_1 都有_1 了一些_1 了解_1 ,_1 但_1 还是_1 比较_1 片_1 面_1 的_1 。_1 实际上_1 ,_1 勒_1 索_1 病毒_1 只是_1 众多_1 网络_1 病毒_1 中_1 的一种_1 ,_1 我们_1 生活中_1 要_1 面临_1 的_1 病毒_1 风险_1 是_1 很多_1 的_1 ,_1 而且_1 随着_1 智能_1 手机_1 的发展_1 ,_1 已经_1 不再_1 只有_1 计算机_1 会_1 受到_1 感染_1 ,_1 移动_1 端_1 也_1 一样_1 面临_1 风险_1 。_1 近_1 日_1 ,_1 工_1 信_1 部_1 网络_1 安全_1 管理局_1 发布了_1 2018_1 年_1 第三季_1 度_1 网络_1 安全_1 威胁_1 态_1 势_1 分析_1 与_1 工作_1 综_1 述_1 ,_1 总结_1 了_1 第三季_1 度_1 的安全_1 形势_1 。_1 数据_1 显示_1 ,_1 第三季_1 度_1 ,_1 全_1 行业_1 共_1 处_1 置_1 了_1 网络_1 安全_1 威胁_1 约_1 33_1 97_1 万_1 个_1 ,_1 其中_1 木_1 马_1 、_1 僵_1 尸_1 程序_1 、_1 病毒_1 等_1 恶_1 意_1 程序_1 约_1 26_1 11_1 万_1 个_1 ,_1 占_1 比_1 高达_1 7_1 7%_1 ,_1 可以_1 说_1 是_1 高_1 居_1 榜首_1 。_1 举_1 几个_1 影响_1 范围_1 广_1 的例子_1 。_1 “_1 寄生_1 推_1 ”_1 恶_1 意_1 s_1 d_1 k_1 私_1 自_1 获取_1 用户_1 权限_1 进行_1 恶_1 意_1 操作_1 ,_1 影响_1 2000_1 万_1 潜在_1 安_1 卓_1 用户_1 的_1 手机_1 使用_1 ;_1 “_1 银行_1 拦截_1 木_1 码_1 ”_1 支付_1 病毒_1 伪_1 装_1 成_1 正规_1 的_1 相_1 册_1 、_1 社交_1 和_1 等_1 类_1 软件_1 诱_1 导_1 用户_1 下载_1 ,_1 给_1 全球_1 用户_1 造成_1 上_1 亿元_1 的_1 财产_1 损失_1 ;_1 “”_1 木_1 马_1 病毒_1 私_1 自_1 在_1 用户_1 手机_1 里_1 获取_1 信息_1 ,_1 并_1 恶_1 意_1 推广_1 、_1 扣_1 费_1 等_1 。_1 显然_1 ,_1 目前_1 的_1 网络_1 安全_1 形势_1 非常_1 严_1 峻_1 ,_1 不断_1 的_1 木_1 马_1 病毒_1 事件_1 已经_1 波_1 及_1 全球_1 [SEP]_1 造成_1 上_1 亿元_1 的_1 财产_1 损失_1 ;_1 “”_1 木_1 马_1 病毒_1 私_1 自_1 在_1 用户_1 手机_1 里_1 获取_1 信息_1 ,_1 并_1 恶_1 意_1 推广_1 、_1 扣_1 费_1 等_1 。_1 显然_1 ,_1 目前_1 的_1 网络_1 安全_1 形势_1 非常_1 严_1 峻_1 ,_1 不断_1 的_1 木_1 马_1 病毒_1 事件_1 已经_1 波_1 及_1 全球_1 手机_1 用户_1 。_1 我们_1 必须_1 开始_1 思考_1 ,_1 应该_1 如何_1 应对_1 这_1 该_1 死_1 的_1 木_1 马_1 病毒_1 。_1 作为_1 普通_1 的_1 用户_1 来说_1 ,_1 除了_1 寄_1 希望_1 于_1 更_1 规范_1 的_1 应用_1 市场_1 之外_1 ,_1 平_1 时_1 生活中_1 ,_1 我们_1 也要_1 更_1 小_1 心_1 谨_1 慎_1 一些_1 ,_1 因为_1 很多_1 木_1 马_1 病毒_1 都是_1 潜_1 藏_1 在_1 我们_1 身边_1 的_1 。_1 这些_1 木_1 马_1 会_1 把自己_1 伪_1 装_1 成_1 热_1 门_1 游戏_1 的_1 外_1 挂_1 、_1 热_1 门_1 电视剧_1 全_1 集_1 观看_1 的_1 播放_1 器_1 等等_1 ,_1 诱_1 导_1 用户_1 下载_1 ,_1 进_1 而_1 传播_1 。_1 在这里_1 ,_1 dd_1 os_1 ._1 cc_1 也_1 提醒_1 广_1 大_1 网友_1 ,_1 注意_1 任何_1 “_1 天_1 上_1 掉_1 下来_1 的_1 馅_1 饼_1 ”_1 ,_1 不要_1 轻_1 信_1 ,_1 很可能_1 那_1 是一_1 口_1 大_1 锅_1 。_1 [SEP]_1
2019-10-22 10:26:24,137 seed everything and create model
