2019-10-22 10:51:10,864 log_in_file: True
2019-10-22 10:51:10,865 lm_path: /home/wangzl/PretrainedLM/XLNET/chinese_xlnet_mid_pytorch/
2019-10-22 10:51:10,865 lm_type: xlnet
2019-10-22 10:51:10,865 data_path: ../data/
2019-10-22 10:51:10,865 usegpu: True
2019-10-22 10:51:10,865 use_origin: True
2019-10-22 10:51:10,865 total_step: 5000
2019-10-22 10:51:10,865 eval_every: 500
2019-10-22 10:51:10,865 early_stop: 4
2019-10-22 10:51:10,865 max_length: 510
2019-10-22 10:51:10,865 max_title_rate: 0.09
2019-10-22 10:51:10,865 content_head_rate: 0.6
2019-10-22 10:51:10,865 batch_size: 2
2019-10-22 10:51:10,865 lr_scheduler_type: linear
2019-10-22 10:51:10,865 input_pattern: head+tail+fixed
2019-10-22 10:51:10,865 clean_method: space+notzh
2019-10-22 10:51:10,865 warmup_rate: 0.1
2019-10-22 10:51:10,865 classifier_dropout: 0.3
2019-10-22 10:51:10,865 classifier_weight_decay: 0.0
2019-10-22 10:51:10,865 cache_final_model: False
2019-10-22 10:51:10,865 seed: 23
2019-10-22 10:51:10,865 lr: 2e-05
2019-10-22 10:51:10,865 lr_decay_in_layers: 0.95
2019-10-22 10:51:10,865 weight_decay: 0.01
2019-10-22 10:51:10,913 padding token is 5
2019-10-22 10:51:20,812 Token Sample: <cls>_0 ▁中国_0 移动_0 通信_0 集团_0 福建_0 有限公司_0 周_0 宁_0 分公司_0 与_0 李_0 相容_0 电信_0 服务_0 合同_0 纠纷_0 一_0 审_0 民事_0 裁定_0 书_0 [PAD]_0 [PAD]_0 [PAD]_0 [PAD]_0 [PAD]_0 [PAD]_0 [PAD]_0 [PAD]_0 [PAD]_0 [PAD]_0 [PAD]_0 [PAD]_0 [PAD]_0 [PAD]_0 [PAD]_0 [PAD]_0 [PAD]_0 [PAD]_0 [PAD]_0 [PAD]_0 [PAD]_0 [PAD]_0 [PAD]_0 [PAD]_0 [PAD]_0 <sep>_0 ▁_1 福建省_1 周_1 宁县_1 人民法院_1 民事_1 裁定_1 书_1 (_1 2018_1 )_1 闽_1 09_1 25_1 民_1 初_1 30_1 1_1 号_1 原_1 告_1 :_1 中国_1 移动_1 通信_1 集团_1 福建_1 有限公司_1 周_1 宁_1 分公司_1 ,_1 住所_1 地_1 :_1 福建省_1 周_1 宁县_1 。_1 法定_1 代表_1 人_1 :_1 林_1 鸿_1 庚_1 ,_1 职务_1 总经理_1 。_1 委托_1 诉讼_1 代理_1 人_1 :_1 肖_1 先_1 兴_1 ,_1 男_1 ,_1 1971_1 年_1 04_1 月_1 18_1 日_1 生_1 ,_1 汉族_1 ,_1 福建省_1 周_1 宁县_1 ,_1 住_1 福建省_1 周_1 宁县_1 。_1 被告_1 :_1 李_1 相容_1 ,_1 女_1 ,_1 1972_1 年_1 07_1 月_1 27_1 日_1 生_1 ,_1 汉族_1 ,_1 重庆市_1 垫_1 江县_1 ,_1 住_1 重庆市_1 垫_1 江县_1 。_1 原_1 告_1 中国_1 移动_1 通信_1 集团_1 福建_1 有限公司_1 周_1 宁_1 分公司_1 与_1 被告_1 李_1 相容_1 电信_1 服务_1 合同_1 纠纷_1 一_1 案_1 ,_1 本_1 院_1 于_1 2018_1 年_1 4_1 月_1 20_1 日_1 立案_1 。_1 原_1 告_1 中国_1 移动_1 通信_1 集团_1 福建_1 有限公司_1 周_1 宁_1 分公司_1 在_1 本_1 院_1 依法_1 送_1 达_1 交_1 纳_1 诉讼_1 费用_1 通知_1 书_1 后_1 ,_1 未_1 在_1 七_1 日_1 内_1 预_1 交_1 案件_1 受_1 理_1 费_1 。_1 依照_1 《_1 中华人民共和国_1 民事_1 诉讼_1 法_1 》_1 第一_1 百_1 一_1 十八_1 条_1 、_1 第一_1 百_1 五十_1 四_1 条_1 规定_1 第一款_1 第十一_1 项_1 、_1 《_1 最高人民法院_1 关于_1 适用_1 的_1 解释_1 》_1 第二_1 百_1 一_1 十三_1 条_1 之_1 规定_1 ,_1 裁定_1 如下_1 :_1 本_1 案_1 按_1 原_1 告_1 中国_1 移动_1 通信_1 集团_1 福建_1 有限公司_1 周_1 宁_1 分公司_1 撤回_1 起诉_1 处理_1 。_1 审判_1 员_1 许_1 伟_1 二_1 〇_1 一_1 八_1 年四月_1 二_1 十七_1 日_1 书记_1 员_1 吴_1 桂_1 芳_1 [PAD]_1 [PAD]_1 [PAD]_1 [PAD]_1 [PAD]_1 [PAD]_1 [PAD]_1 [PAD]_1 [PAD]_1 [PAD]_1 [PAD]_1 [PAD]_1 [PAD]_1 [PAD]_1 [PAD]_1 [PAD]_1 [PAD]_1 [PAD]_1 [PAD]_1 [PAD]_1 [PAD]_1 [PAD]_1 [PAD]_1 [PAD]_1 [PAD]_1 [PAD]_1 <sep>_1 ,_1 福建省_1 周_1 宁县_1 ,_1 住_1 福建省_1 周_1 宁县_1 。_1 被告_1 :_1 李_1 相容_1 ,_1 女_1 ,_1 1972_1 年_1 07_1 月_1 27_1 日_1 生_1 ,_1 汉族_1 ,_1 重庆市_1 垫_1 江县_1 ,_1 住_1 重庆市_1 垫_1 江县_1 。_1 原_1 告_1 中国_1 移动_1 通信_1 集团_1 福建_1 有限公司_1 周_1 宁_1 分公司_1 与_1 被告_1 李_1 相容_1 电信_1 服务_1 合同_1 纠纷_1 一_1 案_1 ,_1 本_1 院_1 于_1 2018_1 年_1 4_1 月_1 20_1 日_1 立案_1 。_1 原_1 告_1 中国_1 移动_1 通信_1 集团_1 福建_1 有限公司_1 周_1 宁_1 分公司_1 在_1 本_1 院_1 依法_1 送_1 达_1 交_1 纳_1 诉讼_1 费用_1 通知_1 书_1 后_1 ,_1 未_1 在_1 七_1 日_1 内_1 预_1 交_1 案件_1 受_1 理_1 费_1 。_1 依照_1 《_1 中华人民共和国_1 民事_1 诉讼_1 法_1 》_1 第一_1 百_1 一_1 十八_1 条_1 、_1 第一_1 百_1 五十_1 四_1 条_1 规定_1 第一款_1 第十一_1 项_1 、_1 《_1 最高人民法院_1 关于_1 适用_1 的_1 解释_1 》_1 第二_1 百_1 一_1 十三_1 条_1 之_1 规定_1 ,_1 裁定_1 如下_1 :_1 本_1 案_1 按_1 原_1 告_1 中国_1 移动_1 通信_1 集团_1 福建_1 有限公司_1 周_1 宁_1 分公司_1 撤回_1 起诉_1 处理_1 。_1 审判_1 员_1 许_1 伟_1 二_1 〇_1 一_1 八_1 年四月_1 二_1 十七_1 日_1 书记_1 员_1 吴_1 桂_1 芳_1 <sep>_1
2019-10-22 10:51:27,921 Token Sample: <cls>_0 ▁_0 铺_0 就_0 富_0 民_0 通_0 途_0 助_0 力_0 绿色_0 崛起_0 [PAD]_0 [PAD]_0 [PAD]_0 [PAD]_0 [PAD]_0 [PAD]_0 [PAD]_0 [PAD]_0 [PAD]_0 [PAD]_0 [PAD]_0 [PAD]_0 [PAD]_0 [PAD]_0 [PAD]_0 [PAD]_0 [PAD]_0 [PAD]_0 [PAD]_0 [PAD]_0 [PAD]_0 [PAD]_0 [PAD]_0 [PAD]_0 [PAD]_0 [PAD]_0 [PAD]_0 [PAD]_0 [PAD]_0 [PAD]_0 [PAD]_0 [PAD]_0 [PAD]_0 [PAD]_0 [PAD]_0 <sep>_0 ▁_1 国道_1 24_1 2_1 甘_1 其_1 毛_1 都_1 至_1 临_1 河_1 一级_1 公路_1 、_1 京_1 新_1 高速_1 陕_1 坝_1 连接_1 线_1 、_1 省道_1 3_1 11_1 建_1 丰_1 农场_1 至_1 建设_1 段_1 建成通车_1 ,_1 新_1 改建_1 农村_1 牧_1 区_1 公路_1 1500_1 公里_1 ,_1 五_1 原_1 县_1 成为_1 全国_1 “_1 四_1 好_1 农村_1 路_1 ”_1 示范_1 县_1 。_1 全_1 年完成_1 交通_1 固定_1 资产_1 投资_1 38_1 亿元_1 ,_1 建设_1 规模_1 达到_1 28_1 50_1 公里_1 ._1 ._1 ._1 ._1 ._1 ._1 一份_1 亮_1 点_1 频_1 现_1 的_1 “_1 成绩_1 单_1 ”_1 ,_1 见证_1 了_1 2018_1 年_1 我_1 市_1 交通_1 事业_1 的_1 快速_1 发展_1 。_1 全长_1 18_1 3_1 公里的_1 国道_1 24_1 2_1 甘_1 临_1 一级_1 公路_1 建成通车_1 一批_1 省道_1 建设_1 项目_1 陆续_1 开工_1 国道_1 24_1 2_1 是_1 《_1 国家_1 “_1 十三_1 五_1 ”_1 现代_1 综合_1 交通运输_1 体系_1 发展_1 规划_1 》_1 “_1 十_1 纵_1 十_1 横_1 ”_1 综合_1 运输_1 通道_1 中的_1 第七_1 条_1 纵_1 向_1 综合_1 运输_1 大_1 通道_1 ,_1 全长_1 约_1 2_1 700_1 公里_1 ,_1 是_1 祖国_1 北_1 疆_1 贯通_1 大_1 西南_1 最_1 便_1 捷_1 的_1 出_1 海_1 通道_1 。_1 该国_1 道_1 我_1 市_1 境内_1 全长_1 2_1 13_1 公里_1 ,_1 2018_1 年_1 建成通车_1 的_1 国道_1 24_1 2_1 甘_1 其_1 毛_1 都_1 至_1 临_1 河_1 一级_1 公路_1 全长_1 18_1 3_1 公里_1 ,_1 总投资_1 42_1 ._1 3_1 亿元_1 。_1 项目_1 起点_1 位于_1 甘_1 其_1 毛_1 都_1 口岸_1 ,_1 途经_1 我_1 市_1 3_1 个_1 旗_1 县_1 区_1 、_1 7_1 个_1 苏_1 木_1 镇_1 、_1 24_1 个_1 嘎_1 查_1 村_1 ,_1 直接_1 服务_1 75_1 万人_1 。_1 该项目_1 的_1 建成_1 ,_1 对于_1 我_1 市_1 加快_1 融入_1 “_1 一带_1 一路_1 ”_1 和_1 中_1 蒙_1 俄_1 经济_1 走廊_1 建设_1 ,_1 不断_1 提升_1 对外开放_1 水平_1 ,_1 具有_1 重要_1 意义_1 。_1 同时_1 <sep>_1 我_1 市_1 将_1 进一步_1 加快_1 国道_1 3_1 31_1 乌_1 珠_1 尔_1 至_1 北_1 银_1 根_1 三级_1 公路_1 、_1 国道_1 3_1 35_1 乌_1 不_1 浪_1 口_1 至_1 乌_1 根_1 高_1 勒_1 二级_1 公路_1 、_1 国道_1 3_1 35_1 呼_1 和_1 温_1 都_1 尔_1 至_1 巴_1 彦_1 努_1 如_1 二级_1 公路_1 、_1 省道_1 3_1 11_1 朝阳_1 至_1 建_1 丰_1 农场_1 二级_1 公路_1 等_1 项目_1 建设_1 ,_1 推进_1 省道_1 3_1 11_1 建设_1 至_1 查_1 素_1 沟_1 口_1 二级_1 公路_1 建成通车_1 ,_1 争取_1 省道_1 2_1 15_1 乌_1 不_1 浪_1 口_1 至_1 新_1 安_1 段_1 开工建设_1 。_1 争取_1 甘_1 其_1 毛_1 都_1 口岸_1 经_1 海_1 流_1 图_1 至_1 乌拉_1 山_1 公路_1 列入_1 自治区_1 地方_1 高速公路_1 网_1 规划_1 ,_1 先_1 期_1 实施_1 甘_1 其_1 毛_1 都_1 口岸_1 经_1 海_1 流_1 图_1 段_1 项目_1 。_1 推进_1 省道_1 2_1 13_1 团结_1 渠_1 至_1 临_1 河_1 公路_1 建设_1 ._1 ._1 ._1 ._1 ._1 ._1 随着_1 一批_1 重大_1 交通_1 基础设施_1 项目_1 的_1 实施_1 ,_1 我_1 市_1 立体_1 交通_1 网络_1 不断_1 完善_1 ,_1 将_1 为_1 巴_1 彦_1 淖_1 尔_1 实现_1 塞_1 上_1 江南_1 、_1 绿色_1 崛起_1 提供_1 有力_1 支撑_1 和_1 坚_1 强_1 保障_1 。_1 <sep>_1
2019-10-22 10:51:35,356 Token Sample: <cls>_0 ▁_0 库_0 里_0 因_0 伤_0 缺席_0 季后赛_0 首_0 轮_0 会_0 造成_0 什么_0 样_0 的_0 连_0 锁_0 反应_0 __0 手机_0 新_0 浪_0 网_0 [PAD]_0 [PAD]_0 [PAD]_0 [PAD]_0 [PAD]_0 [PAD]_0 [PAD]_0 [PAD]_0 [PAD]_0 [PAD]_0 [PAD]_0 [PAD]_0 [PAD]_0 [PAD]_0 [PAD]_0 [PAD]_0 [PAD]_0 [PAD]_0 [PAD]_0 [PAD]_0 [PAD]_0 [PAD]_0 [PAD]_0 [PAD]_0 <sep>_0 ▁_1 那么_1 既然_1 库_1 里_1 缺_1 阵_1 ,_1 勇士_1 对_1 上_1 这_1 几_1 支球队_1 有_1 没有_1 必_1 胜_1 的_1 把握_1 呢_1 先_1 说_1 下_1 雷霆_1 ,_1 这_1 要_1 是_1 首_1 轮_1 对_1 上_1 雷霆_1 。_1 我的_1 个_1 乖_1 乖_1 ,_1 本来_1 常规_1 赛_1 战绩_1 就_1 没_1 什么_1 优势_1 ,_1 又_1 少_1 了_1 个_1 大_1 腿_1 ,_1 很_1 有可能_1 就会_1 被_1 雷霆_1 拉_1 下水_1 。_1 剩下_1 鹈_1 鹕_1 、_1 爵士_1 、_1 森林_1 狼_1 ,_1 这_1 三_1 支球队_1 都有_1 一个_1 共同_1 点_1 ,_1 那_1 就是_1 都有_1 一名_1 超级_1 内_1 心_1 。_1 浓_1 眉_1 哥_1 、_1 唐_1 斯_1 、_1 戈_1 贝尔_1 ,_1 都是_1 内_1 线_1 大_1 闸_1 ,_1 对于_1 勇士_1 薄弱_1 的_1 内_1 线_1 来说_1 真的_1 是_1 致命_1 的_1 一_1 击_1 。_1 库_1 里_1 缺_1 阵_1 后_1 ,_1 勇士_1 的_1 进攻_1 重_1 任_1 就_1 落在_1 了_1 杜_1 兰_1 特_1 身上_1 ,_1 进攻_1 端_1 任务_1 重_1 了_1 他在_1 防守_1 端_1 的_1 贡献_1 肯定_1 要_1 削弱_1 ,_1 那么_1 勇士_1 的_1 防守_1 强度_1 肯定_1 会_1 掉_1 一个_1 档_1 次_1 。_1 本_1 赛季_1 格林_1 和_1 汤_1 普_1 森_1 一直_1 没有_1 达到_1 外界_1 的_1 预期_1 ,_1 尤其_1 汤_1 普_1 森_1 打_1 的_1 很_1 挣_1 扎_1 ,_1 刚刚_1 伤_1 愈_1 复_1 出的_1 他们_1 能否_1 恢复_1 到_1 最佳_1 状态_1 都是_1 未知_1 数_1 。_1 马_1 刺_1 现在_1 这个_1 情况_1 很_1 有可能_1 首_1 轮_1 遇上_1 勇士_1 ,_1 这_1 可是_1 不是_1 冤_1 家_1 不_1 头_1 啊_1 。_1 真_1 不知道_1 马_1 刺_1 那_1 帮_1 老_1 家_1 伙_1 会_1 使_1 出_1 什么_1 样_1 的_1 招_1 数_1 来_1 对_1 付_1 勇士_1 。_1 [PAD]_1 [PAD]_1 [PAD]_1 [PAD]_1 [PAD]_1 [PAD]_1 [PAD]_1 [PAD]_1 [PAD]_1 [PAD]_1 [PAD]_1 [PAD]_1 [PAD]_1 [PAD]_1 [PAD]_1 [PAD]_1 [PAD]_1 [PAD]_1 [PAD]_1 [PAD]_1 [PAD]_1 [PAD]_1 [PAD]_1 [PAD]_1 [PAD]_1 [PAD]_1 [PAD]_1 [PAD]_1 [PAD]_1 [PAD]_1 [PAD]_1 [PAD]_1 <sep>_1 剩下_1 鹈_1 鹕_1 、_1 爵士_1 、_1 森林_1 狼_1 ,_1 这_1 三_1 支球队_1 都有_1 一个_1 共同_1 点_1 ,_1 那_1 就是_1 都有_1 一名_1 超级_1 内_1 心_1 。_1 浓_1 眉_1 哥_1 、_1 唐_1 斯_1 、_1 戈_1 贝尔_1 ,_1 都是_1 内_1 线_1 大_1 闸_1 ,_1 对于_1 勇士_1 薄弱_1 的_1 内_1 线_1 来说_1 真的_1 是_1 致命_1 的_1 一_1 击_1 。_1 库_1 里_1 缺_1 阵_1 后_1 ,_1 勇士_1 的_1 进攻_1 重_1 任_1 就_1 落在_1 了_1 杜_1 兰_1 特_1 身上_1 ,_1 进攻_1 端_1 任务_1 重_1 了_1 他在_1 防守_1 端_1 的_1 贡献_1 肯定_1 要_1 削弱_1 ,_1 那么_1 勇士_1 的_1 防守_1 强度_1 肯定_1 会_1 掉_1 一个_1 档_1 次_1 。_1 本_1 赛季_1 格林_1 和_1 汤_1 普_1 森_1 一直_1 没有_1 达到_1 外界_1 的_1 预期_1 ,_1 尤其_1 汤_1 普_1 森_1 打_1 的_1 很_1 挣_1 扎_1 ,_1 刚刚_1 伤_1 愈_1 复_1 出的_1 他们_1 能否_1 恢复_1 到_1 最佳_1 状态_1 都是_1 未知_1 数_1 。_1 马_1 刺_1 现在_1 这个_1 情况_1 很_1 有可能_1 首_1 轮_1 遇上_1 勇士_1 ,_1 这_1 可是_1 不是_1 冤_1 家_1 不_1 头_1 啊_1 。_1 真_1 不知道_1 马_1 刺_1 那_1 帮_1 老_1 家_1 伙_1 会_1 使_1 出_1 什么_1 样_1 的_1 招_1 数_1 来_1 对_1 付_1 勇士_1 。_1 <sep>_1
2019-10-22 10:51:40,480 Token Sample: <cls>_0 ▁_0 【_0 修_0 山_0 新闻_0 】_0 修_0 山镇_0 深夜_0 查_0 处_0 两_0 起_0 非法_0 电_0 打_0 鱼_0 行为_0 [PAD]_0 [PAD]_0 [PAD]_0 [PAD]_0 [PAD]_0 [PAD]_0 [PAD]_0 [PAD]_0 [PAD]_0 [PAD]_0 [PAD]_0 [PAD]_0 [PAD]_0 [PAD]_0 [PAD]_0 [PAD]_0 [PAD]_0 [PAD]_0 [PAD]_0 [PAD]_0 [PAD]_0 [PAD]_0 [PAD]_0 [PAD]_0 [PAD]_0 [PAD]_0 [PAD]_0 [PAD]_0 <sep>_0 ▁“_1 这里_1 有人_1 电_1 鱼_1 ,_1 你们_1 快_1 点_1 来_1 咯_1 。_1 ”_1 3_1 月_1 26_1 日晚上_1 10_1 点_1 ,_1 桃_1 江县_1 修_1 山镇_1 动_1 检_1 站_1 接到_1 群众_1 举_1 报_1 电话_1 ,_1 说_1 该镇_1 麻_1 竹_1 垸_1 村_1 有人_1 在_1 田_1 间_1 用_1 背_1 包_1 式_1 打_1 鱼_1 机_1 非法_1 捕_1 泥_1 鳅_1 、_1 黄_1 鳝_1 。_1 接到_1 电话_1 ,_1 镇_1 动_1 检_1 站_1 站_1 长_1 刘_1 宁_1 飞_1 迅速_1 向_1 修_1 山镇_1 分_1 管_1 农业_1 的_1 副_1 镇_1 长_1 刘_1 湘_1 斌_1 报告_1 ,_1 刘_1 湘_1 斌_1 得知_1 情况_1 后_1 立刻_1 安排_1 派出_1 所_1 干_1 警_1 与_1 动_1 检_1 站_1 工作人员_1 一同_1 前往_1 麻_1 竹_1 垸_1 村_1 查_1 处_1 。_1 晚上_1 11_1 点_1 左右_1 ,_1 执法_1 人员_1 在_1 该镇_1 莲_1 盆_1 嘴_1 村_1 现场_1 抓_1 获_1 两_1 起_1 背_1 包_1 式_1 违法_1 电_1 鱼_1 行为_1 ,_1 依法_1 收_1 缴_1 背_1 包_1 式_1 电_1 打_1 鱼_1 机_1 2_1 台_1 ,_1 将_1 捕_1 获_1 的_1 4_1 斤_1 泥_1 鳅_1 、_1 黄_1 鳝_1 当_1 场_1 放_1 生_1 ,_1 并_1 对_1 两人_1 进行了_1 批评_1 教育_1 。_1 刘_1 宁_1 飞_1 介绍_1 ,_1 泥_1 鳅_1 、_1 黄_1 鳝_1 等_1 野生_1 水_1 生_1 动物_1 是_1 种植_1 庄_1 稼_1 的_1 好_1 帮_1 手_1 ,_1 可以_1 起_1 到_1 疏_1 松_1 土_1 质_1 、_1 消灭_1 害_1 虫_1 等_1 作用_1 ,_1 非法_1 电_1 捕_1 鱼_1 ,_1 杀_1 伤_1 力_1 很大_1 ,_1 影响_1 鱼类_1 的_1 繁殖_1 。_1 被_1 电_1 过_1 的_1 鱼_1 ,_1 就算_1 躲_1 过_1 被_1 捞_1 上_1 来_1 的_1 命运_1 ,_1 恢复_1 知_1 觉_1 后_1 也会_1 失去_1 繁殖_1 能力_1 。_1 编辑_1 :_1 尹_1 文_1 锦_1 审_1 核_1 :_1 刘_1 湘_1 斌_1 [PAD]_1 [PAD]_1 [PAD]_1 [PAD]_1 [PAD]_1 [PAD]_1 [PAD]_1 [PAD]_1 [PAD]_1 [PAD]_1 [PAD]_1 [PAD]_1 [PAD]_1 [PAD]_1 [PAD]_1 <sep>_1 刘_1 湘_1 斌_1 报告_1 ,_1 刘_1 湘_1 斌_1 得知_1 情况_1 后_1 立刻_1 安排_1 派出_1 所_1 干_1 警_1 与_1 动_1 检_1 站_1 工作人员_1 一同_1 前往_1 麻_1 竹_1 垸_1 村_1 查_1 处_1 。_1 晚上_1 11_1 点_1 左右_1 ,_1 执法_1 人员_1 在_1 该镇_1 莲_1 盆_1 嘴_1 村_1 现场_1 抓_1 获_1 两_1 起_1 背_1 包_1 式_1 违法_1 电_1 鱼_1 行为_1 ,_1 依法_1 收_1 缴_1 背_1 包_1 式_1 电_1 打_1 鱼_1 机_1 2_1 台_1 ,_1 将_1 捕_1 获_1 的_1 4_1 斤_1 泥_1 鳅_1 、_1 黄_1 鳝_1 当_1 场_1 放_1 生_1 ,_1 并_1 对_1 两人_1 进行了_1 批评_1 教育_1 。_1 刘_1 宁_1 飞_1 介绍_1 ,_1 泥_1 鳅_1 、_1 黄_1 鳝_1 等_1 野生_1 水_1 生_1 动物_1 是_1 种植_1 庄_1 稼_1 的_1 好_1 帮_1 手_1 ,_1 可以_1 起_1 到_1 疏_1 松_1 土_1 质_1 、_1 消灭_1 害_1 虫_1 等_1 作用_1 ,_1 非法_1 电_1 捕_1 鱼_1 ,_1 杀_1 伤_1 力_1 很大_1 ,_1 影响_1 鱼类_1 的_1 繁殖_1 。_1 被_1 电_1 过_1 的_1 鱼_1 ,_1 就算_1 躲_1 过_1 被_1 捞_1 上_1 来_1 的_1 命运_1 ,_1 恢复_1 知_1 觉_1 后_1 也会_1 失去_1 繁殖_1 能力_1 。_1 编辑_1 :_1 尹_1 文_1 锦_1 审_1 核_1 :_1 刘_1 湘_1 斌_1 <sep>_1
2019-10-22 10:51:45,298 Token Sample: <cls>_0 ▁南_0 平_0 :_0 开_0 车_0 玩_0 手_0 游_0 分_0 神_0 两_0 车_0 追_0 尾_0 人_0 被困_0 [PAD]_0 [PAD]_0 [PAD]_0 [PAD]_0 [PAD]_0 [PAD]_0 [PAD]_0 [PAD]_0 [PAD]_0 [PAD]_0 [PAD]_0 [PAD]_0 [PAD]_0 [PAD]_0 [PAD]_0 [PAD]_0 [PAD]_0 [PAD]_0 [PAD]_0 [PAD]_0 [PAD]_0 [PAD]_0 [PAD]_0 [PAD]_0 [PAD]_0 [PAD]_0 [PAD]_0 [PAD]_0 [PAD]_0 [PAD]_0 <sep>_0 ▁_1 近_1 日_1 夜_1 里_1 21_1 时_1 许_1 ,_1 南_1 平_1 高速_1 交_1 警_1 支队_1 一_1 中_1 队_1 民_1 警_1 接_1 报_1 警_1 电话_1 ,_1 称_1 宁_1 光_1 高速_1 (_1 下行_1 )_1 19_1 公里处_1 ,_1 一辆_1 中型_1 货_1 车_1 追_1 尾_1 碰撞_1 大_1 货_1 车_1 ,_1 中型_1 货_1 车_1 受损_1 严重_1 且_1 驾驶_1 员_1 被_1 卡_1 在_1 车_1 中_1 。_1 接_1 警_1 后_1 ,_1 民_1 警_1 赶_1 赴_1 现场_1 ,_1 并_1 通知_1 消防_1 、_1 医疗_1 等_1 部门_1 前往_1 处_1 置_1 。_1 到达_1 现场_1 后_1 ,_1 民_1 警_1 发现_1 一辆_1 白色_1 中型_1 厢_1 式_1 货_1 车_1 驾驶_1 舱_1 紧_1 紧_1 嵌_1 在_1 前方_1 大型_1 货_1 车_1 的_1 尾部_1 ,_1 车_1 头_1 严重_1 变形_1 ,_1 驾驶_1 员_1 张_1 某_1 意识_1 清_1 醒_1 ,_1 但_1 双_1 腿_1 被_1 夹_1 在_1 货_1 车_1 仪_1 表_1 盘_1 下方_1 ,_1 无法_1 自行_1 脱_1 困_1 。_1 民_1 警_1 随即_1 用_1 随_1 身_1 携带_1 的_1 急救_1 物品_1 为_1 张_1 某_1 实施_1 止_1 血_1 等_1 紧急_1 救_1 治_1 ,_1 安抚_1 其_1 情绪_1 。_1 随后_1 赶到_1 的_1 消防_1 、_1 医疗_1 救援_1 人员_1 及_1 时_1 将_1 张_1 某_1 救出_1 ,_1 并将其_1 送往_1 医院_1 救_1 治_1 。_1 民_1 警_1 在_1 现场_1 对_1 事故_1 进行_1 勘_1 查_1 时_1 ,_1 发现_1 一部_1 运行_1 着_1 网络_1 游戏_1 的_1 手机_1 ,_1 后_1 经_1 确认_1 为_1 张_1 某_1 所有_1 。_1 原来_1 ,_1 在_1 事故_1 发生_1 前_1 ,_1 张_1 某_1 正在_1 玩_1 手机_1 网_1 游_1 ,_1 由于_1 分_1 心_1 未_1 及_1 时_1 发现_1 前方_1 行驶_1 的_1 货_1 车_1 ,_1 才_1 导致_1 车辆_1 追_1 尾_1 ,_1 自己_1 被_1 卡_1 车_1 内_1 。_1 (_1 卢_1 国_1 华_1 李_1 嘉_1 肖_1 硕_1 )_1 返回_1 文章_1 首_1 页_1 下_1 一篇_1 :_1 三_1 车_1 相_1 撞_1 人_1 被困_1 三_1 明_1 消防_1 <sep>_1 紧_1 嵌_1 在_1 前方_1 大型_1 货_1 车_1 的_1 尾部_1 ,_1 车_1 头_1 严重_1 变形_1 ,_1 驾驶_1 员_1 张_1 某_1 意识_1 清_1 醒_1 ,_1 但_1 双_1 腿_1 被_1 夹_1 在_1 货_1 车_1 仪_1 表_1 盘_1 下方_1 ,_1 无法_1 自行_1 脱_1 困_1 。_1 民_1 警_1 随即_1 用_1 随_1 身_1 携带_1 的_1 急救_1 物品_1 为_1 张_1 某_1 实施_1 止_1 血_1 等_1 紧急_1 救_1 治_1 ,_1 安抚_1 其_1 情绪_1 。_1 随后_1 赶到_1 的_1 消防_1 、_1 医疗_1 救援_1 人员_1 及_1 时_1 将_1 张_1 某_1 救出_1 ,_1 并将其_1 送往_1 医院_1 救_1 治_1 。_1 民_1 警_1 在_1 现场_1 对_1 事故_1 进行_1 勘_1 查_1 时_1 ,_1 发现_1 一部_1 运行_1 着_1 网络_1 游戏_1 的_1 手机_1 ,_1 后_1 经_1 确认_1 为_1 张_1 某_1 所有_1 。_1 原来_1 ,_1 在_1 事故_1 发生_1 前_1 ,_1 张_1 某_1 正在_1 玩_1 手机_1 网_1 游_1 ,_1 由于_1 分_1 心_1 未_1 及_1 时_1 发现_1 前方_1 行驶_1 的_1 货_1 车_1 ,_1 才_1 导致_1 车辆_1 追_1 尾_1 ,_1 自己_1 被_1 卡_1 车_1 内_1 。_1 (_1 卢_1 国_1 华_1 李_1 嘉_1 肖_1 硕_1 )_1 返回_1 文章_1 首_1 页_1 下_1 一篇_1 :_1 三_1 车_1 相_1 撞_1 人_1 被困_1 三_1 明_1 消防_1 速_1 救援_1 <sep>_1
2019-10-22 10:51:48,176 seed everything and create model
2019-10-22 10:58:46,667 step 500 train loss: 0.7455
2019-10-22 10:58:46,667 step 500 score: 0.5674
2019-10-22 11:05:38,478 step 1000 train loss: 0.5436
2019-10-22 11:05:38,478 step 1000 score: 0.7382
2019-10-22 11:12:24,422 step 1500 train loss: 0.4381
2019-10-22 11:12:24,422 step 1500 score: 0.7739
2019-10-22 11:19:09,209 step 2000 train loss: 0.4220
2019-10-22 11:19:09,210 step 2000 score: 0.7178
2019-10-22 11:25:53,256 step 2500 train loss: 0.3858
2019-10-22 11:25:53,256 step 2500 score: 0.7876
2019-10-22 11:32:39,396 step 3000 train loss: 0.3356
2019-10-22 11:32:39,397 step 3000 score: 0.7623
2019-10-22 11:39:31,026 step 3500 train loss: 0.2132
2019-10-22 11:39:31,026 step 3500 score: 0.7834
2019-10-22 11:46:15,231 step 4000 train loss: 0.2525
2019-10-22 11:46:15,231 step 4000 score: 0.7827
2019-10-22 11:52:59,381 step 4500 train loss: 0.2570
2019-10-22 11:52:59,381 step 4500 score: 0.7837
2019-10-22 11:59:43,471 step 5000 train loss: 0.2402
2019-10-22 11:59:43,471 step 5000 score: 0.7930
2019-10-22 11:59:43,486 best score is 0.7930
