2019-10-25 14:19:16,968 log_in_file: True
2019-10-25 14:19:16,968 lm_path: /home/wangzl/PretrainedLM/BERT/New/chinese_wwm_ext_pytorch
2019-10-25 14:19:16,968 lm_type: bert
2019-10-25 14:19:16,968 data_path: ../data/
2019-10-25 14:19:16,968 usegpu: True
2019-10-25 14:19:16,968 total_step: 1500
2019-10-25 14:19:16,968 eval_every: 150
2019-10-25 14:19:16,968 early_stop: 4
2019-10-25 14:19:16,968 max_length: 360
2019-10-25 14:19:16,968 max_title_rate: 0.125
2019-10-25 14:19:16,968 content_head_rate: 0.6
2019-10-25 14:19:16,968 batch_size: 16
2019-10-25 14:19:16,968 lr_scheduler_type: linear
2019-10-25 14:19:16,968 input_pattern: head+tail+fixed
2019-10-25 14:19:16,968 clean_method: space+notzh
2019-10-25 14:19:16,968 warmup_rate: 0.1
2019-10-25 14:19:16,968 classifier_dropout: 0.1
2019-10-25 14:19:16,968 classifier_active: relu
2019-10-25 14:19:16,968 cache_final_model: False
2019-10-25 14:19:16,968 seed: 23
2019-10-25 14:19:16,968 lr: 2e-05
2019-10-25 14:19:16,968 lr_decay_in_layers: 1.0
2019-10-25 14:19:16,968 wd_decay_in_layers: 1.0
2019-10-25 14:19:16,969 weight_decay: 0.01
2019-10-25 14:19:16,985 padding token is 0
2019-10-25 14:19:39,282 Token Sample: [CLS]_0 一_0 季_0 度_0 泉_0 州_0 居_0 民_0 人_0 均_0 可_0 支_0 配_0 收_0 入_0 103_0 ##08_0 元_0 比_0 全_0 省_0 平_0 均_0 水_0 平_0 高_0 出_0 920_0 元_0 [PAD]_0 [PAD]_0 [PAD]_0 [PAD]_0 [PAD]_0 [PAD]_0 [PAD]_0 [PAD]_0 [PAD]_0 [PAD]_0 [PAD]_0 [PAD]_0 [PAD]_0 [PAD]_0 [PAD]_0 [PAD]_0 [PAD]_0 [SEP]_0 据_1 泉_1 州_1 晚_1 报_1 报_1 道_1 今_1 年_1 以_1 来_1 ，_1 泉_1 州_1 市_1 委_1 、_1 市_1 政_1 府_1 把_1 稳_1 定_1 经_1 济_1 增_1 长_1 作_1 为_1 工_1 作_1 重_1 点_1 ，_1 全_1 面_1 深_1 化_1 改_1 革_1 ，_1 提_1 高_1 供_1 给_1 质_1 量_1 ，_1 有_1 效_1 促_1 进_1 全_1 市_1 居_1 民_1 就_1 业_1 稳_1 定_1 、_1 经_1 营_1 改_1 善_1 、_1 收_1 入_1 增_1 加_1 。_1 记_1 者_1 从_1 国_1 家_1 统_1 计_1 局_1 泉_1 州_1 调_1 查_1 队_1 了_1 解_1 到_1 ，_1 今_1 年_1 一_1 季_1 度_1 ，_1 全_1 市_1 居_1 民_1 人_1 均_1 可_1 支_1 配_1 收_1 入_1 103_1 ##08_1 元_1 ，_1 同_1 比_1 增_1 长_1 8_1 ._1 7_1 %_1 ，_1 比_1 全_1 省_1 平_1 均_1 水_1 平_1 高_1 出_1 920_1 元_1 。_1 居_1 民_1 收_1 入_1 形_1 势_1 的_1 整_1 体_1 向_1 好_1 ，_1 不_1 仅_1 体_1 现_1 在_1 人_1 均_1 可_1 支_1 配_1 收_1 入_1 超_1 万_1 元_1 ，_1 也_1 体_1 现_1 在_1 城_1 乡_1 收_1 入_1 差_1 距_1 的_1 持_1 续_1 缩_1 小_1 。_1 一_1 季_1 度_1 ，_1 全_1 市_1 城_1 镇_1 居_1 民_1 人_1 均_1 可_1 支_1 配_1 [SEP]_1 比_1 减_1 少_1 4_1 ._1 6_1 %_1 ;_1 人_1 均_1 生_1 活_1 用_1 品_1 及_1 服_1 务_1 消_1 费_1 407_1 元_1 ，_1 同_1 比_1 增_1 长_1 18_1 ._1 7_1 %_1 ;_1 人_1 均_1 交_1 通_1 通_1 信_1 消_1 费_1 支_1 出_1 88_1 ##4_1 元_1 ，_1 同_1 比_1 增_1 长_1 24_1 ._1 5_1 %_1 ;_1 人_1 均_1 教_1 育_1 文_1 化_1 娱_1 乐_1 支_1 出_1 48_1 ##9_1 元_1 ，_1 同_1 比_1 增_1 长_1 3_1 ._1 8_1 %_1 ;_1 人_1 均_1 医_1 疗_1 保_1 健_1 消_1 费_1 262_1 元_1 ，_1 同_1 比_1 增_1 长_1 15_1 ._1 4_1 %_1 ;_1 人_1 均_1 其_1 他_1 用_1 品_1 及_1 服_1 务_1 消_1 费_1 支_1 出_1 281_1 元_1 ，_1 同_1 比_1 增_1 长_1 19_1 ._1 0_1 %_1 。_1 [SEP]_1
2019-10-25 14:19:52,984 Token Sample: [CLS]_0 《_0 神_0 雕_0 侠_0 侣_0 》_0 ：_0 黄_0 蓉_0 为_0 什_0 么_0 不_0 教_0 杨_0 过_0 武_0 功_0 呢_0 ？_0 __0 杨_0 康_0 [PAD]_0 [PAD]_0 [PAD]_0 [PAD]_0 [PAD]_0 [PAD]_0 [PAD]_0 [PAD]_0 [PAD]_0 [PAD]_0 [PAD]_0 [PAD]_0 [PAD]_0 [PAD]_0 [PAD]_0 [PAD]_0 [PAD]_0 [PAD]_0 [PAD]_0 [PAD]_0 [PAD]_0 [PAD]_0 [SEP]_0 原_1 标_1 题_1 ：_1 《_1 神_1 雕_1 侠_1 侣_1 》_1 ：_1 黄_1 蓉_1 为_1 什_1 么_1 不_1 教_1 杨_1 过_1 武_1 功_1 呢_1 ？_1 在_1 剧_1 中_1 ，_1 杨_1 过_1 无_1 意_1 间_1 中_1 了_1 冰_1 魄_1 银_1 针_1 的_1 毒_1 ，_1 在_1 欧_1 阳_1 锋_1 的_1 帮_1 助_1 下_1 虽_1 然_1 排_1 除_1 了_1 些_1 许_1 的_1 毒_1 素_1 ，_1 但_1 还_1 是_1 余_1 毒_1 未_1 清_1 ，_1 这_1 在_1 这_1 时_1 候_1 杨_1 过_1 遇_1 到_1 了_1 郭_1 靖_1 黄_1 蓉_1 夫_1 妇_1 。_1 他_1 们_1 第_1 一_1 眼_1 看_1 到_1 杨_1 过_1 的_1 时_1 候_1 就_1 觉_1 得_1 他_1 是_1 杨_1 康_1 的_1 儿_1 子_1 ，_1 郭_1 靖_1 十_1 分_1 高_1 兴_1 ，_1 可_1 是_1 黄_1 蓉_1 就_1 有_1 些_1 担_1 心_1 了_1 ，_1 因_1 为_1 毕_1 竟_1 杨_1 康_1 的_1 死_1 是_1 跟_1 黄_1 蓉_1 有_1 关_1 ，_1 他_1 怕_1 杨_1 过_1 会_1 对_1 郭_1 靖_1 夫_1 妇_1 有_1 意_1 见_1 。_1 不_1 过_1 后_1 来_1 在_1 谈_1 话_1 中_1 得_1 知_1 ，_1 穆_1 念_1 慈_1 什_1 么_1 都_1 没_1 跟_1 杨_1 过_1 说_1 ，_1 所_1 以_1 郭_1 靖_1 夫_1 妇_1 打_1 算_1 把_1 一_1 [SEP]_1 黄_1 蓉_1 教_1 杨_1 过_1 读_1 书_1 ，_1 目_1 的_1 就_1 是_1 要_1 杨_1 过_1 能_1 明_1 礼_1 、_1 识_1 大_1 体_1 ，_1 如_1 果_1 有_1 一_1 天_1 他_1 知_1 道_1 了_1 真_1 相_1 ，_1 那_1 也_1 可_1 以_1 参_1 透_1 其_1 中_1 的_1 因_1 果_1 ，_1 也_1 可_1 以_1 站_1 在_1 大_1 义_1 这_1 一_1 方_1 啊_1 ！_1 其_1 实_1 ，_1 郭_1 靖_1 黄_1 蓉_1 夫_1 妇_1 对_1 杨_1 过_1 也_1 算_1 用_1 心_1 良_1 苦_1 ，_1 而_1 杨_1 过_1 最_1 终_1 也_1 没_1 有_1 辜_1 负_1 他_1 们_1 的_1 期_1 望_1 ，_1 成_1 为_1 了_1 受_1 万_1 人_1 敬_1 仰_1 的_1 一_1 代_1 大_1 侠_1 ！_1 返_1 回_1 搜_1 狐_1 ，_1 查_1 看_1 更_1 多_1 责_1 任_1 编_1 辑_1 ：_1 [SEP]_1
2019-10-25 14:20:30,188 Token Sample: [CLS]_0 法_0 国_0 女_0 人_0 的_0 优_0 雅_0 ，_0 值_0 得_0 每_0 个_0 中_0 国_0 女_0 人_0 学_0 习_0 !_0 [PAD]_0 [PAD]_0 [PAD]_0 [PAD]_0 [PAD]_0 [PAD]_0 [PAD]_0 [PAD]_0 [PAD]_0 [PAD]_0 [PAD]_0 [PAD]_0 [PAD]_0 [PAD]_0 [PAD]_0 [PAD]_0 [PAD]_0 [PAD]_0 [PAD]_0 [PAD]_0 [PAD]_0 [PAD]_0 [PAD]_0 [PAD]_0 [PAD]_0 [PAD]_0 [SEP]_0 人_1 可_1 以_1 不_1 漂_1 亮_1 ，_1 但_1 一_1 定_1 要_1 会_1 穿_1 衣_1 打_1 扮_1 ，_1 让_1 自_1 己_1 无_1 可_1 取_1 代_1 ，_1 前_1 提_1 得_1 学_1 会_1 与_1 众_1 不_1 同_1 ，_1 来_1 自_1 女_1 装_1 工_1 厂_1 的_1 各_1 种_1 高_1 端_1 服_1 装_1 ，_1 每_1 天_1 都_1 有_1 数_1 十_1 款_1 更_1 新_1 !_1 [UNK]_1 [UNK]_1 高_1 端_1 服_1 饰_1 其_1 中_1 的_1 部_1 分_1 小_1 心_1 机_1 来_1 自_1 女_1 装_1 工_1 厂_1 的_1 各_1 种_1 高_1 端_1 服_1 装_1 ，_1 每_1 款_1 专_1 柜_1 同_1 步_1 更_1 新_1 英_1 国_1 经_1 典_1 风_1 衣_1 ，_1 面_1 料_1 滴_1 水_1 不_1 漏_1 ，_1 走_1 线_1 完_1 整_1 精_1 细_1 ，_1 标_1 签_1 丝_1 滑_1 有_1 光_1 泽_1 ，_1 衣_1 领_1 五_1 金_1 都_1 是_1 纯_1 铜_1 的_1 ，_1 这_1 才_1 配_1 得_1 上_1 是_1 高_1 端_1 服_1 饰_1 小_1 编_1 推_1 荐_1 理_1 由_1 :_1 这_1 家_1 店_1 的_1 服_1 饰_1 性_1 价_1 比_1 很_1 高_1 ，_1 每_1 天_1 都_1 会_1 更_1 新_1 很_1 多_1 款_1 ，_1 设_1 计_1 很_1 赞_1 ，_1 不_1 撞_1 款_1 。_1 店_1 主_1 朋_1 友_1 圈_1 的_1 服_1 [SEP]_1 睛_1 修_1 饰_1 ，_1 帮_1 你_1 找_1 到_1 一_1 套_1 最_1 适_1 合_1 自_1 己_1 、_1 最_1 系_1 统_1 完_1 整_1 的_1 穿_1 搭_1 方_1 法_1 。_1 造_1 型_1 不_1 贯_1 彻_1 [UNK]_1 玩_1 美_1 主_1 义_1 [UNK]_1 怎_1 么_1 行_1 !_1 无_1 论_1 是_1 为_1 了_1 体_1 现_1 造_1 型_1 的_1 质_1 感_1 还_1 是_1 潮_1 流_1 个_1 性_1 ，_1 想_1 在_1 穿_1 衣_1 打_1 扮_1 的_1 历_1 练_1 中_1 再_1 升_1 级_1 ，_1 不_1 如_1 参_1 考_1 一_1 下_1 我_1 们_1 精_1 心_1 挑_1 选_1 女_1 装_1 服_1 饰_1 店_1 ，_1 为_1 你_1 下_1 一_1 次_1 的_1 搭_1 配_1 提_1 供_1 灵_1 感_1 吧_1 ~_1 终_1 有_1 一_1 天_1 ，_1 比_1 你_1 好_1 看_1 的_1 都_1 没_1 你_1 会_1 穿_1 [SEP]_1
2019-10-25 14:20:50,667 seed everything and create model
2019-10-25 14:22:41,465 step 150 train loss: 0.5971
2019-10-25 14:22:41,465 step 150 score: 0.7167
2019-10-25 14:24:25,605 step 300 train loss: 0.4087
2019-10-25 14:24:25,605 step 300 score: 0.7843
2019-10-25 14:26:07,644 step 450 train loss: 0.3563
2019-10-25 14:26:07,644 step 450 score: 0.7684
2019-10-25 14:27:49,677 step 600 train loss: 0.2752
2019-10-25 14:27:49,677 step 600 score: 0.7471
2019-10-25 14:29:31,697 step 750 train loss: 0.2906
2019-10-25 14:29:31,698 step 750 score: 0.7958
2019-10-25 14:31:13,734 step 900 train loss: 0.1677
2019-10-25 14:31:13,734 step 900 score: 0.7813
2019-10-25 14:32:55,757 step 1050 train loss: 0.1722
2019-10-25 14:32:55,757 step 1050 score: 0.7904
2019-10-25 14:34:37,783 step 1200 train loss: 0.1115
2019-10-25 14:34:37,784 step 1200 score: 0.7885
2019-10-25 14:36:19,808 step 1350 train loss: 0.1001
2019-10-25 14:36:19,808 step 1350 score: 0.7878
2019-10-25 14:38:01,828 step 1500 train loss: 0.0993
2019-10-25 14:38:01,828 step 1500 score: 0.7937
2019-10-25 14:38:01,829 best score is 0.7958
