2019-10-19 23:15:08,956 log_in_file: True
2019-10-19 23:15:08,956 bert_path: /home/wangzl/PretrainedLM/BERT/New/chinese_wwm_ext_pytorch
2019-10-19 23:15:08,956 data_path: ../data/
2019-10-19 23:15:08,956 usegpu: True
2019-10-19 23:15:08,956 use_origin: False
2019-10-19 23:15:08,956 n_fold: 5
2019-10-19 23:15:08,956 total_step: 3000
2019-10-19 23:15:08,956 eval_every: 300
2019-10-19 23:15:08,956 early_stop: 4
2019-10-19 23:15:08,956 max_length: 510
2019-10-19 23:15:08,956 max_title_rate: 0.1
2019-10-19 23:15:08,956 content_head_rate: 0.6
2019-10-19 23:15:08,956 batch_size: 8
2019-10-19 23:15:08,957 lr_scheduler_type: linear
2019-10-19 23:15:08,957 input_pattern: head+tail+fixed
2019-10-19 23:15:08,957 clean_method: space+notzh
2019-10-19 23:15:08,957 warmup_rate: 0.1
2019-10-19 23:15:08,957 classifier_dropout: 0.1
2019-10-19 23:15:08,957 classifier_weight_decay: 0.0
2019-10-19 23:15:08,957 cache_final_model: False
2019-10-19 23:15:08,957 seed: 8
2019-10-19 23:15:08,957 lr: 2e-05
2019-10-19 23:15:08,957 lr_decay_in_layers: 0.95
2019-10-19 23:15:08,957 weight_decay: 0.0
2019-10-19 23:15:37,090 Token Sample: [CLS]_0 宿_0 迁_0 沭_0 阳_0 贫_0 困_0 残_0 疾_0 人_0 领_0 到_0 20_0 万_0 元_0 救_0 助_0 金_0 [PAD]_0 [PAD]_0 [PAD]_0 [PAD]_0 [PAD]_0 [PAD]_0 [PAD]_0 [PAD]_0 [PAD]_0 [PAD]_0 [PAD]_0 [PAD]_0 [PAD]_0 [PAD]_0 [PAD]_0 [PAD]_0 [PAD]_0 [PAD]_0 [PAD]_0 [PAD]_0 [PAD]_0 [PAD]_0 [PAD]_0 [PAD]_0 [PAD]_0 [PAD]_0 [PAD]_0 [PAD]_0 [PAD]_0 [PAD]_0 [PAD]_0 [PAD]_0 [PAD]_0 [PAD]_0 [SEP]_0 关_1 注_1 阅_1 读_1 (_1 57_1 )_1 回_1 复_1 赞_1 快_1 速_1 回_1 复_1 [PAD]_1 [PAD]_1 [PAD]_1 [PAD]_1 [PAD]_1 [PAD]_1 [PAD]_1 [PAD]_1 [PAD]_1 [PAD]_1 [PAD]_1 [PAD]_1 [PAD]_1 [PAD]_1 [PAD]_1 [PAD]_1 [PAD]_1 [PAD]_1 [PAD]_1 [PAD]_1 [PAD]_1 [PAD]_1 [PAD]_1 [PAD]_1 [PAD]_1 [PAD]_1 [PAD]_1 [PAD]_1 [PAD]_1 [PAD]_1 [PAD]_1 [PAD]_1 [PAD]_1 [PAD]_1 [PAD]_1 [PAD]_1 [PAD]_1 [PAD]_1 [PAD]_1 [PAD]_1 [PAD]_1 [PAD]_1 [PAD]_1 [PAD]_1 [PAD]_1 [PAD]_1 [PAD]_1 [PAD]_1 [PAD]_1 [PAD]_1 [PAD]_1 [PAD]_1 [PAD]_1 [PAD]_1 [PAD]_1 [PAD]_1 [PAD]_1 [PAD]_1 [PAD]_1 [PAD]_1 [PAD]_1 [PAD]_1 [PAD]_1 [PAD]_1 [PAD]_1 [PAD]_1 [PAD]_1 [PAD]_1 [PAD]_1 [PAD]_1 [PAD]_1 [PAD]_1 [PAD]_1 [PAD]_1 [PAD]_1 [PAD]_1 [PAD]_1 [PAD]_1 [PAD]_1 [PAD]_1 [PAD]_1 [PAD]_1 [PAD]_1 [PAD]_1 [PAD]_1 [PAD]_1 [PAD]_1 [PAD]_1 [PAD]_1 [PAD]_1 [PAD]_1 [PAD]_1 [PAD]_1 [PAD]_1 [PAD]_1 [PAD]_1 [PAD]_1 [PAD]_1 [PAD]_1 [PAD]_1 [PAD]_1 [PAD]_1 [PAD]_1 [PAD]_1 [PAD]_1 [PAD]_1 [PAD]_1 [PAD]_1 [PAD]_1 [PAD]_1 [PAD]_1 [PAD]_1 [PAD]_1 [PAD]_1 [PAD]_1 [PAD]_1 [PAD]_1 [PAD]_1 [PAD]_1 [PAD]_1 [PAD]_1 [PAD]_1 [PAD]_1 [PAD]_1 [PAD]_1 [PAD]_1 [PAD]_1 [PAD]_1 [PAD]_1 [PAD]_1 [PAD]_1 [PAD]_1 [PAD]_1 [PAD]_1 [PAD]_1 [PAD]_1 [PAD]_1 [PAD]_1 [PAD]_1 [PAD]_1 [PAD]_1 [PAD]_1 [PAD]_1 [PAD]_1 [PAD]_1 [PAD]_1 [PAD]_1 [PAD]_1 [PAD]_1 [PAD]_1 [PAD]_1 [PAD]_1 [PAD]_1 [PAD]_1 [PAD]_1 [PAD]_1 [PAD]_1 [PAD]_1 [PAD]_1 [PAD]_1 [PAD]_1 [PAD]_1 [PAD]_1 [PAD]_1 [PAD]_1 [PAD]_1 [PAD]_1 [PAD]_1 [PAD]_1 [PAD]_1 [PAD]_1 [PAD]_1 [PAD]_1 [PAD]_1 [PAD]_1 [PAD]_1 [PAD]_1 [PAD]_1 [PAD]_1 [PAD]_1 [PAD]_1 [PAD]_1 [PAD]_1 [PAD]_1 [PAD]_1 [PAD]_1 [PAD]_1 [PAD]_1 [PAD]_1 [PAD]_1 [PAD]_1 [PAD]_1 [PAD]_1 [PAD]_1 [PAD]_1 [PAD]_1 [PAD]_1 [PAD]_1 [PAD]_1 [PAD]_1 [PAD]_1 [PAD]_1 [PAD]_1 [PAD]_1 [PAD]_1 [PAD]_1 [PAD]_1 [PAD]_1 [PAD]_1 [PAD]_1 [PAD]_1 [PAD]_1 [PAD]_1 [PAD]_1 [PAD]_1 [PAD]_1 [PAD]_1 [PAD]_1 [PAD]_1 [PAD]_1 [PAD]_1 [PAD]_1 [PAD]_1 [PAD]_1 [PAD]_1 [PAD]_1 [PAD]_1 [PAD]_1 [PAD]_1 [PAD]_1 [PAD]_1 [PAD]_1 [PAD]_1 [PAD]_1 [PAD]_1 [PAD]_1 [PAD]_1 [PAD]_1 [PAD]_1 [PAD]_1 [PAD]_1 [PAD]_1 [PAD]_1 [PAD]_1 [PAD]_1 [PAD]_1 [PAD]_1 [PAD]_1 [PAD]_1 [PAD]_1 [PAD]_1 [PAD]_1 [PAD]_1 [PAD]_1 [PAD]_1 [PAD]_1 [PAD]_1 [PAD]_1 [PAD]_1 [PAD]_1 [PAD]_1 [SEP]_1 [PAD]_1 [PAD]_1 [PAD]_1 [PAD]_1 [PAD]_1 [PAD]_1 [PAD]_1 [PAD]_1 [PAD]_1 [PAD]_1 [PAD]_1 [PAD]_1 [PAD]_1 [PAD]_1 [PAD]_1 [PAD]_1 [PAD]_1 [PAD]_1 [PAD]_1 [PAD]_1 [PAD]_1 [PAD]_1 [PAD]_1 [PAD]_1 [PAD]_1 [PAD]_1 [PAD]_1 [PAD]_1 [PAD]_1 [PAD]_1 [PAD]_1 [PAD]_1 [PAD]_1 [PAD]_1 [PAD]_1 [PAD]_1 [PAD]_1 [PAD]_1 [PAD]_1 [PAD]_1 [PAD]_1 [PAD]_1 [PAD]_1 [PAD]_1 [PAD]_1 [PAD]_1 [PAD]_1 [PAD]_1 [PAD]_1 [PAD]_1 [PAD]_1 [PAD]_1 [PAD]_1 [PAD]_1 [PAD]_1 [PAD]_1 [PAD]_1 [PAD]_1 [PAD]_1 [PAD]_1 [PAD]_1 [PAD]_1 [PAD]_1 [PAD]_1 [PAD]_1 [PAD]_1 [PAD]_1 [PAD]_1 [PAD]_1 [PAD]_1 [PAD]_1 [PAD]_1 [PAD]_1 [PAD]_1 [PAD]_1 [PAD]_1 [PAD]_1 [PAD]_1 [PAD]_1 [PAD]_1 [PAD]_1 [PAD]_1 [PAD]_1 [PAD]_1 [PAD]_1 [PAD]_1 [PAD]_1 [PAD]_1 [PAD]_1 [PAD]_1 [PAD]_1 [PAD]_1 [PAD]_1 [PAD]_1 [PAD]_1 [PAD]_1 [PAD]_1 [PAD]_1 [PAD]_1 [PAD]_1 [PAD]_1 [PAD]_1 [PAD]_1 [PAD]_1 [PAD]_1 [PAD]_1 [PAD]_1 [PAD]_1 [PAD]_1 [PAD]_1 [PAD]_1 [PAD]_1 [PAD]_1 [PAD]_1 [PAD]_1 [PAD]_1 [PAD]_1 [PAD]_1 [PAD]_1 [PAD]_1 [PAD]_1 [PAD]_1 [PAD]_1 [PAD]_1 [PAD]_1 [PAD]_1 [PAD]_1 [PAD]_1 [PAD]_1 [PAD]_1 [PAD]_1 [PAD]_1 [PAD]_1 [PAD]_1 [PAD]_1 [PAD]_1 [PAD]_1 [PAD]_1 [PAD]_1 [PAD]_1 [PAD]_1 [PAD]_1 [PAD]_1 [PAD]_1 [PAD]_1 [PAD]_1 [PAD]_1 [PAD]_1 [PAD]_1 [PAD]_1 [PAD]_1 [PAD]_1 [PAD]_1 [PAD]_1 [PAD]_1 [PAD]_1 [PAD]_1 [PAD]_1 [PAD]_1 [PAD]_1 [PAD]_1 [PAD]_1 [PAD]_1 [PAD]_1 [PAD]_1 [PAD]_1 关_1 注_1 阅_1 读_1 (_1 57_1 )_1 回_1 复_1 赞_1 快_1 速_1 回_1 复_1 [SEP]_1
2019-10-19 23:16:20,506 Token Sample: [CLS]_0 让_0 他_0 三_0 尺_0 又_0 何_0 妨_0 ?_0 [PAD]_0 [PAD]_0 [PAD]_0 [PAD]_0 [PAD]_0 [PAD]_0 [PAD]_0 [PAD]_0 [PAD]_0 [PAD]_0 [PAD]_0 [PAD]_0 [PAD]_0 [PAD]_0 [PAD]_0 [PAD]_0 [PAD]_0 [PAD]_0 [PAD]_0 [PAD]_0 [PAD]_0 [PAD]_0 [PAD]_0 [PAD]_0 [PAD]_0 [PAD]_0 [PAD]_0 [PAD]_0 [PAD]_0 [PAD]_0 [PAD]_0 [PAD]_0 [PAD]_0 [PAD]_0 [PAD]_0 [PAD]_0 [PAD]_0 [PAD]_0 [PAD]_0 [PAD]_0 [PAD]_0 [PAD]_0 [PAD]_0 [SEP]_0 清_1 朝_1 康_1 熙_1 年_1 间_1 有_1 个_1 大_1 学_1 士_1 名_1 叫_1 张_1 英_1 。_1 一_1 天_1 张_1 英_1 收_1 到_1 家_1 信_1 ，_1 说_1 家_1 人_1 为_1 了_1 争_1 三_1 尺_1 宽_1 的_1 宅_1 基_1 地_1 ，_1 与_1 邻_1 居_1 发_1 生_1 纠_1 纷_1 ，_1 要_1 他_1 利_1 用_1 职_1 权_1 疏_1 通_1 关_1 系_1 ，_1 打_1 赢_1 这_1 场_1 官_1 司_1 。_1 张_1 英_1 阅_1 信_1 后_1 坦_1 然_1 一_1 笑_1 ，_1 挥_1 笔_1 写_1 了_1 一_1 封_1 信_1 ，_1 并_1 附_1 诗_1 一_1 首_1 ：_1 [UNK]_1 千_1 里_1 修_1 书_1 只_1 为_1 墙_1 ，_1 让_1 他_1 三_1 尺_1 又_1 何_1 妨_1 ？_1 万_1 里_1 长_1 城_1 今_1 犹_1 在_1 ，_1 不_1 见_1 当_1 年_1 秦_1 始_1 皇_1 。_1 [UNK]_1 家_1 人_1 接_1 信_1 后_1 ，_1 主_1 动_1 让_1 出_1 三_1 尺_1 宅_1 基_1 地_1 。_1 邻_1 居_1 见_1 了_1 ，_1 也_1 主_1 动_1 相_1 让_1 ，_1 最_1 后_1 这_1 里_1 成_1 了_1 六_1 尺_1 巷_1 ，_1 这_1 个_1 化_1 干_1 戈_1 为_1 玉_1 帛_1 的_1 故_1 事_1 流_1 传_1 至_1 今_1 。_1 生_1 活_1 不_1 是_1 战_1 场_1 ，_1 无_1 需_1 一_1 较_1 高_1 下_1 。_1 人_1 与_1 人_1 之_1 间_1 ，_1 多_1 一_1 份_1 理_1 解_1 就_1 会_1 少_1 一_1 些_1 误_1 会_1 ；_1 心_1 与_1 心_1 之_1 间_1 ，_1 多_1 一_1 份_1 包_1 容_1 就_1 会_1 少_1 一_1 些_1 纷_1 争_1 。_1 不_1 要_1 以_1 自_1 己_1 的_1 眼_1 光_1 和_1 认_1 知_1 去_1 评_1 论_1 一_1 个_1 人_1 ，_1 判_1 断_1 一_1 件_1 事_1 的_1 对_1 错_1 。_1 不_1 要_1 苛_1 求_1 别_1 人_1 的_1 观_1 点_1 与_1 你_1 相_1 同_1 ，_1 不_1 要_1 期_1 望_1 别_1 人_1 [SEP]_1 俱_1 乐_1 部_1 ！_1 ?_1 扫_1 码_1 二_1 维_1 码_1 即_1 可_1 进_1 入_1 商_1 城_1 购_1 买_1 您_1 心_1 仪_1 的_1 产_1 品_1 哦_1 ！_1 转_1 发_1 是_1 一_1 种_1 美_1 德_1 ，_1 让_1 您_1 身_1 边_1 的_1 人_1 都_1 知_1 道_1 ！_1 欢_1 迎_1 加_1 入_1 中_1 国_1 首_1 个_1 共_1 享_1 俱_1 乐_1 部_1 资_1 源_1 共_1 享_1 ?_1 资_1 源_1 共_1 融_1 ?_1 ?_1 资_1 源_1 共_1 赢_1 脉_1 酷_1 汇_1 人_1 脉_1 资_1 源_1 搜_1 索_1 引_1 擎_1 脉_1 酷_1 汇_1 中_1 国_1 首_1 个_1 共_1 享_1 健_1 康_1 俱_1 乐_1 部_1 平_1 台_1 ，_1 欢_1 迎_1 各_1 位_1 过_1 来_1 喝_1 茶_1 指_1 导_1 工_1 作_1 ，_1 欢_1 迎_1 大_1 家_1 到_1 我_1 们_1 共_1 享_1 俱_1 乐_1 部_1 举_1 行_1 高_1 端_1 交_1 流_1 会_1 ，_1 培_1 训_1 课_1 程_1 ，_1 项_1 目_1 发_1 布_1 会_1 ，_1 产_1 品_1 发_1 布_1 会_1 ，_1 答_1 谢_1 会_1 ，_1 春_1 茗_1 尾_1 牙_1 年_1 会_1 ，_1 生_1 日_1 晚_1 会_1 ，_1 同_1 学_1 聚_1 会_1 等_1 活_1 动_1 ?_1 ?_1 ?_1 预_1 定_1 热_1 线_1 [SEP]_1
2019-10-19 23:16:41,894 Token Sample: [CLS]_0 寒_0 心_0 ：_0 红_0 寺_0 堡_0 两_0 弟_0 兄_0 为_0 赡_0 养_0 老_0 人_0 竟_0 大_0 打_0 出_0 手_0 [PAD]_0 [PAD]_0 [PAD]_0 [PAD]_0 [PAD]_0 [PAD]_0 [PAD]_0 [PAD]_0 [PAD]_0 [PAD]_0 [PAD]_0 [PAD]_0 [PAD]_0 [PAD]_0 [PAD]_0 [PAD]_0 [PAD]_0 [PAD]_0 [PAD]_0 [PAD]_0 [PAD]_0 [PAD]_0 [PAD]_0 [PAD]_0 [PAD]_0 [PAD]_0 [PAD]_0 [PAD]_0 [PAD]_0 [PAD]_0 [PAD]_0 [PAD]_0 [SEP]_0 记_1 录_1 西_1 吉_1 ，_1 海_1 原_1 ，_1 固_1 原_1 地_1 区_1 百_1 姓_1 生_1 活_1 传_1 播_1 西_1 吉_1 ，_1 海_1 原_1 ，_1 固_1 原_1 地_1 区_1 新_1 闻_1 消_1 息_1 赡_1 养_1 老_1 人_1 是_1 每_1 个_1 家_1 庭_1 的_1 必_1 修_1 课_1 ，_1 而_1 在_1 多_1 子_1 女_1 的_1 家_1 庭_1 中_1 ，_1 大_1 家_1 通_1 常_1 会_1 商_1 量_1 出_1 一_1 套_1 办_1 法_1 ，_1 来_1 让_1 每_1 个_1 子_1 女_1 都_1 能_1 既_1 周_1 到_1 又_1 公_1 平_1 地_1 赡_1 养_1 老_1 人_1 。_1 但_1 如_1 果_1 没_1 有_1 彼_1 此_1 协_1 调_1 好_1 ，_1 不_1 仅_1 会_1 伤_1 了_1 兄_1 弟_1 姐_1 妹_1 间_1 的_1 亲_1 情_1 ，_1 更_1 容_1 易_1 伤_1 了_1 老_1 人_1 的_1 心_1 。_1 4_1 月_1 19_1 日_1 14_1 时_1 许_1 ，_1 红_1 寺_1 堡_1 区_1 公_1 安_1 分_1 局_1 红_1 寺_1 堡_1 派_1 出_1 所_1 接_1 到_1 报_1 警_1 称_1 ：_1 在_1 红_1 寺_1 堡_1 镇_1 弘_1 德_1 新_1 村_1 有_1 人_1 打_1 架_1 。_1 民_1 警_1 到_1 达_1 现_1 场_1 后_1 得_1 知_1 ，_1 兄_1 弟_1 俩_1 竟_1 是_1 在_1 赡_1 养_1 其_1 母_1 亲_1 的_1 问_1 题_1 上_1 发_1 生_1 了_1 分_1 歧_1 ，_1 随_1 后_1 拳_1 脚_1 相_1 向_1 。_1 民_1 警_1 现_1 场_1 调_1 查_1 了_1 解_1 到_1 ，_1 兄_1 弟_1 俩_1 在_1 赡_1 养_1 其_1 母_1 亲_1 的_1 问_1 题_1 上_1 曾_1 发_1 生_1 过_1 矛_1 盾_1 ，_1 后_1 兄_1 弟_1 俩_1 约_1 定_1 每_1 人_1 照_1 顾_1 老_1 人_1 一_1 月_1 ，_1 依_1 次_1 轮_1 换_1 。_1 但_1 在_1 本_1 月_1 中_1 ，_1 老_1 大_1 只_1 照_1 顾_1 了_1 母_1 亲_1 20_1 天_1 ，_1 便_1 将_1 老_1 人_1 [SEP]_1 老_1 人_1 。_1 法_1 律_1 链_1 接_1 《_1 婚_1 姻_1 法_1 》_1 二_1 十_1 一_1 条_1 规_1 定_1 ：_1 [UNK]_1 子_1 女_1 对_1 父_1 母_1 有_1 赡_1 养_1 扶_1 助_1 的_1 义_1 务_1 。_1 子_1 女_1 不_1 履_1 行_1 赡_1 养_1 义_1 务_1 时_1 ，_1 无_1 劳_1 动_1 能_1 力_1 的_1 或_1 生_1 活_1 困_1 难_1 的_1 父_1 母_1 ，_1 有_1 要_1 求_1 子_1 女_1 付_1 给_1 赡_1 养_1 费_1 的_1 权_1 利_1 。_1 [UNK]_1 《_1 老_1 年_1 人_1 权_1 益_1 保_1 障_1 法_1 》_1 十_1 一_1 条_1 规_1 定_1 ：_1 赡_1 养_1 老_1 人_1 应_1 当_1 履_1 行_1 对_1 老_1 年_1 人_1 经_1 济_1 上_1 的_1 供_1 养_1 、_1 生_1 活_1 上_1 的_1 照_1 料_1 和_1 精_1 神_1 上_1 慰_1 藉_1 的_1 义_1 务_1 ，_1 照_1 顾_1 老_1 年_1 人_1 的_1 特_1 殊_1 需_1 要_1 。_1 来_1 源_1 ：_1 红_1 寺_1 堡_1 公_1 安_1 【_1 版_1 权_1 声_1 明_1 】_1 本_1 文_1 来_1 自_1 腾_1 讯_1 新_1 闻_1 客_1 户_1 端_1 自_1 媒_1 体_1 ，_1 不_1 代_1 表_1 腾_1 讯_1 新_1 闻_1 的_1 观_1 点_1 和_1 立_1 场_1 。_1 [SEP]_1
2019-10-19 23:16:44,215 seed everything and create model
2019-10-19 23:19:32,120 step 300 train loss: 0.5354
2019-10-19 23:19:32,121 step 300 score: 0.7721
2019-10-19 23:22:15,809 step 600 train loss: 0.4176
2019-10-19 23:22:15,810 step 600 score: 0.7717
2019-10-19 23:24:59,504 step 900 train loss: 0.3286
2019-10-19 23:24:59,504 step 900 score: 0.7856
2019-10-19 23:27:43,165 step 1200 train loss: 0.2687
2019-10-19 23:27:43,165 step 1200 score: 0.7843
2019-10-19 23:30:26,806 step 1500 train loss: 0.2815
2019-10-19 23:30:26,807 step 1500 score: 0.7874
2019-10-19 23:33:10,516 step 1800 train loss: 0.1944
2019-10-19 23:33:10,516 step 1800 score: 0.7792
2019-10-19 23:35:54,219 step 2100 train loss: 0.1869
2019-10-19 23:35:54,219 step 2100 score: 0.7916
2019-10-19 23:38:37,893 step 2400 train loss: 0.1640
2019-10-19 23:38:37,893 step 2400 score: 0.7807
2019-10-19 23:41:21,586 step 2700 train loss: 0.1229
2019-10-19 23:41:21,587 step 2700 score: 0.7835
2019-10-19 23:44:05,275 step 3000 train loss: 0.1147
2019-10-19 23:44:05,275 step 3000 score: 0.7853
2019-10-19 23:44:05,275 best score is 0.7916
2019-10-19 23:48:52,095 step 300 train loss: 0.5154
2019-10-19 23:48:52,095 step 300 score: 0.7768
2019-10-19 23:51:35,860 step 600 train loss: 0.4062
2019-10-19 23:51:35,860 step 600 score: 0.7868
2019-10-19 23:54:19,560 step 900 train loss: 0.3433
2019-10-19 23:54:19,560 step 900 score: 0.7983
2019-10-19 23:57:03,277 step 1200 train loss: 0.2803
2019-10-19 23:57:03,278 step 1200 score: 0.7999
2019-10-19 23:59:47,053 step 1500 train loss: 0.2553
2019-10-19 23:59:47,053 step 1500 score: 0.8081
2019-10-20 00:02:30,756 step 1800 train loss: 0.1812
2019-10-20 00:02:30,756 step 1800 score: 0.8147
2019-10-20 00:05:14,466 step 2100 train loss: 0.1915
2019-10-20 00:05:14,466 step 2100 score: 0.8058
2019-10-20 00:07:58,158 step 2400 train loss: 0.1327
2019-10-20 00:07:58,158 step 2400 score: 0.8097
2019-10-20 00:10:41,868 step 2700 train loss: 0.1103
2019-10-20 00:10:41,868 step 2700 score: 0.8046
2019-10-20 00:13:25,566 step 3000 train loss: 0.1311
2019-10-20 00:13:25,566 step 3000 score: 0.8045
2019-10-20 00:13:25,566 best score is 0.8147
2019-10-20 00:18:12,392 step 300 train loss: 0.5978
2019-10-20 00:18:12,392 step 300 score: 0.7321
2019-10-20 00:20:56,116 step 600 train loss: 0.3927
2019-10-20 00:20:56,116 step 600 score: 0.7916
2019-10-20 00:23:39,857 step 900 train loss: 0.3581
2019-10-20 00:23:39,857 step 900 score: 0.7798
2019-10-20 00:26:23,586 step 1200 train loss: 0.3134
2019-10-20 00:26:23,587 step 1200 score: 0.7988
2019-10-20 00:29:07,357 step 1500 train loss: 0.2836
2019-10-20 00:29:07,357 step 1500 score: 0.7977
2019-10-20 00:31:51,062 step 1800 train loss: 0.2119
2019-10-20 00:31:51,062 step 1800 score: 0.7877
2019-10-20 00:34:34,771 step 2100 train loss: 0.2070
2019-10-20 00:34:34,771 step 2100 score: 0.7926
2019-10-20 00:37:18,471 step 2400 train loss: 0.1620
2019-10-20 00:37:18,472 step 2400 score: 0.7849
2019-10-20 00:40:02,177 step 2700 train loss: 0.1414
2019-10-20 00:40:02,177 step 2700 score: 0.7879
2019-10-20 00:40:02,178 best score is 0.7988
2019-10-20 00:44:48,978 step 300 train loss: 0.5674
2019-10-20 00:44:48,979 step 300 score: 0.7125
2019-10-20 00:47:32,656 step 600 train loss: 0.4126
2019-10-20 00:47:32,657 step 600 score: 0.7790
2019-10-20 00:50:16,354 step 900 train loss: 0.3347
2019-10-20 00:50:16,354 step 900 score: 0.7921
2019-10-20 00:53:00,072 step 1200 train loss: 0.2937
2019-10-20 00:53:00,072 step 1200 score: 0.7802
2019-10-20 00:55:43,784 step 1500 train loss: 0.2878
2019-10-20 00:55:43,784 step 1500 score: 0.8024
2019-10-20 00:58:27,477 step 1800 train loss: 0.1948
2019-10-20 00:58:27,477 step 1800 score: 0.8031
2019-10-20 01:01:11,165 step 2100 train loss: 0.2111
2019-10-20 01:01:11,166 step 2100 score: 0.8029
2019-10-20 01:03:54,893 step 2400 train loss: 0.1695
2019-10-20 01:03:54,894 step 2400 score: 0.8046
2019-10-20 01:06:38,623 step 2700 train loss: 0.1292
2019-10-20 01:06:38,623 step 2700 score: 0.8115
2019-10-20 01:09:22,314 step 3000 train loss: 0.1459
2019-10-20 01:09:22,314 step 3000 score: 0.8104
2019-10-20 01:09:22,315 best score is 0.8115
2019-10-20 01:14:09,179 step 300 train loss: 0.5788
2019-10-20 01:14:09,179 step 300 score: 0.7579
2019-10-20 01:16:52,889 step 600 train loss: 0.4221
2019-10-20 01:16:52,890 step 600 score: 0.7779
2019-10-20 01:19:36,611 step 900 train loss: 0.3696
2019-10-20 01:19:36,611 step 900 score: 0.8001
2019-10-20 01:22:20,267 step 1200 train loss: 0.3011
2019-10-20 01:22:20,267 step 1200 score: 0.8045
2019-10-20 01:25:03,934 step 1500 train loss: 0.2903
2019-10-20 01:25:03,934 step 1500 score: 0.8055
2019-10-20 01:27:47,606 step 1800 train loss: 0.2068
2019-10-20 01:27:47,606 step 1800 score: 0.7940
2019-10-20 01:30:31,275 step 2100 train loss: 0.2173
2019-10-20 01:30:31,275 step 2100 score: 0.8017
2019-10-20 01:33:14,930 step 2400 train loss: 0.1729
2019-10-20 01:33:14,930 step 2400 score: 0.8102
2019-10-20 01:35:58,598 step 2700 train loss: 0.1560
2019-10-20 01:35:58,598 step 2700 score: 0.8077
2019-10-20 01:38:42,263 step 3000 train loss: 0.1528
2019-10-20 01:38:42,263 step 3000 score: 0.8050
2019-10-20 01:38:42,264 best score is 0.8102
2019-10-20 01:40:45,364 average: 0.805376
