2019-10-25 13:57:30,211 log_in_file: True
2019-10-25 13:57:30,211 lm_path: /home/wangzl/PretrainedLM/BERT/New/chinese_wwm_ext_pytorch
2019-10-25 13:57:30,211 lm_type: bert
2019-10-25 13:57:30,211 data_path: ../data/
2019-10-25 13:57:30,211 usegpu: True
2019-10-25 13:57:30,211 total_step: 1500
2019-10-25 13:57:30,211 eval_every: 150
2019-10-25 13:57:30,212 early_stop: 4
2019-10-25 13:57:30,212 max_length: 360
2019-10-25 13:57:30,212 max_title_rate: 0.125
2019-10-25 13:57:30,212 content_head_rate: 0.6
2019-10-25 13:57:30,212 batch_size: 16
2019-10-25 13:57:30,212 lr_scheduler_type: linear
2019-10-25 13:57:30,212 input_pattern: head+tail+fixed
2019-10-25 13:57:30,212 clean_method: space+notzh
2019-10-25 13:57:30,212 warmup_rate: 0.1
2019-10-25 13:57:30,212 classifier_dropout: 0.1
2019-10-25 13:57:30,212 classifier_active: relu
2019-10-25 13:57:30,212 cache_final_model: False
2019-10-25 13:57:30,212 seed: 23
2019-10-25 13:57:30,212 lr: 2e-05
2019-10-25 13:57:30,212 lr_decay_in_layers: 1.0
2019-10-25 13:57:30,212 wd_decay_in_layers: 1.0
2019-10-25 13:57:30,212 weight_decay: 0.01
2019-10-25 13:57:30,228 padding token is 0
2019-10-25 13:57:55,571 Token Sample: [CLS]_0 重_0 磅_0 ！_0 外_0 国_0 专_0 家_0 几_0 十_0 年_0 解_0 决_0 不_0 了_0 的_0 沙_0 漠_0 难_0 题_0 ，_0 被_0 中_0 国_0 人_0 7_0 年_0 搞_0 定_0 ！_0 [PAD]_0 [PAD]_0 [PAD]_0 [PAD]_0 [PAD]_0 [PAD]_0 [PAD]_0 [PAD]_0 [PAD]_0 [PAD]_0 [PAD]_0 [PAD]_0 [PAD]_0 [PAD]_0 [PAD]_0 [PAD]_0 [SEP]_0 无_1 [PAD]_1 [PAD]_1 [PAD]_1 [PAD]_1 [PAD]_1 [PAD]_1 [PAD]_1 [PAD]_1 [PAD]_1 [PAD]_1 [PAD]_1 [PAD]_1 [PAD]_1 [PAD]_1 [PAD]_1 [PAD]_1 [PAD]_1 [PAD]_1 [PAD]_1 [PAD]_1 [PAD]_1 [PAD]_1 [PAD]_1 [PAD]_1 [PAD]_1 [PAD]_1 [PAD]_1 [PAD]_1 [PAD]_1 [PAD]_1 [PAD]_1 [PAD]_1 [PAD]_1 [PAD]_1 [PAD]_1 [PAD]_1 [PAD]_1 [PAD]_1 [PAD]_1 [PAD]_1 [PAD]_1 [PAD]_1 [PAD]_1 [PAD]_1 [PAD]_1 [PAD]_1 [PAD]_1 [PAD]_1 [PAD]_1 [PAD]_1 [PAD]_1 [PAD]_1 [PAD]_1 [PAD]_1 [PAD]_1 [PAD]_1 [PAD]_1 [PAD]_1 [PAD]_1 [PAD]_1 [PAD]_1 [PAD]_1 [PAD]_1 [PAD]_1 [PAD]_1 [PAD]_1 [PAD]_1 [PAD]_1 [PAD]_1 [PAD]_1 [PAD]_1 [PAD]_1 [PAD]_1 [PAD]_1 [PAD]_1 [PAD]_1 [PAD]_1 [PAD]_1 [PAD]_1 [PAD]_1 [PAD]_1 [PAD]_1 [PAD]_1 [PAD]_1 [PAD]_1 [PAD]_1 [PAD]_1 [PAD]_1 [PAD]_1 [PAD]_1 [PAD]_1 [PAD]_1 [PAD]_1 [PAD]_1 [PAD]_1 [PAD]_1 [PAD]_1 [PAD]_1 [PAD]_1 [PAD]_1 [PAD]_1 [PAD]_1 [PAD]_1 [PAD]_1 [PAD]_1 [PAD]_1 [PAD]_1 [PAD]_1 [PAD]_1 [PAD]_1 [PAD]_1 [PAD]_1 [PAD]_1 [PAD]_1 [PAD]_1 [PAD]_1 [PAD]_1 [PAD]_1 [PAD]_1 [PAD]_1 [PAD]_1 [PAD]_1 [PAD]_1 [PAD]_1 [PAD]_1 [PAD]_1 [PAD]_1 [PAD]_1 [PAD]_1 [PAD]_1 [PAD]_1 [PAD]_1 [PAD]_1 [PAD]_1 [PAD]_1 [PAD]_1 [PAD]_1 [PAD]_1 [PAD]_1 [PAD]_1 [PAD]_1 [PAD]_1 [PAD]_1 [PAD]_1 [PAD]_1 [PAD]_1 [PAD]_1 [PAD]_1 [PAD]_1 [PAD]_1 [PAD]_1 [PAD]_1 [PAD]_1 [PAD]_1 [PAD]_1 [PAD]_1 [PAD]_1 [PAD]_1 [PAD]_1 [PAD]_1 [PAD]_1 [PAD]_1 [PAD]_1 [PAD]_1 [PAD]_1 [PAD]_1 [PAD]_1 [PAD]_1 [PAD]_1 [PAD]_1 [PAD]_1 [PAD]_1 [PAD]_1 [PAD]_1 [PAD]_1 [PAD]_1 [PAD]_1 [PAD]_1 [PAD]_1 [PAD]_1 [PAD]_1 [PAD]_1 [PAD]_1 [PAD]_1 [PAD]_1 [PAD]_1 [PAD]_1 [PAD]_1 [SEP]_1 [PAD]_1 [PAD]_1 [PAD]_1 [PAD]_1 [PAD]_1 [PAD]_1 [PAD]_1 [PAD]_1 [PAD]_1 [PAD]_1 [PAD]_1 [PAD]_1 [PAD]_1 [PAD]_1 [PAD]_1 [PAD]_1 [PAD]_1 [PAD]_1 [PAD]_1 [PAD]_1 [PAD]_1 [PAD]_1 [PAD]_1 [PAD]_1 [PAD]_1 [PAD]_1 [PAD]_1 [PAD]_1 [PAD]_1 [PAD]_1 [PAD]_1 [PAD]_1 [PAD]_1 [PAD]_1 [PAD]_1 [PAD]_1 [PAD]_1 [PAD]_1 [PAD]_1 [PAD]_1 [PAD]_1 [PAD]_1 [PAD]_1 [PAD]_1 [PAD]_1 [PAD]_1 [PAD]_1 [PAD]_1 [PAD]_1 [PAD]_1 [PAD]_1 [PAD]_1 [PAD]_1 [PAD]_1 [PAD]_1 [PAD]_1 [PAD]_1 [PAD]_1 [PAD]_1 [PAD]_1 [PAD]_1 [PAD]_1 [PAD]_1 [PAD]_1 [PAD]_1 [PAD]_1 [PAD]_1 [PAD]_1 [PAD]_1 [PAD]_1 [PAD]_1 [PAD]_1 [PAD]_1 [PAD]_1 [PAD]_1 [PAD]_1 [PAD]_1 [PAD]_1 [PAD]_1 [PAD]_1 [PAD]_1 [PAD]_1 [PAD]_1 [PAD]_1 [PAD]_1 [PAD]_1 [PAD]_1 [PAD]_1 [PAD]_1 [PAD]_1 [PAD]_1 [PAD]_1 [PAD]_1 [PAD]_1 [PAD]_1 [PAD]_1 [PAD]_1 [PAD]_1 [PAD]_1 [PAD]_1 [PAD]_1 [PAD]_1 [PAD]_1 [PAD]_1 [PAD]_1 [PAD]_1 [PAD]_1 [PAD]_1 [PAD]_1 [PAD]_1 [PAD]_1 [PAD]_1 [PAD]_1 [PAD]_1 [PAD]_1 [PAD]_1 [PAD]_1 [PAD]_1 [PAD]_1 [PAD]_1 [PAD]_1 无_1 [SEP]_1
2019-10-25 13:58:11,878 Token Sample: [CLS]_0 莱_0 西_0 人_0 丁_0 某_0 、_0 刘_0 某_0 、_0 李_0 某_0 、_0 薛_0 某_0 、_0 孙_0 某_0 [UNK]_0 [UNK]_0 你_0 们_0 被_0 曝_0 光_0 了_0 ！_0 [PAD]_0 [PAD]_0 [PAD]_0 [PAD]_0 [PAD]_0 [PAD]_0 [PAD]_0 [PAD]_0 [PAD]_0 [PAD]_0 [PAD]_0 [PAD]_0 [PAD]_0 [PAD]_0 [PAD]_0 [PAD]_0 [PAD]_0 [PAD]_0 [PAD]_0 [SEP]_0 莱_1 西_1 冬_1 季_1 道_1 路_1 交_1 通_1 安_1 全_1 百_1 日_1 攻_1 坚_1 行_1 动_1 正_1 在_1 进_1 行_1 中_1 近_1 日_1 ，_1 莱_1 西_1 交_1 警_1 曝_1 光_1 第_1 四_1 批_1 违_1 法_1 行_1 为_1 快_1 来_1 看_1 看_1 他_1 们_1 都_1 是_1 谁_1 ！_1 莱_1 西_1 市_1 百_1 日_1 攻_1 坚_1 行_1 动_1 典_1 型_1 事_1 故_1 案_1 例_1 曝_1 光_1 案_1 例_1 一_1 承_1 担_1 事_1 故_1 主_1 要_1 责_1 任_1 以_1 上_1 当_1 事_1 人_1 基_1 本_1 情_1 况_1 （_1 姓_1 名_1 、_1 身_1 份_1 证_1 号_1 、_1 出_1 行_1 方_1 式_1 ）_1 林_1 某_1 驾_1 驶_1 三_1 轮_1 汽_1 车_1 事_1 故_1 经_1 过_1 2018_1 年_1 07_1 月_1 15_1 日_1 13_1 时_1 05_1 分_1 ，_1 林_1 某_1 驾_1 驶_1 车_1 架_1 号_1 为_1 41_1 *_1 *_1 55_1 的_1 三_1 轮_1 汽_1 车_1 沿_1 国_1 道_1 51_1 ##7_1 线_1 由_1 北_1 向_1 南_1 行_1 驶_1 至_1 肇_1 事_1 处_1 ，_1 遇_1 王_1 某_1 在_1 国_1 道_1 51_1 ##7_1 线_1 西_1 侧_1 非_1 机_1 动_1 车_1 道_1 维_1 修_1 鲁_1 02_1 ##e_1 *_1 *_1 45_1 号_1 手_1 扶_1 拖_1 拉_1 机_1 发_1 生_1 相_1 撞_1 [SEP]_1 无_1 证_1 驾_1 驶_1 ，_1 低_1 速_1 载_1 货_1 汽_1 车_1 ，_1 三_1 轮_1 车_1 违_1 法_1 载_1 人_1 ，_1 假_1 牌_1 假_1 证_1 、_1 套_1 牌_1 ，_1 逾_1 期_1 未_1 检_1 验_1 、_1 已_1 注_1 销_1 或_1 达_1 到_1 报_1 废_1 标_1 准_1 仍_1 违_1 法_1 上_1 路_1 行_1 驶_1 。_1 交_1 通_1 文_1 明_1 关_1 乎_1 着_1 每_1 一_1 个_1 人_1 的_1 生_1 活_1 交_1 通_1 安_1 全_1 维_1 系_1 着_1 每_1 一_1 个_1 家_1 庭_1 的_1 幸_1 福_1 临_1 近_1 春_1 节_1 莱_1 西_1 交_1 警_1 提_1 醒_1 大_1 家_1 切_1 实_1 提_1 高_1 守_1 法_1 出_1 行_1 意_1 识_1 自_1 觉_1 遵_1 守_1 交_1 通_1 法_1 规_1 ，_1 珍_1 爱_1 生_1 命_1 ，_1 平_1 安_1 出_1 行_1 ！_1 [SEP]_1
2019-10-25 13:58:38,766 Token Sample: [CLS]_0 变_0 送_0 器_0 tmt_0 ##18_0 ##f_0 ##d_0 -_0 j_0 生_0 产_0 __0 仪_0 器_0 仪_0 表_0 __0 沭_0 阳_0 网_0 [PAD]_0 [PAD]_0 [PAD]_0 [PAD]_0 [PAD]_0 [PAD]_0 [PAD]_0 [PAD]_0 [PAD]_0 [PAD]_0 [PAD]_0 [PAD]_0 [PAD]_0 [PAD]_0 [PAD]_0 [PAD]_0 [PAD]_0 [PAD]_0 [PAD]_0 [PAD]_0 [PAD]_0 [PAD]_0 [PAD]_0 [PAD]_0 [PAD]_0 [SEP]_0 温_1 度_1 变_1 送_1 器_1 模_1 块_1 是_1 采_1 用_1 d_1 ##n_1 ##35_1 导_1 轨_1 安_1 装_1 ，_1 主_1 要_1 作_1 用_1 是_1 将_1 各_1 种_1 热_1 电_1 阻_1 信_1 号_1 /_1 热_1 电_1 偶_1 信_1 号_1 /_1 毫_1 伏_1 信_1 号_1 /_1 电_1 阻_1 信_1 号_1 等_1 温_1 度_1 信_1 号_1 转_1 换_1 成_1 与_1 之_1 呈_1 线_1 性_1 关_1 系_1 的_1 直_1 流_1 标_1 准_1 电_1 流_1 信_1 号_1 和_1 电_1 压_1 信_1 号_1 ，_1 实_1 现_1 了_1 输_1 入_1 、_1 输_1 出_1 与_1 电_1 源_1 之_1 间_1 的_1 三_1 方_1 隔_1 离_1 ，_1 并_1 具_1 备_1 通_1 讯_1 或_1 继_1 电_1 器_1 报_1 警_1 功_1 能_1 。_1 温_1 度_1 变_1 送_1 器_1 模_1 块_1 为_1 智_1 能_1 化_1 设_1 计_1 ，_1 具_1 备_1 传_1 统_1 产_1 品_1 所_1 不_1 具_1 备_1 的_1 我_1 种_1 功_1 能_1 ，_1 内_1 部_1 采_1 用_1 了_1 数_1 字_1 化_1 调_1 校_1 、_1 无_1 电_1 位_1 器_1 、_1 自_1 动_1 零_1 点_1 校_1 准_1 等_1 先_1 过_1 技_1 术_1 ，_1 可_1 与_1 各_1 类_1 仪_1 表_1 及_1 dcs_1 、_1 plc_1 配_1 套_1 使_1 用_1 。_1 热_1 电_1 偶_1 或_1 热_1 电_1 [SEP]_1 置_1 上_1 使_1 用_1 的_1 数_1 字_1 温_1 度_1 指_1 示_1 调_1 节_1 仪_1 失_1 灵_1 (_1 损_1 坏_1 )_1 时_1 ，_1 仪_1 表_1 维_1 修_1 人_1 员_1 切_1 忌_1 盲_1 目_1 拆_1 修_1 ，_1 应_1 根_1 据_1 仪_1 表_1 的_1 故_1 障_1 现_1 象_1 ，_1 先_1 判_1 断_1 出_1 故_1 障_1 的_1 大_1 概_1 部_1 位_1 ，_1 然_1 后_1 有_1 针_1 对_1 性_1 地_1 进_1 行_1 测_1 试_1 和_1 修_1 理_1 。_1 单_1 排_1 数_1 码_1 管_1 显_1 示_1 :_1 在_1 测_1 量_1 状_1 态_1 下_1 数_1 码_1 管_1 显_1 示_1 测_1 量_1 值_1 。_1 参_1 数_1 设_1 置_1 时_1 该_1 数_1 码_1 管_1 依_1 次_1 显_1 示_1 设_1 置_1 参_1 数_1 代_1 码_1 和_1 设_1 置_1 参_1 数_1 值_1 。_1 [SEP]_1
2019-10-25 13:58:58,524 Token Sample: [CLS]_0 高_0 州_0 这_0 条_0 有_0 味_0 道_0 的_0 路_0 ，_0 看_0 图_0 片_0 你_0 不_0 吐_0 都_0 算_0 我_0 输_0 !_0 [PAD]_0 [PAD]_0 [PAD]_0 [PAD]_0 [PAD]_0 [PAD]_0 [PAD]_0 [PAD]_0 [PAD]_0 [PAD]_0 [PAD]_0 [PAD]_0 [PAD]_0 [PAD]_0 [PAD]_0 [PAD]_0 [PAD]_0 [PAD]_0 [PAD]_0 [PAD]_0 [PAD]_0 [PAD]_0 [PAD]_0 [PAD]_0 [SEP]_0 近_1 日_1 ，_1 有_1 网_1 友_1 报_1 料_1 ，_1 说_1 高_1 州_1 石_1 鼓_1 某_1 村_1 道_1 上_1 有_1 小_1 货_1 车_1 拉_1 猪_1 油_1 及_1 猪_1 内_1 脏_1 等_1 ，_1 可_1 能_1 由_1 于_1 操_1 作_1 不_1 当_1 ，_1 这_1 些_1 东_1 西_1 撤_1 了_1 一_1 路_1 ，_1 臭_1 气_1 熏_1 天_1 ，_1 黑_1 水_1 横_1 流_1 ，_1 严_1 重_1 污_1 染_1 村_1 道_1 ，_1 路_1 人_1 都_1 掩_1 鼻_1 而_1 过_1 。_1 据_1 报_1 料_1 者_1 说_1 ，_1 这_1 些_1 猪_1 油_1 猪_1 、_1 内_1 脏_1 怀_1 疑_1 是_1 某_1 烧_1 油_1 的_1 原_1 料_1 ，_1 该_1 厂_1 主_1 要_1 是_1 利_1 用_1 猪_1 油_1 、_1 内_1 脏_1 等_1 弃_1 废_1 物_1 作_1 为_1 原_1 料_1 进_1 行_1 炼_1 制_1 相_1 关_1 油_1 品_1 。_1 村_1 中_1 的_1 令_1 人_1 作_1 呕_1 气_1 味_1 及_1 村_1 委_1 良_1 田_1 河_1 涌_1 的_1 污_1 水_1 都_1 是_1 这_1 些_1 东_1 西_1 的_1 作_1 怪_1 ！_1 ?_1 该_1 厂_1 自_1 投_1 产_1 开_1 始_1 就_1 存_1 在_1 偷_1 排_1 废_1 气_1 和_1 污_1 水_1 的_1 情_1 况_1 ，_1 在_1 距_1 离_1 油_1 厂_1 一_1 千_1 多_1 米_1 范_1 围_1 [SEP]_1 周_1 围_1 的_1 空_1 气_1 经_1 常_1 存_1 在_1 恶_1 臭_1 味_1 ，_1 另_1 外_1 ，_1 田_1 野_1 中_1 有_1 一_1 条_1 用_1 于_1 灌_1 溉_1 的_1 小_1 河_1 涌_1 也_1 被_1 污_1 染_1 了_1 ，_1 河_1 水_1 浑_1 浊_1 ，_1 污_1 黑_1 发_1 臭_1 ，_1 各_1 种_1 曾_1 经_1 的_1 鱼_1 虾_1 已_1 不_1 见_1 踪_1 迹_1 ，_1 更_1 不_1 能_1 用_1 来_1 灌_1 溉_1 ，_1 整_1 个_1 村_1 委_1 会_1 的_1 人_1 民_1 怨_1 声_1 载_1 道_1 。_1 现_1 在_1 由_1 于_1 偷_1 拉_1 原_1 料_1 撒_1 落_1 村_1 道_1 污_1 染_1 路_1 面_1 ，_1 更_1 是_1 群_1 情_1 激_1 愤_1 。_1 （_1 详_1 情_1 以_1 官_1 方_1 公_1 报_1 为_1 准_1 ）_1 来_1 源_1 ：_1 高_1 州_1 论_1 坛_1 [SEP]_1
2019-10-25 13:59:03,939 seed everything and create model
2019-10-25 14:00:53,652 step 150 train loss: 0.5971
2019-10-25 14:00:53,652 step 150 score: 0.7167
2019-10-25 14:02:37,818 step 300 train loss: 0.4087
2019-10-25 14:02:37,819 step 300 score: 0.7843
2019-10-25 14:04:21,990 step 450 train loss: 0.3563
2019-10-25 14:04:21,990 step 450 score: 0.7684
2019-10-25 14:06:06,151 step 600 train loss: 0.2752
2019-10-25 14:06:06,151 step 600 score: 0.7471
2019-10-25 14:07:50,307 step 750 train loss: 0.2906
2019-10-25 14:07:50,307 step 750 score: 0.7958
2019-10-25 14:09:34,470 step 900 train loss: 0.1677
2019-10-25 14:09:34,470 step 900 score: 0.7813
2019-10-25 14:11:18,621 step 1050 train loss: 0.1722
2019-10-25 14:11:18,621 step 1050 score: 0.7904
2019-10-25 14:13:02,779 step 1200 train loss: 0.1115
2019-10-25 14:13:02,779 step 1200 score: 0.7885
2019-10-25 14:14:46,929 step 1350 train loss: 0.1001
2019-10-25 14:14:46,929 step 1350 score: 0.7878
2019-10-25 14:16:31,105 step 1500 train loss: 0.0993
2019-10-25 14:16:31,105 step 1500 score: 0.7937
2019-10-25 14:16:31,106 best score is 0.7958
