2019-10-28 16:44:51,199 log_in_file: True
2019-10-28 16:44:51,200 lm_path: /home/wangzl/PretrainedLM/BERT/New/roberta_zh_L-24_H-1024_A-16/
2019-10-28 16:44:51,200 lm_type: bert
2019-10-28 16:44:51,200 data_path: ../data/
2019-10-28 16:44:51,200 usegpu: True
2019-10-28 16:44:51,200 total_step: 5000
2019-10-28 16:44:51,200 eval_every: 500
2019-10-28 16:44:51,200 early_stop: 4
2019-10-28 16:44:51,200 max_length: 510
2019-10-28 16:44:51,200 max_title_rate: 0.08
2019-10-28 16:44:51,200 content_head_rate: 0.6
2019-10-28 16:44:51,200 batch_size: 2
2019-10-28 16:44:51,200 lr_scheduler_type: linear
2019-10-28 16:44:51,200 input_pattern: head+tail+fixed
2019-10-28 16:44:51,200 clean_method: space+notzh
2019-10-28 16:44:51,200 warmup_rate: 0.1
2019-10-28 16:44:51,200 classifier_dropout: 0.3
2019-10-28 16:44:51,200 classifier_active: tanh
2019-10-28 16:44:51,200 cache_final_model: False
2019-10-28 16:44:51,200 seed: 23
2019-10-28 16:44:51,200 lr: 2e-05
2019-10-28 16:44:51,200 lr_decay_in_layers: 0.95
2019-10-28 16:44:51,200 wd_decay_in_layers: 1.0
2019-10-28 16:44:51,200 weight_decay: 0.01
2019-10-28 16:44:51,217 padding token is 0
2019-10-28 16:45:15,708 Token Sample: [CLS]_0 明_0 天_0 7_0 点_0 半_0 出_0 发_0 长_0 沙_0 到_0 益_0 阳_0 有_0 人_0 吗_0 ？_0 ？_0 [PAD]_0 [PAD]_0 [PAD]_0 [PAD]_0 [PAD]_0 [PAD]_0 [PAD]_0 [PAD]_0 [PAD]_0 [PAD]_0 [PAD]_0 [PAD]_0 [PAD]_0 [PAD]_0 [PAD]_0 [PAD]_0 [PAD]_0 [PAD]_0 [PAD]_0 [PAD]_0 [PAD]_0 [PAD]_0 [PAD]_0 [PAD]_0 [SEP]_0 明_1 天_1 7_1 点_1 半_1 出_1 发_1 长_1 沙_1 到_1 益_1 阳_1 有_1 人_1 吗_1 ？_1 ？_1 [PAD]_1 [PAD]_1 [PAD]_1 [PAD]_1 [PAD]_1 [PAD]_1 [PAD]_1 [PAD]_1 [PAD]_1 [PAD]_1 [PAD]_1 [PAD]_1 [PAD]_1 [PAD]_1 [PAD]_1 [PAD]_1 [PAD]_1 [PAD]_1 [PAD]_1 [PAD]_1 [PAD]_1 [PAD]_1 [PAD]_1 [PAD]_1 [PAD]_1 [PAD]_1 [PAD]_1 [PAD]_1 [PAD]_1 [PAD]_1 [PAD]_1 [PAD]_1 [PAD]_1 [PAD]_1 [PAD]_1 [PAD]_1 [PAD]_1 [PAD]_1 [PAD]_1 [PAD]_1 [PAD]_1 [PAD]_1 [PAD]_1 [PAD]_1 [PAD]_1 [PAD]_1 [PAD]_1 [PAD]_1 [PAD]_1 [PAD]_1 [PAD]_1 [PAD]_1 [PAD]_1 [PAD]_1 [PAD]_1 [PAD]_1 [PAD]_1 [PAD]_1 [PAD]_1 [PAD]_1 [PAD]_1 [PAD]_1 [PAD]_1 [PAD]_1 [PAD]_1 [PAD]_1 [PAD]_1 [PAD]_1 [PAD]_1 [PAD]_1 [PAD]_1 [PAD]_1 [PAD]_1 [PAD]_1 [PAD]_1 [PAD]_1 [PAD]_1 [PAD]_1 [PAD]_1 [PAD]_1 [PAD]_1 [PAD]_1 [PAD]_1 [PAD]_1 [PAD]_1 [PAD]_1 [PAD]_1 [PAD]_1 [PAD]_1 [PAD]_1 [PAD]_1 [PAD]_1 [PAD]_1 [PAD]_1 [PAD]_1 [PAD]_1 [PAD]_1 [PAD]_1 [PAD]_1 [PAD]_1 [PAD]_1 [PAD]_1 [PAD]_1 [PAD]_1 [PAD]_1 [PAD]_1 [PAD]_1 [PAD]_1 [PAD]_1 [PAD]_1 [PAD]_1 [PAD]_1 [PAD]_1 [PAD]_1 [PAD]_1 [PAD]_1 [PAD]_1 [PAD]_1 [PAD]_1 [PAD]_1 [PAD]_1 [PAD]_1 [PAD]_1 [PAD]_1 [PAD]_1 [PAD]_1 [PAD]_1 [PAD]_1 [PAD]_1 [PAD]_1 [PAD]_1 [PAD]_1 [PAD]_1 [PAD]_1 [PAD]_1 [PAD]_1 [PAD]_1 [PAD]_1 [PAD]_1 [PAD]_1 [PAD]_1 [PAD]_1 [PAD]_1 [PAD]_1 [PAD]_1 [PAD]_1 [PAD]_1 [PAD]_1 [PAD]_1 [PAD]_1 [PAD]_1 [PAD]_1 [PAD]_1 [PAD]_1 [PAD]_1 [PAD]_1 [PAD]_1 [PAD]_1 [PAD]_1 [PAD]_1 [PAD]_1 [PAD]_1 [PAD]_1 [PAD]_1 [PAD]_1 [PAD]_1 [PAD]_1 [PAD]_1 [PAD]_1 [PAD]_1 [PAD]_1 [PAD]_1 [PAD]_1 [PAD]_1 [PAD]_1 [PAD]_1 [PAD]_1 [PAD]_1 [PAD]_1 [PAD]_1 [PAD]_1 [PAD]_1 [PAD]_1 [PAD]_1 [PAD]_1 [PAD]_1 [PAD]_1 [PAD]_1 [PAD]_1 [PAD]_1 [PAD]_1 [PAD]_1 [PAD]_1 [PAD]_1 [PAD]_1 [PAD]_1 [PAD]_1 [PAD]_1 [PAD]_1 [PAD]_1 [PAD]_1 [PAD]_1 [PAD]_1 [PAD]_1 [PAD]_1 [PAD]_1 [PAD]_1 [PAD]_1 [PAD]_1 [PAD]_1 [PAD]_1 [PAD]_1 [PAD]_1 [PAD]_1 [PAD]_1 [PAD]_1 [PAD]_1 [PAD]_1 [PAD]_1 [PAD]_1 [PAD]_1 [PAD]_1 [PAD]_1 [PAD]_1 [PAD]_1 [PAD]_1 [PAD]_1 [PAD]_1 [PAD]_1 [PAD]_1 [PAD]_1 [PAD]_1 [PAD]_1 [PAD]_1 [PAD]_1 [PAD]_1 [PAD]_1 [PAD]_1 [PAD]_1 [PAD]_1 [PAD]_1 [PAD]_1 [PAD]_1 [PAD]_1 [PAD]_1 [PAD]_1 [PAD]_1 [PAD]_1 [PAD]_1 [PAD]_1 [PAD]_1 [PAD]_1 [PAD]_1 [PAD]_1 [PAD]_1 [PAD]_1 [PAD]_1 [PAD]_1 [PAD]_1 [PAD]_1 [PAD]_1 [PAD]_1 [PAD]_1 [PAD]_1 [SEP]_1 [PAD]_1 [PAD]_1 [PAD]_1 [PAD]_1 [PAD]_1 [PAD]_1 [PAD]_1 [PAD]_1 [PAD]_1 [PAD]_1 [PAD]_1 [PAD]_1 [PAD]_1 [PAD]_1 [PAD]_1 [PAD]_1 [PAD]_1 [PAD]_1 [PAD]_1 [PAD]_1 [PAD]_1 [PAD]_1 [PAD]_1 [PAD]_1 [PAD]_1 [PAD]_1 [PAD]_1 [PAD]_1 [PAD]_1 [PAD]_1 [PAD]_1 [PAD]_1 [PAD]_1 [PAD]_1 [PAD]_1 [PAD]_1 [PAD]_1 [PAD]_1 [PAD]_1 [PAD]_1 [PAD]_1 [PAD]_1 [PAD]_1 [PAD]_1 [PAD]_1 [PAD]_1 [PAD]_1 [PAD]_1 [PAD]_1 [PAD]_1 [PAD]_1 [PAD]_1 [PAD]_1 [PAD]_1 [PAD]_1 [PAD]_1 [PAD]_1 [PAD]_1 [PAD]_1 [PAD]_1 [PAD]_1 [PAD]_1 [PAD]_1 [PAD]_1 [PAD]_1 [PAD]_1 [PAD]_1 [PAD]_1 [PAD]_1 [PAD]_1 [PAD]_1 [PAD]_1 [PAD]_1 [PAD]_1 [PAD]_1 [PAD]_1 [PAD]_1 [PAD]_1 [PAD]_1 [PAD]_1 [PAD]_1 [PAD]_1 [PAD]_1 [PAD]_1 [PAD]_1 [PAD]_1 [PAD]_1 [PAD]_1 [PAD]_1 [PAD]_1 [PAD]_1 [PAD]_1 [PAD]_1 [PAD]_1 [PAD]_1 [PAD]_1 [PAD]_1 [PAD]_1 [PAD]_1 [PAD]_1 [PAD]_1 [PAD]_1 [PAD]_1 [PAD]_1 [PAD]_1 [PAD]_1 [PAD]_1 [PAD]_1 [PAD]_1 [PAD]_1 [PAD]_1 [PAD]_1 [PAD]_1 [PAD]_1 [PAD]_1 [PAD]_1 [PAD]_1 [PAD]_1 [PAD]_1 [PAD]_1 [PAD]_1 [PAD]_1 [PAD]_1 [PAD]_1 [PAD]_1 [PAD]_1 [PAD]_1 [PAD]_1 [PAD]_1 [PAD]_1 [PAD]_1 [PAD]_1 [PAD]_1 [PAD]_1 [PAD]_1 [PAD]_1 [PAD]_1 [PAD]_1 [PAD]_1 [PAD]_1 [PAD]_1 [PAD]_1 [PAD]_1 [PAD]_1 [PAD]_1 [PAD]_1 [PAD]_1 [PAD]_1 [PAD]_1 [PAD]_1 [PAD]_1 [PAD]_1 [PAD]_1 [PAD]_1 [PAD]_1 [PAD]_1 [PAD]_1 [PAD]_1 [PAD]_1 [PAD]_1 [PAD]_1 [PAD]_1 [PAD]_1 [PAD]_1 [PAD]_1 [PAD]_1 [PAD]_1 明_1 天_1 7_1 点_1 半_1 出_1 发_1 长_1 沙_1 到_1 益_1 阳_1 有_1 人_1 吗_1 ？_1 ？_1 [SEP]_1
2019-10-28 16:45:30,993 Token Sample: [CLS]_0 z_0 ##t_0 头_0 顶_0 光_0 环_0 的_0 [UNK]_0 人_0 民_0 警_0 察_0 [UNK]_0 落_0 马_0 :_0 家_0 里_0 除_0 了_0 盐_0 什_0 么_0 都_0 要_0 人_0 送_0 -_0 第_0 6_0 页_0 ._0 ._0 ._0 [PAD]_0 [PAD]_0 [PAD]_0 [PAD]_0 [PAD]_0 [PAD]_0 [PAD]_0 [SEP]_0 引_1 用_1 @_1 关_1 羽_1 的_1 帽_1 子_1 发_1 表_1 的_1 :_1 古_1 代_1 有_1 个_1 叫_1 万_1 民_1 伞_1 的_1 东_1 西_1 ._1 是_1 专_1 门_1 用_1 来_1 在_1 当_1 地_1 主_1 管_1 官_1 员_1 离_1 开_1 时_1 送_1 给_1 他_1 的_1 ._1 一_1 般_1 伞_1 上_1 有_1 很_1 多_1 签_1 了_1 名_1 字_1 ，_1 来_1 表_1 达_1 对_1 这_1 个_1 官_1 员_1 的_1 不_1 舍_1 之_1 情_1 ，_1 间_1 接_1 证_1 明_1 这_1 是_1 个_1 好_1 官_1 ._1 实_1 际_1 上_1 这_1 个_1 伞_1 可_1 是_1 要_1 花_1 钱_1 买_1 的_1 有_1 本_1 书_1 叫_1 官_1 场_1 现_1 形_1 记_1 ，_1 写_1 的_1 非_1 常_1 有_1 意_1 思_1 ，_1 群_1 像_1 式_1 的_1 小_1 说_1 ，_1 推_1 荐_1 大_1 家_1 可_1 以_1 读_1 读_1 ._1 读_1 完_1 大_1 家_1 会_1 发_1 现_1 ，_1 这_1 个_1 世_1 界_1 上_1 ，_1 不_1 仅_1 是_1 所_1 谓_1 的_1 时_1 尚_1 是_1 一_1 个_1 轮_1 回_1 ._1 基_1 本_1 上_1 万_1 事_1 万_1 物_1 都_1 在_1 轮_1 回_1 [PAD]_1 [PAD]_1 [PAD]_1 [PAD]_1 [PAD]_1 [PAD]_1 [PAD]_1 [PAD]_1 [PAD]_1 [PAD]_1 [PAD]_1 [PAD]_1 [PAD]_1 [PAD]_1 [PAD]_1 [PAD]_1 [PAD]_1 [PAD]_1 [PAD]_1 [PAD]_1 [PAD]_1 [PAD]_1 [PAD]_1 [PAD]_1 [PAD]_1 [PAD]_1 [PAD]_1 [PAD]_1 [PAD]_1 [PAD]_1 [PAD]_1 [PAD]_1 [PAD]_1 [PAD]_1 [PAD]_1 [PAD]_1 [PAD]_1 [PAD]_1 [PAD]_1 [PAD]_1 [PAD]_1 [PAD]_1 [PAD]_1 [PAD]_1 [PAD]_1 [PAD]_1 [PAD]_1 [PAD]_1 [PAD]_1 [PAD]_1 [PAD]_1 [PAD]_1 [PAD]_1 [PAD]_1 [PAD]_1 [PAD]_1 [PAD]_1 [PAD]_1 [PAD]_1 [PAD]_1 [PAD]_1 [PAD]_1 [PAD]_1 [PAD]_1 [PAD]_1 [PAD]_1 [PAD]_1 [PAD]_1 [PAD]_1 [PAD]_1 [PAD]_1 [PAD]_1 [PAD]_1 [PAD]_1 [PAD]_1 [PAD]_1 [PAD]_1 [PAD]_1 [PAD]_1 [PAD]_1 [PAD]_1 [PAD]_1 [PAD]_1 [PAD]_1 [PAD]_1 [PAD]_1 [PAD]_1 [PAD]_1 [PAD]_1 [PAD]_1 [PAD]_1 [PAD]_1 [PAD]_1 [PAD]_1 [PAD]_1 [PAD]_1 [PAD]_1 [PAD]_1 [PAD]_1 [PAD]_1 [PAD]_1 [PAD]_1 [PAD]_1 [PAD]_1 [PAD]_1 [PAD]_1 [PAD]_1 [PAD]_1 [PAD]_1 [PAD]_1 [PAD]_1 [PAD]_1 [PAD]_1 [PAD]_1 [PAD]_1 [SEP]_1 [PAD]_1 [PAD]_1 [PAD]_1 [PAD]_1 [PAD]_1 [PAD]_1 [PAD]_1 [PAD]_1 [PAD]_1 [PAD]_1 [PAD]_1 [PAD]_1 [PAD]_1 [PAD]_1 [PAD]_1 [PAD]_1 [PAD]_1 [PAD]_1 引_1 用_1 @_1 关_1 羽_1 的_1 帽_1 子_1 发_1 表_1 的_1 :_1 古_1 代_1 有_1 个_1 叫_1 万_1 民_1 伞_1 的_1 东_1 西_1 ._1 是_1 专_1 门_1 用_1 来_1 在_1 当_1 地_1 主_1 管_1 官_1 员_1 离_1 开_1 时_1 送_1 给_1 他_1 的_1 ._1 一_1 般_1 伞_1 上_1 有_1 很_1 多_1 签_1 了_1 名_1 字_1 ，_1 来_1 表_1 达_1 对_1 这_1 个_1 官_1 员_1 的_1 不_1 舍_1 之_1 情_1 ，_1 间_1 接_1 证_1 明_1 这_1 是_1 个_1 好_1 官_1 ._1 实_1 际_1 上_1 这_1 个_1 伞_1 可_1 是_1 要_1 花_1 钱_1 买_1 的_1 有_1 本_1 书_1 叫_1 官_1 场_1 现_1 形_1 记_1 ，_1 写_1 的_1 非_1 常_1 有_1 意_1 思_1 ，_1 群_1 像_1 式_1 的_1 小_1 说_1 ，_1 推_1 荐_1 大_1 家_1 可_1 以_1 读_1 读_1 ._1 读_1 完_1 大_1 家_1 会_1 发_1 现_1 ，_1 这_1 个_1 世_1 界_1 上_1 ，_1 不_1 仅_1 是_1 所_1 谓_1 的_1 时_1 尚_1 是_1 一_1 个_1 轮_1 回_1 ._1 基_1 本_1 上_1 万_1 事_1 万_1 物_1 都_1 在_1 轮_1 回_1 [SEP]_1
2019-10-28 16:45:55,864 Token Sample: [CLS]_0 今_0 年_0 以_0 来_0 银_0 川_0 市_0 刑_0 事_0 案_0 件_0 立_0 案_0 同_0 比_0 下_0 降_0 7_0 %_0 [PAD]_0 [PAD]_0 [PAD]_0 [PAD]_0 [PAD]_0 [PAD]_0 [PAD]_0 [PAD]_0 [PAD]_0 [PAD]_0 [PAD]_0 [PAD]_0 [PAD]_0 [PAD]_0 [PAD]_0 [PAD]_0 [PAD]_0 [PAD]_0 [PAD]_0 [PAD]_0 [PAD]_0 [PAD]_0 [SEP]_0 人_1 民_1 网_1 银_1 川_1 12_1 月_1 20_1 日_1 电_1 (_1 高_1 嘉_1 蔚_1 )_1 20_1 日_1 上_1 午_1 ，_1 记_1 者_1 从_1 2018_1 平_1 安_1 银_1 川_1 建_1 设_1 新_1 闻_1 发_1 布_1 上_1 获_1 悉_1 ，_1 自_1 开_1 展_1 扫_1 黑_1 除_1 恶_1 专_1 项_1 斗_1 争_1 以_1 来_1 ，_1 银_1 川_1 市_1 多_1 措_1 并_1 举_1 ，_1 平_1 安_1 银_1 川_1 建_1 设_1 工_1 作_1 成_1 效_1 显_1 著_1 。_1 截_1 至_1 今_1 年_1 11_1 月_1 ，_1 银_1 川_1 市_1 刑_1 事_1 案_1 件_1 立_1 案_1 、_1 命_1 案_1 立_1 案_1 同_1 比_1 下_1 降_1 7_1 %_1 和_1 54_1 ._1 05_1 %_1 。_1 八_1 类_1 主_1 要_1 案_1 件_1 立_1 案_1 、_1 侵_1 财_1 类_1 案_1 件_1 立_1 案_1 同_1 比_1 下_1 降_1 13_1 ._1 11_1 %_1 和_1 8_1 ._1 1_1 %_1 ，_1 [UNK]_1 两_1 抢_1 [UNK]_1 类_1 案_1 件_1 立_1 案_1 、_1 盗_1 窃_1 类_1 案_1 件_1 立_1 案_1 同_1 比_1 下_1 降_1 56_1 ._1 04_1 %_1 和_1 14_1 ._1 21_1 %_1 。_1 今_1 年_1 以_1 来_1 ，_1 银_1 川_1 市_1 持_1 续_1 深_1 入_1 推_1 进_1 扫_1 黑_1 除_1 恶_1 专_1 项_1 斗_1 争_1 ，_1 加_1 大_1 谋_1 划_1 推_1 动_1 工_1 作_1 力_1 度_1 ，_1 全_1 面_1 梳_1 理_1 核_1 查_1 近_1 五_1 年_1 办_1 理_1 案_1 件_1 中_1 的_1 涉_1 黑_1 恶_1 线_1 索_1 并_1 加_1 强_1 打_1 击_1 力_1 度_1 ，_1 截_1 至_1 目_1 前_1 ，_1 打_1 掉_1 黑_1 恶_1 势_1 力_1 犯_1 罪_1 团_1 伙_1 20_1 个_1 ，_1 查_1 处_1 261_1 人_1 ，_1 破_1 案_1 213_1 起_1 。_1 据_1 了_1 解_1 ，_1 在_1 打_1 击_1 近_1 年_1 来_1 高_1 发_1 的_1 违_1 法_1 违_1 规_1 金_1 融_1 活_1 动_1 和_1 电_1 信_1 [SEP]_1 会_1 综_1 合_1 治_1 理_1 联_1 动_1 [UNK]_1 组_1 合_1 拳_1 [UNK]_1 ，_1 积_1 极_1 建_1 立_1 健_1 全_1 社_1 会_1 治_1 安_1 [UNK]_1 大_1 防_1 控_1 [UNK]_1 体_1 系_1 。_1 1_1 至_1 11_1 月_1 份_1 ，_1 银_1 川_1 市_1 共_1 受_1 理_1 涉_1 众_1 型_1 经_1 济_1 案_1 件_1 93_1 起_1 ，_1 涉_1 案_1 金_1 额_1 1_1 ._1 52_1 亿_1 元_1 ，_1 挽_1 回_1 损_1 失_1 98_1 ##18_1 ._1 1_1 万_1 元_1 ;_1 立_1 电_1 信_1 诈_1 骗_1 案_1 件_1 2014_1 起_1 ，_1 挽_1 回_1 损_1 失_1 62_1 ##8_1 ._1 49_1 万_1 元_1 。_1 下_1 一_1 步_1 ，_1 银_1 川_1 市_1 以_1 平_1 安_1 银_1 川_1 建_1 设_1 任_1 务_1 为_1 载_1 体_1 ，_1 调_1 整_1 思_1 路_1 、_1 创_1 新_1 手_1 段_1 、_1 跟_1 进_1 举_1 措_1 、_1 夯_1 实_1 责_1 任_1 ，_1 进_1 一_1 步_1 强_1 化_1 基_1 层_1 基_1 础_1 工_1 作_1 ，_1 建_1 立_1 健_1 全_1 社_1 会_1 治_1 安_1 综_1 合_1 治_1 理_1 体_1 制_1 机_1 制_1 ，_1 大_1 力_1 提_1 升_1 平_1 安_1 建_1 设_1 水_1 平_1 ，_1 维_1 护_1 社_1 会_1 和_1 谐_1 稳_1 定_1 。_1 [SEP]_1
2019-10-28 16:46:12,538 Token Sample: [CLS]_0 醉_0 酒_0 驾_0 驶_0 出_0 车_0 祸_0 妨_0 害_0 公_0 务_0 被_0 刑_0 拘_0 [PAD]_0 [PAD]_0 [PAD]_0 [PAD]_0 [PAD]_0 [PAD]_0 [PAD]_0 [PAD]_0 [PAD]_0 [PAD]_0 [PAD]_0 [PAD]_0 [PAD]_0 [PAD]_0 [PAD]_0 [PAD]_0 [PAD]_0 [PAD]_0 [PAD]_0 [PAD]_0 [PAD]_0 [PAD]_0 [PAD]_0 [PAD]_0 [PAD]_0 [PAD]_0 [PAD]_0 [SEP]_0 无_1 限_1 金_1 华_1 客_1 户_1 端_1 12_1 月_1 13_1 日_1 消_1 息_1 金_1 华_1 广_1 电_1 融_1 媒_1 体_1 记_1 者_1 曹_1 及_1 登_1 叶_1 剑_1 武_1 12_1 月_1 10_1 日_1 晚_1 上_1 ，_1 金_1 东_1 区_1 岭_1 下_1 派_1 出_1 所_1 接_1 到_1 报_1 警_1 ，_1 江_1 东_1 中_1 队_1 的_1 交_1 警_1 在_1 执_1 行_1 公_1 务_1 过_1 程_1 中_1 被_1 打_1 。_1 当_1 晚_1 7_1 点_1 40_1 左_1 右_1 ，_1 江_1 东_1 中_1 队_1 接_1 到_1 报_1 警_1 称_1 在_1 330_1 国_1 道_1 发_1 生_1 一_1 起_1 交_1 通_1 事_1 故_1 。_1 现_1 场_1 是_1 一_1 辆_1 黑_1 色_1 轿_1 车_1 和_1 一_1 辆_1 大_1 挂_1 车_1 相_1 撞_1 。_1 交_1 警_1 二_1 大_1 队_1 江_1 东_1 中_1 队_1 民_1 警_1 张_1 子_1 云_1 说_1 ，_1 在_1 现_1 场_1 看_1 到_1 一_1 辆_1 黑_1 色_1 的_1 小_1 车_1 ，_1 冲_1 到_1 国_1 道_1 绿_1 化_1 带_1 上_1 ，_1 车_1 损_1 有_1 点_1 严_1 重_1 ，_1 百_1 米_1 开_1 外_1 有_1 一_1 辆_1 大_1 车_1 开_1 着_1 双_1 闪_1 。_1 在_1 国_1 道_1 的_1 北_1 边_1 看_1 到_1 两_1 名_1 男_1 子_1 ，_1 上_1 去_1 询_1 问_1 确_1 认_1 是_1 驾_1 驶_1 员_1 。_1 当_1 交_1 警_1 靠_1 近_1 这_1 名_1 司_1 机_1 时_1 ，_1 一_1 股_1 酒_1 气_1 扑_1 面_1 而_1 来_1 。_1 民_1 警_1 判_1 断_1 该_1 男_1 子_1 有_1 酒_1 驾_1 的_1 嫌_1 疑_1 。_1 交_1 警_1 将_1 其_1 带_1 到_1 警_1 车_1 边_1 上_1 ，_1 做_1 酒_1 精_1 口_1 腔_1 呼_1 气_1 测_1 试_1 。_1 但_1 是_1 这_1 名_1 男_1 子_1 极_1 不_1 配_1 合_1 ，_1 情_1 绪_1 十_1 分_1 激_1 动_1 。_1 交_1 警_1 决_1 定_1 将_1 其_1 带_1 回_1 中_1 队_1 处_1 [SEP]_1 一_1 气_1 之_1 下_1 喝_1 了_1 一_1 杯_1 四_1 两_1 的_1 白_1 酒_1 。_1 据_1 了_1 解_1 ，_1 醉_1 酒_1 司_1 机_1 姓_1 方_1 ，_1 永_1 康_1 人_1 ，_1 当_1 晚_1 喝_1 了_1 一_1 杯_1 白_1 酒_1 后_1 ，_1 想_1 要_1 从_1 国_1 道_1 驾_1 车_1 回_1 永_1 康_1 ，_1 结_1 果_1 发_1 生_1 追_1 尾_1 事_1 故_1 。_1 对_1 自_1 己_1 的_1 酒_1 驾_1 行_1 为_1 ，_1 方_1 某_1 后_1 悔_1 不_1 已_1 。_1 目_1 前_1 ，_1 方_1 某_1 涉_1 嫌_1 妨_1 碍_1 公_1 务_1 被_1 处_1 刑_1 事_1 拘_1 留_1 的_1 强_1 制_1 措_1 施_1 ，_1 醉_1 酒_1 这_1 一_1 块_1 交_1 警_1 还_1 在_1 进_1 一_1 步_1 办_1 理_1 当_1 中_1 。_1 醉_1 酒_1 驾_1 驶_1 ，_1 发_1 生_1 车_1 祸_1 。_1 交_1 警_1 来_1 了_1 ，_1 还_1 要_1 阻_1 碍_1 执_1 法_1 、_1 暴_1 力_1 执_1 法_1 ，_1 动_1 手_1 打_1 交_1 警_1 。_1 对_1 于_1 这_1 样_1 的_1 酒_1 鬼_1 ，_1 就_1 是_1 要_1 在_1 看_1 守_1 所_1 里_1 好_1 好_1 管_1 教_1 管_1 教_1 ，_1 看_1 看_1 下_1 次_1 还_1 敢_1 不_1 敢_1 酒_1 后_1 开_1 车_1 。_1 [SEP]_1
2019-10-28 16:46:26,291 seed everything and create model
2019-10-28 16:51:50,399 step 500 train loss: 0.7324
2019-10-28 16:51:50,399 step 500 score: 0.5533
2019-10-28 16:57:03,953 step 1000 train loss: 0.5515
2019-10-28 16:57:03,953 step 1000 score: 0.6593
2019-10-28 17:02:17,517 step 1500 train loss: 0.4845
2019-10-28 17:02:17,517 step 1500 score: 0.5763
2019-10-28 17:07:31,073 step 2000 train loss: 0.4830
2019-10-28 17:07:31,074 step 2000 score: 0.7693
2019-10-28 17:12:45,990 step 2500 train loss: 0.5014
2019-10-28 17:12:45,990 step 2500 score: 0.7386
2019-10-28 17:18:02,205 step 3000 train loss: 0.4222
2019-10-28 17:18:02,205 step 3000 score: 0.7679
2019-10-28 17:23:18,422 step 3500 train loss: 0.3421
2019-10-28 17:23:18,422 step 3500 score: 0.7426
2019-10-28 17:28:34,630 step 4000 train loss: 0.3288
2019-10-28 17:28:34,630 step 4000 score: 0.7662
2019-10-28 17:33:50,835 step 4500 train loss: 0.3093
2019-10-28 17:33:50,835 step 4500 score: 0.7831
2019-10-28 17:39:07,027 step 5000 train loss: 0.2854
2019-10-28 17:39:07,027 step 5000 score: 0.7808
2019-10-28 17:39:07,028 best score is 0.7831
