2019-10-27 14:35:54,426 log_in_file: True
2019-10-27 14:35:54,426 lm_path: /home/wangzl/PretrainedLM/BERT/New/roberta_zh_L-24_H-1024_A-16/
2019-10-27 14:35:54,426 lm_type: bert
2019-10-27 14:35:54,426 data_path: ../data/
2019-10-27 14:35:54,426 usegpu: True
2019-10-27 14:35:54,426 n_fold: 5
2019-10-27 14:35:54,426 total_step: 3000
2019-10-27 14:35:54,426 eval_every: 300
2019-10-27 14:35:54,427 early_stop: 4
2019-10-27 14:35:54,427 max_length: 510
2019-10-27 14:35:54,427 max_title_rate: 0.125
2019-10-27 14:35:54,427 content_head_rate: 0.6
2019-10-27 14:35:54,427 batch_size: 2
2019-10-27 14:35:54,427 lr_scheduler_type: linear
2019-10-27 14:35:54,427 input_pattern: head+tail+fixed
2019-10-27 14:35:54,427 clean_method: space+notzh
2019-10-27 14:35:54,427 warmup_rate: 0.1
2019-10-27 14:35:54,427 classifier_dropout: 0.3
2019-10-27 14:35:54,427 classifier_active: tanh
2019-10-27 14:35:54,427 seed: 1
2019-10-27 14:35:54,427 lr: 2e-05
2019-10-27 14:35:54,427 lr_decay_in_layers: 0.95
2019-10-27 14:35:54,427 wd_decay_in_layers: 1.0
2019-10-27 14:35:54,427 weight_decay: 0.01
2019-10-27 14:35:54,444 padding token is 0
2019-10-27 14:36:20,563 Token Sample: [CLS]_0 央_0 行_0 四_0 部_0 委_0 联_0 合_0 发_0 布_0 新_0 规_0 :_0 理_0 财_0 产_0 品_0 不_0 再_0 保_0 本_0 保_0 收_0 益_0 !_0 保_0 险_0 成_0 为_0 最_0 安_0 全_0 和_0 稳_0 定_0 的_0 金_0 融_0 产_0 品_0 [PAD]_0 [PAD]_0 [PAD]_0 [PAD]_0 [PAD]_0 [PAD]_0 [PAD]_0 [PAD]_0 [PAD]_0 [PAD]_0 [PAD]_0 [PAD]_0 [PAD]_0 [PAD]_0 [PAD]_0 [PAD]_0 [PAD]_0 [PAD]_0 [PAD]_0 [PAD]_0 [PAD]_0 [PAD]_0 [PAD]_0 [PAD]_0 [PAD]_0 [SEP]_0 理_1 财_1 产_1 品_1 不_1 再_1 保_1 本_1 保_1 收_1 益_1 4_1 月_1 27_1 日_1 ，_1 经_1 国_1 务_1 院_1 同_1 意_1 ，_1 中_1 国_1 人_1 民_1 银_1 行_1 、_1 中_1 国_1 银_1 行_1 保_1 险_1 监_1 督_1 管_1 理_1 委_1 员_1 会_1 、_1 中_1 国_1 证_1 券_1 监_1 督_1 管_1 理_1 委_1 员_1 会_1 、_1 国_1 家_1 外_1 汇_1 管_1 理_1 局_1 四_1 大_1 部_1 委_1 联_1 合_1 印_1 发_1 了_1 《_1 关_1 于_1 规_1 范_1 金_1 融_1 机_1 构_1 资_1 产_1 管_1 理_1 业_1 务_1 的_1 指_1 导_1 意_1 见_1 》_1 （_1 银_1 发_1 〔_1 2018_1 〕_1 106_1 号_1 ，_1 以_1 下_1 简_1 称_1 《_1 意_1 见_1 》_1 ）_1 。_1 在_1 这_1 份_1 《_1 意_1 见_1 》_1 里_1 和_1 老_1 百_1 姓_1 钱_1 袋_1 子_1 密_1 切_1 相_1 关_1 的_1 就_1 是_1 关_1 于_1 打_1 破_1 刚_1 性_1 兑_1 付_1 ，_1 理_1 财_1 产_1 品_1 不_1 再_1 保_1 本_1 保_1 收_1 益_1 ，_1 连_1 保_1 本_1 基_1 金_1 也_1 不_1 再_1 承_1 诺_1 保_1 本_1 。_1 为_1 什_1 么_1 要_1 打_1 破_1 刚_1 性_1 兑_1 付_1 ？_1 讨_1 论_1 这_1 个_1 问_1 题_1 时_1 ，_1 首_1 先_1 要_1 明_1 确_1 一_1 个_1 投_1 资_1 观_1 点_1 ，_1 那_1 就_1 是_1 [UNK]_1 有_1 收_1 益_1 就_1 有_1 风_1 险_1 [UNK]_1 或_1 者_1 说_1 [UNK]_1 收_1 益_1 越_1 高_1 ，_1 风_1 险_1 越_1 大_1 [UNK]_1 。_1 任_1 何_1 不_1 谈_1 风_1 险_1 的_1 收_1 益_1 都_1 是_1 耍_1 流_1 氓_1 。_1 在_1 刚_1 刚_1 结_1 束_1 的_1 两_1 会_1 上_1 ，_1 银_1 保_1 监_1 会_1 主_1 席_1 郭_1 树_1 清_1 现_1 场_1 答_1 记_1 者_1 问_1 的_1 时_1 [SEP]_1 击_1 右_1 上_1 角_1 分_1 享_1 到_1 朋_1 友_1 圈_1 ，_1 让_1 更_1 多_1 人_1 受_1 益_1 ，_1 功_1 德_1 无_1 量_1 。_1 订_1 阅_1 ：_1 公_1 众_1 账_1 号_1 ：_1 深_1 圳_1 平_1 安_1 黄_1 晓_1 晴_1 ?_1 可_1 获_1 请_1 更_1 多_1 精_1 彩_1 内_1 容_1 。_1 关_1 注_1 的_1 方_1 法_1 如_1 下_1 ：_1 点_1 击_1 ：_1 【_1 朋_1 友_1 们_1 】_1 [UNK]_1 [UNK]_1 【_1 添_1 加_1 朋_1 友_1 】_1 [UNK]_1 [UNK]_1 【_1 搜_1 号_1 码_1 】_1 [UNK]_1 [UNK]_1 【_1 输_1 入_1 微_1 信_1 公_1 众_1 号_1 :_1 深_1 圳_1 平_1 安_1 黄_1 晓_1 晴_1 】_1 [UNK]_1 [UNK]_1 查_1 搜_1 索_1 出_1 来_1 [UNK]_1 [UNK]_1 最_1 后_1 点_1 【_1 关_1 注_1 】_1 即_1 可_1 如_1 果_1 需_1 要_1 了_1 解_1 保_1 险_1 请_1 联_1 系_1 ：_1 电_1 话_1 保_1 险_1 理_1 财_1 】_1 扫_1 描_1 下_1 面_1 二_1 维_1 码_1 添_1 加_1 微_1 信_1 更_1 多_1 好_1 文_1 章_1 ：_1 请_1 点_1 击_1 右_1 上_1 角_1 的_1 查_1 看_1 官_1 方_1 帐_1 号_1 》_1 查_1 看_1 历_1 史_1 消_1 息_1 。_1 [SEP]_1
2019-10-27 14:36:37,701 Token Sample: [CLS]_0 博_0 闻_0 财_0 经_0 [PAD]_0 [PAD]_0 [PAD]_0 [PAD]_0 [PAD]_0 [PAD]_0 [PAD]_0 [PAD]_0 [PAD]_0 [PAD]_0 [PAD]_0 [PAD]_0 [PAD]_0 [PAD]_0 [PAD]_0 [PAD]_0 [PAD]_0 [PAD]_0 [PAD]_0 [PAD]_0 [PAD]_0 [PAD]_0 [PAD]_0 [PAD]_0 [PAD]_0 [PAD]_0 [PAD]_0 [PAD]_0 [PAD]_0 [PAD]_0 [PAD]_0 [PAD]_0 [PAD]_0 [PAD]_0 [PAD]_0 [PAD]_0 [PAD]_0 [PAD]_0 [PAD]_0 [PAD]_0 [PAD]_0 [PAD]_0 [PAD]_0 [PAD]_0 [PAD]_0 [PAD]_0 [PAD]_0 [PAD]_0 [PAD]_0 [PAD]_0 [PAD]_0 [PAD]_0 [PAD]_0 [PAD]_0 [PAD]_0 [PAD]_0 [PAD]_0 [PAD]_0 [PAD]_0 [PAD]_0 [SEP]_0 【_1 午_1 评_1 ：_1 两_1 市_1 盘_1 中_1 探_1 底_1 强_1 势_1 反_1 弹_1 ，_1 芯_1 片_1 券_1 商_1 成_1 双_1 引_1 擎_1 】_1 今_1 日_1 沪_1 深_1 两_1 市_1 股_1 指_1 集_1 体_1 小_1 幅_1 高_1 开_1 ，_1 两_1 市_1 集_1 体_1 震_1 荡_1 杀_1 跌_1 探_1 底_1 后_1 ，_1 进_1 入_1 反_1 弹_1 状_1 态_1 ，_1 一_1 路_1 走_1 高_1 。_1 创_1 业_1 板_1 指_1 更_1 是_1 成_1 为_1 上_1 涨_1 先_1 锋_1 ，_1 上_1 涨_1 逾_1 1_1 %_1 。_1 券_1 商_1 、_1 芯_1 片_1 板_1 块_1 成_1 为_1 今_1 天_1 早_1 盘_1 市_1 场_1 的_1 双_1 引_1 擎_1 ，_1 带_1 动_1 指_1 数_1 不_1 断_1 上_1 行_1 。_1 沪_1 指_1 上_1 涨_1 0_1 ._1 51_1 %_1 ，_1 报_1 收_1 259_1 ##4_1 点_1 ；_1 深_1 成_1 指_1 上_1 涨_1 0_1 ._1 89_1 %_1 ，_1 报_1 收_1 75_1 ##90_1 点_1 ；_1 创_1 业_1 板_1 指_1 上_1 涨_1 1_1 ._1 4_1 %_1 ，_1 报_1 收_1 126_1 ##8_1 点_1 。_1 从_1 盘_1 面_1 上_1 看_1 ，_1 芯_1 片_1 、_1 券_1 商_1 、_1 计_1 算_1 机_1 设_1 备_1 等_1 板_1 块_1 涨_1 幅_1 居_1 前_1 ；_1 钛_1 白_1 粉_1 、_1 燃_1 料_1 电_1 池_1 、_1 园_1 区_1 开_1 发_1 等_1 板_1 块_1 跌_1 幅_1 居_1 前_1 。_1 沪_1 股_1 通_1 净_1 流_1 入_1 5_1 ._1 22_1 亿_1 ，_1 深_1 股_1 通_1 净_1 流_1 入_1 6_1 ._1 27_1 亿_1 。_1 [PAD]_1 [PAD]_1 [PAD]_1 [PAD]_1 [PAD]_1 [PAD]_1 [PAD]_1 [PAD]_1 [PAD]_1 [PAD]_1 [PAD]_1 [PAD]_1 [PAD]_1 [PAD]_1 [PAD]_1 [PAD]_1 [PAD]_1 [PAD]_1 [PAD]_1 [PAD]_1 [PAD]_1 [PAD]_1 [PAD]_1 [PAD]_1 [PAD]_1 [PAD]_1 [PAD]_1 [PAD]_1 [PAD]_1 [PAD]_1 [PAD]_1 [PAD]_1 [PAD]_1 [PAD]_1 [PAD]_1 [PAD]_1 [PAD]_1 [PAD]_1 [PAD]_1 [PAD]_1 [PAD]_1 [SEP]_1 反_1 弹_1 状_1 态_1 ，_1 一_1 路_1 走_1 高_1 。_1 创_1 业_1 板_1 指_1 更_1 是_1 成_1 为_1 上_1 涨_1 先_1 锋_1 ，_1 上_1 涨_1 逾_1 1_1 %_1 。_1 券_1 商_1 、_1 芯_1 片_1 板_1 块_1 成_1 为_1 今_1 天_1 早_1 盘_1 市_1 场_1 的_1 双_1 引_1 擎_1 ，_1 带_1 动_1 指_1 数_1 不_1 断_1 上_1 行_1 。_1 沪_1 指_1 上_1 涨_1 0_1 ._1 51_1 %_1 ，_1 报_1 收_1 259_1 ##4_1 点_1 ；_1 深_1 成_1 指_1 上_1 涨_1 0_1 ._1 89_1 %_1 ，_1 报_1 收_1 75_1 ##90_1 点_1 ；_1 创_1 业_1 板_1 指_1 上_1 涨_1 1_1 ._1 4_1 %_1 ，_1 报_1 收_1 126_1 ##8_1 点_1 。_1 从_1 盘_1 面_1 上_1 看_1 ，_1 芯_1 片_1 、_1 券_1 商_1 、_1 计_1 算_1 机_1 设_1 备_1 等_1 板_1 块_1 涨_1 幅_1 居_1 前_1 ；_1 钛_1 白_1 粉_1 、_1 燃_1 料_1 电_1 池_1 、_1 园_1 区_1 开_1 发_1 等_1 板_1 块_1 跌_1 幅_1 居_1 前_1 。_1 沪_1 股_1 通_1 净_1 流_1 入_1 5_1 ._1 22_1 亿_1 ，_1 深_1 股_1 通_1 净_1 流_1 入_1 6_1 ._1 27_1 亿_1 。_1 [SEP]_1
2019-10-27 14:36:57,340 Token Sample: [CLS]_0 没_0 道_0 理_0 !_0 盐_0 城_0 一_0 乘_0 客_0 滴_0 滴_0 打_0 车_0 被_0 宰_0 ，_0 客_0 服_0 答_0 复_0 竟_0 说_0 [UNK]_0 [PAD]_0 [PAD]_0 [PAD]_0 [PAD]_0 [PAD]_0 [PAD]_0 [PAD]_0 [PAD]_0 [PAD]_0 [PAD]_0 [PAD]_0 [PAD]_0 [PAD]_0 [PAD]_0 [PAD]_0 [PAD]_0 [PAD]_0 [PAD]_0 [PAD]_0 [PAD]_0 [PAD]_0 [PAD]_0 [PAD]_0 [PAD]_0 [PAD]_0 [PAD]_0 [PAD]_0 [PAD]_0 [PAD]_0 [PAD]_0 [PAD]_0 [PAD]_0 [PAD]_0 [PAD]_0 [PAD]_0 [PAD]_0 [PAD]_0 [PAD]_0 [PAD]_0 [PAD]_0 [PAD]_0 [SEP]_0 前_1 几_1 天_1 在_1 大_1 丰_1 欧_1 贝_1 沙_1 附_1 近_1 打_1 车_1 到_1 汽_1 配_1 城_1 ，_1 一_1 个_1 三_1 公_1 里_1 路_1 程_1 ，_1 打_1 滴_1 滴_1 快_1 车_1 显_1 示_1 为_1 7_1 元_1 。_1 过_1 了_1 几_1 分_1 钟_1 司_1 机_1 到_1 了_1 ，_1 一_1 路_1 上_1 我_1 还_1 和_1 司_1 机_1 谈_1 谈_1 笑_1 笑_1 ，_1 到_1 了_1 司_1 机_1 也_1 挺_1 客_1 气_1 ，_1 当_1 时_1 就_1 忘_1 记_1 付_1 钱_1 了_1 ，_1 过_1 了_1 一_1 个_1 小_1 时_1 再_1 打_1 开_1 滴_1 滴_1 ，_1 价_1 格_1 竟_1 显_1 示_1 177_1 元_1 。_1 打_1 电_1 话_1 给_1 司_1 机_1 已_1 拉_1 黑_1 ，_1 发_1 信_1 息_1 也_1 不_1 回_1 。_1 无_1 奈_1 打_1 的_1 滴_1 滴_1 投_1 诉_1 ，_1 滴_1 滴_1 客_1 服_1 过_1 两_1 天_1 给_1 我_1 打_1 电_1 话_1 说_1 ，_1 我_1 跟_1 司_1 机_1 中_1 途_1 说_1 改_1 的_1 路_1 程_1 ，_1 还_1 说_1 当_1 天_1 喝_1 的_1 酒_1 ，_1 我_1 就_1 纳_1 闷_1 了_1 ，_1 我_1 没_1 喝_1 酒_1 。_1 @_1 网_1 友_1 战_1 斗_1 机_1 :_1 开_1 滴_1 滴_1 的_1 车_1 主_1 也_1 真_1 的_1 不_1 容_1 易_1 ，_1 具_1 体_1 什_1 么_1 情_1 况_1 只_1 有_1 你_1 清_1 楚_1 ，_1 互_1 相_1 理_1 解_1 吧_1 ，_1 前_1 期_1 有_1 过_1 人_1 打_1 的_1 1_1 ._1 2_1 万_1 到_1 北_1 京_1 的_1 ，_1 你_1 这_1 样_1 也_1 不_1 算_1 多_1 @_1 网_1 友_1 这_1 也_1 是_1 对_1 那_1 些_1 不_1 及_1 时_1 支_1 付_1 的_1 人_1 一_1 个_1 教_1 训_1 ，_1 你_1 坐_1 出_1 租_1 车_1 不_1 给_1 钱_1 能_1 下_1 车_1 吗_1 @_1 网_1 友_1 风_1 语_1 [SEP]_1 不_1 及_1 时_1 支_1 付_1 的_1 人_1 一_1 个_1 教_1 训_1 ，_1 你_1 坐_1 出_1 租_1 车_1 不_1 给_1 钱_1 能_1 下_1 车_1 吗_1 @_1 网_1 友_1 风_1 语_1 者_1 ~_1 :_1 这_1 个_1 真_1 实_1 情_1 况_1 怎_1 么_1 样_1 估_1 计_1 只_1 有_1 当_1 事_1 双_1 方_1 知_1 道_1 ，_1 但_1 是_1 也_1 不_1 能_1 听_1 这_1 位_1 乘_1 客_1 的_1 一_1 面_1 之_1 词_1 ，_1 如_1 果_1 真_1 是_1 你_1 改_1 了_1 目_1 的_1 地_1 ，_1 不_1 想_1 付_1 这_1 个_1 钱_1 呢_1 ，_1 喝_1 不_1 喝_1 酒_1 和_1 这_1 个_1 没_1 关_1 系_1 ，_1 一_1 般_1 来_1 说_1 滴_1 滴_1 判_1 责_1 的_1 时_1 候_1 会_1 调_1 双_1 方_1 定_1 位_1 和_1 手_1 机_1 定_1 位_1 的_1 运_1 行_1 轨_1 迹_1 ，_1 你_1 如_1 果_1 不_1 在_1 车_1 上_1 肯_1 定_1 运_1 行_1 轨_1 迹_1 不_1 一_1 样_1 。_1 @_1 网_1 友_1 司_1 机_1 不_1 结_1 束_1 行_1 程_1 不_1 能_1 接_1 新_1 单_1 ，_1 司_1 机_1 不_1 结_1 束_1 行_1 程_1 乘_1 客_1 也_1 无_1 法_1 付_1 款_1 。_1 [SEP]_1
2019-10-27 14:37:11,811 Token Sample: [CLS]_0 投_0 诉_0 上_0 海_0 造_0 艺_0 科_0 技_0 服_0 务_0 公_0 司_0 纳_0 纳_0 钱_0 包_0 [PAD]_0 [PAD]_0 [PAD]_0 [PAD]_0 [PAD]_0 [PAD]_0 [PAD]_0 [PAD]_0 [PAD]_0 [PAD]_0 [PAD]_0 [PAD]_0 [PAD]_0 [PAD]_0 [PAD]_0 [PAD]_0 [PAD]_0 [PAD]_0 [PAD]_0 [PAD]_0 [PAD]_0 [PAD]_0 [PAD]_0 [PAD]_0 [PAD]_0 [PAD]_0 [PAD]_0 [PAD]_0 [PAD]_0 [PAD]_0 [PAD]_0 [PAD]_0 [PAD]_0 [PAD]_0 [PAD]_0 [PAD]_0 [PAD]_0 [PAD]_0 [PAD]_0 [PAD]_0 [PAD]_0 [PAD]_0 [PAD]_0 [PAD]_0 [PAD]_0 [PAD]_0 [PAD]_0 [PAD]_0 [SEP]_0 上_1 海_1 造_1 艺_1 科_1 技_1 服_1 务_1 公_1 司_1 纳_1 纳_1 钱_1 包_1 引_1 导_1 消_1 费_1 者_1 绑_1 卡_1 ，_1 钻_1 空_1 子_1 式_1 ，_1 （_1 无_1 信_1 息_1 框_1 提_1 示_1 ，_1 无_1 支_1 付_1 提_1 示_1 ，_1 无_1 消_1 费_1 订_1 单_1 ）_1 到_1 最_1 后_1 ，_1 以_1 各_1 种_1 不_1 醒_1 目_1 的_1 消_1 费_1 提_1 示_1 （_1 甚_1 至_1 没_1 有_1 的_1 提_1 示_1 ）_1 作_1 为_1 借_1 口_1 从_1 银_1 行_1 卡_1 扣_1 款_1 。_1 它_1 们_1 的_1 退_1 款_1 ，_1 这_1 又_1 是_1 个_1 套_1 路_1 。_1 申_1 请_1 退_1 款_1 必_1 须_1 需_1 要_1 申_1 请_1 他_1 们_1 推_1 荐_1 的_1 产_1 品_1 ，_1 全_1 部_1 不_1 通_1 过_1 才_1 能_1 退_1 款_1 （_1 有_1 将_1 近_1 10_1 个_1 左_1 右_1 ）_1 这_1 些_1 产_1 品_1 部_1 分_1 都_1 差_1 不_1 多_1 ，_1 引_1 导_1 绑_1 卡_1 ，_1 扣_1 费_1 。_1 此_1 稿_1 由_1 网_1 友_1 上_1 传_1 至_1 华_1 声_1 在_1 线_1 投_1 诉_1 直_1 通_1 车_1 ，_1 记_1 者_1 正_1 在_1 进_1 一_1 步_1 调_1 查_1 核_1 实_1 中_1 ，_1 未_1 经_1 华_1 声_1 在_1 线_1 许_1 可_1 ，_1 严_1 禁_1 转_1 载_1 。_1 [PAD]_1 [PAD]_1 [PAD]_1 [PAD]_1 [PAD]_1 [PAD]_1 [PAD]_1 [PAD]_1 [PAD]_1 [PAD]_1 [PAD]_1 [PAD]_1 [PAD]_1 [PAD]_1 [PAD]_1 [PAD]_1 [PAD]_1 [PAD]_1 [PAD]_1 [PAD]_1 [PAD]_1 [PAD]_1 [PAD]_1 [PAD]_1 [PAD]_1 [PAD]_1 [PAD]_1 [PAD]_1 [PAD]_1 [PAD]_1 [PAD]_1 [PAD]_1 [PAD]_1 [PAD]_1 [PAD]_1 [PAD]_1 [PAD]_1 [PAD]_1 [PAD]_1 [PAD]_1 [PAD]_1 [PAD]_1 [PAD]_1 [PAD]_1 [PAD]_1 [PAD]_1 [PAD]_1 [PAD]_1 [PAD]_1 [PAD]_1 [PAD]_1 [PAD]_1 [PAD]_1 [PAD]_1 [PAD]_1 [PAD]_1 [PAD]_1 [PAD]_1 [PAD]_1 [PAD]_1 [PAD]_1 [PAD]_1 [PAD]_1 [PAD]_1 [PAD]_1 [PAD]_1 [PAD]_1 [PAD]_1 [PAD]_1 [PAD]_1 [PAD]_1 [PAD]_1 [PAD]_1 [SEP]_1 ，_1 钻_1 空_1 子_1 式_1 ，_1 （_1 无_1 信_1 息_1 框_1 提_1 示_1 ，_1 无_1 支_1 付_1 提_1 示_1 ，_1 无_1 消_1 费_1 订_1 单_1 ）_1 到_1 最_1 后_1 ，_1 以_1 各_1 种_1 不_1 醒_1 目_1 的_1 消_1 费_1 提_1 示_1 （_1 甚_1 至_1 没_1 有_1 的_1 提_1 示_1 ）_1 作_1 为_1 借_1 口_1 从_1 银_1 行_1 卡_1 扣_1 款_1 。_1 它_1 们_1 的_1 退_1 款_1 ，_1 这_1 又_1 是_1 个_1 套_1 路_1 。_1 申_1 请_1 退_1 款_1 必_1 须_1 需_1 要_1 申_1 请_1 他_1 们_1 推_1 荐_1 的_1 产_1 品_1 ，_1 全_1 部_1 不_1 通_1 过_1 才_1 能_1 退_1 款_1 （_1 有_1 将_1 近_1 10_1 个_1 左_1 右_1 ）_1 这_1 些_1 产_1 品_1 部_1 分_1 都_1 差_1 不_1 多_1 ，_1 引_1 导_1 绑_1 卡_1 ，_1 扣_1 费_1 。_1 此_1 稿_1 由_1 网_1 友_1 上_1 传_1 至_1 华_1 声_1 在_1 线_1 投_1 诉_1 直_1 通_1 车_1 ，_1 记_1 者_1 正_1 在_1 进_1 一_1 步_1 调_1 查_1 核_1 实_1 中_1 ，_1 未_1 经_1 华_1 声_1 在_1 线_1 许_1 可_1 ，_1 严_1 禁_1 转_1 载_1 。_1 [SEP]_1
2019-10-27 14:37:25,291 Token Sample: [CLS]_0 陕_0 西_0 富_0 仄_0 贩_0 婴_0 案_0 义_0 务_0 人_0 涉_0 渎_0 职_0 案_0 古_0 审_0 理_0 4_0 人_0 受_0 审_0 -_0 -_0 陕_0 西_0 富_0 平_0 县_0 资_0 讯_0 [PAD]_0 [PAD]_0 [PAD]_0 [PAD]_0 [PAD]_0 [PAD]_0 [PAD]_0 [PAD]_0 [PAD]_0 [PAD]_0 [PAD]_0 [PAD]_0 [PAD]_0 [PAD]_0 [PAD]_0 [PAD]_0 [PAD]_0 [PAD]_0 [PAD]_0 [PAD]_0 [PAD]_0 [PAD]_0 [PAD]_0 [PAD]_0 [PAD]_0 [PAD]_0 [PAD]_0 [PAD]_0 [PAD]_0 [PAD]_0 [PAD]_0 [PAD]_0 [PAD]_0 [PAD]_0 [SEP]_0 张_1 淑_1 侠_1 贩_1 卖_1 婴_1 儿_1 一_1 案_1 案_1 发_1 后_1 ，_1 富_1 平_1 县_1 有_1 关_1 部_1 门_1 对_1 时_1 任_1 副_1 县_1 长_1 李_1 富_1 平_1 、_1 卫_1 生_1 局_1 局_1 长_1 及_1 新_1 民_1 、_1 副_1 局_1 长_1 卞_1 慈_1 梅_1 、_1 妇_1 幼_1 保_1 健_1 院_1 院_1 长_1 王_1 莉_1 等_1 6_1 人_1 做_1 出_1 免_1 职_1 ，_1 并_1 依_1 法_1 追_1 究_1 责_1 任_1 。_1 这_1 起_1 相_1 关_1 事_1 业_1 单_1 位_1 人_1 员_1 涉_1 嫌_1 失_1 职_1 罪_1 一_1 案_1 将_1 于_1 今_1 天_1 上_1 午_1 ，_1 在_1 渭_1 南_1 市_1 临_1 渭_1 区_1 人_1 民_1 法_1 院_1 公_1 开_1 开_1 庭_1 审_1 理_1 。_1 记_1 者_1 在_1 临_1 渭_1 区_1 法_1 庭_1 内_1 看_1 到_1 ，_1 法_1 院_1 人_1 员_1 在_1 为_1 开_1 庭_1 做_1 着_1 最_1 后_1 的_1 准_1 备_1 ，_1 现_1 在_1 法_1 庭_1 内_1 的_1 人_1 还_1 不_1 多_1 ，_1 但_1 是_1 在_1 法_1 院_1 的_1 外_1 围_1 有_1 不_1 少_1 人_1 。_1 与_1 张_1 淑_1 侠_1 开_1 庭_1 相_1 比_1 ，_1 这_1 个_1 案_1 件_1 的_1 关_1 注_1 度_1 要_1 少_1 一_1 些_1 ，_1 正_1 在_1 旁_1 听_1 人_1 员_1 正_1 在_1 进_1 行_1 入_1 场_1 。_1 今_1 天_1 开_1 庭_1 审_1 理_1 的_1 案_1 件_1 是_1 对_1 和_1 张_1 淑_1 侠_1 贩_1 婴_1 案_1 有_1 关_1 的_1 事_1 业_1 单_1 位_1 涉_1 嫌_1 失_1 职_1 的_1 人_1 员_1 进_1 行_1 审_1 理_1 。_1 在_1 起_1 诉_1 书_1 中_1 ，_1 今_1 天_1 公_1 开_1 起_1 诉_1 的_1 有_1 4_1 人_1 ，_1 分_1 别_1 是_1 高_1 文_1 平_1 ，_1 她_1 是_1 担_1 任_1 富_1 平_1 县_1 [SEP]_1 的_1 人_1 员_1 进_1 行_1 审_1 理_1 。_1 在_1 起_1 诉_1 书_1 中_1 ，_1 今_1 天_1 公_1 开_1 起_1 诉_1 的_1 有_1 4_1 人_1 ，_1 分_1 别_1 是_1 高_1 文_1 平_1 ，_1 她_1 是_1 担_1 任_1 富_1 平_1 县_1 妇_1 幼_1 保_1 健_1 院_1 的_1 产_1 科_1 主_1 任_1 ;_1 司_1 欣_1 是_1 产_1 房_1 的_1 临_1 时_1 负_1 责_1 人_1 ;_1 姚_1 军_1 民_1 是_1 富_1 平_1 县_1 妇_1 幼_1 保_1 健_1 院_1 的_1 副_1 院_1 长_1 ;_1 以_1 及_1 妇_1 幼_1 保_1 健_1 院_1 的_1 院_1 长_1 王_1 莉_1 。_1 公_1 诉_1 人_1 认_1 为_1 上_1 述_1 四_1 名_1 被_1 告_1 人_1 的_1 行_1 为_1 是_1 触_1 犯_1 了_1 《_1 中_1 华_1 人_1 民_1 共_1 和_1 国_1 刑_1 法_1 》_1 第_1 168_1 条_1 的_1 规_1 定_1 ，_1 犯_1 罪_1 事_1 实_1 清_1 楚_1 ，_1 证_1 据_1 确_1 凿_1 充_1 分_1 ，_1 建_1 议_1 以_1 事_1 业_1 单_1 位_1 人_1 员_1 失_1 职_1 罪_1 追_1 究_1 四_1 名_1 被_1 告_1 人_1 的_1 刑_1 事_1 责_1 任_1 。_1 (_1 记_1 者_1 雷_1 凯_1 )_1 [SEP]_1
2019-10-27 14:37:30,174 seed everything and create model
2019-10-27 14:41:17,692 step 300 train loss: 0.7103
2019-10-27 14:41:17,692 step 300 score: 0.6973
2019-10-27 14:44:54,571 step 600 train loss: 0.6517
2019-10-27 14:44:54,571 step 600 score: 0.7531
2019-10-27 14:48:31,442 step 900 train loss: 0.5117
2019-10-27 14:48:31,442 step 900 score: 0.7419
2019-10-27 14:52:08,285 step 1200 train loss: 0.4331
2019-10-27 14:52:08,286 step 1200 score: 0.7588
2019-10-27 14:55:45,150 step 1500 train loss: 0.4459
2019-10-27 14:55:45,150 step 1500 score: 0.7629
2019-10-27 14:59:21,993 step 1800 train loss: 0.4366
2019-10-27 14:59:21,993 step 1800 score: 0.7500
2019-10-27 15:02:58,830 step 2100 train loss: 0.5030
2019-10-27 15:02:58,830 step 2100 score: 0.7819
2019-10-27 15:06:35,731 step 2400 train loss: 0.4254
2019-10-27 15:06:35,732 step 2400 score: 0.7698
2019-10-27 15:10:12,558 step 2700 train loss: 0.3860
2019-10-27 15:10:12,559 step 2700 score: 0.7976
2019-10-27 15:13:49,384 step 3000 train loss: 0.3433
2019-10-27 15:13:49,384 step 3000 score: 0.8018
2019-10-27 15:13:49,401 best score is 0.8018
2019-10-27 15:24:16,382 step 300 train loss: 0.8321
2019-10-27 15:24:16,383 step 300 score: 0.6971
2019-10-27 15:27:53,252 step 600 train loss: 0.6179
2019-10-27 15:27:53,252 step 600 score: 0.7337
2019-10-27 15:31:30,150 step 900 train loss: 0.4939
2019-10-27 15:31:30,151 step 900 score: 0.6956
2019-10-27 15:35:07,051 step 1200 train loss: 0.4603
2019-10-27 15:35:07,051 step 1200 score: 0.7464
2019-10-27 15:38:43,967 step 1500 train loss: 0.4450
2019-10-27 15:38:43,967 step 1500 score: 0.6714
2019-10-27 15:42:20,857 step 1800 train loss: 0.4177
2019-10-27 15:42:20,858 step 1800 score: 0.7685
2019-10-27 15:45:57,773 step 2100 train loss: 0.4149
2019-10-27 15:45:57,773 step 2100 score: 0.6375
2019-10-27 15:49:34,671 step 2400 train loss: 0.4463
2019-10-27 15:49:34,672 step 2400 score: 0.7308
2019-10-27 15:53:11,572 step 2700 train loss: 0.4065
2019-10-27 15:53:11,572 step 2700 score: 0.7620
2019-10-27 15:56:48,466 step 3000 train loss: 0.3572
2019-10-27 15:56:48,466 step 3000 score: 0.7698
2019-10-27 15:56:48,483 best score is 0.7698
2019-10-27 16:07:15,637 step 300 train loss: 0.8030
2019-10-27 16:07:15,637 step 300 score: 0.6402
2019-10-27 16:10:52,519 step 600 train loss: 0.5931
2019-10-27 16:10:52,519 step 600 score: 0.6548
2019-10-27 16:14:29,372 step 900 train loss: 0.5448
2019-10-27 16:14:29,372 step 900 score: 0.7490
2019-10-27 16:18:06,250 step 1200 train loss: 0.5148
2019-10-27 16:18:06,250 step 1200 score: 0.6948
2019-10-27 16:21:41,959 step 1500 train loss: 0.4776
2019-10-27 16:21:41,959 step 1500 score: 0.7189
2019-10-27 16:25:17,596 step 1800 train loss: 0.4187
2019-10-27 16:25:17,596 step 1800 score: 0.7697
2019-10-27 16:28:53,232 step 2100 train loss: 0.4180
2019-10-27 16:28:53,232 step 2100 score: 0.7745
2019-10-27 16:32:28,884 step 2400 train loss: 0.3803
2019-10-27 16:32:28,884 step 2400 score: 0.7982
2019-10-27 16:36:04,533 step 2700 train loss: 0.3511
2019-10-27 16:36:04,533 step 2700 score: 0.7892
2019-10-27 16:39:40,162 step 3000 train loss: 0.3684
2019-10-27 16:39:40,162 step 3000 score: 0.8009
2019-10-27 16:39:40,175 best score is 0.8009
2019-10-27 16:50:05,944 step 300 train loss: 0.7851
2019-10-27 16:50:05,944 step 300 score: 0.5469
2019-10-27 16:53:41,585 step 600 train loss: 0.5429
2019-10-27 16:53:41,586 step 600 score: 0.7357
2019-10-27 16:57:17,264 step 900 train loss: 0.5683
2019-10-27 16:57:17,265 step 900 score: 0.6981
2019-10-27 17:00:52,928 step 1200 train loss: 0.4674
2019-10-27 17:00:52,929 step 1200 score: 0.7309
2019-10-27 17:04:28,596 step 1500 train loss: 0.4612
2019-10-27 17:04:28,596 step 1500 score: 0.7382
2019-10-27 17:08:04,245 step 1800 train loss: 0.4377
2019-10-27 17:08:04,246 step 1800 score: 0.7539
2019-10-27 17:11:39,969 step 2100 train loss: 0.4361
2019-10-27 17:11:39,969 step 2100 score: 0.7635
2019-10-27 17:15:15,632 step 2400 train loss: 0.3754
2019-10-27 17:15:15,632 step 2400 score: 0.7700
2019-10-27 17:18:51,310 step 2700 train loss: 0.3577
2019-10-27 17:18:51,310 step 2700 score: 0.7713
2019-10-27 17:22:26,971 step 3000 train loss: 0.3796
2019-10-27 17:22:26,972 step 3000 score: 0.7724
2019-10-27 17:22:26,986 best score is 0.7724
2019-10-27 17:32:52,797 step 300 train loss: 1.0202
2019-10-27 17:32:52,798 step 300 score: 0.2895
2019-10-27 17:36:28,474 step 600 train loss: 0.9701
2019-10-27 17:36:28,474 step 600 score: 0.2165
2019-10-27 17:40:04,142 step 900 train loss: 0.8544
2019-10-27 17:40:04,142 step 900 score: 0.4226
2019-10-27 17:43:39,848 step 1200 train loss: 0.7216
2019-10-27 17:43:39,848 step 1200 score: 0.5218
2019-10-27 17:47:15,533 step 1500 train loss: 0.5931
2019-10-27 17:47:15,533 step 1500 score: 0.5056
2019-10-27 17:50:51,215 step 1800 train loss: 0.5546
2019-10-27 17:50:51,215 step 1800 score: 0.6020
2019-10-27 17:54:26,931 step 2100 train loss: 0.5853
2019-10-27 17:54:26,931 step 2100 score: 0.6339
2019-10-27 17:58:02,622 step 2400 train loss: 0.5701
2019-10-27 17:58:02,622 step 2400 score: 0.7408
2019-10-27 18:01:38,323 step 2700 train loss: 0.5211
2019-10-27 18:01:38,324 step 2700 score: 0.7441
2019-10-27 18:05:14,009 step 3000 train loss: 0.4616
2019-10-27 18:05:14,009 step 3000 score: 0.7547
2019-10-27 18:05:14,023 best score is 0.7547
2019-10-27 18:12:04,111 average: 0.779910
