2019-10-27 13:15:56,926 log_in_file: True
2019-10-27 13:15:56,926 lm_path: /home/wangzl/PretrainedLM/BERT/New/roberta_zh_L-24_H-1024_A-16/
2019-10-27 13:15:56,926 lm_type: bert
2019-10-27 13:15:56,926 data_path: ../data/
2019-10-27 13:15:56,926 usegpu: True
2019-10-27 13:15:56,926 n_fold: 5
2019-10-27 13:15:56,926 total_step: 3000
2019-10-27 13:15:56,927 eval_every: 300
2019-10-27 13:15:56,927 early_stop: 4
2019-10-27 13:15:56,927 max_length: 510
2019-10-27 13:15:56,927 max_title_rate: 0.125
2019-10-27 13:15:56,927 content_head_rate: 0.6
2019-10-27 13:15:56,927 batch_size: 3
2019-10-27 13:15:56,927 lr_scheduler_type: linear
2019-10-27 13:15:56,927 input_pattern: head+tail+fixed
2019-10-27 13:15:56,927 clean_method: space+notzh
2019-10-27 13:15:56,927 warmup_rate: 0.1
2019-10-27 13:15:56,927 classifier_dropout: 0.3
2019-10-27 13:15:56,927 classifier_active: tanh
2019-10-27 13:15:56,927 seed: 1
2019-10-27 13:15:56,927 lr: 2e-05
2019-10-27 13:15:56,927 lr_decay_in_layers: 0.95
2019-10-27 13:15:56,927 wd_decay_in_layers: 1.0
2019-10-27 13:15:56,927 weight_decay: 0.01
2019-10-27 13:15:56,944 padding token is 0
2019-10-27 13:16:24,247 Token Sample: [CLS]_0 鸟_0 窝_0 只_0 剩_0 4_0 个_0 蛋_0 了_0 [PAD]_0 [PAD]_0 [PAD]_0 [PAD]_0 [PAD]_0 [PAD]_0 [PAD]_0 [PAD]_0 [PAD]_0 [PAD]_0 [PAD]_0 [PAD]_0 [PAD]_0 [PAD]_0 [PAD]_0 [PAD]_0 [PAD]_0 [PAD]_0 [PAD]_0 [PAD]_0 [PAD]_0 [PAD]_0 [PAD]_0 [PAD]_0 [PAD]_0 [PAD]_0 [PAD]_0 [PAD]_0 [PAD]_0 [PAD]_0 [PAD]_0 [PAD]_0 [PAD]_0 [PAD]_0 [PAD]_0 [PAD]_0 [PAD]_0 [PAD]_0 [PAD]_0 [PAD]_0 [PAD]_0 [PAD]_0 [PAD]_0 [PAD]_0 [PAD]_0 [PAD]_0 [PAD]_0 [PAD]_0 [PAD]_0 [PAD]_0 [PAD]_0 [PAD]_0 [PAD]_0 [PAD]_0 [PAD]_0 [PAD]_0 [SEP]_0 翅_1 膀_1 都_1 长_1 毛_1 的_1 小_1 八_1 哥_1 失_1 踪_1 了_1 [PAD]_1 [PAD]_1 [PAD]_1 [PAD]_1 [PAD]_1 [PAD]_1 [PAD]_1 [PAD]_1 [PAD]_1 [PAD]_1 [PAD]_1 [PAD]_1 [PAD]_1 [PAD]_1 [PAD]_1 [PAD]_1 [PAD]_1 [PAD]_1 [PAD]_1 [PAD]_1 [PAD]_1 [PAD]_1 [PAD]_1 [PAD]_1 [PAD]_1 [PAD]_1 [PAD]_1 [PAD]_1 [PAD]_1 [PAD]_1 [PAD]_1 [PAD]_1 [PAD]_1 [PAD]_1 [PAD]_1 [PAD]_1 [PAD]_1 [PAD]_1 [PAD]_1 [PAD]_1 [PAD]_1 [PAD]_1 [PAD]_1 [PAD]_1 [PAD]_1 [PAD]_1 [PAD]_1 [PAD]_1 [PAD]_1 [PAD]_1 [PAD]_1 [PAD]_1 [PAD]_1 [PAD]_1 [PAD]_1 [PAD]_1 [PAD]_1 [PAD]_1 [PAD]_1 [PAD]_1 [PAD]_1 [PAD]_1 [PAD]_1 [PAD]_1 [PAD]_1 [PAD]_1 [PAD]_1 [PAD]_1 [PAD]_1 [PAD]_1 [PAD]_1 [PAD]_1 [PAD]_1 [PAD]_1 [PAD]_1 [PAD]_1 [PAD]_1 [PAD]_1 [PAD]_1 [PAD]_1 [PAD]_1 [PAD]_1 [PAD]_1 [PAD]_1 [PAD]_1 [PAD]_1 [PAD]_1 [PAD]_1 [PAD]_1 [PAD]_1 [PAD]_1 [PAD]_1 [PAD]_1 [PAD]_1 [PAD]_1 [PAD]_1 [PAD]_1 [PAD]_1 [PAD]_1 [PAD]_1 [PAD]_1 [PAD]_1 [PAD]_1 [PAD]_1 [PAD]_1 [PAD]_1 [PAD]_1 [PAD]_1 [PAD]_1 [PAD]_1 [PAD]_1 [PAD]_1 [PAD]_1 [PAD]_1 [PAD]_1 [PAD]_1 [PAD]_1 [PAD]_1 [PAD]_1 [PAD]_1 [PAD]_1 [PAD]_1 [PAD]_1 [PAD]_1 [PAD]_1 [PAD]_1 [PAD]_1 [PAD]_1 [PAD]_1 [PAD]_1 [PAD]_1 [PAD]_1 [PAD]_1 [PAD]_1 [PAD]_1 [PAD]_1 [PAD]_1 [PAD]_1 [PAD]_1 [PAD]_1 [PAD]_1 [PAD]_1 [PAD]_1 [PAD]_1 [PAD]_1 [PAD]_1 [PAD]_1 [PAD]_1 [PAD]_1 [PAD]_1 [PAD]_1 [PAD]_1 [PAD]_1 [PAD]_1 [PAD]_1 [PAD]_1 [PAD]_1 [PAD]_1 [PAD]_1 [PAD]_1 [PAD]_1 [PAD]_1 [PAD]_1 [PAD]_1 [PAD]_1 [PAD]_1 [PAD]_1 [PAD]_1 [PAD]_1 [PAD]_1 [PAD]_1 [PAD]_1 [PAD]_1 [PAD]_1 [PAD]_1 [PAD]_1 [PAD]_1 [PAD]_1 [PAD]_1 [PAD]_1 [PAD]_1 [PAD]_1 [PAD]_1 [PAD]_1 [PAD]_1 [PAD]_1 [PAD]_1 [PAD]_1 [PAD]_1 [PAD]_1 [PAD]_1 [PAD]_1 [PAD]_1 [PAD]_1 [PAD]_1 [PAD]_1 [PAD]_1 [PAD]_1 [PAD]_1 [PAD]_1 [PAD]_1 [PAD]_1 [PAD]_1 [PAD]_1 [PAD]_1 [PAD]_1 [PAD]_1 [PAD]_1 [PAD]_1 [PAD]_1 [PAD]_1 [PAD]_1 [PAD]_1 [PAD]_1 [PAD]_1 [PAD]_1 [PAD]_1 [PAD]_1 [PAD]_1 [PAD]_1 [PAD]_1 [PAD]_1 [PAD]_1 [PAD]_1 [PAD]_1 [PAD]_1 [PAD]_1 [PAD]_1 [PAD]_1 [PAD]_1 [PAD]_1 [PAD]_1 [PAD]_1 [PAD]_1 [PAD]_1 [PAD]_1 [PAD]_1 [PAD]_1 [PAD]_1 [PAD]_1 [PAD]_1 [PAD]_1 [PAD]_1 [PAD]_1 [PAD]_1 [PAD]_1 [PAD]_1 [PAD]_1 [PAD]_1 [PAD]_1 [PAD]_1 [PAD]_1 [PAD]_1 [PAD]_1 [PAD]_1 [PAD]_1 [SEP]_1 [PAD]_1 [PAD]_1 [PAD]_1 [PAD]_1 [PAD]_1 [PAD]_1 [PAD]_1 [PAD]_1 [PAD]_1 [PAD]_1 [PAD]_1 [PAD]_1 [PAD]_1 [PAD]_1 [PAD]_1 [PAD]_1 [PAD]_1 [PAD]_1 [PAD]_1 [PAD]_1 [PAD]_1 [PAD]_1 [PAD]_1 [PAD]_1 [PAD]_1 [PAD]_1 [PAD]_1 [PAD]_1 [PAD]_1 [PAD]_1 [PAD]_1 [PAD]_1 [PAD]_1 [PAD]_1 [PAD]_1 [PAD]_1 [PAD]_1 [PAD]_1 [PAD]_1 [PAD]_1 [PAD]_1 [PAD]_1 [PAD]_1 [PAD]_1 [PAD]_1 [PAD]_1 [PAD]_1 [PAD]_1 [PAD]_1 [PAD]_1 [PAD]_1 [PAD]_1 [PAD]_1 [PAD]_1 [PAD]_1 [PAD]_1 [PAD]_1 [PAD]_1 [PAD]_1 [PAD]_1 [PAD]_1 [PAD]_1 [PAD]_1 [PAD]_1 [PAD]_1 [PAD]_1 [PAD]_1 [PAD]_1 [PAD]_1 [PAD]_1 [PAD]_1 [PAD]_1 [PAD]_1 [PAD]_1 [PAD]_1 [PAD]_1 [PAD]_1 [PAD]_1 [PAD]_1 [PAD]_1 [PAD]_1 [PAD]_1 [PAD]_1 [PAD]_1 [PAD]_1 [PAD]_1 [PAD]_1 [PAD]_1 [PAD]_1 [PAD]_1 [PAD]_1 [PAD]_1 [PAD]_1 [PAD]_1 [PAD]_1 [PAD]_1 [PAD]_1 [PAD]_1 [PAD]_1 [PAD]_1 [PAD]_1 [PAD]_1 [PAD]_1 [PAD]_1 [PAD]_1 [PAD]_1 [PAD]_1 [PAD]_1 [PAD]_1 [PAD]_1 [PAD]_1 [PAD]_1 [PAD]_1 [PAD]_1 [PAD]_1 [PAD]_1 [PAD]_1 [PAD]_1 [PAD]_1 [PAD]_1 [PAD]_1 [PAD]_1 [PAD]_1 [PAD]_1 [PAD]_1 [PAD]_1 [PAD]_1 [PAD]_1 [PAD]_1 [PAD]_1 [PAD]_1 [PAD]_1 [PAD]_1 [PAD]_1 [PAD]_1 [PAD]_1 [PAD]_1 [PAD]_1 [PAD]_1 [PAD]_1 [PAD]_1 [PAD]_1 [PAD]_1 [PAD]_1 [PAD]_1 [PAD]_1 [PAD]_1 [PAD]_1 [PAD]_1 [PAD]_1 [PAD]_1 [PAD]_1 [PAD]_1 [PAD]_1 [PAD]_1 [PAD]_1 [PAD]_1 [PAD]_1 [PAD]_1 [PAD]_1 [PAD]_1 [PAD]_1 翅_1 膀_1 都_1 长_1 毛_1 的_1 小_1 八_1 哥_1 失_1 踪_1 了_1 [SEP]_1
2019-10-27 13:16:43,247 Token Sample: [CLS]_0 相_0 城_0 法_0 院_0 一_0 审_0 宣_0 判_0 16_0 人_0 恶_0 势_0 力_0 犯_0 罪_0 集_0 团_0 [UNK]_0 碰_0 瓷_0 [UNK]_0 酒_0 驾_0 者_0 诈_0 骗_0 30_0 万_0 __0 ._0 ._0 ._0 [PAD]_0 [PAD]_0 [PAD]_0 [PAD]_0 [PAD]_0 [PAD]_0 [PAD]_0 [PAD]_0 [PAD]_0 [PAD]_0 [PAD]_0 [PAD]_0 [PAD]_0 [PAD]_0 [PAD]_0 [PAD]_0 [PAD]_0 [PAD]_0 [PAD]_0 [PAD]_0 [PAD]_0 [PAD]_0 [PAD]_0 [PAD]_0 [PAD]_0 [PAD]_0 [PAD]_0 [PAD]_0 [PAD]_0 [PAD]_0 [PAD]_0 [PAD]_0 [SEP]_0 苏_1 报_1 讯_1 (_1 苏_1 报_1 融_1 媒_1 记_1 者_1 邹_1 强_1 通_1 讯_1 员_1 张_1 丁_1 )_1 前_1 天_1 ，_1 相_1 城_1 区_1 人_1 民_1 法_1 院_1 对_1 被_1 告_1 人_1 张_1 某_1 等_1 16_1 人_1 恶_1 势_1 力_1 犯_1 罪_1 集_1 团_1 [UNK]_1 酒_1 驾_1 碰_1 瓷_1 [UNK]_1 案_1 作_1 出_1 一_1 审_1 宣_1 判_1 。_1 该_1 犯_1 罪_1 集_1 团_1 首_1 要_1 分_1 子_1 张_1 某_1 被_1 法_1 院_1 以_1 故_1 意_1 毁_1 坏_1 财_1 物_1 罪_1 、_1 敲_1 诈_1 勒_1 索_1 罪_1 、_1 诈_1 骗_1 罪_1 、_1 保_1 险_1 诈_1 骗_1 罪_1 数_1 罪_1 并_1 罚_1 ，_1 判_1 处_1 有_1 期_1 徒_1 刑_1 11_1 年_1 ，_1 并_1 处_1 罚_1 金_1 5_1 万_1 元_1 。_1 该_1 犯_1 罪_1 集_1 团_1 重_1 要_1 成_1 员_1 程_1 某_1 、_1 张_1 某_1 杰_1 、_1 童_1 某_1 等_1 3_1 人_1 被_1 法_1 院_1 以_1 上_1 述_1 罪_1 名_1 数_1 罪_1 并_1 罚_1 ，_1 判_1 处_1 8_1 年_1 到_1 3_1 年_1 10_1 个_1 月_1 不_1 等_1 的_1 有_1 期_1 徒_1 刑_1 ，_1 并_1 处_1 相_1 应_1 罚_1 金_1 。_1 其_1 余_1 12_1 人_1 也_1 根_1 据_1 各_1 自_1 的_1 犯_1 罪_1 情_1 节_1 ，_1 被_1 法_1 院_1 判_1 处_1 3_1 年_1 3_1 个_1 月_1 至_1 1_1 年_1 不_1 等_1 的_1 有_1 期_1 徒_1 刑_1 ，_1 并_1 处_1 相_1 应_1 罚_1 金_1 。_1 法_1 院_1 审_1 理_1 查_1 明_1 :_1 被_1 告_1 人_1 张_1 某_1 原_1 来_1 是_1 某_1 汽_1 修_1 店_1 店_1 长_1 。_1 2016_1 年_1 8_1 月_1 至_1 10_1 月_1 间_1 ，_1 他_1 纠_1 集_1 程_1 某_1 、_1 魏_1 某_1 等_1 人_1 ，_1 程_1 某_1 纠_1 集_1 吴_1 某_1 [SEP]_1 ，_1 被_1 告_1 人_1 张_1 某_1 在_1 取_1 保_1 候_1 审_1 期_1 间_1 ，_1 纠_1 集_1 程_1 某_1 、_1 魏_1 某_1 、_1 马_1 某_1 等_1 6_1 人_1 ，_1 被_1 告_1 人_1 童_1 某_1 纠_1 集_1 唐_1 某_1 等_1 3_1 人_1 ，_1 被_1 告_1 人_1 程_1 某_1 又_1 纠_1 集_1 柏_1 某_1 等_1 4_1 人_1 ，_1 共_1 同_1 组_1 成_1 恶_1 势_1 力_1 犯_1 罪_1 集_1 团_1 ，_1 在_1 相_1 城_1 区_1 、_1 姑_1 苏_1 区_1 、_1 高_1 新_1 区_1 等_1 地_1 从_1 事_1 犯_1 罪_1 活_1 动_1 14_1 次_1 。_1 该_1 恶_1 势_1 力_1 犯_1 罪_1 集_1 团_1 成_1 员_1 分_1 工_1 协_1 作_1 ，_1 在_1 酒_1 吧_1 、_1 ktv_1 等_1 场_1 所_1 门_1 口_1 寻_1 找_1 酒_1 后_1 驾_1 车_1 人_1 员_1 ，_1 驾_1 车_1 跟_1 随_1 酒_1 后_1 驾_1 车_1 人_1 员_1 故_1 意_1 撞_1 击_1 ，_1 然_1 后_1 多_1 人_1 到_1 场_1 制_1 造_1 声_1 势_1 ，_1 以_1 报_1 警_1 相_1 要_1 挟_1 索_1 要_1 钱_1 款_1 ，_1 攫_1 取_1 非_1 法_1 利_1 益_1 总_1 计_1 30_1 万_1 余_1 元_1 。_1 [SEP]_1
2019-10-27 13:17:09,566 Token Sample: [CLS]_0 华_0 为_0 公_0 主_0 保_0 释_0 硬_0 仗_0 在_0 后_0 面_0 [PAD]_0 [PAD]_0 [PAD]_0 [PAD]_0 [PAD]_0 [PAD]_0 [PAD]_0 [PAD]_0 [PAD]_0 [PAD]_0 [PAD]_0 [PAD]_0 [PAD]_0 [PAD]_0 [PAD]_0 [PAD]_0 [PAD]_0 [PAD]_0 [PAD]_0 [PAD]_0 [PAD]_0 [PAD]_0 [PAD]_0 [PAD]_0 [PAD]_0 [PAD]_0 [PAD]_0 [PAD]_0 [PAD]_0 [PAD]_0 [PAD]_0 [PAD]_0 [PAD]_0 [PAD]_0 [PAD]_0 [PAD]_0 [PAD]_0 [PAD]_0 [PAD]_0 [PAD]_0 [PAD]_0 [PAD]_0 [PAD]_0 [PAD]_0 [PAD]_0 [PAD]_0 [PAD]_0 [PAD]_0 [PAD]_0 [PAD]_0 [PAD]_0 [PAD]_0 [PAD]_0 [SEP]_0 经_1 过_1 三_1 轮_1 保_1 释_1 听_1 证_1 会_1 后_1 ，_1 加_1 拿_1 大_1 法_1 庭_1 终_1 在_1 当_1 地_1 时_1 间_1 11_1 日_1 裁_1 定_1 中_1 国_1 设_1 备_1 大_1 厂_1 华_1 为_1 财_1 务_1 长_1 孟_1 晚_1 舟_1 得_1 以_1 保_1 释_1 ，_1 保_1 释_1 金_1 为_1 1_1 ，_1 000_1 万_1 加_1 元_1 。_1 接_1 下_1 来_1 美_1 方_1 若_1 在_1 期_1 限_1 内_1 向_1 加_1 国_1 提_1 出_1 引_1 渡_1 申_1 请_1 ，_1 预_1 计_1 孟_1 晚_1 舟_1 得_1 在_1 庭_1 上_1 与_1 美_1 方_1 激_1 烈_1 交_1 锋_1 。_1 按_1 过_1 去_1 经_1 验_1 ，_1 引_1 渡_1 程_1 序_1 旷_1 日_1 持_1 久_1 ，_1 孟_1 晚_1 舟_1 或_1 将_1 在_1 加_1 国_1 被_1 「_1 半_1 软_1 禁_1 」_1 很_1 长_1 一_1 段_1 时_1 间_1 。_1 孟_1 晚_1 舟_1 是_1 华_1 为_1 创_1 办_1 人_1 任_1 正_1 非_1 的_1 长_1 女_1 。_1 在_1 12_1 月_1 1_1 日_1 阿_1 根_1 廷_1 g20_1 「_1 习_1 川_1 会_1 」_1 举_1 行_1 的_1 同_1 一_1 天_1 ，_1 加_1 拿_1 大_1 警_1 方_1 应_1 美_1 方_1 要_1 求_1 ，_1 在_1 温_1 哥_1 华_1 机_1 场_1 逮_1 捕_1 涉_1 嫌_1 违_1 反_1 美_1 国_1 出_1 口_1 禁_1 令_1 的_1 孟_1 晚_1 舟_1 。_1 为_1 获_1 保_1 释_1 ，_1 孟_1 晚_1 舟_1 分_1 别_1 在_1 7_1 、_1 10_1 日_1 两_1 轮_1 的_1 听_1 证_1 会_1 上_1 提_1 出_1 健_1 康_1 因_1 素_1 、_1 1_1 ，_1 500_1 万_1 加_1 元_1 保_1 释_1 金_1 、_1 自_1 聘_1 保_1 全_1 公_1 司_1 监_1 督_1 等_1 理_1 由_1 与_1 条_1 件_1 ，_1 终_1 于_1 在_1 11_1 日_1 以_1 1_1 ，_1 000_1 万_1 加_1 元_1 保_1 释_1 [SEP]_1 听_1 证_1 将_1 旷_1 日_1 持_1 久_1 ，_1 也_1 意_1 味_1 着_1 一_1 旦_1 进_1 入_1 引_1 渡_1 程_1 序_1 ，_1 孟_1 晚_1 舟_1 或_1 将_1 被_1 「_1 半_1 软_1 禁_1 」_1 在_1 加_1 国_1 很_1 长_1 一_1 段_1 时_1 间_1 。_1 即_1 使_1 加_1 国_1 法_1 院_1 作_1 出_1 引_1 渡_1 裁_1 定_1 ，_1 孟_1 晚_1 舟_1 也_1 可_1 上_1 诉_1 ，_1 并_1 转_1 往_1 行_1 政_1 审_1 查_1 ，_1 由_1 加_1 拿_1 大_1 司_1 法_1 部_1 长_1 决_1 定_1 是_1 否_1 要_1 根_1 据_1 加_1 国_1 引_1 渡_1 法_1 进_1 行_1 引_1 渡_1 。_1 值_1 得_1 注_1 意_1 的_1 是_1 ，_1 在_1 孟_1 晚_1 舟_1 保_1 释_1 当_1 天_1 ，_1 国_1 际_1 危_1 机_1 组_1 织_1 表_1 示_1 ，_1 现_1 任_1 该_1 组_1 织_1 东_1 北_1 亚_1 高_1 级_1 顾_1 问_1 的_1 加_1 拿_1 大_1 前_1 外_1 交_1 官_1 康_1 明_1 凯_1 ，_1 近_1 日_1 被_1 中_1 国_1 拘_1 留_1 。_1 中_1 国_1 外_1 交_1 部_1 对_1 此_1 表_1 示_1 ，_1 因_1 其_1 可_1 能_1 违_1 反_1 中_1 国_1 法_1 律_1 。_1 [SEP]_1
2019-10-27 13:17:32,119 Token Sample: [CLS]_0 花_0 粉_0 过_0 敏_0 人_0 多_0 市_0 民_0 期_0 待_0 武_0 汉_0 气_0 象_0 平_0 台_0 发_0 布_0 [UNK]_0 花_0 粉_0 指_0 数_0 [UNK]_0 [PAD]_0 [PAD]_0 [PAD]_0 [PAD]_0 [PAD]_0 [PAD]_0 [PAD]_0 [PAD]_0 [PAD]_0 [PAD]_0 [PAD]_0 [PAD]_0 [PAD]_0 [PAD]_0 [PAD]_0 [PAD]_0 [PAD]_0 [PAD]_0 [PAD]_0 [PAD]_0 [PAD]_0 [PAD]_0 [PAD]_0 [PAD]_0 [PAD]_0 [PAD]_0 [PAD]_0 [PAD]_0 [PAD]_0 [PAD]_0 [PAD]_0 [PAD]_0 [PAD]_0 [PAD]_0 [PAD]_0 [PAD]_0 [PAD]_0 [PAD]_0 [PAD]_0 [PAD]_0 [SEP]_0 长_1 江_1 网_1 3_1 月_1 27_1 日_1 讯_1 (_1 长_1 江_1 日_1 报_1 记_1 者_1 王_1 恺_1 凝_1 刘_1 璇_1 符_1 樱_1 通_1 讯_1 员_1 童_1 萱_1 谯_1 玲_1 玲_1 张_1 祖_1 国_1 )_1 26_1 日_1 ，_1 长_1 江_1 日_1 报_1 推_1 出_1 的_1 [UNK]_1 武_1 汉_1 过_1 敏_1 患_1 者_1 过_1 半_1 是_1 花_1 粉_1 致_1 敏_1 ，_1 专_1 家_1 建_1 议_1 发_1 布_1 花_1 粉_1 指_1 数_1 [UNK]_1 报_1 道_1 引_1 起_1 市_1 民_1 强_1 烈_1 共_1 鸣_1 。_1 记_1 者_1 在_1 医_1 院_1 和_1 武_1 汉_1 街_1 头_1 随_1 机_1 采_1 访_1 了_1 30_1 位_1 市_1 民_1 ，_1 他_1 们_1 均_1 表_1 示_1 随_1 着_1 武_1 汉_1 城_1 市_1 生_1 态_1 的_1 提_1 升_1 ，_1 花_1 粉_1 过_1 敏_1 已_1 然_1 成_1 [UNK]_1 幸_1 福_1 的_1 烦_1 恼_1 [UNK]_1 ，_1 如_1 果_1 能_1 和_1 上_1 海_1 、_1 北_1 京_1 一_1 样_1 在_1 气_1 象_1 平_1 台_1 上_1 发_1 布_1 [UNK]_1 花_1 粉_1 指_1 数_1 [UNK]_1 提_1 醒_1 市_1 民_1 防_1 范_1 ，_1 无_1 疑_1 是_1 提_1 升_1 城_1 市_1 幸_1 福_1 感_1 的_1 实_1 事_1 。_1 市_1 民_1 期_1 待_1 发_1 布_1 花_1 粉_1 指_1 数_1 花_1 粉_1 过_1 敏_1 不_1 仅_1 表_1 现_1 在_1 皮_1 肤_1 和_1 耳_1 鼻_1 喉_1 ，_1 眼_1 睛_1 也_1 是_1 [UNK]_1 重_1 灾_1 区_1 [UNK]_1 。_1 27_1 日_1 ，_1 记_1 者_1 从_1 同_1 济_1 、_1 省_1 人_1 民_1 、_1 市_1 第_1 一_1 医_1 院_1 、_1 市_1 儿_1 童_1 医_1 院_1 等_1 多_1 家_1 医_1 院_1 眼_1 科_1 了_1 解_1 到_1 ，_1 过_1 敏_1 引_1 发_1 的_1 结_1 膜_1 炎_1 已_1 出_1 现_1 小_1 高_1 峰_1 ，_1 到_1 医_1 院_1 [SEP]_1 。_1 比_1 如_1 ，_1 当_1 有_1 3_1 -_1 4_1 级_1 风_1 时_1 ，_1 一_1 般_1 增_1 加_1 1_1 级_1 ，_1 有_1 中_1 雨_1 或_1 更_1 大_1 降_1 水_1 时_1 ，_1 一_1 般_1 减_1 少_1 1_1 级_1 。_1 经_1 过_1 气_1 象_1 条_1 件_1 修_1 正_1 后_1 的_1 花_1 粉_1 过_1 敏_1 气_1 象_1 指_1 数_1 级_1 别_1 ，_1 也_1 就_1 是_1 花_1 粉_1 过_1 敏_1 气_1 象_1 指_1 数_1 。_1 气_1 象_1 部_1 门_1 相_1 关_1 人_1 士_1 介_1 绍_1 ，_1 武_1 汉_1 之_1 前_1 发_1 布_1 过_1 花_1 粉_1 过_1 敏_1 指_1 数_1 ，_1 不_1 过_1 这_1 种_1 指_1 数_1 季_1 节_1 性_1 比_1 较_1 强_1 。_1 眼_1 下_1 武_1 汉_1 发_1 布_1 的_1 生_1 活_1 气_1 象_1 指_1 数_1 包_1 括_1 穿_1 衣_1 指_1 数_1 、_1 感_1 冒_1 指_1 数_1 、_1 洗_1 车_1 指_1 数_1 等_1 ，_1 后_1 期_1 根_1 据_1 季_1 节_1 情_1 况_1 ，_1 可_1 能_1 会_1 发_1 布_1 花_1 粉_1 过_1 敏_1 指_1 数_1 ，_1 更_1 好_1 地_1 服_1 务_1 市_1 民_1 。_1 责_1 编_1 ：_1 江_1 尚_1 骏_1 [SEP]_1
2019-10-27 13:17:32,506 seed everything and create model
2019-10-27 13:22:00,839 step 300 train loss: 0.7212
2019-10-27 13:22:00,840 step 300 score: 0.7119
2019-10-27 13:26:18,517 step 600 train loss: 0.5698
2019-10-27 13:26:18,517 step 600 score: 0.6970
2019-10-27 13:30:36,183 step 900 train loss: 0.4524
2019-10-27 13:30:36,183 step 900 score: 0.7519
2019-10-27 13:34:53,826 step 1200 train loss: 0.4403
2019-10-27 13:34:53,826 step 1200 score: 0.7617
2019-10-27 13:39:11,509 step 1500 train loss: 0.4822
2019-10-27 13:39:11,509 step 1500 score: 0.7950
2019-10-27 13:43:29,110 step 1800 train loss: 0.3955
2019-10-27 13:43:29,110 step 1800 score: 0.7799
2019-10-27 13:47:46,356 step 2100 train loss: 0.3444
2019-10-27 13:47:46,356 step 2100 score: 0.7907
2019-10-27 13:52:03,917 step 2400 train loss: 0.2868
2019-10-27 13:52:03,917 step 2400 score: 0.7982
2019-10-27 13:56:21,552 step 2700 train loss: 0.2948
2019-10-27 13:56:21,552 step 2700 score: 0.7973
2019-10-27 14:00:39,154 step 3000 train loss: 0.2766
2019-10-27 14:00:39,155 step 3000 score: 0.8072
2019-10-27 14:00:39,168 best score is 0.8072
