2019-10-22 10:42:59,593 log_in_file: True
2019-10-22 10:42:59,593 lm_path: /home/wangzl/PretrainedLM/XLNET/chinese_xlnet_mid_pytorch/
2019-10-22 10:42:59,594 lm_type: xlnet
2019-10-22 10:42:59,594 data_path: ../data/
2019-10-22 10:42:59,594 usegpu: True
2019-10-22 10:42:59,594 use_origin: False
2019-10-22 10:42:59,594 total_step: 5000
2019-10-22 10:42:59,594 eval_every: 500
2019-10-22 10:42:59,594 early_stop: 4
2019-10-22 10:42:59,594 max_length: 510
2019-10-22 10:42:59,594 max_title_rate: 0.09
2019-10-22 10:42:59,594 content_head_rate: 0.6
2019-10-22 10:42:59,594 batch_size: 2
2019-10-22 10:42:59,594 lr_scheduler_type: linear
2019-10-22 10:42:59,594 input_pattern: head+tail+fixed
2019-10-22 10:42:59,594 clean_method: space+notzh
2019-10-22 10:42:59,594 warmup_rate: 0.1
2019-10-22 10:42:59,594 classifier_dropout: 0.3
2019-10-22 10:42:59,594 classifier_weight_decay: 0.0
2019-10-22 10:42:59,594 cache_final_model: False
2019-10-22 10:42:59,594 seed: 23
2019-10-22 10:42:59,594 lr: 2e-05
2019-10-22 10:42:59,594 lr_decay_in_layers: 0.95
2019-10-22 10:42:59,594 weight_decay: 0.01
2019-10-22 10:42:59,641 padding token is 5
2019-10-22 10:43:09,053 Token Sample: <cls>_0 ▁_0 布拉格_0 赛_0 张_0 帅_0 斩_0 获_0 红_0 土_0 首_0 胜_0 科_0 娃_0 轻_0 取_0 同胞_0 进_0 次_0 轮_0 [PAD]_0 [PAD]_0 [PAD]_0 [PAD]_0 [PAD]_0 [PAD]_0 [PAD]_0 [PAD]_0 [PAD]_0 [PAD]_0 [PAD]_0 [PAD]_0 [PAD]_0 [PAD]_0 [PAD]_0 [PAD]_0 [PAD]_0 [PAD]_0 [PAD]_0 [PAD]_0 [PAD]_0 [PAD]_0 [PAD]_0 [PAD]_0 [PAD]_0 [PAD]_0 [PAD]_0 <sep>_0 ▁_1 网_1 易_1 体育_1 5_1 月_1 1_1 日_1 报道_1 :_1 总_1 奖金_1 额_1 为_1 25_1 万美元_1 的_1 w_1 ta_1 布拉格_1 公开赛_1 继续_1 进行_1 。_1 以_1 6_1 号种子_1 身份_1 出战_1 的_1 金_1 花_1 张_1 帅_1 用_1 6_1 -_1 4_1 ,_1 7_1 -_1 5_1 的_1 比分_1 战胜_1 资格_1 赛_1 选手_1 沃_1 伊_1 格勒_1 ,_1 锁_1 定_1 个人_1 今_1 年_1 首_1 场_1 单_1 打_1 红_1 土_1 巡回_1 赛_1 的_1 胜利_1 ,_1 顺利_1 晋级_1 。_1 2_1 号种子_1 科_1 维_1 托_1 娃_1 完_1 胜_1 同胞_1 施_1 密_1 科_1 娃_1 ,_1 同样_1 锁_1 定_1 一个_1 16_1 强_1 席位_1 。_1 张_1 帅_1 顶_1 住_1 资格_1 赛_1 选手_1 沃_1 伊_1 格勒_1 最后_1 时刻_1 的反_1 扑_1 ,_1 用_1 时_1 1_1 小时_1 39_1 分钟_1 直_1 落_1 两_1 盘_1 收获_1 今_1 年_1 红_1 土_1 首_1 胜_1 。_1 双方_1 之前_1 仅有_1 的一次_1 交_1 手_1 还是_1 10_1 年前_1 ,_1 沃_1 伊_1 格勒_1 在_1 硬_1 地_1 赛_1 场_1 上_1 两_1 盘_1 击败_1 过_1 张_1 帅_1 。_1 本_1 场_1 张_1 帅_1 一_1 上_1 来_1 就_1 展开_1 攻势_1 ,_1 尽管_1 首_1 局_1 她_1 浪_1 费_1 掉_1 两个_1 破_1 发_1 点_1 ,_1 但_1 很快就_1 率先_1 打破_1 僵_1 局_1 。_1 沃_1 伊_1 格勒_1 提高_1 状态_1 展开_1 反击_1 ,_1 瑞士_1 姑娘_1 回_1 破_1 后_1 双方_1 一路_1 战_1 至_1 3_1 -_1 3_1 。_1 张_1 帅_1 持续_1 向_1 对手_1 二_1 发_1 施_1 压_1 ,_1 首_1 盘_1 末_1 尾_1 阶段_1 中国_1 金_1 花_1 再度_1 破_1 发_1 ,_1 并将_1 优势_1 保持_1 到_1 盘_1 末_1 。_1 次_1 盘_1 争夺_1 和_1 首_1 盘_1 走_1 势_1 类似_1 ,_1 张_1 帅_1 率先_1 打破_1 僵_1 局_1 ,_1 一路_1 领先_1 。_1 战_1 至_1 第_1 10_1 局_1 中国_1 金_1 花_1 将_1 发_1 球_1 胜_1 赛_1 局_1 让_1 出_1 ,_1 双方_1 回到_1 均_1 势_1 。_1 张_1 帅_1 稳_1 住_1 <sep>_1 压力_1 把握_1 住_1 了_1 最后一个_1 赛_1 点_1 机会_1 。_1 之前_1 结束_1 的_1 另外_1 一场_1 比赛中_1 ,_1 赛_1 会_1 2_1 号种子_1 科_1 维_1 托_1 娃_1 用_1 6_1 -_1 1_1 ,_1 6_1 -_1 3_1 的_1 比分_1 轻_1 取_1 持_1 外_1 卡_1 参赛_1 的_1 同胞_1 施_1 密_1 科_1 娃_1 。_1 在_1 头_1 号种子_1 、_1 上_1 周_1 保_1 时_1 捷_1 大奖赛_1 冠军_1 ka_1 -_1 普利_1 斯科_1 娃_1 退_1 赛_1 后_1 ,_1 两_1 届_1 温_1 网_1 冠军_1 科_1 维_1 托_1 娃_1 成为_1 赛_1 会_1 排名_1 最高的_1 球员_1 。_1 面对_1 同胞_1 施_1 密_1 科_1 娃_1 ,_1 科_1 娃_1 进攻_1 火力_1 全_1 开_1 。_1 施_1 密_1 科_1 娃_1 保_1 发_1 拿下_1 第一_1 局_1 ,_1 接下来_1 便_1 陷入_1 被_1 动_1 。_1 科_1 娃_1 强_1 攻_1 撕_1 碎_1 对手_1 防_1 线_1 ,_1 2_1 号种子_1 连续_1 赢得_1 9_1 局_1 争夺_1 ,_1 不仅_1 6_1 -_1 1_1 拿下_1 首_1 盘_1 ,_1 而且_1 次_1 盘_1 也_1 握_1 有_1 3_1 -_1 0_1 的_1 优势_1 。_1 施_1 密_1 科_1 娃_1 随后_1 连_1 追_1 3_1 局_1 ,_1 但_1 很快就_1 重新_1 陷入_1 被_1 动_1 。_1 科_1 娃_1 拿下_1 最后_1 的_1 3_1 局_1 ,_1 顺利_1 锁_1 定_1 晋级_1 资格_1 。_1 <sep>_1
2019-10-22 10:43:15,773 Token Sample: <cls>_0 ▁_0 深圳_0 一_0 干部_0 商_0 场_0 门_0 口_0 受贿_0 ,_0 收_0 下一_0 箱_0 现_0 金_0 足_0 有_0 200_0 万_0 [PAD]_0 [PAD]_0 [PAD]_0 [PAD]_0 [PAD]_0 [PAD]_0 [PAD]_0 [PAD]_0 [PAD]_0 [PAD]_0 [PAD]_0 [PAD]_0 [PAD]_0 [PAD]_0 [PAD]_0 [PAD]_0 [PAD]_0 [PAD]_0 [PAD]_0 [PAD]_0 [PAD]_0 [PAD]_0 [PAD]_0 [PAD]_0 [PAD]_0 [PAD]_0 [PAD]_0 <sep>_0 ▁_1 报_1 料_1 有_1 奖_1 南_1 都_1 深圳_1 报_1 料_1 电话_1 南_1 都_1 讯_1 记者_1 程_1 昆_1 盐_1 田_1 区_1 人民法院_1 对_1 原_1 深圳市_1 福田_1 区_1 政府_1 投资_1 项目_1 前期_1 办公室主任_1 梁_1 勇_1 (_1 正_1 处_1 级_1 )_1 涉嫌_1 受贿_1 一_1 案_1 做出_1 判决_1 。_1 被告_1 人_1 梁_1 勇_1 非法_1 收_1 受_1 他人_1 贿_1 赂_1 款_1 共计_1 人民币_1 4_1 40_1 万元_1 、_1 港_1 币_1 70_1 万元_1 ,_1 犯_1 受贿_1 罪_1 ,_1 判处_1 有期徒刑_1 四年_1 ,_1 并_1 处罚_1 金_1 人民币_1 三十_1 万元_1 ,_1 扣押_1 在_1 案_1 的_1 违法_1 所得_1 予以_1 没收_1 并_1 上_1 缴_1 国_1 库_1 。_1 检察_1 院_1 指控_1 :_1 在_1 停车场_1 、_1 知名_1 购物_1 场所_1 门_1 口_1 收_1 现_1 金_1 公_1 诉_1 机关_1 盐_1 田_1 区_1 人民检察院_1 指控_1 称_1 ,_1 2011_1 年至_1 2012_1 年_1 期间_1 ,_1 被告_1 人_1 梁_1 勇_1 在_1 担任_1 深圳市_1 福田_1 区_1 建筑_1 工_1 务_1 局_1 (_1 以下_1 简称_1 福田_1 区_1 建_1 工_1 局_1 )_1 副_1 局长_1 、_1 局长_1 期间_1 ,_1 利用_1 工程_1 进_1 度_1 款_1 审_1 批_1 、_1 工程_1 决_1 算_1 审_1 批_1 、_1 工程_1 量_1 增加_1 、_1 工程_1 项目_1 招_1 投_1 标_1 等_1 职务_1 上的_1 便利_1 ,_1 非法_1 收_1 受_1 他人_1 贿_1 赂_1 款_1 共计_1 人民币_1 4_1 40_1 万元_1 、_1 港_1 币_1 70_1 万元_1 。_1 后_1 经_1 盐_1 田_1 区_1 人民法院_1 审理_1 查_1 明_1 ,_1 被告_1 人_1 梁_1 勇_1 具体_1 受贿_1 事实_1 如下_1 :_1 商_1 场_1 门_1 口_1 收_1 一_1 箱_1 钱_1 2012_1 年_1 9_1 月_1 ,_1 深圳市_1 某_1 工程_1 公司_1 法人_1 代表_1 林_1 某_1 为了_1 让_1 时任_1 福田_1 区_1 建_1 工_1 局局长_1 的_1 梁_1 勇_1 对其_1 承建_1 的_1 工程_1 项目_1 进_1 度_1 款_1 和_1 结_1 算_1 款_1 审_1 批_1 予以_1 关_1 照_1 ,_1 约_1 梁_1 勇_1 在_1 知名_1 购物_1 场所_1 、_1 <sep>_1 公_1 诉_1 机关_1 指控_1 的_1 罪名_1 成立_1 。_1 但_1 本_1 案_1 中_1 被告_1 人_1 梁_1 勇_1 受贿_1 行为_1 发生在_1 2015_1 年_1 8_1 月_1 29_1 日_1 刑法_1 对_1 受贿_1 犯罪_1 修正_1 之前_1 ,_1 由于_1 修正_1 后的_1 刑法_1 对_1 受贿_1 罪_1 的_1 定_1 罪_1 量_1 刑_1 标准_1 较_1 修正_1 前的_1 刑法_1 要_1 轻_1 ,_1 依据_1 刑法_1 从_1 旧_1 兼_1 从_1 轻_1 的_1 溯_1 及_1 力_1 原则_1 ,_1 对_1 梁_1 勇_1 受贿_1 行为_1 应_1 依_1 修正_1 后的_1 刑法_1 予以_1 定_1 罪_1 处_1 刑_1 。_1 此外_1 ,_1 被告_1 人_1 梁_1 勇_1 揭_1 发_1 他人_1 犯罪_1 行为_1 、_1 主动_1 供_1 述_1 办_1 案_1 机关_1 尚未_1 掌握_1 的_1 受贿_1 事实_1 且_1 自愿_1 认_1 罪_1 ,_1 退_1 缴_1 全部_1 违法_1 所得_1 ,_1 并_1 有_1 较好_1 的_1 悔_1 罪_1 表现_1 ,_1 酌_1 情_1 对其_1 予以_1 从_1 轻_1 处罚_1 。_1 最终_1 ,_1 盐_1 田_1 法院_1 依法_1 作出_1 判决_1 ,_1 被告_1 人_1 梁_1 勇_1 犯_1 受贿_1 罪_1 ,_1 判处_1 有期徒刑_1 四年_1 ,_1 并_1 处罚_1 金_1 人民币_1 30_1 万元_1 。_1 其_1 扣押_1 在_1 案_1 的_1 违法_1 所得_1 人民币_1 240_1 万元_1 ,_1 港_1 币_1 70_1 万元_1 予以_1 没收_1 ,_1 上_1 缴_1 国_1 库_1 。_1 <sep>_1
2019-10-22 10:43:28,639 Token Sample: <cls>_0 ▁_0 53_0 岁_0 大_0 妈_0 沙漠_0 种_0 树_0 32_0 年_0 ,_0 打工_0 要_0 树_0 不要_0 钱_0 ,_0 种_0 200_0 万_0 棵_0 树_0 沙漠_0 变_0 绿_0 洲_0 [PAD]_0 [PAD]_0 [PAD]_0 [PAD]_0 [PAD]_0 [PAD]_0 [PAD]_0 [PAD]_0 [PAD]_0 [PAD]_0 [PAD]_0 [PAD]_0 [PAD]_0 [PAD]_0 [PAD]_0 [PAD]_0 [PAD]_0 [PAD]_0 [PAD]_0 [PAD]_0 <sep>_0 ▁1985_1 年_1 ,_1 父亲_1 把_1 19_1 岁的_1 殷_1 玉_1 珍_1 嫁_1 到_1 了一个_1 沙_1 窝_1 窝_1 里_1 (_1 毛_1 乌_1 素_1 沙漠_1 )_1 ,_1 这里_1 荒_1 芜_1 人_1 烟_1 ,_1 几十_1 天_1 见_1 不到_1 一个_1 人_1 。_1 偶尔_1 见到_1 一个_1 人_1 ,_1 殷_1 玉_1 珍_1 就会_1 很_1 激_1 动_1 。_1 当_1 人_1 走了_1 ,_1 她_1 就_1 把_1 脚_1 印_1 用_1 盆_1 子_1 扣_1 住_1 ,_1 没_1 事_1 时_1 看_1 看_1 ,_1 就_1 好像_1 看_1 自己的_1 亲_1 人_1 一样_1 。_1 这里_1 黄_1 沙_1 一_1 刮_1 就是_1 40_1 多_1 天_1 ,_1 人_1 走_1 在_1 风_1 里_1 ,_1 人_1 满_1 身_1 满_1 嘴_1 ,_1 就_1 连_1 鼻_1 孔_1 都_1 灌_1 满_1 了_1 沙_1 子_1 ,_1 憋_1 得_1 人_1 喘_1 不_1 上_1 气_1 来_1 。_1 沙漠_1 里_1 有_1 大_1 豆_1 牛_1 牛_1 虫_1 ,_1 一_1 撞_1 一_1 头_1 ,_1 吓_1 得_1 殷_1 玉_1 珍_1 没_1 处_1 藏_1 ,_1 不敢_1 睡_1 觉_1 。_1 家_1 里_1 穷_1 ,_1 有时_1 连_1 饭_1 都_1 吃_1 不_1 上_1 。_1 “_1 再_1 这样_1 下去_1 没_1 法_1 儿_1 活_1 ,_1 我_1 要_1 栽_1 树_1 ,_1 宁_1 可_1 治_1 沙_1 累_1 死_1 ,_1 也不_1 愿意_1 被_1 黄_1 沙_1 欺_1 负_1 死_1 。_1 ”_1 殷_1 玉_1 珍_1 说_1 。_1 1986_1 年_1 春天_1 ,_1 殷_1 玉_1 珍_1 用_1 打工_1 挣_1 的_1 钱_1 换_1 回_1 了_1 600_1 棵_1 树_1 苗_1 ,_1 把它_1 种_1 在_1 房子_1 周围_1 ,_1 经过_1 风_1 霜_1 和_1 干旱_1 ,_1 600_1 棵_1 树_1 苗_1 只_1 活_1 了_1 不到_1 10_1 棵_1 。_1 但_1 殷_1 玉_1 珍_1 并没有_1 松_1 下_1 心_1 头_1 的_1 那_1 口_1 气_1 ,_1 只要_1 有_1 一颗_1 树_1 能_1 活_1 ,_1 就要_1 继续_1 种_1 。_1 有_1 一次_1 ,_1 大_1 风_1 刮_1 了_1 一天_1 一夜_1 ,_1 殷_1 玉_1 珍_1 辛_1 <sep>_1 的_1 钢_1 钎_1 被_1 磨_1 掉了_1 一_1 尺_1 多_1 ,_1 新_1 媳_1 妇_1 已经_1 人_1 到_1 中_1 年_1 ,_1 孩子们_1 也_1 长大_1 了_1 。_1 就_1 这样_1 ,_1 7_1 万_1 多_1 亩_1 荒_1 凉_1 的_1 沙漠_1 变成了_1 郁_1 郁_1 葱_1 葱_1 的_1 绿_1 洲_1 。_1 32_1 年_1 ,_1 她在_1 毛_1 乌_1 素_1 沙漠_1 里_1 栽_1 近_1 200_1 万_1 株_1 树_1 ,_1 沙_1 柳_1 、_1 草_1 不_1 计_1 其_1 数_1 ;_1 修筑_1 简_1 易_1 公路_1 3_1 条_1 40_1 公里_1 ,_1 筑_1 防_1 风_1 沙_1 屏障_1 5000_1 0_1 多_1 亩_1 ,_1 打_1 机_1 井_1 12_1 眼_1 ,_1 开发_1 水_1 浇_1 地_1 500_1 多_1 亩_1 ,_1 在_1 沙漠_1 里_1 种植_1 樟_1 子_1 松_1 2_1 万_1 多_1 亩_1 、_1 50_1 万_1 株_1 ,_1 还_1 建_1 了_1 120_1 亩_1 樟_1 子_1 松_1 育_1 苗_1 基地_1 ,_1 养_1 400_1 多_1 只_1 羊_1 、_1 30_1 多_1 头_1 牛_1 ._1 ._1 ._1 ._1 ._1 ._1 2008_1 年_1 北京_1 奥运会_1 火炬_1 在_1 鄂_1 尔_1 多_1 斯_1 市_1 传递_1 ,_1 殷_1 玉_1 珍_1 担任_1 火炬_1 手_1 。_1 沙_1 海_1 转_1 型_1 ,_1 大_1 漠_1 逐_1 梦_1 ,_1 一个_1 女人_1 的_1 坚_1 守_1 。_1 <sep>_1
2019-10-22 10:43:37,104 seed everything and create model
