2019-10-22 09:53:17,499 log_in_file: True
2019-10-22 09:53:17,499 bert_path: /home/wangzl/PretrainedLM/BERT/New/roberta_zh_L-24_H-1024_A-16/
2019-10-22 09:53:17,499 data_path: ../data/
2019-10-22 09:53:17,499 usegpu: True
2019-10-22 09:53:17,500 use_origin: False
2019-10-22 09:53:17,500 total_step: 5000
2019-10-22 09:53:17,500 eval_every: 500
2019-10-22 09:53:17,500 early_stop: 4
2019-10-22 09:53:17,500 max_length: 510
2019-10-22 09:53:17,500 max_title_rate: 0.09
2019-10-22 09:53:17,500 content_head_rate: 0.6
2019-10-22 09:53:17,500 batch_size: 2
2019-10-22 09:53:17,500 lr_scheduler_type: linear
2019-10-22 09:53:17,500 input_pattern: head+tail+fixed
2019-10-22 09:53:17,500 clean_method: space+notzh
2019-10-22 09:53:17,500 warmup_rate: 0.1
2019-10-22 09:53:17,500 classifier_dropout: 0.3
2019-10-22 09:53:17,500 classifier_weight_decay: 0.0
2019-10-22 09:53:17,500 cache_final_model: False
2019-10-22 09:53:17,500 seed: 23
2019-10-22 09:53:17,500 lr: 2e-05
2019-10-22 09:53:17,500 lr_decay_in_layers: 0.95
2019-10-22 09:53:17,500 weight_decay: 0.01
2019-10-22 09:53:45,787 log_in_file: True
2019-10-22 09:53:45,788 bert_path: /home/wangzl/PretrainedLM/BERT/New/roberta_zh_L-24_H-1024_A-16/
2019-10-22 09:53:45,788 data_path: ../data/
2019-10-22 09:53:45,788 usegpu: True
2019-10-22 09:53:45,788 use_origin: False
2019-10-22 09:53:45,788 total_step: 5000
2019-10-22 09:53:45,788 eval_every: 500
2019-10-22 09:53:45,788 early_stop: 4
2019-10-22 09:53:45,788 max_length: 510
2019-10-22 09:53:45,788 max_title_rate: 0.09
2019-10-22 09:53:45,788 content_head_rate: 0.6
2019-10-22 09:53:45,788 batch_size: 2
2019-10-22 09:53:45,788 lr_scheduler_type: linear
2019-10-22 09:53:45,788 input_pattern: head+tail+fixed
2019-10-22 09:53:45,788 clean_method: space+notzh
2019-10-22 09:53:45,788 warmup_rate: 0.1
2019-10-22 09:53:45,788 classifier_dropout: 0.3
2019-10-22 09:53:45,788 classifier_weight_decay: 0.0
2019-10-22 09:53:45,788 cache_final_model: False
2019-10-22 09:53:45,788 seed: 23
2019-10-22 09:53:45,788 lr: 2e-05
2019-10-22 09:53:45,788 lr_decay_in_layers: 0.95
2019-10-22 09:53:45,788 weight_decay: 0.01
2019-10-22 09:54:13,652 Token Sample: [CLS]_0 同_0 煤_0 集_0 团_0 :_0 用_0 非_0 常_0 之_0 力_0 深_0 化_0 改_0 革_0 转_0 型_0 [PAD]_0 [PAD]_0 [PAD]_0 [PAD]_0 [PAD]_0 [PAD]_0 [PAD]_0 [PAD]_0 [PAD]_0 [PAD]_0 [PAD]_0 [PAD]_0 [PAD]_0 [PAD]_0 [PAD]_0 [PAD]_0 [PAD]_0 [PAD]_0 [PAD]_0 [PAD]_0 [PAD]_0 [PAD]_0 [PAD]_0 [PAD]_0 [PAD]_0 [PAD]_0 [PAD]_0 [PAD]_0 [PAD]_0 [PAD]_0 [SEP]_0 《_1 经_1 济_1 参_1 考_1 报_1 》_1 记_1 者_1 在_1 同_1 煤_1 集_1 团_1 近_1 日_1 召_1 开_1 的_1 [UNK]_1 用_1 非_1 常_1 之_1 力_1 [UNK]_1 深_1 化_1 改_1 革_1 转_1 型_1 发_1 展_1 推_1 进_1 会_1 上_1 了_1 解_1 到_1 ，_1 作_1 为_1 山_1 西_1 省_1 国_1 企_1 改_1 革_1 试_1 点_1 单_1 位_1 ，_1 同_1 煤_1 集_1 团_1 紧_1 跟_1 山_1 西_1 省_1 委_1 省_1 政_1 府_1 加_1 速_1 推_1 进_1 国_1 企_1 改_1 革_1 步_1 伐_1 ，_1 紧_1 紧_1 抓_1 住_1 新_1 一_1 轮_1 国_1 企_1 国_1 资_1 改_1 革_1 的_1 [UNK]_1 窗_1 口_1 期_1 [UNK]_1 ，_1 深_1 化_1 各_1 项_1 改_1 革_1 ，_1 促_1 进_1 企_1 业_1 转_1 型_1 升_1 级_1 ，_1 激_1 活_1 了_1 企_1 业_1 的_1 内_1 生_1 发_1 展_1 动_1 力_1 。_1 到_1 目_1 前_1 ，_1 同_1 煤_1 集_1 团_1 已_1 取_1 得_1 了_1 八_1 项_1 改_1 革_1 成_1 果_1 。_1 纵_1 观_1 八_1 项_1 改_1 革_1 成_1 果_1 ，_1 不_1 难_1 看_1 出_1 这_1 是_1 同_1 煤_1 集_1 团_1 从_1 资_1 本_1 、_1 资_1 产_1 、_1 金_1 融_1 、_1 科_1 技_1 进_1 步_1 和_1 企_1 业_1 瘦_1 身_1 健_1 体_1 ，_1 改_1 革_1 改_1 制_1 等_1 方_1 面_1 先_1 行_1 探_1 索_1 、_1 深_1 化_1 改_1 革_1 的_1 新_1 成_1 果_1 。_1 一_1 是_1 [UNK]_1 腾_1 笼_1 换_1 鸟_1 [UNK]_1 ，_1 以_1 塔_1 电_1 二_1 期_1 与_1 江_1 苏_1 国_1 信_1 集_1 团_1 实_1 施_1 股_1 权_1 联_1 合_1 ，_1 优_1 势_1 重_1 组_1 ，_1 促_1 进_1 了_1 晋_1 电_1 外_1 送_1 ;_1 二_1 是_1 先_1 行_1 先_1 试_1 对_1 21_1 项_1 采_1 矿_1 权_1 、_1 71_1 ##2_1 宗_1 授_1 权_1 经_1 营_1 土_1 地_1 的_1 国_1 有_1 资_1 产_1 [SEP]_1 势_1 产_1 业_1 集_1 中_1 ，_1 促_1 进_1 主_1 导_1 产_1 业_1 与_1 新_1 兴_1 产_1 业_1 并_1 举_1 ，_1 实_1 现_1 高_1 质_1 量_1 发_1 展_1 。_1 2018_1 年_1 ，_1 同_1 煤_1 集_1 团_1 将_1 用_1 非_1 常_1 之_1 力_1 实_1 施_1 [UNK]_1 煤_1 炭_1 提_1 质_1 、_1 电_1 力_1 升_1 级_1 、_1 金_1 融_1 支_1 撑_1 、_1 煤_1 化_1 工_1 延_1 伸_1 、_1 循_1 环_1 经_1 济_1 园_1 区_1 拓_1 展_1 和_1 科_1 技_1 兴_1 企_1 [UNK]_1 六_1 大_1 工_1 程_1 ;_1 实_1 施_1 防_1 范_1 化_1 解_1 金_1 融_1 风_1 险_1 行_1 动_1 计_1 划_1 ，_1 坚_1 决_1 守_1 住_1 金_1 融_1 安_1 全_1 底_1 线_1 ;_1 实_1 施_1 环_1 境_1 污_1 染_1 防_1 治_1 行_1 动_1 计_1 划_1 ，_1 确_1 保_1 企_1 业_1 健_1 康_1 稳_1 定_1 运_1 行_1 ;_1 实_1 施_1 精_1 准_1 扶_1 贫_1 行_1 动_1 计_1 划_1 ，_1 助_1 力_1 打_1 好_1 脱_1 贫_1 攻_1 坚_1 战_1 ;_1 实_1 施_1 转_1 型_1 综_1 改_1 年_1 度_1 行_1 动_1 计_1 划_1 ，_1 深_1 化_1 改_1 革_1 转_1 型_1 ，_1 增_1 强_1 内_1 生_1 动_1 力_1 。_1 [SEP]_1
2019-10-22 09:54:33,585 Token Sample: [CLS]_0 【_0 第_0 113_0 ##3_0 期_0 】_0 五_0 峰_0 好_0 儿_0 郎_0 ，_0 回_0 乡_0 打_0 造_0 电_0 商_0 平_0 台_0 助_0 乡_0 亲_0 致_0 富_0 __0 赵_0 鹏_0 [PAD]_0 [PAD]_0 [PAD]_0 [PAD]_0 [PAD]_0 [PAD]_0 [PAD]_0 [PAD]_0 [PAD]_0 [PAD]_0 [PAD]_0 [PAD]_0 [PAD]_0 [PAD]_0 [PAD]_0 [PAD]_0 [PAD]_0 [PAD]_0 [SEP]_0 原_1 标_1 题_1 ：_1 【_1 第_1 113_1 ##3_1 期_1 】_1 五_1 峰_1 好_1 儿_1 郎_1 ，_1 回_1 乡_1 打_1 造_1 电_1 商_1 平_1 台_1 助_1 乡_1 亲_1 致_1 富_1 赵_1 鹏_1 资_1 料_1 2019_1 年_1 2_1 月_1 18_1 日_1 上_1 午_1 10_1 点_1 ，_1 武_1 汉_1 园_1 博_1 园_1 的_1 一_1 个_1 展_1 位_1 前_1 ，_1 五_1 峰_1 印_1 象_1 网_1 络_1 科_1 技_1 有_1 限_1 公_1 司_1 董_1 事_1 长_1 、_1 36_1 岁_1 的_1 赵_1 鹏_1 卖_1 力_1 地_1 介_1 绍_1 着_1 宜_1 昌_1 五_1 峰_1 的_1 土_1 特_1 产_1 ，_1 这_1 次_1 他_1 带_1 上_1 了_1 腊_1 肉_1 、_1 土_1 蜂_1 蜜_1 、_1 茶_1 叶_1 等_1 三_1 十_1 多_1 个_1 品_1 种_1 ，_1 仅_1 仅_1 一_1 天_1 时_1 间_1 ，_1 他_1 就_1 接_1 到_1 了_1 500_1 多_1 个_1 订_1 单_1 。_1 2016_1 年_1 ，_1 赵_1 鹏_1 响_1 应_1 号_1 召_1 回_1 到_1 家_1 乡_1 五_1 峰_1 创_1 业_1 ，_1 打_1 造_1 [UNK]_1 五_1 峰_1 蓝_1 [UNK]_1 电_1 商_1 平_1 台_1 ，_1 完_1 成_1 了_1 五_1 峰_1 印_1 象_1 等_1 40_1 多_1 个_1 品_1 牌_1 的_1 注_1 册_1 和_1 设_1 计_1 ，_1 吸_1 引_1 80_1 多_1 家_1 商_1 家_1 入_1 驻_1 [UNK]_1 五_1 峰_1 蓝_1 [UNK]_1 平_1 台_1 ，_1 经_1 营_1 各_1 类_1 农_1 特_1 产_1 品_1 460_1 余_1 种_1 ，_1 年_1 销_1 售_1 额_1 达_1 2000_1 万_1 元_1 ，_1 带_1 动_1 1500_1 多_1 贫_1 困_1 户_1 增_1 收_1 脱_1 贫_1 。_1 2018_1 年_1 12_1 月_1 ，_1 赵_1 鹏_1 荣_1 获_1 [UNK]_1 宜_1 昌_1 楷_1 模_1 [UNK]_1 称_1 号_1 。_1 五_1 峰_1 民_1 贸_1 电_1 商_1 创_1 业_1 园_1 回_1 乡_1 创_1 业_1 打_1 造_1 [UNK]_1 五_1 峰_1 蓝_1 [UNK]_1 电_1 商_1 平_1 台_1 [UNK]_1 善_1 学_1 [SEP]_1 我_1 们_1 计_1 划_1 要_1 将_1 帮_1 扶_1 进_1 到_1 五_1 峰_1 的_1 每_1 个_1 村_1 ，_1 将_1 订_1 单_1 带_1 到_1 村_1 里_1 ，_1 百_1 姓_1 帮_1 种_1 ，_1 平_1 台_1 帮_1 销_1 。_1 2018_1 年_1 我_1 们_1 将_1 电_1 子_1 商_1 务_1 乡_1 村_1 讲_1 堂_1 送_1 到_1 村_1 民_1 家_1 门_1 口_1 ，_1 累_1 计_1 培_1 训_1 18_1 场_1 近_1 3000_1 人_1 次_1 ，_1 今_1 年_1 我_1 们_1 也_1 要_1 加_1 大_1 力_1 度_1 。_1 [UNK]_1 赵_1 鹏_1 说_1 。_1 [UNK]_1 五_1 峰_1 蓝_1 [UNK]_1 是_1 赵_1 鹏_1 的_1 心_1 血_1 ，_1 同_1 时_1 也_1 是_1 五_1 峰_1 老_1 百_1 姓_1 的_1 致_1 富_1 平_1 台_1 ，_1 赵_1 鹏_1 表_1 示_1 ：_1 希_1 望_1 通_1 过_1 [UNK]_1 五_1 峰_1 蓝_1 [UNK]_1 让_1 百_1 姓_1 脱_1 贫_1 致_1 富_1 ，_1 让_1 山_1 里_1 货_1 卖_1 出_1 湖_1 北_1 ，_1 让_1 全_1 国_1 人_1 民_1 都_1 能_1 品_1 尝_1 五_1 峰_1 味_1 道_1 、_1 宜_1 昌_1 味_1 道_1 。_1 来_1 源_1 ：_1 网_1 络_1 综_1 合_1 ▲_1 返_1 回_1 搜_1 狐_1 ，_1 查_1 看_1 更_1 多_1 责_1 任_1 编_1 辑_1 ：_1 [SEP]_1
2019-10-22 09:54:55,738 Token Sample: [CLS]_0 上_0 海_0 哪_0 里_0 皮_0 肤_0 科_0 医_0 院_0 好_0 [PAD]_0 [PAD]_0 [PAD]_0 [PAD]_0 [PAD]_0 [PAD]_0 [PAD]_0 [PAD]_0 [PAD]_0 [PAD]_0 [PAD]_0 [PAD]_0 [PAD]_0 [PAD]_0 [PAD]_0 [PAD]_0 [PAD]_0 [PAD]_0 [PAD]_0 [PAD]_0 [PAD]_0 [PAD]_0 [PAD]_0 [PAD]_0 [PAD]_0 [PAD]_0 [PAD]_0 [PAD]_0 [PAD]_0 [PAD]_0 [PAD]_0 [PAD]_0 [PAD]_0 [PAD]_0 [PAD]_0 [PAD]_0 [SEP]_0 上_1 海_1 哪_1 里_1 皮_1 肤_1 科_1 医_1 院_1 好_1 ▋_1 ##◆_1 ##▋_1 病_1 树_1 后_1 头_1 定_1 是_1 春_1 !_1 相_1 信_1 江_1 城_1 ▋_1 ##◆_1 ##▋_1 你_1 好_1 ，_1 我_1 身_1 上_1 一_1 天_1 时_1 间_1 全_1 身_1 都_1 起_1 了_1 红_1 点_1 一_1 直_1 到_1 脚_1 面_1 ，_1 这_1 是_1 什_1 么_1 女_1 ._1 20_1 ，_1 2_1 天_1 ，_1 现_1 在_1 后_1 背_1 瘙_1 痒_1 嗯_1 ，_1 诊_1 断_1 是_1 过_1 敏_1 性_1 皮_1 炎_1 ，_1 这_1 种_1 皮_1 肤_1 病_1 好_1 治_1 吗_1 ?_1 上_1 海_1 哪_1 里_1 皮_1 肤_1 科_1 医_1 院_1 好_1 一_1 、_1 内_1 分_1 泌_1 机_1 能_1 障_1 碍_1 ._1 临_1 床_1 研_1 究_1 发_1 现_1 ，_1 女_1 性_1 患_1 者_1 与_1 月_1 经_1 期_1 及_1 妊_1 娠_1 期_1 有_1 关_1 ，_1 多_1 数_1 患_1 者_1 月_1 经_1 期_1 及_1 妊_1 娠_1 期_1 好_1 转_1 ，_1 皮_1 损_1 好_1 转_1 多_1 发_1 生_1 在_1 怀_1 孕_1 后_1 的_1 3_1 -_1 6_1 个_1 月_1 以_1 内_1 ，_1 而_1 分_1 娩_1 后_1 大_1 部_1 分_1 患_1 者_1 病_1 情_1 加_1 重_1 ，_1 这_1 可_1 能_1 与_1 妊_1 娠_1 期_1 皮_1 质_1 类_1 固_1 醇_1 激_1 素_1 分_1 泌_1 增_1 加_1 有_1 关_1 ._1 二_1 、_1 感_1 染_1 因_1 素_1 ._1 局_1 部_1 感_1 染_1 是_1 诱_1 发_1 皮_1 肤_1 癣_1 的_1 一_1 个_1 重_1 要_1 原_1 因_1 ，_1 尤_1 其_1 是_1 感_1 冒_1 后_1 ，_1 并_1 发_1 扁_1 桃_1 体_1 炎_1 、_1 气_1 管_1 炎_1 ，_1 这_1 些_1 感_1 染_1 都_1 可_1 激_1 活_1 患_1 者_1 体_1 内_1 的_1 一_1 些_1 因_1 子_1 ，_1 从_1 而_1 引_1 发_1 皮_1 肤_1 癣_1 使_1 病_1 情_1 恶_1 化_1 ._1 三_1 、_1 过_1 敏_1 因_1 [SEP]_1 ，_1 但_1 两_1 人_1 相_1 处_1 得_1 已_1 经_1 很_1 熟_1 络_1 了_1 ，_1 陈_1 先_1 生_1 伸_1 手_1 与_1 蒋_1 先_1 生_1 握_1 手_1 ，_1 "_1 老_1 蒋_1 ，_1 我_1 走_1 了_1 ，_1 祝_1 你_1 早_1 日_1 康_1 复_1 !_1 "_1 并_1 扭_1 头_1 对_1 车_1 主_1 任_1 说_1 :_1 "_1 车_1 主_1 任_1 ，_1 多_1 关_1 照_1 一_1 下_1 "_1 温_1 馨_1 提_1 示_1 ：_1 通_1 过_1 本_1 文_1 的_1 介_1 绍_1 之_1 后_1 郅_1 智_1 而_1 ，_1 我_1 们_1 发_1 现_1 能_1 够_1 有_1 效_1 治_1 疗_1 皮_1 肤_1 病_1 的_1 措_1 施_1 原_1 来_1 有_1 这_1 么_1 多_1 种_1 ，_1 所_1 以_1 皮_1 肤_1 病_1 患_1 者_1 也_1 不_1 要_1 总_1 是_1 担_1 心_1 自_1 己_1 的_1 病_1 情_1 ，_1 判_1 断_1 好_1 自_1 己_1 需_1 要_1 进_1 行_1 哪_1 种_1 治_1 疗_1 措_1 施_1 ，_1 并_1 且_1 积_1 极_1 的_1 配_1 合_1 医_1 生_1 进_1 行_1 相_1 应_1 的_1 治_1 疗_1 ，_1 平_1 时_1 做_1 好_1 护_1 理_1 措_1 施_1 ，_1 自_1 己_1 很_1 快_1 就_1 会_1 远_1 离_1 皮_1 肤_1 病_1 的_1 ._1 小_1 编_1 ：_1 [SEP]_1
2019-10-22 09:55:16,458 Token Sample: [CLS]_0 高_0 唐_0 交_0 警_0 查_0 扣_0 4_0 辆_0 严_0 重_0 超_0 载_0 大_0 货_0 车_0 [PAD]_0 [PAD]_0 [PAD]_0 [PAD]_0 [PAD]_0 [PAD]_0 [PAD]_0 [PAD]_0 [PAD]_0 [PAD]_0 [PAD]_0 [PAD]_0 [PAD]_0 [PAD]_0 [PAD]_0 [PAD]_0 [PAD]_0 [PAD]_0 [PAD]_0 [PAD]_0 [PAD]_0 [PAD]_0 [PAD]_0 [PAD]_0 [PAD]_0 [PAD]_0 [PAD]_0 [PAD]_0 [PAD]_0 [PAD]_0 [PAD]_0 [SEP]_0 商_1 报_1 消_1 息_1 12_1 月_1 14_1 日_1 ，_1 高_1 唐_1 交_1 警_1 大_1 队_1 接_1 到_1 群_1 众_1 举_1 报_1 ，_1 有_1 超_1 载_1 大_1 货_1 车_1 在_1 国_1 道_1 行_1 驶_1 ，_1 高_1 唐_1 交_1 警_1 果_1 断_1 出_1 击_1 ，_1 迅_1 速_1 查_1 扣_1 4_1 辆_1 严_1 重_1 超_1 载_1 大_1 货_1 车_1 ，_1 消_1 除_1 了_1 安_1 全_1 隐_1 患_1 ，_1 保_1 障_1 了_1 道_1 路_1 安_1 全_1 畅_1 通_1 。_1 据_1 了_1 解_1 ，_1 当_1 日_1 下_1 午_1 4_1 时_1 许_1 ，_1 高_1 唐_1 交_1 警_1 大_1 队_1 接_1 到_1 群_1 众_1 举_1 报_1 ：_1 国_1 道_1 105_1 线_1 有_1 严_1 重_1 超_1 载_1 大_1 货_1 车_1 行_1 驶_1 ，_1 存_1 在_1 安_1 全_1 隐_1 患_1 。_1 大_1 队_1 政_1 委_1 桑_1 士_1 才_1 立_1 即_1 组_1 织_1 法_1 制_1 科_1 民_1 警_1 与_1 姜_1 店_1 中_1 队_1 民_1 警_1 联_1 合_1 行_1 动_1 ，_1 在_1 105_1 线_1 姜_1 店_1 至_1 南_1 镇_1 路_1 段_1 ，_1 将_1 行_1 驶_1 中_1 的_1 4_1 辆_1 严_1 重_1 超_1 载_1 大_1 货_1 车_1 全_1 部_1 查_1 扣_1 。_1 经_1 查_1 ，_1 该_1 车_1 超_1 载_1 均_1 在_1 100_1 %_1 以_1 上_1 ，_1 且_1 有_1 不_1 悬_1 挂_1 机_1 动_1 车_1 号_1 牌_1 、_1 放_1 大_1 号_1 不_1 清_1 等_1 交_1 通_1 违_1 法_1 行_1 为_1 。_1 目_1 前_1 ，_1 该_1 车_1 已_1 被_1 移_1 送_1 高_1 唐_1 县_1 交_1 通_1 局_1 联_1 合_1 超_1 限_1 治_1 理_1 工_1 作_1 站_1 ，_1 超_1 载_1 货_1 车_1 及_1 其_1 驾_1 驶_1 人_1 将_1 被_1 依_1 法_1 处_1 罚_1 。_1 山_1 东_1 商_1 报_1 新_1 媒_1 体_1 记_1 者_1 韩_1 贞_1 贞_1 通_1 讯_1 员_1 肖_1 从_1 彬_1 山_1 [SEP]_1 大_1 货_1 车_1 行_1 驶_1 ，_1 存_1 在_1 安_1 全_1 隐_1 患_1 。_1 大_1 队_1 政_1 委_1 桑_1 士_1 才_1 立_1 即_1 组_1 织_1 法_1 制_1 科_1 民_1 警_1 与_1 姜_1 店_1 中_1 队_1 民_1 警_1 联_1 合_1 行_1 动_1 ，_1 在_1 105_1 线_1 姜_1 店_1 至_1 南_1 镇_1 路_1 段_1 ，_1 将_1 行_1 驶_1 中_1 的_1 4_1 辆_1 严_1 重_1 超_1 载_1 大_1 货_1 车_1 全_1 部_1 查_1 扣_1 。_1 经_1 查_1 ，_1 该_1 车_1 超_1 载_1 均_1 在_1 100_1 %_1 以_1 上_1 ，_1 且_1 有_1 不_1 悬_1 挂_1 机_1 动_1 车_1 号_1 牌_1 、_1 放_1 大_1 号_1 不_1 清_1 等_1 交_1 通_1 违_1 法_1 行_1 为_1 。_1 目_1 前_1 ，_1 该_1 车_1 已_1 被_1 移_1 送_1 高_1 唐_1 县_1 交_1 通_1 局_1 联_1 合_1 超_1 限_1 治_1 理_1 工_1 作_1 站_1 ，_1 超_1 载_1 货_1 车_1 及_1 其_1 驾_1 驶_1 人_1 将_1 被_1 依_1 法_1 处_1 罚_1 。_1 山_1 东_1 商_1 报_1 新_1 媒_1 体_1 记_1 者_1 韩_1 贞_1 贞_1 通_1 讯_1 员_1 肖_1 从_1 彬_1 山_1 东_1 商_1 报_1 聊_1 城_1 新_1 闻_1 欢_1 迎_1 投_1 稿_1 邮_1 箱_1 [SEP]_1
2019-10-22 09:55:20,651 seed everything and create model
2019-10-22 10:00:45,449 step 500 train loss: 0.6479
2019-10-22 10:00:45,449 step 500 score: 0.7005
2019-10-22 10:06:02,275 step 1000 train loss: 0.5074
2019-10-22 10:06:02,275 step 1000 score: 0.7343
2019-10-22 10:11:19,111 step 1500 train loss: 0.5326
2019-10-22 10:11:19,111 step 1500 score: 0.6779
2019-10-22 10:16:35,930 step 2000 train loss: 0.4683
2019-10-22 10:16:35,930 step 2000 score: 0.7462
2019-10-22 10:21:52,794 step 2500 train loss: 0.4371
2019-10-22 10:21:52,795 step 2500 score: 0.6998
