2019-10-25 17:21:35,130 log_in_file: True
2019-10-25 17:21:35,130 lm_path: /home/wangzl/PretrainedLM/BERT/New/chinese_wwm_ext_pytorch
2019-10-25 17:21:35,130 lm_type: bert
2019-10-25 17:21:35,130 data_path: ../data/
2019-10-25 17:21:35,130 usegpu: True
2019-10-25 17:21:35,130 total_step: 1500
2019-10-25 17:21:35,130 eval_every: 150
2019-10-25 17:21:35,130 early_stop: 4
2019-10-25 17:21:35,130 max_length: 360
2019-10-25 17:21:35,130 max_title_rate: 0.125
2019-10-25 17:21:35,130 content_head_rate: 0.6
2019-10-25 17:21:35,130 batch_size: 16
2019-10-25 17:21:35,130 lr_scheduler_type: linear
2019-10-25 17:21:35,130 input_pattern: head+tail+fixed
2019-10-25 17:21:35,130 clean_method: space+notzh
2019-10-25 17:21:35,130 warmup_rate: 0.1
2019-10-25 17:21:35,130 classifier_dropout: 0.3
2019-10-25 17:21:35,131 classifier_active: relu
2019-10-25 17:21:35,131 cache_final_model: False
2019-10-25 17:21:35,131 seed: 23
2019-10-25 17:21:35,131 lr: 2e-05
2019-10-25 17:21:35,131 lr_decay_in_layers: 0.95
2019-10-25 17:21:35,131 wd_decay_in_layers: 1.2
2019-10-25 17:21:35,131 weight_decay: 0.01
2019-10-25 17:21:35,147 padding token is 0
2019-10-25 17:21:46,894 log_in_file: True
2019-10-25 17:21:46,894 lm_path: /home/wangzl/PretrainedLM/BERT/New/chinese_wwm_ext_pytorch
2019-10-25 17:21:46,894 lm_type: bert
2019-10-25 17:21:46,894 data_path: ../data/
2019-10-25 17:21:46,894 usegpu: True
2019-10-25 17:21:46,894 total_step: 1500
2019-10-25 17:21:46,894 eval_every: 150
2019-10-25 17:21:46,894 early_stop: 4
2019-10-25 17:21:46,894 max_length: 360
2019-10-25 17:21:46,895 max_title_rate: 0.125
2019-10-25 17:21:46,895 content_head_rate: 0.6
2019-10-25 17:21:46,895 batch_size: 16
2019-10-25 17:21:46,895 lr_scheduler_type: linear
2019-10-25 17:21:46,895 input_pattern: head+tail+fixed
2019-10-25 17:21:46,895 clean_method: space+notzh
2019-10-25 17:21:46,895 warmup_rate: 0.1
2019-10-25 17:21:46,895 classifier_dropout: 0.3
2019-10-25 17:21:46,895 classifier_active: relu
2019-10-25 17:21:46,895 cache_final_model: False
2019-10-25 17:21:46,895 seed: 23
2019-10-25 17:21:46,895 lr: 2e-05
2019-10-25 17:21:46,895 lr_decay_in_layers: 0.95
2019-10-25 17:21:46,895 wd_decay_in_layers: 1.2
2019-10-25 17:21:46,895 weight_decay: 0.001
2019-10-25 17:21:46,911 padding token is 0
2019-10-25 17:22:07,434 Token Sample: [CLS]_0 [_0 市_0 场_0 ]_0 4_0 月_0 pmi_0 指_0 数_0 继_0 续_0 保_0 持_0 在_0 景_0 气_0 区_0 间_0 __0 央_0 广_0 网_0 [PAD]_0 [PAD]_0 [PAD]_0 [PAD]_0 [PAD]_0 [PAD]_0 [PAD]_0 [PAD]_0 [PAD]_0 [PAD]_0 [PAD]_0 [PAD]_0 [PAD]_0 [PAD]_0 [PAD]_0 [PAD]_0 [PAD]_0 [PAD]_0 [PAD]_0 [PAD]_0 [PAD]_0 [PAD]_0 [PAD]_0 [SEP]_0 中_1 国_1 广_1 播_1 网_1 ?_1 ?_1 11_1 小_1 时_1 前_1 [_1 市_1 场_1 ]_1 4_1 月_1 pmi_1 指_1 数_1 继_1 续_1 保_1 持_1 在_1 景_1 气_1 区_1 间_1 编_1 辑_1 :_1 王_1 笑_1 蕾_1 相_1 关_1 新_1 闻_1 头_1 条_1 推_1 荐_1 参_1 与_1 讨_1 论_1 我_1 想_1 说_1 频_1 道_1 推_1 荐_1 ·_1 习_1 近_1 平_1 为_1 什_1 么_1 重_1 视_1 家_1 风_1 ·_1 江_1 西_1 一_1 运_1 钞_1 车_1 坠_1 江_1 士_1 兵_1 18_1 小_1 时_1 捞_1 起_1 2_1 千_1 万_1 现_1 金_1 ._1 ._1 [PAD]_1 [PAD]_1 [PAD]_1 [PAD]_1 [PAD]_1 [PAD]_1 [PAD]_1 [PAD]_1 [PAD]_1 [PAD]_1 [PAD]_1 [PAD]_1 [PAD]_1 [PAD]_1 [PAD]_1 [PAD]_1 [PAD]_1 [PAD]_1 [PAD]_1 [PAD]_1 [PAD]_1 [PAD]_1 [PAD]_1 [PAD]_1 [PAD]_1 [PAD]_1 [PAD]_1 [PAD]_1 [PAD]_1 [PAD]_1 [PAD]_1 [PAD]_1 [PAD]_1 [PAD]_1 [PAD]_1 [PAD]_1 [PAD]_1 [PAD]_1 [PAD]_1 [PAD]_1 [PAD]_1 [PAD]_1 [PAD]_1 [PAD]_1 [PAD]_1 [PAD]_1 [PAD]_1 [PAD]_1 [PAD]_1 [PAD]_1 [PAD]_1 [PAD]_1 [PAD]_1 [PAD]_1 [PAD]_1 [PAD]_1 [PAD]_1 [PAD]_1 [PAD]_1 [PAD]_1 [PAD]_1 [PAD]_1 [PAD]_1 [PAD]_1 [PAD]_1 [PAD]_1 [PAD]_1 [PAD]_1 [PAD]_1 [PAD]_1 [PAD]_1 [PAD]_1 [PAD]_1 [PAD]_1 [PAD]_1 [PAD]_1 [PAD]_1 [PAD]_1 [PAD]_1 [PAD]_1 [PAD]_1 [PAD]_1 [PAD]_1 [PAD]_1 [PAD]_1 [PAD]_1 [PAD]_1 [PAD]_1 [PAD]_1 [PAD]_1 [PAD]_1 [PAD]_1 [PAD]_1 [PAD]_1 [PAD]_1 [PAD]_1 [PAD]_1 [PAD]_1 [PAD]_1 [PAD]_1 [PAD]_1 [SEP]_1 [PAD]_1 [PAD]_1 [PAD]_1 [PAD]_1 [PAD]_1 [PAD]_1 [PAD]_1 [PAD]_1 [PAD]_1 [PAD]_1 [PAD]_1 [PAD]_1 [PAD]_1 [PAD]_1 [PAD]_1 [PAD]_1 [PAD]_1 [PAD]_1 [PAD]_1 [PAD]_1 [PAD]_1 [PAD]_1 [PAD]_1 [PAD]_1 [PAD]_1 [PAD]_1 [PAD]_1 [PAD]_1 [PAD]_1 [PAD]_1 [PAD]_1 [PAD]_1 [PAD]_1 [PAD]_1 中_1 国_1 广_1 播_1 网_1 ?_1 ?_1 11_1 小_1 时_1 前_1 [_1 市_1 场_1 ]_1 4_1 月_1 pmi_1 指_1 数_1 继_1 续_1 保_1 持_1 在_1 景_1 气_1 区_1 间_1 编_1 辑_1 :_1 王_1 笑_1 蕾_1 相_1 关_1 新_1 闻_1 头_1 条_1 推_1 荐_1 参_1 与_1 讨_1 论_1 我_1 想_1 说_1 频_1 道_1 推_1 荐_1 ·_1 习_1 近_1 平_1 为_1 什_1 么_1 重_1 视_1 家_1 风_1 ·_1 江_1 西_1 一_1 运_1 钞_1 车_1 坠_1 江_1 士_1 兵_1 18_1 小_1 时_1 捞_1 起_1 2_1 千_1 万_1 现_1 金_1 ._1 ._1 [SEP]_1
2019-10-25 17:22:19,803 Token Sample: [CLS]_0 男_0 子_0 30_0 万_0 车_0 子_0 停_0 小_0 区_0 ，_0 竟_0 被_0 物_0 业_0 当_0 废_0 品_0 卖_0 了_0 !_0 [PAD]_0 [PAD]_0 [PAD]_0 [PAD]_0 [PAD]_0 [PAD]_0 [PAD]_0 [PAD]_0 [PAD]_0 [PAD]_0 [PAD]_0 [PAD]_0 [PAD]_0 [PAD]_0 [PAD]_0 [PAD]_0 [PAD]_0 [PAD]_0 [PAD]_0 [PAD]_0 [PAD]_0 [PAD]_0 [PAD]_0 [PAD]_0 [PAD]_0 [SEP]_0 王_1 先_1 生_1 （_1 化_1 名_1 ）_1 被_1 拆_1 解_1 的_1 车_1 是_1 别_1 克_1 君_1 威_1 ，_1 因_1 为_1 车_1 的_1 油_1 耗_1 太_1 大_1 ，_1 王_1 先_1 生_1 想_1 转_1 手_1 ，_1 但_1 一_1 直_1 卖_1 不_1 到_1 理_1 想_1 的_1 价_1 位_1 ，_1 只_1 能_1 搁_1 置_1 。_1 王_1 先_1 生_1 将_1 车_1 停_1 在_1 自_1 己_1 住_1 的_1 景_1 阳_1 公_1 寓_1 隔_1 壁_1 ，_1 两_1 个_1 小_1 区_1 的_1 大_1 门_1 相_1 隔_1 不_1 到_1 20_1 米_1 ，_1 所_1 以_1 自_1 2016_1 年_1 起_1 ，_1 王_1 先_1 生_1 就_1 将_1 车_1 停_1 在_1 了_1 城_1 市_1 之_1 光_1 小_1 区_1 。_1 原_1 本_1 王_1 先_1 生_1 将_1 车_1 停_1 在_1 了_1 小_1 区_1 居_1 民_1 楼_1 下_1 车_1 库_1 旁_1 ，_1 因_1 阻_1 碍_1 小_1 区_1 居_1 民_1 进_1 出_1 ，_1 引_1 起_1 居_1 民_1 不_1 满_1 ，_1 他_1 将_1 车_1 挪_1 到_1 了_1 墙_1 角_1 。_1 两_1 个_1 月_1 前_1 ，_1 城_1 市_1 之_1 光_1 小_1 区_1 物_1 业_1 通_1 知_1 王_1 先_1 生_1 12_1 月_1 底_1 前_1 将_1 车_1 挪_1 走_1 。_1 因_1 为_1 时_1 间_1 还_1 早_1 ，_1 他_1 就_1 没_1 [SEP]_1 救_1 援_1 。_1 3_1 ._1 小_1 区_1 公_1 共_1 通_1 道_1 堆_1 放_1 杂_1 物_1 影_1 响_1 日_1 常_1 保_1 洁_1 工_1 作_1 。_1 大_1 家_1 都_1 在_1 看_1 new_1 [UNK]_1 [UNK]_1 [UNK]_1 来_1 源_1 ：_1 浙_1 江_1 新_1 闻_1 编_1 辑_1 |_1 新_1 宇_1 校_1 正_1 |_1 塌_1 塌_1 审_1 核_1 |_1 东_1 耳_1 ·_1 专_1 ·_1 属_1 ·_1 客_1 ·_1 服_1 ·_1 芒_1 果_1 小_1 妹_1 4_1 芒_1 果_1 小_1 妹_1 2_1 芒_1 果_1 小_1 妹_1 3_1 生_1 活_1 资_1 讯_1 维_1 权_1 爆_1 料_1 主_1 持_1 人_1 亲_1 密_1 热_1 聊_1 独_1 家_1 粉_1 丝_1 福_1 利_1 ↑_1 ##↑_1 ##↑_1 扫_1 码_1 加_1 入_1 湖_1 南_1 都_1 市_1 粉_1 丝_1 群_1 一_1 起_1 享_1 受_1 美_1 好_1 生_1 活_1 [SEP]_1
2019-10-25 17:22:32,880 Token Sample: [CLS]_0 达_0 奇_0 说_0 水_0 质_0 水_0 色_0 和_0 用_0 饵_0 （_0 现_0 象_0 归_0 类_0 ）_0 之_0 钓_0 界_0 乱_0 象_0 和_0 剽_0 窃_0 成_0 风_0 [PAD]_0 [PAD]_0 [PAD]_0 [PAD]_0 [PAD]_0 [PAD]_0 [PAD]_0 [PAD]_0 [PAD]_0 [PAD]_0 [PAD]_0 [PAD]_0 [PAD]_0 [PAD]_0 [PAD]_0 [PAD]_0 [PAD]_0 [PAD]_0 [PAD]_0 [SEP]_0 达_1 奇_1 的_1 几_1 百_1 篇_1 钓_1 鱼_1 方_1 面_1 原_1 创_1 文_1 章_1 ，_1 被_1 各_1 种_1 平_1 台_1 、_1 各_1 种_1 号_1 [UNK]_1 [UNK]_1 抄_1 袭_1 的_1 太_1 多_1 了_1 。_1 。_1 。_1 本_1 文_1 ，_1 就_1 用_1 这_1 些_1 简_1 单_1 搜_1 索_1 就_1 发_1 现_1 的_1 抄_1 袭_1 文_1 章_1 作_1 为_1 插_1 图_1 。_1 另_1 外_1 给_1 大_1 家_1 一_1 个_1 小_1 贴_1 士_1 ，_1 只_1 要_1 发_1 现_1 文_1 中_1 对_1 水_1 质_1 有_1 [UNK]_1 初_1 肥_1 水_1 [UNK]_1 描_1 述_1 ，_1 而_1 且_1 文_1 章_1 说_1 法_1 和_1 内_1 容_1 类_1 似_1 本_1 文_1 章_1 的_1 ，_1 那_1 就_1 是_1 剽_1 窃_1 达_1 奇_1 的_1 原_1 创_1 文_1 章_1 。_1 按_1 照_1 某_1 搜_1 索_1 引_1 擎_1 出_1 来_1 的_1 剽_1 窃_1 顺_1 序_1 来_1 插_1 图_1 吧_1 ，_1 就_1 这_1 几_1 个_1 比_1 较_1 靠_1 前_1 ：_1 搜_1 狐_1 [UNK]_1 全_1 球_1 钓_1 鱼_1 大_1 全_1 [UNK]_1 、_1 网_1 易_1 [UNK]_1 钓_1 鱼_1 阁_1 [UNK]_1 、_1 大_1 风_1 号_1 [UNK]_1 渔_1 乐_1 圈_1 [UNK]_1 、_1 武_1 汉_1 天_1 元_1 、_1 、_1 、_1 等_1 ，_1 就_1 用_1 他_1 们_1 几_1 个_1 剽_1 [SEP]_1 腥_1 饵_1 的_1 作_1 用_1 强_1 于_1 香_1 饵_1 （_1 水_1 不_1 太_1 肥_1 ）_1 ._1 这_1 是_1 水_1 质_1 对_1 鱼_1 类_1 的_1 影_1 响_1 ，_1 在_1 不_1 同_1 的_1 水_1 质_1 条_1 件_1 下_1 鱼_1 对_1 饵_1 料_1 的_1 认_1 知_1 度_1 是_1 不_1 同_1 的_1 ._1 比_1 如_1 在_1 有_1 些_1 瘦_1 水_1 塘_1 鱼_1 对_1 腥_1 饵_1 情_1 有_1 独_1 钟_1 ，_1 即_1 使_1 它_1 是_1 吃_1 清_1 淡_1 颗_1 粒_1 长_1 大_1 的_1 一_1 般_1 水_1 质_1 水_1 体_1 ph_1 值_1 应_1 该_1 在_1 6_1 ._1 5_1 -_1 9_1 ._1 5_1 之_1 间_1 ，_1 建_1 议_1 使_1 用_1 用_1 试_1 纸_1 检_1 测_1 一_1 下_1 酸_1 碱_1 性_1 ，_1 肉_1 眼_1 是_1 很_1 难_1 辨_1 别_1 的_1 [SEP]_1
2019-10-25 17:22:56,837 Token Sample: [CLS]_0 大_0 雪_0 不_0 期_0 而_0 遇_0 沈_0 阳_0 客_0 运_0 集_0 团_0 启_0 动_0 应_0 急_0 预_0 案_0 保_0 障_0 市_0 民_0 顺_0 畅_0 出_0 行_0 __0 工_0 作_0 [PAD]_0 [PAD]_0 [PAD]_0 [PAD]_0 [PAD]_0 [PAD]_0 [PAD]_0 [PAD]_0 [PAD]_0 [PAD]_0 [PAD]_0 [PAD]_0 [PAD]_0 [PAD]_0 [PAD]_0 [PAD]_0 [SEP]_0 原_1 标_1 题_1 ：_1 大_1 雪_1 不_1 期_1 而_1 遇_1 沈_1 阳_1 客_1 运_1 集_1 团_1 启_1 动_1 应_1 急_1 预_1 案_1 保_1 障_1 市_1 民_1 顺_1 畅_1 出_1 行_1 来_1 源_1 ：_1 沈_1 阳_1 客_1 运_1 集_1 团_1 有_1 限_1 公_1 司_1 一_1 场_1 大_1 雪_1 梦_1 回_1 东_1 北_1 12_1 月_1 6_1 日_1 ，_1 一_1 场_1 大_1 雪_1 与_1 沈_1 城_1 人_1 民_1 不_1 期_1 而_1 遇_1 ，_1 为_1 了_1 确_1 保_1 市_1 民_1 出_1 行_1 ，_1 沈_1 阳_1 客_1 运_1 集_1 团_1 公_1 司_1 所_1 属_1 各_1 单_1 位_1 提_1 前_1 做_1 好_1 了_1 相_1 关_1 部_1 署_1 工_1 作_1 ，_1 并_1 启_1 动_1 了_1 雨_1 雪_1 天_1 气_1 应_1 急_1 预_1 案_1 ，_1 公_1 交_1 一_1 线_1 管_1 理_1 人_1 员_1 及_1 驾_1 驶_1 员_1 做_1 好_1 了_1 车_1 辆_1 防_1 寒_1 防_1 冻_1 、_1 保_1 养_1 以_1 及_1 营_1 运_1 秩_1 序_1 监_1 管_1 工_1 作_1 ，_1 通_1 过_1 对_1 车_1 辆_1 实_1 时_1 调_1 度_1 和_1 安_1 全_1 运_1 营_1 的_1 安_1 全_1 管_1 理_1 ，_1 保_1 障_1 雪_1 天_1 公_1 交_1 车_1 运_1 营_1 安_1 全_1 ，_1 市_1 民_1 顺_1 畅_1 出_1 [SEP]_1 月_1 6_1 日_1 凌_1 晨_1 三_1 点_1 降_1 雪_1 降_1 温_1 天_1 还_1 没_1 亮_1 大_1 多_1 数_1 市_1 民_1 还_1 沉_1 浸_1 在_1 梦_1 乡_1 中_1 时_1 有_1 这_1 么_1 一_1 群_1 人_1 已_1 经_1 冒_1 着_1 纷_1 飞_1 的_1 雪_1 花_1 和_1 刺_1 骨_1 的_1 寒_1 风_1 走_1 上_1 街_1 头_1 开_1 始_1 一_1 天_1 的_1 工_1 作_1 他_1 们_1 就_1 是_1 公_1 交_1 职_1 工_1 大_1 家_1 积_1 极_1 上_1 路_1 清_1 扫_1 积_1 雪_1 铲_1 除_1 结_1 冰_1 备_1 好_1 发_1 车_1 状_1 态_1 天_1 益_1 公_1 司_1 为_1 一_1 线_1 职_1 工_1 送_1 去_1 围_1 巾_1 、_1 手_1 套_1 温_1 暖_1 人_1 心_1 返_1 回_1 搜_1 狐_1 ，_1 查_1 看_1 更_1 多_1 责_1 任_1 编_1 辑_1 ：_1 [SEP]_1
2019-10-25 17:23:17,568 Token Sample: [CLS]_0 黄_0 陵_0 也_0 有_0 人_0 玩_0 过_0 ，_0 花_0 30_0 元_0 就_0 可_0 能_0 中_0 苹_0 果_0 手_0 机_0 、_0 迪_0 奥_0 口_0 红_0 ？_0 这_0 种_0 [UNK]_0 游_0 戏_0 [UNK]_0 小_0 心_0 了_0 ._0 ._0 ._0 ._0 ._0 ._0 [PAD]_0 [PAD]_0 [PAD]_0 [PAD]_0 [PAD]_0 [SEP]_0 最_1 近_1 ，_1 广_1 州_1 出_1 现_1 了_1 一_1 种_1 [UNK]_1 幸_1 运_1 测_1 试_1 机_1 [UNK]_1 ，_1 运_1 气_1 好_1 的_1 话_1 能_1 抽_1 到_1 苹_1 果_1 手_1 机_1 、_1 迪_1 奥_1 口_1 红_1 、_1 be_1 ##ats_1 耳_1 机_1 等_1 。_1 然_1 而_1 不_1 少_1 玩_1 过_1 的_1 顾_1 客_1 表_1 示_1 ，_1 抽_1 到_1 的_1 商_1 品_1 大_1 多_1 [UNK]_1 不_1 值_1 30_1 元_1 [UNK]_1 ，_1 广_1 州_1 有_1 关_1 部_1 门_1 明_1 确_1 表_1 示_1 不_1 宜_1 推_1 广_1 ，_1 有_1 律_1 师_1 则_1 认_1 为_1 此_1 举_1 或_1 涉_1 嫌_1 违_1 法_1 。_1 广_1 州_1 多_1 处_1 商_1 场_1 出_1 现_1 [UNK]_1 幸_1 运_1 测_1 试_1 机_1 [UNK]_1 近_1 日_1 ，_1 在_1 广_1 州_1 东_1 方_1 文_1 德_1 广_1 场_1 等_1 人_1 流_1 密_1 集_1 的_1 商_1 圈_1 ，_1 出_1 现_1 了_1 若_1 干_1 [UNK]_1 幸_1 运_1 测_1 试_1 机_1 [UNK]_1 。_1 测_1 试_1 机_1 上_1 以_1 明_1 显_1 的_1 字_1 眼_1 和_1 图_1 片_1 表_1 示_1 奖_1 品_1 有_1 苹_1 果_1 手_1 机_1 、_1 拍_1 立_1 得_1 、_1 奢_1 侈_1 品_1 牌_1 口_1 红_1 等_1 价_1 值_1 较_1 高_1 的_1 奖_1 品_1 。_1 消_1 [SEP]_1 市_1 场_1 监_1 管_1 法_1 律_1 法_1 规_1 的_1 行_1 为_1 ，_1 将_1 及_1 时_1 依_1 法_1 查_1 处_1 。_1 广_1 州_1 市_1 市_1 场_1 监_1 管_1 局_1 还_1 呼_1 吁_1 ，_1 消_1 费_1 者_1 如_1 果_1 发_1 现_1 [UNK]_1 幸_1 运_1 测_1 试_1 机_1 [UNK]_1 的_1 经_1 营_1 者_1 存_1 在_1 虚_1 假_1 宣_1 传_1 或_1 者_1 提_1 供_1 的_1 商_1 品_1 属_1 于_1 [UNK]_1 三_1 无_1 [UNK]_1 产_1 品_1 、_1 假_1 冒_1 伪_1 劣_1 商_1 品_1 的_1 ，_1 可_1 以_1 及_1 时_1 拨_1 打_1 12345_1 热_1 线_1 举_1 报_1 ，_1 市_1 质_1 监_1 局_1 将_1 在_1 职_1 责_1 范_1 围_1 内_1 ，_1 依_1 法_1 处_1 理_1 ，_1 尽_1 力_1 维_1 护_1 消_1 费_1 者_1 的_1 合_1 法_1 权_1 益_1 。_1 [SEP]_1
2019-10-25 17:23:20,056 seed everything and create model
2019-10-25 17:25:09,612 step 150 train loss: 0.7476
2019-10-25 17:25:09,612 step 150 score: 0.5813
2019-10-25 17:26:53,774 step 300 train loss: 0.5336
2019-10-25 17:26:53,775 step 300 score: 0.7593
2019-10-25 17:28:37,924 step 450 train loss: 0.4550
2019-10-25 17:28:37,924 step 450 score: 0.7633
2019-10-25 17:30:22,076 step 600 train loss: 0.3994
2019-10-25 17:30:22,076 step 600 score: 0.7416
2019-10-25 17:32:06,222 step 750 train loss: 0.4054
2019-10-25 17:32:06,222 step 750 score: 0.7624
2019-10-25 17:33:50,389 step 900 train loss: 0.3482
2019-10-25 17:33:50,389 step 900 score: 0.7426
2019-10-25 17:35:34,533 step 1050 train loss: 0.3392
2019-10-25 17:35:34,533 step 1050 score: 0.7833
2019-10-25 17:37:18,691 step 1200 train loss: 0.2999
2019-10-25 17:37:18,691 step 1200 score: 0.7821
2019-10-25 17:39:02,828 step 1350 train loss: 0.2915
2019-10-25 17:39:02,828 step 1350 score: 0.7726
2019-10-25 17:40:46,985 step 1500 train loss: 0.3054
2019-10-25 17:40:46,986 step 1500 score: 0.7638
2019-10-25 17:40:46,986 best score is 0.7833
