2019-10-23 09:03:15,311 log_in_file: True
2019-10-23 09:03:15,312 lm_path: /home/wangzl/PretrainedLM/BERT/New/chinese_wwm_ext_pytorch
2019-10-23 09:03:15,312 lm_type: bert
2019-10-23 09:03:15,312 data_path: ../data/
2019-10-23 09:03:15,312 usegpu: True
2019-10-23 09:03:15,312 use_origin: True
2019-10-23 09:03:15,312 total_step: 1500
2019-10-23 09:03:15,312 eval_every: 150
2019-10-23 09:03:15,312 early_stop: 4
2019-10-23 09:03:15,312 max_length: 320
2019-10-23 09:03:15,312 max_title_rate: 0.125
2019-10-23 09:03:15,312 content_head_rate: 0.6
2019-10-23 09:03:15,312 batch_size: 16
2019-10-23 09:03:15,312 lr_scheduler_type: linear
2019-10-23 09:03:15,312 input_pattern: sentence
2019-10-23 09:03:15,312 clean_method: space+notzh
2019-10-23 09:03:15,312 warmup_rate: 0.1
2019-10-23 09:03:15,312 classifier_dropout: 0.3
2019-10-23 09:03:15,312 classifier_weight_decay: 0.0
2019-10-23 09:03:15,312 cache_final_model: False
2019-10-23 09:03:15,312 seed: 23
2019-10-23 09:03:15,312 lr: 2e-05
2019-10-23 09:03:15,312 lr_decay_in_layers: 0.95
2019-10-23 09:03:15,312 weight_decay: 0.01
2019-10-23 09:03:15,329 padding token is 0
2019-10-23 09:03:41,707 Token Sample: [CLS]_0 浙_0 江_0 音_0 乐_0 学_0 院_0 钢_0 琴_0 老_0 师_0 金_0 麦_0 克_0 :_0 生_0 活_0 就_0 是_0 与_0 艺_0 术_0 __0 温_0 情_0 网_0 -_0 最_0 好_0 的_0 养_0 生_0 ._0 ._0 ._0 [SEP]_0 四_1 岁_1 开_1 始_1 练_1 琴_1 ，_1 青_1 春_1 ，_1 懵_1 懂_1 ，_1 走_1 向_1 成_1 熟_1 的_1 彷_1 徨_1 ，_1 他_1 生_1 命_1 中_1 的_1 大_1 部_1 分_1 喜_1 怒_1 哀_1 愁_1 都_1 与_1 琴_1 声_1 缭_1 绕_1 在_1 一_1 起_1 。_1 高_1 考_1 那_1 一_1 年_1 没_1 有_1 选_1 择_1 音_1 乐_1 专_1 业_1 ，_1 或_1 也_1 是_1 他_1 哀_1 愁_1 的_1 一_1 部_1 分_1 。_1 最_1 终_1 ，_1 性_1 格_1 中_1 的_1 不_1 羁_1 与_1 执_1 拗_1 ，_1 让_1 他_1 的_1 梦_1 想_1 得_1 到_1 释_1 放_1 。_1 他_1 有_1 足_1 够_1 的_1 勇_1 气_1 ，_1 去_1 跨_1 越_1 千_1 山_1 万_1 水_1 ，_1 在_1 古_1 典_1 音_1 乐_1 的_1 故_1 乡_1 德_1 国_1 肆_1 意_1 流_1 浪_1 。_1 过_1 去_1 的_1 10_1 多_1 年_1 里_1 ，_1 音_1 乐_1 成_1 为_1 他_1 生_1 命_1 的_1 主_1 旋_1 律_1 。_1 他_1 因_1 此_1 获_1 得_1 了_1 光_1 荣_1 与_1 掌_1 声_1 。_1 他_1 是_1 德_1 国_1 法_1 兰_1 克_1 福_1 音_1 乐_1 学_1 院_1 钢_1 琴_1 演_1 奏_1 专_1 业_1 博_1 士_1 ，_1 法_1 兰_1 克_1 福_1 音_1 乐_1 学_1 院_1 历_1 史_1 上_1 首_1 位_1 取_1 得_1 此_1 学_1 位_1 的_1 中_1 国_1 学_1 生_1 。_1 2008_1 年_1 他_1 应_1 br_1 ##it_1 ##b_1 ##na_1 ##i_1 基_1 金_1 会_1 邀_1 请_1 赴_1 德_1 国_1 演_1 出_1 ，_1 2009_1 年_1 应_1 柏_1 林_1 电_1 影_1 节_1 邀_1 请_1 演_1 出_1 。_1 金_1 麦_1 克_1 现_1 在_1 成_1 为_1 了_1 浙_1 江_1 音_1 乐_1 学_1 院_1 钢_1 琴_1 老_1 师_1 ，_1 也_1 是_1 一_1 位_1 出_1 色_1 的_1 演_1 奏_1 家_1 。_1 但_1 更_1 让_1 他_1 引_1 以_1 为_1 傲_1 的_1 身_1 份_1 是_1 古_1 典_1 音_1 乐_1 的_1 推_1 广_1 者_1 [UNK]_1
2019-10-23 09:03:58,655 Token Sample: [CLS]_0 【_0 特_0 别_0 关_0 注_0 】_0 巨_0 婴_0 成_0 年_0 人_0 害_0 死_0 多_0 少_0 人_0 __0 救_0 援_0 [SEP]_0 【_1 特_1 别_1 关_1 注_1 】_1 巨_1 婴_1 成_1 年_1 人_1 害_1 死_1 多_1 少_1 人_1 关_1 注_1 我_1 哟_1 ☀_1 导_1 读_1 中_1 国_1 式_1 巨_1 婴_1 指_1 一_1 个_1 奇_1 葩_1 的_1 成_1 年_1 人_1 群_1 体_1 ，_1 极_1 度_1 自_1 私_1 ，_1 只_1 求_1 索_1 取_1 没_1 有_1 奉_1 献_1 ，_1 绝_1 对_1 的_1 以_1 自_1 我_1 为_1 中_1 心_1 ，_1 所_1 有_1 人_1 都_1 要_1 围_1 着_1 他_1 转_1 才_1 是_1 正_1 确_1 ，_1 没_1 有_1 规_1 则_1 意_1 识_1 、_1 没_1 有_1 法_1 律_1 概_1 念_1 、_1 没_1 有_1 道_1 德_1 约_1 束_1 ，_1 把_1 别_1 人_1 的_1 帮_1 助_1 、_1 赠_1 予_1 视_1 为_1 应_1 该_1 ，_1 没_1 有_1 丝_1 毫_1 的_1 感_1 恩_1 之_1 心_1 ，_1 全_1 世_1 界_1 都_1 是_1 欠_1 他_1 的_1 ，_1 把_1 自_1 己_1 当_1 成_1 国_1 家_1 的_1 婴_1 儿_1 。_1 12_1 月_1 7_1 日_1 ，_1 在_1 微_1 博_1 看_1 到_1 一_1 则_1 令_1 人_1 痛_1 心_1 疾_1 首_1 的_1 新_1 闻_1 。_1 辽_1 宁_1 鞍_1 山_1 ，_1 一_1 名_1 60_1 岁_1 老_1 人_1 在_1 公_1 园_1 冰_1 上_1 遛_1 弯_1 儿_1 拍_1 照_1 掉_1 进_1 湖_1 里_1 。_1 市_1 消_1 防_1 队_1 正_1 在_1 附_1 近_1 训_1 练_1 ，_1 接_1 到_1 群_1 众_1 报_1 告_1 后_1 随_1 即_1 赶_1 到_1 事_1 发_1 现_1 场_1 开_1 展_1 救_1 援_1 工_1 作_1 。_1 在_1 救_1 援_1 过_1 程_1 中_1 三_1 名_1 消_1 防_1 队_1 员_1 也_1 不_1 慎_1 落_1 水_1 。_1 随_1 后_1 执_1 行_1 乘_1 船_1 破_1 冰_1 救_1 援_1 ，_1 被_1 困_1 市_1 民_1 已_1 身_1 亡_1 ，_1 一_1 名_1 23_1 岁_1 消_1 防_1 员_1 因_1 抢_1 救_1 无_1 效_1 牺_1 牲_1 ，_1 其_1 他_1 两_1 位_1 消_1 防_1 队_1 员_1 无_1 碍_1 。_1 救_1 援_1 现_1 场_1 战_1 友_1 们_1 撕_1 心_1 裂_1 肺_1
2019-10-23 09:04:44,102 Token Sample: [CLS]_0 澳_0 门_0 金_0 沙_0 赌_0 场_0 官_0 网_0 __0 法_0 律_0 法_0 规_0 网_0 [SEP]_0 [UNK]_1 基_1 层_1 是_1 党_1 的_1 执_1 政_1 之_1 基_1 、_1 力_1 量_1 之_1 源_1 。_1 只_1 有_1 基_1 层_1 党_1 组_1 织_1 坚_1 强_1 有_1 力_1 ，_1 党_1 员_1 发_1 挥_1 应_1 有_1 作_1 用_1 ，_1 党_1 的_1 根_1 基_1 才_1 能_1 牢_1 固_1 ，_1 党_1 才_1 能_1 有_1 战_1 斗_1 力_1 。_1 [UNK]_1 这_1 是_1 2016_1 年_1 习_1 近_1 平_1 对_1 在_1 全_1 党_1 开_1 展_1 [UNK]_1 两_1 学_1 一_1 做_1 [UNK]_1 学_1 习_1 教_1 育_1 作_1 出_1 的_1 重_1 要_1 指_1 示_1 。_1 很_1 多_1 人_1 都_1 觉_1 得_1 ，_1 iphone_1 自_1 带_1 的_1 相_1 机_1 功_1 能_1 很_1 少_1 ，_1 安_1 卓_1 机_1 自_1 带_1 相_1 机_1 都_1 自_1 带_1 各_1 种_1 强_1 大_1 功_1 能_1 。_1 而_1 iphone_1 的_1 拍_1 照_1 界_1 面_1 看_1 起_1 来_1 ._1 确_1 实_1 平_1 平_1 无_1 奇_1 澳_1 门_1 金_1 沙_1 赌_1 场_1 官_1 网_1 :_1 这_1 是_1 一_1 款_1 经_1 典_1 的_1 横_1 版_1 闯_1 关_1 游_1 戏_1 ，_1 以_1 s_1 ##nes_1 上_1 早_1 期_1 的_1 《_1 街_1 头_1 快_1 打_1 》_1 为_1 基_1 础_1 打_1 造_1 的_1 加_1 强_1 版_1 。_1 游_1 戏_1 有_1 新_1 的_1 战_1 斗_1 技_1 能_1 和_1 更_1 多_1 的_1 难_1 度_1 挑_1 战_1 ，_1 不_1 过_1 原_1 作_1 中_1 的_1 主_1 角_1 之_1 一_1 co_1 ##dy_1 在_1 这_1 一_1 版_1 本_1 中_1 不_1 可_1 选_1 ，_1 只_1 有_1 g_1 ##uy_1 和_1 ha_1 ##gg_1 ##ar_1 是_1 可_1 选_1 角_1 色_1 。_1 由_1 于_1 英_1 文_1 版_1 的_1 本_1 作_1 只_1 能_1 在_1 商_1 店_1 出_1 租_1 ，_1 所_1 以_1 在_1 s_1 ##nes_1 停_1 产_1 后_1 ，_1 想_1 得_1 到_1 这_1 款_1 游_1 戏_1 得_1 花_1 许_1 多_1 工_1 夫_1 。_1 三_1 是_1 坚_1 持_1 把_1 纪_1 律_1 规_1 矩_1 挺_1 在_1 前_1 面_1 ，_1 党_1 员_1 教_1 育_1 管_1 理_1 逐_1 步_1 走_1 向_1 [UNK]_1 严_1
2019-10-23 09:05:09,712 seed everything and create model
