2019-10-25 14:40:16,789 log_in_file: True
2019-10-25 14:40:16,789 lm_path: /home/wangzl/PretrainedLM/BERT/New/chinese_wwm_ext_pytorch
2019-10-25 14:40:16,789 lm_type: bert
2019-10-25 14:40:16,789 data_path: ../data/
2019-10-25 14:40:16,790 usegpu: True
2019-10-25 14:40:16,790 total_step: 1500
2019-10-25 14:40:16,790 eval_every: 150
2019-10-25 14:40:16,790 early_stop: 4
2019-10-25 14:40:16,790 max_length: 360
2019-10-25 14:40:16,790 max_title_rate: 0.125
2019-10-25 14:40:16,790 content_head_rate: 0.6
2019-10-25 14:40:16,790 batch_size: 16
2019-10-25 14:40:16,790 lr_scheduler_type: linear
2019-10-25 14:40:16,790 input_pattern: head+tail+fixed
2019-10-25 14:40:16,790 clean_method: space+notzh
2019-10-25 14:40:16,790 warmup_rate: 0.1
2019-10-25 14:40:16,790 classifier_dropout: 0.1
2019-10-25 14:40:16,790 classifier_active: relu
2019-10-25 14:40:16,790 cache_final_model: False
2019-10-25 14:40:16,790 seed: 23
2019-10-25 14:40:16,790 lr: 2e-05
2019-10-25 14:40:16,790 lr_decay_in_layers: 0.97
2019-10-25 14:40:16,790 wd_decay_in_layers: 1.0
2019-10-25 14:40:16,790 weight_decay: 0.01
2019-10-25 14:40:16,806 padding token is 0
2019-10-25 14:40:45,990 Token Sample: [CLS]_0 现_0 场_0 办_0 公_0 |_0 张_0 维_0 申_0 在_0 诚_0 信_0 服_0 务_0 公_0 司_0 强_0 调_0 做_0 强_0 做_0 优_0 产_0 品_0 服_0 务_0 升_0 级_0 保_0 障_0 生_0 产_0 生_0 活_0 [PAD]_0 [PAD]_0 [PAD]_0 [PAD]_0 [PAD]_0 [PAD]_0 [PAD]_0 [PAD]_0 [PAD]_0 [PAD]_0 [PAD]_0 [PAD]_0 [SEP]_0 青_1 海_1 油_1 田_1 现_1 场_1 办_1 公_1 ｜_1 张_1 维_1 申_1 在_1 诚_1 信_1 服_1 务_1 公_1 司_1 强_1 调_1 做_1 强_1 做_1 优_1 产_1 品_1 服_1 务_1 升_1 级_1 保_1 障_1 生_1 产_1 生_1 活_1 阅_1 读_1 全_1 文_1 [PAD]_1 [PAD]_1 [PAD]_1 [PAD]_1 [PAD]_1 [PAD]_1 [PAD]_1 [PAD]_1 [PAD]_1 [PAD]_1 [PAD]_1 [PAD]_1 [PAD]_1 [PAD]_1 [PAD]_1 [PAD]_1 [PAD]_1 [PAD]_1 [PAD]_1 [PAD]_1 [PAD]_1 [PAD]_1 [PAD]_1 [PAD]_1 [PAD]_1 [PAD]_1 [PAD]_1 [PAD]_1 [PAD]_1 [PAD]_1 [PAD]_1 [PAD]_1 [PAD]_1 [PAD]_1 [PAD]_1 [PAD]_1 [PAD]_1 [PAD]_1 [PAD]_1 [PAD]_1 [PAD]_1 [PAD]_1 [PAD]_1 [PAD]_1 [PAD]_1 [PAD]_1 [PAD]_1 [PAD]_1 [PAD]_1 [PAD]_1 [PAD]_1 [PAD]_1 [PAD]_1 [PAD]_1 [PAD]_1 [PAD]_1 [PAD]_1 [PAD]_1 [PAD]_1 [PAD]_1 [PAD]_1 [PAD]_1 [PAD]_1 [PAD]_1 [PAD]_1 [PAD]_1 [PAD]_1 [PAD]_1 [PAD]_1 [PAD]_1 [PAD]_1 [PAD]_1 [PAD]_1 [PAD]_1 [PAD]_1 [PAD]_1 [PAD]_1 [PAD]_1 [PAD]_1 [PAD]_1 [PAD]_1 [PAD]_1 [PAD]_1 [PAD]_1 [PAD]_1 [PAD]_1 [PAD]_1 [PAD]_1 [PAD]_1 [PAD]_1 [PAD]_1 [PAD]_1 [PAD]_1 [PAD]_1 [PAD]_1 [PAD]_1 [PAD]_1 [PAD]_1 [PAD]_1 [PAD]_1 [PAD]_1 [PAD]_1 [PAD]_1 [PAD]_1 [PAD]_1 [PAD]_1 [PAD]_1 [PAD]_1 [PAD]_1 [PAD]_1 [PAD]_1 [PAD]_1 [PAD]_1 [PAD]_1 [PAD]_1 [PAD]_1 [PAD]_1 [PAD]_1 [PAD]_1 [PAD]_1 [PAD]_1 [PAD]_1 [PAD]_1 [PAD]_1 [PAD]_1 [PAD]_1 [PAD]_1 [PAD]_1 [PAD]_1 [PAD]_1 [PAD]_1 [PAD]_1 [PAD]_1 [PAD]_1 [PAD]_1 [PAD]_1 [PAD]_1 [PAD]_1 [PAD]_1 [PAD]_1 [PAD]_1 [PAD]_1 [PAD]_1 [PAD]_1 [PAD]_1 [PAD]_1 [PAD]_1 [PAD]_1 [SEP]_1 [PAD]_1 [PAD]_1 [PAD]_1 [PAD]_1 [PAD]_1 [PAD]_1 [PAD]_1 [PAD]_1 [PAD]_1 [PAD]_1 [PAD]_1 [PAD]_1 [PAD]_1 [PAD]_1 [PAD]_1 [PAD]_1 [PAD]_1 [PAD]_1 [PAD]_1 [PAD]_1 [PAD]_1 [PAD]_1 [PAD]_1 [PAD]_1 [PAD]_1 [PAD]_1 [PAD]_1 [PAD]_1 [PAD]_1 [PAD]_1 [PAD]_1 [PAD]_1 [PAD]_1 [PAD]_1 [PAD]_1 [PAD]_1 [PAD]_1 [PAD]_1 [PAD]_1 [PAD]_1 [PAD]_1 [PAD]_1 [PAD]_1 [PAD]_1 [PAD]_1 [PAD]_1 [PAD]_1 [PAD]_1 [PAD]_1 [PAD]_1 [PAD]_1 [PAD]_1 [PAD]_1 [PAD]_1 [PAD]_1 [PAD]_1 [PAD]_1 [PAD]_1 [PAD]_1 [PAD]_1 [PAD]_1 [PAD]_1 [PAD]_1 [PAD]_1 [PAD]_1 [PAD]_1 [PAD]_1 [PAD]_1 [PAD]_1 [PAD]_1 [PAD]_1 [PAD]_1 [PAD]_1 [PAD]_1 [PAD]_1 [PAD]_1 [PAD]_1 [PAD]_1 [PAD]_1 [PAD]_1 [PAD]_1 青_1 海_1 油_1 田_1 现_1 场_1 办_1 公_1 ｜_1 张_1 维_1 申_1 在_1 诚_1 信_1 服_1 务_1 公_1 司_1 强_1 调_1 做_1 强_1 做_1 优_1 产_1 品_1 服_1 务_1 升_1 级_1 保_1 障_1 生_1 产_1 生_1 活_1 阅_1 读_1 全_1 文_1 [SEP]_1
2019-10-25 14:41:19,921 Token Sample: [CLS]_0 z_0 ##ion_0 ##com_0 年_0 度_0 净_0 利_0 减_0 少_0 94_0 ._0 8_0 %_0 至_0 72_0 万_0 港_0 元_0 [PAD]_0 [PAD]_0 [PAD]_0 [PAD]_0 [PAD]_0 [PAD]_0 [PAD]_0 [PAD]_0 [PAD]_0 [PAD]_0 [PAD]_0 [PAD]_0 [PAD]_0 [PAD]_0 [PAD]_0 [PAD]_0 [PAD]_0 [PAD]_0 [PAD]_0 [PAD]_0 [PAD]_0 [PAD]_0 [PAD]_0 [PAD]_0 [PAD]_0 [PAD]_0 [PAD]_0 [SEP]_0 公_1 布_1 2017_1 年_1 业_1 绩_1 ，_1 实_1 现_1 收_1 入_1 约_1 5_1 ._1 78_1 亿_1 港_1 元_1 ，_1 同_1 比_1 增_1 加_1 约_1 12_1 ._1 9_1 %_1 ；_1 公_1 司_1 拥_1 有_1 人_1 应_1 佔_1 年_1 度_1 溢_1 利_1 72_1 万_1 港_1 元_1 ，_1 同_1 比_1 减_1 少_1 约_1 94_1 ._1 81_1 %_1 ；_1 每_1 股_1 盈_1 利_1 0_1 ._1 16_1 港_1 仙_1 ，_1 不_1 派_1 息_1 。_1 [PAD]_1 [PAD]_1 [PAD]_1 [PAD]_1 [PAD]_1 [PAD]_1 [PAD]_1 [PAD]_1 [PAD]_1 [PAD]_1 [PAD]_1 [PAD]_1 [PAD]_1 [PAD]_1 [PAD]_1 [PAD]_1 [PAD]_1 [PAD]_1 [PAD]_1 [PAD]_1 [PAD]_1 [PAD]_1 [PAD]_1 [PAD]_1 [PAD]_1 [PAD]_1 [PAD]_1 [PAD]_1 [PAD]_1 [PAD]_1 [PAD]_1 [PAD]_1 [PAD]_1 [PAD]_1 [PAD]_1 [PAD]_1 [PAD]_1 [PAD]_1 [PAD]_1 [PAD]_1 [PAD]_1 [PAD]_1 [PAD]_1 [PAD]_1 [PAD]_1 [PAD]_1 [PAD]_1 [PAD]_1 [PAD]_1 [PAD]_1 [PAD]_1 [PAD]_1 [PAD]_1 [PAD]_1 [PAD]_1 [PAD]_1 [PAD]_1 [PAD]_1 [PAD]_1 [PAD]_1 [PAD]_1 [PAD]_1 [PAD]_1 [PAD]_1 [PAD]_1 [PAD]_1 [PAD]_1 [PAD]_1 [PAD]_1 [PAD]_1 [PAD]_1 [PAD]_1 [PAD]_1 [PAD]_1 [PAD]_1 [PAD]_1 [PAD]_1 [PAD]_1 [PAD]_1 [PAD]_1 [PAD]_1 [PAD]_1 [PAD]_1 [PAD]_1 [PAD]_1 [PAD]_1 [PAD]_1 [PAD]_1 [PAD]_1 [PAD]_1 [PAD]_1 [PAD]_1 [PAD]_1 [PAD]_1 [PAD]_1 [PAD]_1 [PAD]_1 [PAD]_1 [PAD]_1 [PAD]_1 [PAD]_1 [PAD]_1 [PAD]_1 [PAD]_1 [PAD]_1 [PAD]_1 [PAD]_1 [PAD]_1 [PAD]_1 [PAD]_1 [PAD]_1 [PAD]_1 [PAD]_1 [PAD]_1 [PAD]_1 [PAD]_1 [PAD]_1 [PAD]_1 [PAD]_1 [PAD]_1 [SEP]_1 [PAD]_1 [PAD]_1 [PAD]_1 [PAD]_1 [PAD]_1 [PAD]_1 [PAD]_1 [PAD]_1 [PAD]_1 [PAD]_1 [PAD]_1 [PAD]_1 [PAD]_1 [PAD]_1 [PAD]_1 [PAD]_1 [PAD]_1 [PAD]_1 [PAD]_1 [PAD]_1 [PAD]_1 [PAD]_1 [PAD]_1 [PAD]_1 [PAD]_1 [PAD]_1 [PAD]_1 [PAD]_1 [PAD]_1 [PAD]_1 [PAD]_1 [PAD]_1 [PAD]_1 [PAD]_1 [PAD]_1 [PAD]_1 [PAD]_1 [PAD]_1 [PAD]_1 [PAD]_1 [PAD]_1 [PAD]_1 [PAD]_1 [PAD]_1 [PAD]_1 [PAD]_1 [PAD]_1 [PAD]_1 [PAD]_1 [PAD]_1 [PAD]_1 [PAD]_1 [PAD]_1 公_1 布_1 2017_1 年_1 业_1 绩_1 ，_1 实_1 现_1 收_1 入_1 约_1 5_1 ._1 78_1 亿_1 港_1 元_1 ，_1 同_1 比_1 增_1 加_1 约_1 12_1 ._1 9_1 %_1 ；_1 公_1 司_1 拥_1 有_1 人_1 应_1 佔_1 年_1 度_1 溢_1 利_1 72_1 万_1 港_1 元_1 ，_1 同_1 比_1 减_1 少_1 约_1 94_1 ._1 81_1 %_1 ；_1 每_1 股_1 盈_1 利_1 0_1 ._1 16_1 港_1 仙_1 ，_1 不_1 派_1 息_1 。_1 [SEP]_1
2019-10-25 14:41:35,663 Token Sample: [CLS]_0 杭_0 州_0 80_0 后_0 夫_0 妻_0 吵_0 架_0 妻_0 子_0 赌_0 气_0 跳_0 楼_0 身_0 亡_0 丈_0 夫_0 悲_0 痛_0 不_0 已_0 ！_0 但_0 警_0 方_0 在_0 阳_0 台_0 外_0 侧_0 发_0 现_0 了_0 一_0 条_0 抓_0 痕_0 [PAD]_0 [PAD]_0 [PAD]_0 [PAD]_0 [PAD]_0 [PAD]_0 [PAD]_0 [SEP]_0 夫_1 妻_1 吵_1 架_1 ，_1 妻_1 子_1 赌_1 气_1 跳_1 楼_1 身_1 亡_1 ，_1 丈_1 夫_1 悲_1 痛_1 不_1 已_1 [UNK]_1 [UNK]_1 从_1 丈_1 夫_1 的_1 讲_1 述_1 、_1 事_1 发_1 现_1 场_1 的_1 状_1 况_1 来_1 看_1 ，_1 这_1 是_1 一_1 起_1 因_1 家_1 庭_1 琐_1 事_1 引_1 发_1 的_1 自_1 杀_1 事_1 件_1 ，_1 一_1 切_1 都_1 很_1 合_1 理_1 。_1 可_1 是_1 ，_1 凭_1 着_1 多_1 年_1 经_1 验_1 培_1 养_1 出_1 来_1 的_1 直_1 觉_1 ，_1 各_1 种_1 细_1 微_1 的_1 疑_1 点_1 ，_1 让_1 刑_1 警_1 渐_1 渐_1 产_1 生_1 了_1 疑_1 问_1 [UNK]_1 [UNK]_1 这_1 个_1 坠_1 楼_1 事_1 件_1 ，_1 是_1 不_1 是_1 丈_1 夫_1 一_1 手_1 炮_1 制_1 的_1 ？_1 丈_1 夫_1 说_1 我_1 们_1 吵_1 架_1 ，_1 她_1 一_1 激_1 动_1 就_1 跳_1 下_1 去_1 了_1 2016_1 年_1 3_1 月_1 21_1 日_1 ，_1 桐_1 庐_1 县_1 公_1 安_1 局_1 接_1 到_1 一_1 起_1 报_1 警_1 ，_1 桐_1 庐_1 凤_1 川_1 街_1 道_1 一_1 居_1 民_1 小_1 区_1 内_1 ，_1 一_1 名_1 女_1 子_1 坠_1 楼_1 身_1 亡_1 。_1 警_1 方_1 赶_1 到_1 现_1 场_1 ，_1 在_1 一_1 幢_1 6_1 层_1 [SEP]_1 认_1 为_1 通_1 过_1 伪_1 造_1 现_1 场_1 就_1 可_1 以_1 瞒_1 天_1 过_1 海_1 ，_1 其_1 实_1 ，_1 在_1 刑_1 侦_1 警_1 察_1 的_1 眼_1 中_1 ，_1 案_1 发_1 现_1 场_1 的_1 蛛_1 丝_1 马_1 迹_1 ，_1 都_1 会_1 成_1 为_1 能_1 开_1 口_1 的_1 证_1 据_1 。_1 在_1 刑_1 警_1 的_1 字_1 典_1 里_1 ，_1 没_1 有_1 天_1 衣_1 无_1 缝_1 的_1 犯_1 罪_1 ，_1 若_1 要_1 人_1 不_1 知_1 ，_1 除_1 非_1 己_1 莫_1 为_1 。_1 经_1 法_1 院_1 审_1 理_1 ，_1 潘_1 某_1 因_1 鉴_1 定_1 患_1 有_1 精_1 神_1 疾_1 病_1 ，_1 负_1 部_1 分_1 刑_1 事_1 责_1 任_1 能_1 力_1 ，_1 因_1 故_1 意_1 杀_1 人_1 罪_1 判_1 处_1 有_1 期_1 徒_1 刑_1 15_1 年_1 。_1 [SEP]_1
2019-10-25 14:41:50,247 seed everything and create model
2019-10-25 14:43:40,324 step 150 train loss: 0.6092
2019-10-25 14:43:40,324 step 150 score: 0.6675
2019-10-25 14:45:24,448 step 300 train loss: 0.4232
2019-10-25 14:45:24,449 step 300 score: 0.7644
2019-10-25 14:47:08,050 step 450 train loss: 0.3799
2019-10-25 14:47:08,050 step 450 score: 0.7877
2019-10-25 14:48:51,652 step 600 train loss: 0.3265
2019-10-25 14:48:51,652 step 600 score: 0.7436
2019-10-25 14:50:35,247 step 750 train loss: 0.4082
2019-10-25 14:50:35,247 step 750 score: 0.7700
2019-10-25 14:52:18,844 step 900 train loss: 0.2733
2019-10-25 14:52:18,844 step 900 score: 0.7700
2019-10-25 14:54:02,435 step 1050 train loss: 0.2651
2019-10-25 14:54:02,435 step 1050 score: 0.7792
2019-10-25 14:55:46,027 step 1200 train loss: 0.2364
2019-10-25 14:55:46,027 step 1200 score: 0.7860
2019-10-25 14:55:46,027 best score is 0.7877
