2019-10-23 21:10:01,995 log_in_file: True
2019-10-23 21:10:01,995 lm_path: /home/wangzl/PretrainedLM/BERT/New/chinese_wwm_ext_pytorch
2019-10-23 21:10:01,995 lm_type: bert
2019-10-23 21:10:01,995 data_path: ../data/
2019-10-23 21:10:01,995 usegpu: True
2019-10-23 21:10:01,995 use_origin: False
2019-10-23 21:10:01,995 n_fold: 5
2019-10-23 21:10:01,995 total_step: 3000
2019-10-23 21:10:01,995 eval_every: 300
2019-10-23 21:10:01,995 early_stop: 4
2019-10-23 21:10:01,996 max_length: 510
2019-10-23 21:10:01,996 max_title_rate: 0.1
2019-10-23 21:10:01,996 content_head_rate: 0.6
2019-10-23 21:10:01,996 batch_size: 8
2019-10-23 21:10:01,996 lr_scheduler_type: linear
2019-10-23 21:10:01,996 input_pattern: sentence
2019-10-23 21:10:01,996 clean_method: space+notzh
2019-10-23 21:10:01,996 warmup_rate: 0.1
2019-10-23 21:10:01,996 classifier_dropout: 0.3
2019-10-23 21:10:01,996 classifier_weight_decay: 0.0
2019-10-23 21:10:01,996 cache_final_model: False
2019-10-23 21:10:01,996 seed: 8
2019-10-23 21:10:01,996 lr: 2e-05
2019-10-23 21:10:01,996 lr_decay_in_layers: 0.95
2019-10-23 21:10:01,996 weight_decay: 0.01
2019-10-23 21:10:02,012 padding token is 0
2019-10-23 21:10:25,656 Token Sample: [CLS]_0 气_0 温_0 日_0 渐_0 升_0 高_0 ，_0 定_0 州_0 这_0 个_0 村_0 又_0 快_0 不_0 能_0 住_0 了_0 !_0 所_0 为_0 何_0 事_0 ?_0 !_0 今_0 ._0 ._0 ._0 __0 手_0 机_0 网_0 易_0 网_0 [SEP]_0 1_1 ._1 业_1 务_1 员_1 :_1 男_1 女_1 不_1 限_1 ，_1 学_1 历_1 不_1 限_1 ，_1 年_1 龄_1 18_1 -_1 28_1 岁_1 ，_1 熟_1 悉_1 互_1 联_1 网_1 ，_1 熟_1 悉_1 微_1 信_1 公_1 众_1 平_1 台_1 ;_1 有_1 良_1 好_1 的_1 团_1 队_1 合_1 作_1 精_1 神_1 、_1 有_1 责_1 任_1 心_1 、_1 优_1 先_1 录_1 取_1 。_1 2_1 ._1 平_1 面_1 设_1 计_1 :_1 公_1 司_1 图_1 文_1 设_1 计_1 ，_1 按_1 要_1 求_1 把_1 照_1 片_1 上_1 传_1 平_1 台_1 ，_1 有_1 相_1 关_1 工_1 作_1 经_1 验_1 者_1 优_1 先_1 录_1 取_1 。_1 招_1 聘_1 创_1 业_1 小_1 老_1 板_1 !_1 我_1 们_1 一_1 直_1 在_1 招_1 聘_1 ，_1 从_1 来_1 不_1 缺_1 人_1 ，_1 缺_1 的_1 是_1 人_1 才_1 !_1 心_1 有_1 多_1 大_1 ，_1 平_1 台_1 有_1 多_1 大_1 (_1 诚_1 友_1 打_1 造_1 创_1 业_1 的_1 小_1 老_1 板_1 工_1 程_1 ，_1 招_1 聘_1 定_1 州_1 区_1 域_1 )_1 【_1 招_1 聘_1 】_1 芝_1 华_1 图_1 书_1 销_1 售_1 有_1 限_1 公_1 司_1 。_1 现_1 在_1 我_1 们_1 公_1 司_1 诚_1 聘_1 有_1 抱_1 负_1 有_1 理_1 想_1 ._1 踏_1 实_1 ._1 有_1 上_1 进_1 心_1 的_1 电_1 话_1 工_1 作_1 人_1 员_1 。_1 20_1 -_1 35_1 岁_1 女_1 性_1 ，_1 具_1 有_1 初_1 中_1 以_1 上_1 文_1 化_1 有_1 工_1 作_1 经_1 验_1 的_1 优_1 先_1 ，_1 没_1 经_1 验_1 的_1 一_1 对_1 一_1 培_1 训_1 ;_1 工_1 资_1 不_1 等_1 ，_1 正_1 规_1 单_1 位_1 ，_1 周_1 末_1 双_1 休_1 ，_1 工_1 资_1 月_1 开_1 。_1 有_1 意_1 请_1 联_1 系_1 李_1 女_1 士_1 【_1 求_1 职_1 】_1 七_1 年_1 老_1 司_1 机_1 职_1 业_1 替_1 班_1 ，_1 单_1 钢_1 轮_1 双_1 钢_1 轮_1 胶_1 轮_1 压_1 路_1 机_1 (_1 有_1 证_1 )_1 ，_1 叉_1 车_1 (_1 有_1 证_1 )_1 ，_1 铲_1 车_1 ，_1 c1_1 小_1 车_1 。_1 要_1 求_1 工_1 资_1 月_1 结_1 ，_1 工_1 资_1 不_1 稳_1 ，_1 结_1 钱_1 墨_1 迹_1 慢_1 的_1 老_1 板_1 勿_1 扰_1 。_1 魏_1 。_1 特_1 别_1 声_1 明_1 :_1 本_1 文_1 为_1 网_1 易_1 自_1 媒_1 体_1 平_1 台_1 [UNK]_1 网_1 易_1 号_1 [UNK]_1 作_1 者_1 上_1 传_1 并_1 发_1 布_1 ，_1 仅_1 代_1 表_1 该_1 作_1 者_1 观_1 点_1 。_1 网_1 易_1 仅_1 提_1 供_1 信_1 息_1 发_1 布_1 平_1 台_1 。_1 [PAD]_1 [PAD]_1 [PAD]_1 [PAD]_1 [PAD]_1 [PAD]_1 [PAD]_1 [PAD]_1 [PAD]_1 [PAD]_1 [PAD]_1 [PAD]_1 [PAD]_1 [PAD]_1 [PAD]_1 [PAD]_1 [PAD]_1 [PAD]_1 [PAD]_1 [PAD]_1 [PAD]_1 [PAD]_1 [PAD]_1 [PAD]_1 [PAD]_1 [PAD]_1 [PAD]_1 [PAD]_1 [PAD]_1 [PAD]_1 [PAD]_1 [PAD]_1 [PAD]_1 [PAD]_1 [PAD]_1 [PAD]_1 [PAD]_1 [PAD]_1 [PAD]_1 [PAD]_1 [PAD]_1 [PAD]_1 [PAD]_1 [PAD]_1 [PAD]_1 [PAD]_1 [PAD]_1 [PAD]_1 [PAD]_1 [PAD]_1 [PAD]_1 [PAD]_1 [PAD]_1 [PAD]_1 [PAD]_1 [PAD]_1 [PAD]_1 [PAD]_1 [PAD]_1 [PAD]_1 [PAD]_1 [PAD]_1 [PAD]_1 [PAD]_1 [PAD]_1 [PAD]_1 [PAD]_1 [PAD]_1 [PAD]_1 [PAD]_1 [PAD]_1 [PAD]_1 [PAD]_1 [PAD]_1 [PAD]_1 [PAD]_1 [PAD]_1 [PAD]_1 [PAD]_1 [PAD]_1 [PAD]_1 [PAD]_1 [PAD]_1 [PAD]_1 [PAD]_1 [PAD]_1 [PAD]_1 [PAD]_1 [PAD]_1 [PAD]_1 [PAD]_1 [SEP]_1
2019-10-23 21:10:40,859 Token Sample: [CLS]_0 简_0 阳_0 市_0 心_0 理_0 健_0 康_0 教_0 育_0 名_0 师_0 工_0 作_0 室_0 在_0 简_0 阳_0 中_0 学_0 成_0 立_0 [SEP]_0 仪_1 式_1 由_1 简_1 阳_1 中_1 学_1 心_1 理_1 教_1 研_1 组_1 组_1 长_1 于_1 静_1 老_1 师_1 主_1 持_1 。_1 简_1 阳_1 市_1 教_1 育_1 局_1 贺_1 腊_1 梅_1 书_1 记_1 、_1 教_1 研_1 室_1 陈_1 根_1 宏_1 老_1 师_1 莅_1 临_1 现_1 场_1 指_1 导_1 ，_1 并_1 就_1 成_1 立_1 名_1 师_1 工_1 作_1 室_1 的_1 背_1 景_1 、_1 意_1 义_1 和_1 基_1 本_1 要_1 求_1 、_1 期_1 望_1 作_1 了_1 重_1 要_1 讲_1 话_1 。_1 简_1 阳_1 中_1 学_1 陈_1 建_1 超_1 副_1 校_1 长_1 ，_1 代_1 表_1 学_1 校_1 予_1 以_1 祝_1 贺_1 ，_1 并_1 表_1 示_1 将_1 充_1 分_1 支_1 持_1 工_1 作_1 室_1 的_1 工_1 作_1 ，_1 同_1 时_1 提_1 出_1 了_1 新_1 的_1 要_1 求_1 和_1 目_1 标_1 。_1 简_1 阳_1 市_1 心_1 理_1 健_1 康_1 教_1 育_1 名_1 师_1 工_1 作_1 室_1 ，_1 共_1 有_1 来_1 自_1 简_1 阳_1 市_1 不_1 同_1 学_1 校_1 的_1 从_1 事_1 心_1 理_1 教_1 育_1 工_1 作_1 的_1 优_1 秀_1 教_1 师_1 15_1 名_1 ：_1 王_1 君_1 、_1 全_1 红_1 、_1 吴_1 茜_1 、_1 朱_1 惠_1 、_1 周_1 良_1 慧_1 、_1 周_1 朝_1 霞_1 、_1 刘_1 忠_1 玉_1 、_1 张_1 晓_1 庆_1 、_1 王_1 平_1 、_1 周_1 晓_1 红_1 、_1 陈_1 丹_1 、_1 于_1 静_1 、_1 罗_1 小_1 丽_1 、_1 曾_1 亚_1 玲_1 、_1 李_1 红_1 。_1 工_1 作_1 室_1 由_1 简_1 阳_1 中_1 学_1 心_1 理_1 学_1 高_1 级_1 教_1 师_1 艾_1 国_1 军_1 领_1 衔_1 ，_1 在_1 这_1 次_1 成_1 立_1 仪_1 式_1 上_1 ，_1 艾_1 老_1 师_1 就_1 工_1 作_1 室_1 的_1 性_1 质_1 、_1 目_1 标_1 、_1 分_1 工_1 、_1 任_1 务_1 、_1 规_1 划_1 等_1 作_1 了_1 阐_1 述_1 。_1 心_1 理_1 健_1 康_1 教_1 育_1 名_1 师_1 工_1 作_1 室_1 以_1 [UNK]_1 名_1 师_1 引_1 领_1 、_1 同_1 伴_1 互_1 助_1 、_1 共_1 同_1 提_1 高_1 、_1 全_1 面_1 推_1 进_1 [UNK]_1 为_1 宗_1 旨_1 ，_1 搭_1 建_1 心_1 理_1 健_1 康_1 教_1 育_1 专_1 家_1 和_1 推_1 动_1 全_1 市_1 心_1 理_1 健_1 康_1 教_1 育_1 教_1 育_1 者_1 专_1 业_1 发_1 展_1 平_1 台_1 ，_1 探_1 究_1 心_1 理_1 健_1 康_1 教_1 育_1 教_1 师_1 队_1 伍_1 专_1 业_1 发_1 展_1 路_1 径_1 、_1 培_1 养_1 心_1 理_1 健_1 康_1 教_1 育_1 名_1 师_1 方_1 法_1 ，_1 从_1 而_1 促_1 进_1 全_1 市_1 心_1 理_1 健_1 康_1 教_1 育_1 发_1 展_1 ，_1 为_1 办_1 人_1 民_1 满_1 意_1 的_1 教_1 育_1 而_1 提_1 供_1 人_1 才_1 支_1 持_1 和_1 保_1 障_1 。_1 这_1 是_1 由_1 我_1 市_1 优_1 秀_1 心_1 理_1 健_1 康_1 教_1 育_1 工_1 作_1 者_1 组_1 成_1 的_1 专_1 业_1 发_1 展_1 的_1 学_1 习_1 型_1 、_1 研_1 究_1 型_1 、_1 实_1 践_1 型_1 、_1 引_1 领_1 型_1 组_1 织_1 。_1 工_1 作_1 室_1 将_1 学_1 习_1 贯_1 通_1 先_1 进_1 的_1 教_1 育_1 理_1 念_1 ，_1 形_1 成_1 典_1 型_1 的_1 教_1 育_1 经_1 验_1 ，_1 致_1 力_1 于_1 心_1 [SEP]_1
2019-10-23 21:10:55,932 Token Sample: [CLS]_0 女_0 司_0 机_0 开_0 车_0 太_0 累_0 ，_0 老_0 乡_0 帮_0 忙_0 无_0 证_0 驾_0 驶_0 [SEP]_0 扬_1 子_1 晚_1 报_1 网_1 1_1 月_1 3_1 日_1 讯_1 （_1 记_1 者_1 郭_1 一_1 鹏_1 通_1 讯_1 员_1 郎_1 伟_1 超_1 ）_1 1_1 月_1 2_1 日_1 凌_1 晨_1 0_1 时_1 许_1 ，_1 高_1 速_1 二_1 大_1 队_1 民_1 警_1 在_1 收_1 费_1 站_1 执_1 勤_1 时_1 ，_1 一_1 辆_1 皖_1 a_1 牌_1 照_1 小_1 车_1 由_1 北_1 向_1 南_1 驶_1 来_1 ，_1 车_1 内_1 男_1 性_1 驾_1 驶_1 员_1 在_1 接_1 受_1 询_1 问_1 时_1 支_1 支_1 吾_1 吾_1 ，_1 先_1 后_1 报_1 了_1 2_1 次_1 身_1 份_1 信_1 息_1 均_1 被_1 警_1 务_1 通_1 证_1 明_1 为_1 假_1 ，_1 且_1 始_1 终_1 不_1 肯_1 出_1 示_1 自_1 己_1 身_1 份_1 证_1 件_1 ，_1 这_1 引_1 起_1 了_1 民_1 警_1 的_1 怀_1 疑_1 ，_1 于_1 是_1 要_1 求_1 其_1 靠_1 边_1 接_1 受_1 检_1 查_1 。_1 经_1 查_1 ，_1 民_1 警_1 成_1 功_1 核_1 对_1 该_1 男_1 子_1 陈_1 某_1 的_1 真_1 实_1 信_1 息_1 ，_1 原_1 来_1 他_1 尚_1 未_1 取_1 得_1 机_1 动_1 车_1 驾_1 驶_1 证_1 ，_1 属_1 于_1 无_1 证_1 驾_1 驶_1 ，_1 因_1 为_1 害_1 怕_1 被_1 民_1 警_1 处_1 罚_1 才_1 前_1 前_1 后_1 后_1 连_1 撒_1 3_1 次_1 谎_1 。_1 这_1 时_1 ，_1 副_1 驾_1 驶_1 女_1 子_1 侯_1 某_1 承_1 认_1 ，_1 她_1 和_1 陈_1 某_1 是_1 老_1 乡_1 ，_1 一_1 起_1 驾_1 车_1 南_1 下_1 准_1 备_1 去_1 浙_1 江_1 ，_1 她_1 开_1 累_1 了_1 之_1 后_1 ，_1 建_1 议_1 陈_1 某_1 帮_1 忙_1 开_1 一_1 会_1 ，_1 没_1 想_1 到_1 在_1 收_1 费_1 站_1 被_1 民_1 警_1 查_1 获_1 。_1 侯_1 某_1 也_1 对_1 明_1 知_1 陈_1 某_1 未_1 取_1 得_1 驾_1 驶_1 证_1 却_1 仍_1 将_1 车_1 辆_1 交_1 由_1 其_1 驾_1 驶_1 的_1 违_1 法_1 行_1 为_1 感_1 到_1 懊_1 悔_1 ，_1 现_1 民_1 警_1 已_1 将_1 车_1 辆_1 扣_1 留_1 ，_1 等_1 待_1 二_1 人_1 的_1 将_1 是_1 法_1 律_1 的_1 严_1 惩_1 。_1 [PAD]_1 [PAD]_1 [PAD]_1 [PAD]_1 [PAD]_1 [PAD]_1 [PAD]_1 [PAD]_1 [PAD]_1 [PAD]_1 [PAD]_1 [PAD]_1 [PAD]_1 [PAD]_1 [PAD]_1 [PAD]_1 [PAD]_1 [PAD]_1 [PAD]_1 [PAD]_1 [PAD]_1 [PAD]_1 [PAD]_1 [PAD]_1 [PAD]_1 [PAD]_1 [PAD]_1 [PAD]_1 [PAD]_1 [PAD]_1 [PAD]_1 [PAD]_1 [PAD]_1 [PAD]_1 [PAD]_1 [PAD]_1 [PAD]_1 [PAD]_1 [PAD]_1 [PAD]_1 [PAD]_1 [PAD]_1 [PAD]_1 [PAD]_1 [PAD]_1 [PAD]_1 [PAD]_1 [PAD]_1 [PAD]_1 [PAD]_1 [PAD]_1 [PAD]_1 [PAD]_1 [PAD]_1 [PAD]_1 [PAD]_1 [PAD]_1 [PAD]_1 [PAD]_1 [PAD]_1 [PAD]_1 [PAD]_1 [PAD]_1 [PAD]_1 [PAD]_1 [PAD]_1 [PAD]_1 [PAD]_1 [PAD]_1 [PAD]_1 [PAD]_1 [PAD]_1 [PAD]_1 [PAD]_1 [PAD]_1 [PAD]_1 [PAD]_1 [PAD]_1 [PAD]_1 [PAD]_1 [PAD]_1 [PAD]_1 [PAD]_1 [PAD]_1 [PAD]_1 [PAD]_1 [PAD]_1 [PAD]_1 [PAD]_1 [PAD]_1 [PAD]_1 [PAD]_1 [PAD]_1 [PAD]_1 [PAD]_1 [PAD]_1 [PAD]_1 [PAD]_1 [PAD]_1 [PAD]_1 [PAD]_1 [PAD]_1 [PAD]_1 [PAD]_1 [PAD]_1 [PAD]_1 [PAD]_1 [PAD]_1 [PAD]_1 [PAD]_1 [PAD]_1 [PAD]_1 [PAD]_1 [PAD]_1 [PAD]_1 [PAD]_1 [PAD]_1 [PAD]_1 [PAD]_1 [PAD]_1 [PAD]_1 [PAD]_1 [PAD]_1 [PAD]_1 [PAD]_1 [PAD]_1 [PAD]_1 [PAD]_1 [PAD]_1 [PAD]_1 [PAD]_1 [PAD]_1 [PAD]_1 [PAD]_1 [PAD]_1 [PAD]_1 [PAD]_1 [PAD]_1 [PAD]_1 [PAD]_1 [PAD]_1 [PAD]_1 [PAD]_1 [PAD]_1 [PAD]_1 [PAD]_1 [PAD]_1 [PAD]_1 [PAD]_1 [PAD]_1 [PAD]_1 [PAD]_1 [PAD]_1 [PAD]_1 [PAD]_1 [PAD]_1 [PAD]_1 [PAD]_1 [PAD]_1 [PAD]_1 [PAD]_1 [PAD]_1 [PAD]_1 [PAD]_1 [PAD]_1 [PAD]_1 [PAD]_1 [PAD]_1 [PAD]_1 [PAD]_1 [PAD]_1 [PAD]_1 [PAD]_1 [SEP]_1
2019-10-23 21:11:30,149 Token Sample: [CLS]_0 昨_0 天_0 ，_0 利_0 川_0 一_0 男_0 子_0 中_0 毒_0 身_0 亡_0 |_0 愿_0 这_0 个_0 冬_0 天_0 一_0 切_0 安_0 好_0 [SEP]_0 寒_1 潮_1 来_1 袭_1 ，_1 冷_1 空_1 气_1 肆_1 虐_1 不_1 少_1 人_1 在_1 家_1 中_1 使_1 用_1 煤_1 气_1 、_1 天_1 然_1 气_1 取_1 暖_1 殊_1 不_1 知_1 ，_1 藏_1 在_1 冬_1 天_1 里_1 的_1 [UNK]_1 杀_1 手_1 [UNK]_1 一_1 氧_1 化_1 碳_1 已_1 悄_1 然_1 上_1 线_1 12_1 月_1 2_1 日_1 ，_1 州_1 城_1 一_1 对_1 中_1 年_1 夫_1 妻_1 在_1 睡_1 觉_1 前_1 把_1 一_1 盆_1 炭_1 火_1 放_1 于_1 卧_1 室_1 床_1 边_1 ，_1 次_1 日_1 ，_1 家_1 人_1 发_1 现_1 夫_1 妻_1 双_1 双_1 昏_1 迷_1 不_1 醒_1 ，_1 两_1 人_1 被_1 紧_1 急_1 送_1 往_1 州_1 中_1 心_1 医_1 院_1 。_1 不_1 幸_1 的_1 是_1 ，_1 男_1 方_1 在_1 途_1 中_1 就_1 已_1 不_1 治_1 身_1 亡_1 ，_1 女_1 方_1 仍_1 在_1 抢_1 救_1 治_1 疗_1 之_1 中_1 。_1 12_1 月_1 10_1 日_1 ，_1 恩_1 施_1 市_1 白_1 果_1 乡_1 张_1 女_1 士_1 70_1 岁_1 的_1 父_1 亲_1 在_1 家_1 中_1 和_1 亲_1 戚_1 烤_1 炭_1 火_1 取_1 暖_1 ，_1 送_1 走_1 亲_1 戚_1 后_1 ，_1 父_1 亲_1 回_1 到_1 火_1 盆_1 边_1 没_1 一_1 会_1 儿_1 便_1 昏_1 倒_1 在_1 地_1 ，_1 张_1 女_1 士_1 赶_1 紧_1 将_1 父_1 亲_1 送_1 往_1 州_1 中_1 心_1 医_1 院_1 进_1 行_1 治_1 疗_1 。_1 如_1 今_1 ，_1 父_1 亲_1 的_1 意_1 识_1 已_1 经_1 清_1 醒_1 ，_1 病_1 情_1 得_1 到_1 好_1 转_1 。_1 12_1 月_1 10_1 日_1 11_1 时_1 许_1 ，_1 来_1 凤_1 县_1 翔_1 凤_1 镇_1 肖_1 某_1 （_1 男_1 ，_1 86_1 岁_1 ）_1 、_1 田_1 某_1 （_1 女_1 ，_1 82_1 岁_1 ）_1 夫_1 妻_1 二_1 人_1 被_1 发_1 现_1 在_1 家_1 中_1 卧_1 室_1 里_1 离_1 世_1 。_1 警_1 方_1 在_1 现_1 场_1 勘_1 查_1 中_1 发_1 现_1 ，_1 卧_1 室_1 内_1 有_1 烧_1 炭_1 的_1 火_1 盆_1 及_1 少_1 量_1 燃_1 烧_1 的_1 痕_1 迹_1 ，_1 房_1 屋_1 门_1 窗_1 完_1 好_1 ，_1 两_1 名_1 死_1 者_1 无_1 外_1 伤_1 ，_1 经_1 法_1 医_1 检_1 查_1 ：_1 死_1 者_1 符_1 合_1 一_1 氧_1 化_1 碳_1 中_1 毒_1 死_1 亡_1 特_1 征_1 。_1 12_1 月_1 11_1 日_1 至_1 13_1 日_1 3_1 天_1 时_1 间_1 ，_1 恩_1 施_1 州_1 中_1 心_1 医_1 院_1 急_1 诊_1 科_1 接_1 诊_1 一_1 氧_1 化_1 碳_1 中_1 毒_1 患_1 者_1 达_1 25_1 例_1 ，_1 均_1 为_1 冬_1 季_1 烤_1 炭_1 火_1 、_1 使_1 用_1 天_1 然_1 气_1 取_1 暖_1 所_1 导_1 致_1 。_1 每_1 年_1 冬_1 季_1 ，_1 全_1 州_1 各_1 县_1 市_1 一_1 氧_1 化_1 碳_1 中_1 毒_1 事_1 件_1 频_1 发_1 ，_1 主_1 要_1 原_1 因_1 还_1 是_1 部_1 分_1 市_1 民_1 自_1 身_1 没_1 有_1 引_1 起_1 重_1 视_1 ，_1 缺_1 乏_1 相_1 关_1 安_1 全_1 意_1 识_1 。_1 一_1 氧_1 化_1 碳_1 =_1 冷_1 酷_1 无_1 情_1 的_1 [UNK]_1 杀_1 手_1 [UNK]_1 一_1 氧_1 化_1 碳_1 （_1 co_1 ）_1 为_1 无_1 色_1 、_1 无_1 味_1 、_1 无_1 臭_1 的_1 [UNK]_1 三_1 无_1 [UNK]_1 气_1 体_1 ，_1 有_1 毒_1 [SEP]_1
2019-10-23 21:11:54,994 Token Sample: [CLS]_0 今_0 后_0 [UNK]_0 网_0 约_0 护_0 士_0 [UNK]_0 不_0 能_0 接_0 私_0 活_0 了_0 [SEP]_0 1_1 小_1 时_1 前_1 ，_1 她_1 接_1 到_1 订_1 单_1 ，_1 通_1 知_1 她_1 当_1 晚_1 7_1 时_1 30_1 分_1 上_1 门_1 为_1 一_1 名_1 孕_1 妇_1 注_1 射_1 营_1 养_1 针_1 。_1 余_1 辛_1 是_1 广_1 州_1 一_1 家_1 三_1 甲_1 公_1 立_1 医_1 院_1 的_1 肿_1 瘤_1 科_1 护_1 士_1 ，_1 同_1 时_1 也_1 是_1 一_1 名_1 提_1 供_1 上_1 门_1 护_1 理_1 服_1 务_1 的_1 [UNK]_1 网_1 约_1 护_1 士_1 [UNK]_1 。_1 她_1 所_1 在_1 的_1 网_1 约_1 护_1 理_1 平_1 台_1 上_1 ，_1 广_1 州_1 地_1 区_1 就_1 有_1 超_1 过_1 7000_1 名_1 护_1 士_1 注_1 册_1 。_1 近_1 年_1 来_1 ，_1 不_1 少_1 提_1 供_1 [UNK]_1 网_1 约_1 护_1 士_1 [UNK]_1 服_1 务_1 的_1 app_1 如_1 雨_1 后_1 春_1 笋_1 般_1 涌_1 现_1 ，_1 让_1 市_1 民_1 尝_1 了_1 [UNK]_1 互_1 联_1 网_1 +_1 护_1 理_1 服_1 务_1 [UNK]_1 的_1 [UNK]_1 头_1 啖_1 汤_1 [UNK]_1 。_1 但_1 记_1 者_1 走_1 访_1 发_1 现_1 ，_1 [UNK]_1 野_1 蛮_1 生_1 长_1 [UNK]_1 的_1 市_1 场_1 也_1 存_1 在_1 不_1 少_1 安_1 全_1 风_1 险_1 ，_1 亟_1 待_1 规_1 范_1 。_1 近_1 日_1 ，_1 广_1 东_1 等_1 六_1 省_1 市_1 被_1 纳_1 入_1 国_1 家_1 [UNK]_1 互_1 联_1 网_1 +_1 护_1 理_1 服_1 务_1 [UNK]_1 试_1 点_1 ，_1 未_1 来_1 [UNK]_1 网_1 约_1 护_1 士_1 [UNK]_1 将_1 走_1 向_1 何_1 方_1 ？_1 运_1 营_1 模_1 式_1 [UNK]_1 平_1 台_1 和_1 护_1 士_1 按_1 比_1 例_1 分_1 成_1 2017_1 年_1 5_1 月_1 份_1 ，_1 余_1 辛_1 经_1 同_1 行_1 推_1 荐_1 入_1 驻_1 了_1 [UNK]_1 u_1 护_1 [UNK]_1 ，_1 成_1 为_1 一_1 名_1 [UNK]_1 网_1 约_1 护_1 士_1 [UNK]_1 。_1 [UNK]_1 u_1 护_1 [UNK]_1 是_1 由_1 广_1 东_1 省_1 家_1 庭_1 医_1 生_1 协_1 会_1 开_1 发_1 的_1 网_1 约_1 护_1 理_1 平_1 台_1 ，_1 上_1 面_1 注_1 册_1 的_1 [UNK]_1 网_1 约_1 护_1 士_1 [UNK]_1 约_1 有_1 143_1 ##00_1 人_1 。_1 入_1 驻_1 [UNK]_1 u_1 护_1 [UNK]_1 后_1 ，_1 余_1 辛_1 接_1 受_1 了_1 统_1 一_1 培_1 训_1 培_1 训_1 ，_1 包_1 括_1 上_1 门_1 服_1 务_1 的_1 统_1 一_1 标_1 准_1 ，_1 与_1 用_1 户_1 的_1 语_1 言_1 沟_1 通_1 技_1 巧_1 等_1 ，_1 [UNK]_1 最_1 主_1 要_1 是_1 上_1 门_1 操_1 作_1 的_1 标_1 准_1 规_1 范_1 [UNK]_1 。_1 一_1 年_1 多_1 来_1 ，_1 余_1 辛_1 接_1 了_1 不_1 少_1 单_1 ，_1 包_1 括_1 打_1 针_1 、_1 静_1 脉_1 采_1 血_1 、_1 导_1 尿_1 、_1 留_1 置_1 胃_1 管_1 、_1 pi_1 ##cc_1 换_1 药_1 等_1 。_1 今_1 年_1 以_1 来_1 ，_1 她_1 在_1 u_1 护_1 上_1 完_1 成_1 12_1 个_1 [UNK]_1 订_1 单_1 [UNK]_1 ，_1 每_1 单_1 收_1 入_1 在_1 100_1 -_1 300_1 元_1 不_1 等_1 。_1 余_1 辛_1 介_1 绍_1 ，_1 接_1 到_1 订_1 单_1 后_1 ，_1 自_1 己_1 会_1 跟_1 用_1 户_1 确_1 认_1 服_1 务_1 时_1 间_1 、_1 项_1 目_1 、_1 地_1 点_1 。_1 上_1 门_1 后_1 ，_1 开_1 始_1 服_1 务_1 前_1 ，_1 先_1 检_1 查_1 用_1 户_1 自_1 备_1 的_1 药_1 物_1 、_1 工_1 [SEP]_1
2019-10-23 21:12:05,746 seed everything and create model
2019-10-23 21:14:54,780 step 300 train loss: 0.5492
2019-10-23 21:14:54,781 step 300 score: 0.7674
2019-10-23 21:17:38,900 step 600 train loss: 0.4252
2019-10-23 21:17:38,900 step 600 score: 0.7681
2019-10-23 21:20:23,064 step 900 train loss: 0.3366
2019-10-23 21:20:23,064 step 900 score: 0.7749
2019-10-23 21:23:07,224 step 1200 train loss: 0.2796
2019-10-23 21:23:07,224 step 1200 score: 0.7814
2019-10-23 21:25:51,388 step 1500 train loss: 0.2805
2019-10-23 21:25:51,388 step 1500 score: 0.7760
2019-10-23 21:28:35,574 step 1800 train loss: 0.1958
2019-10-23 21:28:35,574 step 1800 score: 0.7793
2019-10-23 21:31:19,738 step 2100 train loss: 0.1870
2019-10-23 21:31:19,739 step 2100 score: 0.7885
2019-10-23 21:34:03,889 step 2400 train loss: 0.1640
2019-10-23 21:34:03,889 step 2400 score: 0.7898
2019-10-23 21:36:48,075 step 2700 train loss: 0.1328
2019-10-23 21:36:48,075 step 2700 score: 0.7825
2019-10-23 21:39:32,247 step 3000 train loss: 0.1256
2019-10-23 21:39:32,248 step 3000 score: 0.7831
2019-10-23 21:39:32,248 best score is 0.7898
2019-10-23 21:44:19,501 step 300 train loss: 0.5261
2019-10-23 21:44:19,501 step 300 score: 0.7742
2019-10-23 21:47:03,657 step 600 train loss: 0.4121
2019-10-23 21:47:03,657 step 600 score: 0.7847
2019-10-23 21:49:47,827 step 900 train loss: 0.3464
2019-10-23 21:49:47,827 step 900 score: 0.8047
2019-10-23 21:52:31,993 step 1200 train loss: 0.2759
2019-10-23 21:52:31,993 step 1200 score: 0.7923
2019-10-23 21:55:16,141 step 1500 train loss: 0.2609
2019-10-23 21:55:16,141 step 1500 score: 0.8100
2019-10-23 21:58:00,309 step 1800 train loss: 0.1807
2019-10-23 21:58:00,309 step 1800 score: 0.8111
2019-10-23 22:00:44,470 step 2100 train loss: 0.1926
2019-10-23 22:00:44,470 step 2100 score: 0.8066
2019-10-23 22:03:28,612 step 2400 train loss: 0.1344
2019-10-23 22:03:28,613 step 2400 score: 0.8083
2019-10-23 22:06:12,783 step 2700 train loss: 0.1083
2019-10-23 22:06:12,783 step 2700 score: 0.7990
2019-10-23 22:08:56,953 step 3000 train loss: 0.1350
2019-10-23 22:08:56,954 step 3000 score: 0.8050
2019-10-23 22:08:56,954 best score is 0.8111
2019-10-23 22:13:44,216 step 300 train loss: 0.6026
2019-10-23 22:13:44,217 step 300 score: 0.7304
2019-10-23 22:16:28,383 step 600 train loss: 0.3865
2019-10-23 22:16:28,384 step 600 score: 0.7713
2019-10-23 22:19:12,549 step 900 train loss: 0.3544
2019-10-23 22:19:12,549 step 900 score: 0.7832
2019-10-23 22:21:56,700 step 1200 train loss: 0.3056
2019-10-23 22:21:56,700 step 1200 score: 0.8026
2019-10-23 22:24:40,891 step 1500 train loss: 0.2705
2019-10-23 22:24:40,891 step 1500 score: 0.7969
2019-10-23 22:27:25,038 step 1800 train loss: 0.2015
2019-10-23 22:27:25,039 step 1800 score: 0.7898
2019-10-23 22:30:09,220 step 2100 train loss: 0.1954
2019-10-23 22:30:09,221 step 2100 score: 0.7931
2019-10-23 22:32:53,391 step 2400 train loss: 0.1565
2019-10-23 22:32:53,392 step 2400 score: 0.7973
2019-10-23 22:35:37,539 step 2700 train loss: 0.1285
2019-10-23 22:35:37,539 step 2700 score: 0.7942
2019-10-23 22:35:37,539 best score is 0.8026
2019-10-23 22:40:24,818 step 300 train loss: 0.5289
2019-10-23 22:40:24,818 step 300 score: 0.7654
2019-10-23 22:43:08,990 step 600 train loss: 0.4204
2019-10-23 22:43:08,990 step 600 score: 0.7854
2019-10-23 22:45:53,113 step 900 train loss: 0.3339
2019-10-23 22:45:53,114 step 900 score: 0.7969
2019-10-23 22:48:37,249 step 1200 train loss: 0.2865
2019-10-23 22:48:37,249 step 1200 score: 0.7707
2019-10-23 22:51:21,410 step 1500 train loss: 0.2910
2019-10-23 22:51:21,410 step 1500 score: 0.8166
2019-10-23 22:54:05,595 step 1800 train loss: 0.1866
2019-10-23 22:54:05,595 step 1800 score: 0.8101
2019-10-23 22:56:49,719 step 2100 train loss: 0.1960
2019-10-23 22:56:49,720 step 2100 score: 0.8087
2019-10-23 22:59:33,931 step 2400 train loss: 0.1606
2019-10-23 22:59:33,931 step 2400 score: 0.8035
2019-10-23 23:02:18,124 step 2700 train loss: 0.1256
2019-10-23 23:02:18,124 step 2700 score: 0.8135
2019-10-23 23:05:02,302 step 3000 train loss: 0.1309
2019-10-23 23:05:02,302 step 3000 score: 0.8122
2019-10-23 23:05:02,302 best score is 0.8166
2019-10-23 23:09:49,638 step 300 train loss: 0.5808
2019-10-23 23:09:49,638 step 300 score: 0.7638
2019-10-23 23:12:33,830 step 600 train loss: 0.4190
2019-10-23 23:12:33,831 step 600 score: 0.7544
2019-10-23 23:15:17,974 step 900 train loss: 0.3825
2019-10-23 23:15:17,974 step 900 score: 0.7799
2019-10-23 23:18:02,140 step 1200 train loss: 0.3217
2019-10-23 23:18:02,140 step 1200 score: 0.8076
2019-10-23 23:20:46,296 step 1500 train loss: 0.2945
2019-10-23 23:20:46,296 step 1500 score: 0.8021
2019-10-23 23:23:30,471 step 1800 train loss: 0.2157
2019-10-23 23:23:30,471 step 1800 score: 0.7842
2019-10-23 23:26:14,633 step 2100 train loss: 0.2387
2019-10-23 23:26:14,634 step 2100 score: 0.7999
2019-10-23 23:28:58,811 step 2400 train loss: 0.1900
2019-10-23 23:28:58,812 step 2400 score: 0.7987
2019-10-23 23:31:42,974 step 2700 train loss: 0.1672
2019-10-23 23:31:42,974 step 2700 score: 0.8086
2019-10-23 23:34:27,169 step 3000 train loss: 0.1698
2019-10-23 23:34:27,169 step 3000 score: 0.8042
2019-10-23 23:34:27,170 best score is 0.8086
2019-10-23 23:36:30,274 average: 0.805730
