2019-10-17 14:24:46,840 log_in_file: True
2019-10-17 14:24:46,840 bert_path: /home/wangzl/PretrainedLM/BERT/New/roberta_zh_L-24_H-1024_A-16/
2019-10-17 14:24:46,840 data_path: ../data/
2019-10-17 14:24:46,840 usegpu: True
2019-10-17 14:24:46,840 use_origin: False
2019-10-17 14:24:46,840 total_step: 10000
2019-10-17 14:24:46,840 eval_every: 1000
2019-10-17 14:24:46,840 early_stop: 4
2019-10-17 14:24:46,840 max_length: 510
2019-10-17 14:24:46,840 max_title_rate: 0.125
2019-10-17 14:24:46,840 content_head_rate: 0.2
2019-10-17 14:24:46,840 batch_size: 2
2019-10-17 14:24:46,840 lr_scheduler_type: linear
2019-10-17 14:24:46,840 input_pattern: head+tail+dynamic
2019-10-17 14:24:46,840 clean_method: space
2019-10-17 14:24:46,841 warmup_rate: 0.1
2019-10-17 14:24:46,841 classifier_dropout: 0.1
2019-10-17 14:24:46,841 classifier_weight_decay: 0.0
2019-10-17 14:24:46,841 cache_final_model: False
2019-10-17 14:24:46,841 seed: 23
2019-10-17 14:24:46,841 lr: 5e-06
2019-10-17 14:24:46,841 lr_decay_in_layers: 0.98
2019-10-17 14:24:46,841 weight_decay: 0.001
2019-10-17 14:25:13,672 Token Sample: [CLS]_0 好_0 消_0 息_0 !_0 8_0 月_0 起_0 ，_0 江_0 门_0 又_0 可_0 以_0 坐_0 船_0 直_0 通_0 香_0 港_0 啦_0 !_0 新_0 [UNK]_0 江_0 门_0 号_0 [UNK]_0 耗_0 资_0 4000_0 万_0 !_0 [SEP]_0 好_1 消_1 息_1 ！_1 从_1 8_1 月_1 起_1 ，_1 江_1 门_1 人_1 又_1 可_1 以_1 坐_1 船_1 直_1 通_1 香_1 港_1 啦_1 ！_1 近_1 日_1 ，_1 新_1 建_1 的_1 [UNK]_1 江_1 门_1 号_1 [UNK]_1 高_1 速_1 客_1 船_1 在_1 中_1 山_1 宏_1 深_1 船_1 厂_1 成_1 功_1 下_1 水_1 ，_1 意_1 味_1 着_1 江_1 门_1 港_1 至_1 香_1 港_1 的_1 直_1 航_1 航_1 班_1 即_1 将_1 恢_1 复_1 通_1 航_1 。_1 此_1 前_1 ，_1 [UNK]_1 蓬_1 莱_1 湖_1 [UNK]_1 是_1 江_1 门_1 港_1 唯_1 一_1 可_1 营_1 运_1 的_1 船_1 舶_1 。_1 该_1 船_1 于_1 [SEP]_1 否_1 则_1 ，_1 最_1 高_1 可_1 罚_1 款_1 50_1 万_1 港_1 币_1 及_1 监_1 禁_1 2_1 年_1 ?_1 2_1 ._1 不_1 能_1 带_1 超_1 过_1 15_1 ##kg_1 的_1 大_1 米_1 过_1 关_1 ?_1 估_1 计_1 没_1 什_1 么_1 人_1 知_1 道_1 带_1 太_1 多_1 大_1 米_1 也_1 可_1 能_1 违_1 法_1 大_1 米_1 属_1 于_1 香_1 港_1 法_1 定_1 储_1 备_1 商_1 品_1 如_1 果_1 带_1 超_1 过_1 15_1 ##kg_1 大_1 米_1 离_1 港_1 也_1 属_1 于_1 违_1 法_1 但_1 [UNK]_1 [UNK]_1 应_1 该_1 没_1 人_1 专_1 门_1 去_1 香_1 港_1 捧_1 大_1 米_1 回_1 来_1 吧_1 ？_1 ?_1 3_1 ._1 不_1 能_1 带_1 超_1 过_1 400_1 支_1 香_1 烟_1 ，_1 超_1 过_1 1_1 ._1 5_1 升_1 的_1 酒_1 ?_1 香_1 港_1 海_1 关_1 规_1 定_1 ：_1 年_1 满_1 18_1 岁_1 因_1 私_1 往_1 来_1 港_1 澳_1 的_1 内_1 地_1 居_1 民_1 可_1 以_1 免_1 税_1 带_1 香_1 烟_1 400_1 支_1 或_1 雪_1 茄_1 100_1 支_1 或_1 烟_1 丝_1 500_1 克_1 和_1 12_1 度_1 以_1 上_1 的_1 酒_1 精_1 饮_1 料_1 1_1 ._1 5_1 升_1 （_1 约_1 2_1 瓶_1 ）_1 ?_1 4_1 ._1 不_1 能_1 带_1 超_1 过_1 2_1 万_1 元_1 现_1 金_1 ?_1 想_1 着_1 去_1 香_1 港_1 扫_1 货_1 进_1 出_1 境_1 时_1 人_1 民_1 币_1 现_1 钞_1 不_1 能_1 超_1 过_1 2_1 万_1 元_1 但_1 对_1 于_1 外_1 币_1 进_1 出_1 境_1 可_1 携_1 带_1 的_1 额_1 度_1 ，_1 则_1 分_1 3_1 种_1 情_1 况_1 ↓↓↓_1 ##①_1 当_1 天_1 进_1 出_1 境_1 超_1 1_1 次_1 携_1 带_1 外_1 币_1 金_1 额_1 折_1 合_1 不_1 超_1 过_1 500_1 美_1 元_1 ②_1 ##15_1 天_1 内_1 进_1 出_1 境_1 超_1 1_1 次_1 携_1 带_1 外_1 币_1 金_1 额_1 折_1 合_1 不_1 超_1 过_1 1000_1 美_1 元_1 ③_1 非_1 以_1 上_1 情_1 况_1 携_1 带_1 外_1 币_1 金_1 额_1 折_1 合_1 不_1 超_1 过_1 5000_1 美_1 元_1 买_1 买_1 买_1 虽_1 然_1 很_1 爽_1 ，_1 但_1 规_1 定_1 还_1 是_1 要_1 遵_1 守_1 哦_1 ！_1 暑_1 假_1 开_1 始_1 就_1 可_1 以_1 约_1 埋_1 亲_1 戚_1 朋_1 友_1 ，_1 搭_1 着_1 友_1 谊_1 的_1 小_1 船_1 去_1 香_1 港_1 玩_1 啦_1 ！_1 来_1 源_1 ：_1 南_1 方_1 +_1 、_1 南_1 方_1 日_1 报_1 、_1 江_1 门_1 港_1 、_1 印_1 深_1 圳_1 、_1 江_1 门_1 日_1 报_1 网_1 络_1 综_1 合_1 [SEP]_1
2019-10-17 14:25:31,615 Token Sample: [CLS]_0 男_0 子_0 360_0 万_0 买_0 到_0 法_0 拉_0 利_0 事_0 故_0 车_0 终_0 审_0 判_0 决_0 ：_0 退_0 一_0 赔_0 一_0 [SEP]_0 360_1 万_1 买_1 到_1 的_1 法_1 拉_1 利_1 是_1 事_1 故_1 车_1 终_1 审_1 判_1 决_1 来_1 了_1 ：_1 退_1 一_1 赔_1 一_1 还_1 记_1 得_1 那_1 个_1 重_1 庆_1 男_1 子_1 买_1 辆_1 法_1 拉_1 利_1 是_1 事_1 故_1 车_1 的_1 新_1 闻_1 吗_1 ？_1 这_1 场_1 重_1 庆_1 首_1 例_1 索_1 赔_1 金_1 额_1 超_1 过_1 1000_1 万_1 元_1 的_1 汽_1 车_1 消_1 费_1 索_1 赔_1 官_1 司_1 ，_1 持_1 续_1 时_1 间_1 超_1 过_1 一_1 年_1 半_1 。_1 12_1 月_1 8_1 日_1 ，_1 重_1 庆_1 市_1 一_1 中_1 院_1 作_1 出_1 了_1 终_1 审_1 [SEP]_1 314_1 ._1 4_1 万_1 元_1 。_1 2015_1 年_1 1_1 月_1 ，_1 重_1 庆_1 人_1 张_1 先_1 生_1 花_1 18_1 万_1 买_1 新_1 车_1 ，_1 却_1 买_1 到_1 二_1 手_1 车_1 。_1 10_1 月_1 ，_1 渝_1 中_1 区_1 法_1 院_1 判_1 决_1 4s_1 店_1 [UNK]_1 退_1 一_1 赔_1 三_1 [UNK]_1 ，_1 即_1 男_1 子_1 或_1 可_1 被_1 退_1 款_1 18_1 万_1 ，_1 再_1 获_1 赔_1 55_1 万_1 。_1 截_1 至_1 发_1 稿_1 时_1 ，_1 该_1 案_1 二_1 审_1 判_1 决_1 仍_1 然_1 维_1 持_1 原_1 判_1 。_1 本_1 报_1 记_1 者_1 张_1 旭_1 2013_1 年_1 1_1 月_1 29_1 日_1 这_1 辆_1 法_1 拉_1 利_1 在_1 杭_1 州_1 与_1 隔_1 离_1 带_1 发_1 生_1 了_1 碰_1 撞_1 ，_1 进_1 行_1 过_1 一_1 次_1 大_1 修_1 ，_1 理_1 赔_1 金_1 额_1 达_1 40_1 万_1 元_1 。_1 2013_1 年_1 6_1 月_1 龚_1 先_1 生_1 要_1 买_1 一_1 款_1 跑_1 车_1 ，_1 渝_1 北_1 某_1 4s_1 店_1 推_1 荐_1 了_1 这_1 款_1 车_1 。_1 2013_1 年_1 8_1 月_1 龚_1 先_1 生_1 顺_1 利_1 提_1 车_1 。_1 2013_1 年_1 9_1 月_1 起_1 龚_1 先_1 生_1 感_1 觉_1 车_1 辆_1 老_1 是_1 发_1 出_1 异_1 响_1 ，_1 有_1 问_1 题_1 。_1 2015_1 年_1 初_1 朋_1 友_1 发_1 现_1 了_1 这_1 辆_1 车_1 的_1 问_1 题_1 ，_1 并_1 发_1 现_1 该_1 车_1 曾_1 大_1 修_1 过_1 。_1 2015_1 年_1 4_1 月_1 龚_1 先_1 生_1 请_1 重_1 庆_1 市_1 公_1 证_1 处_1 对_1 车_1 辆_1 曾_1 遇_1 到_1 事_1 故_1 、_1 进_1 行_1 过_1 大_1 修_1 的_1 情_1 况_1 进_1 行_1 了_1 公_1 证_1 。_1 2015_1 年_1 5_1 月_1 初_1 龚_1 先_1 生_1 向_1 渝_1 北_1 区_1 法_1 院_1 提_1 起_1 诉_1 讼_1 ，_1 告_1 4s_1 店_1 欺_1 诈_1 ，_1 要_1 其_1 [UNK]_1 退_1 一_1 赔_1 三_1 [UNK]_1 。_1 2015_1 年_1 10_1 月_1 底_1 法_1 院_1 一_1 审_1 判_1 决_1 ，_1 4s_1 店_1 欺_1 诈_1 成_1 立_1 ，_1 [UNK]_1 退_1 一_1 赔_1 一_1 [UNK]_1 。_1 2015_1 年_1 11_1 月_1 初_1 4s_1 店_1 提_1 起_1 上_1 诉_1 。_1 2016_1 年_1 1_1 月_1 20_1 日_1 该_1 案_1 二_1 审_1 开_1 庭_1 。_1 2016_1 年_1 12_1 月_1 8_1 日_1 二_1 审_1 终_1 审_1 判_1 决_1 ，_1 驳_1 回_1 上_1 诉_1 ，_1 维_1 持_1 原_1 判_1 。_1 更_1 多_1 精_1 彩_1 :_1 灵_1 芝_1 孢_1 子_1 粉_1 的_1 功_1 效_1 http_1 :_1 /_1 /_1 www_1 ._1 e_1 ##ol_1 ##vo_1 ._1 com_1 [SEP]_1
2019-10-17 14:26:02,273 Token Sample: [CLS]_0 妻_0 子_0 不_0 愿_0 同_0 床_0 却_0 去_0 睡_0 沙_0 发_0 ，_0 71_0 岁_0 大_0 爷_0 怒_0 砸_0 妻_0 子_0 ，_0 大_0 爷_0 :_0 得_0 人_0 不_0 得_0 心_0 [SEP]_0 家_1 庭_1 矛_1 盾_1 爆_1 发_1 很_1 大_1 一_1 部_1 分_1 的_1 原_1 因_1 在_1 于_1 对_1 事_1 情_1 有_1 没_1 有_1 负_1 责_1 ，_1 家_1 庭_1 是_1 双_1 方_1 的_1 ，_1 如_1 果_1 一_1 方_1 和_1 另_1 一_1 方_1 的_1 付_1 出_1 不_1 成_1 正_1 比_1 ，_1 势_1 必_1 会_1 在_1 双_1 方_1 堆_1 积_1 起_1 矛_1 盾_1 ，_1 从_1 而_1 造_1 成_1 双_1 方_1 的_1 冲_1 突_1 ，_1 那_1 么_1 ，_1 应_1 该_1 如_1 何_1 避_1 免_1 这_1 种_1 问_1 题_1 呢_1 ？_1 近_1 日_1 就_1 有_1 一_1 位_1 徐_1 姓_1 大_1 妈_1 [SEP]_1 说_1 自_1 己_1 是_1 因_1 为_1 工_1 作_1 太_1 累_1 所_1 以_1 才_1 没_1 做_1 家_1 务_1 ，_1 并_1 不_1 是_1 因_1 为_1 自_1 己_1 偷_1 懒_1 ，_1 但_1 是_1 申_1 大_1 爷_1 反_1 驳_1 道_1 自_1 己_1 也_1 工_1 作_1 ，_1 但_1 是_1 家_1 务_1 自_1 己_1 也_1 一_1 直_1 在_1 做_1 ，_1 怎_1 么_1 能_1 都_1 推_1 给_1 自_1 己_1 呢_1 ？_1 徐_1 大_1 妈_1 觉_1 得_1 申_1 大_1 爷_1 不_1 讲_1 理_1 ，_1 说_1 要_1 离_1 婚_1 ，_1 这_1 时_1 申_1 大_1 爷_1 表_1 示_1 ：_1 离_1 婚_1 就_1 离_1 婚_1 ，_1 我_1 自_1 己_1 过_1 还_1 麻_1 利_1 一_1 些_1 ，_1 家_1 里_1 跟_1 没_1 有_1 女_1 人_1 有_1 什_1 么_1 区_1 别_1 。_1 记_1 者_1 看_1 到_1 这_1 种_1 情_1 况_1 ，_1 急_1 忙_1 全_1 劝_1 双_1 方_1 相_1 互_1 考_1 虑_1 一_1 下_1 对_1 方_1 的_1 好_1 处_1 ，_1 徐_1 大_1 妈_1 表_1 示_1 ，_1 自_1 己_1 觉_1 得_1 申_1 大_1 爷_1 做_1 事_1 情_1 很_1 麻_1 利_1 ，_1 而_1 且_1 自_1 己_1 上_1 班_1 很_1 忙_1 的_1 时_1 候_1 ，_1 申_1 大_1 爷_1 甚_1 至_1 会_1 给_1 自_1 己_1 做_1 饭_1 。_1 申_1 大_1 爷_1 表_1 示_1 自_1 己_1 这_1 么_1 多_1 年_1 了_1 ，_1 本_1 质_1 上_1 也_1 不_1 想_1 离_1 婚_1 ，_1 自_1 己_1 只_1 是_1 说_1 说_1 气_1 话_1 ，_1 记_1 者_1 表_1 示_1 双_1 方_1 应_1 该_1 相_1 互_1 承_1 担_1 一_1 部_1 分_1 的_1 家_1 务_1 ，_1 不_1 要_1 压_1 给_1 一_1 个_1 人_1 。_1 最_1 后_1 在_1 记_1 者_1 的_1 调_1 解_1 下_1 ，_1 夫_1 妻_1 二_1 人_1 作_1 出_1 承_1 诺_1 ，_1 申_1 大_1 爷_1 和_1 徐_1 大_1 妈_1 共_1 同_1 承_1 担_1 家_1 务_1 ，_1 做_1 到_1 完_1 成_1 自_1 己_1 的_1 责_1 任_1 ，_1 问_1 题_1 得_1 到_1 解_1 决_1 。_1 好_1 了_1 ，_1 关_1 于_1 这_1 件_1 事_1 ，_1 笔_1 者_1 想_1 说_1 ，_1 不_1 管_1 是_1 徐_1 大_1 妈_1 还_1 是_1 申_1 大_1 爷_1 从_1 今_1 以_1 后_1 都_1 要_1 更_1 多_1 的_1 通_1 过_1 沟_1 通_1 和_1 睦_1 相_1 处_1 ，_1 夫_1 妻_1 在_1 一_1 起_1 不_1 容_1 易_1 ，_1 不_1 要_1 动_1 不_1 动_1 就_1 谈_1 离_1 婚_1 ，_1 好_1 了_1 ，_1 本_1 期_1 就_1 到_1 这_1 ，_1 评_1 论_1 区_1 留_1 给_1 大_1 家_1 ，_1 下_1 期_1 更_1 精_1 彩_1 ！_1 [SEP]_1
2019-10-17 14:26:24,008 seed everything and create model
2019-10-17 14:35:33,710 step 1000 train loss: 0.5818
2019-10-17 14:35:33,710 step 1000 score: 0.7463
2019-10-17 14:44:35,400 step 2000 train loss: 0.4357
2019-10-17 14:44:35,400 step 2000 score: 0.7477
2019-10-17 14:53:37,136 step 3000 train loss: 0.3942
2019-10-17 14:53:37,136 step 3000 score: 0.7431
2019-10-17 15:02:38,465 step 4000 train loss: 0.2616
2019-10-17 15:02:38,465 step 4000 score: 0.7817
2019-10-17 15:11:40,065 step 5000 train loss: 0.2514
2019-10-17 15:11:40,065 step 5000 score: 0.7778
2019-10-17 15:20:41,867 step 6000 train loss: 0.2503
2019-10-17 15:20:41,868 step 6000 score: 0.7760
2019-10-17 15:29:43,688 step 7000 train loss: 0.1365
2019-10-17 15:29:43,688 step 7000 score: 0.7793
2019-10-17 15:38:45,544 step 8000 train loss: 0.1302
2019-10-17 15:38:45,544 step 8000 score: 0.7758
2019-10-17 15:47:47,390 step 9000 train loss: 0.1279
2019-10-17 15:47:47,390 step 9000 score: 0.7815
2019-10-17 15:47:47,391 best score is 0.7817
