2019-10-25 15:50:25,018 log_in_file: True
2019-10-25 15:50:25,018 lm_path: /home/wangzl/PretrainedLM/BERT/New/chinese_wwm_ext_pytorch
2019-10-25 15:50:25,019 lm_type: bert
2019-10-25 15:50:25,019 data_path: ../data/
2019-10-25 15:50:25,019 usegpu: True
2019-10-25 15:50:25,019 total_step: 1500
2019-10-25 15:50:25,019 eval_every: 150
2019-10-25 15:50:25,019 early_stop: 4
2019-10-25 15:50:25,019 max_length: 360
2019-10-25 15:50:25,019 max_title_rate: 0.125
2019-10-25 15:50:25,019 content_head_rate: 0.6
2019-10-25 15:50:25,019 batch_size: 16
2019-10-25 15:50:25,019 lr_scheduler_type: linear
2019-10-25 15:50:25,019 input_pattern: head+tail+fixed
2019-10-25 15:50:25,019 clean_method: space+notzh
2019-10-25 15:50:25,019 warmup_rate: 0.1
2019-10-25 15:50:25,019 classifier_dropout: 0.1
2019-10-25 15:50:25,019 classifier_active: tanh
2019-10-25 15:50:25,019 cache_final_model: False
2019-10-25 15:50:25,019 seed: 23
2019-10-25 15:50:25,019 lr: 2e-05
2019-10-25 15:50:25,019 lr_decay_in_layers: 1.0
2019-10-25 15:50:25,019 wd_decay_in_layers: 1.0
2019-10-25 15:50:25,019 weight_decay: 0.01
2019-10-25 15:50:25,036 padding token is 0
2019-10-25 15:50:49,306 Token Sample: [CLS]_0 海_0 南_0 海_0 口_0 吧_0 的_0 兄_0 弟_0 们_0 ，_0 看_0 黄_0 ?_0 播_0 了_0 ，_0 叫_0 我_0 雷_0 锋_0 秦_0 君_0 很_0 少_0 动_0 用_0 阴_0 [PAD]_0 [PAD]_0 [PAD]_0 [PAD]_0 [PAD]_0 [PAD]_0 [PAD]_0 [PAD]_0 [PAD]_0 [PAD]_0 [PAD]_0 [PAD]_0 [PAD]_0 [PAD]_0 [PAD]_0 [PAD]_0 [PAD]_0 [PAD]_0 [SEP]_0 安_1 卓_1 下_1 载_1 注_1 意_1 ：_1 如_1 果_1 不_1 能_1 下_1 载_1 就_1 复_1 制_1 到_1 浏_1 览_1 器_1 [PAD]_1 [PAD]_1 [PAD]_1 [PAD]_1 [PAD]_1 [PAD]_1 [PAD]_1 [PAD]_1 [PAD]_1 [PAD]_1 [PAD]_1 [PAD]_1 [PAD]_1 [PAD]_1 [PAD]_1 [PAD]_1 [PAD]_1 [PAD]_1 [PAD]_1 [PAD]_1 [PAD]_1 [PAD]_1 [PAD]_1 [PAD]_1 [PAD]_1 [PAD]_1 [PAD]_1 [PAD]_1 [PAD]_1 [PAD]_1 [PAD]_1 [PAD]_1 [PAD]_1 [PAD]_1 [PAD]_1 [PAD]_1 [PAD]_1 [PAD]_1 [PAD]_1 [PAD]_1 [PAD]_1 [PAD]_1 [PAD]_1 [PAD]_1 [PAD]_1 [PAD]_1 [PAD]_1 [PAD]_1 [PAD]_1 [PAD]_1 [PAD]_1 [PAD]_1 [PAD]_1 [PAD]_1 [PAD]_1 [PAD]_1 [PAD]_1 [PAD]_1 [PAD]_1 [PAD]_1 [PAD]_1 [PAD]_1 [PAD]_1 [PAD]_1 [PAD]_1 [PAD]_1 [PAD]_1 [PAD]_1 [PAD]_1 [PAD]_1 [PAD]_1 [PAD]_1 [PAD]_1 [PAD]_1 [PAD]_1 [PAD]_1 [PAD]_1 [PAD]_1 [PAD]_1 [PAD]_1 [PAD]_1 [PAD]_1 [PAD]_1 [PAD]_1 [PAD]_1 [PAD]_1 [PAD]_1 [PAD]_1 [PAD]_1 [PAD]_1 [PAD]_1 [PAD]_1 [PAD]_1 [PAD]_1 [PAD]_1 [PAD]_1 [PAD]_1 [PAD]_1 [PAD]_1 [PAD]_1 [PAD]_1 [PAD]_1 [PAD]_1 [PAD]_1 [PAD]_1 [PAD]_1 [PAD]_1 [PAD]_1 [PAD]_1 [PAD]_1 [PAD]_1 [PAD]_1 [PAD]_1 [PAD]_1 [PAD]_1 [PAD]_1 [PAD]_1 [PAD]_1 [PAD]_1 [PAD]_1 [PAD]_1 [PAD]_1 [PAD]_1 [PAD]_1 [PAD]_1 [PAD]_1 [PAD]_1 [PAD]_1 [PAD]_1 [PAD]_1 [PAD]_1 [PAD]_1 [PAD]_1 [PAD]_1 [PAD]_1 [PAD]_1 [PAD]_1 [PAD]_1 [PAD]_1 [PAD]_1 [PAD]_1 [PAD]_1 [PAD]_1 [PAD]_1 [PAD]_1 [PAD]_1 [PAD]_1 [PAD]_1 [PAD]_1 [PAD]_1 [PAD]_1 [PAD]_1 [PAD]_1 [PAD]_1 [PAD]_1 [PAD]_1 [PAD]_1 [PAD]_1 [PAD]_1 [PAD]_1 [PAD]_1 [PAD]_1 [PAD]_1 [PAD]_1 [PAD]_1 [PAD]_1 [PAD]_1 [PAD]_1 [PAD]_1 [SEP]_1 [PAD]_1 [PAD]_1 [PAD]_1 [PAD]_1 [PAD]_1 [PAD]_1 [PAD]_1 [PAD]_1 [PAD]_1 [PAD]_1 [PAD]_1 [PAD]_1 [PAD]_1 [PAD]_1 [PAD]_1 [PAD]_1 [PAD]_1 [PAD]_1 [PAD]_1 [PAD]_1 [PAD]_1 [PAD]_1 [PAD]_1 [PAD]_1 [PAD]_1 [PAD]_1 [PAD]_1 [PAD]_1 [PAD]_1 [PAD]_1 [PAD]_1 [PAD]_1 [PAD]_1 [PAD]_1 [PAD]_1 [PAD]_1 [PAD]_1 [PAD]_1 [PAD]_1 [PAD]_1 [PAD]_1 [PAD]_1 [PAD]_1 [PAD]_1 [PAD]_1 [PAD]_1 [PAD]_1 [PAD]_1 [PAD]_1 [PAD]_1 [PAD]_1 [PAD]_1 [PAD]_1 [PAD]_1 [PAD]_1 [PAD]_1 [PAD]_1 [PAD]_1 [PAD]_1 [PAD]_1 [PAD]_1 [PAD]_1 [PAD]_1 [PAD]_1 [PAD]_1 [PAD]_1 [PAD]_1 [PAD]_1 [PAD]_1 [PAD]_1 [PAD]_1 [PAD]_1 [PAD]_1 [PAD]_1 [PAD]_1 [PAD]_1 [PAD]_1 [PAD]_1 [PAD]_1 [PAD]_1 [PAD]_1 [PAD]_1 [PAD]_1 [PAD]_1 [PAD]_1 [PAD]_1 [PAD]_1 [PAD]_1 [PAD]_1 [PAD]_1 [PAD]_1 [PAD]_1 [PAD]_1 [PAD]_1 [PAD]_1 [PAD]_1 [PAD]_1 [PAD]_1 [PAD]_1 [PAD]_1 [PAD]_1 [PAD]_1 安_1 卓_1 下_1 载_1 注_1 意_1 ：_1 如_1 果_1 不_1 能_1 下_1 载_1 就_1 复_1 制_1 到_1 浏_1 览_1 器_1 [SEP]_1
2019-10-25 15:51:04,901 Token Sample: [CLS]_0 举_0 报_0 过_0 期_0 食_0 品_0 被_0 奖_0 2_0 毛_0 安_0 全_0 监_0 管_0 岂_0 能_0 侮_0 辱_0 性_0 奖_0 励_0 __0 贾_0 某_0 某_0 [PAD]_0 [PAD]_0 [PAD]_0 [PAD]_0 [PAD]_0 [PAD]_0 [PAD]_0 [PAD]_0 [PAD]_0 [PAD]_0 [PAD]_0 [PAD]_0 [PAD]_0 [PAD]_0 [PAD]_0 [PAD]_0 [PAD]_0 [PAD]_0 [PAD]_0 [PAD]_0 [SEP]_0 原_1 标_1 题_1 ：_1 举_1 报_1 过_1 期_1 食_1 品_1 被_1 奖_1 2_1 毛_1 安_1 全_1 监_1 管_1 岂_1 能_1 侮_1 辱_1 性_1 奖_1 励_1 文_1 丨_1 陈_1 墨_1 今_1 天_1 ，_1 一_1 则_1 [UNK]_1 罚_1 款_1 五_1 万_1 、_1 奖_1 励_1 2_1 毛_1 [UNK]_1 的_1 新_1 闻_1 引_1 发_1 热_1 议_1 。_1 山_1 东_1 济_1 南_1 消_1 费_1 者_1 贾_1 某_1 某_1 购_1 买_1 2_1 ._1 02_1 元_1 过_1 期_1 食_1 品_1 后_1 向_1 该_1 区_1 食_1 药_1 监_1 局_1 举_1 报_1 ，_1 随_1 后_1 食_1 药_1 监_1 局_1 对_1 销_1 售_1 食_1 品_1 的_1 超_1 市_1 没_1 收_1 违_1 法_1 所_1 得_1 2_1 ._1 02_1 元_1 并_1 罚_1 款_1 5_1 万_1 元_1 ，_1 向_1 贾_1 某_1 某_1 支_1 付_1 了_1 2_1 毛_1 钱_1 作_1 为_1 奖_1 励_1 。_1 贾_1 某_1 某_1 认_1 为_1 奖_1 励_1 少_1 了_1 ，_1 将_1 食_1 药_1 监_1 局_1 告_1 上_1 法_1 庭_1 。_1 一_1 审_1 法_1 院_1 根_1 据_1 《_1 济_1 南_1 市_1 奖_1 励_1 办_1 法_1 》_1 中_1 对_1 一_1 级_1 举_1 报_1 奖_1 励_1 的_1 规_1 定_1 ，_1 [UNK]_1 按_1 案_1 件_1 货_1 值_1 金_1 额_1 的_1 10_1 ％_1 给_1 [SEP]_1 奖_1 正_1 义_1 之_1 举_1 。_1 职_1 业_1 打_1 假_1 不_1 能_1 作_1 为_1 不_1 奖_1 励_1 的_1 理_1 由_1 。_1 社_1 会_1 需_1 要_1 一_1 些_1 较_1 真_1 的_1 人_1 。_1 普_1 通_1 人_1 嫌_1 过_1 程_1 繁_1 琐_1 、_1 耗_1 费_1 精_1 力_1 ，_1 放_1 弃_1 维_1 权_1 ，_1 才_1 使_1 得_1 某_1 些_1 监_1 管_1 者_1 和_1 执_1 法_1 者_1 袒_1 护_1 骗_1 子_1 、_1 售_1 假_1 者_1 。_1 某_1 种_1 程_1 度_1 上_1 ，_1 硬_1 [UNK]_1 刚_1 [UNK]_1 的_1 职_1 业_1 打_1 假_1 人_1 才_1 能_1 跟_1 商_1 家_1 形_1 成_1 制_1 衡_1 ，_1 营_1 造_1 更_1 好_1 的_1 营_1 商_1 环_1 境_1 。_1 返_1 回_1 搜_1 狐_1 ，_1 查_1 看_1 更_1 多_1 责_1 任_1 编_1 辑_1 ：_1 [SEP]_1
2019-10-25 15:51:28,151 Token Sample: [CLS]_0 中_0 国_0 交_0 通_0 怪_0 象_0 ：_0 弱_0 势_0 群_0 体_0 被_0 照_0 顾_0 ，_0 中_0 国_0 式_0 过_0 马_0 路_0 难_0 解_0 决_0 ，_0 高_0 速_0 上_0 慢_0 行_0 [PAD]_0 [PAD]_0 [PAD]_0 [PAD]_0 [PAD]_0 [PAD]_0 [PAD]_0 [PAD]_0 [PAD]_0 [PAD]_0 [PAD]_0 [PAD]_0 [PAD]_0 [PAD]_0 [PAD]_0 [SEP]_0 中_1 国_1 交_1 通_1 怪_1 象_1 ：_1 弱_1 势_1 群_1 体_1 被_1 照_1 顾_1 ，_1 中_1 国_1 式_1 过_1 马_1 路_1 难_1 解_1 决_1 ，_1 高_1 速_1 上_1 慢_1 行_1 现_1 在_1 在_1 我_1 们_1 的_1 大_1 街_1 上_1 可_1 以_1 看_1 到_1 有_1 很_1 多_1 的_1 车_1 子_1 。_1 这_1 些_1 车_1 子_1 在_1 很_1 多_1 时_1 候_1 都_1 是_1 守_1 法_1 的_1 ，_1 但_1 是_1 我_1 们_1 也_1 能_1 够_1 看_1 得_1 到_1 一_1 些_1 现_1 象_1 ，_1 会_1 有_1 一_1 些_1 不_1 道_1 德_1 的_1 行_1 为_1 发_1 生_1 在_1 你_1 的_1 身_1 边_1 ，_1 导_1 致_1 你_1 不_1 得_1 不_1 赔_1 偿_1 一_1 些_1 金_1 钱_1 。_1 特_1 别_1 是_1 人_1 们_1 的_1 生_1 活_1 质_1 量_1 不_1 断_1 提_1 高_1 之_1 后_1 ，_1 几_1 乎_1 每_1 一_1 家_1 都_1 有_1 一_1 辆_1 车_1 子_1 。_1 这_1 样_1 拥_1 堵_1 的_1 马_1 路_1 上_1 ，_1 很_1 容_1 易_1 发_1 生_1 一_1 些_1 刮_1 碰_1 的_1 现_1 象_1 ，_1 这_1 样_1 的_1 现_1 象_1 也_1 成_1 为_1 我_1 们_1 生_1 活_1 中_1 不_1 可_1 避_1 免_1 的_1 一_1 个_1 小_1 问_1 题_1 。_1 在_1 生_1 活_1 [SEP]_1 的_1 驾_1 驶_1 技_1 术_1 不_1 够_1 ，_1 需_1 要_1 更_1 慢_1 的_1 车_1 速_1 去_1 保_1 证_1 自_1 己_1 的_1 行_1 车_1 安_1 全_1 。_1 殊_1 不_1 知_1 ，_1 他_1 们_1 这_1 样_1 会_1 影_1 响_1 到_1 其_1 他_1 的_1 车_1 子_1 安_1 全_1 ，_1 但_1 是_1 自_1 己_1 却_1 根_1 本_1 不_1 用_1 承_1 担_1 任_1 何_1 的_1 违_1 法_1 行_1 为_1 ，_1 而_1 那_1 些_1 却_1 因_1 为_1 他_1 们_1 速_1 度_1 过_1 慢_1 倒_1 霉_1 的_1 司_1 机_1 ，_1 不_1 得_1 不_1 承_1 担_1 更_1 多_1 的_1 金_1 钱_1 损_1 失_1 。_1 这_1 样_1 奇_1 怪_1 的_1 现_1 象_1 ，_1 相_1 信_1 你_1 也_1 有_1 注_1 意_1 到_1 ，_1 你_1 们_1 是_1 怎_1 么_1 想_1 的_1 呢_1 ？_1 [SEP]_1
2019-10-25 15:51:43,955 Token Sample: [CLS]_0 骑_0 着_0 自_0 行_0 车_0 赶_0 了_0 五_0 六_0 公_0 里_0 路_0 ，_0 终_0 于_0 在_0 火_0 车_0 开_0 动_0 前_0 两_0 分_0 钟_0 将_0 嫌_0 疑_0 人_0 抓_0 住_0 [PAD]_0 [PAD]_0 [PAD]_0 [PAD]_0 [PAD]_0 [PAD]_0 [PAD]_0 [PAD]_0 [PAD]_0 [PAD]_0 [PAD]_0 [PAD]_0 [PAD]_0 [PAD]_0 [PAD]_0 [SEP]_0 从_1 懵_1 懂_1 青_1 涩_1 到_1 满_1 鬓_1 白_1 发_1 ；_1 从_1 上_1 白_1 下_1 蓝_1 的_1 中_1 山_1 装_1 到_1 藏_1 青_1 蓝_1 ；_1 从_1 老_1 永_1 久_1 到_1 警_1 用_1 装_1 甲_1 车_1 ；_1 从_1 一_1 穷_1 二_1 白_1 到_1 信_1 息_1 化_1 、_1 大_1 数_1 据_1 。_1 40_1 年_1 众_1 志_1 成_1 城_1 ，_1 40_1 年_1 砥_1 砺_1 奋_1 进_1 ，_1 40_1 年_1 春_1 风_1 化_1 雨_1 ，_1 他_1 们_1 见_1 证_1 了_1 改_1 革_1 开_1 放_1 的_1 每_1 一_1 项_1 成_1 果_1 ，_1 见_1 证_1 了_1 柴_1 达_1 木_1 号_1 巨_1 轮_1 的_1 行_1 稳_1 致_1 远_1 ，_1 见_1 证_1 了_1 青_1 海_1 海_1 西_1 公_1 安_1 工_1 作_1 的_1 不_1 断_1 发_1 展_1 ，_1 让_1 我_1 们_1 一_1 起_1 来_1 听_1 听_1 他_1 们_1 对_1 改_1 革_1 开_1 放_1 40_1 年_1 的_1 切_1 身_1 感_1 受_1 。_1 李_1 宝_1 峰_1 ，_1 男_1 ，_1 汉_1 族_1 ，_1 1977_1 年_1 6_1 月_1 出_1 生_1 ，_1 2005_1 年_1 10_1 月_1 参_1 加_1 公_1 安_1 工_1 作_1 ，_1 现_1 任_1 青_1 海_1 省_1 海_1 西_1 州_1 乌_1 兰_1 县_1 公_1 安_1 局_1 希_1 里_1 沟_1 派_1 出_1 所_1 [SEP]_1 今_1 高_1 清_1 视_1 频_1 、_1 电_1 子_1 卡_1 口_1 、_1 网_1 络_1 预_1 警_1 等_1 等_1 高_1 科_1 技_1 产_1 品_1 装_1 备_1 到_1 各_1 个_1 警_1 队_1 ，_1 大_1 大_1 提_1 高_1 了_1 侦_1 查_1 破_1 案_1 的_1 能_1 力_1 ，_1 近_1 几_1 年_1 内_1 的_1 所_1 有_1 命_1 案_1 全_1 部_1 告_1 破_1 ，_1 现_1 如_1 今_1 德_1 令_1 哈_1 的_1 社_1 会_1 治_1 安_1 非_1 常_1 平_1 稳_1 ，_1 人_1 民_1 群_1 众_1 安_1 全_1 感_1 大_1 幅_1 度_1 提_1 高_1 ，_1 [UNK]_1 万_1 方_1 乐_1 奏_1 有_1 于_1 [UNK]_1 [UNK]_1 人_1 民_1 生_1 活_1 欣_1 欣_1 向_1 荣_1 ，_1 一_1 片_1 和_1 谐_1 。_1 感_1 谢_1 共_1 产_1 党_1 ，_1 感_1 谢_1 改_1 革_1 开_1 放_1 ！_1 [SEP]_1
2019-10-25 15:51:58,303 seed everything and create model
2019-10-25 15:53:47,952 step 150 train loss: 0.5870
2019-10-25 15:53:47,952 step 150 score: 0.7381
2019-10-25 15:55:32,117 step 300 train loss: 0.4227
2019-10-25 15:55:32,118 step 300 score: 0.7749
2019-10-25 15:57:16,304 step 450 train loss: 0.3394
2019-10-25 15:57:16,304 step 450 score: 0.7909
2019-10-25 15:59:00,449 step 600 train loss: 0.2657
2019-10-25 15:59:00,450 step 600 score: 0.7482
2019-10-25 16:00:44,590 step 750 train loss: 0.2798
2019-10-25 16:00:44,591 step 750 score: 0.7854
2019-10-25 16:02:28,747 step 900 train loss: 0.1635
2019-10-25 16:02:28,747 step 900 score: 0.7617
2019-10-25 16:04:12,890 step 1050 train loss: 0.1707
2019-10-25 16:04:12,890 step 1050 score: 0.7891
2019-10-25 16:05:57,016 step 1200 train loss: 0.1107
2019-10-25 16:05:57,016 step 1200 score: 0.7767
2019-10-25 16:05:57,017 best score is 0.7909
