2019-10-23 09:33:15,894 log_in_file: True
2019-10-23 09:33:15,894 lm_path: /home/wangzl/PretrainedLM/BERT/New/chinese_wwm_ext_pytorch
2019-10-23 09:33:15,894 lm_type: bert
2019-10-23 09:33:15,894 data_path: ../data/
2019-10-23 09:33:15,894 usegpu: True
2019-10-23 09:33:15,894 use_origin: True
2019-10-23 09:33:15,894 total_step: 1500
2019-10-23 09:33:15,894 eval_every: 150
2019-10-23 09:33:15,894 early_stop: 4
2019-10-23 09:33:15,894 max_length: 320
2019-10-23 09:33:15,894 max_title_rate: 0.125
2019-10-23 09:33:15,894 content_head_rate: 0.6
2019-10-23 09:33:15,894 batch_size: 16
2019-10-23 09:33:15,894 lr_scheduler_type: linear
2019-10-23 09:33:15,894 input_pattern: sentence
2019-10-23 09:33:15,894 clean_method: space+notzh
2019-10-23 09:33:15,894 warmup_rate: 0.1
2019-10-23 09:33:15,894 classifier_dropout: 0.3
2019-10-23 09:33:15,894 classifier_weight_decay: 0.0
2019-10-23 09:33:15,894 cache_final_model: False
2019-10-23 09:33:15,895 seed: 23
2019-10-23 09:33:15,895 lr: 2e-05
2019-10-23 09:33:15,895 lr_decay_in_layers: 0.95
2019-10-23 09:33:15,895 weight_decay: 0.01
2019-10-23 09:33:15,911 padding token is 0
2019-10-23 09:33:50,023 log_in_file: True
2019-10-23 09:33:50,023 lm_path: /home/wangzl/PretrainedLM/BERT/New/chinese_wwm_ext_pytorch
2019-10-23 09:33:50,023 lm_type: bert
2019-10-23 09:33:50,023 data_path: ../data/
2019-10-23 09:33:50,023 usegpu: True
2019-10-23 09:33:50,023 use_origin: True
2019-10-23 09:33:50,023 total_step: 1500
2019-10-23 09:33:50,023 eval_every: 150
2019-10-23 09:33:50,023 early_stop: 4
2019-10-23 09:33:50,023 max_length: 320
2019-10-23 09:33:50,023 max_title_rate: 0.125
2019-10-23 09:33:50,024 content_head_rate: 0.6
2019-10-23 09:33:50,024 batch_size: 16
2019-10-23 09:33:50,024 lr_scheduler_type: linear
2019-10-23 09:33:50,024 input_pattern: sentence
2019-10-23 09:33:50,024 clean_method: space+notzh
2019-10-23 09:33:50,024 warmup_rate: 0.1
2019-10-23 09:33:50,024 classifier_dropout: 0.3
2019-10-23 09:33:50,024 classifier_weight_decay: 0.0
2019-10-23 09:33:50,024 cache_final_model: False
2019-10-23 09:33:50,024 seed: 23
2019-10-23 09:33:50,024 lr: 2e-05
2019-10-23 09:33:50,024 lr_decay_in_layers: 0.95
2019-10-23 09:33:50,024 weight_decay: 0.01
2019-10-23 09:33:50,040 padding token is 0
2019-10-23 09:34:23,378 Token Sample: [CLS]_0 合_0 水_0 交_0 警_0 深_0 入_0 辖_0 区_0 中_0 小_0 学_0 幼_0 儿_0 园_0 开_0 展_0 校_0 园_0 交_0 通_0 安_0 全_0 宣_0 传_0 活_0 动_0 !_0 [SEP]_0 5_1 月_1 11_1 日_1 至_1 5_1 月_1 22_1 日_1 ，_1 合_1 水_1 交_1 警_1 大_1 队_1 宣_1 传_1 民_1 警_1 深_1 入_1 辖_1 区_1 各_1 中_1 小_1 学_1 、_1 幼_1 儿_1 园_1 开_1 展_1 [UNK]_1 小_1 手_1 拉_1 大_1 手_1 安_1 全_1 路_1 上_1 走_1 [UNK]_1 校_1 园_1 交_1 通_1 安_1 全_1 宣_1 传_1 活_1 动_1 。_1 当_1 日_1 上_1 午_1 9_1 时_1 ，_1 合_1 水_1 县_1 交_1 警_1 大_1 队_1 宣_1 传_1 民_1 警_1 一_1 行_1 12_1 人_1 ，_1 来_1 到_1 合_1 水_1 县_1 南_1 区_1 幼_1 儿_1 园_1 ，_1 为_1 全_1 园_1 小_1 朋_1 友_1 作_1 主_1 题_1 为_1 "_1 小_1 手_1 拉_1 大_1 手_1 安_1 全_1 路_1 上_1 走_1 "_1 交_1 通_1 安_1 全_1 知_1 识_1 讲_1 座_1 。_1 活_1 动_1 中_1 ，_1 宣_1 传_1 民_1 警_1 针_1 对_1 小_1 朋_1 友_1 活_1 泼_1 好_1 动_1 和_1 好_1 奇_1 心_1 强_1 等_1 特_1 点_1 ，_1 精_1 心_1 准_1 备_1 了_1 交_1 通_1 安_1 全_1 作_1 品_1 创_1 作_1 礼_1 品_1 、_1 交_1 通_1 安_1 全_1 卡_1 通_1 宣_1 传_1 资_1 料_1 等_1 物_1 品_1 深_1 受_1 孩_1 子_1 们_1 的_1 喜_1 爱_1 。_1 首_1 先_1 由_1 交_1 警_1 大_1 队_1 西_1 华_1 池_1 交_1 警_1 中_1 队_1 民_1 警_1 列_1 队_1 走_1 向_1 主_1 席_1 台_1 ，_1 他_1 们_1 以_1 严_1 整_1 的_1 警_1 容_1 风_1 纪_1 、_1 规_1 范_1 的_1 队_1 列_1 动_1 作_1 、_1 标_1 准_1 的_1 指_1 挥_1 手_1 势_1 、_1 为_1 孩_1 子_1 们_1 表_1 演_1 交_1 通_1 指_1 挥_1 手_1 势_1 ，_1 赢_1 来_1 小_1 粉_1 丝_1 们_1 的_1 阵_1 阵_1 掌_1 声_1 及_1 热_1 烈_1 的_1 欢_1 呼_1 声_1 ，_1 为_1 本_1 次_1 校_1 园_1 交_1 通_1 安_1 全_1 宣_1 传_1 活_1 动_1 增_1 添_1 了_1 一_1 份_1 靓_1 丽_1 色_1 [SEP]_1
2019-10-23 09:35:04,463 Token Sample: [CLS]_0 兴_0 县_0 罗_0 峪_0 口_0 镇_0 人_0 民_0 政_0 府_0 镇_0 长_0 朱_0 建_0 林_0 徇_0 私_0 舞_0 弊_0 、_0 侵_0 害_0 张_0 永_0 平_0 合_0 法_0 权_0 益_0 的_0 ._0 ._0 ._0 [SEP]_0 张_1 永_1 平_1 ，_1 男_1 ，_1 1974_1 年_1 4_1 月_1 8_1 日_1 生_1 ，_1 汉_1 族_1 ，_1 山_1 西_1 省_1 兴_1 县_1 罗_1 峪_1 口_1 镇_1 [UNK]_1 针_1 洼_1 村_1 人_1 ，_1 身_1 份_1 证_1 号_1 码_1 ，_1 电_1 话_1 。_1 王_1 跟_1 双_1 ，_1 男_1 ，_1 1942_1 年_1 9_1 月_1 24_1 日_1 生_1 ，_1 汉_1 族_1 ，_1 身_1 份_1 证_1 号_1 码_1 ，_1 住_1 址_1 同_1 上_1 ，_1 电_1 话_1 。_1 二_1 、_1 举_1 报_1 诉_1 求_1 :_1 1_1 、_1 责_1 令_1 兴_1 县_1 罗_1 峪_1 口_1 镇_1 人_1 民_1 政_1 府_1 补_1 偿_1 2015_1 年_1 少_1 付_1 的_1 占_1 地_1 补_1 偿_1 款_1 46_1 ##73_1 ##2_1 元_1 ，_1 并_1 支_1 付_1 2016_1 年_1 度_1 应_1 付_1 的_1 占_1 地_1 补_1 偿_1 款_1 485_1 ##32_1 元_1 。_1 2_1 、_1 责_1 令_1 兴_1 县_1 罗_1 峪_1 口_1 镇_1 人_1 民_1 政_1 府_1 补_1 偿_1 举_1 报_1 人_1 树_1 木_1 赔_1 偿_1 款_1 8000_1 元_1 。_1 3_1 、_1 依_1 法_1 追_1 究_1 兴_1 县_1 罗_1 峪_1 口_1 镇_1 镇_1 长_1 朱_1 建_1 林_1 徇_1 私_1 舞_1 弊_1 、_1 克_1 扣_1 占_1 地_1 补_1 偿_1 款_1 的_1 违_1 法_1 乱_1 纪_1 行_1 为_1 。_1 三_1 、_1 举_1 报_1 事_1 项_1 基_1 本_1 情_1 况_1 。_1 举_1 报_1 人_1 在_1 本_1 村_1 的_1 土_1 地_1 四_1 至_1 清_1 楚_1 (_1 政_1 府_1 给_1 举_1 报_1 人_1 颁_1 发_1 在_1 桃_1 树_1 良_1 2_1 亩_1 土_1 地_1 的_1 承_1 包_1 经_1 营_1 权_1 证_1 ，_1 四_1 至_1 为_1 :_1 东_1 至_1 棱_1 底_1 、_1 西_1 至_1 水_1 渠_1 、_1 南_1 至_1 地_1 半_1 、_1 北_1 至_1 棱_1 底_1 )_1 。_1 根_1 据_1 《_1 山_1 西_1 省_1 农_1 村_1 土_1 地_1 承_1 包_1 经_1 营_1 权_1 确_1 权_1 登_1 [SEP]_1
2019-10-23 09:35:21,012 Token Sample: [CLS]_0 初_0 步_0 判_0 断_0 长_0 园_0 和_0 鹰_0 涉_0 嫌_0 业_0 绩_0 造_0 假_0 [SEP]_0 据_1 公_1 告_1 ，_1 公_1 司_1 于_1 2016_1 年_1 6_1 月_1 收_1 购_1 长_1 园_1 和_1 鹰_1 80_1 %_1 股_1 权_1 ，_1 收_1 购_1 价_1 格_1 为_1 18_1 ._1 80_1 亿_1 元_1 ，_1 采_1 用_1 收_1 益_1 法_1 评_1 估_1 ，_1 增_1 值_1 率_1 65_1 ##2_1 ._1 02_1 %_1 。_1 2016_1 年_1 开_1 始_1 ，_1 长_1 园_1 和_1 鹰_1 在_1 原_1 有_1 设_1 备_1 销_1 售_1 业_1 务_1 的_1 基_1 础_1 上_1 大_1 力_1 开_1 拓_1 智_1 能_1 工_1 厂_1 总_1 包_1 新_1 业_1 务_1 ，_1 2016_1 年_1 6_1 月_1 至_1 12_1 月_1 长_1 园_1 和_1 鹰_1 分_1 别_1 与_1 山_1 东_1 昊_1 宝_1 服_1 饰_1 有_1 限_1 公_1 司_1 (_1 下_1 称_1 [UNK]_1 山_1 东_1 昊_1 宝_1 [UNK]_1 )_1 、_1 上_1 海_1 峰_1 龙_1 科_1 技_1 有_1 限_1 公_1 司_1 (_1 下_1 称_1 [UNK]_1 上_1 海_1 峰_1 龙_1 [UNK]_1 )_1 、_1 安_1 徽_1 红_1 爱_1 实_1 业_1 股_1 份_1 有_1 限_1 公_1 司_1 (_1 下_1 称_1 [UNK]_1 安_1 徽_1 红_1 爱_1 [UNK]_1 )_1 签_1 订_1 建_1 造_1 服_1 装_1 生_1 产_1 智_1 能_1 工_1 厂_1 销_1 售_1 合_1 同_1 。_1 长_1 园_1 和_1 鹰_1 2017_1 年_1 度_1 销_1 售_1 收_1 入_1 9_1 ._1 7_1 亿_1 元_1 ，_1 设_1 备_1 类_1 销_1 售_1 收_1 入_1 占_1 比_1 68_1 ._1 29_1 %_1 ，_1 智_1 能_1 工_1 厂_1 类_1 收_1 入_1 占_1 比_1 31_1 ._1 71_1 %_1 。_1 长_1 园_1 集_1 团_1 表_1 示_1 ，_1 在_1 接_1 到_1 交_1 易_1 所_1 问_1 询_1 函_1 阶_1 段_1 对_1 上_1 述_1 三_1 个_1 智_1 能_1 工_1 厂_1 项_1 目_1 进_1 行_1 了_1 现_1 场_1 走_1 访_1 ，_1 了_1 解_1 到_1 安_1 徽_1 红_1 爱_1 项_1 目_1 仅_1 有_1 部_1 分_1 设_1 备_1 处_1 于_1 运_1 转_1 状_1 态_1 ，_1 而_1 山_1 东_1 昊_1 宝_1 、_1 上_1 海_1 峰_1 龙_1 项_1 目_1 均_1 处_1 于_1 停_1 工_1 状_1 [SEP]_1
2019-10-23 09:35:36,736 Token Sample: [CLS]_0 宿_0 松_0 县_0 医_0 调_0 委_0 ：_0 修_0 正_0 医_0 患_0 关_0 系_0 的_0 [UNK]_0 新_0 药_0 方_0 [UNK]_0 [SEP]_0 2014_1 年_1 7_1 月_1 ，_1 宿_1 松_1 县_1 医_1 疗_1 纠_1 纷_1 人_1 民_1 调_1 解_1 委_1 员_1 会_1 挂_1 牌_1 成_1 立_1 ，_1 为_1 医_1 疗_1 纠_1 纷_1 解_1 决_1 机_1 制_1 的_1 重_1 新_1 梳_1 理_1 和_1 塑_1 造_1 、_1 修_1 正_1 医_1 患_1 关_1 系_1 ，_1 开_1 出_1 了_1 一_1 张_1 [UNK]_1 宿_1 松_1 药_1 方_1 [UNK]_1 ，_1 让_1 [UNK]_1 久_1 治_1 不_1 愈_1 [UNK]_1 的_1 医_1 患_1 纠_1 纷_1 寻_1 到_1 了_1 及_1 时_1 有_1 效_1 化_1 解_1 的_1 新_1 途_1 径_1 。_1 [UNK]_1 医_1 调_1 委_1 靠_1 证_1 据_1 说_1 话_1 ，_1 以_1 事_1 实_1 服_1 人_1 ，_1 不_1 愧_1 为_1 全_1 国_1 模_1 范_1 人_1 民_1 调_1 解_1 委_1 员_1 会_1 。_1 [UNK]_1 日_1 前_1 ，_1 记_1 者_1 来_1 到_1 宿_1 松_1 县_1 医_1 疗_1 纠_1 纷_1 人_1 民_1 调_1 解_1 委_1 员_1 会_1 。_1 在_1 翻_1 看_1 留_1 言_1 簿_1 时_1 ，_1 看_1 到_1 了_1 宿_1 松_1 县_1 北_1 浴_1 乡_1 村_1 民_1 陈_1 某_1 亲_1 笔_1 写_1 下_1 的_1 感_1 谢_1 信_1 。_1 像_1 这_1 样_1 的_1 感_1 谢_1 信_1 ，_1 留_1 言_1 簿_1 上_1 还_1 有_1 39_1 篇_1 。_1 与_1 此_1 相_1 映_1 衬_1 的_1 是_1 ，_1 墙_1 上_1 挂_1 着_1 的_1 66_1 面_1 锦_1 旗_1 。_1 2017_1 年_1 5_1 月_1 ，_1 北_1 浴_1 乡_1 村_1 民_1 陈_1 某_1 到_1 县_1 某_1 医_1 院_1 看_1 妇_1 科_1 病_1 。_1 医_1 方_1 为_1 其_1 实_1 施_1 手_1 术_1 ，_1 告_1 知_1 手_1 术_1 成_1 功_1 。_1 陈_1 某_1 多_1 日_1 不_1 能_1 下_1 地_1 行_1 走_1 ，_1 先_1 后_1 去_1 外_1 地_1 医_1 院_1 检_1 查_1 ，_1 旧_1 病_1 未_1 好_1 ，_1 又_1 添_1 新_1 病_1 变_1 ，_1 需_1 二_1 次_1 手_1 术_1 ，_1 且_1 无_1 法_1 正_1 常_1 生_1 育_1 。_1 患_1 方_1 要_1 求_1 医_1 方_1 、_1 院_1 [SEP]_1
2019-10-23 09:35:44,723 seed everything and create model
2019-10-23 09:37:24,135 step 150 train loss: 0.5870
2019-10-23 09:37:24,135 step 150 score: 0.7250
2019-10-23 09:38:58,732 step 300 train loss: 0.4186
2019-10-23 09:38:58,733 step 300 score: 0.7824
2019-10-23 09:40:33,333 step 450 train loss: 0.3459
2019-10-23 09:40:33,333 step 450 score: 0.7647
2019-10-23 09:42:07,924 step 600 train loss: 0.2847
2019-10-23 09:42:07,925 step 600 score: 0.7802
