2019-10-25 23:28:48,522 log_in_file: True
2019-10-25 23:28:48,522 lm_path: /home/wangzl/PretrainedLM/BERT/New/chinese_wwm_ext_pytorch
2019-10-25 23:28:48,522 lm_type: bert
2019-10-25 23:28:48,523 data_path: ../data/
2019-10-25 23:28:48,523 usegpu: True
2019-10-25 23:28:48,523 total_step: 1500
2019-10-25 23:28:48,523 eval_every: 150
2019-10-25 23:28:48,523 early_stop: 4
2019-10-25 23:28:48,523 max_length: 360
2019-10-25 23:28:48,523 max_title_rate: 0.125
2019-10-25 23:28:48,523 content_head_rate: 0.6
2019-10-25 23:28:48,523 batch_size: 16
2019-10-25 23:28:48,523 lr_scheduler_type: linear
2019-10-25 23:28:48,523 input_pattern: head+tail+fixed
2019-10-25 23:28:48,523 clean_method: space+notzh
2019-10-25 23:28:48,523 warmup_rate: 0.1
2019-10-25 23:28:48,523 classifier_dropout: 0.3
2019-10-25 23:28:48,523 classifier_active: relu
2019-10-25 23:28:48,523 cache_final_model: False
2019-10-25 23:28:48,523 seed: 23
2019-10-25 23:28:48,523 lr: 2e-05
2019-10-25 23:28:48,523 lr_decay_in_layers: 0.95
2019-10-25 23:28:48,523 wd_decay_in_layers: 1.2
2019-10-25 23:28:48,523 weight_decay: 0.05
2019-10-25 23:28:48,539 padding token is 0
2019-10-25 23:29:17,487 Token Sample: [CLS]_0 展_0 示_0 首_0 都_0 国_0 企_0 40_0 年_0 改_0 革_0 巨_0 大_0 变_0 迁_0 和_0 辉_0 煌_0 业_0 绩_0 [PAD]_0 [PAD]_0 [PAD]_0 [PAD]_0 [PAD]_0 [PAD]_0 [PAD]_0 [PAD]_0 [PAD]_0 [PAD]_0 [PAD]_0 [PAD]_0 [PAD]_0 [PAD]_0 [PAD]_0 [PAD]_0 [PAD]_0 [PAD]_0 [PAD]_0 [PAD]_0 [PAD]_0 [PAD]_0 [PAD]_0 [PAD]_0 [PAD]_0 [PAD]_0 [SEP]_0 第_1 三_1 届_1 [UNK]_1 首_1 都_1 国_1 企_1 开_1 放_1 日_1 [UNK]_1 开_1 放_1 155_1 条_1 线_1 路_1 ，_1 呈_1 现_1 五_1 大_1 亮_1 点_1 5_1 月_1 22_1 日_1 ，_1 北_1 京_1 市_1 人_1 民_1 政_1 府_1 新_1 闻_1 办_1 公_1 室_1 、_1 北_1 京_1 市_1 人_1 民_1 政_1 府_1 国_1 有_1 资_1 产_1 监_1 督_1 管_1 理_1 委_1 员_1 会_1 联_1 合_1 召_1 开_1 第_1 三_1 届_1 [UNK]_1 首_1 都_1 国_1 企_1 开_1 放_1 日_1 [UNK]_1 新_1 闻_1 发_1 布_1 会_1 。_1 图_1 为_1 会_1 场_1 。_1 中_1 国_1 改_1 革_1 报_1 、_1 改_1 革_1 网_1 记_1 者_1 ?_1 刘_1 政_1 ?_1 摄_1 5_1 月_1 22_1 日_1 ，_1 北_1 京_1 市_1 人_1 民_1 政_1 府_1 新_1 闻_1 办_1 公_1 室_1 、_1 北_1 京_1 市_1 人_1 民_1 政_1 府_1 国_1 有_1 资_1 产_1 监_1 督_1 管_1 理_1 委_1 员_1 会_1 联_1 合_1 召_1 开_1 第_1 三_1 届_1 [UNK]_1 首_1 都_1 国_1 企_1 开_1 放_1 日_1 [UNK]_1 新_1 闻_1 发_1 布_1 会_1 。_1 本_1 届_1 [UNK]_1 首_1 都_1 国_1 企_1 开_1 放_1 日_1 [UNK]_1 以_1 [UNK]_1 四_1 十_1 年_1 峥_1 嵘_1 岁_1 月_1 ，_1 新_1 时_1 代_1 再_1 谱_1 新_1 [SEP]_1 将_1 向_1 广_1 大_1 北_1 京_1 市_1 民_1 开_1 放_1 ，_1 彰_1 显_1 国_1 企_1 底_1 蕴_1 。_1 据_1 悉_1 ，_1 本_1 届_1 开_1 放_1 日_1 活_1 动_1 将_1 进_1 一_1 步_1 扩_1 大_1 参_1 观_1 人_1 员_1 受_1 众_1 面_1 ，_1 届_1 时_1 将_1 邀_1 请_1 社_1 区_1 群_1 众_1 、_1 企_1 业_1 职_1 工_1 、_1 部_1 队_1 军_1 人_1 、_1 学_1 校_1 学_1 生_1 、_1 旅_1 游_1 团_1 体_1 、_1 外_1 国_1 友_1 人_1 、_1 专_1 家_1 学_1 者_1 、_1 媒_1 体_1 记_1 者_1 、_1 网_1 络_1 大_1 v_1 等_1 。_1 （_1 中_1 国_1 改_1 革_1 报_1 、_1 改_1 革_1 网_1 记_1 者_1 ?_1 刘_1 政_1 ）_1 责_1 编_1 /_1 制_1 作_1 ?_1 刘_1 政_1 ?_1 审_1 读_1 徐_1 [UNK]_1 [SEP]_1
2019-10-25 23:30:00,813 Token Sample: [CLS]_0 朱_0 元_0 璋_0 亲_0 手_0 剥_0 桔_0 子_0 给_0 朱_0 棣_0 ，_0 母_0 亲_0 听_0 闻_0 十_0 分_0 惊_0 恐_0 :_0 快_0 逃_0 命_0 ，_0 你_0 爹_0 要_0 杀_0 你_0 [PAD]_0 [PAD]_0 [PAD]_0 [PAD]_0 [PAD]_0 [PAD]_0 [PAD]_0 [PAD]_0 [PAD]_0 [PAD]_0 [PAD]_0 [PAD]_0 [PAD]_0 [PAD]_0 [PAD]_0 [SEP]_0 阅_1 读_1 本_1 文_1 前_1 ，_1 请_1 您_1 先_1 点_1 击_1 上_1 面_1 的_1 蓝_1 色_1 字_1 体_1 [UNK]_1 一_1 眼_1 观_1 千_1 古_1 [UNK]_1 ，_1 再_1 点_1 击_1 [UNK]_1 关_1 注_1 [UNK]_1 ，_1 这_1 样_1 您_1 就_1 可_1 以_1 继_1 续_1 免_1 费_1 收_1 到_1 最_1 新_1 文_1 章_1 了_1 。_1 每_1 天_1 都_1 有_1 分_1 享_1 。_1 完_1 全_1 是_1 免_1 费_1 订_1 阅_1 ，_1 请_1 放_1 心_1 关_1 注_1 。_1 提_1 起_1 明_1 朝_1 的_1 开_1 国_1 皇_1 帝_1 ，_1 大_1 家_1 都_1 很_1 熟_1 悉_1 。_1 朱_1 元_1 璋_1 身_1 上_1 有_1 太_1 多_1 太_1 多_1 的_1 传_1 奇_1 色_1 彩_1 ，_1 作_1 为_1 草_1 根_1 出_1 身_1 登_1 上_1 皇_1 位_1 的_1 帝_1 王_1 ，_1 朱_1 元_1 璋_1 吃_1 过_1 的_1 苦_1 ，_1 是_1 我_1 们_1 难_1 以_1 想_1 象_1 的_1 。_1 朱_1 元_1 璋_1 家_1 境_1 贫_1 困_1 ，_1 连_1 饭_1 都_1 吃_1 不_1 起_1 ，_1 父_1 母_1 是_1 在_1 饥_1 饿_1 和_1 病_1 痛_1 中_1 去_1 世_1 的_1 。_1 相_1 传_1 ，_1 朱_1 元_1 璋_1 的_1 父_1 母_1 过_1 世_1 之_1 后_1 ，_1 由_1 于_1 太_1 穷_1 了_1 连_1 棺_1 材_1 板_1 [SEP]_1 果_1 不_1 其_1 然_1 ，_1 不_1 久_1 之_1 后_1 朱_1 元_1 璋_1 回_1 到_1 宫_1 中_1 立_1 刻_1 命_1 人_1 抓_1 捕_1 朱_1 棣_1 母_1 子_1 ，_1 没_1 想_1 到_1 朱_1 棣_1 已_1 逃_1 。_1 就_1 命_1 人_1 严_1 惩_1 朱_1 棣_1 母_1 亲_1 ，_1 用_1 一_1 种_1 叫_1 铁_1 裙_1 之_1 刑_1 将_1 其_1 处_1 死_1 。_1 后_1 来_1 朱_1 元_1 璋_1 不_1 想_1 留_1 下_1 残_1 害_1 骨_1 肉_1 的_1 骂_1 名_1 ，_1 就_1 没_1 有_1 追_1 究_1 朱_1 棣_1 的_1 罪_1 责_1 ，_1 而_1 是_1 将_1 他_1 封_1 为_1 燕_1 王_1 ，_1 镇_1 守_1 北_1 方_1 。_1 看_1 来_1 年_1 少_1 聪_1 明_1 不_1 是_1 一_1 件_1 好_1 事_1 ，_1 朱_1 棣_1 因_1 此_1 差_1 点_1 丧_1 命_1 。_1 [SEP]_1
2019-10-25 23:30:21,536 seed everything and create model
2019-10-25 23:32:12,259 step 150 train loss: 0.7348
2019-10-25 23:32:12,260 step 150 score: 0.5561
2019-10-25 23:33:57,524 step 300 train loss: 0.5910
2019-10-25 23:33:57,525 step 300 score: 0.7149
2019-10-25 23:35:42,786 step 450 train loss: 0.4868
2019-10-25 23:35:42,787 step 450 score: 0.7049
2019-10-25 23:37:28,049 step 600 train loss: 0.4149
2019-10-25 23:37:28,050 step 600 score: 0.7528
2019-10-25 23:39:13,306 step 750 train loss: 0.4171
2019-10-25 23:39:13,306 step 750 score: 0.7693
2019-10-25 23:40:58,577 step 900 train loss: 0.3692
2019-10-25 23:40:58,577 step 900 score: 0.7483
2019-10-25 23:42:43,831 step 1050 train loss: 0.3713
2019-10-25 23:42:43,832 step 1050 score: 0.7764
2019-10-25 23:44:29,094 step 1200 train loss: 0.3276
2019-10-25 23:44:29,094 step 1200 score: 0.7853
2019-10-25 23:46:14,357 step 1350 train loss: 0.3152
2019-10-25 23:46:14,357 step 1350 score: 0.7814
2019-10-25 23:47:59,589 step 1500 train loss: 0.3356
2019-10-25 23:47:59,589 step 1500 score: 0.7718
2019-10-25 23:47:59,590 best score is 0.7853
