2019-10-18 09:40:17,336 log_in_file: True
2019-10-18 09:40:17,336 bert_path: /home/wangzl/PretrainedLM/BERT/New/roberta_zh_L-24_H-1024_A-16/
2019-10-18 09:40:17,336 data_path: ../data/
2019-10-18 09:40:17,336 usegpu: True
2019-10-18 09:40:17,337 use_origin: False
2019-10-18 09:40:17,337 total_step: 5000
2019-10-18 09:40:17,337 eval_every: 500
2019-10-18 09:40:17,337 early_stop: 4
2019-10-18 09:40:17,337 max_length: 510
2019-10-18 09:40:17,337 max_title_rate: 0.125
2019-10-18 09:40:17,337 content_head_rate: 0.6
2019-10-18 09:40:17,337 batch_size: 2
2019-10-18 09:40:17,337 lr_scheduler_type: linear
2019-10-18 09:40:17,337 input_pattern: head+tail+dynamic
2019-10-18 09:40:17,337 clean_method: space
2019-10-18 09:40:17,337 warmup_rate: 0.1
2019-10-18 09:40:17,337 classifier_dropout: 0.3
2019-10-18 09:40:17,337 classifier_weight_decay: 0.0
2019-10-18 09:40:17,337 cache_final_model: False
2019-10-18 09:40:17,337 seed: 23
2019-10-18 09:40:17,337 lr: 2e-05
2019-10-18 09:40:17,337 lr_decay_in_layers: 0.95
2019-10-18 09:40:17,337 weight_decay: 0.01
2019-10-18 09:40:43,430 Token Sample: [CLS]_0 沁_0 源_0 洒_0 水_0 车_0 __0 沁_0 源_0 洒_0 水_0 车_0 品_0 牌_0 __0 沁_0 源_0 专_0 用_0 车_0 行_0 业_0 热_0 点_0 [SEP]_0 7_1 月_1 24_1 日_1 ，_1 来_1 自_1 沁_1 源_1 陈_1 小_1 姐_1 在_1 找_1 沁_1 源_1 洒_1 水_1 车_1 厂_1 家_1 、_1 沁_1 源_1 洒_1 水_1 车_1 销_1 售_1 点_1 。_1 下_1 面_1 推_1 荐_1 几_1 家_1 优_1 质_1 的_1 沁_1 源_1 洒_1 水_1 车_1 厂_1 家_1 ，_1 供_1 大_1 家_1 选_1 择_1 ：_1 湖_1 北_1 程_1 力_1 集_1 团_1 是_1 大_1 型_1 的_1 洒_1 水_1 车_1 生_1 产_1 厂_1 家_1 ，_1 东_1 风_1 、_1 解_1 放_1 、_1 福_1 田_1 公_1 司_1 的_1 重_1 要_1 合_1 作_1 伙_1 伴_1 。_1 程_1 力_1 洒_1 水_1 车_1 厂_1 家_1 直_1 销_1 ，_1 全_1 国_1 范_1 围_1 送_1 货_1 上_1 门_1 ，_1 所_1 有_1 车_1 型_1 均_1 可_1 办_1 理_1 分_1 期_1 ，_1 产_1 品_1 畅_1 销_1 国_1 内_1 外_1 。_1 厂_1 家_1 地_1 址_1 ：_1 湖_1 北_1 省_1 随_1 州_1 南_1 郊_1 程_1 力_1 汽_1 车_1 工_1 业_1 园_1 厂_1 家_1 电_1 话_1 ：_1 138_1 -_1 86_1 ##88_1 -_1 19_1 ##o_1 ##7_1 以_1 下_1 为_1 洒_1 水_1 车_1 厂_1 家_1 推_1 广_1 信_1 息_1 ：_1 沁_1 源_1 程_1 力_1 洒_1 水_1 车_1 厂_1 家_1 沁_1 源_1 程_1 力_1 洒_1 水_1 车_1 厂_1 家_1 销_1 售_1 网_1 络_1 覆_1 盖_1 沁_1 源_1 ，_1 隶_1 属_1 于_1 山_1 西_1 省_1 长_1 治_1 ，_1 位_1 于_1 山_1 西_1 省_1 中_1 南_1 部_1 ，_1 长_1 治_1 西_1 北_1 部_1 ，_1 地_1 处_1 太_1 岳_1 山_1 东_1 麓_1 ，_1 东_1 连_1 沁_1 ，_1 南_1 接_1 屯_1 留_1 、_1 安_1 泽_1 ，_1 西_1 邻_1 霍_1 州_1 、_1 古_1 、_1 灵_1 石_1 ，_1 北_1 靠_1 介_1 休_1 、_1 平_1 遥_1 。_1 地_1 理_1 坐_1 标_1 在_1 东_1 110_1 ##°_1 ##58_1 ′_1 03_1 ″_1 -_1 112_1 ##°_1 ##32_1 ′_1 30_1 ″_1 ，_1 北_1 纬_1 36_1 ##°_1 ##20_1 ′_1 20_1 ″_1 [SEP]_1 水_1 车_1 具_1 有_1 洒_1 水_1 、_1 压_1 尘_1 、_1 高_1 、_1 低_1 位_1 喷_1 洒_1 ，_1 农_1 药_1 喷_1 洒_1 、_1 护_1 栏_1 冲_1 洗_1 等_1 功_1 能_1 ，_1 还_1 具_1 有_1 运_1 水_1 、_1 排_1 水_1 ，_1 应_1 急_1 消_1 防_1 等_1 功_1 能_1 。_1 厂_1 家_1 价_1 格_1 ：_1 电_1 议_1 厂_1 家_1 优_1 势_1 ：_1 沁_1 源_1 洒_1 水_1 车_1 厂_1 家_1 洒_1 水_1 车_1 在_1 洒_1 水_1 时_1 可_1 将_1 空_1 气_1 中_1 的_1 灰_1 尘_1 和_1 微_1 小_1 颗_1 粒_1 物_1 沉_1 积_1 下_1 来_1 ，_1 减_1 少_1 空_1 气_1 中_1 危_1 害_1 人_1 体_1 的_1 杂_1 质_1 ，_1 对_1 人_1 体_1 的_1 健_1 康_1 有_1 利_1 ，_1 起_1 到_1 除_1 尘_1 的_1 作_1 用_1 ，_1 像_1 一_1 些_1 灰_1 尘_1 较_1 大_1 的_1 工_1 地_1 、_1 水_1 泥_1 厂_1 等_1 灰_1 尘_1 比_1 较_1 大_1 的_1 环_1 境_1 ，_1 这_1 时_1 候_1 的_1 洒_1 水_1 车_1 就_1 主_1 要_1 起_1 到_1 除_1 尘_1 的_1 作_1 用_1 。_1 http_1 :_1 /_1 /_1 blog_1 ._1 sina_1 ._1 com_1 ._1 cn_1 /_1 s_1 /_1 blog_1 __1 185_1 ##b_1 ##8_1 ##a_1 ##8_1 ##ff_1 ##010_1 ##2_1 ##z_1 ##q_1 ##ew_1 ._1 html_1 [SEP]_1
2019-10-18 09:41:00,495 Token Sample: [CLS]_0 天_0 马_0 保_0 时_0 捷_0 赛_0 道_0 日_0 起_0 火_0 ，_0 无_0 人_0 员_0 伤_0 亡_0 [UNK]_0 [UNK]_0 车_0 辆_0 起_0 火_0 ，_0 该_0 怎_0 么_0 办_0 ?_0 [SEP]_0 author_1 /_1 con_1 ##sta_1 ##nt_1 ##ine_1 ##ad_1 ##vis_1 ##or_1 /_1 no_1 ##el_1 ##shi_1 今_1 天_1 ，_1 1_1 月_1 26_1 日_1 ，_1 上_1 海_1 天_1 马_1 赛_1 车_1 上_1 ，_1 一_1 辆_1 保_1 时_1 捷_1 99_1 ##1_1 ._1 1_1 的_1 卡_1 雷_1 拉_1 s_1 ，_1 赛_1 道_1 起_1 火_1 ，_1 所_1 幸_1 现_1 场_1 救_1 援_1 条_1 件_1 完_1 善_1 ，_1 人_1 员_1 无_1 伤_1 亡_1 。_1 请_1 看_1 现_1 场_1 视_1 频_1 视_1 频_1 |_1 天_1 马_1 赛_1 道_1 保_1 时_1 捷_1 起_1 火_1 在_1 视_1 频_1 中_1 ，_1 我_1 们_1 可_1 以_1 看_1 到_1 ，_1 保_1 时_1 捷_1 的_1 排_1 气_1 管_1 已_1 经_1 开_1 始_1 起_1 火_1 ，_1 旁_1 边_1 的_1 g_1 ##k_1 ##5_1 看_1 到_1 后_1 ，_1 驶_1 出_1 赛_1 道_1 ，_1 并_1 且_1 鸣_1 笛_1 示_1 意_1 。_1 对_1 于_1 起_1 火_1 原_1 因_1 的_1 猜_1 测_1 ，_1 可_1 能_1 是_1 油_1 管_1 崩_1 了_1 ，_1 油_1 撒_1 到_1 排_1 气_1 上_1 了_1 。_1 视_1 频_1 |_1 天_1 马_1 赛_1 道_1 保_1 时_1 捷_1 燃_1 烧_1 之_1 后_1 ，_1 保_1 时_1 捷_1 开_1 始_1 燃_1 烧_1 ，_1 现_1 场_1 开_1 始_1 救_1 援_1 ，_1 虽_1 然_1 车_1 烧_1 了_1 ，_1 但_1 是_1 人_1 没_1 事_1 ，_1 万_1 幸_1 。_1 g_1 ##k_1 ##5_1 车_1 主_1 做_1 对_1 了_1 什_1 么_1 ？_1 从_1 第_1 一_1 个_1 视_1 频_1 中_1 可_1 以_1 看_1 出_1 ，_1 g_1 ##k_1 ##5_1 迅_1 速_1 驶_1 离_1 赛_1 道_1 并_1 鸣_1 笛_1 示_1 意_1 的_1 行_1 为_1 是_1 十_1 分_1 正_1 确_1 的_1 ，_1 这_1 里_1 提_1 醒_1 广_1 大_1 车_1 友_1 注_1 意_1 ，_1 迅_1 速_1 提_1 醒_1 ，_1 迅_1 速_1 驶_1 离_1 ，_1 千_1 万_1 不_1 要_1 以_1 为_1 是_1 闹_1 着_1 玩_1 的_1 [UNK]_1 偏_1 时_1 点_1 火_1 [SEP]_1 键_1 的_1 ！_1 祝_1 大_1 家_1 新_1 年_1 平_1 安_1 。_1 more_1 本_1 田_1 |_1 445_1 匹_1 马_1 力_1 的_1 2020_1 奥_1 德_1 赛_1 type_1 -_1 r_1 ，_1 这_1 是_1 开_1 玩_1 笑_1 ？_1 大_1 众_1 |_1 高_1 尔_1 夫_1 mk_1 ##8_1 无_1 伪_1 装_1 谍_1 照_1 在_1 德_1 国_1 麦_1 当_1 劳_1 被_1 抓_1 拍_1 [UNK]_1 [UNK]_1 水_1 哥_1 ：_1 [UNK]_1 r_1 ##w_1 ##b_1 虽_1 然_1 匠_1 心_1 十_1 足_1 ，_1 但_1 是_1 作_1 品_1 套_1 路_1 ，_1 缺_1 乏_1 创_1 新_1 [UNK]_1 |_1 酷_1 乐_1 评_1 论_1 酷_1 乐_1 加_1 拿_1 大_1 |_1 tm_1 ##p_1 冰_1 雪_1 赛_1 道_1 日_1 ，_1 少_1 年_1 们_1 漂_1 的_1 很_1 开_1 心_1 保_1 时_1 捷_1 |_1 71_1 ##8_1 ##ca_1 ##ym_1 ##ang_1 ##t_1 ##4_1 ##cl_1 ##ub_1 ##sp_1 ##ort_1 ##r_1 -_1 gt_1 的_1 拉_1 力_1 赛_1 车_1 仅_1 发_1 售_1 100_1 台_1 ，_1 原_1 厂_1 获_1 得_1 fi_1 ##ar_1 -_1 gt_1 认_1 证_1 大_1 众_1 ：_1 要_1 造_1 纯_1 电_1 动_1 硬_1 派_1 越_1 野_1 车_1 ，_1 像_1 路_1 虎_1 卫_1 士_1 那_1 样_1 ，_1 朴_1 素_1 且_1 耐_1 用_1 |_1 新_1 能_1 源_1 汽_1 车_1 商_1 业_1 评_1 论_1 今_1 日_1 日_1 签_1 [SEP]_1
2019-10-18 09:41:24,155 Token Sample: [CLS]_0 青_0 龙_0 [UNK]_0 无_0 处_0 安_0 放_0 [UNK]_0 的_0 秸_0 秆_0 有_0 了_0 [UNK]_0 新_0 归_0 宿_0 [UNK]_0 [SEP]_0 [UNK]_1 每_1 年_1 秋_1 收_1 之_1 后_1 ，_1 满_1 地_1 的_1 秸_1 秆_1 就_1 成_1 了_1 咱_1 们_1 的_1 [UNK]_1 老_1 大_1 难_1 [UNK]_1 ！_1 现_1 在_1 家_1 里_1 烧_1 煤_1 烧_1 柴_1 ，_1 根_1 本_1 也_1 用_1 不_1 到_1 它_1 ，_1 收_1 拾_1 回_1 家_1 一_1 点_1 用_1 也_1 没_1 有_1 。_1 就_1 地_1 焚_1 烧_1 既_1 存_1 在_1 火_1 险_1 隐_1 患_1 ，_1 又_1 污_1 染_1 环_1 境_1 ，_1 咱_1 也_1 不_1 敢_1 。_1 可_1 是_1 真_1 愁_1 人_1 ！_1 [UNK]_1 说_1 到_1 以_1 往_1 如_1 何_1 处_1 置_1 秸_1 秆_1 ，_1 祖_1 山_1 镇_1 三_1 间_1 房_1 村_1 村_1 民_1 董_1 庆_1 华_1 满_1 面_1 愁_1 容_1 。_1 面_1 对_1 [UNK]_1 无_1 处_1 安_1 放_1 [UNK]_1 的_1 秸_1 秆_1 ，_1 我_1 县_1 始_1 终_1 坚_1 持_1 [UNK]_1 堵_1 [UNK]_1 [UNK]_1 疏_1 [UNK]_1 两_1 手_1 抓_1 [UNK]_1 [UNK]_1 在_1 全_1 面_1 禁_1 烧_1 秸_1 秆_1 的_1 同_1 时_1 ，_1 积_1 极_1 拓_1 展_1 秸_1 秆_1 利_1 用_1 途_1 径_1 ，_1 [UNK]_1 以_1 用_1 促_1 禁_1 [UNK]_1 ，_1 从_1 根_1 本_1 上_1 解_1 决_1 秸_1 秆_1 焚_1 烧_1 问_1 题_1 。_1 堵_1 倒_1 逼_1 秸_1 秆_1 利_1 用_1 [UNK]_1 我_1 们_1 共_1 在_1 全_1 县_1 设_1 置_1 10_1 个_1 监_1 测_1 点_1 ，_1 不_1 间_1 断_1 监_1 测_1 秸_1 秆_1 焚_1 烧_1 现_1 象_1 ，_1 一_1 旦_1 发_1 现_1 问_1 题_1 ，_1 马_1 上_1 通_1 知_1 各_1 乡_1 镇_1 环_1 保_1 所_1 处_1 理_1 。_1 [UNK]_1 市_1 生_1 态_1 环_1 境_1 局_1 青_1 龙_1 分_1 局_1 相_1 关_1 负_1 责_1 人_1 说_1 。_1 除_1 了_1 污_1 染_1 大_1 气_1 ，_1 秸_1 秆_1 焚_1 烧_1 可_1 能_1 引_1 发_1 的_1 火_1 灾_1 更_1 是_1 直_1 接_1 危_1 害_1 着_1 百_1 姓_1 的_1 生_1 命_1 财_1 产_1 安_1 全_1 。_1 我_1 县_1 专_1 门_1 [SEP]_1 压_1 力_1 减_1 小_1 了_1 不_1 少_1 。_1 [UNK]_1 牛_1 心_1 山_1 村_1 党_1 支_1 部_1 书_1 记_1 张_1 志_1 国_1 说_1 。_1 [UNK]_1 我_1 们_1 与_1 驻_1 操_1 营_1 养_1 牛_1 场_1 的_1 合_1 作_1 ，_1 让_1 祖_1 山_1 镇_1 三_1 间_1 房_1 、_1 牛_1 心_1 山_1 、_1 黄_1 土_1 坎_1 、_1 三_1 岔_1 、_1 西_1 河_1 等_1 村_1 的_1 秸_1 秆_1 都_1 有_1 了_1 去_1 处_1 。_1 不_1 仅_1 解_1 决_1 了_1 就_1 地_1 焚_1 烧_1 引_1 发_1 的_1 环_1 境_1 污_1 染_1 问_1 题_1 ，_1 还_1 消_1 除_1 了_1 在_1 房_1 前_1 屋_1 后_1 堆_1 放_1 及_1 焚_1 烧_1 所_1 造_1 成_1 的_1 安_1 全_1 隐_1 患_1 ，_1 进_1 一_1 步_1 推_1 动_1 美_1 丽_1 乡_1 村_1 建_1 设_1 。_1 [UNK]_1 祖_1 山_1 镇_1 镇_1 长_1 刘_1 鹏_1 程_1 说_1 ，_1 [UNK]_1 今_1 后_1 ，_1 我_1 们_1 将_1 进_1 一_1 步_1 开_1 拓_1 思_1 路_1 ，_1 积_1 极_1 寻_1 求_1 其_1 他_1 秸_1 秆_1 综_1 合_1 利_1 用_1 途_1 径_1 ，_1 让_1 这_1 个_1 田_1 间_1 垃_1 圾_1 变_1 废_1 为_1 宝_1 ！_1 [UNK]_1 稿_1 件_1 撰_1 写_1 ：_1 张_1 冰_1 洁_1 陈_1 晓_1 月_1 来_1 源_1 ：_1 青_1 龙_1 报_1 道_1 [SEP]_1
2019-10-18 09:41:42,111 Token Sample: [CLS]_0 双_0 节_0 保_0 电_0 丨_0 汉_0 中_0 供_0 电_0 圆_0 满_0 完_0 成_0 保_0 电_0 工_0 作_0 [SEP]_0 中_1 电_1 新_1 闻_1 网_1 讯_1 通_1 讯_1 员_1 杨_1 雨_1 欣_1 报_1 道_1 10_1 月_1 1_1 日_1 至_1 8_1 日_1 国_1 庆_1 、_1 中_1 秋_1 双_1 节_1 期_1 间_1 ，_1 汉_1 中_1 电_1 网_1 运_1 行_1 平_1 稳_1 ，_1 双_1 节_1 期_1 间_1 全_1 网_1 最_1 大_1 负_1 荷_1 108_1 ._1 7_1 万_1 千_1 瓦_1 ，_1 ，_1 最_1 大_1 日_1 供_1 电_1 量_1 221_1 ##9_1 ._1 37_1 万_1 千_1 瓦_1 时_1 ，_1 全_1 市_1 电_1 力_1 供_1 应_1 充_1 足_1 ，_1 公_1 司_1 圆_1 满_1 完_1 成_1 双_1 节_1 保_1 电_1 任_1 务_1 ，_1 确_1 保_1 全_1 市_1 人_1 民_1 度_1 过_1 了_1 一_1 个_1 欢_1 乐_1 、_1 祥_1 和_1 、_1 明_1 亮_1 的_1 十_1 一_1 小_1 长_1 假_1 。_1 该_1 公_1 司_1 高_1 度_1 重_1 视_1 本_1 次_1 保_1 电_1 工_1 作_1 ，_1 将_1 保_1 电_1 工_1 作_1 作_1 为_1 一_1 项_1 重_1 要_1 政_1 治_1 任_1 务_1 ，_1 超_1 前_1 部_1 署_1 ，_1 周_1 密_1 安_1 排_1 ，_1 采_1 取_1 有_1 效_1 措_1 施_1 确_1 保_1 电_1 网_1 安_1 全_1 稳_1 定_1 运_1 行_1 。_1 一_1 是_1 认_1 真_1 落_1 实_1 保_1 电_1 方_1 案_1 要_1 求_1 。_1 严_1 格_1 按_1 照_1 的_1 电_1 网_1 保_1 电_1 方_1 案_1 要_1 求_1 ，_1 开_1 展_1 重_1 载_1 、_1 重_1 点_1 设_1 备_1 巡_1 视_1 检_1 查_1 ，_1 消_1 除_1 影_1 响_1 保_1 电_1 缺_1 陷_1 13_1 处_1 ，_1 调_1 整_1 个_1 别_1 出_1 线_1 定_1 值_1 、_1 局_1 部_1 电_1 网_1 方_1 式_1 。_1 二_1 是_1 强_1 化_1 电_1 网_1 运_1 行_1 管_1 理_1 。_1 优_1 化_1 电_1 网_1 运_1 行_1 方_1 式_1 ，_1 节_1 日_1 期_1 间_1 不_1 安_1 排_1 停_1 电_1 检_1 修_1 工_1 作_1 ，_1 并_1 加_1 强_1 调_1 度_1 、_1 监_1 控_1 值_1 班_1 力_1 量_1 ，_1 [SEP]_1 、_1 新_1 闻_1 单_1 位_1 及_1 人_1 流_1 密_1 集_1 区_1 域_1 配_1 电_1 设_1 施_1 进_1 行_1 重_1 点_1 巡_1 视_1 。_1 据_1 了_1 解_1 ，_1 春_1 节_1 期_1 间_1 该_1 公_1 司_1 全_1 体_1 值_1 班_1 干_1 部_1 员_1 工_1 严_1 阵_1 以_1 待_1 ，_1 及_1 时_1 处_1 理_1 故_1 障_1 ，_1 确_1 保_1 了_1 电_1 网_1 安_1 全_1 和_1 供_1 电_1 可_1 靠_1 ，_1 顺_1 利_1 完_1 成_1 了_1 2017_1 年_1 国_1 庆_1 、_1 中_1 秋_1 双_1 节_1 保_1 电_1 值_1 班_1 任_1 务_1 ，_1 受_1 到_1 了_1 汉_1 中_1 市_1 民_1 的_1 一_1 致_1 好_1 评_1 。_1 责_1 任_1 编_1 辑_1 ：_1 张_1 媛_1 媛_1 投_1 稿_1 邮_1 箱_1 ：_1 网_1 上_1 投_1 稿_1 附_1 件_1 ：_1 【_1 稿_1 件_1 声_1 明_1 】_1 凡_1 来_1 源_1 出_1 自_1 中_1 国_1 电_1 力_1 新_1 闻_1 网_1 的_1 稿_1 件_1 ，_1 版_1 权_1 均_1 归_1 中_1 国_1 电_1 力_1 新_1 闻_1 网_1 所_1 有_1 。_1 如_1 需_1 转_1 载_1 请_1 注_1 明_1 出_1 处_1 ，_1 想_1 了_1 解_1 更_1 多_1 精_1 彩_1 内_1 容_1 ，_1 请_1 登_1 录_1 网_1 站_1 ：_1 http_1 :_1 /_1 /_1 www_1 ._1 cp_1 ##nn_1 ._1 com_1 ._1 cn_1 。_1 [SEP]_1
2019-10-18 09:41:54,700 seed everything and create model
2019-10-18 09:47:19,470 step 500 train loss: 0.6209
2019-10-18 09:47:19,470 step 500 score: 0.7064
2019-10-18 09:52:36,123 step 1000 train loss: 0.4842
2019-10-18 09:52:36,123 step 1000 score: 0.7478
2019-10-18 09:57:52,711 step 1500 train loss: 0.4684
2019-10-18 09:57:52,711 step 1500 score: 0.7069
2019-10-18 10:03:09,279 step 2000 train loss: 0.4396
2019-10-18 10:03:09,280 step 2000 score: 0.7621
2019-10-18 10:08:25,806 step 2500 train loss: 0.4250
2019-10-18 10:08:25,806 step 2500 score: 0.7243
2019-10-18 10:13:42,310 step 3000 train loss: 0.3911
2019-10-18 10:13:42,311 step 3000 score: 0.7634
2019-10-18 10:18:58,831 step 3500 train loss: 0.2501
2019-10-18 10:18:58,831 step 3500 score: 0.7811
2019-10-18 10:24:15,405 step 4000 train loss: 0.2332
2019-10-18 10:24:15,405 step 4000 score: 0.7871
2019-10-18 10:29:31,711 step 4500 train loss: 0.2426
2019-10-18 10:29:31,712 step 4500 score: 0.8008
2019-10-18 10:34:47,737 step 5000 train loss: 0.2224
2019-10-18 10:34:47,738 step 5000 score: 0.7950
2019-10-18 10:34:47,738 best score is 0.8008
