2019-10-25 09:49:14,857 log_in_file: True
2019-10-25 09:49:14,857 lm_path: /home/wangzl/PretrainedLM/BERT/New/chinese_wwm_ext_pytorch
2019-10-25 09:49:14,857 lm_type: bert
2019-10-25 09:49:14,857 data_path: ../data/
2019-10-25 09:49:14,857 usegpu: True
2019-10-25 09:49:14,857 use_origin: False
2019-10-25 09:49:14,857 total_step: 3000
2019-10-25 09:49:14,857 eval_every: 300
2019-10-25 09:49:14,857 early_stop: 4
2019-10-25 09:49:14,857 max_length: 510
2019-10-25 09:49:14,857 max_title_rate: 0.125
2019-10-25 09:49:14,857 content_head_rate: 0.6
2019-10-25 09:49:14,857 batch_size: 8
2019-10-25 09:49:14,857 lr_scheduler_type: linear
2019-10-25 09:49:14,858 input_pattern: head+tail+fixed
2019-10-25 09:49:14,858 clean_method: space+notzh
2019-10-25 09:49:14,858 warmup_rate: 0.1
2019-10-25 09:49:14,858 classifier_dropout: 0.3
2019-10-25 09:49:14,858 classifier_weight_decay: 0.0
2019-10-25 09:49:14,858 cache_final_model: False
2019-10-25 09:49:14,858 seed: 23
2019-10-25 09:49:14,858 lr: 2e-05
2019-10-25 09:49:14,858 lr_decay_in_layers: 0.95
2019-10-25 09:49:14,858 weight_decay: 0.01
2019-10-25 09:49:14,874 padding token is 0
2019-10-25 09:49:38,157 Token Sample: [CLS]_0 大_0 数_0 据_0 时_0 代_0 ，_0 这_0 些_0 专_0 业_0 人_0 才_0 相_0 对_0 吃_0 香_0 !_0 [PAD]_0 [PAD]_0 [PAD]_0 [PAD]_0 [PAD]_0 [PAD]_0 [PAD]_0 [PAD]_0 [PAD]_0 [PAD]_0 [PAD]_0 [PAD]_0 [PAD]_0 [PAD]_0 [PAD]_0 [PAD]_0 [PAD]_0 [PAD]_0 [PAD]_0 [PAD]_0 [PAD]_0 [PAD]_0 [PAD]_0 [PAD]_0 [PAD]_0 [PAD]_0 [PAD]_0 [PAD]_0 [PAD]_0 [PAD]_0 [PAD]_0 [PAD]_0 [PAD]_0 [PAD]_0 [PAD]_0 [PAD]_0 [PAD]_0 [PAD]_0 [PAD]_0 [PAD]_0 [PAD]_0 [PAD]_0 [PAD]_0 [PAD]_0 [PAD]_0 [PAD]_0 [PAD]_0 [SEP]_0 大_1 数_1 据_1 的_1 运_1 用_1 已_1 经_1 渗_1 入_1 到_1 我_1 们_1 生_1 活_1 的_1 方_1 方_1 面_1 面_1 。_1 但_1 是_1 长_1 久_1 以_1 来_1 [UNK]_1 大_1 数_1 据_1 [UNK]_1 一_1 直_1 是_1 以_1 高_1 冷_1 的_1 形_1 象_1 出_1 现_1 在_1 大_1 众_1 面_1 前_1 ，_1 面_1 对_1 大_1 数_1 据_1 ，_1 大_1 多_1 数_1 人_1 都_1 处_1 于_1 懵_1 懂_1 状_1 态_1 。_1 今_1 天_1 小_1 南_1 就_1 来_1 给_1 大_1 家_1 讲_1 一_1 讲_1 ，_1 大_1 数_1 据_1 时_1 代_1 下_1 社_1 会_1 需_1 要_1 什_1 么_1 样_1 的_1 专_1 业_1 人_1 才_1 ，_1 学_1 习_1 大_1 数_1 据_1 又_1 能_1 干_1 什_1 么_1 呢_1 ？_1 一_1 、_1 大_1 数_1 据_1 有_1 什_1 么_1 用_1 了_1 解_1 用_1 户_1 特_1 征_1 通_1 过_1 大_1 数_1 据_1 ，_1 百_1 度_1 掌_1 握_1 你_1 的_1 隐_1 私_1 ，_1 微_1 信_1 知_1 道_1 你_1 的_1 社_1 交_1 圈_1 子_1 ，_1 淘_1 宝_1 了_1 解_1 你_1 的_1 购_1 物_1 习_1 惯_1 ，_1 移_1 动_1 电_1 信_1 联_1 通_1 三_1 大_1 运_1 营_1 商_1 存_1 有_1 你_1 的_1 通_1 话_1 记_1 录_1 和_1 上_1 网_1 记_1 录_1 [UNK]_1 [UNK]_1 给_1 企_1 业_1 和_1 商_1 业_1 带_1 来_1 巨_1 大_1 价_1 值_1 网_1 络_1 浏_1 览_1 历_1 史_1 记_1 录_1 以_1 及_1 使_1 用_1 的_1 应_1 用_1 等_1 数_1 据_1 销_1 售_1 给_1 广_1 告_1 客_1 户_1 。_1 当_1 用_1 户_1 距_1 离_1 商_1 家_1 很_1 近_1 时_1 ，_1 就_1 有_1 可_1 能_1 收_1 到_1 该_1 商_1 家_1 提_1 供_1 的_1 折_1 扣_1 很_1 大_1 的_1 电_1 子_1 优_1 惠_1 券_1 等_1 等_1 。_1 为_1 个_1 人_1 带_1 来_1 [SEP]_1 专_1 修_1 学_1 院_1 概_1 况_1 回_1 复_1 [UNK]_1 2_1 [UNK]_1 可_1 了_1 解_1 [UNK]_1 [UNK]_1 ?_1 北_1 京_1 工_1 商_1 管_1 理_1 专_1 修_1 学_1 院_1 校_1 园_1 文_1 化_1 回_1 复_1 [UNK]_1 3_1 [UNK]_1 可_1 了_1 解_1 [UNK]_1 [UNK]_1 ?_1 就_1 业_1 保_1 障_1 回_1 复_1 [UNK]_1 4_1 [UNK]_1 可_1 了_1 解_1 [UNK]_1 [UNK]_1 ?_1 建_1 筑_1 工_1 程_1 学_1 院_1 回_1 复_1 [UNK]_1 5_1 [UNK]_1 可_1 了_1 解_1 [UNK]_1 [UNK]_1 ?_1 软_1 件_1 工_1 程_1 学_1 院_1 回_1 复_1 [UNK]_1 6_1 [UNK]_1 可_1 了_1 解_1 [UNK]_1 [UNK]_1 ?_1 工_1 商_1 管_1 理_1 学_1 院_1 回_1 复_1 [UNK]_1 7_1 [UNK]_1 可_1 了_1 解_1 [UNK]_1 [UNK]_1 ?_1 电_1 子_1 商_1 务_1 学_1 院_1 回_1 复_1 [UNK]_1 8_1 [UNK]_1 可_1 了_1 解_1 [UNK]_1 [UNK]_1 ?_1 移_1 动_1 通_1 信_1 学_1 院_1 回_1 复_1 [UNK]_1 9_1 [UNK]_1 可_1 了_1 解_1 [UNK]_1 [UNK]_1 ?_1 数_1 字_1 媒_1 体_1 学_1 院_1 回_1 复_1 [UNK]_1 10_1 [UNK]_1 可_1 了_1 解_1 [UNK]_1 [UNK]_1 ?_1 大_1 数_1 据_1 云_1 计_1 算_1 学_1 院_1 加_1 关_1 注_1 了_1 解_1 更_1 多_1 [SEP]_1
2019-10-25 09:49:52,278 Token Sample: [CLS]_0 [UNK]_0 地_0 网_0 [UNK]_0 电_0 动_0 车_0 防_0 盗_0 神_0 器_0 柳_0 城_0 警_0 方_0 仅_0 用_0 半_0 小_0 时_0 追_0 回_0 被_0 盗_0 电_0 动_0 车_0 [PAD]_0 [PAD]_0 [PAD]_0 [PAD]_0 [PAD]_0 [PAD]_0 [PAD]_0 [PAD]_0 [PAD]_0 [PAD]_0 [PAD]_0 [PAD]_0 [PAD]_0 [PAD]_0 [PAD]_0 [PAD]_0 [PAD]_0 [PAD]_0 [PAD]_0 [PAD]_0 [PAD]_0 [PAD]_0 [PAD]_0 [PAD]_0 [PAD]_0 [PAD]_0 [PAD]_0 [PAD]_0 [PAD]_0 [PAD]_0 [PAD]_0 [PAD]_0 [PAD]_0 [PAD]_0 [PAD]_0 [PAD]_0 [PAD]_0 [SEP]_0 如_1 今_1 电_1 动_1 车_1 队_1 伍_1 是_1 越_1 来_1 越_1 庞_1 大_1 电_1 动_1 车_1 盗_1 窃_1 案_1 时_1 有_1 发_1 生_1 如_1 何_1 加_1 强_1 电_1 动_1 车_1 防_1 盗_1 工_1 作_1 呢_1 2017_1 年_1 4_1 月_1 柳_1 州_1 市_1 全_1 面_1 铺_1 开_1 [UNK]_1 车_1 安_1 网_1 [UNK]_1 两_1 轮_1 电_1 动_1 车_1 防_1 盗_1 备_1 案_1 登_1 记_1 工_1 作_1 柳_1 城_1 警_1 方_1 利_1 用_1 物_1 联_1 网_1 技_1 术_1 启_1 动_1 [UNK]_1 地_1 网_1 [UNK]_1 电_1 动_1 车_1 防_1 盗_1 系_1 统_1 竭_1 力_1 为_1 群_1 众_1 追_1 回_1 被_1 盗_1 电_1 动_1 车_1 挽_1 回_1 群_1 众_1 损_1 失_1 6_1 月_1 11_1 日_1 上_1 午_1 10_1 时_1 许_1 ，_1 柳_1 城_1 县_1 公_1 安_1 局_1 交_1 巡_1 警_1 大_1 队_1 民_1 警_1 接_1 到_1 事_1 主_1 覃_1 某_1 报_1 警_1 称_1 ，_1 停_1 放_1 在_1 家_1 门_1 口_1 的_1 电_1 动_1 车_1 被_1 盗_1 了_1 。_1 sd_1 ##f_1 ##d_1 民_1 警_1 询_1 问_1 车_1 主_1 了_1 解_1 到_1 ，_1 其_1 电_1 动_1 车_1 安_1 装_1 了_1 [UNK]_1 地_1 网_1 [UNK]_1 防_1 盗_1 装_1 置_1 和_1 手_1 机_1 移_1 动_1 定_1 位_1 器_1 ，_1 目_1 前_1 定_1 位_1 器_1 显_1 示_1 的_1 位_1 置_1 在_1 大_1 埔_1 镇_1 木_1 桐_1 村_1 某_1 屯_1 。_1 sd_1 ##f_1 ##d_1 民_1 警_1 根_1 据_1 这_1 条_1 线_1 索_1 ，_1 迅_1 速_1 组_1 织_1 警_1 力_1 查_1 找_1 。_1 案_1 发_1 半_1 个_1 小_1 时_1 后_1 ，_1 民_1 警_1 在_1 该_1 屯_1 一_1 民_1 房_1 前_1 发_1 现_1 了_1 事_1 主_1 覃_1 某_1 被_1 盗_1 电_1 动_1 车_1 ，_1 并_1 将_1 盗_1 车_1 嫌_1 疑_1 人_1 [SEP]_1 踪_1 车_1 辆_1 轨_1 迹_1 ，_1 及_1 时_1 向_1 公_1 安_1 机_1 关_1 报_1 案_1 ，_1 并_1 协_1 助_1 公_1 安_1 机_1 关_1 迅_1 速_1 破_1 案_1 ，_1 为_1 您_1 及_1 时_1 追_1 回_1 爱_1 车_1 ，_1 挽_1 回_1 损_1 失_1 提_1 供_1 了_1 有_1 力_1 的_1 保_1 障_1 。_1 如_1 果_1 您_1 觉_1 得_1 柳_1 城_1 公_1 安_1 民_1 警_1 的_1 辛_1 勤_1 付_1 出_1 值_1 得_1 肯_1 定_1 。_1 敬_1 请_1 大_1 家_1 在_1 接_1 到_1 自_1 治_1 区_1 民_1 调_1 中_1 心_1 电_1 话_1 对_1 柳_1 城_1 社_1 会_1 安_1 全_1 感_1 和_1 满_1 意_1 度_1 随_1 机_1 调_1 查_1 时_1 ，_1 请_1 耐_1 心_1 回_1 答_1 每_1 一_1 个_1 问_1 题_1 ，_1 给_1 予_1 民_1 警_1 们_1 公_1 正_1 的_1 评_1 价_1 ，_1 您_1 的_1 积_1 极_1 配_1 合_1 与_1 肯_1 定_1 是_1 对_1 我_1 们_1 最_1 好_1 的_1 认_1 可_1 ，_1 谢_1 谢_1 ！_1 柳_1 城_1 警_1 方_1 扫_1 描_1 二_1 维_1 码_1 关_1 注_1 我_1 们_1 搭_1 建_1 警_1 民_1 桥_1 梁_1 共_1 建_1 和_1 谐_1 柳_1 城_1 [SEP]_1
2019-10-25 09:50:23,039 Token Sample: [CLS]_0 吓_0 死_0 人_0 [UNK]_0 [UNK]_0 行_0 车_0 过_0 程_0 中_0 争_0 抢_0 公_0 交_0 车_0 方_0 向_0 盘_0 ，_0 新_0 余_0 这_0 名_0 男_0 子_0 太_0 大_0 胆_0 [PAD]_0 [PAD]_0 [PAD]_0 [PAD]_0 [PAD]_0 [PAD]_0 [PAD]_0 [PAD]_0 [PAD]_0 [PAD]_0 [PAD]_0 [PAD]_0 [PAD]_0 [PAD]_0 [PAD]_0 [PAD]_0 [PAD]_0 [PAD]_0 [PAD]_0 [PAD]_0 [PAD]_0 [PAD]_0 [PAD]_0 [PAD]_0 [PAD]_0 [PAD]_0 [PAD]_0 [PAD]_0 [PAD]_0 [PAD]_0 [PAD]_0 [PAD]_0 [PAD]_0 [PAD]_0 [PAD]_0 [PAD]_0 [SEP]_0 关_1 注_1 民_1 生_1 事_1 传_1 递_1 正_1 能_1 量_1 新_1 余_1 本_1 地_1 最_1 有_1 影_1 响_1 力_1 的_1 微_1 信_1 公_1 众_1 平_1 台_1 日_1 前_1 ，_1 新_1 余_1 市_1 渝_1 水_1 区_1 人_1 民_1 法_1 院_1 审_1 理_1 了_1 一_1 起_1 以_1 危_1 险_1 方_1 法_1 危_1 害_1 公_1 共_1 安_1 全_1 案_1 ，_1 被_1 告_1 人_1 邓_1 某_1 被_1 判_1 处_1 有_1 期_1 徒_1 刑_1 六_1 个_1 月_1 。_1 经_1 审_1 理_1 查_1 明_1 ：_1 2018_1 年_1 11_1 月_1 2_1 日_1 11_1 时_1 22_1 分_1 许_1 ，_1 被_1 告_1 人_1 邓_1 某_1 乘_1 坐_1 新_1 余_1 市_1 公_1 共_1 交_1 通_1 有_1 限_1 公_1 司_1 由_1 司_1 机_1 李_1 小_1 英_1 驾_1 驶_1 的_1 车_1 牌_1 号_1 为_1 赣_1 k_1 ##57_1 ##61_1 ##5_1 的_1 103_1 路_1 公_1 交_1 车_1 ，_1 当_1 车_1 辆_1 行_1 驶_1 至_1 白_1 竹_1 路_1 天_1 工_1 颐_1 园_1 小_1 区_1 附_1 近_1 时_1 ，_1 由_1 于_1 该_1 路_1 段_1 道_1 路_1 正_1 在_1 维_1 修_1 ，_1 公_1 交_1 车_1 无_1 法_1 在_1 原_1 设_1 定_1 站_1 点_1 停_1 车_1 而_1 继_1 续_1 行_1 驶_1 。_1 被_1 告_1 人_1 邓_1 某_1 以_1 要_1 下_1 车_1 为_1 由_1 ，_1 要_1 求_1 公_1 交_1 车_1 司_1 机_1 停_1 车_1 。_1 公_1 交_1 车_1 司_1 机_1 向_1 被_1 告_1 人_1 邓_1 某_1 解_1 释_1 不_1 能_1 停_1 车_1 的_1 原_1 因_1 时_1 ，_1 被_1 告_1 人_1 邓_1 某_1 不_1 听_1 其_1 解_1 释_1 ，_1 为_1 使_1 车_1 辆_1 停_1 下_1 而_1 先_1 后_1 两_1 次_1 拽_1 拉_1 车_1 辆_1 方_1 向_1 盘_1 ，_1 强_1 要_1 司_1 机_1 停_1 车_1 。_1 为_1 确_1 保_1 [SEP]_1 。_1 小_1 编_1 想_1 说_1 所_1 幸_1 的_1 是_1 在_1 争_1 抢_1 方_1 向_1 盘_1 的_1 过_1 程_1 中_1 没_1 有_1 导_1 致_1 公_1 交_1 车_1 失_1 控_1 ，_1 否_1 则_1 车_1 上_1 人_1 员_1 的_1 人_1 身_1 安_1 全_1 就_1 真_1 的_1 难_1 以_1 保_1 障_1 了_1 。_1 小_1 编_1 也_1 在_1 此_1 提_1 醒_1 广_1 大_1 的_1 读_1 者_1 朋_1 友_1 们_1 ，_1 如_1 果_1 以_1 后_1 生_1 活_1 中_1 碰_1 到_1 类_1 似_1 的_1 事_1 情_1 一_1 定_1 要_1 冷_1 静_1 处_1 理_1 ，_1 不_1 要_1 像_1 新_1 闻_1 中_1 的_1 邓_1 某_1 一_1 样_1 ，_1 冲_1 动_1 是_1 魔_1 鬼_1 啊_1 ！_1 end_1 新_1 闻_1 来_1 源_1 ：_1 中_1 国_1 法_1 院_1 网_1 ▍_1 综_1 合_1 编_1 辑_1 ：_1 微_1 聚_1 新_1 余_1 每_1 天_1 推_1 送_1 新_1 余_1 本_1 土_1 资_1 讯_1 ，_1 潮_1 流_1 趣_1 事_1 ，_1 吃_1 喝_1 玩_1 乐_1 ，_1 等_1 诸_1 多_1 优_1 质_1 内_1 容_1 ，_1 新_1 余_1 最_1 接_1 地_1 气_1 、_1 重_1 服_1 务_1 的_1 本_1 地_1 微_1 信_1 平_1 台_1 ！_1 [SEP]_1
2019-10-25 09:50:41,873 Token Sample: [CLS]_0 华_0 州_0 交_0 警_0 各_0 中_0 队_0 掀_0 起_0 平_0 安_0 创_0 建_0 宣_0 传_0 活_0 动_0 热_0 潮_0 __0 渭_0 南_0 频_0 道_0 __0 新_0 浪_0 陕_0 西_0 __0 新_0 浪_0 网_0 [PAD]_0 [PAD]_0 [PAD]_0 [PAD]_0 [PAD]_0 [PAD]_0 [PAD]_0 [PAD]_0 [PAD]_0 [PAD]_0 [PAD]_0 [PAD]_0 [PAD]_0 [PAD]_0 [PAD]_0 [PAD]_0 [PAD]_0 [PAD]_0 [PAD]_0 [PAD]_0 [PAD]_0 [PAD]_0 [PAD]_0 [PAD]_0 [PAD]_0 [PAD]_0 [PAD]_0 [PAD]_0 [PAD]_0 [PAD]_0 [PAD]_0 [SEP]_0 11_1 月_1 13_1 日_1 上_1 午_1 ，_1 杏_1 林_1 中_1 队_1 组_1 织_1 民_1 警_1 深_1 入_1 龙_1 潭_1 行_1 政_1 村_1 ，_1 开_1 展_1 道_1 路_1 交_1 通_1 安_1 全_1 知_1 识_1 宣_1 传_1 活_1 动_1 。_1 民_1 警_1 利_1 用_1 村_1 委_1 会_1 的_1 高_1 音_1 喇_1 叭_1 把_1 《_1 致_1 广_1 大_1 农_1 用_1 车_1 主_1 、_1 驾_1 驶_1 员_1 的_1 一_1 封_1 信_1 》_1 有_1 关_1 内_1 容_1 向_1 村_1 民_1 进_1 行_1 解_1 读_1 ，_1 并_1 走_1 村_1 访_1 户_1 向_1 群_1 众_1 发_1 放_1 手_1 机_1 挂_1 机_1 、_1 交_1 通_1 安_1 全_1 宣_1 传_1 画_1 等_1 宣_1 传_1 资_1 料_1 ，_1 收_1 到_1 良_1 好_1 效_1 果_1 。_1 为_1 切_1 实_1 加_1 强_1 冬_1 季_1 农_1 村_1 交_1 通_1 安_1 全_1 宣_1 传_1 教_1 育_1 工_1 作_1 ，_1 11_1 月_1 13_1 日_1 ，_1 柳_1 枝_1 中_1 队_1 民_1 警_1 深_1 入_1 辖_1 区_1 柳_1 枝_1 镇_1 利_1 用_1 集_1 会_1 开_1 展_1 [UNK]_1 文_1 明_1 交_1 通_1 安_1 全_1 出_1 行_1 宣_1 传_1 平_1 安_1 建_1 设_1 宣_1 传_1 [UNK]_1 ，_1 集_1 会_1 上_1 人_1 流_1 攒_1 动_1 ，_1 正_1 是_1 宣_1 传_1 的_1 好_1 时_1 机_1 。_1 民_1 警_1 结_1 合_1 农_1 村_1 实_1 际_1 与_1 农_1 民_1 朋_1 友_1 交_1 通_1 安_1 全_1 意_1 识_1 相_1 对_1 薄_1 弱_1 等_1 情_1 况_1 ，_1 走_1 进_1 农_1 村_1 集_1 会_1 ，_1 通_1 过_1 发_1 放_1 交_1 通_1 安_1 全_1 宣_1 传_1 画_1 、_1 宣_1 讲_1 道_1 路_1 交_1 通_1 安_1 全_1 法_1 等_1 方_1 式_1 向_1 村_1 民_1 朋_1 友_1 讲_1 解_1 交_1 通_1 安_1 全_1 知_1 识_1 ，_1 并_1 [SEP]_1 引_1 导_1 广_1 大_1 市_1 民_1 自_1 觉_1 遵_1 守_1 交_1 通_1 法_1 规_1 ，_1 并_1 要_1 求_1 他_1 们_1 把_1 所_1 学_1 到_1 的_1 交_1 通_1 安_1 全_1 知_1 识_1 告_1 诉_1 身_1 边_1 的_1 亲_1 戚_1 朋_1 友_1 ，_1 共_1 同_1 遵_1 守_1 交_1 通_1 法_1 规_1 ，_1 共_1 创_1 平_1 安_1 和_1 谐_1 的_1 道_1 路_1 交_1 通_1 环_1 境_1 。_1 违_1 法_1 处_1 理_1 站_1 民_1 警_1 利_1 用_1 群_1 众_1 来_1 大_1 厅_1 办_1 事_1 的_1 高_1 峰_1 期_1 ，_1 民_1 警_1 在_1 大_1 厅_1 对_1 办_1 事_1 来_1 的_1 群_1 众_1 发_1 放_1 手_1 机_1 挂_1 件_1 及_1 交_1 通_1 安_1 全_1 宣_1 传_1 画_1 ，_1 并_1 向_1 群_1 众_1 进_1 行_1 交_1 通_1 安_1 全_1 宣_1 传_1 ，_1 解_1 答_1 群_1 众_1 咨_1 询_1 ，_1 并_1 且_1 引_1 导_1 群_1 众_1 对_1 手_1 机_1 挂_1 件_1 二_1 维_1 码_1 进_1 行_1 扫_1 一_1 扫_1 ，_1 关_1 注_1 华_1 州_1 交_1 警_1 公_1 众_1 号_1 第_1 一_1 时_1 间_1 了_1 解_1 华_1 州_1 交_1 警_1 动_1 态_1 。_1 [SEP]_1
2019-10-25 09:50:50,361 seed everything and create model
2019-10-25 09:53:42,098 step 300 train loss: 0.5346
2019-10-25 09:53:42,098 step 300 score: 0.7563
2019-10-25 09:56:28,993 step 600 train loss: 0.3994
2019-10-25 09:56:28,993 step 600 score: 0.7771
2019-10-25 09:59:15,912 step 900 train loss: 0.3458
2019-10-25 09:59:15,912 step 900 score: 0.7603
2019-10-25 10:02:02,824 step 1200 train loss: 0.2872
2019-10-25 10:02:02,824 step 1200 score: 0.7745
2019-10-25 10:04:49,731 step 1500 train loss: 0.2780
2019-10-25 10:04:49,731 step 1500 score: 0.7891
2019-10-25 10:07:36,651 step 1800 train loss: 0.2012
2019-10-25 10:07:36,652 step 1800 score: 0.7790
2019-10-25 10:10:23,566 step 2100 train loss: 0.2111
2019-10-25 10:10:23,566 step 2100 score: 0.7785
2019-10-25 10:13:10,486 step 2400 train loss: 0.1810
2019-10-25 10:13:10,486 step 2400 score: 0.7864
2019-10-25 10:15:57,395 step 2700 train loss: 0.1341
2019-10-25 10:15:57,395 step 2700 score: 0.7757
2019-10-25 10:18:44,295 step 3000 train loss: 0.1442
2019-10-25 10:18:44,295 step 3000 score: 0.7799
2019-10-25 10:18:44,296 best score is 0.7891
