2019-10-26 11:49:43,611 log_in_file: True
2019-10-26 11:49:43,612 lm_path: /home/wangzl/PretrainedLM/BERT/New/chinese_wwm_ext_pytorch
2019-10-26 11:49:43,612 lm_type: bert
2019-10-26 11:49:43,612 data_path: ../data/
2019-10-26 11:49:43,612 usegpu: True
2019-10-26 11:49:43,612 total_step: 1500
2019-10-26 11:49:43,612 eval_every: 150
2019-10-26 11:49:43,612 early_stop: 4
2019-10-26 11:49:43,612 max_length: 360
2019-10-26 11:49:43,612 max_title_rate: 0.125
2019-10-26 11:49:43,612 content_head_rate: 0.6
2019-10-26 11:49:43,612 batch_size: 16
2019-10-26 11:49:43,612 lr_scheduler_type: linear
2019-10-26 11:49:43,612 input_pattern: head+tail+fixed
2019-10-26 11:49:43,612 clean_method: space+notzh
2019-10-26 11:49:43,612 warmup_rate: 0.1
2019-10-26 11:49:43,612 classifier_dropout: 0.3
2019-10-26 11:49:43,612 classifier_active: tanh
2019-10-26 11:49:43,612 cache_final_model: False
2019-10-26 11:49:43,612 seed: 23
2019-10-26 11:49:43,612 lr: 2e-05
2019-10-26 11:49:43,612 lr_decay_in_layers: 0.95
2019-10-26 11:49:43,612 wd_decay_in_layers: 1.2
2019-10-26 11:49:43,612 weight_decay: 0.001
2019-10-26 11:49:43,629 padding token is 0
2019-10-26 11:50:03,853 Token Sample: [CLS]_0 老_0 婆_0 偷_0 偷_0 给_0 她_0 妈_0 买_0 了_0 一_0 个_0 手_0 机_0 -_0 凤_0 凰_0 网_0 视_0 频_0 -_0 最_0 具_0 媒_0 体_0 品_0 质_0 的_0 综_0 合_0 视_0 频_0 ._0 ._0 ._0 [PAD]_0 [PAD]_0 [PAD]_0 [PAD]_0 [PAD]_0 [PAD]_0 [PAD]_0 [PAD]_0 [PAD]_0 [PAD]_0 [PAD]_0 [SEP]_0 视_1 频_1 :_1 老_1 婆_1 偷_1 偷_1 给_1 她_1 妈_1 买_1 了_1 一_1 个_1 手_1 机_1 影_1 视_1 &_1 gt_1 微_1 电_1 影_1 [PAD]_1 [PAD]_1 [PAD]_1 [PAD]_1 [PAD]_1 [PAD]_1 [PAD]_1 [PAD]_1 [PAD]_1 [PAD]_1 [PAD]_1 [PAD]_1 [PAD]_1 [PAD]_1 [PAD]_1 [PAD]_1 [PAD]_1 [PAD]_1 [PAD]_1 [PAD]_1 [PAD]_1 [PAD]_1 [PAD]_1 [PAD]_1 [PAD]_1 [PAD]_1 [PAD]_1 [PAD]_1 [PAD]_1 [PAD]_1 [PAD]_1 [PAD]_1 [PAD]_1 [PAD]_1 [PAD]_1 [PAD]_1 [PAD]_1 [PAD]_1 [PAD]_1 [PAD]_1 [PAD]_1 [PAD]_1 [PAD]_1 [PAD]_1 [PAD]_1 [PAD]_1 [PAD]_1 [PAD]_1 [PAD]_1 [PAD]_1 [PAD]_1 [PAD]_1 [PAD]_1 [PAD]_1 [PAD]_1 [PAD]_1 [PAD]_1 [PAD]_1 [PAD]_1 [PAD]_1 [PAD]_1 [PAD]_1 [PAD]_1 [PAD]_1 [PAD]_1 [PAD]_1 [PAD]_1 [PAD]_1 [PAD]_1 [PAD]_1 [PAD]_1 [PAD]_1 [PAD]_1 [PAD]_1 [PAD]_1 [PAD]_1 [PAD]_1 [PAD]_1 [PAD]_1 [PAD]_1 [PAD]_1 [PAD]_1 [PAD]_1 [PAD]_1 [PAD]_1 [PAD]_1 [PAD]_1 [PAD]_1 [PAD]_1 [PAD]_1 [PAD]_1 [PAD]_1 [PAD]_1 [PAD]_1 [PAD]_1 [PAD]_1 [PAD]_1 [PAD]_1 [PAD]_1 [PAD]_1 [PAD]_1 [PAD]_1 [PAD]_1 [PAD]_1 [PAD]_1 [PAD]_1 [PAD]_1 [PAD]_1 [PAD]_1 [PAD]_1 [PAD]_1 [PAD]_1 [PAD]_1 [PAD]_1 [PAD]_1 [PAD]_1 [PAD]_1 [PAD]_1 [PAD]_1 [PAD]_1 [PAD]_1 [PAD]_1 [PAD]_1 [PAD]_1 [PAD]_1 [PAD]_1 [PAD]_1 [PAD]_1 [PAD]_1 [PAD]_1 [PAD]_1 [PAD]_1 [PAD]_1 [PAD]_1 [PAD]_1 [PAD]_1 [PAD]_1 [PAD]_1 [PAD]_1 [PAD]_1 [PAD]_1 [PAD]_1 [PAD]_1 [PAD]_1 [PAD]_1 [PAD]_1 [PAD]_1 [PAD]_1 [PAD]_1 [PAD]_1 [PAD]_1 [PAD]_1 [PAD]_1 [PAD]_1 [PAD]_1 [PAD]_1 [PAD]_1 [PAD]_1 [PAD]_1 [PAD]_1 [PAD]_1 [PAD]_1 [PAD]_1 [PAD]_1 [PAD]_1 [PAD]_1 [SEP]_1 [PAD]_1 [PAD]_1 [PAD]_1 [PAD]_1 [PAD]_1 [PAD]_1 [PAD]_1 [PAD]_1 [PAD]_1 [PAD]_1 [PAD]_1 [PAD]_1 [PAD]_1 [PAD]_1 [PAD]_1 [PAD]_1 [PAD]_1 [PAD]_1 [PAD]_1 [PAD]_1 [PAD]_1 [PAD]_1 [PAD]_1 [PAD]_1 [PAD]_1 [PAD]_1 [PAD]_1 [PAD]_1 [PAD]_1 [PAD]_1 [PAD]_1 [PAD]_1 [PAD]_1 [PAD]_1 [PAD]_1 [PAD]_1 [PAD]_1 [PAD]_1 [PAD]_1 [PAD]_1 [PAD]_1 [PAD]_1 [PAD]_1 [PAD]_1 [PAD]_1 [PAD]_1 [PAD]_1 [PAD]_1 [PAD]_1 [PAD]_1 [PAD]_1 [PAD]_1 [PAD]_1 [PAD]_1 [PAD]_1 [PAD]_1 [PAD]_1 [PAD]_1 [PAD]_1 [PAD]_1 [PAD]_1 [PAD]_1 [PAD]_1 [PAD]_1 [PAD]_1 [PAD]_1 [PAD]_1 [PAD]_1 [PAD]_1 [PAD]_1 [PAD]_1 [PAD]_1 [PAD]_1 [PAD]_1 [PAD]_1 [PAD]_1 [PAD]_1 [PAD]_1 [PAD]_1 [PAD]_1 [PAD]_1 [PAD]_1 [PAD]_1 [PAD]_1 [PAD]_1 [PAD]_1 [PAD]_1 [PAD]_1 [PAD]_1 [PAD]_1 [PAD]_1 [PAD]_1 [PAD]_1 [PAD]_1 [PAD]_1 [PAD]_1 [PAD]_1 [PAD]_1 [PAD]_1 视_1 频_1 :_1 老_1 婆_1 偷_1 偷_1 给_1 她_1 妈_1 买_1 了_1 一_1 个_1 手_1 机_1 影_1 视_1 &_1 gt_1 微_1 电_1 影_1 [SEP]_1
2019-10-26 11:50:16,037 Token Sample: [CLS]_0 白_0 天_0 占_0 道_0 、_0 夜_0 晚_0 噪_0 音_0 ，_0 沙_0 河_0 各_0 处_0 的_0 渣_0 土_0 车_0 扰_0 民_0 何_0 时_0 休_0 ？_0 __0 巩_0 华_0 城_0 [PAD]_0 [PAD]_0 [PAD]_0 [PAD]_0 [PAD]_0 [PAD]_0 [PAD]_0 [PAD]_0 [PAD]_0 [PAD]_0 [PAD]_0 [PAD]_0 [PAD]_0 [PAD]_0 [PAD]_0 [PAD]_0 [PAD]_0 [SEP]_0 原_1 标_1 题_1 ：_1 白_1 天_1 占_1 道_1 、_1 夜_1 晚_1 噪_1 音_1 ，_1 沙_1 河_1 各_1 处_1 的_1 渣_1 土_1 车_1 扰_1 民_1 何_1 时_1 休_1 ？_1 大_1 货_1 车_1 运_1 输_1 渣_1 土_1 ，_1 尘_1 土_1 飞_1 扬_1 不_1 说_1 ，_1 还_1 存_1 在_1 严_1 重_1 的_1 安_1 全_1 隐_1 患_1 。_1 而_1 且_1 车_1 辆_1 产_1 生_1 巨_1 大_1 的_1 马_1 达_1 轰_1 鸣_1 声_1 ，_1 夜_1 晚_1 噪_1 音_1 不_1 断_1 ！_1 面_1 对_1 如_1 此_1 的_1 扰_1 民_1 行_1 为_1 ，_1 巩_1 华_1 城_1 周_1 边_1 居_1 民_1 们_1 纷_1 纷_1 给_1 向_1 小_1 编_1 求_1 助_1 诉_1 苦_1 ！_1 白_1 天_1 占_1 道_1 [UNK]_1 居_1 民_1 反_1 映_1 ：_1 近_1 期_1 巩_1 华_1 城_1 多_1 处_1 都_1 存_1 在_1 拉_1 渣_1 土_1 的_1 大_1 货_1 车_1 占_1 道_1 停_1 车_1 的_1 现_1 象_1 。_1 本_1 来_1 就_1 不_1 算_1 宽_1 阔_1 的_1 路_1 面_1 ，_1 大_1 货_1 车_1 占_1 据_1 了_1 一_1 半_1 。_1 给_1 往_1 来_1 行_1 人_1 和_1 车_1 辆_1 带_1 来_1 不_1 便_1 ！_1 今_1 天_1 早_1 上_1 八_1 点_1 左_1 右_1 ，_1 沙_1 河_1 展_1 思_1 门_1 路_1 近_1 [SEP]_1 污_1 染_1 ，_1 交_1 通_1 拥_1 堵_1 ，_1 噪_1 音_1 污_1 染_1 [UNK]_1 [UNK]_1 渣_1 土_1 车_1 扰_1 民_1 何_1 时_1 休_1 ？_1 呼_1 吁_1 可_1 以_1 最_1 大_1 限_1 度_1 地_1 优_1 化_1 渣_1 土_1 运_1 输_1 线_1 路_1 ，_1 尽_1 可_1 能_1 地_1 避_1 开_1 居_1 民_1 区_1 周_1 边_1 道_1 路_1 ，_1 并_1 要_1 求_1 渣_1 土_1 车_1 辆_1 在_1 运_1 输_1 途_1 中_1 ，_1 减_1 速_1 慢_1 行_1 ，_1 以_1 降_1 低_1 噪_1 音_1 。_1 返_1 回_1 搜_1 狐_1 ，_1 查_1 看_1 更_1 多_1 沙_1 河_1 sh_1 ##ah_1 ##el_1 ##y_1 ##q_1 回_1 龙_1 观_1 西_1 三_1 旗_1 昌_1 平_1 ch_1 ##pl_1 ##y_1 ##q_1 望_1 京_1 东_1 坝_1 don_1 ##gb_1 ##a1_1 ##00_1 通_1 州_1 责_1 任_1 编_1 辑_1 ：_1 [SEP]_1
2019-10-26 11:50:28,765 Token Sample: [CLS]_0 雨_0 花_0 区_0 自_0 编_0 自_0 演_0 的_0 微_0 电_0 影_0 《_0 越_0 了_0 解_0 越_0 理_0 解_0 之_0 明_0 天_0 》_0 新_0 鲜_0 出_0 炉_0 [PAD]_0 [PAD]_0 [PAD]_0 [PAD]_0 [PAD]_0 [PAD]_0 [PAD]_0 [PAD]_0 [PAD]_0 [PAD]_0 [PAD]_0 [PAD]_0 [PAD]_0 [PAD]_0 [PAD]_0 [PAD]_0 [PAD]_0 [PAD]_0 [PAD]_0 [SEP]_0 观_1 看_1 地_1 址_1 龙_1 虎_1 网_1 讯_1 （_1 通_1 讯_1 员_1 刘_1 春_1 勇_1 记_1 者_1 周_1 贤_1 ）_1 父_1 母_1 因_1 生_1 活_1 困_1 难_1 占_1 道_1 经_1 营_1 谋_1 生_1 ，_1 为_1 抗_1 拒_1 城_1 管_1 执_1 法_1 ，_1 将_1 女_1 儿_1 丢_1 给_1 城_1 管_1 队_1 员_1 后_1 愤_1 然_1 离_1 去_1 。_1 惊_1 恐_1 、_1 无_1 助_1 的_1 小_1 女_1 孩_1 将_1 何_1 去_1 何_1 从_1 ？_1 城_1 管_1 队_1 员_1 又_1 将_1 如_1 何_1 面_1 对_1 ？_1 或_1 许_1 ，_1 我_1 们_1 可_1 以_1 在_1 南_1 京_1 市_1 雨_1 花_1 台_1 区_1 城_1 管_1 执_1 法_1 大_1 队_1 自_1 编_1 自_1 演_1 的_1 微_1 电_1 影_1 [UNK]_1 [UNK]_1 《_1 越_1 了_1 解_1 越_1 理_1 解_1 之_1 明_1 天_1 》_1 （_1 此_1 处_1 超_1 链_1 接_1 中_1 找_1 到_1 故_1 事_1 的_1 答_1 案_1 。_1 据_1 了_1 解_1 ，_1 [UNK]_1 越_1 了_1 解_1 ，_1 越_1 理_1 解_1 [UNK]_1 系_1 列_1 微_1 电_1 影_1 ，_1 是_1 南_1 京_1 市_1 雨_1 花_1 台_1 区_1 城_1 管_1 执_1 法_1 大_1 队_1 的_1 文_1 化_1 特_1 色_1 ，_1 他_1 们_1 以_1 执_1 法_1 过_1 程_1 中_1 的_1 真_1 [SEP]_1 为_1 的_1 红_1 线_1 ，_1 脱_1 下_1 制_1 服_1 ，_1 温_1 暖_1 是_1 初_1 心_1 的_1 践_1 行_1 [UNK]_1 。_1 影_1 片_1 通_1 过_1 被_1 管_1 理_1 人_1 员_1 对_1 城_1 管_1 执_1 法_1 队_1 员_1 从_1 不_1 理_1 解_1 到_1 理_1 解_1 ，_1 再_1 到_1 感_1 谢_1 的_1 转_1 变_1 ，_1 充_1 分_1 展_1 现_1 了_1 城_1 管_1 执_1 法_1 队_1 员_1 规_1 范_1 严_1 格_1 执_1 法_1 、_1 心_1 系_1 困_1 难_1 群_1 众_1 、_1 践_1 行_1 为_1 民_1 宗_1 旨_1 的_1 良_1 好_1 形_1 象_1 ，_1 也_1 致_1 力_1 于_1 营_1 造_1 了_1 [UNK]_1 群_1 众_1 理_1 解_1 、_1 社_1 会_1 支_1 持_1 ，_1 人_1 人_1 参_1 与_1 城_1 市_1 管_1 理_1 [UNK]_1 的_1 工_1 作_1 氛_1 围_1 。_1 [SEP]_1
2019-10-26 11:50:44,437 Token Sample: [CLS]_0 这_0 个_0 五_0 一_0 大_0 西_0 安_0 火_0 爆_0 全_0 球_0 我_0 们_0 要_0 向_0 他_0 们_0 致_0 敬_0 [PAD]_0 [PAD]_0 [PAD]_0 [PAD]_0 [PAD]_0 [PAD]_0 [PAD]_0 [PAD]_0 [PAD]_0 [PAD]_0 [PAD]_0 [PAD]_0 [PAD]_0 [PAD]_0 [PAD]_0 [PAD]_0 [PAD]_0 [PAD]_0 [PAD]_0 [PAD]_0 [PAD]_0 [PAD]_0 [PAD]_0 [PAD]_0 [PAD]_0 [PAD]_0 [SEP]_0 最_1 近_1 的_1 大_1 西_1 安_1 可_1 以_1 用_1 火_1 爆_1 来_1 形_1 容_1 大_1 雁_1 塔_1 光_1 影_1 秀_1 西_1 安_1 城_1 墙_1 ·_1 千_1 架_1 无_1 人_1 机_1 ·_1 光_1 影_1 盛_1 典_1 ._1 ._1 ._1 ._1 继_1 [UNK]_1 西_1 安_1 年_1 ·_1 最_1 中_1 国_1 [UNK]_1 之_1 后_1 展_1 示_1 美_1 丽_1 西_1 安_1 新_1 形_1 象_1 的_1 又_1 一_1 重_1 磅_1 活_1 动_1 [UNK]_1 春_1 满_1 中_1 国_1 ·_1 醉_1 西_1 安_1 [UNK]_1 正_1 渐_1 入_1 佳_1 境_1 世_1 界_1 很_1 大_1 劳_1 动_1 者_1 很_1 美_1 当_1 你_1 在_1 感_1 受_1 火_1 爆_1 西_1 安_1 的_1 同_1 时_1 你_1 的_1 身_1 边_1 还_1 藏_1 着_1 许_1 多_1 深_1 沉_1 的_1 美_1 丽_1 他_1 们_1 平_1 凡_1 而_1 又_1 伟_1 大_1 依_1 然_1 坚_1 守_1 在_1 工_1 作_1 岗_1 位_1 的_1 他_1 们_1 是_1 这_1 个_1 假_1 期_1 最_1 美_1 的_1 风_1 景_1 让_1 我_1 们_1 向_1 默_1 默_1 无_1 闻_1 的_1 劳_1 动_1 者_1 们_1 致_1 以_1 深_1 深_1 的_1 敬_1 意_1 ！_1 正_1 是_1 由_1 于_1 无_1 数_1 的_1 劳_1 动_1 者_1 在_1 不_1 同_1 岗_1 位_1 上_1 的_1 默_1 默_1 奉_1 献_1 [SEP]_1 市_1 形_1 象_1 焕_1 然_1 一_1 新_1 大_1 西_1 安_1 正_1 变_1 得_1 越_1 来_1 越_1 好_1 而_1 这_1 些_1 成_1 绩_1 的_1 背_1 后_1 离_1 不_1 开_1 每_1 一_1 位_1 劳_1 动_1 者_1 的_1 辛_1 勤_1 付_1 出_1 今_1 天_1 是_1 五_1 一_1 劳_1 动_1 节_1 让_1 我_1 们_1 在_1 此_1 ●_1 永_1 康_1 书_1 记_1 专_1 门_1 邀_1 请_1 了_1 90_1 名_1 [UNK]_1 70_1 、_1 80_1 、_1 90_1 后_1 [UNK]_1 年_1 轻_1 干_1 部_1 座_1 谈_1 ，_1 释_1 放_1 什_1 么_1 信_1 号_1 ？_1 ●_1 永_1 康_1 书_1 记_1 调_1 研_1 市_1 属_1 媒_1 体_1 并_1 看_1 望_1 慰_1 问_1 新_1 闻_1 人_1 ，_1 还_1 在_1 西_1 安_1 发_1 布_1 发_1 现_1 了_1 惊_1 喜_1 ，_1 快_1 来_1 看_1 ！_1 [SEP]_1
2019-10-26 11:50:57,706 Token Sample: [CLS]_0 因_0 内_0 讧_0 导_0 致_0 指_0 挥_0 官_0 被_0 人_0 出_0 卖_0 成_0 俘_0 虏_0 ，_0 拉_0 赫_0 曼_0 军_0 团_0 或_0 将_0 面_0 临_0 大_0 分_0 裂_0 [PAD]_0 [PAD]_0 [PAD]_0 [PAD]_0 [PAD]_0 [PAD]_0 [PAD]_0 [PAD]_0 [PAD]_0 [PAD]_0 [PAD]_0 [PAD]_0 [PAD]_0 [PAD]_0 [PAD]_0 [PAD]_0 [PAD]_0 [SEP]_0 拉_1 赫_1 曼_1 旅_1 原_1 本_1 是_1 自_1 由_1 军_1 中_1 最_1 为_1 强_1 大_1 的_1 一_1 支_1 组_1 织_1 ，_1 不_1 过_1 在_1 自_1 由_1 军_1 背_1 后_1 有_1 了_1 土_1 耳_1 其_1 之_1 后_1 ，_1 便_1 和_1 其_1 他_1 的_1 几_1 股_1 力_1 量_1 一_1 起_1 成_1 为_1 民_1 主_1 军_1 ，_1 并_1 开_1 始_1 进_1 攻_1 东_1 古_1 塔_1 ，_1 还_1 在_1 这_1 里_1 打_1 败_1 过_1 政_1 府_1 军_1 ，_1 成_1 为_1 当_1 时_1 该_1 地_1 区_1 最_1 强_1 大_1 的_1 武_1 装_1 组_1 织_1 。_1 但_1 是_1 在_1 政_1 府_1 军_1 集_1 结_1 了_1 10_1 万_1 军_1 队_1 ，_1 并_1 派_1 出_1 老_1 虎_1 部_1 队_1 之_1 后_1 ，_1 拉_1 赫_1 曼_1 旅_1 便_1 无_1 法_1 抵_1 抗_1 了_1 ，_1 最_1 终_1 他_1 们_1 还_1 是_1 放_1 下_1 武_1 器_1 从_1 人_1 道_1 主_1 义_1 通_1 道_1 逃_1 离_1 ，_1 现_1 在_1 已_1 经_1 开_1 始_1 逐_1 步_1 撤_1 出_1 该_1 地_1 区_1 ，_1 现_1 在_1 的_1 东_1 古_1 塔_1 只_1 有_1 伊_1 斯_1 兰_1 军_1 还_1 在_1 支_1 撑_1 ，_1 而_1 在_1 拉_1 赫_1 曼_1 旅_1 大_1 部_1 分_1 武_1 装_1 分_1 子_1 [SEP]_1 生_1 了_1 恐_1 惧_1 心_1 理_1 ，_1 或_1 许_1 就_1 是_1 这_1 样_1 让_1 苏_1 迈_1 尔_1 有_1 了_1 出_1 逃_1 的_1 想_1 法_1 ，_1 却_1 因_1 为_1 被_1 人_1 出_1 卖_1 而_1 被_1 抓_1 捕_1 。_1 尽_1 管_1 之_1 前_1 拉_1 赫_1 曼_1 军_1 团_1 已_1 经_1 撤_1 离_1 了_1 该_1 地_1 区_1 ，_1 向_1 伊_1 德_1 利_1 卜_1 等_1 地_1 区_1 转_1 移_1 ，_1 暗_1 示_1 因_1 为_1 苏_1 迈_1 尔_1 被_1 抓_1 ，_1 其_1 内_1 部_1 很_1 有_1 可_1 能_1 会_1 出_1 现_1 分_1 裂_1 ，_1 之_1 后_1 这_1 支_1 力_1 量_1 由_1 谁_1 统_1 领_1 也_1 是_1 个_1 大_1 问_1 题_1 ，_1 不_1 过_1 这_1 一_1 切_1 显_1 然_1 都_1 和_1 苏_1 迈_1 尔_1 无_1 关_1 了_1 。_1 [SEP]_1
2019-10-26 11:51:10,128 Token Sample: [CLS]_0 【_0 乡_0 村_0 警_0 事_0 】_0 紫_0 阳_0 派_0 出_0 所_0 拘_0 留_0 一_0 名_0 遗_0 弃_0 婴_0 儿_0 的_0 违_0 法_0 行_0 为_0 人_0 [PAD]_0 [PAD]_0 [PAD]_0 [PAD]_0 [PAD]_0 [PAD]_0 [PAD]_0 [PAD]_0 [PAD]_0 [PAD]_0 [PAD]_0 [PAD]_0 [PAD]_0 [PAD]_0 [PAD]_0 [PAD]_0 [PAD]_0 [PAD]_0 [PAD]_0 [PAD]_0 [SEP]_0 2_1 月_1 17_1 日_1 ，_1 隆_1 回_1 县_1 公_1 安_1 局_1 紫_1 阳_1 所_1 将_1 涉_1 嫌_1 遗_1 弃_1 婴_1 儿_1 的_1 违_1 法_1 行_1 为_1 人_1 姚_1 某_1 高_1 依_1 法_1 行_1 政_1 拘_1 留_1 。_1 小_1 源_1 （_1 化_1 名_1 ）_1 在_1 派_1 出_1 所_1 2_1 月_1 10_1 日_1 ，_1 正_1 值_1 正_1 月_1 初_1 六_1 ，_1 违_1 法_1 行_1 为_1 人_1 姚_1 某_1 高_1 （_1 35_1 岁_1 ，_1 邵_1 阳_1 市_1 渡_1 头_1 桥_1 镇_1 人_1 ）_1 因_1 家_1 庭_1 琐_1 事_1 与_1 其_1 未_1 婚_1 妻_1 张_1 某_1 兰_1 在_1 家_1 中_1 发_1 生_1 争_1 吵_1 ，_1 后_1 张_1 某_1 兰_1 负_1 气_1 出_1 走_1 。_1 姚_1 某_1 高_1 遂_1 想_1 将_1 其_1 与_1 张_1 某_1 兰_1 所_1 生_1 的_1 年_1 仅_1 1_1 岁_1 半_1 的_1 儿_1 子_1 小_1 源_1 （_1 化_1 名_1 ）_1 放_1 置_1 在_1 张_1 某_1 兰_1 姐_1 姐_1 家_1 中_1 抚_1 养_1 ，_1 因_1 小_1 孩_1 抚_1 养_1 的_1 问_1 题_1 姚_1 某_1 高_1 与_1 张_1 某_1 兰_1 的_1 姐_1 姐_1 再_1 次_1 发_1 生_1 争_1 吵_1 。_1 紫_1 阳_1 派_1 出_1 所_1 民_1 警_1 在_1 接_1 到_1 报_1 警_1 后_1 [SEP]_1 教_1 育_1 ，_1 姚_1 某_1 高_1 迫_1 于_1 压_1 力_1 终_1 于_1 主_1 动_1 到_1 紫_1 阳_1 派_1 出_1 所_1 投_1 案_1 自_1 首_1 ，_1 并_1 表_1 示_1 自_1 己_1 已_1 经_1 认_1 识_1 到_1 错_1 误_1 ，_1 愿_1 意_1 接_1 受_1 公_1 安_1 机_1 关_1 的_1 处_1 罚_1 并_1 愿_1 意_1 承_1 担_1 小_1 源_1 的_1 抚_1 养_1 义_1 务_1 。_1 紫_1 阳_1 派_1 出_1 所_1 民_1 警_1 在_1 对_1 姚_1 某_1 高_1 进_1 行_1 了_1 严_1 厉_1 的_1 批_1 评_1 教_1 育_1 之_1 后_1 ，_1 将_1 涉_1 嫌_1 遗_1 弃_1 婴_1 儿_1 的_1 违_1 法_1 行_1 为_1 人_1 姚_1 某_1 高_1 依_1 法_1 行_1 政_1 拘_1 留_1 。_1 编_1 辑_1 ：_1 曾_1 凡_1 庚_1 审_1 核_1 ：_1 赵_1 少_1 平_1 [SEP]_1
2019-10-26 11:51:17,426 seed everything and create model
2019-10-26 11:53:08,298 step 150 train loss: 0.6604
2019-10-26 11:53:08,298 step 150 score: 0.6654
2019-10-26 11:54:53,733 step 300 train loss: 0.4638
2019-10-26 11:54:53,733 step 300 score: 0.7721
2019-10-26 11:56:39,141 step 450 train loss: 0.4153
2019-10-26 11:56:39,142 step 450 score: 0.7944
2019-10-26 11:58:24,539 step 600 train loss: 0.3643
2019-10-26 11:58:24,539 step 600 score: 0.7695
2019-10-26 12:00:09,939 step 750 train loss: 0.3646
2019-10-26 12:00:09,939 step 750 score: 0.7750
2019-10-26 12:01:55,340 step 900 train loss: 0.3068
2019-10-26 12:01:55,340 step 900 score: 0.7831
2019-10-26 12:03:40,721 step 1050 train loss: 0.2988
2019-10-26 12:03:40,721 step 1050 score: 0.8031
2019-10-26 12:05:26,117 step 1200 train loss: 0.2554
2019-10-26 12:05:26,117 step 1200 score: 0.8023
2019-10-26 12:07:11,496 step 1350 train loss: 0.2561
2019-10-26 12:07:11,497 step 1350 score: 0.7946
2019-10-26 12:08:56,867 step 1500 train loss: 0.2745
2019-10-26 12:08:56,867 step 1500 score: 0.7880
2019-10-26 12:08:56,868 best score is 0.8031
