2019-10-26 20:25:13,411 log_in_file: True
2019-10-26 20:25:13,411 lm_path: /home/wangzl/PretrainedLM/BERT/New/chinese_wwm_ext_pytorch
2019-10-26 20:25:13,411 lm_type: bert
2019-10-26 20:25:13,411 data_path: ../data/
2019-10-26 20:25:13,411 usegpu: True
2019-10-26 20:25:13,411 n_fold: 5
2019-10-26 20:25:13,411 total_step: 3000
2019-10-26 20:25:13,411 eval_every: 300
2019-10-26 20:25:13,411 early_stop: 4
2019-10-26 20:25:13,411 max_length: 510
2019-10-26 20:25:13,411 max_title_rate: 0.125
2019-10-26 20:25:13,411 content_head_rate: 0.6
2019-10-26 20:25:13,411 batch_size: 8
2019-10-26 20:25:13,411 lr_scheduler_type: linear
2019-10-26 20:25:13,411 input_pattern: head+tail+fixed
2019-10-26 20:25:13,411 clean_method: space+notzh
2019-10-26 20:25:13,411 warmup_rate: 0.1
2019-10-26 20:25:13,411 classifier_dropout: 0.3
2019-10-26 20:25:13,412 classifier_active: tanh
2019-10-26 20:25:13,412 seed: 890
2019-10-26 20:25:13,412 lr: 2e-05
2019-10-26 20:25:13,412 lr_decay_in_layers: 0.95
2019-10-26 20:25:13,412 wd_decay_in_layers: 1.0
2019-10-26 20:25:13,412 weight_decay: 0.01
2019-10-26 20:25:13,428 padding token is 0
2019-10-26 20:25:38,009 Token Sample: [CLS]_0 增_0 值_0 税_0 待_0 认_0 证_0 进_0 项_0 税_0 额_0 怎_0 样_0 做_0 会_0 计_0 处_0 理_0 [PAD]_0 [PAD]_0 [PAD]_0 [PAD]_0 [PAD]_0 [PAD]_0 [PAD]_0 [PAD]_0 [PAD]_0 [PAD]_0 [PAD]_0 [PAD]_0 [PAD]_0 [PAD]_0 [PAD]_0 [PAD]_0 [PAD]_0 [PAD]_0 [PAD]_0 [PAD]_0 [PAD]_0 [PAD]_0 [PAD]_0 [PAD]_0 [PAD]_0 [PAD]_0 [PAD]_0 [PAD]_0 [PAD]_0 [PAD]_0 [PAD]_0 [PAD]_0 [PAD]_0 [PAD]_0 [PAD]_0 [PAD]_0 [PAD]_0 [PAD]_0 [PAD]_0 [PAD]_0 [PAD]_0 [PAD]_0 [PAD]_0 [PAD]_0 [PAD]_0 [PAD]_0 [PAD]_0 [SEP]_0 相_1 关_1 政_1 策_1 有_1 规_1 定_1 增_1 值_1 税_1 相_1 关_1 的_1 会_1 计_1 处_1 理_1 ，_1 那_1 么_1 [UNK]_1 增_1 值_1 税_1 待_1 认_1 证_1 进_1 项_1 税_1 额_1 怎_1 样_1 做_1 会_1 计_1 处_1 理_1 [UNK]_1 呢_1 ？_1 增_1 值_1 税_1 待_1 认_1 证_1 进_1 项_1 税_1 额_1 怎_1 样_1 做_1 会_1 计_1 处_1 理_1 《_1 规_1 定_1 》_1 ，_1 一_1 般_1 纳_1 税_1 人_1 购_1 进_1 货_1 物_1 、_1 加_1 工_1 修_1 理_1 修_1 配_1 劳_1 务_1 、_1 服_1 务_1 、_1 无_1 形_1 资_1 产_1 或_1 不_1 动_1 产_1 ，_1 用_1 于_1 简_1 易_1 计_1 税_1 方_1 法_1 计_1 税_1 项_1 目_1 、_1 免_1 征_1 增_1 值_1 税_1 项_1 目_1 、_1 集_1 体_1 福_1 利_1 或_1 个_1 人_1 消_1 费_1 等_1 ，_1 其_1 进_1 项_1 税_1 额_1 按_1 照_1 现_1 行_1 增_1 值_1 税_1 制_1 度_1 规_1 定_1 不_1 得_1 从_1 销_1 项_1 税_1 额_1 中_1 抵_1 扣_1 的_1 ，_1 取_1 得_1 增_1 值_1 税_1 专_1 用_1 发_1 票_1 时_1 ，_1 应_1 借_1 记_1 相_1 关_1 成_1 本_1 费_1 用_1 或_1 资_1 产_1 科_1 目_1 ，_1 其_1 分_1 录_1 为_1 ：_1 借_1 ：_1 应_1 交_1 税_1 费_1 [UNK]_1 [UNK]_1 待_1 认_1 证_1 进_1 项_1 税_1 额_1 贷_1 ：_1 银_1 行_1 存_1 款_1 /_1 应_1 付_1 账_1 款_1 经_1 税_1 务_1 机_1 关_1 认_1 证_1 后_1 ，_1 根_1 据_1 有_1 关_1 [UNK]_1 进_1 项_1 税_1 额_1 [UNK]_1 、_1 [UNK]_1 进_1 项_1 税_1 额_1 转_1 出_1 [UNK]_1 专_1 栏_1 及_1 [UNK]_1 待_1 认_1 证_1 进_1 项_1 税_1 额_1 [UNK]_1 明_1 细_1 科_1 目_1 的_1 核_1 算_1 内_1 容_1 ，_1 先_1 转_1 入_1 [UNK]_1 进_1 项_1 税_1 [SEP]_1 目_1 的_1 核_1 算_1 内_1 容_1 ，_1 先_1 转_1 入_1 [UNK]_1 进_1 项_1 税_1 额_1 [UNK]_1 ，_1 借_1 ：_1 应_1 交_1 税_1 费_1 [UNK]_1 [UNK]_1 应_1 交_1 增_1 值_1 税_1 （_1 进_1 项_1 税_1 额_1 ）_1 贷_1 ：_1 应_1 交_1 税_1 费_1 [UNK]_1 [UNK]_1 待_1 认_1 证_1 进_1 项_1 税_1 额_1 按_1 现_1 行_1 增_1 值_1 税_1 制_1 度_1 规_1 定_1 转_1 出_1 时_1 ，_1 记_1 入_1 [UNK]_1 进_1 项_1 税_1 额_1 转_1 出_1 [UNK]_1 ，_1 借_1 记_1 相_1 关_1 成_1 本_1 费_1 用_1 或_1 资_1 产_1 科_1 目_1 ，_1 贷_1 记_1 [UNK]_1 应_1 交_1 税_1 费_1 [UNK]_1 [UNK]_1 应_1 交_1 增_1 值_1 税_1 （_1 进_1 项_1 税_1 额_1 转_1 出_1 ）_1 [UNK]_1 科_1 目_1 。_1 以_1 上_1 ，_1 就_1 是_1 增_1 值_1 税_1 待_1 认_1 证_1 进_1 项_1 税_1 额_1 怎_1 样_1 做_1 会_1 计_1 处_1 理_1 ?_1 的_1 相_1 关_1 内_1 容_1 ，_1 关_1 注_1 ，_1 获_1 取_1 更_1 多_1 资_1 讯_1 。_1 ?_1 更_1 多_1 精_1 彩_1 内_1 容_1 请_1 关_1 注_1 ：_1 会_1 计_1 代_1 理_1 记_1 账_1 公_1 司_1 [SEP]_1
2019-10-26 20:25:54,084 Token Sample: [CLS]_0 产_0 权_0 纠_0 纷_0 [PAD]_0 [PAD]_0 [PAD]_0 [PAD]_0 [PAD]_0 [PAD]_0 [PAD]_0 [PAD]_0 [PAD]_0 [PAD]_0 [PAD]_0 [PAD]_0 [PAD]_0 [PAD]_0 [PAD]_0 [PAD]_0 [PAD]_0 [PAD]_0 [PAD]_0 [PAD]_0 [PAD]_0 [PAD]_0 [PAD]_0 [PAD]_0 [PAD]_0 [PAD]_0 [PAD]_0 [PAD]_0 [PAD]_0 [PAD]_0 [PAD]_0 [PAD]_0 [PAD]_0 [PAD]_0 [PAD]_0 [PAD]_0 [PAD]_0 [PAD]_0 [PAD]_0 [PAD]_0 [PAD]_0 [PAD]_0 [PAD]_0 [PAD]_0 [PAD]_0 [PAD]_0 [PAD]_0 [PAD]_0 [PAD]_0 [PAD]_0 [PAD]_0 [PAD]_0 [PAD]_0 [PAD]_0 [PAD]_0 [PAD]_0 [PAD]_0 [PAD]_0 [PAD]_0 [PAD]_0 [SEP]_0 房_1 屋_1 买_1 卖_1 出_1 现_1 纠_1 纷_1 [PAD]_1 [PAD]_1 [PAD]_1 [PAD]_1 [PAD]_1 [PAD]_1 [PAD]_1 [PAD]_1 [PAD]_1 [PAD]_1 [PAD]_1 [PAD]_1 [PAD]_1 [PAD]_1 [PAD]_1 [PAD]_1 [PAD]_1 [PAD]_1 [PAD]_1 [PAD]_1 [PAD]_1 [PAD]_1 [PAD]_1 [PAD]_1 [PAD]_1 [PAD]_1 [PAD]_1 [PAD]_1 [PAD]_1 [PAD]_1 [PAD]_1 [PAD]_1 [PAD]_1 [PAD]_1 [PAD]_1 [PAD]_1 [PAD]_1 [PAD]_1 [PAD]_1 [PAD]_1 [PAD]_1 [PAD]_1 [PAD]_1 [PAD]_1 [PAD]_1 [PAD]_1 [PAD]_1 [PAD]_1 [PAD]_1 [PAD]_1 [PAD]_1 [PAD]_1 [PAD]_1 [PAD]_1 [PAD]_1 [PAD]_1 [PAD]_1 [PAD]_1 [PAD]_1 [PAD]_1 [PAD]_1 [PAD]_1 [PAD]_1 [PAD]_1 [PAD]_1 [PAD]_1 [PAD]_1 [PAD]_1 [PAD]_1 [PAD]_1 [PAD]_1 [PAD]_1 [PAD]_1 [PAD]_1 [PAD]_1 [PAD]_1 [PAD]_1 [PAD]_1 [PAD]_1 [PAD]_1 [PAD]_1 [PAD]_1 [PAD]_1 [PAD]_1 [PAD]_1 [PAD]_1 [PAD]_1 [PAD]_1 [PAD]_1 [PAD]_1 [PAD]_1 [PAD]_1 [PAD]_1 [PAD]_1 [PAD]_1 [PAD]_1 [PAD]_1 [PAD]_1 [PAD]_1 [PAD]_1 [PAD]_1 [PAD]_1 [PAD]_1 [PAD]_1 [PAD]_1 [PAD]_1 [PAD]_1 [PAD]_1 [PAD]_1 [PAD]_1 [PAD]_1 [PAD]_1 [PAD]_1 [PAD]_1 [PAD]_1 [PAD]_1 [PAD]_1 [PAD]_1 [PAD]_1 [PAD]_1 [PAD]_1 [PAD]_1 [PAD]_1 [PAD]_1 [PAD]_1 [PAD]_1 [PAD]_1 [PAD]_1 [PAD]_1 [PAD]_1 [PAD]_1 [PAD]_1 [PAD]_1 [PAD]_1 [PAD]_1 [PAD]_1 [PAD]_1 [PAD]_1 [PAD]_1 [PAD]_1 [PAD]_1 [PAD]_1 [PAD]_1 [PAD]_1 [PAD]_1 [PAD]_1 [PAD]_1 [PAD]_1 [PAD]_1 [PAD]_1 [PAD]_1 [PAD]_1 [PAD]_1 [PAD]_1 [PAD]_1 [PAD]_1 [PAD]_1 [PAD]_1 [PAD]_1 [PAD]_1 [PAD]_1 [PAD]_1 [PAD]_1 [PAD]_1 [PAD]_1 [PAD]_1 [PAD]_1 [PAD]_1 [PAD]_1 [PAD]_1 [PAD]_1 [PAD]_1 [PAD]_1 [PAD]_1 [PAD]_1 [PAD]_1 [PAD]_1 [PAD]_1 [PAD]_1 [PAD]_1 [PAD]_1 [PAD]_1 [PAD]_1 [PAD]_1 [PAD]_1 [PAD]_1 [PAD]_1 [PAD]_1 [PAD]_1 [PAD]_1 [PAD]_1 [PAD]_1 [PAD]_1 [PAD]_1 [PAD]_1 [PAD]_1 [PAD]_1 [PAD]_1 [PAD]_1 [PAD]_1 [PAD]_1 [PAD]_1 [PAD]_1 [PAD]_1 [PAD]_1 [PAD]_1 [PAD]_1 [PAD]_1 [PAD]_1 [PAD]_1 [PAD]_1 [PAD]_1 [PAD]_1 [PAD]_1 [PAD]_1 [PAD]_1 [PAD]_1 [PAD]_1 [PAD]_1 [PAD]_1 [PAD]_1 [PAD]_1 [PAD]_1 [PAD]_1 [PAD]_1 [PAD]_1 [PAD]_1 [PAD]_1 [PAD]_1 [PAD]_1 [PAD]_1 [PAD]_1 [PAD]_1 [PAD]_1 [PAD]_1 [PAD]_1 [PAD]_1 [PAD]_1 [PAD]_1 [PAD]_1 [PAD]_1 [PAD]_1 [PAD]_1 [PAD]_1 [PAD]_1 [PAD]_1 [PAD]_1 [PAD]_1 [PAD]_1 [PAD]_1 [PAD]_1 [PAD]_1 [PAD]_1 [PAD]_1 [PAD]_1 [PAD]_1 [PAD]_1 [PAD]_1 [PAD]_1 [PAD]_1 [SEP]_1 [PAD]_1 [PAD]_1 [PAD]_1 [PAD]_1 [PAD]_1 [PAD]_1 [PAD]_1 [PAD]_1 [PAD]_1 [PAD]_1 [PAD]_1 [PAD]_1 [PAD]_1 [PAD]_1 [PAD]_1 [PAD]_1 [PAD]_1 [PAD]_1 [PAD]_1 [PAD]_1 [PAD]_1 [PAD]_1 [PAD]_1 [PAD]_1 [PAD]_1 [PAD]_1 [PAD]_1 [PAD]_1 [PAD]_1 [PAD]_1 [PAD]_1 [PAD]_1 [PAD]_1 [PAD]_1 [PAD]_1 [PAD]_1 [PAD]_1 [PAD]_1 [PAD]_1 [PAD]_1 [PAD]_1 [PAD]_1 [PAD]_1 [PAD]_1 [PAD]_1 [PAD]_1 [PAD]_1 [PAD]_1 [PAD]_1 [PAD]_1 [PAD]_1 [PAD]_1 [PAD]_1 [PAD]_1 [PAD]_1 [PAD]_1 [PAD]_1 [PAD]_1 [PAD]_1 [PAD]_1 [PAD]_1 [PAD]_1 [PAD]_1 [PAD]_1 [PAD]_1 [PAD]_1 [PAD]_1 [PAD]_1 [PAD]_1 [PAD]_1 [PAD]_1 [PAD]_1 [PAD]_1 [PAD]_1 [PAD]_1 [PAD]_1 [PAD]_1 [PAD]_1 [PAD]_1 [PAD]_1 [PAD]_1 [PAD]_1 [PAD]_1 [PAD]_1 [PAD]_1 [PAD]_1 [PAD]_1 [PAD]_1 [PAD]_1 [PAD]_1 [PAD]_1 [PAD]_1 [PAD]_1 [PAD]_1 [PAD]_1 [PAD]_1 [PAD]_1 [PAD]_1 [PAD]_1 [PAD]_1 [PAD]_1 [PAD]_1 [PAD]_1 [PAD]_1 [PAD]_1 [PAD]_1 [PAD]_1 [PAD]_1 [PAD]_1 [PAD]_1 [PAD]_1 [PAD]_1 [PAD]_1 [PAD]_1 [PAD]_1 [PAD]_1 [PAD]_1 [PAD]_1 [PAD]_1 [PAD]_1 [PAD]_1 [PAD]_1 [PAD]_1 [PAD]_1 [PAD]_1 [PAD]_1 [PAD]_1 [PAD]_1 [PAD]_1 [PAD]_1 [PAD]_1 [PAD]_1 [PAD]_1 [PAD]_1 [PAD]_1 [PAD]_1 [PAD]_1 [PAD]_1 [PAD]_1 [PAD]_1 [PAD]_1 [PAD]_1 [PAD]_1 [PAD]_1 [PAD]_1 [PAD]_1 [PAD]_1 [PAD]_1 [PAD]_1 [PAD]_1 [PAD]_1 [PAD]_1 [PAD]_1 [PAD]_1 [PAD]_1 [PAD]_1 [PAD]_1 [PAD]_1 [PAD]_1 [PAD]_1 [PAD]_1 [PAD]_1 [PAD]_1 [PAD]_1 [PAD]_1 [PAD]_1 房_1 屋_1 买_1 卖_1 出_1 现_1 纠_1 纷_1 [SEP]_1
2019-10-26 20:26:25,213 Token Sample: [CLS]_0 漓_0 江_0 出_0 现_0 145_0 ._0 23_0 米_0 洪_0 峰_0 水_0 位_0 ，_0 为_0 入_0 汛_0 以_0 来_0 最_0 高_0 ，_0 六_0 匹_0 马_0 只_0 剩_0 [UNK]_0 [UNK]_0 [PAD]_0 [PAD]_0 [PAD]_0 [PAD]_0 [PAD]_0 [PAD]_0 [PAD]_0 [PAD]_0 [PAD]_0 [PAD]_0 [PAD]_0 [PAD]_0 [PAD]_0 [PAD]_0 [PAD]_0 [PAD]_0 [PAD]_0 [PAD]_0 [PAD]_0 [PAD]_0 [PAD]_0 [PAD]_0 [PAD]_0 [PAD]_0 [PAD]_0 [PAD]_0 [PAD]_0 [PAD]_0 [PAD]_0 [PAD]_0 [PAD]_0 [PAD]_0 [PAD]_0 [PAD]_0 [PAD]_0 [PAD]_0 [SEP]_0 昨_1 天_1 ，_1 桂_1 林_1 漓_1 江_1 水_1 文_1 站_1 出_1 现_1 入_1 汛_1 以_1 来_1 最_1 高_1 水_1 位_1 。_1 图_1 为_1 昨_1 日_1 下_1 午_1 洪_1 峰_1 通_1 过_1 解_1 放_1 桥_1 的_1 情_1 景_1 。_1 记_1 者_1 李_1 凯_1 摄_1 桂_1 林_1 生_1 活_1 网_1 -_1 -_1 桂_1 林_1 晚_1 报_1 记_1 者_1 苏_1 文_1 娟_1 李_1 凯_1 通_1 讯_1 员_1 李_1 岩_1 许_1 景_1 璇_1 6_1 日_1 夜_1 间_1 7_1 日_1 上_1 午_1 ，_1 桂_1 林_1 普_1 降_1 暴_1 雨_1 ，_1 气_1 象_1 台_1 于_1 7_1 日_1 上_1 午_1 发_1 布_1 暴_1 雨_1 橙_1 色_1 预_1 警_1 。_1 记_1 者_1 从_1 水_1 文_1 部_1 门_1 了_1 解_1 到_1 ，_1 受_1 强_1 降_1 雨_1 影_1 响_1 ，_1 漓_1 江_1 桂_1 林_1 水_1 文_1 站_1 16_1 时_1 55_1 分_1 出_1 现_1 145_1 ._1 23_1 米_1 的_1 洪_1 峰_1 水_1 位_1 （_1 警_1 戒_1 水_1 位_1 为_1 146_1 ._1 0_1 米_1 ）_1 ，_1 为_1 今_1 年_1 入_1 汛_1 以_1 来_1 最_1 高_1 水_1 位_1 ；_1 西_1 河_1 永_1 福_1 县_1 城_1 河_1 段_1 出_1 现_1 超_1 警_1 水_1 位_1 ，_1 为_1 桂_1 林_1 今_1 年_1 首_1 场_1 超_1 警_1 洪_1 水_1 。_1 数_1 据_1 监_1 测_1 ，_1 5_1 月_1 6_1 日_1 晚_1 至_1 7_1 日_1 ，_1 我_1 市_1 普_1 降_1 暴_1 雨_1 ，_1 局_1 部_1 暴_1 雨_1 到_1 大_1 暴_1 雨_1 ，_1 暴_1 雨_1 中_1 心_1 自_1 北_1 向_1 南_1 移_1 动_1 。_1 受_1 降_1 雨_1 影_1 响_1 ，_1 桂_1 林_1 出_1 现_1 大_1 范_1 围_1 明_1 显_1 涨_1 水_1 过_1 程_1 ，_1 永_1 福_1 、_1 龙_1 胜_1 、_1 临_1 桂_1 、_1 全_1 州_1 、_1 兴_1 安_1 [SEP]_1 相_1 应_1 流_1 量_1 148_1 ##0_1 立_1 方_1 米_1 /_1 秒_1 ，_1 为_1 常_1 遇_1 洪_1 水_1 ；_1 西_1 河_1 永_1 福_1 县_1 城_1 河_1 段_1 7_1 日_1 11_1 时_1 20_1 分_1 出_1 现_1 超_1 警_1 戒_1 0_1 ._1 33_1 米_1 的_1 水_1 位_1 （_1 警_1 戒_1 水_1 位_1 139_1 ._1 0_1 米_1 ）_1 ，_1 为_1 桂_1 林_1 今_1 年_1 首_1 场_1 超_1 警_1 洪_1 水_1 。_1 目_1 前_1 ，_1 桂_1 林_1 、_1 永_1 福_1 、_1 龙_1 胜_1 、_1 兴_1 安_1 、_1 临_1 桂_1 、_1 阳_1 朔_1 等_1 地_1 的_1 水_1 文_1 部_1 门_1 均_1 已_1 提_1 前_1 发_1 布_1 洪_1 水_1 蓝_1 色_1 预_1 警_1 ，_1 水_1 文_1 部_1 门_1 提_1 醒_1 大_1 家_1 密_1 切_1 关_1 注_1 雨_1 水_1 情_1 变_1 化_1 ，_1 加_1 强_1 防_1 范_1 ，_1 及_1 时_1 避_1 险_1 。_1 桂_1 林_1 气_1 象_1 台_1 预_1 测_1 ，_1 随_1 着_1 降_1 雨_1 带_1 的_1 南_1 移_1 ，_1 这_1 次_1 降_1 雨_1 过_1 程_1 结_1 束_1 ，_1 桂_1 林_1 明_1 日_1 （_1 8_1 日_1 ）_1 阴_1 转_1 多_1 云_1 。_1 [SEP]_1
2019-10-26 20:26:47,514 Token Sample: [CLS]_0 儿_0 孑_0 当_0 兵_0 6_0 年_0 回_0 家_0 却_0 发_0 现_0 佬_0 爸_0 进_0 了_0 医_0 院_0 ，_0 姐_0 姐_0 被_0 人_0 欺_0 负_0 ._0 ._0 ._0 [PAD]_0 [PAD]_0 [PAD]_0 [PAD]_0 [PAD]_0 [PAD]_0 [PAD]_0 [PAD]_0 [PAD]_0 [PAD]_0 [PAD]_0 [PAD]_0 [PAD]_0 [PAD]_0 [PAD]_0 [PAD]_0 [PAD]_0 [PAD]_0 [PAD]_0 [PAD]_0 [PAD]_0 [PAD]_0 [PAD]_0 [PAD]_0 [PAD]_0 [PAD]_0 [PAD]_0 [PAD]_0 [PAD]_0 [PAD]_0 [PAD]_0 [PAD]_0 [PAD]_0 [PAD]_0 [PAD]_0 [PAD]_0 [PAD]_0 [SEP]_0 第_1 一_1 章_1 ：_1 以_1 一_1 敌_1 五_1 [UNK]_1 你_1 就_1 是_1 安_1 达_1 保_1 安_1 公_1 司_1 派_1 过_1 来_1 的_1 保_1 镖_1 ？_1 [UNK]_1 李_1 先_1 元_1 看_1 着_1 面_1 前_1 站_1 着_1 的_1 这_1 个_1 穿_1 着_1 保_1 安_1 服_1 高_1 高_1 大_1 大_1 的_1 年_1 轻_1 男_1 人_1 皱_1 着_1 眉_1 头_1 问_1 道_1 。_1 [UNK]_1 是_1 的_1 [UNK]_1 这_1 个_1 看_1 起_1 来_1 只_1 有_1 二_1 十_1 六_1 七_1 岁_1 模_1 样_1 的_1 男_1 人_1 点_1 点_1 说_1 道_1 。_1 [UNK]_1 你_1 们_1 保_1 安_1 公_1 司_1 有_1 没_1 有_1 告_1 诉_1 你_1 应_1 该_1 要_1 怎_1 么_1 做_1 ？_1 [UNK]_1 李_1 先_1 元_1 继_1 续_1 问_1 道_1 。_1 [UNK]_1 保_1 护_1 雇_1 主_1 的_1 安_1 全_1 ，_1 二_1 十_1 四_1 小_1 时_1 贴_1 身_1 保_1 护_1 ，_1 如_1 果_1 存_1 在_1 必_1 要_1 的_1 话_1 ，_1 要_1 为_1 雇_1 主_1 挡_1 子_1 弹_1 [UNK]_1 男_1 人_1 依_1 旧_1 是_1 淡_1 淡_1 地_1 语_1 气_1 ，_1 脸_1 上_1 没_1 有_1 太_1 多_1 其_1 它_1 的_1 表_1 情_1 ，_1 好_1 像_1 挡_1 子_1 弹_1 这_1 件_1 事_1 情_1 对_1 于_1 他_1 来_1 说_1 就_1 像_1 是_1 吃_1 饭_1 喝_1 水_1 一_1 样_1 平_1 常_1 一_1 样_1 。_1 [UNK]_1 好_1 ，_1 我_1 看_1 过_1 你_1 们_1 保_1 安_1 公_1 司_1 给_1 我_1 的_1 关_1 于_1 你_1 的_1 资_1 料_1 ，_1 你_1 是_1 部_1 队_1 的_1 退_1 伍_1 军_1 人_1 ，_1 你_1 的_1 身_1 手_1 怎_1 么_1 样_1 ？_1 如_1 果_1 你_1 只_1 是_1 个_1 花_1 架_1 子_1 那_1 我_1 可_1 不_1 要_1 [UNK]_1 李_1 先_1 元_1 继_1 续_1 问_1 着_1 。_1 [UNK]_1 李_1 总_1 大_1 [SEP]_1 李_1 先_1 元_1 说_1 完_1 之_1 后_1 便_1 带_1 着_1 男_1 人_1 重_1 新_1 回_1 到_1 了_1 办_1 公_1 室_1 。_1 [UNK]_1 我_1 还_1 没_1 有_1 和_1 你_1 们_1 保_1 安_1 公_1 司_1 具_1 体_1 谈_1 价_1 ，_1 不_1 过_1 肯_1 定_1 不_1 止_1 八_1 千_1 一_1 个_1 月_1 ，_1 我_1 对_1 你_1 很_1 满_1 意_1 ，_1 我_1 可_1 以_1 满_1 足_1 你_1 的_1 要_1 求_1 ，_1 不_1 与_1 保_1 安_1 公_1 司_1 合_1 作_1 直_1 接_1 与_1 你_1 单_1 方_1 面_1 签_1 订_1 雇_1 佣_1 合_1 同_1 ，_1 你_1 说_1 说_1 ，_1 你_1 想_1 要_1 多_1 少_1 钱_1 一_1 个_1 月_1 ？_1 [UNK]_1 李_1 先_1 元_1 笑_1 着_1 问_1 道_1 。_1 [UNK]_1 我_1 要_1 五_1 十_1 万_1 [UNK]_1 男_1 人_1 想_1 也_1 没_1 用_1 便_1 直_1 接_1 说_1 道_1 。_1 [UNK]_1 五_1 十_1 万_1 一_1 个_1 月_1 ？_1 你_1 没_1 疯_1 吧_1 ？_1 [UNK]_1 李_1 先_1 元_1 瞪_1 大_1 了_1 眼_1 睛_1 。_1 更_1 多_1 精_1 彩_1 内_1 容_1 请_1 点_1 击_1 下_1 方_1 【_1 阅_1 读_1 原_1 文_1 】_1 ↓↓↓_1 ##↓_1 ##↓_1 [SEP]_1
2019-10-26 20:26:47,857 seed everything and create model
2019-10-26 20:29:40,027 step 300 train loss: 0.6622
2019-10-26 20:29:40,028 step 300 score: 0.6303
2019-10-26 20:32:26,713 step 600 train loss: 0.5169
2019-10-26 20:32:26,713 step 600 score: 0.7798
2019-10-26 20:35:13,390 step 900 train loss: 0.4256
2019-10-26 20:35:13,390 step 900 score: 0.7507
2019-10-26 20:38:00,054 step 1200 train loss: 0.3730
2019-10-26 20:38:00,054 step 1200 score: 0.7534
2019-10-26 20:40:46,735 step 1500 train loss: 0.3736
2019-10-26 20:40:46,735 step 1500 score: 0.7678
2019-10-26 20:43:33,400 step 1800 train loss: 0.2941
2019-10-26 20:43:33,400 step 1800 score: 0.7853
2019-10-26 20:46:20,076 step 2100 train loss: 0.3104
2019-10-26 20:46:20,076 step 2100 score: 0.8011
2019-10-26 20:49:06,763 step 2400 train loss: 0.2844
2019-10-26 20:49:06,764 step 2400 score: 0.7999
2019-10-26 20:51:53,436 step 2700 train loss: 0.2453
2019-10-26 20:51:53,437 step 2700 score: 0.8030
2019-10-26 20:54:40,105 step 3000 train loss: 0.2309
2019-10-26 20:54:40,105 step 3000 score: 0.7981
2019-10-26 20:54:40,105 best score is 0.8030
2019-10-26 20:59:30,001 step 300 train loss: 0.7361
2019-10-26 20:59:30,001 step 300 score: 0.6584
2019-10-26 21:02:16,679 step 600 train loss: 0.5208
2019-10-26 21:02:16,680 step 600 score: 0.7256
2019-10-26 21:05:03,374 step 900 train loss: 0.4312
2019-10-26 21:05:03,374 step 900 score: 0.7785
2019-10-26 21:07:50,051 step 1200 train loss: 0.4198
2019-10-26 21:07:50,052 step 1200 score: 0.7812
2019-10-26 21:10:36,730 step 1500 train loss: 0.3583
2019-10-26 21:10:36,730 step 1500 score: 0.7736
2019-10-26 21:13:23,400 step 1800 train loss: 0.3431
2019-10-26 21:13:23,400 step 1800 score: 0.7827
2019-10-26 21:16:10,076 step 2100 train loss: 0.3140
2019-10-26 21:16:10,076 step 2100 score: 0.8118
2019-10-26 21:18:56,755 step 2400 train loss: 0.2935
2019-10-26 21:18:56,755 step 2400 score: 0.7967
2019-10-26 21:21:43,425 step 2700 train loss: 0.2665
2019-10-26 21:21:43,425 step 2700 score: 0.8127
2019-10-26 21:24:30,103 step 3000 train loss: 0.2763
2019-10-26 21:24:30,103 step 3000 score: 0.8107
2019-10-26 21:24:30,104 best score is 0.8127
2019-10-26 21:29:20,000 step 300 train loss: 0.6628
2019-10-26 21:29:20,000 step 300 score: 0.5677
2019-10-26 21:32:06,689 step 600 train loss: 0.4619
2019-10-26 21:32:06,690 step 600 score: 0.7348
2019-10-26 21:34:53,361 step 900 train loss: 0.4118
2019-10-26 21:34:53,361 step 900 score: 0.7740
2019-10-26 21:37:40,043 step 1200 train loss: 0.3684
2019-10-26 21:37:40,043 step 1200 score: 0.7793
2019-10-26 21:40:26,725 step 1500 train loss: 0.3607
2019-10-26 21:40:26,725 step 1500 score: 0.7771
2019-10-26 21:43:13,393 step 1800 train loss: 0.3120
2019-10-26 21:43:13,394 step 1800 score: 0.7772
2019-10-26 21:46:00,087 step 2100 train loss: 0.2822
2019-10-26 21:46:00,088 step 2100 score: 0.7717
2019-10-26 21:48:46,757 step 2400 train loss: 0.2744
2019-10-26 21:48:46,757 step 2400 score: 0.7676
2019-10-26 21:51:33,433 step 2700 train loss: 0.2444
2019-10-26 21:51:33,433 step 2700 score: 0.7727
2019-10-26 21:51:33,434 best score is 0.7793
2019-10-26 21:56:23,331 step 300 train loss: 0.6717
2019-10-26 21:56:23,331 step 300 score: 0.7503
2019-10-26 21:59:10,012 step 600 train loss: 0.4849
2019-10-26 21:59:10,013 step 600 score: 0.7426
2019-10-26 22:01:56,681 step 900 train loss: 0.4166
2019-10-26 22:01:56,681 step 900 score: 0.8116
2019-10-26 22:04:43,364 step 1200 train loss: 0.3545
2019-10-26 22:04:43,364 step 1200 score: 0.8093
2019-10-26 22:07:30,044 step 1500 train loss: 0.3797
2019-10-26 22:07:30,045 step 1500 score: 0.7966
2019-10-26 22:10:16,742 step 1800 train loss: 0.3213
2019-10-26 22:10:16,743 step 1800 score: 0.8127
2019-10-26 22:13:03,421 step 2100 train loss: 0.2999
2019-10-26 22:13:03,421 step 2100 score: 0.8250
2019-10-26 22:15:50,120 step 2400 train loss: 0.2612
2019-10-26 22:15:50,120 step 2400 score: 0.8291
2019-10-26 22:18:36,784 step 2700 train loss: 0.2528
2019-10-26 22:18:36,785 step 2700 score: 0.8169
2019-10-26 22:21:23,452 step 3000 train loss: 0.2162
2019-10-26 22:21:23,452 step 3000 score: 0.8141
2019-10-26 22:21:23,453 best score is 0.8291
2019-10-26 22:26:10,957 step 300 train loss: 0.6257
2019-10-26 22:26:10,958 step 300 score: 0.7299
2019-10-26 22:28:54,971 step 600 train loss: 0.4765
2019-10-26 22:28:54,972 step 600 score: 0.7510
2019-10-26 22:31:38,949 step 900 train loss: 0.4071
2019-10-26 22:31:38,950 step 900 score: 0.7354
2019-10-26 22:34:23,007 step 1200 train loss: 0.3646
2019-10-26 22:34:23,007 step 1200 score: 0.7776
2019-10-26 22:37:09,312 step 1500 train loss: 0.3447
2019-10-26 22:37:09,313 step 1500 score: 0.7802
2019-10-26 22:39:53,225 step 1800 train loss: 0.3035
2019-10-26 22:39:53,225 step 1800 score: 0.7784
2019-10-26 22:42:37,148 step 2100 train loss: 0.2873
2019-10-26 22:42:37,148 step 2100 score: 0.7862
2019-10-26 22:45:21,105 step 2400 train loss: 0.2635
2019-10-26 22:45:21,106 step 2400 score: 0.7882
2019-10-26 22:48:05,199 step 2700 train loss: 0.2258
2019-10-26 22:48:05,199 step 2700 score: 0.7789
2019-10-26 22:50:49,141 step 3000 train loss: 0.2222
2019-10-26 22:50:49,142 step 3000 score: 0.7893
2019-10-26 22:50:49,149 best score is 0.7893
2019-10-26 22:52:52,282 average: 0.802688
