2019-10-27 10:34:01,794 log_in_file: True
2019-10-27 10:34:01,794 lm_path: /home/wangzl/PretrainedLM/BERT/New/chinese_wwm_ext_pytorch
2019-10-27 10:34:01,794 lm_type: bert
2019-10-27 10:34:01,794 data_path: ../data/
2019-10-27 10:34:01,794 usegpu: True
2019-10-27 10:34:01,794 n_fold: 5
2019-10-27 10:34:01,794 total_step: 3000
2019-10-27 10:34:01,794 eval_every: 300
2019-10-27 10:34:01,794 early_stop: 4
2019-10-27 10:34:01,794 max_length: 510
2019-10-27 10:34:01,794 max_title_rate: 0.125
2019-10-27 10:34:01,794 content_head_rate: 0.6
2019-10-27 10:34:01,794 batch_size: 8
2019-10-27 10:34:01,794 lr_scheduler_type: linear
2019-10-27 10:34:01,794 input_pattern: head+tail+fixed
2019-10-27 10:34:01,795 clean_method: space+notzh
2019-10-27 10:34:01,795 warmup_rate: 0.1
2019-10-27 10:34:01,795 classifier_dropout: 0.1
2019-10-27 10:34:01,795 classifier_active: tanh
2019-10-27 10:34:01,795 seed: 72
2019-10-27 10:34:01,795 lr: 2e-05
2019-10-27 10:34:01,795 lr_decay_in_layers: 0.96
2019-10-27 10:34:01,795 wd_decay_in_layers: 1.0
2019-10-27 10:34:01,795 weight_decay: 0.01
2019-10-27 10:34:01,811 padding token is 0
2019-10-27 10:34:29,826 Token Sample: [CLS]_0 落_0 实_0 新_0 课_0 标_0 提_0 高_0 课_0 堂_0 实_0 效_0 [UNK]_0 [UNK]_0 李_0 沧_0 区_0 小_0 学_0 科_0 学_0 思_0 维_0 型_0 课_0 堂_0 教_0 学_0 研_0 讨_0 会_0 纪_0 实_0 [PAD]_0 [PAD]_0 [PAD]_0 [PAD]_0 [PAD]_0 [PAD]_0 [PAD]_0 [PAD]_0 [PAD]_0 [PAD]_0 [PAD]_0 [PAD]_0 [PAD]_0 [PAD]_0 [PAD]_0 [PAD]_0 [PAD]_0 [PAD]_0 [PAD]_0 [PAD]_0 [PAD]_0 [PAD]_0 [PAD]_0 [PAD]_0 [PAD]_0 [PAD]_0 [PAD]_0 [PAD]_0 [PAD]_0 [PAD]_0 [PAD]_0 [PAD]_0 [SEP]_0 为_1 进_1 一_1 步_1 落_1 实_1 新_1 课_1 标_1 ，_1 提_1 高_1 课_1 堂_1 教_1 学_1 实_1 效_1 ，_1 提_1 升_1 全_1 区_1 科_1 学_1 教_1 师_1 的_1 教_1 学_1 素_1 养_1 ，_1 加_1 快_1 教_1 师_1 的_1 成_1 长_1 ，_1 5_1 月_1 23_1 日_1 上_1 午_1 ，_1 [UNK]_1 李_1 沧_1 区_1 小_1 学_1 科_1 学_1 思_1 维_1 型_1 课_1 堂_1 教_1 学_1 研_1 讨_1 会_1 [UNK]_1 在_1 我_1 校_1 多_1 功_1 能_1 教_1 室_1 召_1 开_1 。_1 活_1 动_1 由_1 区_1 教_1 研_1 室_1 科_1 学_1 教_1 研_1 员_1 马_1 振_1 瑛_1 主_1 持_1 ，_1 全_1 区_1 小_1 学_1 一_1 年_1 级_1 和_1 四_1 年_1 级_1 的_1 科_1 学_1 教_1 师_1 参_1 加_1 了_1 本_1 次_1 活_1 动_1 。_1 本_1 次_1 研_1 讨_1 会_1 分_1 三_1 个_1 环_1 节_1 进_1 行_1 ，_1 首_1 先_1 进_1 行_1 的_1 是_1 两_1 节_1 课_1 堂_1 教_1 学_1 展_1 示_1 ，_1 我_1 校_1 的_1 袁_1 珍_1 红_1 老_1 师_1 执_1 教_1 了_1 四_1 年_1 级_1 科_1 学_1 课_1 《_1 苹_1 果_1 为_1 什_1 么_1 会_1 落_1 地_1 》_1 ，_1 青_1 岛_1 永_1 和_1 路_1 小_1 学_1 王_1 静_1 老_1 师_1 执_1 教_1 了_1 一_1 年_1 级_1 的_1 科_1 学_1 课_1 《_1 蚯_1 蚓_1 的_1 家_1 》_1 。_1 课_1 堂_1 上_1 ，_1 两_1 位_1 老_1 师_1 充_1 分_1 调_1 动_1 学_1 生_1 的_1 学_1 习_1 兴_1 趣_1 ，_1 教_1 学_1 的_1 各_1 环_1 节_1 层_1 层_1 递_1 进_1 、_1 环_1 环_1 相_1 扣_1 ，_1 规_1 律_1 总_1 结_1 到_1 位_1 ，_1 学_1 生_1 们_1 学_1 习_1 积_1 极_1 性_1 高_1 ，_1 课_1 堂_1 气_1 氛_1 活_1 跃_1 。_1 第_1 二_1 个_1 环_1 [SEP]_1 节_1 层_1 层_1 递_1 进_1 、_1 环_1 环_1 相_1 扣_1 ，_1 规_1 律_1 总_1 结_1 到_1 位_1 ，_1 学_1 生_1 们_1 学_1 习_1 积_1 极_1 性_1 高_1 ，_1 课_1 堂_1 气_1 氛_1 活_1 跃_1 。_1 第_1 二_1 个_1 环_1 节_1 是_1 互_1 动_1 评_1 课_1 。_1 听_1 课_1 的_1 教_1 师_1 就_1 自_1 己_1 的_1 观_1 课_1 谈_1 感_1 受_1 ，_1 大_1 家_1 畅_1 所_1 欲_1 言_1 ，_1 各_1 抒_1 己_1 见_1 。_1 教_1 研_1 员_1 马_1 老_1 师_1 作_1 精_1 彩_1 点_1 评_1 。_1 最_1 后_1 ，_1 参_1 会_1 教_1 师_1 对_1 各_1 校_1 一_1 年_1 级_1 和_1 四_1 年_1 级_1 的_1 备_1 课_1 案_1 进_1 行_1 了_1 展_1 评_1 。_1 此_1 次_1 活_1 动_1 的_1 成_1 功_1 开_1 展_1 ，_1 为_1 教_1 师_1 间_1 的_1 相_1 互_1 学_1 习_1 交_1 流_1 提_1 供_1 了_1 平_1 台_1 ，_1 有_1 力_1 地_1 推_1 动_1 全_1 区_1 科_1 学_1 教_1 师_1 深_1 入_1 理_1 解_1 课_1 程_1 新_1 标_1 准_1 ，_1 有_1 效_1 地_1 促_1 进_1 了_1 科_1 学_1 教_1 师_1 的_1 成_1 长_1 。_1 [SEP]_1
2019-10-27 10:34:49,834 Token Sample: [CLS]_0 12_0 ._0 四_0 川_0 自_0 贡_0 地_0 震_0 震_0 中_0 7_0 处_0 地_0 灾_0 隐_0 患_0 均_0 未_0 发_0 现_0 明_0 确_0 变_0 化_0 [PAD]_0 [PAD]_0 [PAD]_0 [PAD]_0 [PAD]_0 [PAD]_0 [PAD]_0 [PAD]_0 [PAD]_0 [PAD]_0 [PAD]_0 [PAD]_0 [PAD]_0 [PAD]_0 [PAD]_0 [PAD]_0 [PAD]_0 [PAD]_0 [PAD]_0 [PAD]_0 [PAD]_0 [PAD]_0 [PAD]_0 [PAD]_0 [PAD]_0 [PAD]_0 [PAD]_0 [PAD]_0 [PAD]_0 [PAD]_0 [PAD]_0 [PAD]_0 [PAD]_0 [PAD]_0 [PAD]_0 [PAD]_0 [PAD]_0 [PAD]_0 [PAD]_0 [PAD]_0 [SEP]_0 中_1 新_1 网_1 成_1 都_1 2_1 月_1 24_1 日_1 电_1 (_1 何_1 [UNK]_1 赵_1 蕾_1 )_1 记_1 者_1 24_1 日_1 从_1 四_1 川_1 省_1 自_1 然_1 资_1 源_1 厅_1 获_1 悉_1 ，_1 自_1 贡_1 荣_1 县_1 4_1 ._1 7_1 级_1 地_1 震_1 发_1 生_1 后_1 ，_1 震_1 中_1 此_1 前_1 排_1 查_1 发_1 现_1 的_1 7_1 处_1 地_1 质_1 灾_1 害_1 隐_1 患_1 点_1 均_1 未_1 发_1 现_1 有_1 明_1 确_1 变_1 化_1 。_1 据_1 中_1 国_1 地_1 震_1 台_1 网_1 测_1 定_1 ，_1 2_1 月_1 24_1 日_1 05_1 时_1 38_1 分_1 在_1 四_1 川_1 自_1 贡_1 荣_1 县_1 发_1 生_1 4_1 ._1 7_1 级_1 地_1 震_1 ，_1 震_1 源_1 深_1 度_1 5_1 千_1 米_1 。_1 此_1 次_1 震_1 中_1 位_1 于_1 荣_1 县_1 高_1 山_1 镇_1 ，_1 该_1 镇_1 原_1 排_1 查_1 发_1 现_1 有_1 7_1 处_1 地_1 灾_1 隐_1 患_1 ，_1 其_1 中_1 1_1 处_1 安_1 装_1 自_1 动_1 监_1 测_1 仪_1 ，_1 均_1 没_1 有_1 明_1 确_1 变_1 化_1 。_1 目_1 前_1 灾_1 区_1 暂_1 未_1 接_1 到_1 人_1 员_1 伤_1 亡_1 和_1 地_1 灾_1 险_1 情_1 报_1 告_1 。_1 地_1 震_1 发_1 生_1 后_1 ，_1 四_1 川_1 省_1 自_1 然_1 资_1 源_1 厅_1 明_1 确_1 要_1 求_1 自_1 贡_1 市_1 县_1 迅_1 速_1 组_1 织_1 开_1 展_1 隐_1 患_1 排_1 查_1 核_1 查_1 ，_1 严_1 防_1 次_1 生_1 灾_1 害_1 造_1 成_1 人_1 员_1 伤_1 亡_1 事_1 件_1 发_1 生_1 。_1 据_1 自_1 贡_1 市_1 自_1 然_1 资_1 源_1 和_1 规_1 划_1 局_1 相_1 关_1 负_1 责_1 人_1 介_1 绍_1 ，_1 该_1 局_1 工_1 作_1 人_1 员_1 已_1 于_1 6_1 时_1 44_1 分_1 对_1 [SEP]_1 工_1 作_1 机_1 制_1 》_1 ，_1 自_1 贡_1 市_1 突_1 发_1 地_1 质_1 灾_1 害_1 应_1 急_1 救_1 援_1 分_1 队_1 第_1 一_1 组_1 (_1 市_1 本_1 级_1 )_1 24_1 小_1 时_1 集_1 结_1 待_1 命_1 ，_1 统_1 筹_1 协_1 调_1 全_1 市_1 地_1 质_1 灾_1 害_1 隐_1 患_1 排_1 查_1 工_1 作_1 ；_1 第_1 二_1 组_1 (_1 荣_1 县_1 )_1 继_1 续_1 对_1 震_1 中_1 和_1 荣_1 县_1 全_1 境_1 开_1 展_1 地_1 质_1 灾_1 害_1 隐_1 患_1 灾_1 险_1 情_1 排_1 查_1 ；_1 其_1 余_1 各_1 组_1 (_1 各_1 区_1 县_1 局_1 )_1 结_1 合_1 汛_1 前_1 地_1 质_1 灾_1 害_1 排_1 查_1 ，_1 扎_1 实_1 开_1 展_1 2_1 ._1 24_1 荣_1 县_1 高_1 山_1 镇_1 4_1 ._1 7_1 级_1 地_1 震_1 地_1 质_1 灾_1 害_1 隐_1 患_1 灾_1 险_1 情_1 排_1 查_1 。_1 (_1 完_1 )_1 返_1 回_1 文_1 章_1 首_1 页_1 下_1 一_1 篇_1 ：_1 内_1 蒙_1 古_1 矿_1 企_1 事_1 故_1 后_1 市_1 民_1 排_1 队_1 献_1 血_1 有_1 人_1 特_1 意_1 从_1 外_1 地_1 前_1 来_1 献_1 血_1 [SEP]_1
2019-10-27 10:35:08,397 Token Sample: [CLS]_0 pk10_0 杀_0 号_0 2_0 码_0 __0 来_0 源_0 :_0 东_0 北_0 新_0 闻_0 网_0 [PAD]_0 [PAD]_0 [PAD]_0 [PAD]_0 [PAD]_0 [PAD]_0 [PAD]_0 [PAD]_0 [PAD]_0 [PAD]_0 [PAD]_0 [PAD]_0 [PAD]_0 [PAD]_0 [PAD]_0 [PAD]_0 [PAD]_0 [PAD]_0 [PAD]_0 [PAD]_0 [PAD]_0 [PAD]_0 [PAD]_0 [PAD]_0 [PAD]_0 [PAD]_0 [PAD]_0 [PAD]_0 [PAD]_0 [PAD]_0 [PAD]_0 [PAD]_0 [PAD]_0 [PAD]_0 [PAD]_0 [PAD]_0 [PAD]_0 [PAD]_0 [PAD]_0 [PAD]_0 [PAD]_0 [PAD]_0 [PAD]_0 [PAD]_0 [PAD]_0 [PAD]_0 [PAD]_0 [PAD]_0 [PAD]_0 [PAD]_0 [SEP]_0 16_1 小_1 时_1 前_1 ?_1 -_1 ?_1 日_1 伪_1 重_1 编_1 户_1 口_1 、_1 发_1 放_1 良_1 民_1 证_1 ，_1 建_1 立_1 保_1 甲_1 制_1 ，_1 采_1 取_1 连_1 坐_1 及_1 限_1 制_1 人_1 身_1 自_1 由_1 等_1 办_1 法_1 ，_1 强_1 化_1 对_1 占_1 领_1 区_1 民_1 众_1 的_1 日_1 常_1 监_1 控_1 体_1 制_1 。_1 这_1 些_1 伪_1 政_1 权_1 与_1 日_1 军_1 系_1 统_1 ._1 ._1 [PAD]_1 [PAD]_1 [PAD]_1 [PAD]_1 [PAD]_1 [PAD]_1 [PAD]_1 [PAD]_1 [PAD]_1 [PAD]_1 [PAD]_1 [PAD]_1 [PAD]_1 [PAD]_1 [PAD]_1 [PAD]_1 [PAD]_1 [PAD]_1 [PAD]_1 [PAD]_1 [PAD]_1 [PAD]_1 [PAD]_1 [PAD]_1 [PAD]_1 [PAD]_1 [PAD]_1 [PAD]_1 [PAD]_1 [PAD]_1 [PAD]_1 [PAD]_1 [PAD]_1 [PAD]_1 [PAD]_1 [PAD]_1 [PAD]_1 [PAD]_1 [PAD]_1 [PAD]_1 [PAD]_1 [PAD]_1 [PAD]_1 [PAD]_1 [PAD]_1 [PAD]_1 [PAD]_1 [PAD]_1 [PAD]_1 [PAD]_1 [PAD]_1 [PAD]_1 [PAD]_1 [PAD]_1 [PAD]_1 [PAD]_1 [PAD]_1 [PAD]_1 [PAD]_1 [PAD]_1 [PAD]_1 [PAD]_1 [PAD]_1 [PAD]_1 [PAD]_1 [PAD]_1 [PAD]_1 [PAD]_1 [PAD]_1 [PAD]_1 [PAD]_1 [PAD]_1 [PAD]_1 [PAD]_1 [PAD]_1 [PAD]_1 [PAD]_1 [PAD]_1 [PAD]_1 [PAD]_1 [PAD]_1 [PAD]_1 [PAD]_1 [PAD]_1 [PAD]_1 [PAD]_1 [PAD]_1 [PAD]_1 [PAD]_1 [PAD]_1 [PAD]_1 [PAD]_1 [PAD]_1 [PAD]_1 [PAD]_1 [PAD]_1 [PAD]_1 [PAD]_1 [PAD]_1 [PAD]_1 [PAD]_1 [PAD]_1 [PAD]_1 [PAD]_1 [PAD]_1 [PAD]_1 [PAD]_1 [PAD]_1 [PAD]_1 [PAD]_1 [PAD]_1 [PAD]_1 [PAD]_1 [PAD]_1 [PAD]_1 [PAD]_1 [PAD]_1 [PAD]_1 [PAD]_1 [PAD]_1 [PAD]_1 [PAD]_1 [PAD]_1 [PAD]_1 [PAD]_1 [PAD]_1 [PAD]_1 [PAD]_1 [PAD]_1 [PAD]_1 [PAD]_1 [PAD]_1 [PAD]_1 [PAD]_1 [PAD]_1 [PAD]_1 [PAD]_1 [PAD]_1 [PAD]_1 [PAD]_1 [PAD]_1 [PAD]_1 [PAD]_1 [PAD]_1 [PAD]_1 [PAD]_1 [PAD]_1 [PAD]_1 [PAD]_1 [PAD]_1 [PAD]_1 [PAD]_1 [PAD]_1 [PAD]_1 [PAD]_1 [PAD]_1 [PAD]_1 [PAD]_1 [PAD]_1 [PAD]_1 [PAD]_1 [PAD]_1 [PAD]_1 [PAD]_1 [PAD]_1 [PAD]_1 [PAD]_1 [PAD]_1 [PAD]_1 [PAD]_1 [PAD]_1 [PAD]_1 [PAD]_1 [PAD]_1 [PAD]_1 [PAD]_1 [PAD]_1 [PAD]_1 [PAD]_1 [PAD]_1 [PAD]_1 [PAD]_1 [PAD]_1 [PAD]_1 [PAD]_1 [PAD]_1 [PAD]_1 [PAD]_1 [PAD]_1 [PAD]_1 [PAD]_1 [PAD]_1 [PAD]_1 [PAD]_1 [PAD]_1 [PAD]_1 [PAD]_1 [PAD]_1 [PAD]_1 [SEP]_1 [PAD]_1 [PAD]_1 [PAD]_1 [PAD]_1 [PAD]_1 [PAD]_1 [PAD]_1 [PAD]_1 [PAD]_1 [PAD]_1 [PAD]_1 [PAD]_1 [PAD]_1 [PAD]_1 [PAD]_1 [PAD]_1 [PAD]_1 [PAD]_1 [PAD]_1 [PAD]_1 [PAD]_1 [PAD]_1 [PAD]_1 [PAD]_1 [PAD]_1 [PAD]_1 [PAD]_1 [PAD]_1 [PAD]_1 [PAD]_1 [PAD]_1 [PAD]_1 [PAD]_1 [PAD]_1 [PAD]_1 [PAD]_1 [PAD]_1 [PAD]_1 [PAD]_1 [PAD]_1 [PAD]_1 [PAD]_1 [PAD]_1 [PAD]_1 [PAD]_1 [PAD]_1 [PAD]_1 [PAD]_1 [PAD]_1 [PAD]_1 [PAD]_1 [PAD]_1 [PAD]_1 [PAD]_1 [PAD]_1 [PAD]_1 [PAD]_1 [PAD]_1 [PAD]_1 [PAD]_1 [PAD]_1 [PAD]_1 [PAD]_1 [PAD]_1 [PAD]_1 [PAD]_1 [PAD]_1 [PAD]_1 [PAD]_1 [PAD]_1 [PAD]_1 [PAD]_1 [PAD]_1 [PAD]_1 [PAD]_1 [PAD]_1 [PAD]_1 [PAD]_1 [PAD]_1 [PAD]_1 [PAD]_1 [PAD]_1 [PAD]_1 [PAD]_1 [PAD]_1 [PAD]_1 [PAD]_1 [PAD]_1 [PAD]_1 [PAD]_1 [PAD]_1 [PAD]_1 [PAD]_1 [PAD]_1 [PAD]_1 [PAD]_1 [PAD]_1 [PAD]_1 [PAD]_1 [PAD]_1 [PAD]_1 [PAD]_1 [PAD]_1 [PAD]_1 [PAD]_1 16_1 小_1 时_1 前_1 ?_1 -_1 ?_1 日_1 伪_1 重_1 编_1 户_1 口_1 、_1 发_1 放_1 良_1 民_1 证_1 ，_1 建_1 立_1 保_1 甲_1 制_1 ，_1 采_1 取_1 连_1 坐_1 及_1 限_1 制_1 人_1 身_1 自_1 由_1 等_1 办_1 法_1 ，_1 强_1 化_1 对_1 占_1 领_1 区_1 民_1 众_1 的_1 日_1 常_1 监_1 控_1 体_1 制_1 。_1 这_1 些_1 伪_1 政_1 权_1 与_1 日_1 军_1 系_1 统_1 ._1 ._1 [SEP]_1
2019-10-27 10:35:26,305 Token Sample: [CLS]_0 县_0 政_0 协_0 副_0 主_0 席_0 高_0 永_0 新_0 检_0 查_0 指_0 导_0 博_0 峪_0 镇_0 各_0 项_0 重_0 点_0 工_0 作_0 [PAD]_0 [PAD]_0 [PAD]_0 [PAD]_0 [PAD]_0 [PAD]_0 [PAD]_0 [PAD]_0 [PAD]_0 [PAD]_0 [PAD]_0 [PAD]_0 [PAD]_0 [PAD]_0 [PAD]_0 [PAD]_0 [PAD]_0 [PAD]_0 [PAD]_0 [PAD]_0 [PAD]_0 [PAD]_0 [PAD]_0 [PAD]_0 [PAD]_0 [PAD]_0 [PAD]_0 [PAD]_0 [PAD]_0 [PAD]_0 [PAD]_0 [PAD]_0 [PAD]_0 [PAD]_0 [PAD]_0 [PAD]_0 [PAD]_0 [PAD]_0 [PAD]_0 [PAD]_0 [PAD]_0 [PAD]_0 [SEP]_0 5_1 月_1 23_1 日_1 ，_1 县_1 政_1 协_1 副_1 主_1 席_1 高_1 永_1 新_1 到_1 博_1 峪_1 镇_1 就_1 博_1 大_1 金_1 矿_1 尾_1 矿_1 生_1 态_1 恢_1 复_1 治_1 理_1 、_1 泥_1 石_1 流_1 灾_1 后_1 重_1 建_1 、_1 生_1 态_1 文_1 明_1 小_1 康_1 村_1 建_1 设_1 等_1 重_1 点_1 工_1 作_1 进_1 行_1 检_1 查_1 指_1 导_1 ，_1 博_1 峪_1 镇_1 党_1 政_1 负_1 责_1 人_1 陪_1 同_1 检_1 查_1 。_1 高_1 永_1 新_1 听_1 取_1 我_1 镇_1 矿_1 山_1 生_1 态_1 恢_1 复_1 治_1 理_1 工_1 作_1 情_1 况_1 的_1 汇_1 报_1 ，_1 并_1 深_1 入_1 已_1 经_1 关_1 停_1 的_1 博_1 大_1 金_1 矿_1 ，_1 查_1 看_1 矿_1 山_1 现_1 状_1 ，_1 对_1 矿_1 山_1 的_1 生_1 态_1 恢_1 复_1 与_1 治_1 理_1 进_1 行_1 现_1 场_1 指_1 导_1 。_1 高_1 永_1 新_1 强_1 调_1 ，_1 镇_1 政_1 府_1 要_1 严_1 格_1 按_1 照_1 相_1 关_1 要_1 求_1 进_1 行_1 环_1 境_1 治_1 理_1 与_1 生_1 态_1 恢_1 复_1 ，_1 认_1 真_1 履_1 行_1 职_1 责_1 ，_1 加_1 强_1 监_1 督_1 检_1 查_1 ，_1 切_1 实_1 落_1 实_1 生_1 态_1 恢_1 复_1 治_1 理_1 工_1 作_1 。_1 随_1 后_1 到_1 尖_1 吉_1 村_1 、_1 开_1 麻_1 村_1 检_1 查_1 指_1 导_1 泥_1 石_1 流_1 灾_1 后_1 重_1 建_1 及_1 生_1 态_1 文_1 明_1 小_1 康_1 村_1 建_1 设_1 工_1 作_1 。_1 对_1 我_1 镇_1 灾_1 后_1 重_1 建_1 及_1 生_1 态_1 文_1 明_1 小_1 康_1 村_1 建_1 设_1 工_1 作_1 予_1 以_1 充_1 分_1 的_1 肯_1 定_1 ，_1 并_1 对_1 当_1 前_1 存_1 在_1 的_1 问_1 题_1 提_1 出_1 指_1 导_1 意_1 见_1 [SEP]_1 指_1 导_1 泥_1 石_1 流_1 灾_1 后_1 重_1 建_1 及_1 生_1 态_1 文_1 明_1 小_1 康_1 村_1 建_1 设_1 工_1 作_1 。_1 对_1 我_1 镇_1 灾_1 后_1 重_1 建_1 及_1 生_1 态_1 文_1 明_1 小_1 康_1 村_1 建_1 设_1 工_1 作_1 予_1 以_1 充_1 分_1 的_1 肯_1 定_1 ，_1 并_1 对_1 当_1 前_1 存_1 在_1 的_1 问_1 题_1 提_1 出_1 指_1 导_1 意_1 见_1 。_1 高_1 永_1 新_1 要_1 求_1 ，_1 博_1 峪_1 镇_1 要_1 进_1 一_1 步_1 提_1 高_1 思_1 想_1 认_1 识_1 ，_1 创_1 新_1 工_1 作_1 方_1 式_1 方_1 法_1 。_1 在_1 生_1 态_1 文_1 明_1 小_1 康_1 村_1 打_1 造_1 中_1 ，_1 将_1 博_1 峪_1 采_1 花_1 文_1 化_1 融_1 合_1 到_1 藏_1 寨_1 打_1 造_1 中_1 ，_1 形_1 成_1 别_1 具_1 一_1 格_1 的_1 藏_1 式_1 风_1 格_1 ，_1 把_1 博_1 峪_1 建_1 设_1 成_1 生_1 态_1 、_1 环_1 保_1 、_1 绿_1 色_1 的_1 美_1 丽_1 乡_1 镇_1 。_1 ?_1 ?_1 图_1 文_1 ：_1 郭_1 才_1 让_1 编_1 辑_1 ：_1 郭_1 才_1 让_1 审_1 核_1 ：_1 王_1 ?_1 博_1 [SEP]_1
2019-10-27 10:35:37,042 seed everything and create model
2019-10-27 10:38:26,244 step 300 train loss: 0.5492
2019-10-27 10:38:26,245 step 300 score: 0.7560
2019-10-27 10:41:09,915 step 600 train loss: 0.4268
2019-10-27 10:41:09,916 step 600 score: 0.7607
2019-10-27 10:43:53,578 step 900 train loss: 0.3811
2019-10-27 10:43:53,578 step 900 score: 0.7894
2019-10-27 10:46:37,270 step 1200 train loss: 0.2917
2019-10-27 10:46:37,271 step 1200 score: 0.7404
2019-10-27 10:49:20,918 step 1500 train loss: 0.2661
2019-10-27 10:49:20,918 step 1500 score: 0.7976
2019-10-27 10:52:04,612 step 1800 train loss: 0.1626
2019-10-27 10:52:04,612 step 1800 score: 0.7899
2019-10-27 10:54:48,250 step 2100 train loss: 0.1714
2019-10-27 10:54:48,251 step 2100 score: 0.7962
2019-10-27 10:57:31,932 step 2400 train loss: 0.1333
2019-10-27 10:57:31,932 step 2400 score: 0.7889
2019-10-27 11:00:15,598 step 2700 train loss: 0.0847
2019-10-27 11:00:15,599 step 2700 score: 0.7998
2019-10-27 11:02:59,267 step 3000 train loss: 0.1080
2019-10-27 11:02:59,267 step 3000 score: 0.7922
2019-10-27 11:02:59,268 best score is 0.7998
2019-10-27 11:07:46,083 step 300 train loss: 0.5602
2019-10-27 11:07:46,083 step 300 score: 0.6322
2019-10-27 11:10:29,785 step 600 train loss: 0.4352
2019-10-27 11:10:29,785 step 600 score: 0.7871
2019-10-27 11:13:13,466 step 900 train loss: 0.3407
2019-10-27 11:13:13,466 step 900 score: 0.8010
2019-10-27 11:15:57,118 step 1200 train loss: 0.2991
2019-10-27 11:15:57,118 step 1200 score: 0.8103
2019-10-27 11:18:40,791 step 1500 train loss: 0.2658
2019-10-27 11:18:40,792 step 1500 score: 0.8193
2019-10-27 11:21:24,449 step 1800 train loss: 0.2002
2019-10-27 11:21:24,449 step 1800 score: 0.8047
2019-10-27 11:24:08,124 step 2100 train loss: 0.1603
2019-10-27 11:24:08,124 step 2100 score: 0.7979
2019-10-27 11:26:51,774 step 2400 train loss: 0.1319
2019-10-27 11:26:51,774 step 2400 score: 0.8176
2019-10-27 11:29:35,424 step 2700 train loss: 0.1083
2019-10-27 11:29:35,424 step 2700 score: 0.8132
2019-10-27 11:32:19,062 step 3000 train loss: 0.0922
2019-10-27 11:32:19,063 step 3000 score: 0.8146
2019-10-27 11:32:19,063 best score is 0.8193
2019-10-27 11:37:05,897 step 300 train loss: 0.6023
2019-10-27 11:37:05,898 step 300 score: 0.7755
2019-10-27 11:39:49,548 step 600 train loss: 0.4221
2019-10-27 11:39:49,548 step 600 score: 0.7887
2019-10-27 11:42:33,208 step 900 train loss: 0.3528
2019-10-27 11:42:33,208 step 900 score: 0.7727
2019-10-27 11:45:16,865 step 1200 train loss: 0.2853
2019-10-27 11:45:16,866 step 1200 score: 0.8038
2019-10-27 11:48:00,534 step 1500 train loss: 0.2973
2019-10-27 11:48:00,535 step 1500 score: 0.7829
2019-10-27 11:50:44,173 step 1800 train loss: 0.1672
2019-10-27 11:50:44,174 step 1800 score: 0.7900
2019-10-27 11:53:27,819 step 2100 train loss: 0.1813
2019-10-27 11:53:27,820 step 2100 score: 0.7885
2019-10-27 11:56:11,468 step 2400 train loss: 0.1192
2019-10-27 11:56:11,469 step 2400 score: 0.8025
2019-10-27 11:58:55,127 step 2700 train loss: 0.1074
2019-10-27 11:58:55,127 step 2700 score: 0.7950
2019-10-27 11:58:55,128 best score is 0.8038
2019-10-27 12:03:41,972 step 300 train loss: 0.5822
2019-10-27 12:03:41,972 step 300 score: 0.7537
2019-10-27 12:06:25,629 step 600 train loss: 0.4077
2019-10-27 12:06:25,629 step 600 score: 0.7352
2019-10-27 12:09:09,279 step 900 train loss: 0.3215
2019-10-27 12:09:09,280 step 900 score: 0.7638
2019-10-27 12:11:52,921 step 1200 train loss: 0.2968
2019-10-27 12:11:52,921 step 1200 score: 0.7889
2019-10-27 12:14:36,570 step 1500 train loss: 0.2630
2019-10-27 12:14:36,570 step 1500 score: 0.7761
2019-10-27 12:17:20,224 step 1800 train loss: 0.1736
2019-10-27 12:17:20,224 step 1800 score: 0.7726
2019-10-27 12:20:03,868 step 2100 train loss: 0.1681
2019-10-27 12:20:03,868 step 2100 score: 0.7733
2019-10-27 12:22:47,510 step 2400 train loss: 0.1188
2019-10-27 12:22:47,510 step 2400 score: 0.7827
2019-10-27 12:25:31,177 step 2700 train loss: 0.0969
2019-10-27 12:25:31,178 step 2700 score: 0.7758
2019-10-27 12:25:31,178 best score is 0.7889
2019-10-27 12:30:18,144 step 300 train loss: 0.5514
2019-10-27 12:30:18,144 step 300 score: 0.6398
2019-10-27 12:33:01,891 step 600 train loss: 0.4086
2019-10-27 12:33:01,891 step 600 score: 0.7741
2019-10-27 12:35:45,692 step 900 train loss: 0.3262
2019-10-27 12:35:45,692 step 900 score: 0.8169
2019-10-27 12:38:29,427 step 1200 train loss: 0.2870
2019-10-27 12:38:29,427 step 1200 score: 0.7999
2019-10-27 12:41:13,120 step 1500 train loss: 0.2820
2019-10-27 12:41:13,120 step 1500 score: 0.7996
2019-10-27 12:43:56,861 step 1800 train loss: 0.1601
2019-10-27 12:43:56,861 step 1800 score: 0.7886
2019-10-27 12:46:40,603 step 2100 train loss: 0.1745
2019-10-27 12:46:40,603 step 2100 score: 0.8069
2019-10-27 12:49:24,412 step 2400 train loss: 0.1316
2019-10-27 12:49:24,412 step 2400 score: 0.8165
2019-10-27 12:49:24,413 best score is 0.8169
2019-10-27 12:51:27,569 average: 0.805754
