2019-10-25 16:08:29,277 log_in_file: True
2019-10-25 16:08:29,277 lm_path: /home/wangzl/PretrainedLM/BERT/New/chinese_wwm_ext_pytorch
2019-10-25 16:08:29,277 lm_type: bert
2019-10-25 16:08:29,277 data_path: ../data/
2019-10-25 16:08:29,277 usegpu: True
2019-10-25 16:08:29,277 total_step: 800
2019-10-25 16:08:29,277 eval_every: 80
2019-10-25 16:08:29,277 early_stop: 4
2019-10-25 16:08:29,277 max_length: 360
2019-10-25 16:08:29,277 max_title_rate: 0.125
2019-10-25 16:08:29,277 content_head_rate: 0.6
2019-10-25 16:08:29,277 batch_size: 16
2019-10-25 16:08:29,277 lr_scheduler_type: linear
2019-10-25 16:08:29,277 input_pattern: head+tail+fixed
2019-10-25 16:08:29,277 clean_method: space+notzh
2019-10-25 16:08:29,277 warmup_rate: 0.1
2019-10-25 16:08:29,277 classifier_dropout: 0.3
2019-10-25 16:08:29,278 classifier_active: tanh
2019-10-25 16:08:29,278 cache_final_model: False
2019-10-25 16:08:29,278 seed: 23
2019-10-25 16:08:29,278 lr: 2e-05
2019-10-25 16:08:29,278 lr_decay_in_layers: 0.95
2019-10-25 16:08:29,278 wd_decay_in_layers: 1.0
2019-10-25 16:08:29,278 weight_decay: 0.01
2019-10-25 16:08:29,294 padding token is 0
2019-10-25 16:08:57,443 Token Sample: [CLS]_0 全_0 市_0 [UNK]_0 平_0 安_0 家_0 庭_0 [UNK]_0 创_0 建_0 工_0 作_0 会_0 议_0 召_0 开_0 [PAD]_0 [PAD]_0 [PAD]_0 [PAD]_0 [PAD]_0 [PAD]_0 [PAD]_0 [PAD]_0 [PAD]_0 [PAD]_0 [PAD]_0 [PAD]_0 [PAD]_0 [PAD]_0 [PAD]_0 [PAD]_0 [PAD]_0 [PAD]_0 [PAD]_0 [PAD]_0 [PAD]_0 [PAD]_0 [PAD]_0 [PAD]_0 [PAD]_0 [PAD]_0 [PAD]_0 [PAD]_0 [PAD]_0 [SEP]_0 为_1 深_1 化_1 我_1 市_1 [UNK]_1 平_1 安_1 家_1 庭_1 [UNK]_1 创_1 建_1 工_1 作_1 ，_1 全_1 面_1 研_1 究_1 部_1 署_1 当_1 前_1 和_1 今_1 后_1 一_1 段_1 时_1 期_1 平_1 安_1 家_1 庭_1 创_1 建_1 工_1 作_1 的_1 思_1 路_1 与_1 主_1 要_1 任_1 务_1 ，_1 近_1 日_1 ，_1 市_1 综_1 治_1 办_1 、_1 市_1 妇_1 联_1 召_1 开_1 玉_1 溪_1 市_1 2018_1 年_1 [UNK]_1 平_1 安_1 家_1 庭_1 [UNK]_1 创_1 建_1 活_1 动_1 工_1 作_1 会_1 。_1 会_1 议_1 指_1 出_1 ，_1 2018_1 年_1 [UNK]_1 平_1 安_1 家_1 庭_1 [UNK]_1 创_1 建_1 的_1 主_1 要_1 任_1 务_1 是_1 全_1 面_1 贯_1 彻_1 习_1 近_1 平_1 新_1 时_1 代_1 中_1 国_1 特_1 色_1 社_1 会_1 主_1 义_1 思_1 想_1 和_1 党_1 的_1 十_1 九_1 大_1 精_1 神_1 ，_1 围_1 绕_1 玉_1 溪_1 市_1 [UNK]_1 平_1 安_1 玉_1 溪_1 [UNK]_1 [UNK]_1 法_1 治_1 玉_1 溪_1 [UNK]_1 建_1 设_1 目_1 标_1 ，_1 以_1 提_1 高_1 [UNK]_1 平_1 安_1 家_1 庭_1 [UNK]_1 创_1 建_1 工_1 作_1 成_1 效_1 、_1 增_1 强_1 创_1 建_1 活_1 力_1 为_1 重_1 点_1 ，_1 从_1 影_1 响_1 家_1 庭_1 平_1 安_1 的_1 主_1 要_1 问_1 [SEP]_1 入_1 手_1 ，_1 以_1 加_1 强_1 家_1 庭_1 平_1 安_1 创_1 建_1 工_1 作_1 机_1 制_1 建_1 设_1 为_1 目_1 标_1 ，_1 加_1 强_1 宣_1 传_1 服_1 务_1 ，_1 突_1 出_1 基_1 层_1 创_1 建_1 ，_1 深_1 入_1 开_1 展_1 [UNK]_1 平_1 安_1 家_1 庭_1 [UNK]_1 创_1 建_1 工_1 作_1 ，_1 为_1 维_1 护_1 社_1 会_1 和_1 谐_1 稳_1 定_1 作_1 出_1 新_1 贡_1 献_1 。_1 会_1 上_1 ，_1 市_1 、_1 县_1 区_1 [UNK]_1 平_1 安_1 家_1 庭_1 [UNK]_1 创_1 建_1 领_1 导_1 小_1 组_1 分_1 别_1 签_1 订_1 了_1 《_1 玉_1 溪_1 市_1 平_1 安_1 家_1 庭_1 创_1 建_1 活_1 动_1 2018_1 年_1 度_1 目_1 标_1 责_1 任_1 书_1 》_1 。_1 （_1 玉_1 溪_1 日_1 报_1 记_1 者_1 马_1 兰_1 ）_1 [SEP]_1
2019-10-25 16:09:35,802 Token Sample: [CLS]_0 【_0 惠_0 泽_0 网_0 投_0 】_0 __0 *_0 跑_0 狗_0 图_0 *_0 __0 惠_0 泽_0 网_0 投_0 【_0 唯_0 一_0 首_0 选_0 】_0 [PAD]_0 [PAD]_0 [PAD]_0 [PAD]_0 [PAD]_0 [PAD]_0 [PAD]_0 [PAD]_0 [PAD]_0 [PAD]_0 [PAD]_0 [PAD]_0 [PAD]_0 [PAD]_0 [PAD]_0 [PAD]_0 [PAD]_0 [PAD]_0 [PAD]_0 [PAD]_0 [PAD]_0 [PAD]_0 [SEP]_0 1_1 天_1 前_1 ?_1 -_1 ?_1 惠_1 泽_1 网_1 投_1 以_1 行_1 业_1 管_1 理_1 为_1 保_1 障_1 ，_1 推_1 动_1 旅_1 游_1 业_1 健_1 康_1 持_1 续_1 发_1 展_1 。_1 ._1 ._1 ._1 惠_1 泽_1 网_1 投_1 -_1 -_1 -_1 祁_1 东_1 新_1 闻_1 网_1 正_1 他_1 最_1 多_1 是_1 将_1 她_1 打_1 回_1 原_1 形_1 开_1 口_1 ._1 ._1 ._1 y_1 ##oka_1 移_1 动_1 版_1 扫_1 描_1 查_1 看_1 y_1 ##oka_1 时_1 尚_1 网_1 官_1 方_1 ._1 ._1 [PAD]_1 [PAD]_1 [PAD]_1 [PAD]_1 [PAD]_1 [PAD]_1 [PAD]_1 [PAD]_1 [PAD]_1 [PAD]_1 [PAD]_1 [PAD]_1 [PAD]_1 [PAD]_1 [PAD]_1 [PAD]_1 [PAD]_1 [PAD]_1 [PAD]_1 [PAD]_1 [PAD]_1 [PAD]_1 [PAD]_1 [PAD]_1 [PAD]_1 [PAD]_1 [PAD]_1 [PAD]_1 [PAD]_1 [PAD]_1 [PAD]_1 [PAD]_1 [PAD]_1 [PAD]_1 [PAD]_1 [PAD]_1 [PAD]_1 [PAD]_1 [PAD]_1 [PAD]_1 [PAD]_1 [PAD]_1 [PAD]_1 [PAD]_1 [PAD]_1 [PAD]_1 [PAD]_1 [PAD]_1 [PAD]_1 [PAD]_1 [PAD]_1 [PAD]_1 [PAD]_1 [PAD]_1 [PAD]_1 [PAD]_1 [PAD]_1 [PAD]_1 [PAD]_1 [PAD]_1 [PAD]_1 [PAD]_1 [PAD]_1 [PAD]_1 [PAD]_1 [PAD]_1 [PAD]_1 [PAD]_1 [PAD]_1 [PAD]_1 [PAD]_1 [PAD]_1 [PAD]_1 [PAD]_1 [PAD]_1 [PAD]_1 [PAD]_1 [PAD]_1 [PAD]_1 [PAD]_1 [PAD]_1 [PAD]_1 [PAD]_1 [PAD]_1 [PAD]_1 [PAD]_1 [PAD]_1 [PAD]_1 [PAD]_1 [PAD]_1 [PAD]_1 [PAD]_1 [PAD]_1 [PAD]_1 [PAD]_1 [PAD]_1 [PAD]_1 [PAD]_1 [PAD]_1 [PAD]_1 [PAD]_1 [PAD]_1 [PAD]_1 [PAD]_1 [PAD]_1 [PAD]_1 [PAD]_1 [PAD]_1 [PAD]_1 [SEP]_1 [PAD]_1 [PAD]_1 [PAD]_1 [PAD]_1 [PAD]_1 [PAD]_1 [PAD]_1 [PAD]_1 [PAD]_1 [PAD]_1 [PAD]_1 [PAD]_1 [PAD]_1 [PAD]_1 [PAD]_1 [PAD]_1 [PAD]_1 [PAD]_1 [PAD]_1 [PAD]_1 [PAD]_1 [PAD]_1 [PAD]_1 [PAD]_1 [PAD]_1 [PAD]_1 [PAD]_1 [PAD]_1 [PAD]_1 [PAD]_1 [PAD]_1 [PAD]_1 [PAD]_1 [PAD]_1 [PAD]_1 [PAD]_1 [PAD]_1 [PAD]_1 [PAD]_1 [PAD]_1 [PAD]_1 [PAD]_1 1_1 天_1 前_1 ?_1 -_1 ?_1 惠_1 泽_1 网_1 投_1 以_1 行_1 业_1 管_1 理_1 为_1 保_1 障_1 ，_1 推_1 动_1 旅_1 游_1 业_1 健_1 康_1 持_1 续_1 发_1 展_1 。_1 ._1 ._1 ._1 惠_1 泽_1 网_1 投_1 -_1 -_1 -_1 祁_1 东_1 新_1 闻_1 网_1 正_1 他_1 最_1 多_1 是_1 将_1 她_1 打_1 回_1 原_1 形_1 开_1 口_1 ._1 ._1 ._1 y_1 ##oka_1 移_1 动_1 版_1 扫_1 描_1 查_1 看_1 y_1 ##oka_1 时_1 尚_1 网_1 官_1 方_1 ._1 ._1 [SEP]_1
2019-10-25 16:09:54,217 Token Sample: [CLS]_0 权_0 威_0 辟_0 谣_0 !_0 这_0 些_0 关_0 于_0 社_0 保_0 的_0 谣_0 言_0 千_0 万_0 别_0 信_0 !_0 [PAD]_0 [PAD]_0 [PAD]_0 [PAD]_0 [PAD]_0 [PAD]_0 [PAD]_0 [PAD]_0 [PAD]_0 [PAD]_0 [PAD]_0 [PAD]_0 [PAD]_0 [PAD]_0 [PAD]_0 [PAD]_0 [PAD]_0 [PAD]_0 [PAD]_0 [PAD]_0 [PAD]_0 [PAD]_0 [PAD]_0 [PAD]_0 [PAD]_0 [PAD]_0 [SEP]_0 下_1 面_1 这_1 些_1 谣_1 言_1 ，_1 您_1 千_1 万_1 别_1 相_1 信_1 ！_1 来_1 源_1 ：_1 茂_1 名_1 人_1 社_1 、_1 人_1 社_1 部_1 、_1 茂_1 名_1 发_1 布_1 版_1 权_1 声_1 明_1 版_1 权_1 原_1 作_1 者_1 所_1 有_1 ，_1 如_1 有_1 侵_1 犯_1 您_1 的_1 权_1 益_1 ，_1 请_1 及_1 时_1 联_1 系_1 ，_1 我_1 们_1 将_1 在_1 24_1 小_1 时_1 之_1 内_1 删_1 除_1 [PAD]_1 [PAD]_1 [PAD]_1 [PAD]_1 [PAD]_1 [PAD]_1 [PAD]_1 [PAD]_1 [PAD]_1 [PAD]_1 [PAD]_1 [PAD]_1 [PAD]_1 [PAD]_1 [PAD]_1 [PAD]_1 [PAD]_1 [PAD]_1 [PAD]_1 [PAD]_1 [PAD]_1 [PAD]_1 [PAD]_1 [PAD]_1 [PAD]_1 [PAD]_1 [PAD]_1 [PAD]_1 [PAD]_1 [PAD]_1 [PAD]_1 [PAD]_1 [PAD]_1 [PAD]_1 [PAD]_1 [PAD]_1 [PAD]_1 [PAD]_1 [PAD]_1 [PAD]_1 [PAD]_1 [PAD]_1 [PAD]_1 [PAD]_1 [PAD]_1 [PAD]_1 [PAD]_1 [PAD]_1 [PAD]_1 [PAD]_1 [PAD]_1 [PAD]_1 [PAD]_1 [PAD]_1 [PAD]_1 [PAD]_1 [PAD]_1 [PAD]_1 [PAD]_1 [PAD]_1 [PAD]_1 [PAD]_1 [PAD]_1 [PAD]_1 [PAD]_1 [PAD]_1 [PAD]_1 [PAD]_1 [PAD]_1 [PAD]_1 [PAD]_1 [PAD]_1 [PAD]_1 [PAD]_1 [PAD]_1 [PAD]_1 [PAD]_1 [PAD]_1 [PAD]_1 [PAD]_1 [PAD]_1 [PAD]_1 [PAD]_1 [PAD]_1 [PAD]_1 [PAD]_1 [PAD]_1 [PAD]_1 [PAD]_1 [PAD]_1 [PAD]_1 [PAD]_1 [PAD]_1 [PAD]_1 [PAD]_1 [PAD]_1 [PAD]_1 [PAD]_1 [PAD]_1 [PAD]_1 [PAD]_1 [PAD]_1 [PAD]_1 [PAD]_1 [PAD]_1 [PAD]_1 [PAD]_1 [PAD]_1 [PAD]_1 [PAD]_1 [PAD]_1 [PAD]_1 [PAD]_1 [PAD]_1 [PAD]_1 [PAD]_1 [PAD]_1 [PAD]_1 [PAD]_1 [PAD]_1 [PAD]_1 [SEP]_1 [PAD]_1 [PAD]_1 [PAD]_1 [PAD]_1 [PAD]_1 [PAD]_1 [PAD]_1 [PAD]_1 [PAD]_1 [PAD]_1 [PAD]_1 [PAD]_1 [PAD]_1 [PAD]_1 [PAD]_1 [PAD]_1 [PAD]_1 [PAD]_1 [PAD]_1 [PAD]_1 [PAD]_1 [PAD]_1 [PAD]_1 [PAD]_1 [PAD]_1 [PAD]_1 [PAD]_1 [PAD]_1 [PAD]_1 [PAD]_1 [PAD]_1 [PAD]_1 [PAD]_1 [PAD]_1 [PAD]_1 [PAD]_1 [PAD]_1 [PAD]_1 [PAD]_1 [PAD]_1 [PAD]_1 [PAD]_1 [PAD]_1 [PAD]_1 [PAD]_1 [PAD]_1 [PAD]_1 [PAD]_1 [PAD]_1 [PAD]_1 [PAD]_1 [PAD]_1 [PAD]_1 [PAD]_1 下_1 面_1 这_1 些_1 谣_1 言_1 ，_1 您_1 千_1 万_1 别_1 相_1 信_1 ！_1 来_1 源_1 ：_1 茂_1 名_1 人_1 社_1 、_1 人_1 社_1 部_1 、_1 茂_1 名_1 发_1 布_1 版_1 权_1 声_1 明_1 版_1 权_1 原_1 作_1 者_1 所_1 有_1 ，_1 如_1 有_1 侵_1 犯_1 您_1 的_1 权_1 益_1 ，_1 请_1 及_1 时_1 联_1 系_1 ，_1 我_1 们_1 将_1 在_1 24_1 小_1 时_1 之_1 内_1 删_1 除_1 [SEP]_1
2019-10-25 16:10:03,132 seed everything and create model
2019-10-25 16:11:11,391 step 80 train loss: 0.7703
2019-10-25 16:11:11,391 step 80 score: 0.5918
2019-10-25 16:12:13,293 step 160 train loss: 0.5303
2019-10-25 16:12:13,293 step 160 score: 0.7394
2019-10-25 16:13:15,196 step 240 train loss: 0.4958
2019-10-25 16:13:15,197 step 240 score: 0.7529
2019-10-25 16:14:17,094 step 320 train loss: 0.4306
2019-10-25 16:14:17,094 step 320 score: 0.7539
2019-10-25 16:15:18,994 step 400 train loss: 0.3986
2019-10-25 16:15:18,994 step 400 score: 0.7527
2019-10-25 16:16:20,886 step 480 train loss: 0.3623
2019-10-25 16:16:20,886 step 480 score: 0.7837
2019-10-25 16:17:22,781 step 560 train loss: 0.3443
2019-10-25 16:17:22,781 step 560 score: 0.7880
2019-10-25 16:18:24,681 step 640 train loss: 0.3605
2019-10-25 16:18:24,681 step 640 score: 0.7845
2019-10-25 16:19:26,571 step 720 train loss: 0.3424
2019-10-25 16:19:26,572 step 720 score: 0.7773
2019-10-25 16:20:28,465 step 800 train loss: 0.3275
2019-10-25 16:20:28,465 step 800 score: 0.7784
2019-10-25 16:20:28,466 best score is 0.7880
