2019-10-23 09:43:30,076 log_in_file: True
2019-10-23 09:43:30,076 lm_path: /home/wangzl/PretrainedLM/BERT/New/chinese_wwm_ext_pytorch
2019-10-23 09:43:30,076 lm_type: bert
2019-10-23 09:43:30,076 data_path: ../data/
2019-10-23 09:43:30,076 usegpu: True
2019-10-23 09:43:30,076 use_origin: True
2019-10-23 09:43:30,076 total_step: 1500
2019-10-23 09:43:30,076 eval_every: 150
2019-10-23 09:43:30,076 early_stop: 4
2019-10-23 09:43:30,076 max_length: 360
2019-10-23 09:43:30,076 max_title_rate: 0.125
2019-10-23 09:43:30,076 content_head_rate: 0.6
2019-10-23 09:43:30,076 batch_size: 16
2019-10-23 09:43:30,076 lr_scheduler_type: linear
2019-10-23 09:43:30,076 input_pattern: sentence
2019-10-23 09:43:30,076 clean_method: space+notzh
2019-10-23 09:43:30,076 warmup_rate: 0.1
2019-10-23 09:43:30,076 classifier_dropout: 0.3
2019-10-23 09:43:30,076 classifier_weight_decay: 0.0
2019-10-23 09:43:30,076 cache_final_model: False
2019-10-23 09:43:30,076 seed: 23
2019-10-23 09:43:30,076 lr: 2e-05
2019-10-23 09:43:30,077 lr_decay_in_layers: 0.95
2019-10-23 09:43:30,077 weight_decay: 0.01
2019-10-23 09:43:30,093 padding token is 0
2019-10-23 09:43:59,194 Token Sample: [CLS]_0 长_0 期_0 步_0 行_0 给_0 人_0 体_0 带_0 来_0 的_0 变_0 化_0 ，_0 通_0 筋_0 络_0 更_0 健_0 康_0 !_0 [SEP]_0 二_1 、_1 打_1 开_1 经_1 络_1 长_1 期_1 坐_1 在_1 办_1 公_1 室_1 ，_1 没_1 注_1 意_1 身_1 体_1 ，_1 经_1 络_1 僵_1 硬_1 了_1 ，_1 全_1 身_1 会_1 有_1 小_1 疙_1 瘩_1 ，_1 坚_1 持_1 步_1 行_1 ，_1 疙_1 瘩_1 就_1 少_1 很_1 多_1 。_1 三_1 、_1 放_1 松_1 脉_1 搏_1 经_1 络_1 不_1 通_1 ，_1 脉_1 搏_1 自_1 然_1 僵_1 硬_1 ，_1 全_1 身_1 都_1 很_1 紧_1 张_1 ，_1 很_1 僵_1 硬_1 ，_1 每_1 天_1 下_1 午_1 步_1 行_1 半_1 个_1 小_1 时_1 ，_1 全_1 身_1 放_1 松_1 了_1 。_1 四_1 、_1 身_1 心_1 轻_1 安_1 身_1 心_1 不_1 和_1 ，_1 身_1 心_1 不_1 安_1 ，_1 身_1 心_1 不_1 平_1 ，_1 身_1 心_1 疾_1 病_1 都_1 来_1 自_1 于_1 气_1 血_1 不_1 通_1 ，_1 气_1 血_1 不_1 通_1 的_1 原_1 因_1 就_1 是_1 经_1 络_1 不_1 通_1 ，_1 所_1 以_1 ，_1 身_1 心_1 都_1 不_1 自_1 由_1 ，_1 通_1 过_1 走_1 路_1 ，_1 气_1 血_1 通_1 畅_1 了_1 ，_1 身_1 心_1 就_1 自_1 由_1 了_1 。_1 五_1 、_1 增_1 加_1 心_1 脏_1 功_1 能_1 不_1 爱_1 运_1 动_1 ，_1 所_1 以_1 心_1 脏_1 不_1 好_1 ，_1 步_1 行_1 ，_1 我_1 发_1 现_1 ，_1 步_1 行_1 能_1 增_1 强_1 心_1 脏_1 功_1 能_1 ，_1 使_1 心_1 脏_1 慢_1 而_1 有_1 力_1 。_1 六_1 、_1 打_1 通_1 血_1 管_1 医_1 学_1 讲_1 ，_1 步_1 行_1 能_1 增_1 强_1 血_1 管_1 弹_1 性_1 ，_1 减_1 少_1 血_1 管_1 破_1 裂_1 的_1 可_1 能_1 性_1 ，_1 我_1 相_1 信_1 这_1 句_1 话_1 ，_1 因_1 为_1 ，_1 步_1 行_1 能_1 够_1 增_1 强_1 全_1 身_1 弹_1 性_1 。_1 七_1 、_1 增_1 强_1 肌_1 肉_1 力_1 量_1 生_1 活_1 没_1 有_1 规_1 律_1 ，_1 易_1 导_1 致_1 全_1 身_1 肌_1 肉_1 僵_1 硬_1 而_1 没_1 有_1 弹_1 性_1 ，_1 就_1 是_1 没_1 有_1 力_1 量_1 ，_1 通_1 过_1 步_1 行_1 之_1 后_1 增_1 强_1 肌_1 肉_1 力_1 量_1 ，_1 还_1 有_1 强_1 健_1 腿_1 力_1 和_1 足_1 力_1 、_1 筋_1 骨_1 ，_1 而_1 且_1 关_1 节_1 也_1 会_1 变_1 得_1 灵_1 [SEP]_1
2019-10-23 09:44:17,473 Token Sample: [CLS]_0 早_0 餐_0 店_0 占_0 道_0 经_0 营_0 雨_0 湖_0 区_0 云_0 塘_0 街_0 道_0 依_0 法_0 责_0 令_0 停_0 业_0 [SEP]_0 近_1 日_1 ，_1 街_1 道_1 工_1 作_1 人_1 员_1 责_1 令_1 占_1 道_1 早_1 餐_1 店_1 立_1 即_1 停_1 止_1 营_1 业_1 ，_1 限_1 期_1 搬_1 离_1 。_1 日_1 前_1 ，_1 云_1 塘_1 街_1 道_1 行_1 政_1 执_1 法_1 中_1 队_1 在_1 日_1 常_1 巡_1 查_1 时_1 ，_1 发_1 现_1 三_1 桥_1 布_1 市_1 场_1 一_1 消_1 防_1 通_1 道_1 内_1 一_1 家_1 早_1 餐_1 店_1 私_1 自_1 占_1 用_1 消_1 防_1 通_1 道_1 进_1 行_1 经_1 营_1 ，_1 执_1 法_1 人_1 员_1 当_1 场_1 对_1 当_1 事_1 人_1 下_1 达_1 了_1 责_1 令_1 整_1 改_1 通_1 知_1 书_1 ，_1 并_1 对_1 当_1 事_1 人_1 进_1 行_1 了_1 批_1 评_1 教_1 育_1 ，_1 要_1 求_1 其_1 当_1 场_1 停_1 止_1 营_1 业_1 ，_1 清_1 扫_1 干_1 净_1 通_1 道_1 内_1 环_1 境_1 卫_1 生_1 并_1 在_1 限_1 期_1 内_1 搬_1 离_1 。_1 据_1 悉_1 ，_1 三_1 桥_1 布_1 市_1 内_1 流_1 动_1 摊_1 贩_1 多_1 ，_1 大_1 部_1 分_1 都_1 是_1 住_1 在_1 附_1 近_1 的_1 村_1 民_1 。_1 为_1 进_1 一_1 步_1 规_1 范_1 市_1 场_1 周_1 边_1 秩_1 序_1 ，_1 切_1 实_1 改_1 变_1 [UNK]_1 脏_1 、_1 乱_1 、_1 差_1 [UNK]_1 现_1 象_1 ，_1 雨_1 湖_1 区_1 云_1 塘_1 街_1 道_1 城_1 管_1 办_1 组_1 织_1 行_1 政_1 执_1 法_1 中_1 队_1 、_1 社_1 区_1 对_1 三_1 桥_1 布_1 市_1 场_1 市_1 容_1 环_1 境_1 进_1 行_1 了_1 一_1 次_1 重_1 点_1 整_1 治_1 ，_1 对_1 屡_1 教_1 不_1 改_1 的_1 流_1 动_1 摊_1 贩_1 ，_1 依_1 法_1 暂_1 扣_1 了_1 经_1 营_1 工_1 具_1 。_1 通_1 过_1 整_1 治_1 ，_1 三_1 桥_1 布_1 市_1 环_1 境_1 秩_1 序_1 得_1 到_1 明_1 显_1 改_1 善_1 。_1 >_1 >_1 返_1 回_1 湘_1 潭_1 在_1 线_1 首_1 页_1 [PAD]_1 [PAD]_1 [PAD]_1 [PAD]_1 [PAD]_1 [PAD]_1 [PAD]_1 [PAD]_1 [PAD]_1 [PAD]_1 [PAD]_1 [PAD]_1 [PAD]_1 [PAD]_1 [PAD]_1 [PAD]_1 [PAD]_1 [PAD]_1 [PAD]_1 [PAD]_1 [PAD]_1 [PAD]_1 [PAD]_1 [PAD]_1 [PAD]_1 [PAD]_1 [PAD]_1 [PAD]_1 [PAD]_1 [PAD]_1 [PAD]_1 [PAD]_1 [PAD]_1 [PAD]_1 [PAD]_1 [PAD]_1 [PAD]_1 [PAD]_1 [PAD]_1 [PAD]_1 [PAD]_1 [PAD]_1 [PAD]_1 [PAD]_1 [PAD]_1 [PAD]_1 [PAD]_1 [PAD]_1 [PAD]_1 [SEP]_1
2019-10-23 09:45:03,461 Token Sample: [CLS]_0 骑_0 士_0 不_0 仅_0 赢_0 下_0 了_0 抢_0 7_0 还_0 赢_0 下_0 了_0 自_0 信_0 心_0 ，_0 詹_0 姆_0 斯_0 一_0 战_0 激_0 活_0 了_0 [UNK]_0 三_0 废_0 品_0 [UNK]_0 [SEP]_0 原_1 因_1 非_1 常_1 简_1 单_1 那_1 就_1 是_1 在_1 昨_1 天_1 凌_1 晨_1 1_1 :_1 30_1 克_1 利_1 夫_1 兰_1 速_1 贷_1 球_1 馆_1 迎_1 来_1 他_1 们_1 历_1 史_1 上_1 的_1 第_1 一_1 个_1 抢_1 7_1 大_1 战_1 ，_1 虽_1 然_1 说_1 这_1 场_1 比_1 赛_1 一_1 波_1 多_1 折_1 尤_1 其_1 是_1 詹_1 姆_1 斯_1 更_1 是_1 累_1 到_1 抽_1 筋_1 返_1 回_1 了_1 更_1 衣_1 室_1 ，_1 回_1 来_1 之_1 后_1 只_1 能_1 依_1 靠_1 吃_1 橘_1 子_1 来_1 恢_1 复_1 体_1 力_1 。_1 不_1 过_1 即_1 便_1 如_1 此_1 詹_1 姆_1 斯_1 依_1 旧_1 在_1 最_1 后_1 的_1 8_1 分_1 钟_1 时_1 间_1 里_1 上_1 场_1 继_1 续_1 比_1 赛_1 ，_1 最_1 终_1 骑_1 士_1 靠_1 着_1 詹_1 姆_1 斯_1 ，_1 靠_1 着_1 骑_1 士_1 全_1 队_1 的_1 发_1 挥_1 最_1 终_1 赢_1 得_1 了_1 抢_1 7_1 战_1 的_1 胜_1 利_1 ，_1 同_1 时_1 也_1 赢_1 下_1 了_1 速_1 贷_1 球_1 馆_1 第_1 一_1 个_1 抢_1 七_1 战_1 的_1 胜_1 利_1 。_1 不_1 得_1 不_1 说_1 骑_1 士_1 能_1 够_1 赢_1 得_1 这_1 场_1 比_1 赛_1 最_1 大_1 的_1 功_1 臣_1 无_1 疑_1 就_1 是_1 詹_1 姆_1 斯_1 ，_1 全_1 场_1 比_1 赛_1 詹_1 姆_1 斯_1 出_1 战_1 43_1 分_1 钟_1 ，_1 25_1 投_1 16_1 中_1 投_1 篮_1 命_1 中_1 率_1 64_1 %_1 ，_1 得_1 到_1 45_1 分_1 9_1 篮_1 板_1 7_1 助_1 攻_1 。_1 尤_1 其_1 在_1 上_1 半_1 场_1 詹_1 姆_1 斯_1 就_1 早_1 早_1 的_1 开_1 启_1 了_1 得_1 分_1 模_1 式_1 前_1 7_1 投_1 的_1 命_1 中_1 率_1 是_1 100_1 %_1 ，_1 而_1 且_1 两_1 节_1 战_1 罢_1 詹_1 姆_1 斯_1 就_1 依_1 旧_1 拿_1 到_1 了_1 28_1 分_1 了_1 ，_1 同_1 时_1 在_1 最_1 少_1 后_1 步_1 行_1 者_1 疯_1 狂_1 追_1 分_1 的_1 时_1 候_1 又_1 是_1 詹_1 姆_1 斯_1 一_1 人_1 挽_1 救_1 了_1 骑_1 士_1 ，_1 毫_1 不_1 夸_1 张_1 的_1 说_1 如_1 果_1 不_1 是_1 詹_1 姆_1 斯_1 骑_1 士_1 想_1 要_1 赢_1 [SEP]_1
2019-10-23 09:45:30,185 seed everything and create model
2019-10-23 09:47:19,095 step 150 train loss: 0.5877
2019-10-23 09:47:19,096 step 150 score: 0.6310
2019-10-23 09:49:03,256 step 300 train loss: 0.4216
2019-10-23 09:49:03,256 step 300 score: 0.7785
2019-10-23 09:50:47,427 step 450 train loss: 0.3486
2019-10-23 09:50:47,427 step 450 score: 0.7840
2019-10-23 09:52:31,580 step 600 train loss: 0.2692
2019-10-23 09:52:31,580 step 600 score: 0.7509
2019-10-23 09:54:15,742 step 750 train loss: 0.2870
2019-10-23 09:54:15,742 step 750 score: 0.8027
2019-10-23 09:55:59,908 step 900 train loss: 0.1692
2019-10-23 09:55:59,909 step 900 score: 0.7771
2019-10-23 09:57:44,055 step 1050 train loss: 0.1690
2019-10-23 09:57:44,055 step 1050 score: 0.7817
2019-10-23 09:59:28,206 step 1200 train loss: 0.1089
2019-10-23 09:59:28,206 step 1200 score: 0.7738
2019-10-23 10:01:12,361 step 1350 train loss: 0.0936
2019-10-23 10:01:12,362 step 1350 score: 0.7833
2019-10-23 10:02:56,504 step 1500 train loss: 0.0925
2019-10-23 10:02:56,504 step 1500 score: 0.7908
2019-10-23 10:02:56,505 best score is 0.8027
