2019-10-21 10:02:57,524 log_in_file: True
2019-10-21 10:02:57,524 bert_path: /home/wangzl/PretrainedLM/BERT/New/roberta_zh_L-24_H-1024_A-16/
2019-10-21 10:02:57,524 data_path: ../data/
2019-10-21 10:02:57,524 usegpu: True
2019-10-21 10:02:57,524 use_origin: False
2019-10-21 10:02:57,524 total_step: 6000
2019-10-21 10:02:57,524 eval_every: 500
2019-10-21 10:02:57,524 early_stop: 4
2019-10-21 10:02:57,524 max_length: 510
2019-10-21 10:02:57,524 max_title_rate: 0.125
2019-10-21 10:02:57,524 content_head_rate: 0.6
2019-10-21 10:02:57,524 batch_size: 2
2019-10-21 10:02:57,524 lr_scheduler_type: linear
2019-10-21 10:02:57,524 input_pattern: head+tail+fixed
2019-10-21 10:02:57,524 clean_method: space+notzh
2019-10-21 10:02:57,524 warmup_rate: 0.1
2019-10-21 10:02:57,524 classifier_dropout: 0.3
2019-10-21 10:02:57,524 classifier_weight_decay: 0.0
2019-10-21 10:02:57,524 cache_final_model: False
2019-10-21 10:02:57,524 seed: 23
2019-10-21 10:02:57,524 lr: 2e-05
2019-10-21 10:02:57,524 lr_decay_in_layers: 0.95
2019-10-21 10:02:57,525 weight_decay: 0.01
2019-10-21 10:03:27,271 Token Sample: [CLS]_0 山_0 西_0 垣_0 曲_0 县_0 县_0 长_0 麻_0 军_0 泽_0 深_0 入_0 一_0 线_0 调_0 研_0 督_0 导_0 交_0 通_0 安_0 全_0 管_0 理_0 工_0 作_0 [PAD]_0 [PAD]_0 [PAD]_0 [PAD]_0 [PAD]_0 [PAD]_0 [PAD]_0 [PAD]_0 [PAD]_0 [PAD]_0 [PAD]_0 [PAD]_0 [PAD]_0 [PAD]_0 [PAD]_0 [PAD]_0 [PAD]_0 [PAD]_0 [PAD]_0 [PAD]_0 [PAD]_0 [PAD]_0 [PAD]_0 [PAD]_0 [PAD]_0 [PAD]_0 [PAD]_0 [PAD]_0 [PAD]_0 [PAD]_0 [PAD]_0 [PAD]_0 [PAD]_0 [PAD]_0 [PAD]_0 [PAD]_0 [PAD]_0 [PAD]_0 [SEP]_0 5_1 月_1 23_1 日_1 ，_1 山_1 西_1 省_1 垣_1 曲_1 县_1 人_1 民_1 政_1 府_1 县_1 长_1 麻_1 军_1 泽_1 到_1 县_1 公_1 安_1 局_1 交_1 警_1 大_1 队_1 调_1 研_1 督_1 导_1 交_1 通_1 安_1 全_1 管_1 理_1 工_1 作_1 。_1 在_1 听_1 取_1 该_1 县_1 交_1 警_1 大_1 队_1 大_1 队_1 长_1 黄_1 柳_1 青_1 关_1 于_1 交_1 通_1 安_1 全_1 管_1 理_1 工_1 作_1 情_1 况_1 汇_1 报_1 后_1 ，_1 麻_1 军_1 泽_1 一_1 行_1 深_1 入_1 历_1 山_1 旅_1 游_1 线_1 路_1 阳_1 店_1 线_1 进_1 行_1 实_1 地_1 调_1 研_1 ，_1 并_1 代_1 表_1 县_1 四_1 大_1 班_1 子_1 向_1 坚_1 守_1 在_1 一_1 线_1 执_1 勤_1 岗_1 位_1 的_1 民_1 警_1 表_1 示_1 亲_1 切_1 慰_1 问_1 ，_1 与_1 民_1 警_1 一_1 起_1 向_1 过_1 往_1 群_1 众_1 散_1 发_1 交_1 通_1 安_1 全_1 宣_1 传_1 资_1 料_1 ，_1 [UNK]_1 面_1 对_1 面_1 [UNK]_1 向_1 群_1 众_1 讲_1 解_1 交_1 通_1 安_1 全_1 法_1 律_1 法_1 规_1 ，_1 提_1 醒_1 广_1 大_1 人_1 民_1 群_1 众_1 自_1 觉_1 遵_1 守_1 交_1 通_1 安_1 全_1 法_1 规_1 ，_1 文_1 明_1 出_1 行_1 、_1 安_1 全_1 出_1 行_1 。_1 麻_1 军_1 泽_1 对_1 交_1 警_1 大_1 队_1 交_1 通_1 安_1 全_1 管_1 理_1 工_1 作_1 给_1 予_1 了_1 充_1 分_1 的_1 肯_1 定_1 ，_1 他_1 同_1 时_1 提_1 出_1 四_1 点_1 要_1 求_1 ：_1 一_1 是_1 要_1 在_1 思_1 想_1 上_1 充_1 分_1 认_1 清_1 新_1 时_1 代_1 交_1 通_1 安_1 全_1 管_1 理_1 工_1 作_1 严_1 峻_1 形_1 势_1 ，_1 进_1 一_1 步_1 提_1 高_1 政_1 治_1 站_1 位_1 ，_1 牢_1 固_1 树_1 [SEP]_1 公_1 安_1 交_1 警_1 良_1 好_1 形_1 象_1 ，_1 构_1 建_1 和_1 谐_1 警_1 民_1 关_1 系_1 。_1 三_1 是_1 要_1 加_1 强_1 队_1 伍_1 管_1 理_1 ，_1 把_1 从_1 严_1 治_1 警_1 与_1 从_1 优_1 待_1 警_1 紧_1 密_1 结_1 合_1 起_1 来_1 ，_1 努_1 力_1 打_1 造_1 一_1 支_1 对_1 党_1 忠_1 诚_1 、_1 服_1 务_1 人_1 民_1 、_1 执_1 法_1 公_1 正_1 、_1 纪_1 律_1 严_1 明_1 的_1 公_1 安_1 交_1 警_1 队_1 伍_1 。_1 四_1 是_1 要_1 创_1 新_1 交_1 通_1 安_1 全_1 宣_1 传_1 方_1 式_1 ，_1 加_1 大_1 农_1 村_1 交_1 通_1 安_1 全_1 宣_1 传_1 力_1 度_1 ，_1 采_1 取_1 积_1 极_1 有_1 效_1 措_1 施_1 ，_1 广_1 泛_1 开_1 展_1 交_1 通_1 安_1 全_1 宣_1 传_1 活_1 动_1 ，_1 进_1 一_1 步_1 提_1 高_1 全_1 社_1 会_1 交_1 通_1 安_1 全_1 意_1 识_1 。_1 图_1 /_1 文_1 李_1 燕_1 王_1 彦_1 俊_1 编_1 辑_1 ：_1 三_1 晋_1 视_1 焦_1 合_1 作_1 ：_1 山_1 西_1 河_1 东_1 纪_1 实_1 文_1 化_1 传_1 媒_1 有_1 限_1 公_1 司_1 [SEP]_1
2019-10-21 10:04:04,986 Token Sample: [CLS]_0 武_0 汉_0 17_0 日_0 晚_0 局_0 部_0 雨_0 夹_0 雪_0 ，_0 湖_0 北_0 局_0 部_0 要_0 下_0 大_0 雪_0 __0 天_0 气_0 [PAD]_0 [PAD]_0 [PAD]_0 [PAD]_0 [PAD]_0 [PAD]_0 [PAD]_0 [PAD]_0 [PAD]_0 [PAD]_0 [PAD]_0 [PAD]_0 [PAD]_0 [PAD]_0 [PAD]_0 [PAD]_0 [PAD]_0 [PAD]_0 [PAD]_0 [PAD]_0 [PAD]_0 [PAD]_0 [PAD]_0 [PAD]_0 [PAD]_0 [PAD]_0 [PAD]_0 [PAD]_0 [PAD]_0 [PAD]_0 [PAD]_0 [PAD]_0 [PAD]_0 [PAD]_0 [PAD]_0 [PAD]_0 [PAD]_0 [PAD]_0 [PAD]_0 [PAD]_0 [PAD]_0 [PAD]_0 [SEP]_0 原_1 标_1 题_1 ：_1 武_1 汉_1 17_1 日_1 晚_1 局_1 部_1 雨_1 夹_1 雪_1 ，_1 湖_1 北_1 局_1 部_1 要_1 下_1 大_1 雪_1 2_1 月_1 12_1 日_1 ，_1 汉_1 口_1 火_1 车_1 站_1 广_1 场_1 ，_1 两_1 位_1 行_1 人_1 将_1 围_1 巾_1 展_1 开_1 披_1 在_1 头_1 上_1 ，_1 遮_1 挡_1 丝_1 丝_1 细_1 雨_1 。_1 记_1 者_1 李_1 永_1 刚_1 摄_1 长_1 江_1 日_1 报_1 融_1 媒_1 体_1 2_1 月_1 17_1 日_1 讯_1 2_1 月_1 17_1 日_1 下_1 午_1 ，_1 有_1 江_1 夏_1 、_1 江_1 汉_1 等_1 多_1 地_1 网_1 友_1 发_1 视_1 频_1 称_1 [UNK]_1 武_1 汉_1 下_1 冰_1 雹_1 了_1 [UNK]_1 ，_1 其_1 实_1 这_1 是_1 冰_1 粒_1 ，_1 并_1 非_1 冰_1 雹_1 。_1 气_1 象_1 部_1 门_1 预_1 计_1 ，_1 湖_1 北_1 省_1 又_1 将_1 迎_1 来_1 一_1 轮_1 雨_1 雪_1 天_1 气_1 。_1 从_1 目_1 前_1 预_1 报_1 来_1 看_1 ，_1 武_1 汉_1 虽_1 然_1 不_1 在_1 下_1 雪_1 范_1 围_1 内_1 ，_1 但_1 17_1 日_1 晚_1 局_1 部_1 将_1 有_1 雨_1 夹_1 雪_1 。_1 17_1 日_1 ，_1 武_1 汉_1 以_1 阴_1 天_1 为_1 主_1 ，_1 局_1 部_1 有_1 小_1 雨_1 ，_1 最_1 低_1 气_1 温_1 为_1 1_1 ._1 9_1 ##℃_1 ，_1 截_1 至_1 16_1 时_1 最_1 高_1 气_1 温_1 为_1 3_1 ._1 6_1 ##℃_1 。_1 下_1 午_1 ，_1 有_1 网_1 友_1 在_1 杨_1 [UNK]_1 湖_1 一_1 带_1 拍_1 下_1 视_1 频_1 ，_1 称_1 [UNK]_1 武_1 汉_1 下_1 冰_1 雹_1 了_1 [UNK]_1 ，_1 视_1 频_1 里_1 噼_1 哩_1 啪_1 啦_1 一_1 阵_1 响_1 。_1 但_1 气_1 象_1 专_1 家_1 说_1 ，_1 在_1 冬_1 天_1 其_1 实_1 是_1 见_1 不_1 到_1 冰_1 雹_1 [SEP]_1 气_1 对_1 交_1 通_1 出_1 行_1 带_1 来_1 的_1 不_1 利_1 影_1 响_1 ，_1 注_1 意_1 加_1 强_1 交_1 通_1 安_1 全_1 管_1 理_1 。_1 武_1 汉_1 三_1 天_1 具_1 体_1 预_1 报_1 ：_1 18_1 日_1 白_1 天_1 ：_1 阴_1 天_1 有_1 小_1 到_1 中_1 雨_1 ，_1 1_1 ##℃_1 ~_1 3_1 ##℃_1 ，_1 偏_1 北_1 风_1 3_1 级_1 ；_1 18_1 日_1 晚_1 上_1 到_1 19_1 日_1 白_1 天_1 ：_1 小_1 雨_1 转_1 阴_1 天_1 ，_1 0_1 ##℃_1 ~_1 6_1 ##℃_1 ，_1 偏_1 北_1 风_1 2_1 到_1 3_1 级_1 ；_1 19_1 日_1 晚_1 上_1 到_1 20_1 日_1 白_1 天_1 ：_1 阴_1 天_1 有_1 小_1 雨_1 ，_1 2_1 ##℃_1 ~_1 6_1 ##℃_1 ，_1 偏_1 北_1 风_1 2_1 到_1 3_1 级_1 。_1 （_1 记_1 者_1 陶_1 常_1 宁_1 通_1 讯_1 员_1 范_1 进_1 进_1 李_1 旻_1 ）_1 【_1 编_1 辑_1 ：_1 符_1 樱_1 】_1 （_1 作_1 者_1 ：_1 陶_1 常_1 宁_1 )_1 作_1 者_1 ：_1 陶_1 常_1 宁_1 范_1 进_1 进_1 李_1 旻_1 返_1 回_1 搜_1 狐_1 ，_1 查_1 看_1 更_1 多_1 责_1 任_1 编_1 辑_1 ：_1 [SEP]_1
2019-10-21 10:04:23,456 Token Sample: [CLS]_0 进_0 了_0 电_0 梯_0 眼_0 前_0 一_0 抹_0 黑_0 ！_0 电_0 子_0 广_0 告_0 牌_0 光_0 污_0 染_0 ，_0 居_0 民_0 质_0 疑_0 怨_0 声_0 载_0 道_0 [PAD]_0 [PAD]_0 [PAD]_0 [PAD]_0 [PAD]_0 [PAD]_0 [PAD]_0 [PAD]_0 [PAD]_0 [PAD]_0 [PAD]_0 [PAD]_0 [PAD]_0 [PAD]_0 [PAD]_0 [PAD]_0 [PAD]_0 [PAD]_0 [PAD]_0 [PAD]_0 [PAD]_0 [PAD]_0 [PAD]_0 [PAD]_0 [PAD]_0 [PAD]_0 [PAD]_0 [PAD]_0 [PAD]_0 [PAD]_0 [PAD]_0 [PAD]_0 [PAD]_0 [PAD]_0 [PAD]_0 [PAD]_0 [PAD]_0 [SEP]_0 电_1 子_1 广_1 告_1 进_1 电_1 梯_1 居_1 民_1 质_1 疑_1 光_1 污_1 染_1 l_1 ##x_1 ##j_1 [PAD]_1 [PAD]_1 [PAD]_1 [PAD]_1 [PAD]_1 [PAD]_1 [PAD]_1 [PAD]_1 [PAD]_1 [PAD]_1 [PAD]_1 [PAD]_1 [PAD]_1 [PAD]_1 [PAD]_1 [PAD]_1 [PAD]_1 [PAD]_1 [PAD]_1 [PAD]_1 [PAD]_1 [PAD]_1 [PAD]_1 [PAD]_1 [PAD]_1 [PAD]_1 [PAD]_1 [PAD]_1 [PAD]_1 [PAD]_1 [PAD]_1 [PAD]_1 [PAD]_1 [PAD]_1 [PAD]_1 [PAD]_1 [PAD]_1 [PAD]_1 [PAD]_1 [PAD]_1 [PAD]_1 [PAD]_1 [PAD]_1 [PAD]_1 [PAD]_1 [PAD]_1 [PAD]_1 [PAD]_1 [PAD]_1 [PAD]_1 [PAD]_1 [PAD]_1 [PAD]_1 [PAD]_1 [PAD]_1 [PAD]_1 [PAD]_1 [PAD]_1 [PAD]_1 [PAD]_1 [PAD]_1 [PAD]_1 [PAD]_1 [PAD]_1 [PAD]_1 [PAD]_1 [PAD]_1 [PAD]_1 [PAD]_1 [PAD]_1 [PAD]_1 [PAD]_1 [PAD]_1 [PAD]_1 [PAD]_1 [PAD]_1 [PAD]_1 [PAD]_1 [PAD]_1 [PAD]_1 [PAD]_1 [PAD]_1 [PAD]_1 [PAD]_1 [PAD]_1 [PAD]_1 [PAD]_1 [PAD]_1 [PAD]_1 [PAD]_1 [PAD]_1 [PAD]_1 [PAD]_1 [PAD]_1 [PAD]_1 [PAD]_1 [PAD]_1 [PAD]_1 [PAD]_1 [PAD]_1 [PAD]_1 [PAD]_1 [PAD]_1 [PAD]_1 [PAD]_1 [PAD]_1 [PAD]_1 [PAD]_1 [PAD]_1 [PAD]_1 [PAD]_1 [PAD]_1 [PAD]_1 [PAD]_1 [PAD]_1 [PAD]_1 [PAD]_1 [PAD]_1 [PAD]_1 [PAD]_1 [PAD]_1 [PAD]_1 [PAD]_1 [PAD]_1 [PAD]_1 [PAD]_1 [PAD]_1 [PAD]_1 [PAD]_1 [PAD]_1 [PAD]_1 [PAD]_1 [PAD]_1 [PAD]_1 [PAD]_1 [PAD]_1 [PAD]_1 [PAD]_1 [PAD]_1 [PAD]_1 [PAD]_1 [PAD]_1 [PAD]_1 [PAD]_1 [PAD]_1 [PAD]_1 [PAD]_1 [PAD]_1 [PAD]_1 [PAD]_1 [PAD]_1 [PAD]_1 [PAD]_1 [PAD]_1 [PAD]_1 [PAD]_1 [PAD]_1 [PAD]_1 [PAD]_1 [PAD]_1 [PAD]_1 [PAD]_1 [PAD]_1 [PAD]_1 [PAD]_1 [PAD]_1 [PAD]_1 [PAD]_1 [PAD]_1 [PAD]_1 [PAD]_1 [PAD]_1 [PAD]_1 [PAD]_1 [PAD]_1 [PAD]_1 [PAD]_1 [PAD]_1 [PAD]_1 [PAD]_1 [PAD]_1 [PAD]_1 [PAD]_1 [PAD]_1 [PAD]_1 [PAD]_1 [PAD]_1 [PAD]_1 [PAD]_1 [PAD]_1 [PAD]_1 [PAD]_1 [PAD]_1 [PAD]_1 [PAD]_1 [PAD]_1 [PAD]_1 [PAD]_1 [PAD]_1 [PAD]_1 [PAD]_1 [PAD]_1 [PAD]_1 [PAD]_1 [PAD]_1 [PAD]_1 [PAD]_1 [PAD]_1 [PAD]_1 [PAD]_1 [PAD]_1 [PAD]_1 [PAD]_1 [PAD]_1 [PAD]_1 [PAD]_1 [PAD]_1 [PAD]_1 [PAD]_1 [PAD]_1 [PAD]_1 [PAD]_1 [PAD]_1 [PAD]_1 [PAD]_1 [PAD]_1 [PAD]_1 [PAD]_1 [PAD]_1 [PAD]_1 [PAD]_1 [PAD]_1 [PAD]_1 [PAD]_1 [PAD]_1 [PAD]_1 [PAD]_1 [PAD]_1 [PAD]_1 [PAD]_1 [PAD]_1 [PAD]_1 [PAD]_1 [PAD]_1 [PAD]_1 [PAD]_1 [PAD]_1 [PAD]_1 [PAD]_1 [PAD]_1 [PAD]_1 [SEP]_1 [PAD]_1 [PAD]_1 [PAD]_1 [PAD]_1 [PAD]_1 [PAD]_1 [PAD]_1 [PAD]_1 [PAD]_1 [PAD]_1 [PAD]_1 [PAD]_1 [PAD]_1 [PAD]_1 [PAD]_1 [PAD]_1 [PAD]_1 [PAD]_1 [PAD]_1 [PAD]_1 [PAD]_1 [PAD]_1 [PAD]_1 [PAD]_1 [PAD]_1 [PAD]_1 [PAD]_1 [PAD]_1 [PAD]_1 [PAD]_1 [PAD]_1 [PAD]_1 [PAD]_1 [PAD]_1 [PAD]_1 [PAD]_1 [PAD]_1 [PAD]_1 [PAD]_1 [PAD]_1 [PAD]_1 [PAD]_1 [PAD]_1 [PAD]_1 [PAD]_1 [PAD]_1 [PAD]_1 [PAD]_1 [PAD]_1 [PAD]_1 [PAD]_1 [PAD]_1 [PAD]_1 [PAD]_1 [PAD]_1 [PAD]_1 [PAD]_1 [PAD]_1 [PAD]_1 [PAD]_1 [PAD]_1 [PAD]_1 [PAD]_1 [PAD]_1 [PAD]_1 [PAD]_1 [PAD]_1 [PAD]_1 [PAD]_1 [PAD]_1 [PAD]_1 [PAD]_1 [PAD]_1 [PAD]_1 [PAD]_1 [PAD]_1 [PAD]_1 [PAD]_1 [PAD]_1 [PAD]_1 [PAD]_1 [PAD]_1 [PAD]_1 [PAD]_1 [PAD]_1 [PAD]_1 [PAD]_1 [PAD]_1 [PAD]_1 [PAD]_1 [PAD]_1 [PAD]_1 [PAD]_1 [PAD]_1 [PAD]_1 [PAD]_1 [PAD]_1 [PAD]_1 [PAD]_1 [PAD]_1 [PAD]_1 [PAD]_1 [PAD]_1 [PAD]_1 [PAD]_1 [PAD]_1 [PAD]_1 [PAD]_1 [PAD]_1 [PAD]_1 [PAD]_1 [PAD]_1 [PAD]_1 [PAD]_1 [PAD]_1 [PAD]_1 [PAD]_1 [PAD]_1 [PAD]_1 [PAD]_1 [PAD]_1 [PAD]_1 [PAD]_1 [PAD]_1 [PAD]_1 [PAD]_1 [PAD]_1 [PAD]_1 [PAD]_1 [PAD]_1 [PAD]_1 [PAD]_1 [PAD]_1 [PAD]_1 [PAD]_1 [PAD]_1 [PAD]_1 [PAD]_1 [PAD]_1 [PAD]_1 [PAD]_1 [PAD]_1 [PAD]_1 [PAD]_1 [PAD]_1 [PAD]_1 [PAD]_1 [PAD]_1 [PAD]_1 [PAD]_1 [PAD]_1 [PAD]_1 [PAD]_1 [PAD]_1 [PAD]_1 [PAD]_1 [PAD]_1 电_1 子_1 广_1 告_1 进_1 电_1 梯_1 居_1 民_1 质_1 疑_1 光_1 污_1 染_1 l_1 ##x_1 ##j_1 [SEP]_1
2019-10-21 10:04:33,392 seed everything and create model
2019-10-21 10:09:57,922 step 500 train loss: 0.6267
2019-10-21 10:09:57,923 step 500 score: 0.7006
2019-10-21 10:15:14,502 step 1000 train loss: 0.4815
2019-10-21 10:15:14,502 step 1000 score: 0.7397
2019-10-21 10:20:31,097 step 1500 train loss: 0.4605
2019-10-21 10:20:31,097 step 1500 score: 0.6954
2019-10-21 10:25:47,675 step 2000 train loss: 0.4339
2019-10-21 10:25:47,675 step 2000 score: 0.7164
2019-10-21 10:31:03,720 step 2500 train loss: 0.4246
2019-10-21 10:31:03,720 step 2500 score: 0.7490
2019-10-21 10:36:19,693 step 3000 train loss: 0.3747
2019-10-21 10:36:19,694 step 3000 score: 0.7606
2019-10-21 10:41:35,668 step 3500 train loss: 0.2179
2019-10-21 10:41:35,668 step 3500 score: 0.7581
2019-10-21 10:46:52,265 step 4000 train loss: 0.2237
2019-10-21 10:46:52,265 step 4000 score: 0.7775
2019-10-21 10:52:08,977 step 4500 train loss: 0.2262
2019-10-21 10:52:08,978 step 4500 score: 0.7680
2019-10-21 10:57:25,709 step 5000 train loss: 0.2055
2019-10-21 10:57:25,710 step 5000 score: 0.7761
2019-10-21 11:02:42,438 step 5500 train loss: 0.2071
2019-10-21 11:02:42,438 step 5500 score: 0.7710
2019-10-21 11:07:59,190 step 6000 train loss: 0.1915
2019-10-21 11:07:59,190 step 6000 score: 0.7853
2019-10-21 11:07:59,203 best score is 0.7853
