2019-10-24 02:05:33,162 log_in_file: True
2019-10-24 02:05:33,162 lm_path: /home/wangzl/PretrainedLM/BERT/New/roberta_zh_L-24_H-1024_A-16/
2019-10-24 02:05:33,163 lm_type: bert
2019-10-24 02:05:33,163 data_path: ../data/
2019-10-24 02:05:33,163 usegpu: True
2019-10-24 02:05:33,163 use_origin: True
2019-10-24 02:05:33,163 n_fold: 5
2019-10-24 02:05:33,163 total_step: 10000
2019-10-24 02:05:33,163 eval_every: 1000
2019-10-24 02:05:33,163 early_stop: 4
2019-10-24 02:05:33,163 max_length: 510
2019-10-24 02:05:33,163 max_title_rate: 0.125
2019-10-24 02:05:33,163 content_head_rate: 0.6
2019-10-24 02:05:33,163 batch_size: 2
2019-10-24 02:05:33,163 lr_scheduler_type: linear
2019-10-24 02:05:33,163 input_pattern: sentence
2019-10-24 02:05:33,163 clean_method: space+notzh
2019-10-24 02:05:33,163 warmup_rate: 0.1
2019-10-24 02:05:33,163 classifier_dropout: 0.3
2019-10-24 02:05:33,163 classifier_weight_decay: 0.0
2019-10-24 02:05:33,163 cache_final_model: False
2019-10-24 02:05:33,163 seed: 229
2019-10-24 02:05:33,163 lr: 5e-06
2019-10-24 02:05:33,163 lr_decay_in_layers: 0.95
2019-10-24 02:05:33,163 weight_decay: 0.01
2019-10-24 02:05:33,180 padding token is 0
2019-10-24 02:06:07,825 Token Sample: [CLS]_0 滨_0 海_0 新_0 区_0 文_0 明_0 网_0 欢_0 迎_0 您_0 !_0 [SEP]_0 会_1 议_1 强_1 调_1 ，_1 要_1 健_1 全_1 完_1 善_1 制_1 度_1 ，_1 树_1 好_1 担_1 当_1 作_1 为_1 的_1 [UNK]_1 风_1 向_1 标_1 [UNK]_1 。_1 要_1 严_1 格_1 对_1 照_1 中_1 央_1 《_1 意_1 见_1 》_1 精_1 神_1 ，_1 结_1 合_1 深_1 入_1 开_1 展_1 不_1 作_1 为_1 不_1 担_1 当_1 问_1 题_1 专_1 项_1 治_1 理_1 三_1 年_1 行_1 动_1 ，_1 进_1 一_1 步_1 补_1 充_1 完_1 善_1 《_1 激_1 励_1 干_1 部_1 改_1 革_1 开_1 放_1 创_1 新_1 勇_1 于_1 担_1 当_1 容_1 错_1 免_1 责_1 实_1 施_1 办_1 法_1 》_1 ，_1 清_1 晰_1 明_1 确_1 [UNK]_1 自_1 由_1 裁_1 量_1 权_1 [UNK]_1 ，_1 完_1 善_1 用_1 人_1 导_1 向_1 、_1 能_1 上_1 能_1 下_1 、_1 绩_1 效_1 考_1 核_1 等_1 制_1 度_1 ，_1 为_1 担_1 当_1 者_1 担_1 当_1 ，_1 为_1 干_1 事_1 者_1 撑_1 腰_1 ，_1 让_1 政_1 治_1 坚_1 定_1 、_1 奋_1 发_1 有_1 为_1 的_1 干_1 部_1 得_1 到_1 褒_1 奖_1 和_1 鼓_1 励_1 ，_1 让_1 慢_1 作_1 为_1 、_1 不_1 作_1 为_1 、_1 乱_1 作_1 为_1 的_1 干_1 部_1 受_1 到_1 警_1 醒_1 和_1 惩_1 戒_1 。_1 会_1 议_1 强_1 调_1 ，_1 要_1 加_1 强_1 舆_1 论_1 宣_1 传_1 ，_1 奏_1 响_1 担_1 当_1 作_1 为_1 的_1 [UNK]_1 最_1 强_1 音_1 [UNK]_1 。_1 积_1 极_1 宣_1 传_1 新_1 形_1 势_1 下_1 党_1 员_1 干_1 部_1 敢_1 于_1 担_1 当_1 的_1 典_1 型_1 案_1 例_1 ，_1 宣_1 传_1 选_1 人_1 用_1 人_1 方_1 面_1 让_1 担_1 当_1 者_1 上_1 、_1 不_1 担_1 当_1 者_1 下_1 的_1 典_1 型_1 案_1 例_1 ，_1 宣_1 传_1 各_1 级_1 党_1 委_1 政_1 府_1 为_1 改_1 革_1 创_1 新_1 者_1 容_1 错_1 免_1 责_1 、_1 为_1 担_1 当_1 者_1 担_1 当_1 的_1 典_1 型_1 案_1 例_1 ，_1 激_1 励_1 广_1 大_1 干_1 部_1 见_1 贤_1 思_1 齐_1 、_1 奋_1 发_1 有_1 为_1 ，_1 形_1 成_1 崇_1 尚_1 担_1 当_1 者_1 、_1 学_1 习_1 担_1 当_1 者_1 的_1 社_1 会_1 氛_1 围_1 ，_1 推_1 动_1 党_1 的_1 事_1 业_1 不_1 断_1 取_1 得_1 新_1 胜_1 利_1 。_1 同_1 时_1 ，_1 要_1 坚_1 决_1 曝_1 光_1 不_1 作_1 为_1 不_1 担_1 当_1 问_1 题_1 ，_1 形_1 成_1 有_1 力_1 震_1 慑_1 ，_1 使_1 慢_1 作_1 为_1 、_1 不_1 作_1 为_1 、_1 不_1 担_1 当_1 等_1 反_1 面_1 问_1 题_1 无_1 处_1 遁_1 形_1 。_1 [PAD]_1 [PAD]_1 [PAD]_1 [PAD]_1 [PAD]_1 [PAD]_1 [PAD]_1 [PAD]_1 [PAD]_1 [PAD]_1 [PAD]_1 [PAD]_1 [PAD]_1 [PAD]_1 [PAD]_1 [PAD]_1 [PAD]_1 [PAD]_1 [PAD]_1 [PAD]_1 [PAD]_1 [PAD]_1 [PAD]_1 [PAD]_1 [PAD]_1 [PAD]_1 [PAD]_1 [PAD]_1 [PAD]_1 [PAD]_1 [PAD]_1 [PAD]_1 [PAD]_1 [PAD]_1 [PAD]_1 [PAD]_1 [PAD]_1 [PAD]_1 [PAD]_1 [PAD]_1 [PAD]_1 [PAD]_1 [PAD]_1 [PAD]_1 [PAD]_1 [PAD]_1 [PAD]_1 [PAD]_1 [PAD]_1 [PAD]_1 [PAD]_1 [PAD]_1 [PAD]_1 [PAD]_1 [PAD]_1 [PAD]_1 [PAD]_1 [PAD]_1 [PAD]_1 [PAD]_1 [PAD]_1 [PAD]_1 [PAD]_1 [PAD]_1 [PAD]_1 [PAD]_1 [PAD]_1 [PAD]_1 [PAD]_1 [PAD]_1 [PAD]_1 [PAD]_1 [PAD]_1 [PAD]_1 [PAD]_1 [PAD]_1 [PAD]_1 [PAD]_1 [PAD]_1 [PAD]_1 [PAD]_1 [PAD]_1 [PAD]_1 [PAD]_1 [PAD]_1 [PAD]_1 [PAD]_1 [PAD]_1 [PAD]_1 [PAD]_1 [PAD]_1 [PAD]_1 [PAD]_1 [PAD]_1 [PAD]_1 [PAD]_1 [PAD]_1 [PAD]_1 [PAD]_1 [PAD]_1 [PAD]_1 [PAD]_1 [PAD]_1 [PAD]_1 [PAD]_1 [PAD]_1 [PAD]_1 [PAD]_1 [PAD]_1 [PAD]_1 [PAD]_1 [PAD]_1 [SEP]_1
2019-10-24 02:06:34,089 Token Sample: [CLS]_0 视_0 频_0 :_0 跳_0 上_0 摇_0 滚_0 巴_0 士_0 ，_0 澳_0 洲_0 无_0 人_0 区_0 40_0 度_0 荒_0 野_0 ，_0 露_0 营_0 野_0 炊_0 ，_0 遭_0 遇_0 沙_0 尘_0 暴_0 [SEP]_0 视_1 频_1 介_1 绍_1 :_1 一_1 辆_1 巴_1 士_1 ，_1 共_1 18_1 人_1 ，_1 不_1 同_1 国_1 家_1 /_1 民_1 族_1 /_1 年_1 龄_1 /_1 肤_1 色_1 ，_1 但_1 是_1 都_1 有_1 一_1 颗_1 爱_1 探_1 索_1 和_1 冒_1 险_1 的_1 心_1 。_1 40_1 度_1 高_1 温_1 ，_1 去_1 戈_1 壁_1 里_1 拾_1 柴_1 火_1 ，_1 打_1 算_1 晚_1 上_1 生_1 火_1 煮_1 饭_1 ，_1 完_1 了_1 之_1 后_1 篝_1 火_1 派_1 对_1 。_1 谁_1 料_1 半_1 路_1 起_1 了_1 小_1 型_1 沙_1 尘_1 暴_1 。_1 。_1 。_1 。_1 [PAD]_1 [PAD]_1 [PAD]_1 [PAD]_1 [PAD]_1 [PAD]_1 [PAD]_1 [PAD]_1 [PAD]_1 [PAD]_1 [PAD]_1 [PAD]_1 [PAD]_1 [PAD]_1 [PAD]_1 [PAD]_1 [PAD]_1 [PAD]_1 [PAD]_1 [PAD]_1 [PAD]_1 [PAD]_1 [PAD]_1 [PAD]_1 [PAD]_1 [PAD]_1 [PAD]_1 [PAD]_1 [PAD]_1 [PAD]_1 [PAD]_1 [PAD]_1 [PAD]_1 [PAD]_1 [PAD]_1 [PAD]_1 [PAD]_1 [PAD]_1 [PAD]_1 [PAD]_1 [PAD]_1 [PAD]_1 [PAD]_1 [PAD]_1 [PAD]_1 [PAD]_1 [PAD]_1 [PAD]_1 [PAD]_1 [PAD]_1 [PAD]_1 [PAD]_1 [PAD]_1 [PAD]_1 [PAD]_1 [PAD]_1 [PAD]_1 [PAD]_1 [PAD]_1 [PAD]_1 [PAD]_1 [PAD]_1 [PAD]_1 [PAD]_1 [PAD]_1 [PAD]_1 [PAD]_1 [PAD]_1 [PAD]_1 [PAD]_1 [PAD]_1 [PAD]_1 [PAD]_1 [PAD]_1 [PAD]_1 [PAD]_1 [PAD]_1 [PAD]_1 [PAD]_1 [PAD]_1 [PAD]_1 [PAD]_1 [PAD]_1 [PAD]_1 [PAD]_1 [PAD]_1 [PAD]_1 [PAD]_1 [PAD]_1 [PAD]_1 [PAD]_1 [PAD]_1 [PAD]_1 [PAD]_1 [PAD]_1 [PAD]_1 [PAD]_1 [PAD]_1 [PAD]_1 [PAD]_1 [PAD]_1 [PAD]_1 [PAD]_1 [PAD]_1 [PAD]_1 [PAD]_1 [PAD]_1 [PAD]_1 [PAD]_1 [PAD]_1 [PAD]_1 [PAD]_1 [PAD]_1 [PAD]_1 [PAD]_1 [PAD]_1 [PAD]_1 [PAD]_1 [PAD]_1 [PAD]_1 [PAD]_1 [PAD]_1 [PAD]_1 [PAD]_1 [PAD]_1 [PAD]_1 [PAD]_1 [PAD]_1 [PAD]_1 [PAD]_1 [PAD]_1 [PAD]_1 [PAD]_1 [PAD]_1 [PAD]_1 [PAD]_1 [PAD]_1 [PAD]_1 [PAD]_1 [PAD]_1 [PAD]_1 [PAD]_1 [PAD]_1 [PAD]_1 [PAD]_1 [PAD]_1 [PAD]_1 [PAD]_1 [PAD]_1 [PAD]_1 [PAD]_1 [PAD]_1 [PAD]_1 [PAD]_1 [PAD]_1 [PAD]_1 [PAD]_1 [PAD]_1 [PAD]_1 [PAD]_1 [PAD]_1 [PAD]_1 [PAD]_1 [PAD]_1 [PAD]_1 [PAD]_1 [PAD]_1 [PAD]_1 [PAD]_1 [PAD]_1 [PAD]_1 [PAD]_1 [PAD]_1 [PAD]_1 [PAD]_1 [PAD]_1 [PAD]_1 [PAD]_1 [PAD]_1 [PAD]_1 [PAD]_1 [PAD]_1 [PAD]_1 [PAD]_1 [PAD]_1 [PAD]_1 [PAD]_1 [PAD]_1 [PAD]_1 [PAD]_1 [PAD]_1 [PAD]_1 [PAD]_1 [PAD]_1 [PAD]_1 [PAD]_1 [PAD]_1 [PAD]_1 [PAD]_1 [PAD]_1 [PAD]_1 [PAD]_1 [PAD]_1 [PAD]_1 [PAD]_1 [PAD]_1 [PAD]_1 [PAD]_1 [PAD]_1 [PAD]_1 [PAD]_1 [PAD]_1 [PAD]_1 [PAD]_1 [PAD]_1 [PAD]_1 [PAD]_1 [PAD]_1 [PAD]_1 [PAD]_1 [PAD]_1 [PAD]_1 [PAD]_1 [PAD]_1 [PAD]_1 [PAD]_1 [PAD]_1 [PAD]_1 [PAD]_1 [PAD]_1 [PAD]_1 [PAD]_1 [PAD]_1 [PAD]_1 [PAD]_1 [PAD]_1 [PAD]_1 [PAD]_1 [PAD]_1 [PAD]_1 [PAD]_1 [PAD]_1 [PAD]_1 [PAD]_1 [PAD]_1 [PAD]_1 [PAD]_1 [PAD]_1 [PAD]_1 [PAD]_1 [PAD]_1 [PAD]_1 [PAD]_1 [PAD]_1 [PAD]_1 [PAD]_1 [PAD]_1 [PAD]_1 [PAD]_1 [PAD]_1 [PAD]_1 [PAD]_1 [PAD]_1 [PAD]_1 [PAD]_1 [PAD]_1 [PAD]_1 [PAD]_1 [PAD]_1 [PAD]_1 [PAD]_1 [PAD]_1 [PAD]_1 [PAD]_1 [PAD]_1 [PAD]_1 [PAD]_1 [PAD]_1 [PAD]_1 [PAD]_1 [PAD]_1 [PAD]_1 [PAD]_1 [PAD]_1 [PAD]_1 [PAD]_1 [PAD]_1 [PAD]_1 [PAD]_1 [PAD]_1 [PAD]_1 [PAD]_1 [PAD]_1 [PAD]_1 [PAD]_1 [PAD]_1 [PAD]_1 [PAD]_1 [PAD]_1 [PAD]_1 [PAD]_1 [PAD]_1 [PAD]_1 [PAD]_1 [PAD]_1 [PAD]_1 [PAD]_1 [PAD]_1 [PAD]_1 [PAD]_1 [PAD]_1 [PAD]_1 [PAD]_1 [PAD]_1 [PAD]_1 [PAD]_1 [PAD]_1 [PAD]_1 [PAD]_1 [PAD]_1 [PAD]_1 [PAD]_1 [PAD]_1 [PAD]_1 [PAD]_1 [PAD]_1 [PAD]_1 [PAD]_1 [PAD]_1 [PAD]_1 [PAD]_1 [PAD]_1 [PAD]_1 [PAD]_1 [PAD]_1 [PAD]_1 [PAD]_1 [PAD]_1 [PAD]_1 [PAD]_1 [PAD]_1 [PAD]_1 [PAD]_1 [PAD]_1 [PAD]_1 [PAD]_1 [PAD]_1 [PAD]_1 [PAD]_1 [PAD]_1 [PAD]_1 [PAD]_1 [PAD]_1 [PAD]_1 [PAD]_1 [PAD]_1 [PAD]_1 [PAD]_1 [PAD]_1 [PAD]_1 [PAD]_1 [PAD]_1 [PAD]_1 [PAD]_1 [PAD]_1 [PAD]_1 [PAD]_1 [PAD]_1 [PAD]_1 [PAD]_1 [PAD]_1 [PAD]_1 [PAD]_1 [PAD]_1 [PAD]_1 [PAD]_1 [PAD]_1 [PAD]_1 [PAD]_1 [PAD]_1 [PAD]_1 [PAD]_1 [PAD]_1 [PAD]_1 [PAD]_1 [PAD]_1 [PAD]_1 [PAD]_1 [SEP]_1
2019-10-24 02:07:08,348 Token Sample: [CLS]_0 随_0 笔_0 [SEP]_0 当_1 大_1 地_1 刚_1 从_1 薄_1 明_1 的_1 晨_1 嫩_1 中_1 苏_1 醒_1 过_1 来_1 的_1 时_1 候_1 ，_1 在_1 肃_1 穆_1 的_1 清_1 凉_1 的_1 果_1 树_1 园_1 子_1 里_1 ，_1 便_1 飘_1 荡_1 着_1 清_1 朗_1 的_1 笑_1 声_1 。_1 鸟_1 雀_1 的_1 欢_1 噪_1 已_1 经_1 退_1 让_1 到_1 另_1 外_1 一_1 些_1 角_1 落_1 去_1 。_1 一_1 些_1 爱_1 在_1 晨_1 风_1 中_1 飞_1 来_1 飞_1 去_1 的_1 小_1 甲_1 虫_1 便_1 更_1 不_1 安_1 地_1 四_1 方_1 乱_1 闯_1 。_1 浓_1 密_1 的_1 树_1 叶_1 在_1 伸_1 展_1 开_1 去_1 的_1 枝_1 条_1 上_1 微_1 微_1 蠕_1 动_1 ，_1 却_1 隐_1 藏_1 不_1 住_1 那_1 累_1 累_1 的_1 硕_1 果_1 。_1 看_1 得_1 见_1 在_1 那_1 树_1 丛_1 里_1 还_1 有_1 偶_1 尔_1 闪_1 光_1 的_1 露_1 珠_1 ，_1 就_1 像_1 在_1 雾_1 夜_1 中_1 耀_1 眼_1 的_1 星_1 星_1 一_1 样_1 。_1 而_1 那_1 些_1 红_1 色_1 果_1 皮_1 上_1 的_1 一_1 层_1 茸_1 毛_1 ，_1 或_1 者_1 是_1 一_1 层_1 薄_1 霜_1 ，_1 便_1 更_1 显_1 得_1 柔_1 软_1 而_1 润_1 湿_1 。_1 云_1 霞_1 升_1 起_1 来_1 了_1 ，_1 从_1 那_1 重_1 重_1 的_1 绿_1 叶_1 的_1 斡_1 隙_1 中_1 透_1 过_1 点_1 点_1 金_1 色_1 的_1 彩_1 霞_1 ，_1 林_1 子_1 中_1 映_1 出_1 ～_1 缕_1 一_1 缕_1 的_1 透_1 明_1 的_1 淡_1 紫_1 色_1 的_1 、_1 浅_1 黄_1 色_1 的_1 薄_1 光_1 。_1 [PAD]_1 [PAD]_1 [PAD]_1 [PAD]_1 [PAD]_1 [PAD]_1 [PAD]_1 [PAD]_1 [PAD]_1 [PAD]_1 [PAD]_1 [PAD]_1 [PAD]_1 [PAD]_1 [PAD]_1 [PAD]_1 [PAD]_1 [PAD]_1 [PAD]_1 [PAD]_1 [PAD]_1 [PAD]_1 [PAD]_1 [PAD]_1 [PAD]_1 [PAD]_1 [PAD]_1 [PAD]_1 [PAD]_1 [PAD]_1 [PAD]_1 [PAD]_1 [PAD]_1 [PAD]_1 [PAD]_1 [PAD]_1 [PAD]_1 [PAD]_1 [PAD]_1 [PAD]_1 [PAD]_1 [PAD]_1 [PAD]_1 [PAD]_1 [PAD]_1 [PAD]_1 [PAD]_1 [PAD]_1 [PAD]_1 [PAD]_1 [PAD]_1 [PAD]_1 [PAD]_1 [PAD]_1 [PAD]_1 [PAD]_1 [PAD]_1 [PAD]_1 [PAD]_1 [PAD]_1 [PAD]_1 [PAD]_1 [PAD]_1 [PAD]_1 [PAD]_1 [PAD]_1 [PAD]_1 [PAD]_1 [PAD]_1 [PAD]_1 [PAD]_1 [PAD]_1 [PAD]_1 [PAD]_1 [PAD]_1 [PAD]_1 [PAD]_1 [PAD]_1 [PAD]_1 [PAD]_1 [PAD]_1 [PAD]_1 [PAD]_1 [PAD]_1 [PAD]_1 [PAD]_1 [PAD]_1 [PAD]_1 [PAD]_1 [PAD]_1 [PAD]_1 [PAD]_1 [PAD]_1 [PAD]_1 [PAD]_1 [PAD]_1 [PAD]_1 [PAD]_1 [PAD]_1 [PAD]_1 [PAD]_1 [PAD]_1 [PAD]_1 [PAD]_1 [PAD]_1 [PAD]_1 [PAD]_1 [PAD]_1 [PAD]_1 [PAD]_1 [PAD]_1 [PAD]_1 [PAD]_1 [PAD]_1 [PAD]_1 [PAD]_1 [PAD]_1 [PAD]_1 [PAD]_1 [PAD]_1 [PAD]_1 [PAD]_1 [PAD]_1 [PAD]_1 [PAD]_1 [PAD]_1 [PAD]_1 [PAD]_1 [PAD]_1 [PAD]_1 [PAD]_1 [PAD]_1 [PAD]_1 [PAD]_1 [PAD]_1 [PAD]_1 [PAD]_1 [PAD]_1 [PAD]_1 [PAD]_1 [PAD]_1 [PAD]_1 [PAD]_1 [PAD]_1 [PAD]_1 [PAD]_1 [PAD]_1 [PAD]_1 [PAD]_1 [PAD]_1 [PAD]_1 [PAD]_1 [PAD]_1 [PAD]_1 [PAD]_1 [PAD]_1 [PAD]_1 [PAD]_1 [PAD]_1 [PAD]_1 [PAD]_1 [PAD]_1 [PAD]_1 [PAD]_1 [PAD]_1 [PAD]_1 [PAD]_1 [PAD]_1 [PAD]_1 [PAD]_1 [PAD]_1 [PAD]_1 [PAD]_1 [PAD]_1 [PAD]_1 [PAD]_1 [PAD]_1 [PAD]_1 [PAD]_1 [PAD]_1 [PAD]_1 [PAD]_1 [PAD]_1 [PAD]_1 [PAD]_1 [PAD]_1 [PAD]_1 [PAD]_1 [PAD]_1 [PAD]_1 [PAD]_1 [PAD]_1 [PAD]_1 [PAD]_1 [PAD]_1 [PAD]_1 [PAD]_1 [PAD]_1 [PAD]_1 [PAD]_1 [PAD]_1 [PAD]_1 [PAD]_1 [PAD]_1 [PAD]_1 [PAD]_1 [PAD]_1 [PAD]_1 [PAD]_1 [PAD]_1 [PAD]_1 [PAD]_1 [PAD]_1 [PAD]_1 [PAD]_1 [PAD]_1 [PAD]_1 [PAD]_1 [PAD]_1 [PAD]_1 [PAD]_1 [PAD]_1 [PAD]_1 [PAD]_1 [PAD]_1 [PAD]_1 [PAD]_1 [PAD]_1 [PAD]_1 [PAD]_1 [PAD]_1 [PAD]_1 [PAD]_1 [PAD]_1 [PAD]_1 [PAD]_1 [PAD]_1 [PAD]_1 [PAD]_1 [PAD]_1 [PAD]_1 [PAD]_1 [PAD]_1 [PAD]_1 [PAD]_1 [PAD]_1 [PAD]_1 [PAD]_1 [PAD]_1 [PAD]_1 [PAD]_1 [PAD]_1 [PAD]_1 [PAD]_1 [PAD]_1 [PAD]_1 [PAD]_1 [PAD]_1 [PAD]_1 [PAD]_1 [PAD]_1 [PAD]_1 [PAD]_1 [PAD]_1 [PAD]_1 [PAD]_1 [PAD]_1 [PAD]_1 [PAD]_1 [PAD]_1 [PAD]_1 [PAD]_1 [SEP]_1
2019-10-24 02:07:36,209 seed everything and create model
2019-10-24 02:16:37,576 step 1000 train loss: 0.5393
2019-10-24 02:16:37,576 step 1000 score: 0.7842
2019-10-24 02:25:28,531 step 2000 train loss: 0.4389
2019-10-24 02:25:28,531 step 2000 score: 0.7856
2019-10-24 02:34:19,433 step 3000 train loss: 0.3800
2019-10-24 02:34:19,433 step 3000 score: 0.7890
2019-10-24 02:43:10,349 step 4000 train loss: 0.2367
2019-10-24 02:43:10,350 step 4000 score: 0.7861
2019-10-24 02:52:01,263 step 5000 train loss: 0.2588
2019-10-24 02:52:01,263 step 5000 score: 0.8030
2019-10-24 03:00:52,020 step 6000 train loss: 0.2174
2019-10-24 03:00:52,021 step 6000 score: 0.8003
2019-10-24 03:09:42,828 step 7000 train loss: 0.1149
2019-10-24 03:09:42,828 step 7000 score: 0.7928
2019-10-24 03:18:33,712 step 8000 train loss: 0.1119
2019-10-24 03:18:33,712 step 8000 score: 0.8040
2019-10-24 03:27:24,618 step 9000 train loss: 0.1147
2019-10-24 03:27:24,618 step 9000 score: 0.8019
2019-10-24 03:36:15,541 step 10000 train loss: 0.0618
2019-10-24 03:36:15,541 step 10000 score: 0.8010
2019-10-24 03:36:15,541 best score is 0.8040
2019-10-24 03:51:56,335 step 1000 train loss: 0.5309
2019-10-24 03:51:56,336 step 1000 score: 0.7281
2019-10-24 04:00:47,239 step 2000 train loss: 0.4509
2019-10-24 04:00:47,239 step 2000 score: 0.7714
2019-10-24 04:09:38,180 step 3000 train loss: 0.3818
2019-10-24 04:09:38,180 step 3000 score: 0.7696
2019-10-24 04:18:29,138 step 4000 train loss: 0.2494
2019-10-24 04:18:29,138 step 4000 score: 0.7275
2019-10-24 04:27:20,158 step 5000 train loss: 0.2319
2019-10-24 04:27:20,159 step 5000 score: 0.7801
2019-10-24 04:36:11,157 step 6000 train loss: 0.2436
2019-10-24 04:36:11,157 step 6000 score: 0.7923
2019-10-24 04:45:02,201 step 7000 train loss: 0.1225
2019-10-24 04:45:02,201 step 7000 score: 0.7889
2019-10-24 04:53:53,245 step 8000 train loss: 0.1267
2019-10-24 04:53:53,246 step 8000 score: 0.7731
2019-10-24 05:02:44,350 step 9000 train loss: 0.1036
2019-10-24 05:02:44,350 step 9000 score: 0.7757
2019-10-24 05:11:35,445 step 10000 train loss: 0.0505
2019-10-24 05:11:35,445 step 10000 score: 0.7784
2019-10-24 05:11:35,445 best score is 0.7923
2019-10-24 05:27:16,625 step 1000 train loss: 0.4921
2019-10-24 05:27:16,625 step 1000 score: 0.7510
2019-10-24 05:36:07,567 step 2000 train loss: 0.4095
2019-10-24 05:36:07,567 step 2000 score: 0.7686
2019-10-24 05:44:58,883 step 3000 train loss: 0.4019
2019-10-24 05:44:58,883 step 3000 score: 0.7757
2019-10-24 05:53:49,980 step 4000 train loss: 0.2486
2019-10-24 05:53:49,980 step 4000 score: 0.7851
2019-10-24 06:02:41,151 step 5000 train loss: 0.2313
2019-10-24 06:02:41,152 step 5000 score: 0.7934
2019-10-24 06:11:32,131 step 6000 train loss: 0.2174
2019-10-24 06:11:32,132 step 6000 score: 0.8003
2019-10-24 06:20:23,439 step 7000 train loss: 0.1174
2019-10-24 06:20:23,440 step 7000 score: 0.7842
2019-10-24 06:29:17,335 step 8000 train loss: 0.1063
2019-10-24 06:29:17,335 step 8000 score: 0.7793
2019-10-24 06:38:11,130 step 9000 train loss: 0.1023
2019-10-24 06:38:11,130 step 9000 score: 0.7759
2019-10-24 06:47:04,890 step 10000 train loss: 0.0479
2019-10-24 06:47:04,890 step 10000 score: 0.7803
2019-10-24 06:47:04,890 best score is 0.8003
2019-10-24 07:02:48,674 step 1000 train loss: 0.5458
2019-10-24 07:02:48,675 step 1000 score: 0.7374
2019-10-24 07:11:42,343 step 2000 train loss: 0.4221
2019-10-24 07:11:42,344 step 2000 score: 0.7187
2019-10-24 07:20:35,990 step 3000 train loss: 0.4006
2019-10-24 07:20:35,991 step 3000 score: 0.7859
2019-10-24 07:29:29,678 step 4000 train loss: 0.2512
2019-10-24 07:29:29,678 step 4000 score: 0.7873
2019-10-24 07:38:23,354 step 5000 train loss: 0.2344
2019-10-24 07:38:23,354 step 5000 score: 0.7823
2019-10-24 07:47:16,999 step 6000 train loss: 0.2464
2019-10-24 07:47:17,000 step 6000 score: 0.7999
2019-10-24 07:56:10,753 step 7000 train loss: 0.1320
2019-10-24 07:56:10,754 step 7000 score: 0.7808
2019-10-24 08:05:04,502 step 8000 train loss: 0.1282
2019-10-24 08:05:04,503 step 8000 score: 0.7960
2019-10-24 08:13:58,278 step 9000 train loss: 0.1122
2019-10-24 08:13:58,278 step 9000 score: 0.7906
2019-10-24 08:22:52,038 step 10000 train loss: 0.0581
2019-10-24 08:22:52,038 step 10000 score: 0.7939
2019-10-24 08:22:52,038 best score is 0.7999
2019-10-24 08:38:35,918 step 1000 train loss: 0.5389
2019-10-24 08:38:35,918 step 1000 score: 0.7913
2019-10-24 08:47:29,563 step 2000 train loss: 0.4353
2019-10-24 08:47:29,563 step 2000 score: 0.7862
2019-10-24 08:56:23,192 step 3000 train loss: 0.3814
2019-10-24 08:56:23,192 step 3000 score: 0.8079
2019-10-24 09:05:16,888 step 4000 train loss: 0.2422
2019-10-24 09:05:16,888 step 4000 score: 0.7699
2019-10-24 09:14:10,603 step 5000 train loss: 0.2528
2019-10-24 09:14:10,603 step 5000 score: 0.7964
2019-10-24 09:23:04,300 step 6000 train loss: 0.2126
2019-10-24 09:23:04,300 step 6000 score: 0.7949
2019-10-24 09:31:58,014 step 7000 train loss: 0.1185
2019-10-24 09:31:58,014 step 7000 score: 0.7868
2019-10-24 09:40:48,443 step 8000 train loss: 0.1077
2019-10-24 09:40:48,443 step 8000 score: 0.7926
2019-10-24 09:40:48,444 best score is 0.8079
2019-10-24 09:47:38,442 average: 0.800863
