2019-10-16 17:03:33,449 log_in_file: True
2019-10-16 17:03:33,449 bert_path: /home/wangzl/PretrainedLM/BERT/New/roberta_zh_l12
2019-10-16 17:03:33,450 data_path: ../data/
2019-10-16 17:03:33,450 usegpu: True
2019-10-16 17:03:33,450 use_origin: False
2019-10-16 17:03:33,450 total_step: 3000
2019-10-16 17:03:33,450 eval_every: 300
2019-10-16 17:03:33,450 early_stop: 4
2019-10-16 17:03:33,450 max_length: 360
2019-10-16 17:03:33,450 max_title_rate: 0.125
2019-10-16 17:03:33,450 content_head_rate: 0.6
2019-10-16 17:03:33,450 batch_size: 16
2019-10-16 17:03:33,450 lr_scheduler_type: linear
2019-10-16 17:03:33,450 input_pattern: head+tail+dynamic
2019-10-16 17:03:33,450 clean_method: space+notzh
2019-10-16 17:03:33,450 warmup_rate: 0.1
2019-10-16 17:03:33,450 classifier_dropout: 0.3
2019-10-16 17:03:33,450 classifier_weight_decay: 0.0
2019-10-16 17:03:33,450 cache_final_model: False
2019-10-16 17:03:33,450 seed: 23
2019-10-16 17:03:33,450 lr: 2e-05
2019-10-16 17:03:33,450 lr_decay_in_layers: 0.95
2019-10-16 17:03:33,450 weight_decay: 0.01
2019-10-16 17:03:58,507 Token Sample: [CLS]_0 又_0 是_0 一_0 个_0 不_0 眠_0 夜_0 ，_0 请_0 和_0 这_0 几_0 位_0 鄂_0 尔_0 多_0 斯_0 工_0 匠_0 说_0 声_0 谢_0 谢_0 ！_0 [SEP]_0 4_1 月_1 25_1 日_1 19_1 点_1 左_1 右_1 ，_1 伊_1 金_1 霍_1 洛_1 旗_1 k_1 ##91_1 ##4_1 工_1 业_1 街_1 线_1 路_1 零_1 序_1 ⅱ_1 段_1 跳_1 闸_1 ，_1 临_1 近_1 的_1 店_1 铺_1 及_1 居_1 民_1 小_1 区_1 全_1 部_1 停_1 电_1 ，_1 为_1 以_1 最_1 快_1 的_1 速_1 度_1 恢_1 复_1 供_1 电_1 ，_1 伊_1 旗_1 供_1 电_1 分_1 局_1 的_1 电_1 力_1 人_1 经_1 历_1 了_1 一_1 个_1 抢_1 修_1 的_1 不_1 眠_1 之_1 夜_1 。_1 19_1 点_1 12_1 分_1 ，_1 伊_1 旗_1 供_1 电_1 分_1 局_1 配_1 电_1 运_1 检_1 班_1 在_1 班_1 长_1 李_1 刚_1 强_1 的_1 带_1 领_1 下_1 ，_1 火_1 速_1 到_1 达_1 现_1 场_1 。_1 初_1 步_1 判_1 断_1 事_1 故_1 原_1 因_1 为_1 园_1 林_1 施_1 工_1 挖_1 断_1 电_1 缆_1 ，_1 但_1 是_1 确_1 切_1 的_1 故_1 障_1 地_1 点_1 一_1 时_1 无_1 法_1 查_1 明_1 ，_1 现_1 场_1 的_1 六_1 名_1 成_1 员_1 迅_1 速_1 分_1 成_1 三_1 组_1 ，_1 进_1 行_1 巡_1 线_1 ，_1 查_1 找_1 故_1 障_1 地_1 点_1 。_1 19_1 点_1 25_1 分_1 ，_1 李_1 刚_1 强_1 率_1 领_1 的_1 一_1 组_1 人_1 员_1 找_1 到_1 了_1 故_1 障_1 点_1 ，_1 可_1 是_1 电_1 缆_1 [SEP]_1 并_1 认_1 真_1 的_1 涂_1 上_1 硅_1 脂_1 [UNK]_1 [UNK]_1 步_1 骤_1 多_1 ，_1 难_1 度_1 大_1 ，_1 但_1 却_1 有_1 条_1 不_1 紊_1 。_1 在_1 抢_1 修_1 了_1 整_1 整_1 12_1 小_1 时_1 后_1 ，_1 迎_1 着_1 温_1 暖_1 的_1 晨_1 光_1 ，_1 电_1 力_1 供_1 应_1 恢_1 复_1 正_1 常_1 。_1 工_1 业_1 街_1 上_1 依_1 然_1 如_1 往_1 日_1 般_1 熙_1 熙_1 攘_1 攘_1 ，_1 交_1 通_1 有_1 序_1 进_1 行_1 ，_1 商_1 铺_1 照_1 常_1 营_1 业_1 ，_1 会_1 心_1 的_1 笑_1 容_1 绽_1 放_1 在_1 电_1 力_1 人_1 疲_1 惫_1 的_1 脸_1 上_1 。_1 版_1 权_1 声_1 明_1 】_1 本_1 文_1 来_1 自_1 腾_1 讯_1 新_1 闻_1 客_1 户_1 端_1 自_1 媒_1 体_1 ，_1 不_1 代_1 表_1 腾_1 讯_1 新_1 闻_1 的_1 观_1 点_1 和_1 立_1 场_1 。_1 [SEP]_1
2019-10-16 17:04:14,592 Token Sample: [CLS]_0 冷_0 艳_0 魔_0 妃_0 惹_0 不_0 起_0 [SEP]_0 答_1 :_1 今_1 天_1 ，_1 中_1 菲_1 两_1 国_1 率_1 领_1 人_1 就_1 周_1 全_1 改_1 良_1 和_1 进_1 一_1 步_1 增_1 强_1 两_1 国_1 各_1 规_1 模_1 合_1 作_1 告_1 竣_1 良_1 多_1 共_1 识_1 。_1 双_1 方_1 愿_1 鼎_1 力_1 敦_1 促_1 经_1 贸_1 、_1 投_1 资_1 、_1 农_1 业_1 、_1 科_1 技_1 、_1 制_1 造_1 业_1 、_1 根_1 底_1 行_1 动_1 法_1 子_1 、_1 旅_1 游_1 、_1 航_1 空_1 、_1 媒_1 体_1 、_1 禁_1 毒_1 、_1 反_1 恐_1 、_1 海_1 警_1 、_1 人_1 文_1 等_1 规_1 模_1 的_1 合_1 作_1 ，_1 并_1 见_1 证_1 了_1 13_1 个_1 双_1 边_1 合_1 作_1 文_1 件_1 的_1 签_1 定_1 。_1 当_1 前_1 ，_1 菲_1 律_1 宾_1 政_1 府_1 为_1 改_1 良_1 平_1 易_1 近_1 生_1 、_1 成_1 长_1 经_1 济_1 ，_1 需_1 加_1 除_1 夜_1 在_1 根_1 底_1 行_1 动_1 法_1 子_1 等_1 规_1 模_1 的_1 投_1 资_1 培_1 育_1 汲_1 引_1 。_1 中_1 方_1 愿_1 积_1 极_1 介_1 入_1 菲_1 根_1 底_1 行_1 动_1 法_1 子_1 培_1 育_1 汲_1 引_1 ，_1 愿_1 从_1 多_1 渠_1 道_1 供_1 给_1 融_1 资_1 、_1 投_1 资_1 方_1 面_1 的_1 撑_1 持_1 。_1 至_1 于_1 具_1 体_1 金_1 额_1 ，_1 我_1 不_1 掌_1 控_1 。_1 中_1 新_1 网_1 21_1 日_1 电_1 中_1 [SEP]_1 广_1 告_1 合_1 同_1 。_1 公_1 关_1 完_1 媒_1 体_1 ，_1 教_1 体_1 局_1 认_1 为_1 这_1 件_1 事_1 就_1 此_1 停_1 歇_1 了_1 ，_1 对_1 损_1 害_1 麻_1 烦_1 学_1 生_1 益_1 处_1 的_1 步_1 履_1 也_1 没_1 有_1 进_1 行_1 任_1 何_1 查_1 询_1 拜_1 访_1 措_1 置_1 。_1 脸_1 蛋_1 姣_1 好_1 、_1 身_1 段_1 窈_1 窕_1 的_1 朱_1 芳_1 云_1 ，_1 泛_1 泛_1 泛_1 泛_1 很_1 爱_1 妆_1 扮_1 ，_1 但_1 凭_1 自_1 己_1 国_1 家_1 级_1 麻_1 烦_1 县_1 副_1 科_1 级_1 干_1 部_1 的_1 收_1 入_1 远_1 远_1 不_1 能_1 知_1 足_1 其_1 日_1 趋_1 膨_1 胀_1 的_1 物_1 质_1 需_1 求_1 ，_1 因_1 而_1 她_1 动_1 起_1 了_1 歪_1 脑_1 子_1 ，_1 抉_1 择_1 操_1 作_1 手_1 中_1 权_1 益_1 来_1 为_1 自_1 己_1 的_1 爱_1 标_1 致_1 步_1 履_1 买_1 单_1 。_1 [SEP]_1
2019-10-16 17:04:39,455 Token Sample: [CLS]_0 百_0 色_0 投_0 币_0 娃_0 娃_0 机_0 最_0 新_0 兑_0 币_0 换_0 币_0 机_0 商_0 家_0 经_0 销_0 商_0 [SEP]_0 郑_1 重_1 声_1 明_1 :_1 我_1 们_1 是_1 厂_1 家_1 直_1 销_1 ，_1 全_1 新_1 有_1 保_1 障_1 ，_1 源_1 头_1 供_1 货_1 ，_1 杜_1 绝_1 市_1 面_1 上_1 差_1 货_1 ，_1 次_1 货_1 !_1 我_1 们_1 不_1 是_1 经_1 销_1 商_1 ，_1 我_1 们_1 所_1 有_1 货_1 品_1 全_1 部_1 本_1 厂_1 和_1 兄_1 弟_1 供_1 应_1 商_1 自_1 产_1 自_1 销_1 !_1 为_1 了_1 你_1 的_1 售_1 后_1 保_1 障_1 请_1 联_1 系_1 源_1 头_1 厂_1 商_1 !_1 !_1 主_1 板_1 有_1 主_1 板_1 跟_1 国_1 产_1 主_1 板_1 (_1 本_1 公_1 司_1 只_1 采_1 用_1 主_1 板_1 ，_1 国_1 产_1 主_1 板_1 程_1 序_1 设_1 定_1 太_1 假_1 、_1 故_1 障_1 率_1 偏_1 高_1 )_1 板_1 有_1 两_1 种_1 :_1 一_1 种_1 是_1 冠_1 心_1 主_1 板_1 、_1 一_1 种_1 是_1 液_1 晶_1 主_1 板_1 。_1 液_1 晶_1 主_1 板_1 :_1 抓_1 重_1 概_1 率_1 可_1 通_1 过_1 摇_1 杆_1 设_1 置_1 、_1 带_1 光_1 眼_1 感_1 应_1 器_1 ，_1 可_1 统_1 计_1 数_1 量_1 、_1 显_1 示_1 账_1 目_1 数_1 可_1 视_1 觉_1 化_1 设_1 置_1 (_1 控_1 台_1 上_1 有_1 一_1 个_1 小_1 液_1 晶_1 )_1 、_1 智_1 能_1 程_1 序_1 、_1 故_1 障_1 率_1 极_1 低_1 [SEP]_1 什_1 么_1 ，_1 他_1 那_1 天_1 一_1 件_1 橘_1 的_1 短_1 袖_1 和_1 驼_1 色_1 的_1 七_1 分_1 裤_1 我_1 能_1 够_1 记_1 到_1 现_1 在_1 ，_1 应_1 该_1 是_1 那_1 个_1 时_1 候_1 冥_1 冥_1 中_1 就_1 有_1 感_1 应_1 我_1 们_1 以_1 后_1 会_1 一_1 起_1 经_1 历_1 很_1 多_1 不_1 一_1 样_1 的_1 事_1 情_1 。_1 现_1 在_1 的_1 她_1 不_1 喜_1 欢_1 穿_1 鲜_1 艳_1 的_1 衣_1 服_1 ，_1 以_1 前_1 的_1 她_1 ，_1 喜_1 欢_1 大_1 红_1 色_1 ，_1 血_1 红_1 的_1 那_1 种_1 ，_1 我_1 记_1 得_1 ，_1 那_1 个_1 她_1 穿_1 着_1 红_1 色_1 嫁_1 衣_1 把_1 我_1 勒_1 死_1 的_1 那_1 个_1 人_1 。_1 战_1 不_1 三_1 合_1 ，_1 被_1 渊_1 一_1 刀_1 斩_1 于_1 马_1 下_1 。_1 杨_1 任_1 自_1 挺_1 出_1 马_1 ，_1 与_1 渊_1 [SEP]_1
2019-10-16 17:04:57,543 Token Sample: [CLS]_0 [UNK]_0 大_0 孝_0 子_0 [UNK]_0 向_0 老_0 父_0 讨_0 要_0 5_0 元_0 ，_0 遭_0 拒_0 暴_0 揍_0 7_0 旬_0 老_0 父_0 ，_0 儿_0 :_0 不_0 给_0 钱_0 就_0 要_0 命_0 [SEP]_0 [UNK]_1 大_1 孝_1 子_1 [UNK]_1 向_1 老_1 父_1 讨_1 要_1 5_1 元_1 ，_1 遭_1 拒_1 暴_1 揍_1 7_1 旬_1 老_1 父_1 ，_1 儿_1 ：_1 不_1 给_1 钱_1 就_1 要_1 命_1 文_1 章_1 为_1 小_1 编_1 原_1 创_1 ，_1 资_1 料_1 全_1 来_1 自_1 于_1 互_1 联_1 网_1 咱_1 们_1 看_1 过_1 很_1 多_1 的_1 [UNK]_1 大_1 孝_1 子_1 [UNK]_1 为_1 了_1 抢_1 房_1 子_1 打_1 老_1 人_1 ，_1 对_1 老_1 人_1 是_1 各_1 种_1 的_1 虐_1 待_1 的_1 欺_1 凌_1 ，_1 但_1 是_1 这_1 位_1 儿_1 子_1 可_1 真_1 是_1 出_1 息_1 ，_1 为_1 了_1 五_1 块_1 钱_1 竟_1 然_1 打_1 掉_1 了_1 自_1 己_1 老_1 父_1 亲_1 的_1 一_1 颗_1 牙_1 。_1 在_1 安_1 徽_1 太_1 和_1 就_1 发_1 生_1 了_1 这_1 样_1 一_1 件_1 事_1 。_1 这_1 天_1 民_1 警_1 接_1 到_1 报_1 警_1 ，_1 对_1 方_1 称_1 自_1 己_1 被_1 人_1 打_1 掉_1 了_1 一_1 顿_1 暴_1 揍_1 而_1 且_1 还_1 被_1 打_1 掉_1 了_1 一_1 颗_1 牙_1 ，_1 打_1 人_1 者_1 不_1 是_1 别_1 人_1 正_1 是_1 自_1 己_1 的_1 亲_1 生_1 儿_1 子_1 。_1 这_1 下_1 民_1 警_1 非_1 常_1 的_1 惊_1 讶_1 ，_1 这_1 到_1 底_1 是_1 怎_1 么_1 回_1 [SEP]_1 但_1 是_1 说_1 起_1 没_1 出_1 息_1 ，_1 这_1 家_1 伙_1 绝_1 对_1 算_1 得_1 上_1 一_1 个_1 。_1 就_1 为_1 了_1 五_1 块_1 钱_1 ，_1 就_1 为_1 了_1 一_1 瓶_1 酒_1 ，_1 对_1 自_1 己_1 老_1 父_1 动_1 手_1 ，_1 还_1 声_1 称_1 要_1 命_1 。_1 可_1 想_1 而_1 知_1 平_1 常_1 在_1 家_1 其_1 父_1 母_1 该_1 受_1 他_1 多_1 少_1 委_1 屈_1 ？_1 77_1 岁_1 的_1 老_1 人_1 又_1 还_1 有_1 多_1 少_1 精_1 力_1 和_1 这_1 么_1 个_1 玩_1 意_1 耗_1 下_1 去_1 呢_1 ？_1 我_1 的_1 建_1 议_1 直_1 接_1 火_1 化_1 了_1 吧_1 ，_1 留_1 着_1 也_1 是_1 祸_1 害_1 人_1 。_1 各_1 位_1 对_1 此_1 事_1 有_1 什_1 么_1 看_1 法_1 呢_1 ，_1 欢_1 迎_1 在_1 下_1 方_1 留_1 言_1 评_1 论_1 。_1 [SEP]_1
2019-10-16 17:05:06,237 seed everything and create model
2019-10-16 17:08:22,964 step 300 train loss: 0.5364
2019-10-16 17:08:22,964 step 300 score: 0.7719
2019-10-16 17:11:34,785 step 600 train loss: 0.3444
2019-10-16 17:11:34,785 step 600 score: 0.7536
2019-10-16 17:14:46,603 step 900 train loss: 0.2674
2019-10-16 17:14:46,603 step 900 score: 0.7942
2019-10-16 17:17:58,438 step 1200 train loss: 0.2220
2019-10-16 17:17:58,438 step 1200 score: 0.7893
2019-10-16 17:21:10,251 step 1500 train loss: 0.1702
2019-10-16 17:21:10,251 step 1500 score: 0.7783
2019-10-16 17:24:22,062 step 1800 train loss: 0.1265
2019-10-16 17:24:22,063 step 1800 score: 0.7667
2019-10-16 17:27:33,862 step 2100 train loss: 0.0938
2019-10-16 17:27:33,863 step 2100 score: 0.7529
2019-10-16 17:30:45,665 step 2400 train loss: 0.0693
2019-10-16 17:30:45,665 step 2400 score: 0.7832
2019-10-16 17:30:45,666 best score is 0.7942
