2019-10-25 15:16:43,035 log_in_file: True
2019-10-25 15:16:43,035 lm_path: /home/wangzl/PretrainedLM/BERT/New/chinese_wwm_ext_pytorch
2019-10-25 15:16:43,035 lm_type: bert
2019-10-25 15:16:43,035 data_path: ../data/
2019-10-25 15:16:43,035 usegpu: True
2019-10-25 15:16:43,035 total_step: 1500
2019-10-25 15:16:43,035 eval_every: 150
2019-10-25 15:16:43,035 early_stop: 4
2019-10-25 15:16:43,035 max_length: 360
2019-10-25 15:16:43,035 max_title_rate: 0.125
2019-10-25 15:16:43,035 content_head_rate: 0.6
2019-10-25 15:16:43,035 batch_size: 16
2019-10-25 15:16:43,035 lr_scheduler_type: linear
2019-10-25 15:16:43,035 input_pattern: head+tail+fixed
2019-10-25 15:16:43,035 clean_method: space+notzh
2019-10-25 15:16:43,036 warmup_rate: 0.1
2019-10-25 15:16:43,036 classifier_dropout: 0.1
2019-10-25 15:16:43,036 classifier_active: relu
2019-10-25 15:16:43,036 cache_final_model: False
2019-10-25 15:16:43,036 seed: 23
2019-10-25 15:16:43,036 lr: 2e-05
2019-10-25 15:16:43,036 lr_decay_in_layers: 0.96
2019-10-25 15:16:43,036 wd_decay_in_layers: 1.0
2019-10-25 15:16:43,036 weight_decay: 0.01
2019-10-25 15:16:43,052 padding token is 0
2019-10-25 15:17:09,525 Token Sample: [CLS]_0 拒_0 绝_0 承_0 担_0 反_0 担_0 保_0 债_0 务_0 应_0 当_0 如_0 何_0 解_0 决_0 __0 搜_0 狐_0 财_0 经_0 __0 搜_0 狐_0 网_0 [PAD]_0 [PAD]_0 [PAD]_0 [PAD]_0 [PAD]_0 [PAD]_0 [PAD]_0 [PAD]_0 [PAD]_0 [PAD]_0 [PAD]_0 [PAD]_0 [PAD]_0 [PAD]_0 [PAD]_0 [PAD]_0 [PAD]_0 [PAD]_0 [PAD]_0 [PAD]_0 [PAD]_0 [SEP]_0 在_1 民_1 间_1 借_1 贷_1 纠_1 纷_1 中_1 有_1 许_1 多_1 不_1 同_1 种_1 类_1 的_1 借_1 贷_1 纠_1 纷_1 ，_1 当_1 然_1 也_1 常_1 常_1 有_1 关_1 于_1 拒_1 绝_1 承_1 担_1 反_1 债_1 务_1 担_1 保_1 的_1 情_1 况_1 ，_1 那_1 么_1 这_1 种_1 情_1 况_1 下_1 ，_1 债_1 权_1 人_1 应_1 该_1 怎_1 么_1 办_1 呢_1 ?_1 如_1 果_1 想_1 要_1 硬_1 性_1 要_1 求_1 偿_1 还_1 那_1 么_1 对_1 于_1 有_1 些_1 不_1 讲_1 理_1 的_1 人_1 来_1 说_1 是_1 不_1 可_1 能_1 发_1 生_1 的_1 ，_1 所_1 以_1 要_1 通_1 过_1 法_1 律_1 手_1 段_1 解_1 决_1 ，_1 催_1 天_1 下_1 小_1 编_1 整_1 理_1 了_1 相_1 关_1 的_1 内_1 容_1 ，_1 希_1 望_1 对_1 您_1 有_1 帮_1 助_1 。_1 a_1 公_1 司_1 称_1 :_1 2016_1 年_1 8_1 月_1 20_1 日_1 ，_1 被_1 告_1 下_1 属_1 的_1 b_1 公_1 司_1 向_1 乌_1 鲁_1 木_1 齐_1 市_1 商_1 业_1 银_1 行_1 恒_1 丰_1 支_1 行_1 借_1 款_1 60_1 万_1 元_1 ，_1 我_1 方_1 为_1 其_1 借_1 款_1 提_1 供_1 了_1 担_1 保_1 。_1 为_1 了_1 避_1 免_1 担_1 保_1 造_1 成_1 损_1 失_1 ，_1 我_1 [SEP]_1 融_1 租_1 赁_1 、_1 融_1 资_1 租_1 赁_1 、_1 保_1 理_1 、_1 大_1 型_1 互_1 联_1 网_1 金_1 融_1 机_1 构_1 、_1 征_1 信_1 公_1 司_1 、_1 消_1 费_1 金_1 融_1 机_1 构_1 等_1 优_1 势_1 ，_1 实_1 现_1 了_1 被_1 催_1 收_1 人_1 信_1 息_1 向_1 这_1 些_1 机_1 构_1 的_1 实_1 时_1 推_1 送_1 ，_1 从_1 而_1 让_1 被_1 催_1 收_1 人_1 在_1 生_1 活_1 中_1 处_1 处_1 受_1 阻_1 、_1 寸_1 步_1 难_1 行_1 ，_1 促_1 使_1 其_1 主_1 动_1 联_1 络_1 债_1 权_1 人_1 进_1 行_1 还_1 款_1 。_1 为_1 实_1 现_1 债_1 权_1 提_1 供_1 了_1 信_1 用_1 施_1 压_1 的_1 新_1 型_1 催_1 收_1 方_1 式_1 。_1 返_1 回_1 搜_1 狐_1 ，_1 查_1 看_1 更_1 多_1 [SEP]_1
2019-10-25 15:17:27,300 Token Sample: [CLS]_0 坑_0 骗_0 菜_0 农_0 ，_0 打_0 一_0 枪_0 换_0 一_0 地_0 方_0 ，_0 张_0 某_0 某_0 累_0 计_0 诈_0 骗_0 150_0 余_0 万_0 元_0 [PAD]_0 [PAD]_0 [PAD]_0 [PAD]_0 [PAD]_0 [PAD]_0 [PAD]_0 [PAD]_0 [PAD]_0 [PAD]_0 [PAD]_0 [PAD]_0 [PAD]_0 [PAD]_0 [PAD]_0 [PAD]_0 [PAD]_0 [PAD]_0 [PAD]_0 [PAD]_0 [PAD]_0 [SEP]_0 黑_1 龙_1 江_1 女_1 子_1 张_1 某_1 某_1 收_1 购_1 蔬_1 菜_1 外_1 销_1 ，_1 后_1 因_1 经_1 营_1 不_1 善_1 赔_1 光_1 本_1 钱_1 ，_1 明_1 知_1 不_1 能_1 将_1 菜_1 款_1 支_1 付_1 给_1 菜_1 农_1 却_1 继_1 续_1 收_1 菜_1 ，_1 累_1 计_1 诈_1 骗_1 菜_1 农_1 150_1 余_1 万_1 元_1 。_1 张_1 某_1 某_1 为_1 了_1 躲_1 债_1 四_1 处_1 藏_1 匿_1 ，_1 终_1 被_1 寿_1 光_1 警_1 方_1 抓_1 获_1 。_1 目_1 前_1 ，_1 张_1 某_1 某_1 已_1 被_1 刑_1 事_1 拘_1 留_1 。_1 嫌_1 犯_1 张_1 某_1 某_1 （_1 中_1 ）_1 被_1 擒_1 获_1 。_1 累_1 计_1 骗_1 菜_1 农_1 150_1 余_1 万_1 2018_1 年_1 12_1 月_1 下_1 旬_1 ，_1 寿_1 光_1 市_1 公_1 安_1 局_1 稻_1 田_1 派_1 出_1 所_1 民_1 警_1 走_1 访_1 了_1 解_1 到_1 ，_1 辖_1 区_1 某_1 蔬_1 菜_1 收_1 购_1 点_1 拖_1 欠_1 多_1 名_1 菜_1 农_1 菜_1 款_1 ，_1 且_1 数_1 额_1 较_1 大_1 ，_1 拒_1 不_1 支_1 付_1 。_1 [UNK]_1 她_1 将_1 蔬_1 菜_1 销_1 往_1 俄_1 罗_1 斯_1 、_1 满_1 洲_1 里_1 ，_1 生_1 意_1 做_1 得_1 很_1 大_1 。_1 [UNK]_1 据_1 受_1 害_1 [SEP]_1 收_1 菜_1 ，_1 最_1 后_1 切_1 断_1 与_1 受_1 害_1 人_1 的_1 联_1 系_1 ，_1 潜_1 逃_1 多_1 处_1 藏_1 匿_1 。_1 2_1 月_1 18_1 日_1 ，_1 记_1 者_1 获_1 悉_1 ，_1 目_1 前_1 张_1 某_1 某_1 已_1 被_1 刑_1 事_1 拘_1 留_1 ，_1 案_1 件_1 正_1 在_1 进_1 一_1 步_1 调_1 查_1 中_1 。_1 民_1 警_1 表_1 示_1 ，_1 此_1 类_1 案_1 件_1 即_1 便_1 侦_1 破_1 ，_1 菜_1 农_1 的_1 损_1 失_1 也_1 难_1 以_1 追_1 回_1 。_1 菜_1 农_1 们_1 在_1 销_1 售_1 蔬_1 菜_1 时_1 ，_1 最_1 好_1 让_1 采_1 购_1 商_1 一_1 次_1 结_1 清_1 款_1 项_1 ，_1 切_1 勿_1 因_1 疏_1 忽_1 大_1 意_1 造_1 成_1 巨_1 大_1 损_1 失_1 。_1 记_1 者_1 张_1 少_1 华_1 [SEP]_1
2019-10-25 15:17:47,756 Token Sample: [CLS]_0 婚_0 庆_0 一_0 条_0 龙_0 大_0 概_0 要_0 多_0 少_0 钱_0 __0 百_0 度_0 知_0 道_0 [PAD]_0 [PAD]_0 [PAD]_0 [PAD]_0 [PAD]_0 [PAD]_0 [PAD]_0 [PAD]_0 [PAD]_0 [PAD]_0 [PAD]_0 [PAD]_0 [PAD]_0 [PAD]_0 [PAD]_0 [PAD]_0 [PAD]_0 [PAD]_0 [PAD]_0 [PAD]_0 [PAD]_0 [PAD]_0 [PAD]_0 [PAD]_0 [PAD]_0 [PAD]_0 [PAD]_0 [PAD]_0 [PAD]_0 [SEP]_0 现_1 在_1 一_1 站_1 式_1 婚_1 庆_1 什_1 么_1 都_1 包_1 括_1 ，_1 现_1 在_1 一_1 场_1 婚_1 礼_1 一_1 般_1 都_1 需_1 要_1 花_1 费_1 五_1 六_1 万_1 左_1 右_1 。_1 像_1 婚_1 宴_1 、_1 布_1 置_1 、_1 四_1 大_1 金_1 刚_1 、_1 婚_1 车_1 等_1 。_1 都_1 是_1 整_1 个_1 婚_1 礼_1 不_1 可_1 缺_1 少_1 的_1 。_1 [PAD]_1 [PAD]_1 [PAD]_1 [PAD]_1 [PAD]_1 [PAD]_1 [PAD]_1 [PAD]_1 [PAD]_1 [PAD]_1 [PAD]_1 [PAD]_1 [PAD]_1 [PAD]_1 [PAD]_1 [PAD]_1 [PAD]_1 [PAD]_1 [PAD]_1 [PAD]_1 [PAD]_1 [PAD]_1 [PAD]_1 [PAD]_1 [PAD]_1 [PAD]_1 [PAD]_1 [PAD]_1 [PAD]_1 [PAD]_1 [PAD]_1 [PAD]_1 [PAD]_1 [PAD]_1 [PAD]_1 [PAD]_1 [PAD]_1 [PAD]_1 [PAD]_1 [PAD]_1 [PAD]_1 [PAD]_1 [PAD]_1 [PAD]_1 [PAD]_1 [PAD]_1 [PAD]_1 [PAD]_1 [PAD]_1 [PAD]_1 [PAD]_1 [PAD]_1 [PAD]_1 [PAD]_1 [PAD]_1 [PAD]_1 [PAD]_1 [PAD]_1 [PAD]_1 [PAD]_1 [PAD]_1 [PAD]_1 [PAD]_1 [PAD]_1 [PAD]_1 [PAD]_1 [PAD]_1 [PAD]_1 [PAD]_1 [PAD]_1 [PAD]_1 [PAD]_1 [PAD]_1 [PAD]_1 [PAD]_1 [PAD]_1 [PAD]_1 [PAD]_1 [PAD]_1 [PAD]_1 [PAD]_1 [PAD]_1 [PAD]_1 [PAD]_1 [PAD]_1 [PAD]_1 [PAD]_1 [PAD]_1 [PAD]_1 [PAD]_1 [PAD]_1 [PAD]_1 [PAD]_1 [PAD]_1 [PAD]_1 [PAD]_1 [PAD]_1 [PAD]_1 [PAD]_1 [PAD]_1 [PAD]_1 [PAD]_1 [PAD]_1 [PAD]_1 [PAD]_1 [PAD]_1 [PAD]_1 [PAD]_1 [PAD]_1 [PAD]_1 [PAD]_1 [PAD]_1 [PAD]_1 [PAD]_1 [PAD]_1 [PAD]_1 [PAD]_1 [PAD]_1 [PAD]_1 [PAD]_1 [PAD]_1 [PAD]_1 [PAD]_1 [PAD]_1 [PAD]_1 [PAD]_1 [PAD]_1 [PAD]_1 [PAD]_1 [SEP]_1 [PAD]_1 [PAD]_1 [PAD]_1 [PAD]_1 [PAD]_1 [PAD]_1 [PAD]_1 [PAD]_1 [PAD]_1 [PAD]_1 [PAD]_1 [PAD]_1 [PAD]_1 [PAD]_1 [PAD]_1 [PAD]_1 [PAD]_1 [PAD]_1 [PAD]_1 [PAD]_1 [PAD]_1 [PAD]_1 [PAD]_1 [PAD]_1 [PAD]_1 [PAD]_1 [PAD]_1 [PAD]_1 [PAD]_1 [PAD]_1 [PAD]_1 [PAD]_1 [PAD]_1 [PAD]_1 [PAD]_1 [PAD]_1 [PAD]_1 [PAD]_1 [PAD]_1 [PAD]_1 [PAD]_1 [PAD]_1 [PAD]_1 [PAD]_1 [PAD]_1 [PAD]_1 [PAD]_1 [PAD]_1 [PAD]_1 [PAD]_1 [PAD]_1 [PAD]_1 [PAD]_1 [PAD]_1 [PAD]_1 [PAD]_1 [PAD]_1 [PAD]_1 [PAD]_1 [PAD]_1 [PAD]_1 [PAD]_1 现_1 在_1 一_1 站_1 式_1 婚_1 庆_1 什_1 么_1 都_1 包_1 括_1 ，_1 现_1 在_1 一_1 场_1 婚_1 礼_1 一_1 般_1 都_1 需_1 要_1 花_1 费_1 五_1 六_1 万_1 左_1 右_1 。_1 像_1 婚_1 宴_1 、_1 布_1 置_1 、_1 四_1 大_1 金_1 刚_1 、_1 婚_1 车_1 等_1 。_1 都_1 是_1 整_1 个_1 婚_1 礼_1 不_1 可_1 缺_1 少_1 的_1 。_1 [SEP]_1
2019-10-25 15:18:04,767 Token Sample: [CLS]_0 万_0 达_0 百_0 货_0 闪_0 电_0 关_0 铺_0 以_0 售_0 养_0 租_0 现_0 金_0 流_0 压_0 力_0 凸_0 显_0 [PAD]_0 [PAD]_0 [PAD]_0 [PAD]_0 [PAD]_0 [PAD]_0 [PAD]_0 [PAD]_0 [PAD]_0 [PAD]_0 [PAD]_0 [PAD]_0 [PAD]_0 [PAD]_0 [PAD]_0 [PAD]_0 [PAD]_0 [PAD]_0 [PAD]_0 [PAD]_0 [PAD]_0 [PAD]_0 [PAD]_0 [PAD]_0 [PAD]_0 [PAD]_0 [SEP]_0 万_1 达_1 百_1 货_1 关_1 店_1 ，_1 来_1 得_1 太_1 突_1 然_1 。_1 百_1 货_1 开_1 店_1 24_1 家_1 ，_1 还_1 被_1 写_1 进_1 2014_1 年_1 万_1 达_1 集_1 团_1 工_1 作_1 报_1 告_1 的_1 [UNK]_1 成_1 绩_1 栏_1 [UNK]_1 ，_1 并_1 受_1 到_1 王_1 健_1 林_1 董_1 事_1 长_1 的_1 重_1 点_1 表_1 扬_1 ，_1 2015_1 年_1 上_1 半_1 年_1 还_1 开_1 了_1 3_1 家_1 。_1 但_1 风_1 云_1 突_1 变_1 ，_1 近_1 期_1 集_1 团_1 下_1 任_1 务_1 ，_1 在_1 今_1 年_1 7_1 月_1 底_1 前_1 ，_1 要_1 关_1 闭_1 90_1 家_1 百_1 货_1 店_1 中_1 的_1 一_1 半_1 ，_1 剩_1 余_1 40_1 多_1 家_1 ，_1 或_1 者_1 压_1 缩_1 经_1 营_1 面_1 积_1 、_1 或_1 者_1 调_1 整_1 经_1 营_1 方_1 向_1 (_1 如_1 转_1 向_1 餐_1 饮_1 )_1 。_1 无_1 怪_1 乎_1 ，_1 失_1 业_1 员_1 工_1 挂_1 起_1 了_1 [UNK]_1 董_1 事_1 长_1 您_1 太_1 不_1 懂_1 事_1 了_1 [UNK]_1 的_1 横_1 幅_1 ，_1 以_1 抒_1 [UNK]_1 刚_1 找_1 到_1 工_1 作_1 就_1 失_1 业_1 [UNK]_1 的_1 不_1 满_1 。_1 或_1 许_1 ，_1 相_1 比_1 国_1 内_1 外_1 百_1 货_1 巨_1 头_1 ，_1 很_1 [SEP]_1 。_1 销_1 售_1 无_1 法_1 充_1 当_1 现_1 金_1 牛_1 ，_1 [UNK]_1 已_1 售_1 养_1 租_1 [UNK]_1 的_1 现_1 金_1 流_1 压_1 力_1 凸_1 显_1 ，_1 导_1 致_1 青_1 黄_1 不_1 接_1 。_1 而_1 探_1 索_1 转_1 型_1 去_1 意_1 已_1 决_1 ，_1 只_1 好_1 砍_1 掉_1 不_1 符_1 合_1 转_1 型_1 方_1 向_1 、_1 无_1 法_1 缓_1 建_1 现_1 金_1 流_1 压_1 力_1 的_1 部_1 门_1 。_1 影_1 院_1 是_1 新_1 兴_1 行_1 业_1 ，_1 不_1 但_1 可_1 以_1 [UNK]_1 讲_1 故_1 事_1 [UNK]_1 ，_1 还_1 能_1 单_1 独_1 上_1 市_1 贡_1 献_1 现_1 金_1 流_1 ，_1 而_1 百_1 货_1 一_1 则_1 过_1 气_1 、_1 二_1 则_1 拖_1 累_1 ，_1 被_1 砍_1 掉_1 也_1 就_1 不_1 足_1 为_1 怪_1 了_1 。_1 [SEP]_1
2019-10-25 15:18:17,457 seed everything and create model
2019-10-25 15:20:07,141 step 150 train loss: 0.6101
2019-10-25 15:20:07,141 step 150 score: 0.7353
2019-10-25 15:21:51,307 step 300 train loss: 0.4102
2019-10-25 15:21:51,307 step 300 score: 0.7790
2019-10-25 15:23:35,477 step 450 train loss: 0.3530
2019-10-25 15:23:35,477 step 450 score: 0.7814
2019-10-25 15:25:19,619 step 600 train loss: 0.2810
2019-10-25 15:25:19,619 step 600 score: 0.7727
2019-10-25 15:27:03,760 step 750 train loss: 0.3046
2019-10-25 15:27:03,760 step 750 score: 0.7907
2019-10-25 15:28:47,920 step 900 train loss: 0.1876
2019-10-25 15:28:47,920 step 900 score: 0.7776
2019-10-25 15:30:32,057 step 1050 train loss: 0.1974
2019-10-25 15:30:32,057 step 1050 score: 0.7904
2019-10-25 15:32:16,195 step 1200 train loss: 0.1386
2019-10-25 15:32:16,196 step 1200 score: 0.7822
2019-10-25 15:34:00,334 step 1350 train loss: 0.1237
2019-10-25 15:34:00,334 step 1350 score: 0.7923
2019-10-25 15:35:44,484 step 1500 train loss: 0.1217
2019-10-25 15:35:44,484 step 1500 score: 0.7889
2019-10-25 15:35:44,484 best score is 0.7923
