2019-10-23 23:36:32,497 log_in_file: True
2019-10-23 23:36:32,497 lm_path: /home/wangzl/PretrainedLM/BERT/New/roberta_zh_l12
2019-10-23 23:36:32,497 lm_type: bert
2019-10-23 23:36:32,497 data_path: ../data/
2019-10-23 23:36:32,497 usegpu: True
2019-10-23 23:36:32,497 use_origin: False
2019-10-23 23:36:32,497 n_fold: 5
2019-10-23 23:36:32,497 total_step: 3000
2019-10-23 23:36:32,498 eval_every: 300
2019-10-23 23:36:32,498 early_stop: 4
2019-10-23 23:36:32,498 max_length: 510
2019-10-23 23:36:32,498 max_title_rate: 0.1
2019-10-23 23:36:32,498 content_head_rate: 0.6
2019-10-23 23:36:32,498 batch_size: 8
2019-10-23 23:36:32,498 lr_scheduler_type: linear
2019-10-23 23:36:32,498 input_pattern: sentence
2019-10-23 23:36:32,498 clean_method: space+notzh
2019-10-23 23:36:32,498 warmup_rate: 0.1
2019-10-23 23:36:32,498 classifier_dropout: 0.3
2019-10-23 23:36:32,498 classifier_weight_decay: 0.0
2019-10-23 23:36:32,498 cache_final_model: False
2019-10-23 23:36:32,498 seed: 108
2019-10-23 23:36:32,498 lr: 2e-05
2019-10-23 23:36:32,498 lr_decay_in_layers: 0.95
2019-10-23 23:36:32,498 weight_decay: 0.01
2019-10-23 23:36:32,515 padding token is 0
2019-10-23 23:36:58,984 Token Sample: [CLS]_0 精_0 仿_0 爱_0 马_0 仕_0 男_0 装_0 男_0 鞋_0 价_0 格_0 表_0 朋_0 友_0 圈_0 【_0 九_0 江_0 准_0 夸_0 网_0 】_0 [SEP]_0 男_1 装_1 知_1 名_1 品_1 牌_1 范_1 思_1 哲_1 、_1 阿_1 玛_1 尼_1 、_1 古_1 奇_1 、_1 纪_1 梵_1 希_1 、_1 华_1 伦_1 天_1 奴_1 、_1 菲_1 拉_1 格_1 慕_1 、_1 爱_1 马_1 仕_1 新_1 摩_1 登_1 主_1 义_1 者_1 gucci_1 )_1 鼓_1 励_1 男_1 性_1 们_1 穿_1 皮_1 装_1 ，_1 因_1 为_1 它_1 用_1 中_1 性_1 给_1 了_1 男_1 式_1 皮_1 装_1 和_1 其_1 他_1 男_1 装_1 新_1 的_1 生_1 命_1 :_1 皮_1 装_1 皮_1 质_1 轻_1 软_1 ，_1 像_1 一_1 件_1 普_1 通_1 的_1 夹_1 克_1 ;_1 紧_1 身_1 设_1 计_1 强_1 调_1 男_1 性_1 阳_1 刚_1 的_1 体_1 型_1 ，_1 细_1 节_1 是_1 摒_1 弃_1 琐_1 碎_1 的_1 极_1 简_1 主_1 义_1 ，_1 呈_1 现_1 出_1 现_1 代_1 雅_1 皮_1 士_1 风_1 貌_1 。_1 男_1 装_1 知_1 名_1 品_1 牌_1 z_1 ##eg_1 ##na_1 杰_1 尼_1 亚_1 一_1 直_1 是_1 众_1 多_1 社_1 会_1 名_1 流_1 所_1 青_1 睐_1 的_1 对_1 象_1 ，_1 个_1 性_1 与_1 艺_1 术_1 性_1 完_1 美_1 组_1 合_1 的_1 作_1 品_1 ，_1 为_1 了_1 尽_1 量_1 满_1 足_1 在_1 新_1 千_1 年_1 中_1 越_1 来_1 越_1 多_1 的_1 服_1 装_1 个_1 性_1 化_1 要_1 求_1 ，_1 杰_1 尼_1 亚_1 在_1 今_1 季_1 仍_1 专_1 门_1 提_1 供_1 量_1 体_1 裁_1 衣_1 的_1 服_1 务_1 ，_1 上_1 乘_1 的_1 面_1 料_1 通_1 过_1 高_1 级_1 制_1 作_1 师_1 的_1 精_1 心_1 雕_1 琢_1 ，_1 细_1 致_1 剪_1 裁_1 ，_1 周_1 到_1 呵_1 护_1 至_1 每_1 个_1 细_1 节_1 ，_1 穿_1 着_1 舒_1 服_1 。_1 他_1 将_1 传_1 统_1 工_1 艺_1 和_1 现_1 代_1 智_1 慧_1 有_1 机_1 地_1 结_1 合_1 ，_1 使_1 杰_1 尼_1 亚_1 特_1 有_1 的_1 梦_1 幻_1 般_1 的_1 面_1 料_1 把_1 男_1 装_1 艺_1 术_1 发_1 挥_1 到_1 淋_1 漓_1 尽_1 致_1 的_1 地_1 步_1 。_1 男_1 装_1 知_1 名_1 品_1 牌_1 prada_1 起_1 源_1 于_1 1913_1 年_1 ，_1 当_1 时_1 美_1 洲_1 与_1 欧_1 洲_1 之_1 间_1 的_1 交_1 通_1 频_1 繁_1 ，_1 于_1 是_1 创_1 立_1 人_1 便_1 决_1 定_1 设_1 计_1 生_1 产_1 一_1 系_1 列_1 针_1 对_1 旅_1 行_1 使_1 用_1 的_1 皮_1 具_1 产_1 品_1 ，_1 于_1 米_1 兰_1 成_1 立_1 品_1 牌_1 。_1 给_1 大_1 家_1 普_1 及_1 一_1 下_1 普_1 拉_1 达_1 阿_1 玛_1 尼_1 巴_1 宝_1 莉_1 爱_1 马_1 仕_1 纪_1 梵_1 希_1 仿_1 品_1 在_1 哪_1 里_1 能_1 买_1 到_1 最_1 好_1 的_1 ，_1 靠_1 谱_1 新_1 款_1 高_1 仿_1 奢_1 侈_1 品_1 衣_1 服_1 质_1 量_1 最_1 好_1 的_1 推_1 荐_1 下_1 [PAD]_1 [PAD]_1 [PAD]_1 [PAD]_1 [PAD]_1 [PAD]_1 [PAD]_1 [PAD]_1 [PAD]_1 [PAD]_1 [PAD]_1 [PAD]_1 [PAD]_1 [PAD]_1 [PAD]_1 [PAD]_1 [PAD]_1 [PAD]_1 [PAD]_1 [PAD]_1 [PAD]_1 [PAD]_1 [PAD]_1 [PAD]_1 [PAD]_1 [PAD]_1 [PAD]_1 [PAD]_1 [PAD]_1 [PAD]_1 [PAD]_1 [PAD]_1 [PAD]_1 [PAD]_1 [PAD]_1 [PAD]_1 [PAD]_1 [PAD]_1 [PAD]_1 [PAD]_1 [PAD]_1 [PAD]_1 [PAD]_1 [PAD]_1 [PAD]_1 [PAD]_1 [PAD]_1 [PAD]_1 [PAD]_1 [PAD]_1 [PAD]_1 [PAD]_1 [PAD]_1 [PAD]_1 [PAD]_1 [PAD]_1 [PAD]_1 [PAD]_1 [PAD]_1 [PAD]_1 [PAD]_1 [PAD]_1 [PAD]_1 [PAD]_1 [PAD]_1 [PAD]_1 [PAD]_1 [PAD]_1 [PAD]_1 [PAD]_1 [PAD]_1 [PAD]_1 [PAD]_1 [SEP]_1
2019-10-23 23:37:16,062 Token Sample: [CLS]_0 武_0 汉_0 知_0 名_0 的_0 公_0 司_0 法_0 律_0 师_0 费_0 用_0 __0 费_0 用_0 合_0 理_0 [SEP]_0 第_1 六_1 步_1 :_1 开_1 庭_1 审_1 理_1 。_1 民_1 事_1 、_1 经_1 济_1 案_1 件_1 开_1 庭_1 审_1 理_1 的_1 顺_1 序_1 为_1 :_1 核_1 实_1 双_1 方_1 当_1 事_1 人_1 的_1 身_1 份_1 及_1 代_1 理_1 人_1 身_1 份_1 、_1 宣_1 布_1 合_1 议_1 庭_1 组_1 成_1 人_1 员_1 及_1 询_1 问_1 是_1 否_1 回_1 避_1 ，_1 然_1 后_1 开_1 始_1 审_1 理_1 。_1 十_1 二_1 、_1 各_1 地_1 人_1 民_1 对_1 房_1 地_1 产_1 抵_1 押_1 另_1 有_1 规_1 定_1 的_1 ，_1 应_1 按_1 各_1 地_1 具_1 体_1 规_1 定_1 处_1 理_1 。_1 2_1 、_1 赔_1 偿_1 损_1 失_1 性_1 质_1 问_1 题_1 。_1 离_1 婚_1 损_1 害_1 赔_1 偿_1 案_1 件_1 中_1 的_1 损_1 失_1 是_1 指_1 因_1 过_1 错_1 方_1 实_1 施_1 重_1 婚_1 的_1 、_1 有_1 配_1 偶_1 者_1 与_1 他_1 人_1 的_1 、_1 实_1 施_1 家_1 庭_1 的_1 、_1 、_1 遗_1 弃_1 家_1 庭_1 成_1 员_1 等_1 违_1 法_1 行_1 为_1 致_1 使_1 无_1 过_1 错_1 一_1 方_1 现_1 有_1 财_1 产_1 利_1 益_1 的_1 减_1 少_1 。_1 因_1 此_1 ，_1 除_1 过_1 错_1 方_1 承_1 认_1 过_1 错_1 行_1 为_1 以_1 外_1 ，_1 无_1 过_1 错_1 方_1 能_1 够_1 提_1 供_1 的_1 证_1 据_1 较_1 少_1 或_1 是_1 证_1 明_1 力_1 较_1 低_1 ，_1 致_1 使_1 法_1 院_1 对_1 于_1 无_1 过_1 错_1 方_1 提_1 出_1 的_1 赔_1 偿_1 事_1 由_1 难_1 以_1 查_1 明_1 ，_1 故_1 亦_1 较_1 难_1 认_1 定_1 。_1 1_1 ._1 实_1 体_1 方_1 面_1 的_1 要_1 求_1 (_1 一_1 )_1 附_1 加_1 适_1 用_1 的_1 的_1 减_1 刑_1 。_1 尽_1 管_1 我_1 国_1 刑_1 法_1 以_1 及_1 相_1 关_1 的_1 司_1 法_1 解_1 释_1 对_1 于_1 附_1 加_1 的_1 减_1 刑_1 适_1 用_1 方_1 法_1 没_1 有_1 具_1 体_1 规_1 定_1 ，_1 但_1 根_1 据_1 立_1 法_1 及_1 司_1 法_1 精_1 神_1 ，_1 对_1 的_1 减_1 刑_1 ，_1 是_1 从_1 实_1 体_1 与_1 程_1 序_1 相_1 统_1 一_1 的_1 角_1 度_1 予_1 以_1 出_1 发_1 ，_1 其_1 目_1 的_1 是_1 使_1 的_1 适_1 用_1 更_1 加_1 完_1 整_1 与_1 系_1 统_1 。_1 三_1 、_1 的_1 减_1 刑_1 适_1 用_1 第_1 三_1 步_1 :_1 立_1 案_1 后_1 ，_1 法_1 院_1 的_1 内_1 勤_1 将_1 案_1 件_1 分_1 到_1 具_1 体_1 的_1 承_1 办_1 法_1 官_1 ，_1 由_1 承_1 办_1 法_1 官_1 根_1 据_1 自_1 己_1 的_1 时_1 间_1 安_1 排_1 ，_1 由_1 员_1 负_1 责_1 将_1 书_1 送_1 达_1 被_1 告_1 或_1 电_1 话_1 通_1 知_1 开_1 庭_1 时_1 间_1 或_1 其_1 它_1 事_1 项_1 。_1 被_1 告_1 应_1 在_1 收_1 到_1 状_1 副_1 本_1 后_1 15_1 日_1 内_1 提_1 出_1 答_1 辩_1 状_1 。_1 不_1 提_1 出_1 答_1 辩_1 状_1 的_1 ，_1 不_1 影_1 响_1 人_1 民_1 法_1 院_1 审_1 理_1 。_1 5_1 、_1 开_1 庭_1 。_1 立_1 案_1 后_1 ，_1 人_1 民_1 法_1 院_1 会_1 安_1 排_1 开_1 庭_1 日_1 期_1 ，_1 并_1 提_1 前_1 通_1 知_1 当_1 事_1 人_1 。_1 开_1 庭_1 时_1 应_1 准_1 [SEP]_1
2019-10-23 23:37:34,211 Token Sample: [CLS]_0 日_0 本_0 官_0 员_0 :_0 东_0 京_0 奥_0 运_0 会_0 要_0 让_0 所_0 有_0 人_0 吃_0 上_0 核_0 灾_0 食_0 品_0 !_0 我_0 :_0 还_0 是_0 ._0 ._0 ._0 __0 手_0 机_0 网_0 易_0 网_0 [SEP]_0 2020_1 年_1 的_1 东_1 京_1 奥_1 运_1 会_1 就_1 要_1 来_1 了_1 ，_1 几_1 年_1 之_1 前_1 日_1 本_1 为_1 什_1 么_1 要_1 申_1 办_1 东_1 京_1 奥_1 运_1 会_1 呢_1 ?_1 一_1 方_1 面_1 日_1 本_1 要_1 提_1 振_1 本_1 国_1 的_1 经_1 济_1 和_1 形_1 象_1 ，_1 另_1 一_1 方_1 面_1 很_1 大_1 的_1 一_1 个_1 原_1 因_1 ，_1 就_1 是_1 要_1 给_1 2011_1 年_1 的_1 日_1 本_1 311_1 大_1 地_1 震_1 冲_1 喜_1 。_1 那_1 次_1 地_1 震_1 之_1 后_1 ，_1 日_1 本_1 内_1 阁_1 专_1 门_1 设_1 立_1 了_1 一_1 个_1 机_1 构_1 叫_1 做_1 复_1 兴_1 厅_1 ，_1 就_1 是_1 希_1 望_1 举_1 全_1 国_1 的_1 力_1 量_1 搞_1 好_1 灾_1 后_1 重_1 建_1 。_1 当_1 时_1 有_1 的_1 日_1 本_1 人_1 就_1 提_1 出_1 一_1 个_1 想_1 法_1 :_1 申_1 办_1 2020_1 年_1 的_1 东_1 京_1 奥_1 运_1 会_1 ，_1 让_1 这_1 次_1 奥_1 运_1 会_1 给_1 大_1 地_1 震_1 冲_1 喜_1 ，_1 也_1 让_1 全_1 世_1 界_1 看_1 到_1 日_1 本_1 的_1 灾_1 后_1 重_1 建_1 有_1 多_1 么_1 好_1 的_1 效_1 果_1 确_1 实_1 ，_1 这_1 几_1 年_1 来_1 日_1 本_1 人_1 是_1 不_1 遗_1 余_1 力_1 的_1 宣_1 传_1 他_1 的_1 灾_1 后_1 重_1 建_1 的_1 成_1 果_1 的_1 。_1 其_1 中_1 很_1 重_1 要_1 的_1 一_1 点_1 就_1 是_1 向_1 全_1 球_1 推_1 销_1 它_1 的_1 核_1 灾_1 食_1 品_1 。_1 什_1 么_1 叫_1 核_1 灾_1 食_1 品_1 ?_1 我_1 们_1 再_1 跟_1 大_1 家_1 普_1 及_1 一_1 下_1 ，_1 当_1 年_1 那_1 场_1 大_1 地_1 震_1 它_1 可_1 绝_1 对_1 不_1 同_1 于_1 一_1 般_1 的_1 大_1 地_1 震_1 ，_1 因_1 为_1 在_1 地_1 震_1 中_1 心_1 ，_1 有_1 日_1 本_1 的_1 核_1 电_1 厂_1 发_1 生_1 了_1 核_1 泄_1 漏_1 ，_1 污_1 染_1 了_1 周_1 边_1 几_1 个_1 县_1 ，_1 那_1 几_1 个_1 县_1 恰_1 好_1 还_1 都_1 是_1 日_1 本_1 的_1 农_1 业_1 渔_1 业_1 大_1 省_1 所_1 以_1 从_1 那_1 之_1 后_1 ，_1 全_1 球_1 有_1 50_1 多_1 个_1 国_1 家_1 对_1 日_1 本_1 出_1 口_1 的_1 食_1 品_1 做_1 了_1 严_1 格_1 的_1 限_1 制_1 ，_1 有_1 的_1 国_1 家_1 干_1 脆_1 说_1 :_1 日_1 本_1 全_1 国_1 的_1 所_1 有_1 产_1 品_1 我_1 们_1 都_1 不_1 进_1 口_1 。_1 有_1 的_1 国_1 家_1 细_1 心_1 点_1 说_1 :_1 这_1 十_1 几_1 个_1 受_1 核_1 灾_1 的_1 影_1 响_1 的_1 县_1 ，_1 我_1 们_1 不_1 进_1 口_1 ，_1 日_1 本_1 别_1 的_1 地_1 方_1 的_1 出_1 产_1 的_1 产_1 品_1 我_1 们_1 可_1 以_1 进_1 口_1 对_1 于_1 日_1 本_1 来_1 讲_1 ，_1 它_1 当_1 然_1 希_1 望_1 全_1 球_1 各_1 国_1 对_1 进_1 口_1 它_1 的_1 产_1 品_1 不_1 做_1 任_1 何_1 限_1 制_1 。_1 所_1 以_1 只_1 要_1 一_1 有_1 机_1 会_1 ，_1 他_1 就_1 要_1 推_1 销_1 他_1 的_1 核_1 灾_1 产_1 品_1 ，_1 [SEP]_1
2019-10-23 23:38:01,575 Token Sample: [CLS]_0 非_0 法_0 开_0 采_0 泥_0 炭_0 [SEP]_0 问_1 题_1 内_1 容_1 非_1 法_1 开_1 采_1 泥_1 炭_1 对_1 话_1 部_1 门_1 :_1 敦_1 化_1 市_1 环_1 保_1 局_1 |_1 时_1 间_1 浏_1 览_1 量_1 :_1 164_1 |_1 提_1 问_1 者_1 :_1 给_1 您_1 建_1 议_1 一_1 下_1 谢_1 谢_1 东_1 吉_1 祥_1 四_1 队_1 ，_1 有_1 人_1 挖_1 泥_1 炭_1 ，_1 正_1 在_1 挖_1 掘_1 可_1 否_1 有_1 人_1 管_1 敦_1 化_1 市_1 环_1 保_1 局_1 的_1 回_1 复_1 回_1 复_1 时_1 间_1 回_1 复_1 人_1 :_1 李_1 敏_1 |_1 审_1 核_1 人_1 :_1 邱_1 歆_1 原_1 |_1 电_1 话_1 :_1 123_1 ##69_1 您_1 好_1 !_1 您_1 反_1 映_1 的_1 情_1 况_1 不_1 在_1 我_1 局_1 管_1 辖_1 范_1 围_1 内_1 ，_1 请_1 您_1 向_1 其_1 他_1 相_1 关_1 部_1 门_1 反_1 映_1 未_1 经_1 敦_1 化_1 市_1 软_1 环_1 境_1 办_1 公_1 室_1 授_1 权_1 ，_1 严_1 禁_1 任_1 何_1 媒_1 体_1 和_1 个_1 人_1 转_1 载_1 、_1 盗_1 用_1 "_1 民_1 生_1 热_1 线_1 "_1 咨_1 询_1 、_1 投_1 诉_1 信_1 息_1 ，_1 违_1 者_1 将_1 追_1 究_1 法_1 律_1 责_1 任_1 。_1 评_1 论_1 留_1 言_1 部_1 门_1 公_1 告_1 部_1 门_1 信_1 息_1 满_1 意_1 率_1 及_1 时_1 回_1 复_1 率_1 敦_1 化_1 新_1 闻_1 网_1 本_1 站_1 不_1 良_1 信_1 息_1 举_1 报_1 电_1 话_1 邮_1 箱_1 敦_1 化_1 电_1 视_1 台_1 新_1 闻_1 采_1 访_1 热_1 线_1 敦_1 化_1 新_1 闻_1 网_1 投_1 稿_1 邮_1 箱_1 敦_1 化_1 新_1 闻_1 网_1 投_1 稿_1 电_1 话_1 新_1 闻_1 从_1 业_1 人_1 员_1 监_1 督_1 举_1 报_1 电_1 话_1 吉_1 icp_1 备_1 09_1 ##00_1 ##81_1 ##28_1 信_1 息_1 网_1 络_1 传_1 播_1 视_1 听_1 节_1 目_1 业_1 务_1 备_1 案_1 号_1 :_1 吉_1 备_1 2008_1 ##00_1 ##2_1 号_1 [PAD]_1 [PAD]_1 [PAD]_1 [PAD]_1 [PAD]_1 [PAD]_1 [PAD]_1 [PAD]_1 [PAD]_1 [PAD]_1 [PAD]_1 [PAD]_1 [PAD]_1 [PAD]_1 [PAD]_1 [PAD]_1 [PAD]_1 [PAD]_1 [PAD]_1 [PAD]_1 [PAD]_1 [PAD]_1 [PAD]_1 [PAD]_1 [PAD]_1 [PAD]_1 [PAD]_1 [PAD]_1 [PAD]_1 [PAD]_1 [PAD]_1 [PAD]_1 [PAD]_1 [PAD]_1 [PAD]_1 [PAD]_1 [PAD]_1 [PAD]_1 [PAD]_1 [PAD]_1 [PAD]_1 [PAD]_1 [PAD]_1 [PAD]_1 [PAD]_1 [PAD]_1 [PAD]_1 [PAD]_1 [PAD]_1 [PAD]_1 [PAD]_1 [PAD]_1 [PAD]_1 [PAD]_1 [PAD]_1 [PAD]_1 [PAD]_1 [PAD]_1 [PAD]_1 [PAD]_1 [PAD]_1 [PAD]_1 [PAD]_1 [PAD]_1 [PAD]_1 [PAD]_1 [PAD]_1 [PAD]_1 [PAD]_1 [PAD]_1 [PAD]_1 [PAD]_1 [PAD]_1 [PAD]_1 [PAD]_1 [PAD]_1 [PAD]_1 [PAD]_1 [PAD]_1 [PAD]_1 [PAD]_1 [PAD]_1 [PAD]_1 [PAD]_1 [PAD]_1 [PAD]_1 [PAD]_1 [PAD]_1 [PAD]_1 [PAD]_1 [PAD]_1 [PAD]_1 [PAD]_1 [PAD]_1 [PAD]_1 [PAD]_1 [PAD]_1 [PAD]_1 [PAD]_1 [PAD]_1 [PAD]_1 [PAD]_1 [PAD]_1 [PAD]_1 [PAD]_1 [PAD]_1 [PAD]_1 [PAD]_1 [PAD]_1 [PAD]_1 [PAD]_1 [PAD]_1 [PAD]_1 [PAD]_1 [PAD]_1 [PAD]_1 [PAD]_1 [PAD]_1 [PAD]_1 [PAD]_1 [PAD]_1 [PAD]_1 [PAD]_1 [PAD]_1 [PAD]_1 [PAD]_1 [PAD]_1 [PAD]_1 [PAD]_1 [PAD]_1 [PAD]_1 [PAD]_1 [PAD]_1 [PAD]_1 [PAD]_1 [PAD]_1 [PAD]_1 [PAD]_1 [PAD]_1 [PAD]_1 [PAD]_1 [PAD]_1 [PAD]_1 [PAD]_1 [PAD]_1 [PAD]_1 [PAD]_1 [PAD]_1 [PAD]_1 [PAD]_1 [PAD]_1 [PAD]_1 [PAD]_1 [PAD]_1 [PAD]_1 [PAD]_1 [PAD]_1 [PAD]_1 [PAD]_1 [PAD]_1 [PAD]_1 [PAD]_1 [PAD]_1 [PAD]_1 [PAD]_1 [PAD]_1 [PAD]_1 [PAD]_1 [PAD]_1 [PAD]_1 [PAD]_1 [PAD]_1 [PAD]_1 [PAD]_1 [PAD]_1 [PAD]_1 [PAD]_1 [PAD]_1 [PAD]_1 [PAD]_1 [PAD]_1 [PAD]_1 [PAD]_1 [PAD]_1 [PAD]_1 [PAD]_1 [PAD]_1 [PAD]_1 [PAD]_1 [PAD]_1 [PAD]_1 [PAD]_1 [PAD]_1 [PAD]_1 [PAD]_1 [PAD]_1 [PAD]_1 [PAD]_1 [PAD]_1 [PAD]_1 [PAD]_1 [PAD]_1 [PAD]_1 [PAD]_1 [PAD]_1 [PAD]_1 [PAD]_1 [PAD]_1 [PAD]_1 [PAD]_1 [PAD]_1 [PAD]_1 [PAD]_1 [PAD]_1 [PAD]_1 [PAD]_1 [SEP]_1
2019-10-23 23:38:27,576 Token Sample: [CLS]_0 泸_0 州_0 ：_0 [UNK]_0 空_0 壳_0 公_0 司_0 [UNK]_0 虚_0 开_0 增_0 值_0 税_0 发_0 票_0 超_0 5_0 亿_0 元_0 多_0 人_0 获_0 刑_0 10_0 年_0 以_0 上_0 [SEP]_0 5_1 月_1 初_1 ，_1 泸_1 州_1 市_1 中_1 级_1 人_1 民_1 法_1 院_1 对_1 [UNK]_1 12_1 ·_1 9_1 [UNK]_1 虚_1 开_1 增_1 值_1 税_1 专_1 用_1 发_1 票_1 案_1 做_1 出_1 终_1 审_1 判_1 决_1 。_1 经_1 查_1 实_1 ，_1 曹_1 峰_1 等_1 人_1 利_1 用_1 自_1 己_1 或_1 骗_1 取_1 他_1 人_1 身_1 份_1 信_1 息_1 ，_1 虚_1 假_1 注_1 册_1 泸_1 州_1 八_1 通_1 药_1 材_1 有_1 限_1 公_1 司_1 等_1 19_1 家_1 商_1 贸_1 公_1 司_1 ，_1 在_1 没_1 有_1 任_1 何_1 真_1 实_1 业_1 务_1 的_1 情_1 况_1 下_1 ，_1 向_1 受_1 票_1 单_1 位_1 收_1 取_1 开_1 票_1 金_1 额_1 的_1 5_1 %_1 至_1 8_1 %_1 的_1 开_1 票_1 手_1 续_1 费_1 ，_1 为_1 他_1 人_1 虚_1 开_1 增_1 值_1 税_1 专_1 用_1 发_1 票_1 260_1 ##8_1 份_1 ，_1 价_1 税_1 合_1 计_1 2_1 ._1 9_1 亿_1 元_1 ，_1 涉_1 及_1 12_1 个_1 省_1 15_1 个_1 市_1 州_1 33_1 户_1 企_1 业_1 。_1 同_1 时_1 利_1 用_1 非_1 法_1 购_1 买_1 的_1 身_1 份_1 信_1 息_1 ，_1 虚_1 构_1 农_1 产_1 品_1 收_1 购_1 业_1 务_1 ，_1 为_1 自_1 己_1 虚_1 开_1 增_1 值_1 税_1 普_1 通_1 发_1 票_1 430_1 ##6_1 份_1 ，_1 价_1 税_1 合_1 计_1 2_1 ._1 87_1 亿_1 元_1 。_1 泸_1 州_1 市_1 中_1 级_1 人_1 民_1 法_1 院_1 二_1 审_1 判_1 决_1 ，_1 曹_1 峰_1 、_1 陈_1 虎_1 、_1 候_1 东_1 亮_1 、_1 候_1 祥_1 、_1 张_1 杰_1 、_1 李_1 磊_1 、_1 文_1 慧_1 妹_1 等_1 7_1 人_1 犯_1 虚_1 开_1 增_1 值_1 税_1 专_1 用_1 发_1 票_1 、_1 用_1 于_1 抵_1 扣_1 税_1 款_1 发_1 票_1 罪_1 ，_1 分_1 别_1 被_1 判_1 处_1 13_1 年_1 到_1 3_1 不_1 等_1 的_1 有_1 期_1 徒_1 刑_1 ，_1 并_1 处_1 以_1 相_1 应_1 罚_1 金_1 ;_1 7_1 人_1 中_1 ，_1 6_1 人_1 刑_1 期_1 在_1 10_1 年_1 以_1 上_1 ，_1 罚_1 金_1 最_1 多_1 达_1 30_1 万_1 元_1 。_1 记_1 者_1 了_1 解_1 到_1 ，_1 泸_1 州_1 国_1 税_1 系_1 统_1 依_1 托_1 金_1 税_1 工_1 程_1 的_1 分_1 析_1 功_1 能_1 ，_1 运_1 用_1 大_1 数_1 据_1 分_1 析_1 等_1 现_1 代_1 化_1 技_1 术_1 手_1 段_1 ，_1 强_1 化_1 对_1 涉_1 税_1 违_1 法_1 行_1 为_1 的_1 精_1 准_1 筛_1 查_1 、_1 识_1 别_1 ，_1 密_1 切_1 税_1 警_1 联_1 合_1 办_1 案_1 ，_1 加_1 大_1 打_1 击_1 力_1 度_1 。_1 截_1 至_1 5_1 月_1 23_1 日_1 止_1 ，_1 泸_1 州_1 市_1 国_1 税_1 局_1 稽_1 查_1 局_1 已_1 向_1 [UNK]_1 12_1 ·_1 9_1 [UNK]_1 虚_1 开_1 增_1 值_1 税_1 专_1 用_1 发_1 票_1 案_1 涉_1 及_1 的_1 受_1 票_1 企_1 业_1 主_1 管_1 税_1 务_1 机_1 关_1 发_1 出_1 《_1 已_1 证_1 实_1 虚_1 开_1 通_1 知_1 单_1 》_1 ，_1 所_1 有_1 受_1 票_1 企_1 业_1 都_1 将_1 接_1 受_1 主_1 管_1 税_1 务_1 机_1 关_1 的_1 依_1 法_1 处_1 理_1 。_1 【_1 相_1 关_1 信_1 息_1 】_1 虚_1 [SEP]_1
2019-10-23 23:38:34,988 seed everything and create model
2019-10-23 23:41:24,108 step 300 train loss: 0.6163
2019-10-23 23:41:24,109 step 300 score: 0.7926
2019-10-23 23:44:08,242 step 600 train loss: 0.4196
2019-10-23 23:44:08,242 step 600 score: 0.7722
2019-10-23 23:46:52,447 step 900 train loss: 0.3416
2019-10-23 23:46:52,447 step 900 score: 0.7681
2019-10-23 23:49:36,642 step 1200 train loss: 0.2855
2019-10-23 23:49:36,642 step 1200 score: 0.8030
2019-10-23 23:52:20,835 step 1500 train loss: 0.3045
2019-10-23 23:52:20,835 step 1500 score: 0.8163
2019-10-23 23:55:05,063 step 1800 train loss: 0.2208
2019-10-23 23:55:05,063 step 1800 score: 0.8024
2019-10-23 23:57:49,274 step 2100 train loss: 0.2123
2019-10-23 23:57:49,274 step 2100 score: 0.8118
2019-10-24 00:00:33,490 step 2400 train loss: 0.1756
2019-10-24 00:00:33,490 step 2400 score: 0.8078
2019-10-24 00:03:17,690 step 2700 train loss: 0.1531
2019-10-24 00:03:17,690 step 2700 score: 0.8169
2019-10-24 00:06:01,900 step 3000 train loss: 0.1393
2019-10-24 00:06:01,900 step 3000 score: 0.8160
2019-10-24 00:06:01,900 best score is 0.8169
2019-10-24 00:10:49,210 step 300 train loss: 0.5920
2019-10-24 00:10:49,210 step 300 score: 0.7387
2019-10-24 00:13:33,436 step 600 train loss: 0.4380
2019-10-24 00:13:33,436 step 600 score: 0.7909
2019-10-24 00:16:17,613 step 900 train loss: 0.3272
2019-10-24 00:16:17,613 step 900 score: 0.7909
2019-10-24 00:19:01,821 step 1200 train loss: 0.3049
2019-10-24 00:19:01,822 step 1200 score: 0.7897
2019-10-24 00:21:46,060 step 1500 train loss: 0.3070
2019-10-24 00:21:46,061 step 1500 score: 0.7988
2019-10-24 00:24:30,285 step 1800 train loss: 0.2260
2019-10-24 00:24:30,285 step 1800 score: 0.8015
2019-10-24 00:27:14,464 step 2100 train loss: 0.1929
2019-10-24 00:27:14,465 step 2100 score: 0.7962
2019-10-24 00:29:58,634 step 2400 train loss: 0.1795
2019-10-24 00:29:58,634 step 2400 score: 0.8023
2019-10-24 00:32:42,762 step 2700 train loss: 0.1557
2019-10-24 00:32:42,763 step 2700 score: 0.7958
2019-10-24 00:35:26,897 step 3000 train loss: 0.1506
2019-10-24 00:35:26,897 step 3000 score: 0.8023
2019-10-24 00:35:26,904 best score is 0.8023
2019-10-24 00:40:14,148 step 300 train loss: 0.5883
2019-10-24 00:40:14,148 step 300 score: 0.7381
2019-10-24 00:42:58,237 step 600 train loss: 0.4077
2019-10-24 00:42:58,237 step 600 score: 0.7691
2019-10-24 00:45:42,299 step 900 train loss: 0.3429
2019-10-24 00:45:42,299 step 900 score: 0.7752
2019-10-24 00:48:26,365 step 1200 train loss: 0.3252
2019-10-24 00:48:26,366 step 1200 score: 0.7689
2019-10-24 00:51:10,431 step 1500 train loss: 0.2843
2019-10-24 00:51:10,432 step 1500 score: 0.7869
2019-10-24 00:53:54,238 step 1800 train loss: 0.2112
2019-10-24 00:53:54,238 step 1800 score: 0.7799
2019-10-24 00:56:35,258 step 2100 train loss: 0.2146
2019-10-24 00:56:35,258 step 2100 score: 0.7959
2019-10-24 00:59:16,283 step 2400 train loss: 0.1666
2019-10-24 00:59:16,283 step 2400 score: 0.7853
2019-10-24 01:01:57,288 step 2700 train loss: 0.1405
2019-10-24 01:01:57,288 step 2700 score: 0.7896
2019-10-24 01:04:38,289 step 3000 train loss: 0.1463
2019-10-24 01:04:38,289 step 3000 score: 0.7949
2019-10-24 01:04:38,289 best score is 0.7959
2019-10-24 01:09:25,401 step 300 train loss: 0.5748
2019-10-24 01:09:25,401 step 300 score: 0.7408
2019-10-24 01:12:09,516 step 600 train loss: 0.4246
2019-10-24 01:12:09,516 step 600 score: 0.7751
2019-10-24 01:14:53,632 step 900 train loss: 0.3451
2019-10-24 01:14:53,632 step 900 score: 0.7938
2019-10-24 01:17:37,778 step 1200 train loss: 0.2846
2019-10-24 01:17:37,778 step 1200 score: 0.7767
2019-10-24 01:20:21,872 step 1500 train loss: 0.3116
2019-10-24 01:20:21,873 step 1500 score: 0.7966
2019-10-24 01:23:05,999 step 1800 train loss: 0.1939
2019-10-24 01:23:05,999 step 1800 score: 0.7964
2019-10-24 01:25:50,199 step 2100 train loss: 0.2223
2019-10-24 01:25:50,199 step 2100 score: 0.8047
2019-10-24 01:28:34,365 step 2400 train loss: 0.1761
2019-10-24 01:28:34,365 step 2400 score: 0.7843
2019-10-24 01:31:18,526 step 2700 train loss: 0.1530
2019-10-24 01:31:18,526 step 2700 score: 0.7979
2019-10-24 01:34:02,684 step 3000 train loss: 0.1444
2019-10-24 01:34:02,684 step 3000 score: 0.7999
2019-10-24 01:34:02,684 best score is 0.8047
2019-10-24 01:38:50,693 step 300 train loss: 0.6532
2019-10-24 01:38:50,694 step 300 score: 0.6803
2019-10-24 01:41:34,941 step 600 train loss: 0.4129
2019-10-24 01:41:34,941 step 600 score: 0.7368
2019-10-24 01:44:19,046 step 900 train loss: 0.3570
2019-10-24 01:44:19,047 step 900 score: 0.7794
2019-10-24 01:47:03,163 step 1200 train loss: 0.3131
2019-10-24 01:47:03,163 step 1200 score: 0.7920
2019-10-24 01:49:47,306 step 1500 train loss: 0.3333
2019-10-24 01:49:47,306 step 1500 score: 0.7888
2019-10-24 01:52:31,474 step 1800 train loss: 0.2434
2019-10-24 01:52:31,475 step 1800 score: 0.7796
2019-10-24 01:55:15,556 step 2100 train loss: 0.2389
2019-10-24 01:55:15,556 step 2100 score: 0.7895
2019-10-24 01:57:59,712 step 2400 train loss: 0.1964
2019-10-24 01:57:59,713 step 2400 score: 0.7994
2019-10-24 02:00:43,836 step 2700 train loss: 0.1524
2019-10-24 02:00:43,836 step 2700 score: 0.8007
2019-10-24 02:03:28,004 step 3000 train loss: 0.1777
2019-10-24 02:03:28,004 step 3000 score: 0.7971
2019-10-24 02:03:28,005 best score is 0.8007
2019-10-24 02:05:31,087 average: 0.804106
