2019-10-25 17:01:20,437 log_in_file: True
2019-10-25 17:01:20,438 lm_path: /home/wangzl/PretrainedLM/BERT/New/chinese_wwm_ext_pytorch
2019-10-25 17:01:20,438 lm_type: bert
2019-10-25 17:01:20,438 data_path: ../data/
2019-10-25 17:01:20,438 usegpu: True
2019-10-25 17:01:20,438 n_fold: 5
2019-10-25 17:01:20,438 total_step: 1500
2019-10-25 17:01:20,438 eval_every: 150
2019-10-25 17:01:20,438 early_stop: 4
2019-10-25 17:01:20,438 max_length: 360
2019-10-25 17:01:20,438 max_title_rate: 0.125
2019-10-25 17:01:20,438 content_head_rate: 0.6
2019-10-25 17:01:20,438 batch_size: 16
2019-10-25 17:01:20,438 lr_scheduler_type: linear
2019-10-25 17:01:20,438 input_pattern: head+tail+fixed
2019-10-25 17:01:20,438 clean_method: space+notzh
2019-10-25 17:01:20,438 warmup_rate: 0.1
2019-10-25 17:01:20,438 classifier_dropout: 0.3
2019-10-25 17:01:20,438 classifier_active: tanh
2019-10-25 17:01:20,438 seed: 23
2019-10-25 17:01:20,438 lr: 2e-05
2019-10-25 17:01:20,438 lr_decay_in_layers: 0.95
2019-10-25 17:01:20,438 wd_decay_in_layers: 1.0
2019-10-25 17:01:20,438 weight_decay: 0.01
2019-10-25 17:01:20,455 padding token is 0
2019-10-25 17:01:45,453 Token Sample: [CLS]_0 青_0 春_0 期_0 少_0 女_0 丰_0 胸_0 ，_0 中_0 医_0 教_0 你_0 粉_0 嫩_0 公_0 主_0 酒_0 酿_0 蛋_0 [PAD]_0 [PAD]_0 [PAD]_0 [PAD]_0 [PAD]_0 [PAD]_0 [PAD]_0 [PAD]_0 [PAD]_0 [PAD]_0 [PAD]_0 [PAD]_0 [PAD]_0 [PAD]_0 [PAD]_0 [PAD]_0 [PAD]_0 [PAD]_0 [PAD]_0 [PAD]_0 [PAD]_0 [PAD]_0 [PAD]_0 [PAD]_0 [PAD]_0 [PAD]_0 [SEP]_0 人_1 们_1 都_1 说_1 怀_1 孕_1 生_1 子_1 给_1 了_1 女_1 人_1 乳_1 房_1 的_1 第_1 二_1 次_1 发_1 育_1 机_1 会_1 ，_1 可_1 是_1 如_1 果_1 宝_1 宝_1 选_1 择_1 吃_1 母_1 乳_1 的_1 话_1 ，_1 母_1 乳_1 只_1 会_1 让_1 乳_1 房_1 更_1 加_1 肿_1 痛_1 ，_1 你_1 以_1 为_1 是_1 乳_1 房_1 变_1 大_1 了_1 ，_1 其_1 实_1 只_1 是_1 奶_1 水_1 充_1 足_1 把_1 乳_1 房_1 撑_1 大_1 了_1 ，_1 等_1 到_1 断_1 奶_1 以_1 后_1 ，_1 如_1 果_1 没_1 有_1 及_1 时_1 的_1 塑_1 形_1 ，_1 那_1 你_1 的_1 乳_1 房_1 会_1 变_1 成_1 一_1 个_1 米_1 袋_1 一_1 样_1 难_1 看_1 。_1 而_1 粉_1 嫩_1 公_1 主_1 酒_1 酿_1 蛋_1 才_1 是_1 真_1 正_1 意_1 义_1 上_1 赋_1 予_1 女_1 人_1 第_1 二_1 次_1 发_1 育_1 机_1 会_1 的_1 保_1 健_1 品_1 。_1 不_1 管_1 你_1 处_1 于_1 一_1 个_1 什_1 么_1 样_1 的_1 状_1 态_1 ，_1 孕_1 妇_1 也_1 好_1 ，_1 黄_1 花_1 闺_1 女_1 也_1 好_1 ，_1 都_1 能_1 起_1 到_1 丰_1 胸_1 的_1 效_1 果_1 。_1 粉_1 嫩_1 公_1 主_1 酒_1 酿_1 蛋_1 微_1 信_1 号_1 ：_1 hu_1 ##800_1 ##08_1 [SEP]_1 果_1 没_1 有_1 及_1 时_1 的_1 塑_1 形_1 ，_1 那_1 你_1 的_1 乳_1 房_1 会_1 变_1 成_1 一_1 个_1 米_1 袋_1 一_1 样_1 难_1 看_1 。_1 而_1 粉_1 嫩_1 公_1 主_1 酒_1 酿_1 蛋_1 才_1 是_1 真_1 正_1 意_1 义_1 上_1 赋_1 予_1 女_1 人_1 第_1 二_1 次_1 发_1 育_1 机_1 会_1 的_1 保_1 健_1 品_1 。_1 不_1 管_1 你_1 处_1 于_1 一_1 个_1 什_1 么_1 样_1 的_1 状_1 态_1 ，_1 孕_1 妇_1 也_1 好_1 ，_1 黄_1 花_1 闺_1 女_1 也_1 好_1 ，_1 都_1 能_1 起_1 到_1 丰_1 胸_1 的_1 效_1 果_1 。_1 粉_1 嫩_1 公_1 主_1 酒_1 酿_1 蛋_1 微_1 信_1 号_1 ：_1 hu_1 ##800_1 ##08_1 团_1 队_1 扶_1 持_1 ，_1 进_1 群_1 培_1 训_1 ，_1 颁_1 发_1 授_1 权_1 。_1 [SEP]_1
2019-10-25 17:02:01,566 Token Sample: [CLS]_0 11_0 个_0 领_0 导_0 暗_0 箱_0 操_0 作_0 私_0 吞_0 员_0 工_0 股_0 权_0 !_0 __0 枣_0 庄_0 日_0 报_0 [PAD]_0 [PAD]_0 [PAD]_0 [PAD]_0 [PAD]_0 [PAD]_0 [PAD]_0 [PAD]_0 [PAD]_0 [PAD]_0 [PAD]_0 [PAD]_0 [PAD]_0 [PAD]_0 [PAD]_0 [PAD]_0 [PAD]_0 [PAD]_0 [PAD]_0 [PAD]_0 [PAD]_0 [PAD]_0 [PAD]_0 [PAD]_0 [PAD]_0 [SEP]_0 11_1 个_1 领_1 导_1 暗_1 箱_1 操_1 作_1 私_1 吞_1 员_1 工_1 股_1 权_1 近_1 日_1 ，_1 江_1 苏_1 省_1 兴_1 化_1 印_1 刷_1 有_1 限_1 责_1 任_1 公_1 司_1 的_1 在_1 职_1 和_1 退_1 休_1 职_1 工_1 向_1 社_1 会_1 披_1 露_1 ，_1 公_1 司_1 的_1 领_1 导_1 层_1 欺_1 上_1 瞒_1 下_1 ，_1 谋_1 划_1 将_1 全_1 公_1 司_1 职_1 工_1 股_1 东_1 的_1 股_1 份_1 占_1 为_1 己_1 有_1 ，_1 严_1 重_1 违_1 反_1 中_1 华_1 人_1 民_1 共_1 和_1 国_1 公_1 司_1 法_1 相_1 关_1 条_1 款_1 。_1 在_1 此_1 ，_1 员_1 工_1 恳_1 请_1 有_1 关_1 部_1 门_1 予_1 以_1 高_1 度_1 重_1 视_1 ，_1 还_1 他_1 们_1 一_1 个_1 公_1 道_1 兴_1 化_1 印_1 刷_1 有_1 限_1 责_1 任_1 公_1 司_1 在_1 职_1 和_1 退_1 休_1 职_1 工_1 现_1 将_1 兴_1 化_1 印_1 刷_1 有_1 限_1 责_1 任_1 公_1 司_1 侵_1 吞_1 职_1 工_1 投_1 资_1 股_1 权_1 的_1 情_1 况_1 向_1 社_1 会_1 各_1 界_1 予_1 以_1 披_1 露_1 :_1 兴_1 化_1 印_1 刷_1 有_1 限_1 责_1 任_1 公_1 司_1 前_1 身_1 系_1 地_1 方_1 国_1 营_1 兴_1 化_1 印_1 刷_1 厂_1 [SEP]_1 、_1 厂_1 房_1 、_1 门_1 面_1 房_1 了_1 (_1 两_1 个_1 厂_1 ，_1 牌_1 楼_1 厂_1 和_1 五_1 里_1 分_1 厂_1 )_1 。_1 是_1 谁_1 给_1 了_1 他_1 们_1 这_1 么_1 大_1 的_1 胆_1 子_1 ?_1 是_1 谁_1 在_1 暗_1 箱_1 操_1 作_1 ?_1 11_1 名_1 股_1 东_1 身_1 份_1 又_1 是_1 从_1 何_1 而_1 来_1 ?_1 他_1 们_1 既_1 没_1 有_1 通_1 过_1 职_1 工_1 代_1 表_1 大_1 会_1 ，_1 也_1 没_1 有_1 通_1 过_1 监_1 事_1 会_1 。_1 这_1 种_1 非_1 法_1 占_1 有_1 职_1 工_1 原_1 始_1 股_1 ，_1 剥_1 夺_1 职_1 工_1 合_1 法_1 股_1 东_1 身_1 份_1 ，_1 严_1 重_1 违_1 反_1 中_1 华_1 人_1 民_1 共_1 和_1 国_1 公_1 司_1 法_1 相_1 关_1 条_1 款_1 。_1 [SEP]_1
2019-10-25 17:02:31,126 Token Sample: [CLS]_0 上_0 班_0 啦_0 ！_0 医_0 生_0 护_0 士_0 的_0 春_0 节_0 假_0 期_0 长_0 这_0 样_0 ！_0 你_0 愿_0 意_0 为_0 他_0 们_0 转_0 发_0 么_0 ？_0 [PAD]_0 [PAD]_0 [PAD]_0 [PAD]_0 [PAD]_0 [PAD]_0 [PAD]_0 [PAD]_0 [PAD]_0 [PAD]_0 [PAD]_0 [PAD]_0 [PAD]_0 [PAD]_0 [PAD]_0 [PAD]_0 [PAD]_0 [PAD]_0 [SEP]_0 大_1 年_1 初_1 八_1 猪_1 年_1 发_1 发_1 发_1 春_1 节_1 期_1 间_1 ，_1 广_1 东_1 卫_1 生_1 在_1 线_1 隆_1 重_1 推_1 出_1 第_1 二_1 届_1 广_1 东_1 医_1 院_1 [UNK]_1 随_1 手_1 拍_1 晒_1 新_1 年_1 [UNK]_1 摄_1 影_1 大_1 赛_1 。_1 在_1 大_1 家_1 逗_1 利_1 是_1 、_1 涨_1 荷_1 包_1 之_1 际_1 ，_1 广_1 卫_1 君_1 也_1 收_1 到_1 了_1 众_1 多_1 读_1 者_1 粉_1 丝_1 的_1 热_1 情_1 大_1 礼_1 包_1 [UNK]_1 [UNK]_1 浓_1 浓_1 年_1 味_1 的_1 摄_1 影_1 作_1 品_1 。_1 今_1 天_1 ，_1 我_1 们_1 从_1 海_1 量_1 作_1 品_1 中_1 选_1 出_1 部_1 分_1 展_1 示_1 ，_1 让_1 我_1 们_1 一_1 起_1 为_1 健_1 康_1 的_1 守_1 护_1 者_1 点_1 赞_1 ！_1 年_1 二_1 十_1 九_1 医_1 院_1 里_1 布_1 置_1 一_1 新_1 ，_1 浓_1 浓_1 年_1 味_1 迎_1 新_1 年_1 ▲_1 作_1 者_1 ：_1 广_1 州_1 医_1 科_1 大_1 学_1 附_1 属_1 第_1 二_1 医_1 院_1 主_1 管_1 护_1 师_1 胡_1 新_1 颖_1 作_1 品_1 简_1 介_1 ：_1 医_1 护_1 共_1 同_1 装_1 饰_1 病_1 房_1 迎_1 接_1 新_1 年_1 ▲_1 作_1 者_1 ：_1 中_1 山_1 大_1 学_1 附_1 [SEP]_1 下_1 角_1 菜_1 单_1 栏_1 [UNK]_1 报_1 名_1 -_1 随_1 手_1 拍_1 晒_1 新_1 年_1 [UNK]_1 进_1 行_1 投_1 稿_1 活_1 动_1 详_1 情_1 戳_1 这_1 里_1 发_1 红_1 包_1 啦_1 ！_1 @_1 医_1 护_1 朋_1 友_1 ，_1 晒_1 出_1 最_1 能_1 打_1 动_1 你_1 的_1 年_1 味_1 儿_1 ，_1 赢_1 2000_1 +_1 压_1 岁_1 钱_1 ~_1 编_1 辑_1 ｜_1 林_1 晴_1 苏_1 海_1 宁_1 责_1 编_1 ｜_1 周_1 颖_1 怡_1 广_1 东_1 卫_1 生_1 在_1 线_1 全_1 媒_1 体_1 团_1 队_1 出_1 品_1 欢_1 迎_1 分_1 享_1 此_1 文_1 ，_1 一_1 起_1 晒_1 出_1 最_1 能_1 打_1 动_1 你_1 的_1 年_1 味_1 儿_1 点_1 亮_1 小_1 花_1 花_1 ，_1 送_1 给_1 可_1 爱_1 可_1 敬_1 的_1 医_1 护_1 人_1 员_1 ！_1 [SEP]_1
2019-10-25 17:02:51,916 Token Sample: [CLS]_0 投_0 诉_0 主_0 题_0 ：_0 庆_0 安_0 县_0 第_0 五_0 中_0 学_0 八_0 年_0 六_0 班_0 老_0 师_0 违_0 反_0 师_0 德_0 师_0 风_0 [PAD]_0 [PAD]_0 [PAD]_0 [PAD]_0 [PAD]_0 [PAD]_0 [PAD]_0 [PAD]_0 [PAD]_0 [PAD]_0 [PAD]_0 [PAD]_0 [PAD]_0 [PAD]_0 [PAD]_0 [PAD]_0 [PAD]_0 [PAD]_0 [PAD]_0 [PAD]_0 [PAD]_0 [SEP]_0 举_1 报_1 信_1 我_1 是_1 庆_1 安_1 县_1 第_1 五_1 中_1 学_1 八_1 年_1 六_1 班_1 学_1 生_1 的_1 家_1 长_1 ，_1 我_1 实_1 名_1 举_1 报_1 八_1 年_1 六_1 班_1 班_1 主_1 任_1 (_1 刘_1 *_1 梅_1 )_1 多_1 次_1 殴_1 打_1 ._1 辱_1 骂_1 学_1 生_1 和_1 非_1 法_1 强_1 制_1 要_1 求_1 有_1 偿_1 补_1 课_1 以_1 及_1 乱_1 收_1 取_1 资_1 料_1 费_1 用_1 行_1 为_1 。_1 我_1 女_1 儿_1 自_1 入_1 初_1 一_1 以_1 来_1 ，_1 (_1 刘_1 *_1 梅_1 )_1 都_1 是_1 班_1 主_1 任_1 ，_1 女_1 儿_1 学_1 习_1 成_1 绩_1 不_1 是_1 很_1 好_1 ，_1 但_1 我_1 们_1 一_1 直_1 不_1 给_1 (_1 刘_1 *_1 梅_1 )_1 送_1 礼_1 ，_1 (_1 刘_1 *_1 梅_1 )_1 为_1 此_1 不_1 满_1 ，_1 故_1 意_1 刁_1 难_1 孩_1 子_1 ，_1 经_1 常_1 辱_1 骂_1 殴_1 打_1 孩_1 子_1 。_1 作_1 业_1 不_1 能_1 做_1 的_1 不_1 对_1 ，_1 我_1 女_1 儿_1 稍_1 微_1 有_1 点_1 违_1 反_1 纪_1 律_1 ，_1 (_1 刘_1 *_1 梅_1 )_1 便_1 是_1 对_1 孩_1 子_1 殴_1 打_1 辱_1 骂_1 。_1 对_1 于_1 (_1 刘_1 *_1 梅_1 )_1 的_1 打_1 [SEP]_1 打_1 手_1 和_1 脸_1 ，_1 还_1 学_1 生_1 嘴_1 巴_1 子_1 和_1 用_1 拳_1 头_1 打_1 学_1 生_1 ，_1 我_1 的_1 女_1 儿_1 一_1 提_1 上_1 学_1 和_1 看_1 见_1 老_1 师_1 就_1 恐_1 惧_1 和_1 精_1 神_1 紧_1 张_1 ，_1 我_1 的_1 女_1 儿_1 才_1 十_1 三_1 岁_1 在_1 庆_1 安_1 县_1 第_1 五_1 中_1 学_1 受_1 到_1 如_1 此_1 的_1 伤_1 害_1 ，_1 心_1 里_1 受_1 到_1 极_1 大_1 的_1 心_1 理_1 阴_1 影_1 。_1 此_1 稿_1 由_1 网_1 友_1 上_1 传_1 至_1 华_1 声_1 在_1 线_1 投_1 诉_1 直_1 通_1 车_1 ，_1 记_1 者_1 正_1 在_1 进_1 一_1 步_1 调_1 查_1 核_1 实_1 中_1 ，_1 未_1 经_1 华_1 声_1 在_1 线_1 许_1 可_1 ，_1 严_1 禁_1 转_1 载_1 。_1 [SEP]_1
2019-10-25 17:02:55,100 seed everything and create model
2019-10-25 17:04:44,564 step 150 train loss: 0.6585
2019-10-25 17:04:44,564 step 150 score: 0.7225
2019-10-25 17:06:28,639 step 300 train loss: 0.4965
2019-10-25 17:06:28,640 step 300 score: 0.7670
2019-10-25 17:08:12,699 step 450 train loss: 0.3988
2019-10-25 17:08:12,699 step 450 score: 0.7823
2019-10-25 17:09:56,775 step 600 train loss: 0.3871
2019-10-25 17:09:56,775 step 600 score: 0.7742
2019-10-25 17:11:40,850 step 750 train loss: 0.3597
2019-10-25 17:11:40,850 step 750 score: 0.7715
2019-10-25 17:13:30,528 step 900 train loss: 0.3087
2019-10-25 17:13:30,528 step 900 score: 0.7969
2019-10-25 17:15:14,560 step 1050 train loss: 0.2877
2019-10-25 17:15:14,560 step 1050 score: 0.7904
2019-10-25 17:16:56,597 step 1200 train loss: 0.2759
2019-10-25 17:16:56,597 step 1200 score: 0.7765
2019-10-25 17:19:15,813 step 1350 train loss: 0.2629
2019-10-25 17:19:15,813 step 1350 score: 0.7854
2019-10-25 17:20:57,354 step 1500 train loss: 0.2625
2019-10-25 17:20:57,354 step 1500 score: 0.7885
2019-10-25 17:20:57,355 best score is 0.7969
