2019-10-22 14:28:31,839 log_in_file: True
2019-10-22 14:28:31,839 lm_path: /home/wangzl/PretrainedLM/XLNET/chinese_xlnet_mid_pytorch/
2019-10-22 14:28:31,839 lm_type: xlnet
2019-10-22 14:28:31,839 data_path: ../data/
2019-10-22 14:28:31,840 usegpu: True
2019-10-22 14:28:31,840 use_origin: True
2019-10-22 14:28:31,840 total_step: 3000
2019-10-22 14:28:31,840 eval_every: 300
2019-10-22 14:28:31,840 early_stop: 4
2019-10-22 14:28:31,840 max_length: 510
2019-10-22 14:28:31,840 max_title_rate: 0.125
2019-10-22 14:28:31,840 content_head_rate: 0.6
2019-10-22 14:28:31,840 batch_size: 4
2019-10-22 14:28:31,840 lr_scheduler_type: linear
2019-10-22 14:28:31,840 input_pattern: head+tail+dynamic
2019-10-22 14:28:31,840 clean_method: space+notzh
2019-10-22 14:28:31,840 warmup_rate: 0.1
2019-10-22 14:28:31,840 classifier_dropout: 0.3
2019-10-22 14:28:31,840 classifier_weight_decay: 0.0
2019-10-22 14:28:31,840 cache_final_model: False
2019-10-22 14:28:31,840 seed: 23
2019-10-22 14:28:31,840 lr: 2e-05
2019-10-22 14:28:31,840 lr_decay_in_layers: 0.95
2019-10-22 14:28:31,840 weight_decay: 0.01
2019-10-22 14:28:31,888 padding token is 5
2019-10-22 14:28:40,771 Token Sample: <cls>_0 ▁_0 操作_0 使用_0 (_0 二_0 )_0 <sep>_0 ▁在_1 中_1 新建_1 幻_1 灯_1 片_1 和_1 插入_1 内容_1 :_1 一_1 、_1 新建_1 幻_1 灯_1 片_1 ?_1 ?_1 ?_1 ?_1 创建_1 幻_1 灯_1 片_1 是_1 我们_1 以后_1 是_1 以后_1 最_1 常_1 使用的_1 操作_1 之一_1 ,_1 可以_1 有很多_1 方式_1 建立_1 。_1 以下_1 我们_1 在_1 普通_1 视_1 图_1 中_1 进行_1 操作_1 。_1 1_1 ._1 通过_1 “_1 工具_1 栏_1 ”_1 ——_1 “_1 幻_1 灯_1 片_1 ”_1 ——_1 “_1 新建_1 幻_1 灯_1 片_1 ”_1 可以_1 新建_1 幻_1 灯_1 片_1 。_1 如下_1 图_1 :_1 (_1 1_1 )_1 版_1 式_1 :_1 在这里_1 有_1 几种_1 常见的_1 基本_1 布局_1 供_1 你_1 选择_1 ;_1 (_1 2_1 )_1 选项_1 卡_1 顺序_1 :_1 调整_1 幻_1 灯_1 片_1 顺序_1 ;_1 (_1 3_1 )_1 重复_1 :_1 可以_1 使_1 一张_1 幻_1 灯_1 片_1 重复_1 出现_1 (_1 相当于_1 平_1 时_1 使用的_1 复制_1 、_1 粘_1 贴_1 )_1 。_1 ?_1 ?_1 ?_1 进入_1 “_1 插入_1 幻_1 灯_1 片_1 ”_1 窗口_1 ,_1 如下_1 图_1 :_1 ?_1 ?_1 ?_1 在_1 “_1 插入_1 幻_1 灯_1 片_1 ”_1 窗口_1 左侧_1 有_1 五个_1 选项_1 ,_1 分别是_1 模板_1 、_1 基本_1 板_1 式_1 、_1 测_1 验_1 、_1 屏幕_1 录制_1 和_1 导_1 入_1 ,_1 如下_1 图_1 :_1 (_1 1_1 )_1 模板_1 :_1 有一些_1 做好_1 的_1 现_1 成_1 的_1 模板_1 ,_1 你_1 可以_1 根据_1 需要_1 直接_1 选择_1 使用_1 。_1 (_1 2_1 )_1 基本_1 版_1 式_1 :_1 在这里_1 有_1 五_1 种_1 常用的_1 基本_1 布局_1 供_1 你_1 选择_1 。_1 (_1 3_1 )_1 测_1 验_1 :_1 在这里_1 你_1 可以_1 制作_1 各种_1 测试_1 题_1 ,_1 例如_1 判断_1 题_1 、_1 单_1 选_1 题_1 等等_1 。_1 (_1 4_1 )_1 屏幕_1 录制_1 :_1 对_1 屏幕_1 操作_1 进行_1 录制_1 。_1 (_1 5_1 )_1 导_1 入_1 :_1 可以_1 从_1 外部_1 导_1 入_1 各种_1 支持_1 的_1 文档_1 。_1 2_1 ._1 通过_1 右_1 击_1 左侧_1 幻_1 灯_1 片_1 ,_1 出现_1 “_1 新建_1 幻_1 灯_1 片_1 ”_1 选项_1 ,_1 进_1 而_1 会出现_1 “_1 新建_1 幻_1 灯_1 片_1 ”_1 <sep>_1 ,_1 如下_1 图_1 创建_1 标题_1 后_1 ,_1 通过_1 “_1 工具_1 栏_1 ”_1 ——_1 “_1 格式_1 ”_1 对_1 标题_1 进行_1 美_1 化_1 ,_1 这里_1 的_1 操作_1 和_1 w_1 ord_1 中_1 操作_1 基本_1 一致_1 了_1 ,_1 在这里_1 就_1 不_1 做_1 详细_1 介绍_1 了_1 。_1 2_1 ._1 添加_1 人物_1 通过_1 “_1 工具_1 栏_1 ”_1 ——_1 “_1 插_1 图_1 ”_1 ——_1 “_1 人物_1 ”_1 ——_1 “_1 插_1 图_1 类_1 人物_1 ”_1 ,_1 进入_1 “_1 人物_1 ”_1 选择_1 窗口_1 。_1 在这里_1 有_1 三个_1 选项_1 ,_1 人物_1 、_1 表情_1 和_1 姿_1 态_1 :_1 (_1 1_1 )_1 人物_1 :_1 在这里_1 有很多_1 插_1 画_1 类_1 人物_1 ;_1 (_1 2_1 )_1 表情_1 :_1 在这里_1 有_1 12_1 种_1 表情_1 供_1 你_1 进行_1 选择_1 ;_1 (_1 3_1 )_1 姿_1 势_1 :_1 在这里_1 有_1 33_1 种_1 姿_1 势_1 供_1 你_1 进行_1 选择_1 。_1 ?_1 ?_1 ?_1 ?_1 在_1 右侧_1 下方_1 有_1 三个_1 选项_1 ,_1 你_1 可以_1 选择_1 人物_1 脸_1 是_1 朝向_1 左侧_1 、_1 前方_1 还是_1 右侧_1 。_1 说明_1 :_1 在_1 前期_1 讲_1 解_1 大家_1 可能会_1 觉得_1 有些_1 零_1 散_1 不够_1 系统_1 ,_1 请_1 大家_1 不用_1 着_1 急_1 。_1 前期_1 主要_1 讲_1 解_1 各_1 部分_1 功能_1 和_1 基本_1 操作_1 ,_1 在_1 最后_1 会_1 通过_1 展示_1 多个_1 完整_1 课_1 件_1 进行_1 系统_1 参照_1 。_1 <sep>_1
2019-10-22 14:28:46,735 Token Sample: <cls>_0 ▁_0 偷_0 电动_0 车_0 被_0 电_0 死_0 也有_0 5_0 万元_0 赔偿_0 ,_0 如此_0 判决_0 情_0 何_0 以_0 堪_0 <sep>_0 ▁_1 武汉_1 的_1 刘_1 先生_1 停_1 放在_1 楼_1 下_1 正在_1 充_1 电_1 的_1 电动_1 车_1 被_1 小_1 偷_1 看_1 上了_1 ,_1 小_1 偷_1 在_1 偷_1 电_1 瓶_1 时_1 意外_1 触_1 电_1 身亡_1 。_1 小_1 偷_1 家属_1 向_1 刘_1 先生_1 索_1 赔_1 20_1 万_1 赔偿_1 金_1 ,_1 且_1 一_1 分_1 不能_1 少_1 。_1 最后_1 经_1 法院_1 调_1 解_1 ,_1 车_1 主_1 赔偿_1 5_1 万_1 块_1 钱_1 的精神_1 损失_1 费_1 。_1 (_1 12_1 月_1 19_1 日_1 《_1 北_1 青_1 网_1 -_1 北京_1 青年_1 报_1 (_1 北京_1 )_1 》_1 )_1 所谓_1 人_1 命_1 关_1 天_1 ,_1 死者_1 为_1 大_1 。_1 小_1 偷_1 的_1 家属_1 不_1 愿意_1 了_1 ,_1 义_1 正_1 辞_1 严_1 的_1 向_1 刘_1 先生_1 索_1 赔_1 高_1 额_1 的_1 赔偿_1 金_1 。_1 经过_1 法院_1 的_1 干预_1 调_1 解_1 ,_1 最终_1 ,_1 刘_1 先生_1 给予_1 5_1 万元_1 的_1 赔偿_1 。_1 当然_1 ,_1 刘_1 先生_1 更_1 郁_1 闷_1 ,_1 弄_1 不_1 明白_1 ,_1 自己_1 究竟_1 招_1 谁_1 惹_1 谁_1 了_1 ,_1 人_1 家_1 要_1 偷_1 自己的_1 东西_1 。_1 虽然_1 未_1 得_1 手_1 ,_1 自己_1 还要_1 破_1 费_1 钱_1 财_1 。_1 与_1 此_1 同时_1 ,_1 更是_1 引发_1 举_1 国_1 舆论_1 哗_1 然_1 。_1 2018_1 年_1 即将_1 过去_1 ,_1 这个_1 “_1 一_1 分_1 不能_1 少_1 ”_1 ,_1 是_1 本_1 年度_1 看到_1 的_1 “_1 最_1 不要_1 脸_1 ”_1 的_1 索_1 赔_1 。_1 而_1 最_1 不可_1 思_1 议_1 的_1 是_1 ,_1 法院_1 竟然_1 部分_1 支持_1 “_1 偷_1 车_1 贼_1 ”_1 亲属_1 ,_1 让_1 车_1 主_1 赔偿_1 5_1 万_1 块_1 钱_1 的精神_1 损失_1 费_1 。_1 据_1 刘_1 先生_1 说_1 ,_1 自己_1 居住的_1 小_1 区_1 陈_1 旧_1 ,_1 小_1 区_1 居民_1 电动_1 车_1 乱_1 停_1 ,_1 乱_1 充_1 电_1 的情况_1 比较_1 严重_1 。_1 因为_1 都是_1 这样_1 ,_1 况_1 且_1 也_1 没_1 出_1 过_1 什么_1 意外_1 ,_1 大_1 伙_1 也都_1 习惯_1 了_1 。_1 <sep>_1 电动_1 车_1 配件_1 电_1 瓶_1 漏_1 电_1 ,_1 电动_1 车_1 厂_1 家_1 购买_1 时候_1 未_1 赠_1 送_1 警_1 示_1 标志_1 。_1 据说_1 老_1 天_1 爷_1 也_1 得_1 告_1 一_1 下_1 ,_1 貌_1 似_1 当天_1 雨水_1 量_1 太大_1 。_1 因为_1 盗_1 窃_1 意外_1 身亡_1 ,_1 却_1 要_1 “_1 被_1 盗_1 ”_1 承担_1 赔偿_1 损失_1 ,_1 这_1 明显_1 违背_1 公_1 序_1 良_1 俗_1 ,_1 甚至_1 有_1 鼓励_1 “_1 偷_1 盗_1 ”_1 的_1 不良_1 导_1 向_1 。_1 如果_1 扇_1 你_1 个_1 嘴_1 巴_1 子_1 造成_1 手指_1 骨折_1 ,_1 是_1 不是_1 可以_1 要求_1 赔偿_1 医疗_1 费_1 ?_1 毕_1 竟_1 脸_1 皮_1 的_1 厚度_1 给_1 想_1 扇_1 你的_1 人_1 造成了_1 威胁_1 。_1 遗_1 憾_1 的_1 是_1 ,_1 负责_1 判_1 案_1 的_1 法官_1 却_1 本_1 末_1 倒_1 置_1 ,_1 让_1 很多人_1 觉得_1 不可_1 思_1 议_1 。_1 至_1 于_1 带来的_1 负面_1 效应_1 ,_1 恐_1 怕_1 是_1 他们_1 始_1 料_1 不及_1 的_1 。_1 如果_1 碰_1 到_1 威胁_1 强奸_1 女性_1 的_1 案_1 犯_1 ,_1 他们_1 也会_1 振_1 振_1 有_1 词_1 ,_1 如果_1 不是_1 她_1 长_1 得_1 漂亮_1 ,_1 我_1 根本_1 不会_1 这样_1 做_1 。_1 所以_1 马_1 上_1 要_1 到_1 来_1 的_1 2019_1 ,_1 我们_1 不知道_1 还会_1 看到_1 怎_1 样_1 奇_1 葩_1 的_1 判决_1 !_1 <sep>_1
2019-10-22 14:29:00,590 Token Sample: <cls>_0 ▁学校_0 新闻_0 -_0 珠海_0 市_0 技_0 师_0 学院_0 <sep>_0 ▁本_1 网_1 讯_1 (_1 明_1 艺_1 吴_1 卓_1 )_1 4_1 月_1 27_1 日_1 ,_1 珠海_1 市_1 现代_1 制造业_1 职业_1 教育_1 集团_1 2018_1 年_1 工作_1 年_1 会_1 召开_1 。_1 受_1 职_1 教_1 集团_1 理事长_1 、_1 珠海_1 市_1 技_1 师_1 学院_1 高_1 小_1 霞_1 校长_1 的_1 委托_1 ,_1 职_1 教_1 集团_1 秘书长_1 、_1 珠海_1 市_1 技_1 师_1 学院_1 党委副书记_1 梁_1 建_1 昌_1 主持_1 工作_1 年_1 会_1 并_1 作_1 工作_1 报告_1 ;_1 市_1 人力_1 资源_1 和社会_1 保障_1 局_1 职业_1 能力_1 建设_1 科_1 黄_1 华_1 耀_1 主任_1 ,_1 各_1 集团_1 成员_1 单位_1 及_1 新_1 申请_1 加盟_1 的_1 企业_1 30_1 余_1 家_1 、_1 70_1 多名_1 代表_1 参加了_1 本届_1 年_1 会_1 。_1 会上_1 ,_1 秘书长_1 梁_1 建_1 昌_1 作_1 简_1 短_1 的_1 欢迎_1 辞_1 。_1 之后_1 ,_1 结合_1 国务院_1 办公厅_1 印_1 发_1 《_1 关于_1 深化_1 产_1 教_1 融合_1 的_1 若干_1 意见_1 》_1 ,_1 梁_1 秘书长_1 和_1 参_1 会_1 代表_1 们_1 共同_1 研_1 读_1 了_1 教育部_1 等_1 六_1 部门_1 联合_1 印_1 发_1 的_1 《_1 职业_1 学校_1 校_1 企_1 合作_1 促进_1 办法_1 》_1 。_1 他_1 希望_1 ,_1 在_1 新的_1 一年_1 里_1 ,_1 职_1 教_1 集团_1 要_1 积极_1 贯_1 彻_1 落实_1 党_1 的_1 十九_1 大_1 精神_1 ,_1 按照_1 《_1 职业_1 学校_1 校_1 企_1 合作_1 促进_1 办法_1 》_1 的_1 有关_1 要求_1 ,_1 集团_1 各_1 成员_1 单位_1 之间_1 进一步_1 增_1 进_1 交流_1 ,_1 深化_1 产_1 教_1 融合_1 ,_1 创新_1 合作_1 模式_1 ,_1 推进_1 校_1 企_1 合作_1 ,_1 实现_1 职_1 教_1 集团_1 协同_1 育_1 人_1 、_1 合作_1 发展_1 的目标_1 ,_1 为_1 加快_1 珠海_1 市_1 产业_1 转_1 型_1 升级_1 提供_1 高_1 质量_1 的_1 技能_1 人才_1 支撑_1 。_1 会议_1 还_1 审议_1 并通过_1 了_1 珠海_1 市_1 运_1 泰_1 利_1 自动化_1 设备_1 有限公司_1 、_1 珠海_1 市_1 佳_1 联_1 信_1 耗_1 材_1 有限公司_1 、_1 珠海_1 市_1 广_1 诚_1 表_1 行_1 有限公司_1 、_1 珠海_1 市_1 畅_1 连_1 精密_1 机械_1 设备_1 有限公司_1 4_1 家_1 优_1 质_1 单位_1 申请_1 <sep>_1 欢迎_1 。_1 为_1 贯_1 彻_1 落实_1 珠海_1 市委_1 郭_1 永_1 航_1 书记_1 调_1 研_1 格_1 力_1 时_1 的_1 有关_1 指示_1 精神_1 ,_1 为_1 让_1 珠海_1 市_1 本地_1 企业_1 对_1 格_1 力_1 机器人_1 等_1 智能_1 装备_1 有_1 更加_1 直_1 观_1 和_1 深入_1 的_1 了解_1 ,_1 职_1 教_1 集团_1 还_1 组织_1 了_1 部分_1 成员_1 单位_1 代表_1 一同_1 前往_1 集团_1 成员_1 单位_1 ——_1 珠海_1 智能_1 装备_1 有限公司_1 所属_1 的_1 格_1 力_1 机器人_1 有限公司_1 进行了_1 参观_1 交流_1 。_1 参观_1 代表_1 对_1 格_1 力_1 机器人_1 性能_1 感_1 叹_1 不_1 已_1 ,_1 纷纷_1 表示_1 看_1 好_1 格_1 力_1 机器人_1 的发展_1 前_1 景_1 。_1 珠海_1 市_1 现代_1 制造业_1 职业_1 教育_1 集团_1 是由_1 市_1 人_1 社_1 局_1 指导_1 、_1 珠海_1 市_1 技_1 师_1 学院_1 牵_1 头_1 ,_1 联合_1 我_1 市_1 部分_1 高_1 端_1 制造业_1 企业_1 和_1 省_1 内外_1 部分_1 技_1 工_1 院校_1 、_1 科研_1 机构_1 及_1 培训_1 机构_1 自愿_1 参与_1 组成的_1 产_1 教_1 联合_1 体_1 ,_1 本_1 着_1 “_1 合作_1 办学_1 ,_1 合作_1 育_1 人_1 ,_1 合作_1 就业_1 ,_1 合作_1 发展_1 ”_1 的_1 原则_1 ,_1 旨在_1 构建_1 政_1 、_1 校_1 、_1 行_1 、_1 企_1 资源_1 共享_1 的_1 校_1 企_1 合作_1 交流_1 平台_1 。_1 经过_1 多年的_1 发展_1 ,_1 目前_1 ,_1 集团_1 成员_1 单位_1 已_1 达_1 55_1 家_1 。_1 <sep>_1
2019-10-22 14:29:09,204 seed everything and create model
2019-10-22 14:37:35,154 step 300 train loss: 0.7450
2019-10-22 14:37:35,154 step 300 score: 0.5563
2019-10-22 14:45:54,174 step 600 train loss: 0.5081
2019-10-22 14:45:54,174 step 600 score: 0.7445
2019-10-22 14:54:13,204 step 900 train loss: 0.3993
2019-10-22 14:54:13,204 step 900 score: 0.7434
2019-10-22 15:02:32,721 step 1200 train loss: 0.4342
2019-10-22 15:02:32,722 step 1200 score: 0.7785
2019-10-22 15:10:51,908 step 1500 train loss: 0.3587
2019-10-22 15:10:51,909 step 1500 score: 0.7639
2019-10-22 15:19:10,924 step 1800 train loss: 0.2598
2019-10-22 15:19:10,924 step 1800 score: 0.7895
2019-10-22 15:27:30,030 step 2100 train loss: 0.2915
2019-10-22 15:27:30,030 step 2100 score: 0.7945
2019-10-22 15:35:49,167 step 2400 train loss: 0.2610
2019-10-22 15:35:49,167 step 2400 score: 0.7823
2019-10-22 15:44:08,233 step 2700 train loss: 0.2474
2019-10-22 15:44:08,234 step 2700 score: 0.7957
2019-10-22 15:52:27,241 step 3000 train loss: 0.2371
2019-10-22 15:52:27,241 step 3000 score: 0.8069
2019-10-22 15:52:27,256 best score is 0.8069
