2019-10-23 02:58:47,289 log_in_file: True
2019-10-23 02:58:47,289 lm_path: /home/wangzl/PretrainedLM/XLNET/chinese_xlnet_mid_pytorch/
2019-10-23 02:58:47,289 lm_type: xlnet
2019-10-23 02:58:47,289 data_path: ../data/
2019-10-23 02:58:47,289 usegpu: True
2019-10-23 02:58:47,289 use_origin: True
2019-10-23 02:58:47,289 total_step: 4200
2019-10-23 02:58:47,290 eval_every: 300
2019-10-23 02:58:47,290 early_stop: 4
2019-10-23 02:58:47,290 max_length: 510
2019-10-23 02:58:47,290 max_title_rate: 0.125
2019-10-23 02:58:47,290 content_head_rate: 0.6
2019-10-23 02:58:47,290 batch_size: 4
2019-10-23 02:58:47,290 lr_scheduler_type: constant
2019-10-23 02:58:47,290 input_pattern: head+tail+dynamic
2019-10-23 02:58:47,290 clean_method: space+notzh
2019-10-23 02:58:47,290 warmup_rate: 0.1
2019-10-23 02:58:47,290 classifier_dropout: 0.3
2019-10-23 02:58:47,290 classifier_weight_decay: 0.0
2019-10-23 02:58:47,290 cache_final_model: False
2019-10-23 02:58:47,290 seed: 23
2019-10-23 02:58:47,290 lr: 1e-05
2019-10-23 02:58:47,290 lr_decay_in_layers: 0.95
2019-10-23 02:58:47,290 weight_decay: 0.01
2019-10-23 02:58:47,338 padding token is 5
2019-10-23 02:58:54,691 Token Sample: <cls>_0 ▁_0 装_0 大_0 方_0 将_0 边_0 角_0 料_0 随_0 手_0 送_0 人_0 ,_0 看_0 了_0 成_0 品_0 直_0 眼_0 红_0 想_0 往_0 回_0 要_0 却_0 说_0 不_0 出口_0 !_0 __0 我是_0 ._0 ._0 ._0 <sep>_0 ▁_1 很多_1 玩_1 友_1 都在_1 吐_1 槽_1 ,_1 海南_1 黄_1 花_1 梨_1 的_1 价格_1 太_1 贵_1 了_1 ,_1 虽然_1 自己_1 很_1 喜欢_1 海_1 黄_1 手_1 串_1 ,_1 但是_1 品_1 相_1 好_1 一点_1 的_1 就_1 贵_1 的_1 离_1 谱_1 ,_1 对于_1 对_1 眼_1 纹_1 、_1 蜘蛛_1 纹_1 的_1 根本_1 就_1 不敢_1 想_1 。_1 木_1 料_1 市场_1 中_1 ,_1 满_1 地_1 的_1 紫_1 檀_1 柳_1 ,_1 想要_1 淘_1 到_1 真正的_1 海_1 黄_1 料_1 子_1 难度_1 都_1 很大_1 ,_1 更_1 别_1 提_1 是_1 能_1 捡_1 漏_1 入_1 手_1 带有_1 特殊_1 纹_1 理_1 的_1 料_1 子_1 了_1 。_1 朋友_1 早_1 些_1 年_1 囤_1 了很多_1 海_1 黄_1 料_1 子_1 ,_1 现在_1 一_1 看_1 ,_1 他还_1 真_1 是_1 有_1 眼_1 光_1 有_1 远_1 见_1 朋友_1 开_1 料_1 后_1 剩下_1 了很多_1 边_1 角_1 料_1 ,_1 觉得_1 这_1 也没有_1 什么_1 大_1 用_1 处_1 就_1 丢_1 弃_1 在_1 一边_1 。_1 这位_1 玩_1 友_1 去_1 串_1 门_1 的时候_1 一_1 下_1 就被_1 吸引_1 住_1 了_1 ,_1 张_1 口_1 管_1 朋友_1 要_1 的时候_1 还_1 感觉_1 有_1 点_1 尴_1 尬_1 ,_1 没_1 想到_1 朋友_1 非常_1 爽_1 快_1 的_1 答应_1 了_1 。_1 拿_1 着_1 这些_1 海_1 黄_1 边_1 角_1 料_1 ,_1 有_1 种_1 如_1 获_1 至_1 宝_1 的_1 感觉_1 ,_1 图片_1 中_1 展示_1 的_1 是_1 部分_1 看起来_1 不_1 错_1 的_1 料_1 子_1 。_1 虽然_1 说_1 是_1 边_1 角_1 料_1 ,_1 但是_1 无论_1 从_1 成_1 色_1 、_1 料_1 质_1 、_1 纹_1 理_1 还是_1 油_1 性_1 方面_1 都不_1 差_1 。_1 有_1 的小_1 料_1 上_1 合理_1 规划_1 一_1 下_1 竟然_1 也能_1 做出_1 对_1 眼_1 纹_1 理_1 的_1 珠_1 子_1 。_1 由于_1 料_1 子_1 不是_1 太多_1 ,_1 想要_1 颗_1 颗_1 对_1 眼_1 肯定_1 是_1 不可能_1 的_1 了_1 ,_1 在_1 尺寸_1 方面_1 也_1 需要_1 做好_1 控制_1 。_1 打_1 磨_1 的时候_1 玩家_1 去了_1 <sep>_1 性能_1 受到_1 影响_1 。_1 近_1 距离_1 来看_1 看_1 ,_1 珠_1 子_1 上的_1 对_1 眼_1 纹_1 理_1 看起来_1 还是_1 很_1 清晰_1 的_1 ,_1 这_1 颜色_1 看起来_1 也_1 非常_1 喜_1 人_1 佛_1 头_1 加工_1 的时候_1 这位_1 玩家_1 决定_1 自己_1 做_1 ,_1 同_1 料_1 的_1 做出_1 来_1 应该_1 看起来_1 更_1 上_1 档_1 次_1 。_1 在_1 边_1 角_1 料_1 中_1 找到了_1 一块_1 带有_1 不_1 错_1 纹_1 理_1 的小_1 料_1 ,_1 这_1 用来_1 打_1 磨_1 一个_1 小_1 牌_1 子_1 是不_1 错_1 的_1 选择_1 。_1 没_1 想到_1 这些_1 边_1 角_1 料_1 竟然_1 也_1 凑_1 成了_1 一_1 串_1 ,_1 虽然_1 说_1 在_1 纹_1 理_1 方面_1 没有_1 那么_1 统一_1 ,_1 但是_1 料_1 子_1 品质_1 还是_1 很好的_1 。_1 加上_1 这个_1 山水_1 纹_1 的小_1 牌_1 子_1 之后_1 ,_1 整_1 串_1 手_1 串_1 看起来_1 更_1 精_1 致_1 了_1 经过_1 半_1 天_1 的_1 加工_1 ,_1 谁_1 能_1 想到_1 这是_1 用_1 边_1 角_1 料_1 制成_1 的_1 手_1 串_1 呢_1 ?_1 朋友_1 看_1 了他_1 做_1 的_1 手_1 串_1 之后_1 ,_1 简_1 直_1 不_1 相信_1 自己的_1 眼睛_1 虽然_1 说_1 很_1 眼_1 红_1 ,_1 但是_1 也_1 不好_1 意思_1 往_1 回_1 要_1 ,_1 下_1 次_1 再_1 有_1 边_1 角_1 料_1 可_1 不能_1 傻_1 大_1 方_1 了_1 <sep>_1
2019-10-23 02:58:59,770 Token Sample: <cls>_0 ▁_0 印度_0 一_0 航班_0 机_0 舱_0 浓_0 烟_0 弥_0 漫_0 婴儿_0 大_0 哭_0 空_0 姐_0 拿_0 出_0 氧气_0 瓶_0 旅客_0 惊_0 恐_0 <sep>_0 ▁_1 航空_1 圈_1 讯_1 当地_1 时间_1 12_1 月_1 10_1 日晚上_1 ,_1 印度_1 低_1 成本_1 航空_1 、_1 同时也是_1 印度_1 最大_1 航空公司_1 ——_1 靛_1 蓝_1 航空_1 (_1 in_1 di_1 go_1 )_1 一_1 架空_1 客_1 a_1 320_1 ne_1 o_1 由于_1 客_1 舱_1 内_1 出现_1 烟_1 雾_1 ,_1 不得不_1 紧急_1 着陆_1 ,_1 乘客_1 通过_1 紧急_1 滑_1 梯_1 逃生_1 。_1 根据_1 机_1 上_1 旅客_1 拍摄_1 的_1 视频_1 ,_1 当时_1 机_1 舱_1 内_1 烟_1 雾_1 弥_1 漫_1 ,_1 空_1 姐_1 拿_1 出了_1 氧气_1 瓶_1 待_1 命_1 ,_1 机_1 上有_1 婴儿_1 号_1 啕_1 大_1 哭_1 ,_1 很多_1 乘客_1 十分_1 害怕_1 。_1 根据_1 印度_1 媒体报道_1 ,_1 事件_1 发生于_1 12_1 月_1 10_1 日晚上_1 ,_1 当时_1 靛_1 蓝_1 航空_1 这_1 架空_1 客_1 a_1 320_1 正_1 执_1 飞_1 从_1 斋_1 浦_1 尔_1 飞往_1 加尔_1 各_1 答_1 的_1 6_1 e_1 -_1 3_1 27_1 航班_1 。_1 据_1 消息_1 人士_1 透露_1 ,_1 这_1 架飞机_1 在_1 距离_1 加尔_1 各_1 答_1 约_1 45_1 英里_1 (_1 约_1 72_1 公里_1 )_1 时_1 ,_1 当时_1 飞行员_1 通过_1 无线电_1 发送_1 了_1 “_1 ma_1 y_1 day_1 ,_1 ma_1 y_1 day_1 ,_1 ma_1 y_1 day_1 ”_1 紧急_1 信号_1 。_1 这_1 向_1 空中_1 交通_1 管制_1 机构_1 表明_1 ,_1 飞机_1 和_1 乘客_1 处于_1 严重_1 危险_1 之中_1 。_1 有_1 消息_1 称_1 ,_1 在_1 驾驶_1 舱_1 、_1 机_1 舱_1 和_1 厕_1 所_1 内_1 都_1 检测_1 到了_1 烟_1 雾_1 。_1 飞机_1 随后_1 在_1 加尔_1 各_1 答_1 机场_1 紧急_1 着陆_1 ,_1 机_1 上_1 旅客_1 通过_1 紧急_1 滑_1 梯_1 撤离_1 。_1 报道称_1 ,_1 机_1 上_1 136_1 名乘客_1 ,_1 无_1 人受伤_1 。_1 靛_1 蓝_1 航空_1 表示_1 ,_1 一个_1 严重的_1 发动机_1 问题_1 导致_1 客_1 舱_1 内的_1 烟_1 雾_1 累_1 积_1 ,_1 这_1 是一种_1 全新_1 类型的_1 发动机_1 故障_1 。_1 “_1 烟_1 雾_1 的_1 形成_1 是_1 由于_1 漏_1 油_1 通过_1 空气_1 系统_1 造成的_1 ,_1 ”_1 航空公司_1 补充_1 说_1 ,_1 “_1 机_1 上_1 没有_1 <sep>_1 sub_1 ho_1 mo_1 y_1 说_1 。_1 事件的_1 视频_1 证实_1 了_1 这一_1 说法_1 。_1 可以看到_1 一个_1 空_1 姐_1 拿_1 着_1 一个_1 便_1 携_1 式_1 氧气_1 瓶_1 ,_1 背景_1 中_1 可以_1 清楚_1 地_1 听到_1 婴儿_1 的_1 哭_1 声_1 。_1 当_1 机_1 舱_1 里_1 的_1 烟_1 雾_1 越来越_1 浓_1 时_1 ,_1 “_1 空_1 姐_1 叫_1 我们_1 捂_1 住_1 脸_1 和_1 鼻_1 子_1 。_1 她们_1 告诉_1 我们_1 不要_1 离开_1 座位_1 ,_1 要_1 保持_1 冷_1 静_1 。_1 就在_1 着陆_1 之前_1 ,_1 她们_1 告诉_1 我们_1 与_1 他们_1 合作_1 。_1 ”_1 据_1 了解_1 ,_1 涉_1 事_1 飞机_1 机_1 型_1 为_1 空_1 客_1 a_1 320_1 ne_1 o_1 ,_1 注册_1 号_1 为_1 v_1 t_1 -_1 it_1 r_1 ,_1 2017_1 年_1 3_1 月_1 交付_1 ,_1 机_1 龄_1 1_1 ._1 8_1 年_1 。_1 印度_1 飞机_1 事故_1 调查_1 局_1 (_1 a_1 ai_1 b_1 )_1 已经_1 对此_1 事件_1 进行_1 调查_1 。_1 涉_1 事_1 飞机_1 资料_1 图_1 航空_1 圈_1 中国_1 航空_1 资讯_1 、_1 服务_1 新_1 平台_1 ,_1 提供_1 及_1 时_1 、_1 有趣_1 、_1 实用_1 的_1 航空_1 、_1 旅游_1 资讯_1 。_1 投稿_1 、_1 合作_1 邮_1 箱_1 微_1 信_1 公众_1 号_1 :_1 cn_1 air_1 66_1 ;_1 微博_1 :_1 航空_1 圈_1 36_1 5_1 ;_1 网_1 易_1 号_1 :_1 航空_1 圈_1 。_1 <sep>_1
2019-10-23 02:59:04,817 Token Sample: <cls>_0 ▁_0 「_0 平安_0 守护_0 」_0 郑州_0 交_0 警_0 一_0 大队_0 曝光_0 3_0 起_0 近期_0 酒_0 驾_0 违法_0 典型_0 案例_0 <sep>_0 ▁_1 道路_1 千_1 万_1 条_1 ,_1 安全_1 第一_1 条_1 ;_1 开_1 车_1 不_1 规范_1 ,_1 亲_1 人_1 两_1 行_1 泪_1 。_1 行_1 车_1 安全_1 关_1 乎_1 你_1 我_1 他_1 ,_1 安全_1 意识_1 比_1 什么_1 都_1 重要_1 。_1 “_1 喝_1 酒_1 不_1 开_1 车_1 ,_1 开_1 车_1 不_1 喝_1 酒_1 ”_1 这_1 句_1 提示_1 语_1 ,_1 交_1 警_1 部门_1 也_1 劝_1 诫_1 、_1 强调_1 了_1 无_1 数次_1 ,_1 但_1 还是_1 有人_1 以_1 身_1 试_1 法_1 !_1 2_1 月_1 18_1 日_1 ,_1 郑州_1 交_1 警_1 一_1 大队_1 从_1 春_1 节_1 假期_1 至今_1 查_1 处_1 的_1 酒_1 驾_1 违法_1 案例_1 中_1 选_1 取_1 3_1 起_1 典型_1 案例_1 进行_1 曝光_1 ,_1 以此_1 震_1 慑_1 “_1 酒_1 驾_1 ”_1 违法_1 ,_1 警_1 示_1 交通_1 参与_1 者_1 提高_1 安全_1 意识_1 ,_1 警_1 钟_1 长_1 鸣_1 !_1 遵_1 章_1 守_1 法_1 驾_1 车_1 ,_1 安全_1 文明_1 出_1 行_1 !_1 案例_1 一_1 :_1 除_1 夕_1 夜_1 醉_1 酒_1 驾_1 车_1 出_1 事故_1 ,_1 司机_1 面临_1 法律_1 严_1 惩_1 2019_1 年_1 02_1 月_1 04_1 日_1 (_1 除_1 夕_1 )_1 22_1 时_1 30_1 分_1 许_1 ,_1 郑州_1 交_1 警_1 一_1 大队_1 民_1 警_1 接_1 指挥_1 室_1 指令_1 称_1 :_1 在_1 金_1 水_1 路_1 紫_1 荆_1 山_1 立_1 交_1 桥_1 三层_1 两_1 辆_1 轿_1 车_1 事故_1 ,_1 其中_1 一名_1 司机_1 涉嫌_1 酒_1 后_1 驾驶_1 。_1 接_1 警_1 后_1 ,_1 事故_1 迅速_1 到达_1 事故_1 现场_1 。_1 经_1 调查_1 :_1 2019_1 年_1 02_1 月_1 04_1 日_1 22_1 时_1 12_1 分_1 许_1 ,_1 刘_1 某_1 某_1 (_1 男_1 ,_1 37_1 岁_1 ,_1 河南_1 郑州_1 人_1 ,_1 a_1 2_1 类_1 驾驶_1 证_1 )_1 驾驶_1 豫_1 a_1 2_1 *_1 *_1 7_1 k_1 号_1 小型_1 轿_1 车_1 沿_1 金_1 水_1 路_1 由_1 东_1 向西_1 行驶_1 至_1 紫_1 荆_1 山_1 立_1 交_1 桥_1 三层_1 时_1 ,_1 与_1 前方_1 牛_1 某_1 <sep>_1 侥_1 幸_1 再次_1 酒_1 驾_1 上_1 路_1 被_1 抓_1 ,_1 面临_1 拘留_1 、_1 吊_1 销_1 驾驶_1 证_1 、_1 罚_1 款_1 处罚_1 2019_1 年_1 02_1 月_1 18_1 日_1 00_1 时_1 01_1 分_1 ,_1 当_1 事_1 人_1 乔_1 某_1 某_1 (_1 男_1 ,_1 37_1 岁_1 ,_1 河南_1 郑州_1 人_1 ,_1 c_1 1_1 类_1 驾驶_1 证_1 )_1 饮_1 酒_1 后_1 驾驶_1 一辆_1 豫_1 af_1 *_1 *_1 32_1 黑色_1 小_1 型客车_1 沿_1 中_1 州_1 大道_1 由_1 北_1 向南_1 行驶_1 至_1 金_1 水_1 立_1 交_1 左_1 转_1 弯_1 往_1 金_1 水_1 东路_1 方向_1 下_1 桥_1 时_1 被_1 执_1 勤_1 民_1 警_1 查_1 纠_1 ,_1 经_1 酒精_1 呼吸_1 测试_1 为_1 ,_1 已_1 超过_1 饮_1 酒_1 后_1 驾驶_1 机动_1 车_1 的_1 临_1 界_1 值_1 ,_1 属_1 饮_1 酒_1 后_1 驾驶_1 机动_1 车_1 。_1 经_1 民_1 警_1 进一步_1 核_1 查_1 发现_1 ,_1 乔_1 某_1 某_1 曾于_1 2017_1 年_1 3_1 月_1 25_1 日_1 因_1 饮_1 酒_1 后_1 驾驶_1 机动_1 车_1 违法_1 被_1 郑州_1 交_1 警_1 查_1 处_1 ,_1 此次_1 违法_1 属_1 再次_1 酒_1 驾_1 交通_1 违法_1 。_1 乔_1 某_1 某_1 将_1 面临_1 公安部_1 门_1 10_1 日_1 内_1 行政_1 拘留_1 、_1 吊_1 销_1 驾驶_1 证_1 和_1 1000_1 —_1 2000_1 元_1 罚_1 金_1 的_1 处罚_1 。_1 <sep>_1
2019-10-23 02:59:15,773 Token Sample: <cls>_0 ▁_0 5_0 万_0 夫妻_0 离婚_0 的_0 背_0 后_0 :_0 这些_0 不起_0 眼_0 的小_0 事_0 ,_0 却_0 是_0 婚姻_0 的_0 "_0 终_0 极_0 杀_0 手_0 "_0 <sep>_0 ▁_1 导_1 读_1 :_1 婚姻_1 中_1 ,_1 不起_1 眼_1 的_1 "_1 小_1 事_1 "_1 ,_1 最_1 能_1 决定_1 一个_1 女人_1 的_1 幸福_1 感_1 ,_1 也_1 最_1 能_1 体现_1 一个_1 男人_1 的_1 责任_1 感_1 。_1 人们_1 常_1 说_1 ,_1 就算_1 再_1 恩_1 爱_1 的_1 夫妻_1 ,_1 也都_1 曾有_1 过_1 想_1 掐_1 死_1 对方_1 的_1 冲_1 动_1 。_1 生活_1 不是_1 电视剧_1 ,_1 再_1 完美_1 的_1 爱情_1 ,_1 也_1 终_1 会_1 落实_1 到_1 柴_1 米_1 油_1 盐_1 、_1 鸡_1 毛_1 蒜_1 皮_1 的小_1 事_1 身上_1 。_1 今天_1 刷_1 微博_1 ,_1 看到_1 这么_1 一个_1 热_1 搜_1 :_1 浙江_1 一个_1 法院_1 整理_1 了_1 2018_1 年_1 一年_1 来_1 的_1 结婚_1 离婚_1 大_1 数据_1 ,_1 2018_1 年_1 ,_1 全省_1 法院_1 离婚_1 纠纷_1 案件_1 共有_1 近_1 5_1 万_1 起_1 。_1 其中_1 ,_1 有_1 34_1 ._1 2_1 1%_1 的_1 离婚_1 纠纷_1 因_1 生活_1 琐_1 碎_1 而_1 造成_1 !_1 可见_1 ,_1 日常生活_1 中_1 ,_1 那些_1 微_1 不起_1 眼_1 "_1 小_1 事_1 "_1 对_1 婚姻_1 有_1 多_1 么_1 大_1 的_1 杀_1 伤_1 力_1 。_1 01_1 很多_1 男人_1 觉得_1 ,_1 女人_1 眼_1 中_1 那些_1 唠_1 叨_1 不_1 完_1 的_1 ,_1 看起来_1 比_1 天_1 还_1 大_1 的事_1 ,_1 不过_1 是_1 寻_1 常_1 生活_1 的一些_1 鸡_1 毛_1 蒜_1 皮_1 ,_1 这_1 甚至_1 连_1 吵_1 架_1 都_1 算_1 不_1 上_1 。_1 然而_1 影响_1 婚姻_1 质量_1 的_1 ,_1 往往_1 并不是_1 什么_1 大_1 风_1 大_1 浪_1 ,_1 而是_1 一_1 桩_1 桩_1 一件_1 件_1 的_1 "_1 小_1 事_1 "_1 。_1 但_1 女人_1 的_1 情绪_1 就_1 偏_1 偏_1 容易_1 在_1 这种_1 细_1 碎_1 又_1 无_1 可_1 奈_1 何_1 的_1 "_1 小_1 事_1 "_1 里_1 ,_1 折_1 腾_1 得_1 一_1 踏_1 糊_1 涂_1 。_1 同事_1 依_1 依_1 就_1 跟_1 我_1 吐_1 槽_1 过_1 她的_1 老_1 公_1 。_1 自_1 从_1 依_1 依_1 生_1 完_1 孩子_1 以后_1 ,_1 发现_1 最_1 磨_1 <sep>_1 焦_1 头_1 烂_1 额_1 ,_1 那么_1 婚姻_1 无_1 非_1 就像_1 张_1 爱_1 玲_1 说_1 得_1 那样_1 ,_1 成了_1 一场_1 长期_1 的_1 卖_1 淫_1 。_1 三_1 毛_1 曾_1 说_1 :_1 "_1 爱情_1 如果_1 不_1 落_1 到_1 穿_1 衣_1 、_1 吃_1 饭_1 、_1 睡_1 觉_1 、_1 数_1 钱_1 这些_1 实_1 实_1 在_1 在_1 的_1 生活中_1 去_1 ,_1 是不_1 会长_1 久_1 的_1 。_1 "_1 并不是_1 所有_1 女人_1 都_1 希望_1 你_1 把_1 她_1 宠_1 成_1 公主_1 ,_1 但_1 起_1 码_1 ,_1 男人_1 在_1 "_1 小_1 事_1 "_1 上_1 尽_1 心_1 尽_1 力_1 ,_1 就_1 足以_1 给_1 女人_1 满_1 满_1 的_1 幸福_1 感_1 。_1 而_1 给_1 孩子_1 冲_1 奶_1 粉_1 、_1 换_1 尿_1 不_1 湿_1 、_1 洗_1 洗_1 碗_1 筷_1 、_1 张_1 罗_1 张_1 罗_1 一日_1 三_1 餐_1 ._1 ._1 ._1 ._1 ._1 ._1 这些_1 小_1 事_1 ,_1 只要_1 男人_1 平_1 日_1 里_1 能够_1 多_1 分_1 担_1 ,_1 多_1 体_1 谅_1 ,_1 女人_1 的_1 幸福_1 感_1 就会_1 直线_1 上升_1 。_1 【_1 本_1 文_1 版权_1 归_1 「_1 花_1 影_1 故事_1 」_1 所有_1 。_1 花_1 影_1 故事_1 ,_1 你_1 心中_1 的故事_1 ,_1 在_1 晨_1 曦_1 陪_1 你_1 苏_1 醒_1 ,_1 在_1 夜_1 里_1 陪_1 你_1 安_1 眠_1 。_1 】_1 <sep>_1
2019-10-23 02:59:24,286 Token Sample: <cls>_0 ▁_0 妈_0 妈_0 再_0 也不_0 用_0 担心_0 爬_0 虫_0 被_0 封_0 号_0 了_0 !_0 手_0 把_0 手_0 教_0 你_0 搭建_0 c_0 ook_0 ies_0 池_0 <sep>_0 ▁_1 很多_1 时候_1 ,_1 在_1 爬_1 取_1 没有_1 登录_1 的情况下_1 ,_1 我们_1 也可以_1 访问_1 一部分_1 页面_1 或_1 请求_1 一些_1 接口_1 ,_1 因为_1 毕_1 竟_1 网站_1 本身_1 需要_1 做_1 se_1 o_1 ,_1 不会_1 对_1 所有_1 页面_1 都_1 设置_1 登录_1 限制_1 。_1 但是_1 ,_1 不_1 登录_1 直接_1 爬_1 取_1 会_1 有一些_1 弊_1 端_1 ,_1 弊_1 端_1 主要_1 有以下_1 两_1 点_1 。_1 设置_1 了_1 登录_1 限制_1 的_1 页面_1 无法_1 爬_1 取_1 。_1 如_1 某_1 论坛_1 设置_1 了_1 登录_1 才可_1 查看_1 资源_1 ,_1 某_1 博客_1 设置_1 了_1 登录_1 才可_1 查看_1 全_1 文_1 等_1 ,_1 这些_1 页面_1 都_1 需要_1 登录_1 账_1 号_1 才_1 可以_1 查看_1 和_1 爬_1 取_1 。_1 一些_1 页面_1 和_1 接口_1 虽然_1 可以直接_1 请求_1 ,_1 但是_1 请求_1 一旦_1 频繁_1 ,_1 访问_1 就_1 容易_1 被_1 限制_1 或者_1 ip_1 直接_1 被_1 封_1 ,_1 但是_1 登录_1 之后_1 就_1 不_1 会出现_1 这样的_1 问题_1 ,_1 因此_1 登录_1 之后_1 被_1 反_1 爬_1 的可能性_1 更_1 低_1 。_1 下面_1 我们_1 就_1 第二_1 种_1 情况_1 做_1 一个_1 简单的_1 实验_1 。_1 以_1 微博_1 为_1 例_1 ,_1 我们_1 先_1 找到_1 一个_1 aj_1 ax_1 接口_1 ,_1 例如_1 新_1 浪_1 财经_1 官方_1 微博_1 的信息_1 接口_1 ,_1 如果_1 用_1 浏览器_1 直接_1 访问_1 ,_1 返回_1 的数据_1 是_1 j_1 son_1 格式_1 ,_1 如下_1 图_1 所示_1 ,_1 其中_1 包含了_1 新_1 浪_1 财经_1 官方_1 微博_1 的一些_1 信息_1 ,_1 直接_1 解析_1 j_1 son_1 即可_1 提取_1 信息_1 。_1 但是_1 ,_1 这个_1 接口_1 在_1 没有_1 登录_1 的情况下_1 会_1 有_1 请求_1 频率_1 检测_1 。_1 如果_1 一段时间_1 内_1 访问_1 太_1 过_1 频繁_1 ,_1 比如_1 打开_1 这个_1 链接_1 ,_1 一直_1 不断_1 刷新_1 ,_1 则_1 会_1 看到_1 请求_1 频率_1 过_1 高_1 的_1 提示_1 ,_1 如下_1 图_1 所示_1 。_1 如果_1 重新_1 打开_1 一个_1 浏览器_1 窗口_1 ,_1 打开_1 ,_1 登录_1 微博_1 账_1 号_1 之后_1 重新_1 打开_1 此_1 链接_1 ,_1 则_1 页面_1 正常_1 显示_1 接口_1 的结果_1 ,_1 而_1 未_1 登录_1 <sep>_1 ook_1 ies_1 用户_1 名_1 有效_1 正在_1 测试_1 c_1 ook_1 ies_1 用户_1 名_1 有效_1 检测_1 完成_1 验证_1 码_1 位置_1 成功_1 匹配_1 拖_1 动_1 顺序_1 [_1 1,4_1 ,_1 2_1 ,_1 3_1 ]_1 成功_1 获取_1 到_1 ,_1 ,_1 ,_1 ,_1 ,_1 成功_1 保存_1 c_1 ook_1 ies_1 以上_1 所示_1 是_1 程序_1 运行_1 的控制_1 台_1 输出_1 内容_1 ,_1 我们_1 从_1 中_1 可以看到_1 各个_1 模块_1 都_1 正常_1 启动_1 ,_1 测试_1 模块_1 逐_1 个_1 测试_1 c_1 ook_1 ies_1 ,_1 生成_1 模块_1 获取_1 尚未_1 生成_1 c_1 ook_1 ies_1 的_1 账_1 号_1 的_1 c_1 ook_1 ies_1 ,_1 各个_1 模块_1 并_1 行_1 运行_1 ,_1 互_1 不_1 干扰_1 。_1 我们_1 可以_1 访问_1 接口_1 获取_1 随机_1 的_1 c_1 ook_1 ies_1 ,_1 如下_1 图_1 所示_1 。_1 爬_1 虫_1 只需要_1 请求_1 该_1 接口_1 就可以_1 实现_1 随机_1 c_1 ook_1 ies_1 的_1 获取_1 。_1 五_1 、_1 本_1 节_1 代码_1 本_1 节_1 代码_1 地址_1 为_1 。_1 本_1 资源_1 首发_1 于_1 崔_1 庆_1 才_1 的_1 个人_1 博客_1 静_1 觅_1 :_1 py_1 th_1 on_1 3_1 网络_1 爬_1 虫_1 开发_1 实_1 战_1 教_1 程_1 |_1 静_1 觅_1 如_1 想_1 了解_1 更多_1 爬_1 虫_1 资讯_1 ,_1 请_1 关注_1 我的_1 个人_1 微_1 信_1 公众_1 号_1 :_1 进_1 击_1 的_1 二_1 维_1 码_1 自动_1 识别_1 )_1 <sep>_1
2019-10-23 02:59:24,446 seed everything and create model
2019-10-23 03:07:50,377 step 300 train loss: 0.8167
2019-10-23 03:07:50,378 step 300 score: 0.5491
2019-10-23 03:16:09,644 step 600 train loss: 0.5632
2019-10-23 03:16:09,644 step 600 score: 0.7193
2019-10-23 03:24:28,683 step 900 train loss: 0.4293
2019-10-23 03:24:28,683 step 900 score: 0.7615
2019-10-23 03:32:47,737 step 1200 train loss: 0.4368
2019-10-23 03:32:47,737 step 1200 score: 0.7697
2019-10-23 03:41:06,820 step 1500 train loss: 0.3914
2019-10-23 03:41:06,821 step 1500 score: 0.7520
2019-10-23 03:49:25,779 step 1800 train loss: 0.2967
2019-10-23 03:49:25,780 step 1800 score: 0.7834
2019-10-23 03:57:44,781 step 2100 train loss: 0.3318
2019-10-23 03:57:44,781 step 2100 score: 0.7791
2019-10-23 04:06:03,716 step 2400 train loss: 0.3367
2019-10-23 04:06:03,716 step 2400 score: 0.7915
2019-10-23 04:14:22,888 step 2700 train loss: 0.3048
2019-10-23 04:14:22,888 step 2700 score: 0.7818
2019-10-23 04:22:41,956 step 3000 train loss: 0.2929
2019-10-23 04:22:41,957 step 3000 score: 0.7896
2019-10-23 04:31:00,957 step 3300 train loss: 0.2022
2019-10-23 04:31:00,957 step 3300 score: 0.7659
2019-10-23 04:39:19,973 step 3600 train loss: 0.2086
2019-10-23 04:39:19,973 step 3600 score: 0.7934
2019-10-23 04:47:39,032 step 3900 train loss: 0.2133
2019-10-23 04:47:39,032 step 3900 score: 0.7885
2019-10-23 04:55:58,019 step 4200 train loss: 0.2188
2019-10-23 04:55:58,020 step 4200 score: 0.7848
2019-10-23 04:55:58,020 best score is 0.7934
