2019-10-16 17:32:55,307 log_in_file: True
2019-10-16 17:32:55,307 bert_path: /home/wangzl/PretrainedLM/BERT/New/roberta_zh_l12
2019-10-16 17:32:55,307 data_path: ../data/
2019-10-16 17:32:55,307 usegpu: True
2019-10-16 17:32:55,307 use_origin: False
2019-10-16 17:32:55,307 total_step: 1250
2019-10-16 17:32:55,307 eval_every: 125
2019-10-16 17:32:55,307 early_stop: 4
2019-10-16 17:32:55,307 max_length: 360
2019-10-16 17:32:55,307 max_title_rate: 0.125
2019-10-16 17:32:55,307 content_head_rate: 0.6
2019-10-16 17:32:55,307 batch_size: 16
2019-10-16 17:32:55,307 lr_scheduler_type: linear
2019-10-16 17:32:55,307 input_pattern: head+tail+dynamic
2019-10-16 17:32:55,307 clean_method: space+notzh
2019-10-16 17:32:55,307 warmup_rate: 0.1
2019-10-16 17:32:55,308 classifier_dropout: 0.3
2019-10-16 17:32:55,308 classifier_weight_decay: 0.0
2019-10-16 17:32:55,308 cache_final_model: False
2019-10-16 17:32:55,308 seed: 23
2019-10-16 17:32:55,308 lr: 2e-05
2019-10-16 17:32:55,308 lr_decay_in_layers: 0.95
2019-10-16 17:32:55,308 weight_decay: 0.01
2019-10-16 17:33:16,352 Token Sample: [CLS]_0 手_0 枪_0 型_0 小_0 二_0 房_0 ，_0 变_0 身_0 干_0 净_0 清_0 爽_0 婚_0 房_0 [SEP]_0 在_1 上_1 海_1 有_1 很_1 多_1 类_1 似_1 的_1 奇_1 怪_1 户_1 型_1 ，_1 尤_1 其_1 是_1 以_1 前_1 的_1 砖_1 混_1 建_1 筑_1 ，_1 很_1 难_1 做_1 到_1 南_1 北_1 通_1 透_1 ，_1 翻_1 新_1 改_1 造_1 时_1 必_1 须_1 通_1 过_1 一_1 定_1 的_1 设_1 计_1 技_1 巧_1 去_1 化_1 解_1 ，_1 比_1 如_1 空_1 间_1 的_1 重_1 新_1 规_1 划_1 、_1 家_1 具_1 及_1 色_1 彩_1 搭_1 配_1 等_1 ，_1 才_1 能_1 弥_1 补_1 户_1 型_1 的_1 缺_1 陷_1 ，_1 来_1 看_1 看_1 这_1 套_1 设_1 计_1 案_1 例_1 是_1 如_1 何_1 做_1 到_1 吧_1 。_1 进_1 门_1 玄_1 关_1 一_1 个_1 简_1 约_1 的_1 成_1 品_1 鞋_1 柜_1 ，_1 小_1 花_1 砖_1 自_1 入_1 户_1 处_1 延_1 伸_1 至_1 厨_1 房_1 ，_1 小_1 户_1 型_1 通_1 常_1 并_1 不_1 需_1 要_1 区_1 域_1 界_1 线_1 泾_1 渭_1 分_1 明_1 。_1 厨_1 房_1 墙_1 面_1 铺_1 贴_1 白_1 色_1 小_1 方_1 砖_1 ，_1 原_1 木_1 色_1 的_1 橱_1 柜_1 搭_1 配_1 精_1 致_1 小_1 花_1 砖_1 ，_1 空_1 间_1 层_1 次_1 分_1 明_1 ，_1 墙_1 面_1 黑_1 色_1 铁_1 艺_1 挂_1 钩_1 ，_1 门_1 板_1 垃_1 圾_1 筐_1 ，_1 顺_1 便_1 说_1 一_1 句_1 ，_1 小_1 户_1 型_1 一_1 定_1 要_1 重_1 [SEP]_1 做_1 成_1 倒_1 角_1 的_1 话_1 ，_1 就_1 不_1 会_1 有_1 现_1 在_1 的_1 遗_1 憾_1 了_1 。_1 卫_1 生_1 间_1 白_1 色_1 墙_1 砖_1 工_1 字_1 铺_1 贴_1 ，_1 白_1 色_1 瓷_1 砖_1 与_1 木_1 色_1 地_1 板_1 砖_1 相_1 结_1 合_1 ，_1 让_1 空_1 间_1 不_1 会_1 那_1 么_1 冰_1 冷_1 ，_1 不_1 足_1 三_1 平_1 米_1 的_1 空_1 间_1 还_1 能_1 打_1 造_1 的_1 如_1 此_1 明_1 亮_1 清_1 新_1 。_1 每_1 个_1 人_1 对_1 家_1 的_1 幻_1 想_1 总_1 是_1 千_1 千_1 万_1 ，_1 但_1 实_1 践_1 下_1 来_1 才_1 发_1 现_1 要_1 有_1 舍_1 有_1 得_1 。_1 如_1 果_1 你_1 对_1 空_1 间_1 无_1 法_1 把_1 握_1 ，_1 各_1 种_1 想_1 法_1 没_1 办_1 法_1 落_1 地_1 ，_1 找_1 个_1 用_1 心_1 的_1 设_1 计_1 师_1 很_1 有_1 必_1 要_1 。_1 [SEP]_1
2019-10-16 17:33:29,334 Token Sample: [CLS]_0 《_0 妈_0 妈_0 不_0 哭_0 》_0 ：_0 很_0 感_0 人_0 的_0 一_0 部_0 电_0 影_0 ，_0 确_0 实_0 很_0 多_0 问_0 题_0 发_0 人_0 深_0 省_0 [SEP]_0 《_1 妈_1 妈_1 不_1 哭_1 》_1 ：_1 很_1 感_1 人_1 的_1 一_1 部_1 电_1 影_1 ，_1 确_1 实_1 很_1 多_1 问_1 题_1 发_1 人_1 深_1 省_1 。_1 这_1 是_1 一_1 部_1 让_1 人_1 看_1 到_1 结_1 局_1 很_1 揪_1 心_1 的_1 疼_1 ，_1 不_1 ，_1 应_1 该_1 说_1 是_1 心_1 里_1 堵_1 得_1 慌_1 -_1 堵_1 的_1 喘_1 不_1 过_1 气_1 来_1 ！_1 整_1 部_1 电_1 影_1 有_1 浓_1 烈_1 的_1 沉_1 重_1 感_1 ，_1 让_1 人_1 真_1 是_1 除_1 了_1 流_1 眼_1 泪_1 ，_1 没_1 办_1 法_1 表_1 达_1 其_1 它_1 的_1 发_1 泄_1 方_1 法_1 。_1 没_1 有_1 看_1 过_1 太_1 多_1 犯_1 罪_1 题_1 材_1 的_1 影_1 片_1 ，_1 所_1 以_1 这_1 部_1 真_1 是_1 有_1 先_1 入_1 为_1 主_1 的_1 优_1 势_1 。_1 不_1 管_1 别_1 人_1 评_1 价_1 如_1 何_1 ，_1 我_1 只_1 能_1 说_1 是_1 真_1 的_1 进_1 到_1 我_1 心_1 里_1 了_1 。_1 导_1 演_1 的_1 手_1 法_1 ，_1 并_1 不_1 是_1 很_1 高_1 明_1 ，_1 电_1 影_1 整_1 体_1 ，_1 更_1 像_1 是_1 在_1 叙_1 述_1 一_1 件_1 ，_1 令_1 人_1 扼_1 腕_1 叹_1 息_1 的_1 事_1 件_1 ，_1 而_1 非_1 揭_1 露_1 批_1 判_1 渲_1 染_1 什_1 么_1 ，_1 [SEP]_1 清_1 新_1 的_1 ，_1 包_1 括_1 妈_1 妈_1 和_1 爸_1 爸_1 离_1 婚_1 ，_1 也_1 显_1 得_1 很_1 轻_1 松_1 ，_1 出_1 了_1 民_1 政_1 局_1 也_1 只_1 是_1 用_1 [UNK]_1 王_1 八_1 蛋_1 [UNK]_1 一_1 笔_1 带_1 过_1 。_1 。_1 之_1 后_1 妈_1 妈_1 接_1 了_1 放_1 学_1 的_1 女_1 儿_1 ，_1 从_1 她_1 们_1 的_1 谈_1 话_1 中_1 也_1 可_1 以_1 看_1 出_1 她_1 们_1 的_1 关_1 系_1 很_1 健_1 康_1 ，_1 甚_1 至_1 相_1 比_1 之_1 下_1 显_1 得_1 更_1 亲_1 密_1 ，_1 像_1 朋_1 友_1 一_1 样_1 。_1 女_1 儿_1 说_1 交_1 了_1 个_1 新_1 朋_1 友_1 ，_1 我_1 就_1 下_1 意_1 识_1 的_1 一_1 警_1 觉_1 ，_1 结_1 果_1 这_1 个_1 铺_1 垫_1 到_1 最_1 后_1 也_1 只_1 是_1 不_1 痛_1 不_1 痒_1 的_1 一_1 笔_1 。_1 [SEP]_1
2019-10-16 17:33:42,754 Token Sample: [CLS]_0 广_0 州_0 :_0 学_0 生_0 遇_0 暴_0 雨_0 预_0 警_0 可_0 延_0 迟_0 上_0 学_0 不_0 算_0 迟_0 到_0 旷_0 课_0 -_0 奎_0 屯_0 新_0 闻_0 网_0 -_0 奎_0 屯_0 ._0 ._0 ._0 [SEP]_0 新_1 快_1 报_1 讯_1 记_1 者_1 沈_1 逸_1 云_1 报_1 道_1 上_1 学_1 日_1 遇_1 到_1 暴_1 雨_1 ，_1 学_1 生_1 要_1 不_1 要_1 上_1 课_1 ?_1 广_1 州_1 不_1 少_1 家_1 长_1 都_1 遇_1 到_1 过_1 这_1 一_1 烦_1 心_1 事_1 。_1 5_1 月_1 25_1 日_1 ，_1 广_1 州_1 市_1 教_1 育_1 局_1 官_1 网_1 再_1 次_1 挂_1 出_1 《_1 广_1 州_1 市_1 灾_1 害_1 性_1 天_1 气_1 延_1 迟_1 上_1 学_1 及_1 停_1 课_1 指_1 引_1 》_1 (_1 以_1 下_1 简_1 称_1 《_1 指_1 引_1 》_1 )_1 ，_1 明_1 确_1 当_1 暴_1 雨_1 黄_1 色_1 预_1 警_1 信_1 号_1 发_1 布_1 时_1 ，_1 学_1 生_1 可_1 以_1 延_1 迟_1 上_1 学_1 ;_1 暴_1 雨_1 橙_1 色_1 预_1 警_1 信_1 号_1 发_1 布_1 ，_1 应_1 当_1 延_1 迟_1 上_1 学_1 ;_1 暴_1 雨_1 红_1 色_1 预_1 警_1 信_1 号_1 发_1 布_1 ，_1 学_1 校_1 应_1 当_1 停_1 课_1 。_1 广_1 州_1 市_1 教_1 育_1 局_1 表_1 示_1 ，_1 该_1 指_1 引_1 适_1 用_1 于_1 广_1 州_1 市_1 市_1 、_1 区_1 教_1 育_1 行_1 政_1 部_1 门_1 ，_1 市_1 行_1 政_1 区_1 域_1 内_1 幼_1 儿_1 园_1 、_1 普_1 通_1 中_1 小_1 学_1 校_1 [SEP]_1 警_1 信_1 号_1 ，_1 冰_1 雹_1 橙_1 色_1 、_1 红_1 色_1 预_1 警_1 信_1 号_1 时_1 ，_1 学_1 生_1 应_1 当_1 延_1 迟_1 上_1 学_1 ，_1 学_1 校_1 应_1 当_1 及_1 时_1 通_1 知_1 学_1 生_1 家_1 长_1 指_1 导_1 学_1 生_1 延_1 迟_1 上_1 学_1 。_1 当_1 气_1 象_1 部_1 门_1 发_1 布_1 台_1 风_1 黄_1 色_1 、_1 橙_1 色_1 、_1 红_1 色_1 预_1 警_1 信_1 号_1 ，_1 暴_1 雨_1 红_1 色_1 预_1 警_1 信_1 号_1 ，_1 雷_1 雨_1 大_1 风_1 红_1 色_1 预_1 警_1 信_1 号_1 时_1 ，_1 不_1 必_1 等_1 待_1 教_1 育_1 行_1 政_1 部_1 门_1 通_1 知_1 ，_1 学_1 校_1 应_1 当_1 自_1 动_1 停_1 课_1 ，_1 学_1 生_1 家_1 长_1 应_1 当_1 指_1 导_1 学_1 生_1 自_1 动_1 停_1 止_1 上_1 学_1 。_1 [SEP]_1
2019-10-16 17:34:03,246 Token Sample: [CLS]_0 海_0 南_0 交_0 警_0 今_0 年_0 查_0 处_0 13_0 类_0 重_0 点_0 交_0 通_0 违_0 法_0 15_0 万_0 余_0 起_0 [SEP]_0 本_1 报_1 海_1 口_1 12_1 月_1 20_1 日_1 讯_1 (_1 记_1 者_1 良_1 子_1 特_1 约_1 记_1 者_1 周_1 平_1 虎_1 通_1 讯_1 员_1 陈_1 孝_1 文_1 )_1 据_1 统_1 计_1 ，_1 2018_1 年_1 1_1 月_1 至_1 11_1 月_1 ，_1 全_1 省_1 共_1 发_1 生_1 一_1 般_1 程_1 序_1 处_1 理_1 的_1 道_1 路_1 交_1 通_1 事_1 故_1 246_1 ##2_1 起_1 ，_1 死_1 亡_1 78_1 ##2_1 人_1 ，_1 受_1 伤_1 286_1 ##7_1 人_1 ，_1 事_1 故_1 起_1 数_1 、_1 死_1 亡_1 人_1 数_1 、_1 受_1 伤_1 人_1 数_1 分_1 别_1 同_1 比_1 下_1 降_1 。_1 全_1 省_1 各_1 级_1 公_1 安_1 交_1 警_1 部_1 门_1 共_1 查_1 处_1 道_1 路_1 交_1 通_1 违_1 法_1 行_1 为_1 276_1 万_1 余_1 起_1 ，_1 其_1 中_1 13_1 类_1 重_1 点_1 交_1 通_1 违_1 法_1 15_1 万_1 余_1 起_1 。_1 违_1 法_1 停_1 车_1 、_1 超_1 速_1 行_1 驶_1 、_1 未_1 按_1 规_1 定_1 使_1 用_1 安_1 全_1 带_1 、_1 违_1 反_1 禁_1 止_1 标_1 线_1 、_1 违_1 反_1 禁_1 令_1 标_1 志_1 、_1 不_1 按_1 导_1 向_1 车_1 道_1 行_1 驶_1 、_1 驾_1 乘_1 人_1 不_1 戴_1 安_1 全_1 头_1 盔_1 、_1 违_1 反_1 交_1 通_1 信_1 号_1 灯_1 通_1 行_1 、_1 未_1 按_1 规_1 定_1 定_1 期_1 检_1 验_1 、_1 安_1 全_1 设_1 施_1 不_1 全_1 未_1 按_1 规_1 定_1 系_1 安_1 全_1 带_1 、_1 驾_1 驶_1 安_1 全_1 设_1 施_1 不_1 全_1 的_1 机_1 动_1 车_1 、_1 驾_1 驶_1 室_1 内_1 悬_1 挂_1 和_1 放_1 置_1 妨_1 碍_1 驾_1 驶_1 人_1 视_1 线_1 的_1 物_1 品_1 、_1 违_1 反_1 禁_1 令_1 标_1 志_1 、_1 违_1 法_1 停_1 车_1 、_1 未_1 粘_1 贴_1 反_1 光_1 标_1 识_1 、_1 乱_1 鸣_1 喇_1 叭_1 、_1 违_1 反_1 禁_1 止_1 标_1 线_1 、_1 驾_1 驶_1 机_1 件_1 不_1 符_1 合_1 技_1 术_1 标_1 准_1 的_1 机_1 动_1 车_1 、_1 在_1 高_1 速_1 公_1 路_1 上_1 不_1 按_1 规_1 定_1 车_1 道_1 行_1 驶_1 [SEP]_1 [PAD]_1 [PAD]_1 [PAD]_1 [PAD]_1 [PAD]_1 [PAD]_1 [PAD]_1 [PAD]_1 [PAD]_1 [PAD]_1 [PAD]_1 [PAD]_1 [PAD]_1 [PAD]_1 [PAD]_1 [PAD]_1 [PAD]_1 [PAD]_1 [PAD]_1
2019-10-16 17:34:22,504 Token Sample: [CLS]_0 月_0 星_0 家_0 居_0 12_0 周_0 年_0 店_0 庆_0 玩_0 [UNK]_0 疯_0 [UNK]_0 了_0 [SEP]_0 7_1 月_1 骄_1 阳_1 似_1 火_1 ，_1 酷_1 日_1 难_1 当_1 。_1 但_1 电_1 商_1 、_1 卖_1 场_1 均_1 选_1 择_1 在_1 此_1 时_1 节_1 推_1 出_1 年_1 中_1 大_1 促_1 ，_1 将_1 high_1 购_1 的_1 氛_1 围_1 发_1 挥_1 到_1 极_1 致_1 ，_1 让_1 全_1 民_1 购_1 得_1 清_1 凉_1 、_1 买_1 得_1 舒_1 爽_1 。_1 作_1 为_1 居_1 家_1 文_1 化_1 理_1 念_1 的_1 引_1 领_1 者_1 、_1 传_1 播_1 者_1 ，_1 月_1 星_1 家_1 居_1 当_1 然_1 不_1 能_1 缺_1 席_1 这_1 一_1 狂_1 欢_1 party_1 。_1 7_1 月_1 17_1 日_1 ，_1 正_1 值_1 常_1 州_1 月_1 星_1 家_1 居_1 12_1 周_1 年_1 之_1 际_1 ，_1 商_1 场_1 集_1 合_1 众_1 多_1 一_1 线_1 品_1 牌_1 商_1 家_1 ，_1 隆_1 重_1 推_1 出_1 了_1 一_1 系_1 列_1 重_1 磅_1 优_1 惠_1 套_1 餐_1 ，_1 倾_1 情_1 打_1 造_1 属_1 于_1 月_1 星_1 的_1 盛_1 夏_1 饕_1 餮_1 盛_1 宴_1 。_1 此_1 次_1 盛_1 宴_1 从_1 7_1 月_1 17_1 日_1 持_1 续_1 到_1 7_1 月_1 19_1 日_1 ，_1 共_1 计_1 3_1 天_1 1_1 夜_1 ，_1 促_1 销_1 力_1 度_1 空_1 前_1 。_1 为_1 切_1 实_1 打_1 造_1 属_1 于_1 月_1 星_1 的_1 饕_1 餮_1 盛_1 宴_1 ，_1 不_1 仅_1 常_1 州_1 月_1 星_1 [SEP]_1 中_1 陆_1 续_1 公_1 布_1 。_1 7_1 月_1 16_1 日_1 18_1 :_1 58_1 常_1 州_1 月_1 星_1 红_1 包_1 准_1 点_1 开_1 抢_1 ，_1 不_1 容_1 错_1 过_1 ！_1 除_1 此_1 以_1 外_1 ，_1 7_1 月_1 17_1 日_1 晚_1 17_1 :_1 00_1 常_1 州_1 月_1 星_1 还_1 有_1 一_1 场_1 30_1 大_1 联_1 盟_1 夜_1 市_1 活_1 动_1 ，_1 《_1 业_1 主_1 置_1 家_1 存_1 折_1 》_1 已_1 经_1 全_1 城_1 开_1 始_1 订_1 购_1 ，_1 更_1 多_1 精_1 彩_1 活_1 动_1 等_1 着_1 你_1 ！_1 十_1 二_1 年_1 一_1 轮_1 回_1 ，_1 如_1 此_1 让_1 利_1 力_1 度_1 ，_1 更_1 待_1 何_1 时_1 ！_1 7_1 月_1 17_1 日_1 -_1 19_1 日_1 ，_1 让_1 我_1 们_1 相_1 约_1 常_1 州_1 月_1 星_1 家_1 居_1 ，_1 一_1 起_1 去_1 参_1 加_1 [UNK]_1 疯_1 [UNK]_1 狂_1 大_1 party_1 ！_1 [SEP]_1
2019-10-16 17:34:28,907 seed everything and create model
2019-10-16 17:36:03,360 step 125 train loss: 0.7281
2019-10-16 17:36:03,360 step 125 score: 0.6995
2019-10-16 17:37:32,905 step 250 train loss: 0.4887
2019-10-16 17:37:32,905 step 250 score: 0.7446
2019-10-16 17:39:02,443 step 375 train loss: 0.4104
2019-10-16 17:39:02,443 step 375 score: 0.7476
2019-10-16 17:40:31,986 step 500 train loss: 0.3664
2019-10-16 17:40:31,987 step 500 score: 0.7829
2019-10-16 17:42:01,535 step 625 train loss: 0.3148
2019-10-16 17:42:01,535 step 625 score: 0.7843
2019-10-16 17:43:31,058 step 750 train loss: 0.3299
2019-10-16 17:43:31,058 step 750 score: 0.7941
2019-10-16 17:45:00,588 step 875 train loss: 0.2543
2019-10-16 17:45:00,588 step 875 score: 0.7925
2019-10-16 17:46:30,115 step 1000 train loss: 0.2661
2019-10-16 17:46:30,115 step 1000 score: 0.7899
2019-10-16 17:47:59,648 step 1125 train loss: 0.2602
2019-10-16 17:47:59,649 step 1125 score: 0.7947
2019-10-16 17:49:29,172 step 1250 train loss: 0.2299
2019-10-16 17:49:29,172 step 1250 score: 0.7896
2019-10-16 17:49:29,172 best score is 0.7947
