2019-10-19 00:57:05,862 log_in_file: True
2019-10-19 00:57:05,862 bert_path: /home/wangzl/PretrainedLM/BERT/New/roberta_zh_l12
2019-10-19 00:57:05,862 data_path: ../data/
2019-10-19 00:57:05,862 usegpu: True
2019-10-19 00:57:05,862 use_origin: False
2019-10-19 00:57:05,862 n_fold: 5
2019-10-19 00:57:05,862 total_step: 3000
2019-10-19 00:57:05,862 eval_every: 300
2019-10-19 00:57:05,862 early_stop: 4
2019-10-19 00:57:05,862 max_length: 510
2019-10-19 00:57:05,863 max_title_rate: 0.1
2019-10-19 00:57:05,863 content_head_rate: 0.6
2019-10-19 00:57:05,863 batch_size: 8
2019-10-19 00:57:05,863 lr_scheduler_type: linear
2019-10-19 00:57:05,863 input_pattern: head+tail+fixed
2019-10-19 00:57:05,863 clean_method: space+notzh
2019-10-19 00:57:05,863 warmup_rate: 0.1
2019-10-19 00:57:05,863 classifier_dropout: 0.3
2019-10-19 00:57:05,863 classifier_weight_decay: 0.0
2019-10-19 00:57:05,863 cache_final_model: False
2019-10-19 00:57:05,863 seed: 108
2019-10-19 00:57:05,863 lr: 2e-05
2019-10-19 00:57:05,863 lr_decay_in_layers: 0.95
2019-10-19 00:57:05,863 weight_decay: 0.01
2019-10-19 00:57:34,527 Token Sample: [CLS]_0 榆_0 次_0 城_0 镇_0 化_0 驶_0 入_0 快_0 车_0 道_0 !_0 东_0 阳_0 、_0 北_0 田_0 、_0 长_0 凝_0 、_0 什_0 贴_0 ._0 ._0 ._0 又_0 有_0 大_0 发_0 展_0 !_0 快_0 看_0 看_0 有_0 你_0 家_0 吗_0 ?_0 [PAD]_0 [PAD]_0 [PAD]_0 [PAD]_0 [PAD]_0 [PAD]_0 [PAD]_0 [PAD]_0 [PAD]_0 [PAD]_0 [PAD]_0 [PAD]_0 [SEP]_0 第_1 1_1 条_1 ?_1 人_1 口_1 规_1 模_1 预_1 测_1 预_1 测_1 规_1 划_1 区_1 2030_1 年_1 总_1 人_1 口_1 规_1 模_1 约_1 为_1 145_1 万_1 人_1 ，_1 城_1 镇_1 人_1 口_1 138_1 万_1 人_1 ，_1 城_1 镇_1 化_1 水_1 平_1 95_1 %_1 。_1 第_1 2_1 条_1 ?_1 城_1 镇_1 人_1 口_1 分_1 布_1 规_1 划_1 期_1 末_1 ，_1 规_1 划_1 区_1 城_1 镇_1 人_1 口_1 总_1 计_1 138_1 万_1 人_1 ，_1 各_1 组_1 团_1 的_1 人_1 口_1 规_1 模_1 分_1 布_1 如_1 下_1 ：_1 晋_1 中_1 中_1 心_1 城_1 区_1 ：_1 132_1 万_1 人_1 ，_1 包_1 括_1 主_1 城_1 区_1 、_1 潇_1 河_1 起_1 步_1 区_1 。_1 东_1 阳_1 组_1 团_1 ：_1 2_1 -_1 5_1 万_1 人_1 。_1 北_1 田_1 组_1 团_1 ：_1 1_1 -_1 2_1 万_1 人_1 。_1 长_1 凝_1 组_1 团_1 、_1 什_1 贴_1 组_1 团_1 ：_1 各_1 0_1 ._1 5_1 -_1 1_1 万_1 人_1 。_1 第_1 3_1 条_1 ?_1 城_1 镇_1 建_1 设_1 规_1 模_1 控_1 制_1 规_1 划_1 区_1 在_1 2020_1 年_1 末_1 城_1 镇_1 建_1 设_1 用_1 地_1 应_1 控_1 制_1 在_1 103_1 平_1 方_1 公_1 里_1 。_1 其_1 中_1 中_1 心_1 城_1 区_1 （_1 包_1 括_1 主_1 城_1 区_1 和_1 潇_1 河_1 起_1 步_1 区_1 ）_1 100_1 平_1 方_1 公_1 里_1 ，_1 东_1 阳_1 组_1 团_1 0_1 ._1 95_1 平_1 方_1 公_1 里_1 ，_1 长_1 凝_1 组_1 团_1 0_1 ._1 45_1 平_1 方_1 公_1 里_1 ，_1 什_1 贴_1 组_1 团_1 为_1 0_1 ._1 75_1 平_1 方_1 公_1 里_1 ，_1 北_1 田_1 组_1 团_1 为_1 0_1 ._1 9_1 平_1 方_1 公_1 里_1 。_1 2030_1 年_1 末_1 规_1 划_1 区_1 城_1 镇_1 建_1 设_1 用_1 地_1 应_1 控_1 制_1 在_1 [SEP]_1 为_1 城_1 市_1 建_1 设_1 用_1 地_1 。_1 第_1 19_1 条_1 ?_1 适_1 建_1 区_1 适_1 建_1 区_1 为_1 城_1 镇_1 开_1 发_1 边_1 界_1 以_1 内_1 的_1 区_1 域_1 ，_1 是_1 规_1 划_1 期_1 内_1 城_1 镇_1 集_1 中_1 开_1 发_1 建_1 设_1 的_1 区_1 域_1 。_1 规_1 划_1 实_1 施_1 过_1 程_1 中_1 ，_1 在_1 确_1 保_1 规_1 划_1 期_1 内_1 建_1 设_1 用_1 地_1 总_1 规_1 模_1 不_1 变_1 的_1 前_1 提_1 下_1 ，_1 其_1 空_1 间_1 布_1 局_1 形_1 态_1 可_1 依_1 程_1 序_1 进_1 行_1 调_1 整_1 ，_1 但_1 不_1 得_1 突_1 破_1 适_1 建_1 区_1 范_1 围_1 。_1 适_1 建_1 区_1 以_1 外_1 原_1 则_1 上_1 不_1 可_1 进_1 行_1 城_1 镇_1 和_1 产_1 业_1 的_1 开_1 发_1 建_1 设_1 。_1 ▌_1 文_1 章_1 来_1 源_1 ：_1 晋_1 中_1 市_1 规_1 划_1 和_1 城_1 市_1 管_1 理_1 局_1 网_1 站_1 ?_1 如_1 侵_1 请_1 联_1 系_1 删_1 除_1 ▌_1 商_1 务_1 合_1 作_1 ：_1 微_1 信_1 67_1 ##57_1 ##76_1 ##21_1 ##6_1 点_1 击_1 阅_1 读_1 原_1 文_1 ，_1 特_1 价_1 票_1 点_1 这_1 里_1 [SEP]_1
2019-10-19 00:58:08,598 Token Sample: [CLS]_0 各_0 位_0 老_0 铁_0 保_0 定_0 哪_0 个_0 医_0 院_0 看_0 手_0 腕_0 疼_0 厉_0 害_0 啊_0 ？_0 [PAD]_0 [PAD]_0 [PAD]_0 [PAD]_0 [PAD]_0 [PAD]_0 [PAD]_0 [PAD]_0 [PAD]_0 [PAD]_0 [PAD]_0 [PAD]_0 [PAD]_0 [PAD]_0 [PAD]_0 [PAD]_0 [PAD]_0 [PAD]_0 [PAD]_0 [PAD]_0 [PAD]_0 [PAD]_0 [PAD]_0 [PAD]_0 [PAD]_0 [PAD]_0 [PAD]_0 [PAD]_0 [PAD]_0 [PAD]_0 [PAD]_0 [PAD]_0 [PAD]_0 [SEP]_0 骨_1 科_1 或_1 者_1 康_1 复_1 科_1 [PAD]_1 [PAD]_1 [PAD]_1 [PAD]_1 [PAD]_1 [PAD]_1 [PAD]_1 [PAD]_1 [PAD]_1 [PAD]_1 [PAD]_1 [PAD]_1 [PAD]_1 [PAD]_1 [PAD]_1 [PAD]_1 [PAD]_1 [PAD]_1 [PAD]_1 [PAD]_1 [PAD]_1 [PAD]_1 [PAD]_1 [PAD]_1 [PAD]_1 [PAD]_1 [PAD]_1 [PAD]_1 [PAD]_1 [PAD]_1 [PAD]_1 [PAD]_1 [PAD]_1 [PAD]_1 [PAD]_1 [PAD]_1 [PAD]_1 [PAD]_1 [PAD]_1 [PAD]_1 [PAD]_1 [PAD]_1 [PAD]_1 [PAD]_1 [PAD]_1 [PAD]_1 [PAD]_1 [PAD]_1 [PAD]_1 [PAD]_1 [PAD]_1 [PAD]_1 [PAD]_1 [PAD]_1 [PAD]_1 [PAD]_1 [PAD]_1 [PAD]_1 [PAD]_1 [PAD]_1 [PAD]_1 [PAD]_1 [PAD]_1 [PAD]_1 [PAD]_1 [PAD]_1 [PAD]_1 [PAD]_1 [PAD]_1 [PAD]_1 [PAD]_1 [PAD]_1 [PAD]_1 [PAD]_1 [PAD]_1 [PAD]_1 [PAD]_1 [PAD]_1 [PAD]_1 [PAD]_1 [PAD]_1 [PAD]_1 [PAD]_1 [PAD]_1 [PAD]_1 [PAD]_1 [PAD]_1 [PAD]_1 [PAD]_1 [PAD]_1 [PAD]_1 [PAD]_1 [PAD]_1 [PAD]_1 [PAD]_1 [PAD]_1 [PAD]_1 [PAD]_1 [PAD]_1 [PAD]_1 [PAD]_1 [PAD]_1 [PAD]_1 [PAD]_1 [PAD]_1 [PAD]_1 [PAD]_1 [PAD]_1 [PAD]_1 [PAD]_1 [PAD]_1 [PAD]_1 [PAD]_1 [PAD]_1 [PAD]_1 [PAD]_1 [PAD]_1 [PAD]_1 [PAD]_1 [PAD]_1 [PAD]_1 [PAD]_1 [PAD]_1 [PAD]_1 [PAD]_1 [PAD]_1 [PAD]_1 [PAD]_1 [PAD]_1 [PAD]_1 [PAD]_1 [PAD]_1 [PAD]_1 [PAD]_1 [PAD]_1 [PAD]_1 [PAD]_1 [PAD]_1 [PAD]_1 [PAD]_1 [PAD]_1 [PAD]_1 [PAD]_1 [PAD]_1 [PAD]_1 [PAD]_1 [PAD]_1 [PAD]_1 [PAD]_1 [PAD]_1 [PAD]_1 [PAD]_1 [PAD]_1 [PAD]_1 [PAD]_1 [PAD]_1 [PAD]_1 [PAD]_1 [PAD]_1 [PAD]_1 [PAD]_1 [PAD]_1 [PAD]_1 [PAD]_1 [PAD]_1 [PAD]_1 [PAD]_1 [PAD]_1 [PAD]_1 [PAD]_1 [PAD]_1 [PAD]_1 [PAD]_1 [PAD]_1 [PAD]_1 [PAD]_1 [PAD]_1 [PAD]_1 [PAD]_1 [PAD]_1 [PAD]_1 [PAD]_1 [PAD]_1 [PAD]_1 [PAD]_1 [PAD]_1 [PAD]_1 [PAD]_1 [PAD]_1 [PAD]_1 [PAD]_1 [PAD]_1 [PAD]_1 [PAD]_1 [PAD]_1 [PAD]_1 [PAD]_1 [PAD]_1 [PAD]_1 [PAD]_1 [PAD]_1 [PAD]_1 [PAD]_1 [PAD]_1 [PAD]_1 [PAD]_1 [PAD]_1 [PAD]_1 [PAD]_1 [PAD]_1 [PAD]_1 [PAD]_1 [PAD]_1 [PAD]_1 [PAD]_1 [PAD]_1 [PAD]_1 [PAD]_1 [PAD]_1 [PAD]_1 [PAD]_1 [PAD]_1 [PAD]_1 [PAD]_1 [PAD]_1 [PAD]_1 [PAD]_1 [PAD]_1 [PAD]_1 [PAD]_1 [PAD]_1 [PAD]_1 [PAD]_1 [PAD]_1 [PAD]_1 [PAD]_1 [PAD]_1 [PAD]_1 [PAD]_1 [PAD]_1 [PAD]_1 [PAD]_1 [PAD]_1 [PAD]_1 [PAD]_1 [PAD]_1 [PAD]_1 [PAD]_1 [PAD]_1 [PAD]_1 [PAD]_1 [PAD]_1 [PAD]_1 [PAD]_1 [PAD]_1 [PAD]_1 [PAD]_1 [PAD]_1 [PAD]_1 [PAD]_1 [PAD]_1 [PAD]_1 [PAD]_1 [PAD]_1 [PAD]_1 [PAD]_1 [PAD]_1 [PAD]_1 [SEP]_1 [PAD]_1 [PAD]_1 [PAD]_1 [PAD]_1 [PAD]_1 [PAD]_1 [PAD]_1 [PAD]_1 [PAD]_1 [PAD]_1 [PAD]_1 [PAD]_1 [PAD]_1 [PAD]_1 [PAD]_1 [PAD]_1 [PAD]_1 [PAD]_1 [PAD]_1 [PAD]_1 [PAD]_1 [PAD]_1 [PAD]_1 [PAD]_1 [PAD]_1 [PAD]_1 [PAD]_1 [PAD]_1 [PAD]_1 [PAD]_1 [PAD]_1 [PAD]_1 [PAD]_1 [PAD]_1 [PAD]_1 [PAD]_1 [PAD]_1 [PAD]_1 [PAD]_1 [PAD]_1 [PAD]_1 [PAD]_1 [PAD]_1 [PAD]_1 [PAD]_1 [PAD]_1 [PAD]_1 [PAD]_1 [PAD]_1 [PAD]_1 [PAD]_1 [PAD]_1 [PAD]_1 [PAD]_1 [PAD]_1 [PAD]_1 [PAD]_1 [PAD]_1 [PAD]_1 [PAD]_1 [PAD]_1 [PAD]_1 [PAD]_1 [PAD]_1 [PAD]_1 [PAD]_1 [PAD]_1 [PAD]_1 [PAD]_1 [PAD]_1 [PAD]_1 [PAD]_1 [PAD]_1 [PAD]_1 [PAD]_1 [PAD]_1 [PAD]_1 [PAD]_1 [PAD]_1 [PAD]_1 [PAD]_1 [PAD]_1 [PAD]_1 [PAD]_1 [PAD]_1 [PAD]_1 [PAD]_1 [PAD]_1 [PAD]_1 [PAD]_1 [PAD]_1 [PAD]_1 [PAD]_1 [PAD]_1 [PAD]_1 [PAD]_1 [PAD]_1 [PAD]_1 [PAD]_1 [PAD]_1 [PAD]_1 [PAD]_1 [PAD]_1 [PAD]_1 [PAD]_1 [PAD]_1 [PAD]_1 [PAD]_1 [PAD]_1 [PAD]_1 [PAD]_1 [PAD]_1 [PAD]_1 [PAD]_1 [PAD]_1 [PAD]_1 [PAD]_1 [PAD]_1 [PAD]_1 [PAD]_1 [PAD]_1 [PAD]_1 [PAD]_1 [PAD]_1 [PAD]_1 [PAD]_1 [PAD]_1 [PAD]_1 [PAD]_1 [PAD]_1 [PAD]_1 [PAD]_1 [PAD]_1 [PAD]_1 [PAD]_1 [PAD]_1 [PAD]_1 [PAD]_1 [PAD]_1 [PAD]_1 [PAD]_1 [PAD]_1 [PAD]_1 [PAD]_1 [PAD]_1 [PAD]_1 [PAD]_1 [PAD]_1 [PAD]_1 [PAD]_1 [PAD]_1 [PAD]_1 [PAD]_1 [PAD]_1 [PAD]_1 [PAD]_1 [PAD]_1 [PAD]_1 [PAD]_1 [PAD]_1 [PAD]_1 [PAD]_1 [PAD]_1 [PAD]_1 [PAD]_1 [PAD]_1 [PAD]_1 [PAD]_1 [PAD]_1 [PAD]_1 [PAD]_1 [PAD]_1 [PAD]_1 骨_1 科_1 或_1 者_1 康_1 复_1 科_1 [SEP]_1
2019-10-19 00:58:23,239 Token Sample: [CLS]_0 攒_0 劲_0 !_0 灵_0 台_0 警_0 方_0 连_0 续_0 破_0 获_0 跨_0 省_0 盗_0 窃_0 案_0 、_0 微_0 信_0 诈_0 骗_0 案_0 件_0 [PAD]_0 [PAD]_0 [PAD]_0 [PAD]_0 [PAD]_0 [PAD]_0 [PAD]_0 [PAD]_0 [PAD]_0 [PAD]_0 [PAD]_0 [PAD]_0 [PAD]_0 [PAD]_0 [PAD]_0 [PAD]_0 [PAD]_0 [PAD]_0 [PAD]_0 [PAD]_0 [PAD]_0 [PAD]_0 [PAD]_0 [PAD]_0 [PAD]_0 [PAD]_0 [PAD]_0 [PAD]_0 [SEP]_0 2018_1 年_1 4_1 月_1 16_1 日_1 ，_1 我_1 县_1 居_1 民_1 练_1 某_1 某_1 报_1 案_1 称_1 ：_1 其_1 被_1 人_1 以_1 驾_1 照_1 包_1 过_1 为_1 由_1 ，_1 利_1 用_1 微_1 信_1 诈_1 骗_1 人_1 民_1 币_1 2000_1 元_1 。_1 接_1 报_1 后_1 ，_1 民_1 警_1 立_1 即_1 通_1 过_1 公_1 安_1 部_1 电_1 信_1 诈_1 骗_1 案_1 平_1 台_1 循_1 线_1 追_1 查_1 涉_1 案_1 资_1 金_1 。_1 经_1 侦_1 查_1 发_1 现_1 该_1 涉_1 案_1 微_1 信_1 账_1 号_1 资_1 金_1 交_1 易_1 异_1 常_1 ，_1 有_1 多_1 名_1 群_1 众_1 疑_1 似_1 被_1 骗_1 ，_1 遂_1 对_1 相_1 同_1 案_1 件_1 并_1 案_1 侦_1 查_1 ，_1 确_1 定_1 崇_1 信_1 籍_1 前_1 科_1 人_1 员_1 王_1 某_1 某_1 有_1 重_1 大_1 作_1 案_1 嫌_1 疑_1 ，_1 并_1 于_1 5_1 月_1 3_1 日_1 在_1 苏_1 州_1 市_1 吴_1 江_1 经_1 济_1 技_1 术_1 开_1 发_1 区_1 某_1 宾_1 馆_1 内_1 将_1 该_1 王_1 抓_1 获_1 ，_1 现_1 场_1 查_1 获_1 其_1 作_1 案_1 手_1 机_1 两_1 部_1 。_1 王_1 某_1 某_1 到_1 案_1 后_1 ，_1 对_1 自_1 己_1 利_1 用_1 [UNK]_1 灵_1 台_1 万_1 事_1 通_1 [UNK]_1 、_1 [UNK]_1 灵_1 台_1 圈_1 子_1 [UNK]_1 公_1 众_1 平_1 台_1 发_1 布_1 驾_1 照_1 包_1 过_1 的_1 虚_1 假_1 信_1 息_1 ，_1 并_1 谎_1 称_1 其_1 在_1 平_1 凉_1 市_1 车_1 管_1 所_1 上_1 班_1 ，_1 可_1 以_1 包_1 过_1 驾_1 考_1 ，_1 通_1 过_1 微_1 信_1 转_1 账_1 、_1 发_1 送_1 收_1 款_1 二_1 维_1 码_1 的_1 方_1 式_1 诈_1 骗_1 数_1 人_1 的_1 犯_1 罪_1 事_1 实_1 供_1 认_1 不_1 讳_1 。_1 目_1 前_1 ，_1 案_1 件_1 正_1 在_1 进_1 一_1 步_1 [SEP]_1 通_1 报_1 ，_1 宝_1 鸡_1 市_1 公_1 安_1 局_1 合_1 成_1 作_1 战_1 室_1 反_1 馈_1 眉_1 县_1 一_1 单_1 位_1 保_1 险_1 柜_1 以_1 同_1 样_1 的_1 方_1 式_1 被_1 撬_1 盗_1 ，_1 被_1 盗_1 现_1 金_1 5_1 万_1 余_1 元_1 。_1 经_1 与_1 宝_1 鸡_1 警_1 方_1 合_1 作_1 ，_1 当_1 日_1 下_1 午_1 5_1 时_1 许_1 ，_1 犯_1 罪_1 嫌_1 疑_1 人_1 杨_1 某_1 某_1 驾_1 车_1 欲_1 回_1 宁_1 夏_1 吴_1 忠_1 老_1 家_1 时_1 在_1 半_1 路_1 被_1 宝_1 鸡_1 设_1 伏_1 民_1 警_1 抓_1 获_1 ，_1 在_1 车_1 内_1 后_1 箱_1 备_1 胎_1 中_1 搜_1 出_1 7_1 万_1 余_1 元_1 ，_1 案_1 件_1 成_1 功_1 告_1 破_1 。_1 目_1 前_1 ，_1 犯_1 罪_1 嫌_1 疑_1 人_1 杨_1 某_1 哲_1 已_1 被_1 宝_1 鸡_1 眉_1 县_1 警_1 方_1 刑_1 事_1 拘_1 留_1 ，_1 案_1 件_1 已_1 移_1 交_1 ，_1 等_1 待_1 他_1 的_1 将_1 是_1 法_1 律_1 的_1 严_1 惩_1 。_1 点_1 ↓↓_1 ?_1 阅_1 读_1 原_1 文_1 ?_1 投_1 家_1 乡_1 一_1 票_1 吧_1 ！_1 真_1 的_1 剩_1 最_1 后_1 2_1 天_1 了_1 ~_1 [SEP]_1
2019-10-19 00:58:36,934 Token Sample: [CLS]_0 俄_0 媒_0 称_0 前_0 间_0 谍_0 手_0 机_0 gps_0 信_0 号_0 曾_0 中_0 断_0 中_0 毒_0 前_0 或_0 有_0 会_0 面_0 [PAD]_0 [PAD]_0 [PAD]_0 [PAD]_0 [PAD]_0 [PAD]_0 [PAD]_0 [PAD]_0 [PAD]_0 [PAD]_0 [PAD]_0 [PAD]_0 [PAD]_0 [PAD]_0 [PAD]_0 [PAD]_0 [PAD]_0 [PAD]_0 [PAD]_0 [PAD]_0 [PAD]_0 [PAD]_0 [PAD]_0 [PAD]_0 [PAD]_0 [PAD]_0 [PAD]_0 [PAD]_0 [PAD]_0 [PAD]_0 [SEP]_0 (_1 原_1 标_1 题_1 :_1 俄_1 媒_1 称_1 前_1 间_1 谍_1 手_1 机_1 gps_1 信_1 号_1 曾_1 中_1 断_1 中_1 毒_1 前_1 或_1 与_1 某_1 人_1 秘_1 密_1 会_1 面_1 )_1 参_1 考_1 消_1 息_1 网_1 3_1 月_1 27_1 日_1 报_1 道_1 俄_1 媒_1 称_1 ，_1 导_1 致_1 斯_1 克_1 里_1 帕_1 尔_1 父_1 女_1 中_1 毒_1 的_1 是_1 a2_1 ##34_1 毒_1 剂_1 ，_1 属_1 于_1 前_1 苏_1 联_1 研_1 制_1 的_1 [UNK]_1 诺_1 维_1 乔_1 克_1 [UNK]_1 类_1 神_1 经_1 毒_1 剂_1 ，_1 但_1 俄_1 罗_1 斯_1 坚_1 决_1 否_1 认_1 自_1 己_1 牵_1 扯_1 斯_1 克_1 里_1 帕_1 尔_1 中_1 毒_1 案_1 。_1 另_1 外_1 ，_1 俄_1 罗_1 斯_1 国_1 防_1 部_1 称_1 有_1 证_1 据_1 证_1 明_1 美_1 国_1 可_1 生_1 产_1 [UNK]_1 诺_1 维_1 乔_1 克_1 [UNK]_1 毒_1 剂_1 。_1 据_1 俄_1 罗_1 斯_1 卫_1 星_1 通_1 讯_1 社_1 网_1 站_1 3_1 月_1 26_1 日_1 报_1 道_1 ，_1 俄_1 罗_1 斯_1 军_1 总_1 参_1 谋_1 部_1 情_1 报_1 总_1 局_1 前_1 特_1 工_1 斯_1 克_1 里_1 帕_1 尔_1 和_1 女_1 儿_1 尤_1 利_1 娅_1 在_1 中_1 毒_1 当_1 天_1 可_1 能_1 在_1 索_1 尔_1 兹_1 伯_1 里_1 与_1 某_1 人_1 秘_1 密_1 会_1 面_1 。_1 俄_1 罗_1 斯_1 卫_1 星_1 通_1 讯_1 社_1 援_1 引_1 英_1 国_1 媒_1 体_1 的_1 报_1 道_1 称_1 ，_1 中_1 毒_1 事_1 件_1 事_1 发_1 当_1 天_1 ，_1 斯_1 克_1 里_1 帕_1 尔_1 和_1 女_1 儿_1 手_1 机_1 的_1 gps_1 有_1 4_1 个_1 小_1 时_1 没_1 有_1 发_1 送_1 定_1 位_1 信_1 号_1 ，_1 参_1 与_1 调_1 查_1 的_1 专_1 家_1 不_1 排_1 除_1 这_1 段_1 时_1 间_1 两_1 人_1 的_1 手_1 机_1 处_1 于_1 关_1 [SEP]_1 致_1 命_1 有_1 机_1 磷_1 物_1 质_1 的_1 资_1 料_1 。_1 雷_1 巴_1 利_1 琴_1 科_1 在_1 俄_1 罗_1 斯_1 第_1 一_1 频_1 道_1 [UNK]_1 周_1 日_1 晚_1 与_1 弗_1 拉_1 基_1 米_1 尔_1 ·_1 索_1 洛_1 维_1 约_1 夫_1 有_1 约_1 [UNK]_1 节_1 目_1 中_1 说_1 :_1 [UNK]_1 从_1 这_1 种_1 物_1 质_1 的_1 名_1 称_1 判_1 断_1 ，_1 这_1 就_1 是_1 [UNK]_1 诺_1 维_1 乔_1 克_1 '_1 -_1 -_1 a2_1 ##34_1 毒_1 剂_1 。_1 [UNK]_1 他_1 指_1 出_1 ，_1 这_1 种_1 化_1 合_1 物_1 进_1 入_1 了_1 美_1 军_1 化_1 学_1 研_1 究_1 和_1 开_1 发_1 中_1 心_1 的_1 资_1 料_1 库_1 。_1 雷_1 巴_1 利_1 琴_1 科_1 说_1 :_1 [UNK]_1 这_1 件_1 事_1 中_1 最_1 有_1 趣_1 的_1 细_1 节_1 是_1 :_1 资_1 料_1 库_1 原_1 本_1 只_1 应_1 当_1 扩_1 张_1 补_1 充_1 ，_1 在_1 往_1 后_1 添_1 加_1 越_1 来_1 越_1 多_1 物_1 质_1 ，_1 但_1 我_1 们_1 现_1 在_1 找_1 不_1 到_1 这_1 条_1 记_1 录_1 。_1 [UNK]_1 他_1 强_1 调_1 ，_1 他_1 无_1 法_1 解_1 释_1 记_1 录_1 去_1 了_1 哪_1 里_1 。_1 [SEP]_1
2019-10-19 00:58:41,017 seed everything and create model
2019-10-19 01:01:29,032 step 300 train loss: 0.6012
2019-10-19 01:01:29,032 step 300 score: 0.8013
2019-10-19 01:04:12,938 step 600 train loss: 0.4100
2019-10-19 01:04:12,938 step 600 score: 0.8021
2019-10-19 01:06:56,838 step 900 train loss: 0.3397
2019-10-19 01:06:56,838 step 900 score: 0.7791
2019-10-19 01:09:40,762 step 1200 train loss: 0.2824
2019-10-19 01:09:40,762 step 1200 score: 0.8252
2019-10-19 01:12:24,742 step 1500 train loss: 0.3044
2019-10-19 01:12:24,742 step 1500 score: 0.8176
2019-10-19 01:15:08,660 step 1800 train loss: 0.2259
2019-10-19 01:15:08,661 step 1800 score: 0.8259
2019-10-19 01:17:52,672 step 2100 train loss: 0.2292
2019-10-19 01:17:52,673 step 2100 score: 0.8013
2019-10-19 01:20:33,695 step 2400 train loss: 0.1948
2019-10-19 01:20:33,695 step 2400 score: 0.8148
2019-10-19 01:23:17,573 step 2700 train loss: 0.1762
2019-10-19 01:23:17,573 step 2700 score: 0.8150
2019-10-19 01:26:01,464 step 3000 train loss: 0.1518
2019-10-19 01:26:01,464 step 3000 score: 0.8145
2019-10-19 01:26:01,465 best score is 0.8259
2019-10-19 01:30:48,518 step 300 train loss: 0.6556
2019-10-19 01:30:48,518 step 300 score: 0.7299
2019-10-19 01:33:32,432 step 600 train loss: 0.4431
2019-10-19 01:33:32,432 step 600 score: 0.7775
2019-10-19 01:36:16,329 step 900 train loss: 0.3428
2019-10-19 01:36:16,329 step 900 score: 0.7901
2019-10-19 01:39:00,233 step 1200 train loss: 0.3083
2019-10-19 01:39:00,233 step 1200 score: 0.7817
2019-10-19 01:41:44,123 step 1500 train loss: 0.3121
2019-10-19 01:41:44,123 step 1500 score: 0.7822
2019-10-19 01:44:28,024 step 1800 train loss: 0.2306
2019-10-19 01:44:28,024 step 1800 score: 0.7997
2019-10-19 01:47:11,941 step 2100 train loss: 0.2058
2019-10-19 01:47:11,941 step 2100 score: 0.7915
2019-10-19 01:49:55,845 step 2400 train loss: 0.1783
2019-10-19 01:49:55,845 step 2400 score: 0.7996
2019-10-19 01:52:39,759 step 2700 train loss: 0.1587
2019-10-19 01:52:39,759 step 2700 score: 0.8012
2019-10-19 01:55:23,672 step 3000 train loss: 0.1586
2019-10-19 01:55:23,672 step 3000 score: 0.8038
2019-10-19 01:55:23,679 best score is 0.8038
2019-10-19 02:00:10,740 step 300 train loss: 0.5913
2019-10-19 02:00:10,740 step 300 score: 0.7656
2019-10-19 02:02:54,645 step 600 train loss: 0.3990
2019-10-19 02:02:54,645 step 600 score: 0.7751
2019-10-19 02:05:38,545 step 900 train loss: 0.3305
2019-10-19 02:05:38,545 step 900 score: 0.7956
2019-10-19 02:08:22,433 step 1200 train loss: 0.3210
2019-10-19 02:08:22,433 step 1200 score: 0.7694
2019-10-19 02:11:06,317 step 1500 train loss: 0.2817
2019-10-19 02:11:06,317 step 1500 score: 0.7961
2019-10-19 02:13:50,247 step 1800 train loss: 0.2108
2019-10-19 02:13:50,247 step 1800 score: 0.7917
2019-10-19 02:16:34,140 step 2100 train loss: 0.2029
2019-10-19 02:16:34,141 step 2100 score: 0.8071
2019-10-19 02:19:18,070 step 2400 train loss: 0.1603
2019-10-19 02:19:18,070 step 2400 score: 0.7939
2019-10-19 02:22:01,963 step 2700 train loss: 0.1368
2019-10-19 02:22:01,964 step 2700 score: 0.7930
2019-10-19 02:24:45,896 step 3000 train loss: 0.1418
2019-10-19 02:24:45,896 step 3000 score: 0.7915
2019-10-19 02:24:45,897 best score is 0.8071
2019-10-19 02:29:32,963 step 300 train loss: 0.5701
2019-10-19 02:29:32,963 step 300 score: 0.7303
2019-10-19 02:32:16,846 step 600 train loss: 0.4175
2019-10-19 02:32:16,847 step 600 score: 0.7653
2019-10-19 02:35:00,785 step 900 train loss: 0.3544
2019-10-19 02:35:00,785 step 900 score: 0.7899
2019-10-19 02:37:44,706 step 1200 train loss: 0.2788
2019-10-19 02:37:44,706 step 1200 score: 0.7758
2019-10-19 02:40:28,589 step 1500 train loss: 0.3162
2019-10-19 02:40:28,589 step 1500 score: 0.7929
2019-10-19 02:43:12,480 step 1800 train loss: 0.1961
2019-10-19 02:43:12,480 step 1800 score: 0.7772
2019-10-19 02:45:56,350 step 2100 train loss: 0.2177
2019-10-19 02:45:56,350 step 2100 score: 0.7899
2019-10-19 02:48:40,231 step 2400 train loss: 0.1766
2019-10-19 02:48:40,232 step 2400 score: 0.7788
2019-10-19 02:51:24,168 step 2700 train loss: 0.1481
2019-10-19 02:51:24,168 step 2700 score: 0.7838
2019-10-19 02:54:08,074 step 3000 train loss: 0.1558
2019-10-19 02:54:08,074 step 3000 score: 0.7841
2019-10-19 02:54:08,074 best score is 0.7929
2019-10-19 02:58:55,103 step 300 train loss: 0.6226
2019-10-19 02:58:55,103 step 300 score: 0.6946
2019-10-19 03:01:39,045 step 600 train loss: 0.3928
2019-10-19 03:01:39,045 step 600 score: 0.7324
2019-10-19 03:04:22,932 step 900 train loss: 0.3523
2019-10-19 03:04:22,932 step 900 score: 0.7985
2019-10-19 03:07:06,888 step 1200 train loss: 0.3019
2019-10-19 03:07:06,888 step 1200 score: 0.7948
2019-10-19 03:09:50,817 step 1500 train loss: 0.2992
2019-10-19 03:09:50,817 step 1500 score: 0.7897
2019-10-19 03:12:34,780 step 1800 train loss: 0.2211
2019-10-19 03:12:34,780 step 1800 score: 0.7855
2019-10-19 03:15:18,712 step 2100 train loss: 0.2016
2019-10-19 03:15:18,713 step 2100 score: 0.8044
2019-10-19 03:18:02,581 step 2400 train loss: 0.1737
2019-10-19 03:18:02,581 step 2400 score: 0.7971
2019-10-19 03:20:46,491 step 2700 train loss: 0.1298
2019-10-19 03:20:46,492 step 2700 score: 0.7974
2019-10-19 03:23:30,375 step 3000 train loss: 0.1519
2019-10-19 03:23:30,375 step 3000 score: 0.7986
2019-10-19 03:23:30,375 best score is 0.8044
2019-10-19 03:25:33,473 average: 0.806813
