2019-10-22 12:00:32,186 log_in_file: True
2019-10-22 12:00:32,186 lm_path: /home/wangzl/PretrainedLM/XLNET/chinese_xlnet_mid_pytorch/
2019-10-22 12:00:32,186 lm_type: xlnet
2019-10-22 12:00:32,186 data_path: ../data/
2019-10-22 12:00:32,186 usegpu: True
2019-10-22 12:00:32,186 use_origin: True
2019-10-22 12:00:32,186 total_step: 6000
2019-10-22 12:00:32,186 eval_every: 600
2019-10-22 12:00:32,186 early_stop: 4
2019-10-22 12:00:32,186 max_length: 510
2019-10-22 12:00:32,186 max_title_rate: 0.09
2019-10-22 12:00:32,186 content_head_rate: 0.6
2019-10-22 12:00:32,186 batch_size: 4
2019-10-22 12:00:32,186 lr_scheduler_type: linear
2019-10-22 12:00:32,186 input_pattern: head+tail+fixed
2019-10-22 12:00:32,186 clean_method: space+notzh
2019-10-22 12:00:32,186 warmup_rate: 0.1
2019-10-22 12:00:32,187 classifier_dropout: 0.3
2019-10-22 12:00:32,187 classifier_weight_decay: 0.0
2019-10-22 12:00:32,187 cache_final_model: False
2019-10-22 12:00:32,187 seed: 23
2019-10-22 12:00:32,187 lr: 2e-05
2019-10-22 12:00:32,187 lr_decay_in_layers: 0.95
2019-10-22 12:00:32,187 weight_decay: 0.01
2019-10-22 12:00:32,234 padding token is 5
2019-10-22 12:00:53,759 log_in_file: True
2019-10-22 12:00:53,759 lm_path: /home/wangzl/PretrainedLM/XLNET/chinese_xlnet_mid_pytorch/
2019-10-22 12:00:53,759 lm_type: xlnet
2019-10-22 12:00:53,759 data_path: ../data/
2019-10-22 12:00:53,759 usegpu: True
2019-10-22 12:00:53,759 use_origin: True
2019-10-22 12:00:53,759 total_step: 6000
2019-10-22 12:00:53,759 eval_every: 600
2019-10-22 12:00:53,759 early_stop: 4
2019-10-22 12:00:53,759 max_length: 510
2019-10-22 12:00:53,759 max_title_rate: 0.125
2019-10-22 12:00:53,759 content_head_rate: 0.6
2019-10-22 12:00:53,759 batch_size: 4
2019-10-22 12:00:53,759 lr_scheduler_type: linear
2019-10-22 12:00:53,759 input_pattern: head+tail+dynamic
2019-10-22 12:00:53,759 clean_method: space+notzh
2019-10-22 12:00:53,759 warmup_rate: 0.1
2019-10-22 12:00:53,759 classifier_dropout: 0.3
2019-10-22 12:00:53,760 classifier_weight_decay: 0.0
2019-10-22 12:00:53,760 cache_final_model: False
2019-10-22 12:00:53,760 seed: 23
2019-10-22 12:00:53,760 lr: 2e-05
2019-10-22 12:00:53,760 lr_decay_in_layers: 0.95
2019-10-22 12:00:53,760 weight_decay: 0.01
2019-10-22 12:00:53,807 padding token is 5
2019-10-22 12:01:02,134 Token Sample: <cls>_0 ▁_0 东北_0 边境_0 小_0 城_0 楼_0 市_0 两_0 天_0 暴_0 涨_0 五_0 成_0 政府_0 可能_0 限_0 购_0 __0 张家口_0 新_0 鲜_0 事_0 <sep>_0 ▁_1 (_1 原_1 标题_1 :_1 东北_1 边境_1 小_1 城_1 楼_1 市_1 探_1 营_1 :_1 两_1 天_1 暴_1 涨_1 五_1 成_1 ,_1 销售_1 称_1 今天_1 买_1 房_1 永远_1 比_1 明_1 天_1 便宜_1 !_1 )_1 3_1 月_1 25_1 日至_1 28_1 日_1 ,_1 朝鲜_1 劳动_1 党_1 委员_1 长_1 、_1 国务_1 委员会委员_1 长_1 金正恩_1 对_1 中国_1 进行_1 非正式_1 访问_1 ;_1 4_1 月_1 21_1 日_1 ,_1 朝鲜_1 宣布_1 从_1 即_1 日起_1 停止_1 核_1 试验_1 和_1 洲_1 际_1 导_1 道_1 试_1 射_1 ,_1 将_1 废弃_1 北部_1 核_1 试验_1 场_1 ,_1 集中_1 一切_1 力量_1 进行_1 社会主义_1 经济_1 建设_1 ;_1 4_1 月_1 27_1 日_1 ,_1 国务_1 委员会委员_1 长_1 金正恩_1 与_1 韩国_1 总统_1 文_1 在_1 寅_1 举行_1 会谈_1 ._1 ._1 ._1 ._1 ._1 ._1 种种_1 迹_1 象_1 表明_1 ,_1 半岛_1 局势_1 正在_1 向_1 好_1 的方向_1 发展_1 ,_1 也_1 让_1 国际_1 社会_1 看到_1 了_1 半岛_1 走向_1 和平_1 的_1 曙光_1 。_1 外界_1 普遍_1 认为_1 ,_1 半岛_1 局势_1 趋_1 于_1 稳定_1 ,_1 朝鲜_1 即将_1 改革开放_1 ,_1 将会_1 令_1 地处_1 东北_1 边境_1 的_1 辽宁省_1 丹_1 东_1 市_1 从_1 中_1 受_1 益_1 。_1 在此之前_1 ,_1 丹_1 东_1 对_1 朝_1 贸易_1 进_1 出口_1 总额_1 占_1 全国_1 对_1 朝_1 进_1 出口_1 额_1 的_1 近_1 七_1 成_1 。_1 4_1 月_1 25_1 日_1 ,_1 丹_1 东_1 市_1 不_1 动_1 产_1 登记_1 中心_1 发布_1 《_1 通知_1 》_1 称_1 :“_1 近期_1 ,_1 由于_1 办理_1 不_1 动_1 产_1 登记_1 业务_1 急_1 剧_1 增加_1 ,_1 超出_1 我_1 中心_1 每日_1 办理_1 260_1 件_1 不_1 动_1 产_1 登记_1 业务_1 的能力_1 ,_1 为_1 避免_1 办事_1 群众_1 、_1 企业_1 拥_1 挤_1 和_1 早_1 起_1 排_1 队_1 现象_1 ,_1 从_1 今_1 日起_1 ,_1 实行_1 预_1 约_1 发_1 号_1 ,_1 请_1 申请_1 人_1 持_1 身份_1 证_1 及_1 相关_1 申_1 衣_1 材料_1 原_1 件_1 ,_1 领_1 取_1 预_1 约_1 号_1 ,_1 并_1 请_1 按_1 时_1 照_1 预_1 约_1 时间_1 <sep>_1 大_1 开_1 ,_1 肯定_1 是_1 需要_1 一个_1 过程_1 。_1 另外_1 ,_1 政府_1 部门_1 已经_1 明确_1 要_1 坚持_1 房子_1 是_1 用来_1 住_1 的_1 不是_1 用来_1 炒_1 的_1 定位_1 ,_1 坚持_1 分类_1 调_1 控_1 ,_1 因_1 城_1 因_1 地_1 施_1 策_1 。_1 面对_1 丹_1 东_1 新区_1 房_1 价_1 继续_1 非_1 理性_1 上_1 涨_1 ,_1 丹_1 东_1 当地_1 政府_1 应该_1 有所_1 警_1 觉_1 ,_1 在_1 必要_1 时_1 采取_1 一定的_1 控制_1 措施_1 。_1 “_1 在_1 经过_1 短期_1 的_1 狂_1 热_1 之后_1 ,_1 估计_1 过_1 一段时间_1 后_1 ,_1 大家_1 应该_1 会_1 更加_1 理性_1 、_1 更加_1 冷_1 静_1 地_1 看待_1 半岛_1 局势_1 对于_1 丹_1 东_1 新区_1 、_1 丹_1 东_1 新区_1 房地产_1 市场_1 的影响_1 。_1 ”_1 梁_1 启_1 东_1 说_1 。_1 也有_1 受_1 采访_1 者_1 认为_1 ,_1 参考_1 国内_1 其他_1 城市_1 在_1 房_1 价_1 大_1 涨_1 之后_1 政府_1 部门_1 采取_1 的_1 措施_1 ,_1 如果_1 丹_1 东_1 新区_1 房_1 价_1 在_1 短期_1 内_1 继续_1 大_1 涨_1 ,_1 并_1 发现_1 明显的_1 人_1 为_1 炒_1 作_1 迹_1 象_1 ,_1 那么_1 不_1 排除_1 丹_1 东_1 地方政府_1 也会_1 采取_1 限_1 购_1 措施_1 。_1 本_1 文_1 来源_1 :_1 证券_1 时报_1 网_1 责任_1 编辑_1 :_1 韩_1 佳_1 鹏_1 __1 nn_1 98_1 41_1 卓_1 创_1 资讯_1 卓_1 创_1 链接_1 <sep>_1
2019-10-22 12:01:07,868 Token Sample: <cls>_0 ▁_0 幼_0 儿_0 园_0 遭遇_0 “_0 袭击_0 ”_0 ,_0 市民_0 一_0 脚_0 踹_0 飞_0 “_0 歹_0 徒_0 ”_0 ,_0 结果_0 竟_0 是_0 ._0 ._0 ._0 ._0 ._0 ._0 __0 演习_0 <sep>_0 ▁原_1 标题_1 :_1 幼_1 儿_1 园_1 遭遇_1 “_1 袭击_1 ”_1 ,_1 市民_1 一_1 脚_1 踹_1 飞_1 “_1 歹_1 徒_1 ”_1 ,_1 结果_1 竟_1 是_1 ._1 ._1 ._1 ._1 ._1 ._1 近_1 日_1 ,_1 在_1 重庆_1 一_1 幼_1 儿_1 园_1 门_1 前_1 ,_1 一名_1 蒙_1 面_1 “_1 歹_1 徒_1 ”_1 正_1 与_1 安_1 保_1 人员_1 进行_1 对抗_1 ,_1 孩子们_1 尖_1 叫_1 着_1 往_1 屋_1 里_1 跑_1 !_1 就在_1 这时_1 ,_1 一位_1 市民_1 冲_1 着_1 “_1 歹_1 徒_1 ”_1 就是_1 一个_1 飞_1 踹_1 ,_1 “_1 歹_1 徒_1 ”_1 摔_1 倒_1 在_1 地_1 ,_1 谁_1 知_1 ,_1 工作人员_1 立即_1 大_1 叫_1 “_1 这是_1 演习_1 ,_1 这是_1 演习_1 !_1 ”_1 戳_1 视频_1 ,_1 看_1 现场_1 ↓_1 ?_1 ?_1 视频_1 来源_1 :_1 澎_1 湃_1 视频_1 据_1 悉_1 ,_1 这位_1 见_1 义_1 勇_1 为_1 的_1 市民_1 当时_1 正好_1 路_1 过_1 ,_1 由于_1 不知_1 情_1 ,_1 误_1 把_1 演习_1 当_1 做了_1 真实_1 的_1 突_1 发_1 情况_1 ,_1 这位_1 演_1 练_1 中被_1 踹_1 的_1 保安_1 没有_1 受伤_1 。_1 ?_1 ?_1 网友_1 :_1 保安_1 大_1 哥_1 这_1 演技_1 也是_1 相当_1 可以_1 !_1 监_1 制_1 /_1 唐_1 怡_1 主编_1 /_1 李_1 伟_1 编辑_1 /_1 米_1 莎_1 觉得_1 有趣_1 请_1 点_1 赞_1 !_1 返回_1 搜_1 狐_1 ,_1 查看_1 更多_1 责任_1 编辑_1 :_1 <sep>_1 <pad>_1 <pad>_1 <pad>_1 <pad>_1 <pad>_1 <pad>_1 <pad>_1 <pad>_1 <pad>_1 <pad>_1 <pad>_1 <pad>_1 <pad>_1 <pad>_1 <pad>_1 <pad>_1 <pad>_1 <pad>_1 <pad>_1 <pad>_1 <pad>_1 <pad>_1 <pad>_1 <pad>_1 <pad>_1 <pad>_1 <pad>_1 <pad>_1 <pad>_1 <pad>_1 <pad>_1 <pad>_1 <pad>_1 <pad>_1 <pad>_1 <pad>_1 <pad>_1 <pad>_1 <pad>_1 <pad>_1 <pad>_1 <pad>_1 <pad>_1 <pad>_1 <pad>_1 <pad>_1 <pad>_1 <pad>_1 <pad>_1 <pad>_1 <pad>_1 <pad>_1 <pad>_1 <pad>_1 <pad>_1 <pad>_1 <pad>_1 <pad>_1 <pad>_1 <pad>_1 <pad>_1 <pad>_1 <pad>_1 <pad>_1 <pad>_1 <pad>_1 <pad>_1 <pad>_1 <pad>_1 <pad>_1 <pad>_1 <pad>_1 <pad>_1 <pad>_1 <pad>_1 <pad>_1 <pad>_1 <pad>_1 <pad>_1 <pad>_1 <pad>_1 <pad>_1 <pad>_1 <pad>_1 <pad>_1 <pad>_1 <pad>_1 <pad>_1 <pad>_1 <pad>_1 <pad>_1 <pad>_1 <pad>_1 <pad>_1 <pad>_1 <pad>_1 <pad>_1 <pad>_1 <pad>_1 <pad>_1 <pad>_1 <pad>_1 <pad>_1 <pad>_1 <pad>_1 <pad>_1 <pad>_1 <pad>_1 <pad>_1 <pad>_1 <pad>_1 <pad>_1 <pad>_1 <pad>_1 <pad>_1 <pad>_1 <pad>_1 <pad>_1 <pad>_1 <pad>_1 <pad>_1 <pad>_1 <pad>_1 <pad>_1 <pad>_1 <pad>_1 <pad>_1 <pad>_1 <pad>_1 <pad>_1 <pad>_1 <pad>_1 <pad>_1 <pad>_1 <pad>_1 <pad>_1 <pad>_1 <pad>_1 <pad>_1 <pad>_1 <pad>_1 <pad>_1 <pad>_1 <pad>_1 <pad>_1 <pad>_1 <pad>_1 <pad>_1 <pad>_1 <pad>_1 <pad>_1 <pad>_1 <pad>_1 <pad>_1 <pad>_1 <pad>_1 <pad>_1 <pad>_1 <pad>_1 <pad>_1 <pad>_1 <pad>_1 <pad>_1 <pad>_1 <pad>_1 <pad>_1 <pad>_1 <pad>_1 <pad>_1 <pad>_1 <pad>_1 <pad>_1 <pad>_1 <pad>_1 <pad>_1 <pad>_1 <pad>_1 <pad>_1 <pad>_1 <pad>_1 <pad>_1 <pad>_1 <pad>_1 <pad>_1 <pad>_1 <pad>_1 <pad>_1 <pad>_1 <pad>_1 <pad>_1 <pad>_1 <pad>_1 <pad>_1 <pad>_1 <pad>_1 <pad>_1 <pad>_1 <pad>_1 <pad>_1 <pad>_1 <pad>_1 <pad>_1 <pad>_1 <pad>_1 <pad>_1 <pad>_1 <pad>_1 <pad>_1 <pad>_1 <pad>_1 <pad>_1 <pad>_1 <pad>_1 <pad>_1 <pad>_1 <pad>_1 <pad>_1 <pad>_1 <pad>_1 <pad>_1 <pad>_1 <pad>_1 <pad>_1 <pad>_1 <pad>_1 <pad>_1 <pad>_1 <pad>_1 <pad>_1 <pad>_1 <pad>_1 <pad>_1 <pad>_1 <pad>_1 <pad>_1 <pad>_1 <pad>_1 <pad>_1 <pad>_1 <pad>_1 <pad>_1 <pad>_1 <pad>_1 <pad>_1 <pad>_1 <pad>_1 <pad>_1 <pad>_1 <pad>_1 <pad>_1 <pad>_1 <pad>_1 <pad>_1 <pad>_1 <pad>_1 <pad>_1 <pad>_1 <pad>_1 <pad>_1 <pad>_1 <pad>_1 <pad>_1 <pad>_1 <pad>_1 <pad>_1 <pad>_1 <pad>_1 <pad>_1 <pad>_1 <pad>_1 <pad>_1 <pad>_1 <pad>_1 <pad>_1 <pad>_1 <pad>_1
2019-10-22 12:01:23,105 Token Sample: <cls>_0 ▁_0 远_0 处_0 的_0 修士_0 议_0 论_0 着_0 ,_0 大部分_0 人_0 都_0 兴_0 奋_0 不_0 已_0 ,_0 没有_0 身_0 处_0 危险_0 的_0 恐惧_0 感_0 。_0 甘_0 <sep>_0 ▁安_1 卓_1 下载_1 注意_1 :_1 如果_1 不能_1 下载_1 就_1 复制_1 到_1 浏览器_1 <sep>_1 <pad>_1 <pad>_1 <pad>_1 <pad>_1 <pad>_1 <pad>_1 <pad>_1 <pad>_1 <pad>_1 <pad>_1 <pad>_1 <pad>_1 <pad>_1 <pad>_1 <pad>_1 <pad>_1 <pad>_1 <pad>_1 <pad>_1 <pad>_1 <pad>_1 <pad>_1 <pad>_1 <pad>_1 <pad>_1 <pad>_1 <pad>_1 <pad>_1 <pad>_1 <pad>_1 <pad>_1 <pad>_1 <pad>_1 <pad>_1 <pad>_1 <pad>_1 <pad>_1 <pad>_1 <pad>_1 <pad>_1 <pad>_1 <pad>_1 <pad>_1 <pad>_1 <pad>_1 <pad>_1 <pad>_1 <pad>_1 <pad>_1 <pad>_1 <pad>_1 <pad>_1 <pad>_1 <pad>_1 <pad>_1 <pad>_1 <pad>_1 <pad>_1 <pad>_1 <pad>_1 <pad>_1 <pad>_1 <pad>_1 <pad>_1 <pad>_1 <pad>_1 <pad>_1 <pad>_1 <pad>_1 <pad>_1 <pad>_1 <pad>_1 <pad>_1 <pad>_1 <pad>_1 <pad>_1 <pad>_1 <pad>_1 <pad>_1 <pad>_1 <pad>_1 <pad>_1 <pad>_1 <pad>_1 <pad>_1 <pad>_1 <pad>_1 <pad>_1 <pad>_1 <pad>_1 <pad>_1 <pad>_1 <pad>_1 <pad>_1 <pad>_1 <pad>_1 <pad>_1 <pad>_1 <pad>_1 <pad>_1 <pad>_1 <pad>_1 <pad>_1 <pad>_1 <pad>_1 <pad>_1 <pad>_1 <pad>_1 <pad>_1 <pad>_1 <pad>_1 <pad>_1 <pad>_1 <pad>_1 <pad>_1 <pad>_1 <pad>_1 <pad>_1 <pad>_1 <pad>_1 <pad>_1 <pad>_1 <pad>_1 <pad>_1 <pad>_1 <pad>_1 <pad>_1 <pad>_1 <pad>_1 <pad>_1 <pad>_1 <pad>_1 <pad>_1 <pad>_1 <pad>_1 <pad>_1 <pad>_1 <pad>_1 <pad>_1 <pad>_1 <pad>_1 <pad>_1 <pad>_1 <pad>_1 <pad>_1 <pad>_1 <pad>_1 <pad>_1 <pad>_1 <pad>_1 <pad>_1 <pad>_1 <pad>_1 <pad>_1 <pad>_1 <pad>_1 <pad>_1 <pad>_1 <pad>_1 <pad>_1 <pad>_1 <pad>_1 <pad>_1 <pad>_1 <pad>_1 <pad>_1 <pad>_1 <pad>_1 <pad>_1 <pad>_1 <pad>_1 <pad>_1 <pad>_1 <pad>_1 <pad>_1 <pad>_1 <pad>_1 <pad>_1 <pad>_1 <pad>_1 <pad>_1 <pad>_1 <pad>_1 <pad>_1 <pad>_1 <pad>_1 <pad>_1 <pad>_1 <pad>_1 <pad>_1 <pad>_1 <pad>_1 <pad>_1 <pad>_1 <pad>_1 <pad>_1 <pad>_1 <pad>_1 <pad>_1 <pad>_1 <pad>_1 <pad>_1 <pad>_1 <pad>_1 <pad>_1 <pad>_1 <pad>_1 <pad>_1 <pad>_1 <pad>_1 <pad>_1 <pad>_1 <pad>_1 <pad>_1 <pad>_1 <pad>_1 <pad>_1 <pad>_1 <pad>_1 <pad>_1 <pad>_1 <pad>_1 <pad>_1 <pad>_1 <pad>_1 <pad>_1 <pad>_1 <pad>_1 <pad>_1 <pad>_1 <pad>_1 <pad>_1 <pad>_1 <pad>_1 <pad>_1 <pad>_1 <pad>_1 <pad>_1 <pad>_1 <pad>_1 <pad>_1 <pad>_1 <pad>_1 <pad>_1 <pad>_1 <pad>_1 <pad>_1 <pad>_1 <pad>_1 <pad>_1 <pad>_1 <pad>_1 <pad>_1 <pad>_1 <pad>_1 <pad>_1 <pad>_1 <pad>_1 <pad>_1 <pad>_1 <pad>_1 <pad>_1 <pad>_1 <pad>_1 <pad>_1 <pad>_1 <pad>_1 <pad>_1 <pad>_1 <pad>_1 <pad>_1 <pad>_1 <pad>_1 <pad>_1 <pad>_1 <pad>_1 <pad>_1 <pad>_1 <pad>_1 <pad>_1 <pad>_1 <pad>_1 <pad>_1 <pad>_1 <pad>_1 <pad>_1 <pad>_1 <pad>_1 <pad>_1 <pad>_1 <pad>_1 <pad>_1 <pad>_1 <pad>_1 <pad>_1 <pad>_1 <pad>_1 <pad>_1 <pad>_1 <pad>_1 <pad>_1 <pad>_1 <pad>_1 <pad>_1 <pad>_1 <pad>_1 <pad>_1 <pad>_1 <pad>_1 <pad>_1 <pad>_1 <pad>_1 <pad>_1 <pad>_1 <pad>_1 <pad>_1 <pad>_1 <pad>_1 <pad>_1 <pad>_1 <pad>_1 <pad>_1 <pad>_1 <pad>_1 <pad>_1 <pad>_1 <pad>_1 <pad>_1 <pad>_1 <pad>_1 <pad>_1 <pad>_1 <pad>_1 <pad>_1 <pad>_1 <pad>_1 <pad>_1 <pad>_1 <pad>_1 <pad>_1 <pad>_1 <pad>_1 <pad>_1 <pad>_1 <pad>_1 <pad>_1 <pad>_1 <pad>_1 <pad>_1 <pad>_1 <pad>_1 <pad>_1 <pad>_1 <pad>_1 <pad>_1 <pad>_1 <pad>_1 <pad>_1 <pad>_1 <pad>_1 <pad>_1 <pad>_1 <pad>_1 <pad>_1 <pad>_1 <pad>_1 <pad>_1 <pad>_1 <pad>_1 <pad>_1 <pad>_1 <pad>_1 <pad>_1 <pad>_1 <pad>_1 <pad>_1 <pad>_1 <pad>_1 <pad>_1 <pad>_1 <pad>_1 <pad>_1 <pad>_1 <pad>_1 <pad>_1 <pad>_1 <pad>_1 <pad>_1 <pad>_1 <pad>_1 <pad>_1 <pad>_1 <pad>_1 <pad>_1 <pad>_1 <pad>_1 <pad>_1 <pad>_1 <pad>_1 <pad>_1 <pad>_1 <pad>_1 <pad>_1 <pad>_1 <pad>_1 <pad>_1 <pad>_1 <pad>_1 <pad>_1 <pad>_1 <pad>_1 <pad>_1 <pad>_1 <pad>_1 <pad>_1 <pad>_1 <pad>_1 <pad>_1 <pad>_1 <pad>_1 <pad>_1 <pad>_1 <pad>_1 <pad>_1 <pad>_1 <pad>_1 <pad>_1 <pad>_1 <pad>_1 <pad>_1 <pad>_1 <pad>_1 <pad>_1 <pad>_1 <pad>_1 <pad>_1 <pad>_1 <pad>_1 <pad>_1 <pad>_1 <pad>_1 <pad>_1 <pad>_1 <pad>_1 <pad>_1 <pad>_1 <pad>_1 <pad>_1 <pad>_1 <pad>_1 <pad>_1 <pad>_1 <pad>_1 <pad>_1 <pad>_1 <pad>_1 <pad>_1 <pad>_1 <pad>_1 <pad>_1 <pad>_1 <pad>_1 <pad>_1 <pad>_1 <pad>_1 <pad>_1 <pad>_1 <pad>_1 <pad>_1
2019-10-22 12:01:30,988 seed everything and create model
2019-10-22 12:16:15,707 step 600 train loss: 0.6318
2019-10-22 12:16:15,707 step 600 score: 0.7153
2019-10-22 12:30:53,856 step 1200 train loss: 0.4230
2019-10-22 12:30:53,856 step 1200 score: 0.7906
2019-10-22 12:45:28,628 step 1800 train loss: 0.3378
2019-10-22 12:45:28,628 step 1800 score: 0.7788
2019-10-22 13:00:07,780 step 2400 train loss: 0.2734
2019-10-22 13:00:07,781 step 2400 score: 0.7824
2019-10-22 13:14:46,735 step 3000 train loss: 0.2586
2019-10-22 13:14:46,736 step 3000 score: 0.7908
2019-10-22 13:29:25,718 step 3600 train loss: 0.1411
2019-10-22 13:29:25,718 step 3600 score: 0.7787
2019-10-22 13:43:57,688 step 4200 train loss: 0.1622
2019-10-22 13:43:57,688 step 4200 score: 0.7818
2019-10-22 13:58:36,175 step 4800 train loss: 0.0986
2019-10-22 13:58:36,175 step 4800 score: 0.7849
2019-10-22 14:13:14,662 step 5400 train loss: 0.0610
2019-10-22 14:13:14,662 step 5400 score: 0.7841
2019-10-22 14:27:53,078 step 6000 train loss: 0.0699
2019-10-22 14:27:53,078 step 6000 score: 0.7849
2019-10-22 14:27:53,079 best score is 0.7908
