2019-10-25 14:56:59,940 log_in_file: True
2019-10-25 14:56:59,941 lm_path: /home/wangzl/PretrainedLM/BERT/New/chinese_wwm_ext_pytorch
2019-10-25 14:56:59,941 lm_type: bert
2019-10-25 14:56:59,941 data_path: ../data/
2019-10-25 14:56:59,941 usegpu: True
2019-10-25 14:56:59,941 total_step: 1500
2019-10-25 14:56:59,941 eval_every: 150
2019-10-25 14:56:59,941 early_stop: 4
2019-10-25 14:56:59,941 max_length: 360
2019-10-25 14:56:59,941 max_title_rate: 0.125
2019-10-25 14:56:59,941 content_head_rate: 0.6
2019-10-25 14:56:59,941 batch_size: 16
2019-10-25 14:56:59,941 lr_scheduler_type: linear
2019-10-25 14:56:59,941 input_pattern: head+tail+fixed
2019-10-25 14:56:59,941 clean_method: space+notzh
2019-10-25 14:56:59,941 warmup_rate: 0.1
2019-10-25 14:56:59,941 classifier_dropout: 0.1
2019-10-25 14:56:59,941 classifier_active: relu
2019-10-25 14:56:59,941 cache_final_model: False
2019-10-25 14:56:59,941 seed: 23
2019-10-25 14:56:59,941 lr: 2e-05
2019-10-25 14:56:59,941 lr_decay_in_layers: 0.96
2019-10-25 14:56:59,941 wd_decay_in_layers: 1.0
2019-10-25 14:56:59,941 weight_decay: 0.01
2019-10-25 14:56:59,958 padding token is 0
2019-10-25 14:57:20,673 Token Sample: [CLS]_0 景_0 德_0 镇_0 市_0 第_0 一_0 医_0 院_0 着_0 力_0 打_0 造_0 [UNK]_0 花_0 园_0 式_0 [UNK]_0 医_0 院_0 __0 江_0 西_0 在_0 线_0 [PAD]_0 [PAD]_0 [PAD]_0 [PAD]_0 [PAD]_0 [PAD]_0 [PAD]_0 [PAD]_0 [PAD]_0 [PAD]_0 [PAD]_0 [PAD]_0 [PAD]_0 [PAD]_0 [PAD]_0 [PAD]_0 [PAD]_0 [PAD]_0 [PAD]_0 [PAD]_0 [PAD]_0 [SEP]_0 景_1 德_1 镇_1 市_1 第_1 一_1 医_1 院_1 着_1 力_1 打_1 造_1 [UNK]_1 花_1 园_1 式_1 [UNK]_1 医_1 院_1 景_1 德_1 镇_1 在_1 线_1 讯_1 (_1 记_1 者_1 付_1 裕_1 摄_1 )_1 在_1 全_1 市_1 城_1 乡_1 环_1 境_1 大_1 整_1 治_1 行_1 动_1 中_1 ，_1 市_1 一_1 院_1 多_1 管_1 齐_1 下_1 ，_1 先_1 后_1 投_1 入_1 近_1 600_1 万_1 元_1 对_1 院_1 内_1 进_1 行_1 改_1 建_1 、_1 扩_1 建_1 、_1 装_1 修_1 ，_1 总_1 面_1 积_1 达_1 53_1 ##42_1 平_1 方_1 米_1 ，_1 并_1 拆_1 除_1 了_1 职_1 工_1 食_1 堂_1 、_1 临_1 街_1 店_1 面_1 3800_1 平_1 方_1 米_1 ，_1 全_1 部_1 改_1 造_1 为_1 园_1 林_1 绿_1 地_1 ，_1 着_1 力_1 打_1 造_1 [UNK]_1 花_1 园_1 式_1 [UNK]_1 医_1 院_1 。_1 (_1 来_1 源_1 :_1 景_1 德_1 镇_1 日_1 报_1 )_1 [PAD]_1 [PAD]_1 [PAD]_1 [PAD]_1 [PAD]_1 [PAD]_1 [PAD]_1 [PAD]_1 [PAD]_1 [PAD]_1 [PAD]_1 [PAD]_1 [PAD]_1 [PAD]_1 [PAD]_1 [PAD]_1 [PAD]_1 [PAD]_1 [PAD]_1 [PAD]_1 [PAD]_1 [PAD]_1 [PAD]_1 [PAD]_1 [PAD]_1 [PAD]_1 [PAD]_1 [PAD]_1 [PAD]_1 [PAD]_1 [PAD]_1 [PAD]_1 [PAD]_1 [PAD]_1 [PAD]_1 [PAD]_1 [PAD]_1 [PAD]_1 [PAD]_1 [PAD]_1 [PAD]_1 [PAD]_1 [PAD]_1 [PAD]_1 [PAD]_1 [PAD]_1 [PAD]_1 [PAD]_1 [PAD]_1 [PAD]_1 [PAD]_1 [PAD]_1 [PAD]_1 [SEP]_1 园_1 式_1 [UNK]_1 医_1 院_1 景_1 德_1 镇_1 在_1 线_1 讯_1 (_1 记_1 者_1 付_1 裕_1 摄_1 )_1 在_1 全_1 市_1 城_1 乡_1 环_1 境_1 大_1 整_1 治_1 行_1 动_1 中_1 ，_1 市_1 一_1 院_1 多_1 管_1 齐_1 下_1 ，_1 先_1 后_1 投_1 入_1 近_1 600_1 万_1 元_1 对_1 院_1 内_1 进_1 行_1 改_1 建_1 、_1 扩_1 建_1 、_1 装_1 修_1 ，_1 总_1 面_1 积_1 达_1 53_1 ##42_1 平_1 方_1 米_1 ，_1 并_1 拆_1 除_1 了_1 职_1 工_1 食_1 堂_1 、_1 临_1 街_1 店_1 面_1 3800_1 平_1 方_1 米_1 ，_1 全_1 部_1 改_1 造_1 为_1 园_1 林_1 绿_1 地_1 ，_1 着_1 力_1 打_1 造_1 [UNK]_1 花_1 园_1 式_1 [UNK]_1 医_1 院_1 。_1 (_1 来_1 源_1 :_1 景_1 德_1 镇_1 日_1 报_1 )_1 [SEP]_1
2019-10-25 14:57:33,151 Token Sample: [CLS]_0 华_0 裔_0 女_0 杀_0 死_0 5_0 岁_0 儿_0 子_0 砍_0 头_0 扔_0 进_0 垃_0 圾_0 箱_0 ，_0 原_0 因_0 令_0 人_0 寒_0 心_0 !_0 [PAD]_0 [PAD]_0 [PAD]_0 [PAD]_0 [PAD]_0 [PAD]_0 [PAD]_0 [PAD]_0 [PAD]_0 [PAD]_0 [PAD]_0 [PAD]_0 [PAD]_0 [PAD]_0 [PAD]_0 [PAD]_0 [PAD]_0 [PAD]_0 [PAD]_0 [PAD]_0 [PAD]_0 [SEP]_0 上_1 个_1 月_1 底_1 ，_1 休_1 斯_1 顿_1 一_1 个_1 平_1 静_1 的_1 社_1 区_1 发_1 生_1 了_1 一_1 起_1 悲_1 惨_1 命_1 案_1 ，_1 一_1 名_1 华_1 裔_1 母_1 亲_1 竟_1 然_1 亲_1 手_1 杀_1 死_1 了_1 5_1 岁_1 大_1 亲_1 生_1 儿_1 子_1 ，_1 手_1 段_1 极_1 其_1 残_1 忍_1 ，_1 目_1 前_1 此_1 案_1 又_1 有_1 了_1 最_1 新_1 跟_1 进_1 。_1 先_1 来_1 回_1 顾_1 一_1 下_1 案_1 情_1 ，_1 11_1 月_1 30_1 日_1 晚_1 7_1 点_1 左_1 右_1 ，_1 警_1 方_1 赶_1 赴_1 位_1 于_1 休_1 斯_1 敦_1 西_1 侧_1 靠_1 近_1 6_1 号_1 公_1 路_1 的_1 霍_1 莉_1 街_1 138_1 ##00_1 区_1 段_1 的_1 现_1 场_1 ，_1 他_1 们_1 在_1 车_1 库_1 里_1 的_1 地_1 面_1 上_1 发_1 现_1 一_1 名_1 已_1 死_1 亡_1 的_1 年_1 约_1 5_1 岁_1 的_1 男_1 孩_1 ，_1 孩_1 子_1 的_1 身_1 上_1 覆_1 盖_1 着_1 塑_1 料_1 布_1 ，_1 并_1 且_1 ，_1 孩_1 子_1 的_1 头_1 已_1 被_1 砍_1 下_1 。_1 根_1 据_1 法_1 庭_1 文_1 件_1 ，_1 孩_1 子_1 的_1 父_1 亲_1 许_1 凯_1 （_1 音_1 译_1 ，_1 kai_1 ##x_1 ##u_1 ）_1 称_1 ，_1 是_1 孩_1 [SEP]_1 公_1 民_1 。_1 另_1 外_1 据_1 [UNK]_1 休_1 斯_1 顿_1 纪_1 事_1 报_1 [UNK]_1 报_1 道_1 ，_1 这_1 个_1 家_1 庭_1 在_1 2015_1 年_1 接_1 到_1 了_1 儿_1 童_1 保_1 护_1 服_1 务_1 中_1 心_1 的_1 访_1 问_1 ，_1 但_1 不_1 知_1 道_1 他_1 们_1 为_1 何_1 被_1 召_1 唤_1 ？_1 发_1 生_1 了_1 什_1 么_1 。_1 邻_1 居_1 na_1 ##ncy_1 最_1 后_1 还_1 分_1 享_1 了_1 自_1 己_1 母_1 亲_1 60_1 年_1 前_1 自_1 杀_1 的_1 事_1 ，_1 她_1 恳_1 求_1 ，_1 一_1 旦_1 你_1 发_1 现_1 自_1 己_1 或_1 身_1 边_1 人_1 有_1 自_1 杀_1 的_1 倾_1 向_1 ，_1 要_1 立_1 刻_1 寻_1 求_1 心_1 理_1 辅_1 导_1 ，_1 找_1 医_1 生_1 帮_1 忙_1 ，_1 接_1 受_1 治_1 疗_1 。_1 [SEP]_1
2019-10-25 14:57:46,460 Token Sample: [CLS]_0 津_0 巴_0 布_0 韦_0 金_0 矿_0 被_0 淹_0 事_0 故_0 ：_0 找_0 到_0 22_0 具_0 遗_0 体_0 救_0 出_0 8_0 名_0 幸_0 存_0 者_0 [PAD]_0 [PAD]_0 [PAD]_0 [PAD]_0 [PAD]_0 [PAD]_0 [PAD]_0 [PAD]_0 [PAD]_0 [PAD]_0 [PAD]_0 [PAD]_0 [PAD]_0 [PAD]_0 [PAD]_0 [PAD]_0 [PAD]_0 [PAD]_0 [PAD]_0 [PAD]_0 [PAD]_0 [SEP]_0 津_1 巴_1 布_1 韦_1 12_1 日_1 发_1 生_1 两_1 座_1 金_1 矿_1 被_1 淹_1 事_1 故_1 。_1 当_1 地_1 时_1 间_1 16_1 日_1 ，_1 救_1 援_1 人_1 员_1 找_1 到_1 了_1 22_1 名_1 遇_1 难_1 采_1 金_1 者_1 的_1 遗_1 体_1 ，_1 并_1 救_1 出_1 了_1 8_1 名_1 幸_1 存_1 者_1 。_1 当_1 天_1 ，_1 救_1 援_1 人_1 员_1 在_1 被_1 淹_1 的_1 金_1 矿_1 中_1 找_1 到_1 了_1 部_1 分_1 遇_1 难_1 人_1 员_1 的_1 遗_1 体_1 ，_1 并_1 运_1 回_1 地_1 面_1 。_1 同_1 时_1 被_1 找_1 到_1 的_1 还_1 有_1 8_1 名_1 幸_1 存_1 者_1 。_1 而_1 不_1 少_1 家_1 属_1 也_1 一_1 直_1 在_1 矿_1 井_1 外_1 等_1 候_1 ，_1 期_1 待_1 自_1 己_1 的_1 家_1 人_1 能_1 够_1 幸_1 存_1 。_1 此_1 前_1 一_1 天_1 ，_1 津_1 巴_1 布_1 韦_1 地_1 方_1 政_1 府_1 部_1 长_1 朱_1 利_1 ·_1 莫_1 约_1 在_1 一_1 份_1 声_1 明_1 中_1 说_1 ，_1 经_1 过_1 调_1 查_1 ，_1 事_1 发_1 时_1 在_1 两_1 座_1 金_1 矿_1 下_1 作_1 业_1 的_1 采_1 金_1 者_1 在_1 60_1 至_1 70_1 人_1 之_1 间_1 。_1 事_1 发_1 的_1 两_1 座_1 金_1 矿_1 [SEP]_1 帮_1 助_1 。_1 原_1 标_1 题_1 ：_1 津_1 巴_1 布_1 韦_1 金_1 矿_1 被_1 淹_1 事_1 故_1 已_1 找_1 到_1 22_1 具_1 遗_1 体_1 并_1 救_1 出_1 8_1 名_1 幸_1 存_1 者_1 举_1 报_1 本_1 文_1 依_1 据_1 《_1 信_1 息_1 网_1 络_1 传_1 播_1 权_1 保_1 护_1 条_1 例_1 》_1 第_1 二_1 十_1 二_1 条_1 之_1 规_1 定_1 ，_1 即_1 [UNK]_1 避_1 风_1 港_1 原_1 则_1 [UNK]_1 ，_1 本_1 站_1 所_1 有_1 文_1 章_1 及_1 内_1 容_1 系_1 第_1 三_1 方_1 作_1 者_1 上_1 传_1 ，_1 如_1 有_1 侵_1 权_1 行_1 为_1 请_1 及_1 时_1 联_1 系_1 本_1 站_1 客_1 服_1 删_1 除_1 ，_1 本_1 站_1 不_1 对_1 内_1 容_1 传_1 播_1 行_1 为_1 承_1 担_1 赔_1 偿_1 责_1 任_1 。_1 [SEP]_1
2019-10-25 14:58:10,048 Token Sample: [CLS]_0 充_0 满_0 戏_0 剧_0 性_0 的_0 堕_0 落_0 轨_0 迹_0 ：_0 遭_0 邻_0 居_0 羞_0 辱_0 后_0 ，_0 他_0 用_0 公_0 权_0 报_0 复_0 泄_0 愤_0 ，_0 进_0 而_0 [PAD]_0 [PAD]_0 [PAD]_0 [PAD]_0 [PAD]_0 [PAD]_0 [PAD]_0 [PAD]_0 [PAD]_0 [PAD]_0 [PAD]_0 [PAD]_0 [PAD]_0 [PAD]_0 [PAD]_0 [PAD]_0 [SEP]_0 原_1 标_1 题_1 ：_1 用_1 公_1 权_1 报_1 复_1 邻_1 居_1 ，_1 他_1 打_1 开_1 腐_1 败_1 闸_1 门_1 姚_1 雯_1 /_1 漫_1 画_1 检_1 察_1 官_1 提_1 审_1 被_1 告_1 人_1 河_1 南_1 省_1 南_1 阳_1 市_1 住_1 房_1 和_1 城_1 乡_1 建_1 设_1 委_1 员_1 会_1 原_1 主_1 任_1 曹_1 伊_1 珂_1 走_1 向_1 犯_1 罪_1 的_1 过_1 程_1 充_1 满_1 戏_1 剧_1 性_1 ：_1 被_1 有_1 钱_1 无_1 德_1 的_1 邻_1 居_1 羞_1 辱_1 之_1 后_1 ，_1 耿_1 耿_1 于_1 怀_1 ，_1 随_1 着_1 职_1 位_1 升_1 迁_1 ，_1 公_1 权_1 私_1 用_1 ，_1 赶_1 走_1 邻_1 居_1 的_1 同_1 时_1 ，_1 也_1 打_1 开_1 了_1 腐_1 败_1 的_1 闸_1 门_1 ，_1 最_1 终_1 毁_1 掉_1 了_1 自_1 己_1 的_1 前_1 程_1 。_1 日_1 前_1 ，_1 因_1 犯_1 受_1 贿_1 罪_1 ，_1 曹_1 伊_1 珂_1 被_1 判_1 处_1 有_1 期_1 徒_1 刑_1 七_1 年_1 。_1 1_1 低_1 调_1 谦_1 卑_1 努_1 力_1 工_1 作_1 得_1 认_1 可_1 今_1 年_1 54_1 岁_1 的_1 曹_1 伊_1 珂_1 出_1 身_1 于_1 河_1 南_1 省_1 社_1 旗_1 县_1 农_1 村_1 的_1 一_1 个_1 普_1 通_1 农_1 民_1 家_1 庭_1 。_1 [SEP]_1 要_1 权_1 力_1 晾_1 晒_1 在_1 阳_1 光_1 下_1 ，_1 接_1 受_1 社_1 会_1 各_1 界_1 的_1 监_1 督_1 ，_1 才_1 能_1 对_1 [UNK]_1 一_1 把_1 手_1 [UNK]_1 们_1 起_1 到_1 真_1 正_1 的_1 震_1 慑_1 作_1 用_1 ，_1 才_1 能_1 营_1 造_1 出_1 风_1 清_1 气_1 正_1 、_1 清_1 正_1 廉_1 洁_1 的_1 政_1 务_1 环_1 境_1 。_1 本_1 文_1 为_1 检_1 察_1 日_1 报_1 刊_1 载_1 的_1 原_1 创_1 稿_1 件_1 ，_1 转_1 载_1 请_1 注_1 明_1 来_1 源_1 为_1 [UNK]_1 检_1 察_1 日_1 报_1 [UNK]_1 ，_1 特_1 此_1 感_1 谢_1 。_1 检_1 察_1 日_1 报_1 新_1 媒_1 体_1 出_1 品_1 文_1 字_1 丨_1 汪_1 宇_1 堂_1 宋_1 德_1 明_1 王_1 远_1 编_1 辑_1 丨_1 田_1 粟_1 陈_1 俊_1 丞_1 [SEP]_1
2019-10-25 14:58:30,800 Token Sample: [CLS]_0 珊_0 瑚_0 裸_0 尾_0 鼠_0 被_0 通_0 报_0 灭_0 绝_0 乃_0 哺_0 乳_0 动_0 物_0 首_0 例_0 [PAD]_0 [PAD]_0 [PAD]_0 [PAD]_0 [PAD]_0 [PAD]_0 [PAD]_0 [PAD]_0 [PAD]_0 [PAD]_0 [PAD]_0 [PAD]_0 [PAD]_0 [PAD]_0 [PAD]_0 [PAD]_0 [PAD]_0 [PAD]_0 [PAD]_0 [PAD]_0 [PAD]_0 [PAD]_0 [PAD]_0 [PAD]_0 [PAD]_0 [PAD]_0 [PAD]_0 [PAD]_0 [SEP]_0 这_1 种_1 棕_1 色_1 的_1 啮_1 齿_1 目_1 小_1 动_1 物_1 曾_1 生_1 活_1 在_1 澳_1 洲_1 一_1 块_1 四_1 到_1 五_1 公_1 顷_1 大_1 小_1 的_1 岩_1 礁_1 上_1 。_1 科_1 学_1 家_1 认_1 为_1 ，_1 全_1 球_1 气_1 候_1 变_1 暖_1 导_1 致_1 海_1 平_1 面_1 上_1 升_1 ，_1 而_1 且_1 海_1 洋_1 风_1 暴_1 更_1 频_1 繁_1 、_1 猛_1 烈_1 ，_1 致_1 使_1 珊_1 瑚_1 裸_1 尾_1 鼠_1 消_1 失_1 相_1 关_1 报_1 道_1 研_1 究_1 ：_1 气_1 候_1 变_1 暖_1 导_1 致_1 史_1 上_1 最_1 大_1 生_1 物_1 大_1 灭_1 绝_1 气_1 候_1 变_1 暖_1 或_1 致_1 地_1 球_1 火_1 山_1 喷_1 发_1 更_1 频_1 繁_1 且_1 剧_1 烈_1 科_1 考_1 显_1 示_1 气_1 候_1 变_1 暖_1 或_1 致_1 南_1 极_1 海_1 洋_1 生_1 物_1 增_1 多_1 【_1 财_1 新_1 网_1 】_1 （_1 记_1 者_1 葛_1 明_1 宁_1 ）_1 全_1 球_1 气_1 候_1 变_1 暖_1 导_1 致_1 的_1 海_1 平_1 面_1 上_1 升_1 和_1 灾_1 害_1 性_1 气_1 候_1 ，_1 正_1 在_1 威_1 胁_1 地_1 球_1 的_1 生_1 物_1 多_1 样_1 性_1 ，_1 致_1 使_1 一_1 些_1 物_1 种_1 灭_1 绝_1 。_1 澳_1 大_1 利_1 [SEP]_1 每_1 年_1 全_1 球_1 海_1 平_1 面_1 平_1 均_1 上_1 涨_1 1_1 ._1 7_1 毫_1 米_1 ，_1 但_1 1993_1 年_1 到_1 2014_1 年_1 ，_1 全_1 球_1 海_1 平_1 面_1 的_1 平_1 均_1 上_1 涨_1 速_1 度_1 是_1 每_1 年_1 3_1 ._1 2_1 毫_1 米_1 。_1 有_1 预_1 测_1 认_1 为_1 ，_1 从_1 2013_1 年_1 左_1 右_1 到_1 2100_1 年_1 ，_1 全_1 球_1 海_1 平_1 面_1 可_1 能_1 上_1 涨_1 大_1 约_1 一_1 米_1 。_1 而_1 据_1 澳_1 大_1 利_1 亚_1 官_1 方_1 的_1 预_1 测_1 ，_1 即_1 使_1 海_1 平_1 面_1 只_1 上_1 涨_1 0_1 ._1 5_1 米_1 ，_1 十_1 年_1 一_1 遇_1 的_1 灾_1 害_1 性_1 天_1 气_1 也_1 可_1 能_1 在_1 未_1 来_1 变_1 为_1 十_1 日_1 一_1 遇_1 。_1 [SEP]_1
2019-10-25 14:58:33,566 seed everything and create model
2019-10-25 15:00:23,451 step 150 train loss: 0.6101
2019-10-25 15:00:23,451 step 150 score: 0.7353
2019-10-25 15:02:07,615 step 300 train loss: 0.4102
2019-10-25 15:02:07,616 step 300 score: 0.7790
2019-10-25 15:03:51,779 step 450 train loss: 0.3530
2019-10-25 15:03:51,779 step 450 score: 0.7814
2019-10-25 15:05:35,933 step 600 train loss: 0.2810
2019-10-25 15:05:35,934 step 600 score: 0.7727
2019-10-25 15:07:20,083 step 750 train loss: 0.3046
2019-10-25 15:07:20,083 step 750 score: 0.7907
2019-10-25 15:09:04,219 step 900 train loss: 0.1876
2019-10-25 15:09:04,219 step 900 score: 0.7776
2019-10-25 15:10:48,342 step 1050 train loss: 0.1974
2019-10-25 15:10:48,343 step 1050 score: 0.7904
2019-10-25 15:12:32,483 step 1200 train loss: 0.1386
2019-10-25 15:12:32,483 step 1200 score: 0.7822
2019-10-25 15:14:16,630 step 1350 train loss: 0.1237
2019-10-25 15:14:16,630 step 1350 score: 0.7923
2019-10-25 15:16:00,777 step 1500 train loss: 0.1217
2019-10-25 15:16:00,778 step 1500 score: 0.7889
2019-10-25 15:16:00,778 best score is 0.7923
