2019-10-20 01:40:46,776 log_in_file: True
2019-10-20 01:40:46,776 bert_path: /home/wangzl/PretrainedLM/BERT/New/roberta_zh_l12
2019-10-20 01:40:46,776 data_path: ../data/
2019-10-20 01:40:46,776 usegpu: True
2019-10-20 01:40:46,776 use_origin: False
2019-10-20 01:40:46,776 n_fold: 5
2019-10-20 01:40:46,776 total_step: 3000
2019-10-20 01:40:46,776 eval_every: 300
2019-10-20 01:40:46,776 early_stop: 4
2019-10-20 01:40:46,776 max_length: 510
2019-10-20 01:40:46,776 max_title_rate: 0.1
2019-10-20 01:40:46,776 content_head_rate: 0.6
2019-10-20 01:40:46,776 batch_size: 8
2019-10-20 01:40:46,776 lr_scheduler_type: linear
2019-10-20 01:40:46,776 input_pattern: head+tail+fixed
2019-10-20 01:40:46,776 clean_method: space+notzh
2019-10-20 01:40:46,776 warmup_rate: 0.1
2019-10-20 01:40:46,776 classifier_dropout: 0.1
2019-10-20 01:40:46,776 classifier_weight_decay: 0.0
2019-10-20 01:40:46,776 cache_final_model: False
2019-10-20 01:40:46,777 seed: 108
2019-10-20 01:40:46,777 lr: 2e-05
2019-10-20 01:40:46,777 lr_decay_in_layers: 0.95
2019-10-20 01:40:46,777 weight_decay: 0.0
2019-10-20 01:41:08,857 Token Sample: [CLS]_0 4_0 ._0 25_0 今_0 日_0 早_0 报_0 中_0 车_0 青_0 岛_0 四_0 方_0 与_0 阿_0 根_0 廷_0 签_0 下_0 2_0 ._0 78_0 亿_0 美_0 金_0 订_0 单_0 [PAD]_0 [PAD]_0 [PAD]_0 [PAD]_0 [PAD]_0 [PAD]_0 [PAD]_0 [PAD]_0 [PAD]_0 [PAD]_0 [PAD]_0 [PAD]_0 [PAD]_0 [PAD]_0 [PAD]_0 [PAD]_0 [PAD]_0 [PAD]_0 [PAD]_0 [PAD]_0 [PAD]_0 [PAD]_0 [PAD]_0 [PAD]_0 [SEP]_0 中_1 车_1 青_1 岛_1 四_1 方_1 与_1 阿_1 根_1 廷_1 签_1 署_1 了_1 罗_1 卡_1 线_1 200_1 辆_1 城_1 际_1 动_1 车_1 组_1 及_1 配_1 件_1 供_1 货_1 合_1 同_1 ，_1 总_1 金_1 额_1 2_1 ._1 78_1 亿_1 美_1 金_1 。_1 【_1 上_1 市_1 公_1 司_1 动_1 态_1 】_1 1_1 ._1 中_1 车_1 青_1 岛_1 四_1 方_1 机_1 车_1 车_1 辆_1 股_1 份_1 有_1 限_1 公_1 司_1 24_1 日_1 发_1 布_1 消_1 息_1 称_1 ，_1 阿_1 根_1 廷_1 当_1 地_1 时_1 间_1 4_1 月_1 23_1 日_1 ，_1 该_1 公_1 司_1 与_1 阿_1 根_1 廷_1 交_1 通_1 部_1 在_1 布_1 宜_1 诺_1 斯_1 艾_1 利_1 斯_1 签_1 署_1 了_1 罗_1 卡_1 线_1 200_1 辆_1 城_1 际_1 动_1 车_1 组_1 及_1 配_1 件_1 供_1 货_1 合_1 同_1 ，_1 总_1 金_1 额_1 2_1 ._1 78_1 亿_1 美_1 金_1 。_1 这_1 是_1 中_1 车_1 四_1 方_1 在_1 阿_1 根_1 廷_1 赢_1 得_1 的_1 第_1 三_1 批_1 城_1 际_1 动_1 车_1 组_1 出_1 口_1 订_1 单_1 。_1 2_1 ._1 4_1 月_1 20_1 日_1 ，_1 东_1 方_1 航_1 空_1 宣_1 布_1 正_1 式_1 入_1 驻_1 绿_1 地_1 控_1 股_1 旗_1 下_1 项_1 目_1 广_1 州_1 国_1 际_1 空_1 港_1 中_1 心_1 。_1 这_1 两_1 家_1 同_1 为_1 上_1 海_1 起_1 步_1 的_1 世_1 界_1 500_1 强_1 企_1 业_1 ，_1 要_1 在_1 广_1 州_1 空_1 港_1 经_1 济_1 区_1 这_1 片_1 热_1 土_1 上_1 再_1 度_1 联_1 手_1 掘_1 金_1 万_1 亿_1 临_1 空_1 产_1 业_1 。_1 3_1 ._1 中_1 国_1 民_1 用_1 航_1 空_1 局_1 官_1 网_1 4_1 月_1 24_1 日_1 发_1 布_1 《_1 关_1 于_1 拟_1 批_1 准_1 北_1 京_1 航_1 空_1 有_1 限_1 责_1 任_1 公_1 司_1 筹_1 建_1 [SEP]_1 政_1 务_1 公_1 开_1 工_1 作_1 ，_1 要_1 全_1 面_1 贯_1 彻_1 党_1 的_1 十_1 九_1 大_1 和_1 十_1 九_1 届_1 二_1 中_1 、_1 三_1 中_1 全_1 会_1 精_1 神_1 ，_1 以_1 习_1 近_1 平_1 新_1 时_1 代_1 中_1 国_1 特_1 色_1 社_1 会_1 主_1 义_1 思_1 想_1 为_1 指_1 导_1 ，_1 深_1 入_1 落_1 实_1 党_1 中_1 央_1 、_1 国_1 务_1 院_1 关_1 于_1 全_1 面_1 推_1 进_1 政_1 务_1 公_1 开_1 工_1 作_1 的_1 系_1 列_1 部_1 署_1 ，_1 坚_1 持_1 统_1 筹_1 兼_1 顾_1 、_1 突_1 出_1 重_1 点_1 ，_1 大_1 力_1 推_1 进_1 决_1 策_1 、_1 执_1 行_1 、_1 管_1 理_1 、_1 服_1 务_1 、_1 结_1 果_1 公_1 开_1 ，_1 不_1 断_1 提_1 升_1 政_1 务_1 公_1 开_1 的_1 质_1 量_1 和_1 实_1 效_1 ，_1 推_1 动_1 转_1 变_1 政_1 府_1 职_1 能_1 、_1 深_1 化_1 简_1 政_1 放_1 权_1 、_1 创_1 新_1 监_1 管_1 方_1 式_1 ，_1 促_1 进_1 经_1 济_1 社_1 会_1 持_1 续_1 健_1 康_1 发_1 展_1 ，_1 助_1 力_1 建_1 设_1 人_1 民_1 满_1 意_1 的_1 服_1 务_1 型_1 政_1 府_1 。_1 [SEP]_1
2019-10-20 01:41:22,510 Token Sample: [CLS]_0 恩_0 诺_0 教_0 育_0 ：_0 一_0 个_0 暴_0 力_0 孩_0 子_0 的_0 成_0 长_0 史_0 [PAD]_0 [PAD]_0 [PAD]_0 [PAD]_0 [PAD]_0 [PAD]_0 [PAD]_0 [PAD]_0 [PAD]_0 [PAD]_0 [PAD]_0 [PAD]_0 [PAD]_0 [PAD]_0 [PAD]_0 [PAD]_0 [PAD]_0 [PAD]_0 [PAD]_0 [PAD]_0 [PAD]_0 [PAD]_0 [PAD]_0 [PAD]_0 [PAD]_0 [PAD]_0 [PAD]_0 [PAD]_0 [PAD]_0 [PAD]_0 [PAD]_0 [PAD]_0 [PAD]_0 [PAD]_0 [PAD]_0 [PAD]_0 [SEP]_0 恩_1 诺_1 教_1 育_1 ：_1 一_1 个_1 暴_1 力_1 孩_1 子_1 的_1 成_1 长_1 史_1 [UNK]_1 今_1 天_1 该_1 你_1 洗_1 衣_1 服_1 了_1 。_1 [UNK]_1 父_1 亲_1 说_1 。_1 [UNK]_1 怎_1 么_1 又_1 让_1 我_1 洗_1 衣_1 服_1 ，_1 男_1 人_1 难_1 道_1 就_1 不_1 可_1 以_1 洗_1 衣_1 服_1 吗_1 ？_1 [UNK]_1 母_1 亲_1 说_1 [UNK]_1 你_1 天_1 天_1 在_1 家_1 怎_1 么_1 什_1 么_1 都_1 不_1 干_1 呢_1 ？_1 [UNK]_1 [UNK]_1 我_1 怎_1 么_1 什_1 么_1 都_1 不_1 干_1 ，_1 我_1 天_1 天_1 不_1 是_1 接_1 孩_1 子_1 上_1 下_1 学_1 吗_1 ？_1 我_1 天_1 天_1 没_1 有_1 给_1 孩_1 子_1 做_1 饭_1 吗_1 ？_1 让_1 你_1 做_1 个_1 饭_1 怎_1 么_1 那_1 么_1 费_1 事_1 呢_1 ？_1 [UNK]_1 [UNK]_1 我_1 天_1 天_1 工_1 作_1 的_1 时_1 间_1 你_1 又_1 不_1 是_1 不_1 知_1 道_1 ，_1 一_1 天_1 12_1 个_1 小_1 时_1 的_1 工_1 作_1 ，_1 算_1 上_1 来_1 回_1 走_1 ，_1 剩_1 下_1 的_1 时_1 间_1 就_1 剩_1 下_1 八_1 九_1 个_1 小_1 时_1 。_1 你_1 还_1 想_1 让_1 我_1 怎_1 么_1 样_1 ！_1 [UNK]_1 [UNK]_1 上_1 班_1 怎_1 么_1 了_1 ，_1 上_1 班_1 了_1 不_1 起_1 啊_1 ，_1 我_1 天_1 天_1 没_1 有_1 上_1 班_1 吗_1 ？_1 你_1 们_1 男_1 人_1 怎_1 么_1 那_1 么_1 懒_1 啊_1 ！_1 [UNK]_1 [UNK]_1 你_1 是_1 怎_1 么_1 说_1 话_1 的_1 ，_1 跟_1 你_1 干_1 的_1 活_1 非_1 常_1 多_1 一_1 样_1 的_1 。_1 [UNK]_1 [UNK]_1 能_1 干_1 就_1 干_1 ，_1 不_1 能_1 干_1 就_1 离_1 婚_1 。_1 [UNK]_1 [UNK]_1 [UNK]_1 [UNK]_1 [UNK]_1 ._1 父_1 母_1 的_1 争_1 吵_1 孩_1 子_1 持_1 续_1 着_1 ，_1 五_1 岁_1 的_1 小_1 明_1 蜷_1 缩_1 着_1 身_1 [SEP]_1 试_1 试_1 看_1 的_1 心_1 情_1 去_1 了_1 那_1 里_1 ，_1 心_1 理_1 咨_1 询_1 师_1 分_1 析_1 了_1 小_1 明_1 状_1 况_1 ，_1 最_1 后_1 断_1 定_1 小_1 明_1 是_1 因_1 为_1 安_1 全_1 感_1 的_1 缺_1 失_1 造_1 成_1 的_1 校_1 园_1 暴_1 力_1 ，_1 以_1 此_1 来_1 寻_1 求_1 安_1 全_1 感_1 。_1 心_1 理_1 咨_1 询_1 师_1 建_1 议_1 让_1 小_1 明_1 的_1 父_1 母_1 在_1 小_1 明_1 的_1 面_1 前_1 控_1 制_1 自_1 己_1 ，_1 减_1 少_1 吵_1 架_1 的_1 次_1 数_1 。_1 并_1 且_1 带_1 着_1 孩_1 子_1 出_1 去_1 玩_1 下_1 ，_1 增_1 进_1 父_1 母_1 和_1 孩_1 子_1 之_1 间_1 的_1 感_1 情_1 。_1 经_1 过_1 治_1 疗_1 ，_1 小_1 明_1 的_1 暴_1 力_1 倾_1 向_1 得_1 到_1 了_1 缓_1 解_1 ，_1 小_1 明_1 的_1 学_1 习_1 成_1 绩_1 也_1 有_1 了_1 显_1 著_1 的_1 提_1 高_1 ，_1 小_1 明_1 的_1 父_1 母_1 露_1 出_1 了_1 欣_1 慰_1 的_1 微_1 笑_1 。_1 本_1 文_1 来_1 自_1 大_1 风_1 号_1 ，_1 仅_1 代_1 表_1 大_1 风_1 号_1 自_1 媒_1 体_1 观_1 点_1 。_1 [SEP]_1
2019-10-20 01:41:53,333 Token Sample: [CLS]_0 包_0 租_0 婆_0 get_0 !_0 一_0 起_0 围_0 观_0 这_0 个_0 堪_0 称_0 是_0 消_0 防_0 设_0 施_0 最_0 全_0 群_0 租_0 房_0 !_0 !_0 [PAD]_0 [PAD]_0 [PAD]_0 [PAD]_0 [PAD]_0 [PAD]_0 [PAD]_0 [PAD]_0 [PAD]_0 [PAD]_0 [PAD]_0 [PAD]_0 [PAD]_0 [PAD]_0 [PAD]_0 [PAD]_0 [PAD]_0 [PAD]_0 [PAD]_0 [PAD]_0 [PAD]_0 [PAD]_0 [PAD]_0 [PAD]_0 [PAD]_0 [PAD]_0 [SEP]_0 乱_1 拉_1 的_1 电_1 线_1 容_1 易_1 招_1 致_1 火_1 患_1 的_1 电_1 动_1 车_1 狭_1 窄_1 的_1 逃_1 生_1 通_1 道_1 、_1 牢_1 固_1 窗_1 户_1 围_1 栏_1 ._1 ._1 ._1 ._1 ._1 这_1 种_1 环_1 境_1 的_1 群_1 租_1 房_1 万_1 一_1 发_1 生_1 火_1 灾_1 后_1 果_1 真_1 的_1 不_1 堪_1 设_1 想_1 那_1 么_1 ，_1 怎_1 样_1 的_1 群_1 租_1 房_1 才_1 算_1 是_1 符_1 合_1 消_1 防_1 安_1 全_1 ？_1 近_1 日_1 ，_1 小_1 编_1 带_1 了_1 一_1 群_1 包_1 租_1 婆_1 、_1 包_1 租_1 公_1 一_1 起_1 去_1 参_1 观_1 了_1 这_1 个_1 群_1 租_1 房_1 示_1 范_1 点_1 一_1 起_1 来_1 看_1 看_1 看_1 点_1 1_1 带_1 有_1 独_1 立_1 的_1 电_1 动_1 车_1 充_1 电_1 房_1 群_1 租_1 房_1 示_1 范_1 点_1 设_1 有_1 独_1 立_1 电_1 动_1 车_1 充_1 电_1 房_1 ，_1 充_1 电_1 房_1 用_1 实_1 墙_1 与_1 主_1 楼_1 分_1 隔_1 ，_1 对_1 群_1 租_1 房_1 的_1 电_1 动_1 车_1 充_1 电_1 进_1 行_1 了_1 消_1 防_1 物_1 理_1 隔_1 离_1 。_1 房_1 内_1 楼_1 顶_1 装_1 有_1 消_1 防_1 球_1 （_1 感_1 应_1 干_1 粉_1 式_1 ）_1 ，_1 一_1 旦_1 电_1 动_1 车_1 起_1 火_1 ，_1 其_1 马_1 上_1 起_1 作_1 用_1 ，_1 自_1 动_1 喷_1 粉_1 灭_1 火_1 。_1 看_1 点_1 2_1 设_1 有_1 漏_1 电_1 自_1 动_1 断_1 电_1 开_1 关_1 、_1 pc_1 防_1 火_1 线_1 槽_1 群_1 租_1 房_1 示_1 范_1 点_1 设_1 置_1 了_1 漏_1 电_1 自_1 动_1 断_1 电_1 开_1 关_1 和_1 pc_1 阻_1 燃_1 线_1 槽_1 ，_1 最_1 大_1 程_1 度_1 减_1 轻_1 了_1 消_1 防_1 安_1 全_1 隐_1 患_1 。_1 看_1 点_1 3_1 灭_1 火_1 器_1 [SEP]_1 观_1 学_1 习_1 ，_1 并_1 马_1 上_1 改_1 造_1 了_1 自_1 己_1 的_1 群_1 租_1 房_1 。_1 在_1 此_1 ，_1 小_1 编_1 希_1 望_1 广_1 大_1 群_1 租_1 房_1 屋_1 主_1 为_1 了_1 自_1 己_1 和_1 住_1 户_1 的_1 切_1 身_1 利_1 益_1 ，_1 积_1 极_1 对_1 应_1 改_1 造_1 ，_1 让_1 广_1 大_1 租_1 客_1 住_1 得_1 安_1 全_1 、_1 放_1 心_1 。_1 最_1 后_1 ，_1 小_1 编_1 赠_1 大_1 家_1 几_1 条_1 消_1 防_1 安_1 全_1 小_1 宝_1 典_1 编_1 辑_1 丨_1 小_1 刚_1 校_1 对_1 丨_1 明_1 空_1 果_1 酱_1 jim_1 丨_1 高_1 明_1 公_1 安_1 禅_1 城_1 公_1 安_1 公_1 安_1 主_1 持_1 人_1 作_1 品_1 由_1 特_1 别_1 声_1 明_1 ：_1 以_1 上_1 文_1 章_1 内_1 容_1 仅_1 代_1 表_1 作_1 者_1 本_1 人_1 观_1 点_1 ，_1 不_1 代_1 表_1 新_1 浪_1 看_1 点_1 观_1 点_1 或_1 立_1 场_1 。_1 如_1 有_1 关_1 于_1 作_1 品_1 内_1 容_1 、_1 版_1 权_1 或_1 其_1 它_1 问_1 题_1 请_1 于_1 作_1 品_1 发_1 表_1 后_1 的_1 30_1 日_1 内_1 与_1 新_1 浪_1 看_1 点_1 联_1 系_1 。_1 [SEP]_1
2019-10-20 01:42:11,628 Token Sample: [CLS]_0 党_0 建_0 领_0 航_0 |_0 岳_0 塘_0 经_0 开_0 区_0 开_0 展_0 创_0 建_0 国_0 家_0 森_0 林_0 城_0 市_0 欢_0 乐_0 跑_0 活_0 动_0 [PAD]_0 [PAD]_0 [PAD]_0 [PAD]_0 [PAD]_0 [PAD]_0 [PAD]_0 [PAD]_0 [PAD]_0 [PAD]_0 [PAD]_0 [PAD]_0 [PAD]_0 [PAD]_0 [PAD]_0 [PAD]_0 [PAD]_0 [PAD]_0 [PAD]_0 [PAD]_0 [PAD]_0 [PAD]_0 [PAD]_0 [PAD]_0 [PAD]_0 [PAD]_0 [SEP]_0 点_1 击_1 标_1 题_1 下_1 「_1 蓝_1 色_1 微_1 信_1 名_1 」_1 可_1 快_1 速_1 关_1 注_1 5_1 月_1 19_1 日_1 上_1 午_1 ，_1 万_1 众_1 期_1 待_1 的_1 2018_1 年_1 湘_1 潭_1 市_1 创_1 建_1 国_1 家_1 森_1 林_1 城_1 市_1 湘_1 江_1 马_1 拉_1 松_1 赛_1 创_1 森_1 健_1 康_1 欢_1 乐_1 跑_1 活_1 动_1 在_1 体_1 育_1 中_1 心_1 拉_1 开_1 了_1 帷_1 幕_1 。_1 岳_1 塘_1 经_1 开_1 区_1 机_1 关_1 党_1 支_1 部_1 18_1 名_1 运_1 动_1 员_1 ，_1 高_1 举_1 旗_1 帜_1 ，_1 迎_1 着_1 朝_1 阳_1 ，_1 整_1 装_1 待_1 发_1 ，_1 以_1 斗_1 志_1 昂_1 扬_1 之_1 姿_1 参_1 与_1 到_1 这_1 场_1 马_1 拉_1 松_1 赛_1 事_1 中_1 。_1 从_1 上_1 午_1 7_1 时_1 起_1 ，_1 岳_1 塘_1 经_1 开_1 区_1 机_1 关_1 党_1 支_1 部_1 组_1 织_1 运_1 动_1 员_1 集_1 合_1 ，_1 前_1 往_1 起_1 点_1 。_1 本_1 次_1 比_1 赛_1 展_1 现_1 了_1 经_1 开_1 人_1 良_1 好_1 的_1 身_1 体_1 素_1 质_1 ，_1 积_1 极_1 向_1 上_1 的_1 精_1 神_1 风_1 貌_1 和_1 奋_1 勇_1 向_1 前_1 的_1 拼_1 搏_1 精_1 神_1 ，_1 增_1 强_1 了_1 团_1 队_1 意_1 识_1 、_1 集_1 体_1 荣_1 誉_1 感_1 和_1 凝_1 聚_1 力_1 。_1 赛_1 后_1 大_1 家_1 纷_1 纷_1 表_1 示_1 ：_1 参_1 加_1 这_1 样_1 的_1 比_1 赛_1 对_1 于_1 锻_1 炼_1 意_1 志_1 、_1 增_1 强_1 体_1 魄_1 、_1 开_1 阔_1 视_1 野_1 、_1 挑_1 战_1 自_1 我_1 是_1 一_1 次_1 难_1 得_1 的_1 考_1 验_1 。_1 比_1 赛_1 虽_1 已_1 结_1 束_1 ，_1 但_1 在_1 今_1 后_1 工_1 作_1 生_1 活_1 上_1 我_1 们_1 仍_1 要_1 发_1 扬_1 这_1 种_1 精_1 [SEP]_1 了_1 团_1 队_1 意_1 识_1 、_1 集_1 体_1 荣_1 誉_1 感_1 和_1 凝_1 聚_1 力_1 。_1 赛_1 后_1 大_1 家_1 纷_1 纷_1 表_1 示_1 ：_1 参_1 加_1 这_1 样_1 的_1 比_1 赛_1 对_1 于_1 锻_1 炼_1 意_1 志_1 、_1 增_1 强_1 体_1 魄_1 、_1 开_1 阔_1 视_1 野_1 、_1 挑_1 战_1 自_1 我_1 是_1 一_1 次_1 难_1 得_1 的_1 考_1 验_1 。_1 比_1 赛_1 虽_1 已_1 结_1 束_1 ，_1 但_1 在_1 今_1 后_1 工_1 作_1 生_1 活_1 上_1 我_1 们_1 仍_1 要_1 发_1 扬_1 这_1 种_1 精_1 神_1 ，_1 克_1 服_1 一_1 切_1 困_1 难_1 ，_1 将_1 正_1 能_1 量_1 继_1 续_1 传_1 递_1 下_1 去_1 。_1 2018_1 年_1 岳_1 塘_1 经_1 开_1 区_1 机_1 关_1 党_1 支_1 部_1 将_1 进_1 一_1 步_1 探_1 索_1 党_1 建_1 与_1 德_1 育_1 体_1 融_1 合_1 创_1 新_1 的_1 有_1 效_1 模_1 式_1 ，_1 定_1 期_1 组_1 织_1 党_1 员_1 干_1 部_1 开_1 展_1 各_1 项_1 学_1 习_1 、_1 活_1 动_1 ，_1 积_1 极_1 为_1 创_1 建_1 国_1 家_1 森_1 林_1 城_1 市_1 助_1 力_1 。_1 通_1 讯_1 员_1 ：_1 傅_1 小_1 轩_1 [SEP]_1
2019-10-20 01:42:21,251 seed everything and create model
2019-10-20 01:45:09,093 step 300 train loss: 0.6068
2019-10-20 01:45:09,094 step 300 score: 0.7909
2019-10-20 01:47:52,736 step 600 train loss: 0.4085
2019-10-20 01:47:52,736 step 600 score: 0.7938
2019-10-20 01:50:36,406 step 900 train loss: 0.3360
2019-10-20 01:50:36,407 step 900 score: 0.7791
2019-10-20 01:53:20,049 step 1200 train loss: 0.2866
2019-10-20 01:53:20,049 step 1200 score: 0.8125
2019-10-20 01:56:03,747 step 1500 train loss: 0.3015
2019-10-20 01:56:03,748 step 1500 score: 0.8154
2019-10-20 01:58:47,446 step 1800 train loss: 0.2207
2019-10-20 01:58:47,446 step 1800 score: 0.8185
2019-10-20 02:01:31,155 step 2100 train loss: 0.2140
2019-10-20 02:01:31,155 step 2100 score: 0.7968
2019-10-20 02:04:14,805 step 2400 train loss: 0.1805
2019-10-20 02:04:14,805 step 2400 score: 0.8091
2019-10-20 02:06:58,453 step 2700 train loss: 0.1609
2019-10-20 02:06:58,454 step 2700 score: 0.8151
2019-10-20 02:09:42,111 step 3000 train loss: 0.1339
2019-10-20 02:09:42,111 step 3000 score: 0.8131
2019-10-20 02:09:42,111 best score is 0.8185
2019-10-20 02:14:28,880 step 300 train loss: 0.5827
2019-10-20 02:14:28,881 step 300 score: 0.7418
2019-10-20 02:17:12,538 step 600 train loss: 0.4262
2019-10-20 02:17:12,538 step 600 score: 0.7743
2019-10-20 02:19:56,189 step 900 train loss: 0.3254
2019-10-20 02:19:56,190 step 900 score: 0.7910
2019-10-20 02:22:39,858 step 1200 train loss: 0.2917
2019-10-20 02:22:39,858 step 1200 score: 0.7852
2019-10-20 02:25:23,507 step 1500 train loss: 0.2883
2019-10-20 02:25:23,507 step 1500 score: 0.7717
2019-10-20 02:28:07,161 step 1800 train loss: 0.2178
2019-10-20 02:28:07,161 step 1800 score: 0.7981
2019-10-20 02:30:50,806 step 2100 train loss: 0.1866
2019-10-20 02:30:50,806 step 2100 score: 0.7988
2019-10-20 02:33:34,477 step 2400 train loss: 0.1671
2019-10-20 02:33:34,477 step 2400 score: 0.7927
2019-10-20 02:36:18,141 step 2700 train loss: 0.1423
2019-10-20 02:36:18,141 step 2700 score: 0.7964
2019-10-20 02:39:01,809 step 3000 train loss: 0.1414
2019-10-20 02:39:01,809 step 3000 score: 0.7978
2019-10-20 02:39:01,810 best score is 0.7988
2019-10-20 02:43:48,585 step 300 train loss: 0.5843
2019-10-20 02:43:48,585 step 300 score: 0.7281
2019-10-20 02:46:32,241 step 600 train loss: 0.3980
2019-10-20 02:46:32,241 step 600 score: 0.7755
2019-10-20 02:49:15,887 step 900 train loss: 0.3258
2019-10-20 02:49:15,887 step 900 score: 0.7842
2019-10-20 02:51:59,565 step 1200 train loss: 0.3187
2019-10-20 02:51:59,566 step 1200 score: 0.7696
2019-10-20 02:54:43,234 step 1500 train loss: 0.2743
2019-10-20 02:54:43,234 step 1500 score: 0.7880
2019-10-20 02:57:26,895 step 1800 train loss: 0.2023
2019-10-20 02:57:26,895 step 1800 score: 0.7952
2019-10-20 03:00:10,561 step 2100 train loss: 0.1993
2019-10-20 03:00:10,562 step 2100 score: 0.8006
2019-10-20 03:02:54,222 step 2400 train loss: 0.1525
2019-10-20 03:02:54,222 step 2400 score: 0.7903
2019-10-20 03:05:37,857 step 2700 train loss: 0.1300
2019-10-20 03:05:37,857 step 2700 score: 0.7975
2019-10-20 03:08:21,505 step 3000 train loss: 0.1361
2019-10-20 03:08:21,505 step 3000 score: 0.7998
2019-10-20 03:08:21,506 best score is 0.8006
2019-10-20 03:13:08,294 step 300 train loss: 0.6453
2019-10-20 03:13:08,294 step 300 score: 0.7132
2019-10-20 03:15:51,946 step 600 train loss: 0.4365
2019-10-20 03:15:51,947 step 600 score: 0.7486
2019-10-20 03:18:35,599 step 900 train loss: 0.3678
2019-10-20 03:18:35,600 step 900 score: 0.7785
2019-10-20 03:21:19,269 step 1200 train loss: 0.2912
2019-10-20 03:21:19,269 step 1200 score: 0.7593
2019-10-20 03:24:02,922 step 1500 train loss: 0.3304
2019-10-20 03:24:02,922 step 1500 score: 0.7755
2019-10-20 03:26:46,575 step 1800 train loss: 0.2084
2019-10-20 03:26:46,576 step 1800 score: 0.7773
2019-10-20 03:29:30,252 step 2100 train loss: 0.2355
2019-10-20 03:29:30,252 step 2100 score: 0.7814
2019-10-20 03:32:13,911 step 2400 train loss: 0.1854
2019-10-20 03:32:13,911 step 2400 score: 0.7747
2019-10-20 03:34:57,587 step 2700 train loss: 0.1453
2019-10-20 03:34:57,587 step 2700 score: 0.7885
2019-10-20 03:37:41,232 step 3000 train loss: 0.1593
2019-10-20 03:37:41,232 step 3000 score: 0.7821
2019-10-20 03:37:41,232 best score is 0.7885
2019-10-20 03:42:28,003 step 300 train loss: 0.6062
2019-10-20 03:42:28,003 step 300 score: 0.6858
2019-10-20 03:45:11,669 step 600 train loss: 0.4211
2019-10-20 03:45:11,670 step 600 score: 0.7142
2019-10-20 03:47:55,371 step 900 train loss: 0.3567
2019-10-20 03:47:55,372 step 900 score: 0.7859
2019-10-20 03:50:39,029 step 1200 train loss: 0.3078
2019-10-20 03:50:39,030 step 1200 score: 0.7885
2019-10-20 03:53:22,682 step 1500 train loss: 0.3028
2019-10-20 03:53:22,682 step 1500 score: 0.7961
2019-10-20 03:56:06,336 step 1800 train loss: 0.2284
2019-10-20 03:56:06,336 step 1800 score: 0.7897
2019-10-20 03:58:49,973 step 2100 train loss: 0.2067
2019-10-20 03:58:49,973 step 2100 score: 0.8036
2019-10-20 04:01:33,625 step 2400 train loss: 0.1815
2019-10-20 04:01:33,625 step 2400 score: 0.7984
2019-10-20 04:04:17,259 step 2700 train loss: 0.1318
2019-10-20 04:04:17,259 step 2700 score: 0.7980
2019-10-20 04:07:00,895 step 3000 train loss: 0.1540
2019-10-20 04:07:00,895 step 3000 score: 0.7960
2019-10-20 04:07:00,896 best score is 0.8036
2019-10-20 04:09:03,989 average: 0.802006
