2019-10-18 22:28:46,085 log_in_file: True
2019-10-18 22:28:46,085 bert_path: /home/wangzl/PretrainedLM/BERT/New/chinese_wwm_ext_pytorch
2019-10-18 22:28:46,085 data_path: ../data/
2019-10-18 22:28:46,085 usegpu: True
2019-10-18 22:28:46,085 use_origin: False
2019-10-18 22:28:46,085 n_fold: 5
2019-10-18 22:28:46,085 total_step: 3000
2019-10-18 22:28:46,085 eval_every: 300
2019-10-18 22:28:46,085 early_stop: 4
2019-10-18 22:28:46,085 max_length: 510
2019-10-18 22:28:46,085 max_title_rate: 0.1
2019-10-18 22:28:46,085 content_head_rate: 0.6
2019-10-18 22:28:46,085 batch_size: 8
2019-10-18 22:28:46,085 lr_scheduler_type: linear
2019-10-18 22:28:46,085 input_pattern: head+tail+fixed
2019-10-18 22:28:46,085 clean_method: space+notzh
2019-10-18 22:28:46,085 warmup_rate: 0.1
2019-10-18 22:28:46,085 classifier_dropout: 0.3
2019-10-18 22:28:46,086 classifier_weight_decay: 0.0
2019-10-18 22:28:46,086 cache_final_model: False
2019-10-18 22:28:46,086 seed: 8
2019-10-18 22:28:46,086 lr: 2e-05
2019-10-18 22:28:46,086 lr_decay_in_layers: 0.95
2019-10-18 22:28:46,086 weight_decay: 0.01
2019-10-18 22:29:10,916 Token Sample: [CLS]_0 诚_0 赢_0 胜_0 金_0 ：_0 5_0 ._0 2_0 黄_0 金_0 飞_0 流_0 直_0 下_0 一_0 千_0 三_0 ，_0 疑_0 是_0 黄_0 金_0 后_0 市_0 如_0 何_0 走_0 [PAD]_0 [PAD]_0 [PAD]_0 [PAD]_0 [PAD]_0 [PAD]_0 [PAD]_0 [PAD]_0 [PAD]_0 [PAD]_0 [PAD]_0 [PAD]_0 [PAD]_0 [PAD]_0 [PAD]_0 [PAD]_0 [PAD]_0 [PAD]_0 [PAD]_0 [PAD]_0 [PAD]_0 [PAD]_0 [PAD]_0 [PAD]_0 [SEP]_0 每_1 当_1 深_1 夜_1 ，_1 办_1 公_1 室_1 只_1 剩_1 下_1 我_1 一_1 人_1 对_1 着_1 的_1 盘_1 面_1 的_1 时_1 候_1 ，_1 我_1 会_1 在_1 想_1 现_1 在_1 还_1 有_1 多_1 少_1 投_1 资_1 者_1 是_1 跟_1 我_1 做_1 着_1 一_1 样_1 的_1 事_1 情_1 ，_1 或_1 许_1 这_1 也_1 是_1 一_1 种_1 陪_1 伴_1 吧_1 。_1 几_1 乎_1 每_1 天_1 晚_1 上_1 都_1 会_1 有_1 一_1 两_1 个_1 投_1 资_1 朋_1 友_1 找_1 我_1 哭_1 诉_1 他_1 们_1 的_1 投_1 资_1 经_1 历_1 ：_1 [UNK]_1 老_1 师_1 ，_1 我_1 对_1 这_1 个_1 投_1 资_1 真_1 的_1 是_1 心_1 灰_1 意_1 冷_1 了_1 ，_1 越_1 做_1 越_1 没_1 有_1 信_1 心_1 了_1 [UNK]_1 听_1 着_1 客_1 户_1 这_1 些_1 抱_1 怨_1 的_1 话_1 ，_1 其_1 实_1 我_1 知_1 道_1 ，_1 导_1 致_1 他_1 们_1 亏_1 损_1 的_1 原_1 因_1 非_1 常_1 简_1 单_1 ，_1 缺_1 少_1 一_1 位_1 负_1 责_1 的_1 人_1 ！_1 下_1 面_1 诚_1 赢_1 为_1 你_1 带_1 来_1 最_1 新_1 的_1 黄_1 金_1 资_1 讯_1 与_1 操_1 作_1 建_1 议_1 ，_1 希_1 望_1 对_1 你_1 有_1 帮_1 助_1 。_1 消_1 息_1 面_1 ：_1 周_1 二_1 (_1 5_1 月_1 1_1 日_1 )_1 ，_1 现_1 货_1 黄_1 金_1 刷_1 新_1 近_1 两_1 个_1 月_1 新_1 低_1 ，_1 下_1 破_1 日_1 线_1 颈_1 线_1 位_1 130_1 ##7_1 ._1 23_1 美_1 元_1 ，_1 因_1 特_1 朗_1 普_1 推_1 迟_1 对_1 加_1 拿_1 大_1 、_1 欧_1 盟_1 和_1 墨_1 西_1 哥_1 的_1 钢_1 铝_1 关_1 税_1 作_1 出_1 决_1 定_1 暂_1 时_1 缓_1 和_1 了_1 市_1 场_1 对_1 全_1 球_1 贸_1 易_1 摩_1 擦_1 升_1 级_1 的_1 担_1 忧_1 ，_1 市_1 场_1 风_1 险_1 情_1 绪_1 [SEP]_1 为_1 相_1 、_1 止_1 损_1 至_1 圣_1 本_1 文_1 由_1 诚_1 赢_1 胜_1 金_1 独_1 家_1 供_1 稿_1 ，_1 转_1 载_1 请_1 注_1 明_1 出_1 处_1 。_1 网_1 络_1 发_1 布_1 存_1 在_1 审_1 核_1 ，_1 盘_1 中_1 行_1 情_1 多_1 变_1 ，_1 上_1 方_1 建_1 议_1 仅_1 供_1 参_1 考_1 ，_1 据_1 此_1 操_1 作_1 ，_1 风_1 险_1 自_1 担_1 。_1 诚_1 赢_1 本_1 人_1 每_1 天_1 会_1 在_1 朋_1 友_1 圈_1 提_1 供_1 方_1 向_1 和_1 大_1 的_1 预_1 期_1 ，_1 更_1 新_1 趋_1 势_1 分_1 析_1 和_1 操_1 作_1 思_1 路_1 ，_1 需_1 要_1 考_1 察_1 实_1 力_1 的_1 可_1 以_1 自_1 行_1 去_1 看_1 就_1 可_1 以_1 了_1 ，_1 又_1 不_1 收_1 费_1 ，_1 若_1 有_1 疑_1 问_1 我_1 们_1 可_1 以_1 一_1 起_1 交_1 流_1 学_1 习_1 ，_1 后_1 期_1 我_1 会_1 在_1 这_1 个_1 市_1 场_1 上_1 带_1 你_1 慢_1 慢_1 找_1 回_1 信_1 心_1 ，_1 也_1 会_1 教_1 你_1 对_1 盘_1 面_1 的_1 技_1 术_1 分_1 析_1 ，_1 操_1 作_1 技_1 巧_1 及_1 心_1 态_1 管_1 理_1 ，_1 与_1 君_1 共_1 勉_1 。_1 [SEP]_1
2019-10-18 22:29:27,026 Token Sample: [CLS]_0 共_0 享_0 单_0 车_0 乱_0 象_0 何_0 时_0 休_0 [PAD]_0 [PAD]_0 [PAD]_0 [PAD]_0 [PAD]_0 [PAD]_0 [PAD]_0 [PAD]_0 [PAD]_0 [PAD]_0 [PAD]_0 [PAD]_0 [PAD]_0 [PAD]_0 [PAD]_0 [PAD]_0 [PAD]_0 [PAD]_0 [PAD]_0 [PAD]_0 [PAD]_0 [PAD]_0 [PAD]_0 [PAD]_0 [PAD]_0 [PAD]_0 [PAD]_0 [PAD]_0 [PAD]_0 [PAD]_0 [PAD]_0 [PAD]_0 [PAD]_0 [PAD]_0 [PAD]_0 [PAD]_0 [PAD]_0 [PAD]_0 [PAD]_0 [PAD]_0 [PAD]_0 [PAD]_0 [SEP]_0 今_1 天_1 ，_1 偶_1 尔_1 路_1 过_1 乐_1 山_1 城_1 区_1 某_1 条_1 街_1 道_1 ，_1 看_1 到_1 很_1 多_1 共_1 享_1 单_1 车_1 随_1 意_1 丢_1 弃_1 在_1 路_1 边_1 ，_1 河_1 边_1 ，_1 不_1 仅_1 阻_1 碍_1 交_1 通_1 ，_1 还_1 影_1 响_1 市_1 容_1 市_1 貌_1 ，_1 本_1 来_1 一_1 个_1 好_1 好_1 的_1 便_1 民_1 交_1 通_1 工_1 具_1 ，_1 现_1 在_1 却_1 成_1 为_1 了_1 糟_1 蹋_1 的_1 对_1 象_1 ，_1 不_1 禁_1 让_1 我_1 心_1 酸_1 至_1 极_1 。_1 对_1 于_1 共_1 享_1 单_1 车_1 问_1 题_1 ，_1 每_1 个_1 城_1 市_1 都_1 会_1 存_1 在_1 ，_1 也_1 是_1 每_1 个_1 城_1 市_1 目_1 前_1 的_1 通_1 病_1 与_1 心_1 病_1 ，_1 随_1 意_1 丢_1 弃_1 ，_1 不_1 仅_1 影_1 响_1 市_1 容_1 市_1 貌_1 ，_1 还_1 浪_1 费_1 公_1 共_1 济_1 源_1 ，_1 在_1 共_1 享_1 单_1 车_1 日_1 益_1 盛_1 行_1 ，_1 为_1 大_1 家_1 提_1 供_1 更_1 方_1 便_1 ，_1 更_1 快_1 捷_1 服_1 务_1 的_1 同_1 时_1 ，_1 我_1 认_1 为_1 加_1 强_1 共_1 享_1 单_1 车_1 管_1 理_1 是_1 迫_1 在_1 眉_1 睫_1 ，_1 至_1 关_1 重_1 要_1 的_1 ，_1 在_1 为_1 大_1 家_1 提_1 供_1 方_1 便_1 的_1 同_1 时_1 ，_1 也_1 应_1 该_1 让_1 大_1 家_1 规_1 范_1 使_1 用_1 ，_1 文_1 明_1 使_1 用_1 ，_1 自_1 觉_1 养_1 成_1 一_1 个_1 好_1 的_1 用_1 车_1 习_1 惯_1 。_1 如_1 果_1 让_1 大_1 家_1 养_1 成_1 一_1 个_1 好_1 的_1 用_1 车_1 习_1 惯_1 ，_1 关_1 键_1 还_1 在_1 要_1 先_1 规_1 范_1 ，_1 个_1 人_1 认_1 为_1 ，_1 关_1 键_1 是_1 做_1 好_1 以_1 下_1 几_1 个_1 方_1 面_1 ，_1 一_1 [SEP]_1 、_1 城_1 管_1 、_1 社_1 区_1 各_1 部_1 门_1 ，_1 建_1 议_1 企_1 业_1 -_1 政_1 府_1 的_1 双_1 向_1 沟_1 通_1 机_1 制_1 。_1 针_1 对_1 增_1 设_1 、_1 优_1 化_1 单_1 车_1 摆_1 放_1 点_1 问_1 题_1 进_1 行_1 专_1 门_1 研_1 究_1 。_1 比_1 如_1 摆_1 放_1 点_1 应_1 该_1 增_1 设_1 规_1 范_1 系_1 统_1 ，_1 与_1 实_1 名_1 挂_1 沟_1 ，_1 车_1 子_1 回_1 来_1 进_1 入_1 摆_1 放_1 点_1 之_1 后_1 就_1 会_1 提_1 示_1 ，_1 这_1 样_1 就_1 可_1 以_1 有_1 效_1 保_1 证_1 车_1 子_1 规_1 范_1 的_1 停_1 放_1 率_1 。_1 四_1 是_1 建_1 议_1 酌_1 情_1 开_1 放_1 市_1 内_1 办_1 公_1 地_1 点_1 、_1 居_1 民_1 小_1 区_1 ，_1 为_1 共_1 享_1 单_1 车_1 提_1 供_1 停_1 放_1 场_1 地_1 据_1 我_1 长_1 时_1 间_1 观_1 察_1 ，_1 很_1 多_1 共_1 享_1 单_1 车_1 随_1 意_1 摆_1 放_1 是_1 由_1 于_1 上_1 班_1 人_1 群_1 急_1 着_1 上_1 班_1 ，_1 又_1 没_1 有_1 合_1 适_1 的_1 停_1 放_1 点_1 ，_1 所_1 以_1 下_1 车_1 随_1 手_1 一_1 扔_1 。_1 [SEP]_1
2019-10-18 22:29:49,104 Token Sample: [CLS]_0 超_0 车_0 失_0 控_0 活_0 受_0 罪_0 ，_0 司_0 机_0 无_0 辜_0 被_0 连_0 累_0 !_0 [PAD]_0 [PAD]_0 [PAD]_0 [PAD]_0 [PAD]_0 [PAD]_0 [PAD]_0 [PAD]_0 [PAD]_0 [PAD]_0 [PAD]_0 [PAD]_0 [PAD]_0 [PAD]_0 [PAD]_0 [PAD]_0 [PAD]_0 [PAD]_0 [PAD]_0 [PAD]_0 [PAD]_0 [PAD]_0 [PAD]_0 [PAD]_0 [PAD]_0 [PAD]_0 [PAD]_0 [PAD]_0 [PAD]_0 [PAD]_0 [PAD]_0 [PAD]_0 [PAD]_0 [PAD]_0 [PAD]_0 [SEP]_0 关_1 注_1 我_1 们_1 查_1 看_1 更_1 多_1 视_1 频_1 [PAD]_1 [PAD]_1 [PAD]_1 [PAD]_1 [PAD]_1 [PAD]_1 [PAD]_1 [PAD]_1 [PAD]_1 [PAD]_1 [PAD]_1 [PAD]_1 [PAD]_1 [PAD]_1 [PAD]_1 [PAD]_1 [PAD]_1 [PAD]_1 [PAD]_1 [PAD]_1 [PAD]_1 [PAD]_1 [PAD]_1 [PAD]_1 [PAD]_1 [PAD]_1 [PAD]_1 [PAD]_1 [PAD]_1 [PAD]_1 [PAD]_1 [PAD]_1 [PAD]_1 [PAD]_1 [PAD]_1 [PAD]_1 [PAD]_1 [PAD]_1 [PAD]_1 [PAD]_1 [PAD]_1 [PAD]_1 [PAD]_1 [PAD]_1 [PAD]_1 [PAD]_1 [PAD]_1 [PAD]_1 [PAD]_1 [PAD]_1 [PAD]_1 [PAD]_1 [PAD]_1 [PAD]_1 [PAD]_1 [PAD]_1 [PAD]_1 [PAD]_1 [PAD]_1 [PAD]_1 [PAD]_1 [PAD]_1 [PAD]_1 [PAD]_1 [PAD]_1 [PAD]_1 [PAD]_1 [PAD]_1 [PAD]_1 [PAD]_1 [PAD]_1 [PAD]_1 [PAD]_1 [PAD]_1 [PAD]_1 [PAD]_1 [PAD]_1 [PAD]_1 [PAD]_1 [PAD]_1 [PAD]_1 [PAD]_1 [PAD]_1 [PAD]_1 [PAD]_1 [PAD]_1 [PAD]_1 [PAD]_1 [PAD]_1 [PAD]_1 [PAD]_1 [PAD]_1 [PAD]_1 [PAD]_1 [PAD]_1 [PAD]_1 [PAD]_1 [PAD]_1 [PAD]_1 [PAD]_1 [PAD]_1 [PAD]_1 [PAD]_1 [PAD]_1 [PAD]_1 [PAD]_1 [PAD]_1 [PAD]_1 [PAD]_1 [PAD]_1 [PAD]_1 [PAD]_1 [PAD]_1 [PAD]_1 [PAD]_1 [PAD]_1 [PAD]_1 [PAD]_1 [PAD]_1 [PAD]_1 [PAD]_1 [PAD]_1 [PAD]_1 [PAD]_1 [PAD]_1 [PAD]_1 [PAD]_1 [PAD]_1 [PAD]_1 [PAD]_1 [PAD]_1 [PAD]_1 [PAD]_1 [PAD]_1 [PAD]_1 [PAD]_1 [PAD]_1 [PAD]_1 [PAD]_1 [PAD]_1 [PAD]_1 [PAD]_1 [PAD]_1 [PAD]_1 [PAD]_1 [PAD]_1 [PAD]_1 [PAD]_1 [PAD]_1 [PAD]_1 [PAD]_1 [PAD]_1 [PAD]_1 [PAD]_1 [PAD]_1 [PAD]_1 [PAD]_1 [PAD]_1 [PAD]_1 [PAD]_1 [PAD]_1 [PAD]_1 [PAD]_1 [PAD]_1 [PAD]_1 [PAD]_1 [PAD]_1 [PAD]_1 [PAD]_1 [PAD]_1 [PAD]_1 [PAD]_1 [PAD]_1 [PAD]_1 [PAD]_1 [PAD]_1 [PAD]_1 [PAD]_1 [PAD]_1 [PAD]_1 [PAD]_1 [PAD]_1 [PAD]_1 [PAD]_1 [PAD]_1 [PAD]_1 [PAD]_1 [PAD]_1 [PAD]_1 [PAD]_1 [PAD]_1 [PAD]_1 [PAD]_1 [PAD]_1 [PAD]_1 [PAD]_1 [PAD]_1 [PAD]_1 [PAD]_1 [PAD]_1 [PAD]_1 [PAD]_1 [PAD]_1 [PAD]_1 [PAD]_1 [PAD]_1 [PAD]_1 [PAD]_1 [PAD]_1 [PAD]_1 [PAD]_1 [PAD]_1 [PAD]_1 [PAD]_1 [PAD]_1 [PAD]_1 [PAD]_1 [PAD]_1 [PAD]_1 [PAD]_1 [PAD]_1 [PAD]_1 [PAD]_1 [PAD]_1 [PAD]_1 [PAD]_1 [PAD]_1 [PAD]_1 [PAD]_1 [PAD]_1 [PAD]_1 [PAD]_1 [PAD]_1 [PAD]_1 [PAD]_1 [PAD]_1 [PAD]_1 [PAD]_1 [PAD]_1 [PAD]_1 [PAD]_1 [PAD]_1 [PAD]_1 [PAD]_1 [PAD]_1 [PAD]_1 [PAD]_1 [PAD]_1 [PAD]_1 [PAD]_1 [PAD]_1 [PAD]_1 [PAD]_1 [PAD]_1 [PAD]_1 [PAD]_1 [PAD]_1 [PAD]_1 [PAD]_1 [PAD]_1 [PAD]_1 [PAD]_1 [PAD]_1 [PAD]_1 [PAD]_1 [SEP]_1 [PAD]_1 [PAD]_1 [PAD]_1 [PAD]_1 [PAD]_1 [PAD]_1 [PAD]_1 [PAD]_1 [PAD]_1 [PAD]_1 [PAD]_1 [PAD]_1 [PAD]_1 [PAD]_1 [PAD]_1 [PAD]_1 [PAD]_1 [PAD]_1 [PAD]_1 [PAD]_1 [PAD]_1 [PAD]_1 [PAD]_1 [PAD]_1 [PAD]_1 [PAD]_1 [PAD]_1 [PAD]_1 [PAD]_1 [PAD]_1 [PAD]_1 [PAD]_1 [PAD]_1 [PAD]_1 [PAD]_1 [PAD]_1 [PAD]_1 [PAD]_1 [PAD]_1 [PAD]_1 [PAD]_1 [PAD]_1 [PAD]_1 [PAD]_1 [PAD]_1 [PAD]_1 [PAD]_1 [PAD]_1 [PAD]_1 [PAD]_1 [PAD]_1 [PAD]_1 [PAD]_1 [PAD]_1 [PAD]_1 [PAD]_1 [PAD]_1 [PAD]_1 [PAD]_1 [PAD]_1 [PAD]_1 [PAD]_1 [PAD]_1 [PAD]_1 [PAD]_1 [PAD]_1 [PAD]_1 [PAD]_1 [PAD]_1 [PAD]_1 [PAD]_1 [PAD]_1 [PAD]_1 [PAD]_1 [PAD]_1 [PAD]_1 [PAD]_1 [PAD]_1 [PAD]_1 [PAD]_1 [PAD]_1 [PAD]_1 [PAD]_1 [PAD]_1 [PAD]_1 [PAD]_1 [PAD]_1 [PAD]_1 [PAD]_1 [PAD]_1 [PAD]_1 [PAD]_1 [PAD]_1 [PAD]_1 [PAD]_1 [PAD]_1 [PAD]_1 [PAD]_1 [PAD]_1 [PAD]_1 [PAD]_1 [PAD]_1 [PAD]_1 [PAD]_1 [PAD]_1 [PAD]_1 [PAD]_1 [PAD]_1 [PAD]_1 [PAD]_1 [PAD]_1 [PAD]_1 [PAD]_1 [PAD]_1 [PAD]_1 [PAD]_1 [PAD]_1 [PAD]_1 [PAD]_1 [PAD]_1 [PAD]_1 [PAD]_1 [PAD]_1 [PAD]_1 [PAD]_1 [PAD]_1 [PAD]_1 [PAD]_1 [PAD]_1 [PAD]_1 [PAD]_1 [PAD]_1 [PAD]_1 [PAD]_1 [PAD]_1 [PAD]_1 [PAD]_1 [PAD]_1 [PAD]_1 [PAD]_1 [PAD]_1 [PAD]_1 [PAD]_1 [PAD]_1 [PAD]_1 [PAD]_1 [PAD]_1 [PAD]_1 [PAD]_1 [PAD]_1 [PAD]_1 [PAD]_1 [PAD]_1 [PAD]_1 [PAD]_1 [PAD]_1 [PAD]_1 [PAD]_1 [PAD]_1 [PAD]_1 [PAD]_1 [PAD]_1 [PAD]_1 [PAD]_1 [PAD]_1 [PAD]_1 [PAD]_1 [PAD]_1 [PAD]_1 [PAD]_1 关_1 注_1 我_1 们_1 查_1 看_1 更_1 多_1 视_1 频_1 [SEP]_1
2019-10-18 22:30:04,267 Token Sample: [CLS]_0 嫌_0 代_0 驾_0 开_0 的_0 慢_0 [UNK]_0 任_0 性_0 [UNK]_0 醉_0 驾_0 结_0 果_0 撞_0 死_0 人_0 [PAD]_0 [PAD]_0 [PAD]_0 [PAD]_0 [PAD]_0 [PAD]_0 [PAD]_0 [PAD]_0 [PAD]_0 [PAD]_0 [PAD]_0 [PAD]_0 [PAD]_0 [PAD]_0 [PAD]_0 [PAD]_0 [PAD]_0 [PAD]_0 [PAD]_0 [PAD]_0 [PAD]_0 [PAD]_0 [PAD]_0 [PAD]_0 [PAD]_0 [PAD]_0 [PAD]_0 [PAD]_0 [PAD]_0 [PAD]_0 [PAD]_0 [PAD]_0 [PAD]_0 [PAD]_0 [SEP]_0 嫌_1 代_1 驾_1 开_1 的_1 慢_1 [UNK]_1 任_1 性_1 [UNK]_1 醉_1 驾_1 撞_1 死_1 人_1 [PAD]_1 [PAD]_1 [PAD]_1 [PAD]_1 [PAD]_1 [PAD]_1 [PAD]_1 [PAD]_1 [PAD]_1 [PAD]_1 [PAD]_1 [PAD]_1 [PAD]_1 [PAD]_1 [PAD]_1 [PAD]_1 [PAD]_1 [PAD]_1 [PAD]_1 [PAD]_1 [PAD]_1 [PAD]_1 [PAD]_1 [PAD]_1 [PAD]_1 [PAD]_1 [PAD]_1 [PAD]_1 [PAD]_1 [PAD]_1 [PAD]_1 [PAD]_1 [PAD]_1 [PAD]_1 [PAD]_1 [PAD]_1 [PAD]_1 [PAD]_1 [PAD]_1 [PAD]_1 [PAD]_1 [PAD]_1 [PAD]_1 [PAD]_1 [PAD]_1 [PAD]_1 [PAD]_1 [PAD]_1 [PAD]_1 [PAD]_1 [PAD]_1 [PAD]_1 [PAD]_1 [PAD]_1 [PAD]_1 [PAD]_1 [PAD]_1 [PAD]_1 [PAD]_1 [PAD]_1 [PAD]_1 [PAD]_1 [PAD]_1 [PAD]_1 [PAD]_1 [PAD]_1 [PAD]_1 [PAD]_1 [PAD]_1 [PAD]_1 [PAD]_1 [PAD]_1 [PAD]_1 [PAD]_1 [PAD]_1 [PAD]_1 [PAD]_1 [PAD]_1 [PAD]_1 [PAD]_1 [PAD]_1 [PAD]_1 [PAD]_1 [PAD]_1 [PAD]_1 [PAD]_1 [PAD]_1 [PAD]_1 [PAD]_1 [PAD]_1 [PAD]_1 [PAD]_1 [PAD]_1 [PAD]_1 [PAD]_1 [PAD]_1 [PAD]_1 [PAD]_1 [PAD]_1 [PAD]_1 [PAD]_1 [PAD]_1 [PAD]_1 [PAD]_1 [PAD]_1 [PAD]_1 [PAD]_1 [PAD]_1 [PAD]_1 [PAD]_1 [PAD]_1 [PAD]_1 [PAD]_1 [PAD]_1 [PAD]_1 [PAD]_1 [PAD]_1 [PAD]_1 [PAD]_1 [PAD]_1 [PAD]_1 [PAD]_1 [PAD]_1 [PAD]_1 [PAD]_1 [PAD]_1 [PAD]_1 [PAD]_1 [PAD]_1 [PAD]_1 [PAD]_1 [PAD]_1 [PAD]_1 [PAD]_1 [PAD]_1 [PAD]_1 [PAD]_1 [PAD]_1 [PAD]_1 [PAD]_1 [PAD]_1 [PAD]_1 [PAD]_1 [PAD]_1 [PAD]_1 [PAD]_1 [PAD]_1 [PAD]_1 [PAD]_1 [PAD]_1 [PAD]_1 [PAD]_1 [PAD]_1 [PAD]_1 [PAD]_1 [PAD]_1 [PAD]_1 [PAD]_1 [PAD]_1 [PAD]_1 [PAD]_1 [PAD]_1 [PAD]_1 [PAD]_1 [PAD]_1 [PAD]_1 [PAD]_1 [PAD]_1 [PAD]_1 [PAD]_1 [PAD]_1 [PAD]_1 [PAD]_1 [PAD]_1 [PAD]_1 [PAD]_1 [PAD]_1 [PAD]_1 [PAD]_1 [PAD]_1 [PAD]_1 [PAD]_1 [PAD]_1 [PAD]_1 [PAD]_1 [PAD]_1 [PAD]_1 [PAD]_1 [PAD]_1 [PAD]_1 [PAD]_1 [PAD]_1 [PAD]_1 [PAD]_1 [PAD]_1 [PAD]_1 [PAD]_1 [PAD]_1 [PAD]_1 [PAD]_1 [PAD]_1 [PAD]_1 [PAD]_1 [PAD]_1 [PAD]_1 [PAD]_1 [PAD]_1 [PAD]_1 [PAD]_1 [PAD]_1 [PAD]_1 [PAD]_1 [PAD]_1 [PAD]_1 [PAD]_1 [PAD]_1 [PAD]_1 [PAD]_1 [PAD]_1 [PAD]_1 [PAD]_1 [PAD]_1 [PAD]_1 [PAD]_1 [PAD]_1 [PAD]_1 [PAD]_1 [PAD]_1 [PAD]_1 [PAD]_1 [PAD]_1 [PAD]_1 [PAD]_1 [PAD]_1 [PAD]_1 [PAD]_1 [PAD]_1 [PAD]_1 [PAD]_1 [PAD]_1 [PAD]_1 [PAD]_1 [PAD]_1 [PAD]_1 [PAD]_1 [PAD]_1 [PAD]_1 [PAD]_1 [PAD]_1 [PAD]_1 [PAD]_1 [PAD]_1 [PAD]_1 [PAD]_1 [PAD]_1 [PAD]_1 [PAD]_1 [PAD]_1 [PAD]_1 [PAD]_1 [SEP]_1 [PAD]_1 [PAD]_1 [PAD]_1 [PAD]_1 [PAD]_1 [PAD]_1 [PAD]_1 [PAD]_1 [PAD]_1 [PAD]_1 [PAD]_1 [PAD]_1 [PAD]_1 [PAD]_1 [PAD]_1 [PAD]_1 [PAD]_1 [PAD]_1 [PAD]_1 [PAD]_1 [PAD]_1 [PAD]_1 [PAD]_1 [PAD]_1 [PAD]_1 [PAD]_1 [PAD]_1 [PAD]_1 [PAD]_1 [PAD]_1 [PAD]_1 [PAD]_1 [PAD]_1 [PAD]_1 [PAD]_1 [PAD]_1 [PAD]_1 [PAD]_1 [PAD]_1 [PAD]_1 [PAD]_1 [PAD]_1 [PAD]_1 [PAD]_1 [PAD]_1 [PAD]_1 [PAD]_1 [PAD]_1 [PAD]_1 [PAD]_1 [PAD]_1 [PAD]_1 [PAD]_1 [PAD]_1 [PAD]_1 [PAD]_1 [PAD]_1 [PAD]_1 [PAD]_1 [PAD]_1 [PAD]_1 [PAD]_1 [PAD]_1 [PAD]_1 [PAD]_1 [PAD]_1 [PAD]_1 [PAD]_1 [PAD]_1 [PAD]_1 [PAD]_1 [PAD]_1 [PAD]_1 [PAD]_1 [PAD]_1 [PAD]_1 [PAD]_1 [PAD]_1 [PAD]_1 [PAD]_1 [PAD]_1 [PAD]_1 [PAD]_1 [PAD]_1 [PAD]_1 [PAD]_1 [PAD]_1 [PAD]_1 [PAD]_1 [PAD]_1 [PAD]_1 [PAD]_1 [PAD]_1 [PAD]_1 [PAD]_1 [PAD]_1 [PAD]_1 [PAD]_1 [PAD]_1 [PAD]_1 [PAD]_1 [PAD]_1 [PAD]_1 [PAD]_1 [PAD]_1 [PAD]_1 [PAD]_1 [PAD]_1 [PAD]_1 [PAD]_1 [PAD]_1 [PAD]_1 [PAD]_1 [PAD]_1 [PAD]_1 [PAD]_1 [PAD]_1 [PAD]_1 [PAD]_1 [PAD]_1 [PAD]_1 [PAD]_1 [PAD]_1 [PAD]_1 [PAD]_1 [PAD]_1 [PAD]_1 [PAD]_1 [PAD]_1 [PAD]_1 [PAD]_1 [PAD]_1 [PAD]_1 [PAD]_1 [PAD]_1 [PAD]_1 [PAD]_1 [PAD]_1 [PAD]_1 [PAD]_1 [PAD]_1 [PAD]_1 [PAD]_1 [PAD]_1 [PAD]_1 [PAD]_1 [PAD]_1 [PAD]_1 [PAD]_1 [PAD]_1 [PAD]_1 [PAD]_1 [PAD]_1 [PAD]_1 [PAD]_1 [PAD]_1 [PAD]_1 [PAD]_1 [PAD]_1 [PAD]_1 [PAD]_1 [PAD]_1 [PAD]_1 [PAD]_1 [PAD]_1 嫌_1 代_1 驾_1 开_1 的_1 慢_1 [UNK]_1 任_1 性_1 [UNK]_1 醉_1 驾_1 撞_1 死_1 人_1 [SEP]_1
2019-10-18 22:30:18,313 Token Sample: [CLS]_0 汉_0 中_0 市_0 行_0 政_0 系_0 统_0 2017_0 年_0 考_0 试_0 录_0 用_0 公_0 务_0 员_0 拟_0 录_0 用_0 人_0 员_0 公_0 示_0 [PAD]_0 [PAD]_0 [PAD]_0 [PAD]_0 [PAD]_0 [PAD]_0 [PAD]_0 [PAD]_0 [PAD]_0 [PAD]_0 [PAD]_0 [PAD]_0 [PAD]_0 [PAD]_0 [PAD]_0 [PAD]_0 [PAD]_0 [PAD]_0 [PAD]_0 [PAD]_0 [PAD]_0 [PAD]_0 [PAD]_0 [PAD]_0 [PAD]_0 [PAD]_0 [PAD]_0 [PAD]_0 [SEP]_0 根_1 据_1 《_1 陕_1 西_1 省_1 2017_1 年_1 统_1 一_1 考_1 试_1 录_1 用_1 公_1 务_1 员_1 和_1 参_1 照_1 公_1 务_1 员_1 法_1 管_1 理_1 单_1 位_1 工_1 作_1 人_1 员_1 公_1 告_1 》_1 ，_1 现_1 将_1 汉_1 中_1 市_1 行_1 政_1 系_1 统_1 已_1 经_1 资_1 格_1 审_1 查_1 、_1 笔_1 试_1 、_1 面_1 试_1 、_1 体_1 检_1 、_1 考_1 察_1 等_1 程_1 序_1 ，_1 拟_1 录_1 用_1 的_1 355_1 名_1 人_1 员_1 情_1 况_1 予_1 以_1 公_1 示_1 。_1 公_1 示_1 时_1 间_1 :_1 2017_1 年_1 8_1 月_1 9_1 日_1 到_1 8_1 月_1 15_1 日_1 。_1 如_1 有_1 异_1 议_1 ，_1 请_1 及_1 时_1 向_1 汉_1 中_1 市_1 公_1 务_1 员_1 局_1 或_1 省_1 公_1 务_1 员_1 局_1 考_1 试_1 录_1 用_1 处_1 反_1 映_1 。_1 监_1 督_1 电_1 话_1 附_1 件_1 :_1 汉_1 中_1 市_1 行_1 政_1 系_1 统_1 2017_1 年_1 考_1 试_1 录_1 用_1 公_1 务_1 员_1 和_1 参_1 照_1 公_1 务_1 员_1 法_1 管_1 理_1 单_1 位_1 工_1 作_1 人_1 员_1 拟_1 录_1 用_1 人_1 员_1 情_1 况_1 表_1 陕_1 西_1 省_1 考_1 试_1 录_1 用_1 公_1 务_1 员_1 工_1 作_1 办_1 公_1 室_1 2017_1 年_1 8_1 月_1 9_1 日_1 汉_1 中_1 市_1 行_1 政_1 系_1 统_1 2017_1 年_1 统_1 一_1 考_1 试_1 录_1 用_1 公_1 务_1 员_1 和_1 参_1 照_1 公_1 务_1 员_1 法_1 管_1 理_1 单_1 位_1 工_1 作_1 人_1 员_1 拟_1 录_1 用_1 人_1 员_1 情_1 况_1 表_1 序_1 号_1 姓_1 名_1 性_1 别_1 准_1 考_1 证_1 号_1 职_1 位_1 代_1 码_1 拟_1 录_1 取_1 职_1 位_1 毕_1 业_1 院_1 校_1 /_1 工_1 作_1 单_1 位_1 备_1 注_1 1_1 荆_1 周_1 宝_1 男_1 汉_1 中_1 市_1 [SEP]_1 营_1 镇_1 人_1 民_1 政_1 府_1 科_1 员_1 华_1 中_1 农_1 业_1 大_1 学_1 84_1 张_1 银_1 芝_1 女_1 城_1 固_1 县_1 双_1 溪_1 镇_1 人_1 民_1 政_1 府_1 科_1 员_1 西_1 安_1 工_1 业_1 大_1 学_1 85_1 黄_1 召_1 男_1 城_1 固_1 县_1 小_1 河_1 镇_1 人_1 民_1 政_1 府_1 科_1 员_1 北_1 京_1 理_1 工_1 大_1 学_1 86_1 冯_1 晶_1 晶_1 女_1 城_1 固_1 县_1 小_1 河_1 镇_1 人_1 民_1 政_1 府_1 科_1 员_1 (_1 特_1 设_1 职_1 位_1 )_1 渭_1 南_1 师_1 范_1 学_1 院_1 /_1 汉_1 中_1 市_1 西_1 乡_1 县_1 沙_1 河_1 镇_1 马_1 踪_1 村_1 87_1 王_1 麟_1 男_1 洋_1 县_1 人_1 民_1 政_1 府_1 办_1 公_1 室_1 科_1 员_1 西_1 北_1 大_1 学_1 88_1 王_1 雅_1 婧_1 女_1 洋_1 县_1 人_1 民_1 政_1 府_1 办_1 公_1 室_1 科_1 员_1 山_1 东_1 大_1 学_1 89_1 赵_1 乙_1 霖_1 女_1 洋_1 县_1 林_1 业_1 局_1 科_1 员_1 陕_1 西_1 理_1 工_1 大_1 学_1 90_1 董_1 其_1 丰_1 男_1 洋_1 县_1 司_1 法_1 局_1 科_1 员_1 三_1 峡_1 大_1 学_1 91_1 任_1 倩_1 倩_1 女_1 173_1 [SEP]_1
2019-10-18 22:30:20,937 seed everything and create model
2019-10-18 22:33:08,797 step 300 train loss: 0.5822
2019-10-18 22:33:08,797 step 300 score: 0.7470
2019-10-18 22:35:52,465 step 600 train loss: 0.4364
2019-10-18 22:35:52,466 step 600 score: 0.7770
2019-10-18 22:38:36,131 step 900 train loss: 0.3453
2019-10-18 22:38:36,131 step 900 score: 0.7763
2019-10-18 22:41:19,833 step 1200 train loss: 0.2951
2019-10-18 22:41:19,833 step 1200 score: 0.7969
2019-10-18 22:44:03,520 step 1500 train loss: 0.3067
2019-10-18 22:44:03,520 step 1500 score: 0.7920
2019-10-18 22:46:47,210 step 1800 train loss: 0.2136
2019-10-18 22:46:47,211 step 1800 score: 0.7979
2019-10-18 22:49:30,873 step 2100 train loss: 0.2089
2019-10-18 22:49:30,873 step 2100 score: 0.7921
2019-10-18 22:52:14,523 step 2400 train loss: 0.1876
2019-10-18 22:52:14,523 step 2400 score: 0.7937
2019-10-18 22:54:58,214 step 2700 train loss: 0.1516
2019-10-18 22:54:58,214 step 2700 score: 0.7945
2019-10-18 22:57:41,872 step 3000 train loss: 0.1403
2019-10-18 22:57:41,872 step 3000 score: 0.7960
2019-10-18 22:57:41,873 best score is 0.7979
2019-10-18 23:02:28,697 step 300 train loss: 0.5235
2019-10-18 23:02:28,697 step 300 score: 0.7769
2019-10-18 23:05:12,388 step 600 train loss: 0.4092
2019-10-18 23:05:12,388 step 600 score: 0.7858
2019-10-18 23:07:56,059 step 900 train loss: 0.3482
2019-10-18 23:07:56,059 step 900 score: 0.8024
2019-10-18 23:10:39,762 step 1200 train loss: 0.2822
2019-10-18 23:10:39,762 step 1200 score: 0.7959
2019-10-18 23:13:23,435 step 1500 train loss: 0.2584
2019-10-18 23:13:23,436 step 1500 score: 0.8205
2019-10-18 23:16:07,118 step 1800 train loss: 0.1863
2019-10-18 23:16:07,119 step 1800 score: 0.8150
2019-10-18 23:18:50,807 step 2100 train loss: 0.1943
2019-10-18 23:18:50,807 step 2100 score: 0.8113
2019-10-18 23:21:34,498 step 2400 train loss: 0.1377
2019-10-18 23:21:34,498 step 2400 score: 0.8159
2019-10-18 23:24:18,175 step 2700 train loss: 0.1135
2019-10-18 23:24:18,175 step 2700 score: 0.8064
2019-10-18 23:27:01,863 step 3000 train loss: 0.1337
2019-10-18 23:27:01,863 step 3000 score: 0.8083
2019-10-18 23:27:01,864 best score is 0.8205
2019-10-18 23:31:48,669 step 300 train loss: 0.5968
2019-10-18 23:31:48,669 step 300 score: 0.7421
2019-10-18 23:34:32,359 step 600 train loss: 0.3873
2019-10-18 23:34:32,360 step 600 score: 0.7813
2019-10-18 23:37:16,050 step 900 train loss: 0.3501
2019-10-18 23:37:16,050 step 900 score: 0.7931
2019-10-18 23:39:59,730 step 1200 train loss: 0.3062
2019-10-18 23:39:59,730 step 1200 score: 0.8000
2019-10-18 23:42:43,401 step 1500 train loss: 0.2777
2019-10-18 23:42:43,402 step 1500 score: 0.8033
2019-10-18 23:45:27,094 step 1800 train loss: 0.2046
2019-10-18 23:45:27,095 step 1800 score: 0.7932
2019-10-18 23:48:10,749 step 2100 train loss: 0.1981
2019-10-18 23:48:10,749 step 2100 score: 0.7943
2019-10-18 23:50:54,430 step 2400 train loss: 0.1580
2019-10-18 23:50:54,431 step 2400 score: 0.7960
2019-10-18 23:53:38,072 step 2700 train loss: 0.1315
2019-10-18 23:53:38,072 step 2700 score: 0.7875
2019-10-18 23:56:21,755 step 3000 train loss: 0.1328
2019-10-18 23:56:21,755 step 3000 score: 0.7924
2019-10-18 23:56:21,755 best score is 0.8033
2019-10-19 00:01:08,580 step 300 train loss: 0.5313
2019-10-19 00:01:08,580 step 300 score: 0.7540
2019-10-19 00:03:52,227 step 600 train loss: 0.4318
2019-10-19 00:03:52,227 step 600 score: 0.7888
2019-10-19 00:06:35,883 step 900 train loss: 0.3313
2019-10-19 00:06:35,883 step 900 score: 0.7865
2019-10-19 00:09:19,541 step 1200 train loss: 0.2938
2019-10-19 00:09:19,542 step 1200 score: 0.7955
2019-10-19 00:12:03,189 step 1500 train loss: 0.2708
2019-10-19 00:12:03,190 step 1500 score: 0.8164
2019-10-19 00:14:46,852 step 1800 train loss: 0.1862
2019-10-19 00:14:46,852 step 1800 score: 0.8053
2019-10-19 00:17:30,504 step 2100 train loss: 0.1781
2019-10-19 00:17:30,504 step 2100 score: 0.8053
2019-10-19 00:20:14,144 step 2400 train loss: 0.1596
2019-10-19 00:20:14,144 step 2400 score: 0.8105
2019-10-19 00:22:57,823 step 2700 train loss: 0.1267
2019-10-19 00:22:57,824 step 2700 score: 0.8038
2019-10-19 00:25:41,478 step 3000 train loss: 0.0998
2019-10-19 00:25:41,478 step 3000 score: 0.8081
2019-10-19 00:25:41,479 best score is 0.8164
2019-10-19 00:30:28,279 step 300 train loss: 0.5433
2019-10-19 00:30:28,279 step 300 score: 0.7817
2019-10-19 00:33:11,936 step 600 train loss: 0.4012
2019-10-19 00:33:11,936 step 600 score: 0.7967
2019-10-19 00:35:55,599 step 900 train loss: 0.3321
2019-10-19 00:35:55,599 step 900 score: 0.7983
2019-10-19 00:38:39,230 step 1200 train loss: 0.2828
2019-10-19 00:38:39,230 step 1200 score: 0.7807
2019-10-19 00:41:22,881 step 1500 train loss: 0.2670
2019-10-19 00:41:22,881 step 1500 score: 0.8031
2019-10-19 00:44:06,552 step 1800 train loss: 0.1899
2019-10-19 00:44:06,552 step 1800 score: 0.8069
2019-10-19 00:46:50,219 step 2100 train loss: 0.1962
2019-10-19 00:46:50,219 step 2100 score: 0.8118
2019-10-19 00:49:33,876 step 2400 train loss: 0.1651
2019-10-19 00:49:33,877 step 2400 score: 0.8080
2019-10-19 00:52:17,563 step 2700 train loss: 0.1284
2019-10-19 00:52:17,563 step 2700 score: 0.8152
2019-10-19 00:55:01,231 step 3000 train loss: 0.1268
2019-10-19 00:55:01,231 step 3000 score: 0.8067
2019-10-19 00:55:01,232 best score is 0.8152
2019-10-19 00:57:04,333 average: 0.810670
