2019-10-16 18:59:07,769 log_in_file: True
2019-10-16 18:59:07,769 bert_path: /home/wangzl/PretrainedLM/BERT/New/roberta_zh_l12/
2019-10-16 18:59:07,769 data_path: ../data/
2019-10-16 18:59:07,769 usegpu: True
2019-10-16 18:59:07,769 use_origin: False
2019-10-16 18:59:07,769 total_step: 1250
2019-10-16 18:59:07,769 eval_every: 125
2019-10-16 18:59:07,769 early_stop: 4
2019-10-16 18:59:07,769 max_length: 360
2019-10-16 18:59:07,769 max_title_rate: 0.125
2019-10-16 18:59:07,769 content_head_rate: 0.6
2019-10-16 18:59:07,769 batch_size: 16
2019-10-16 18:59:07,769 lr_scheduler_type: linear
2019-10-16 18:59:07,769 input_pattern: head-only
2019-10-16 18:59:07,769 clean_method: space+notzh
2019-10-16 18:59:07,769 warmup_rate: 0.1
2019-10-16 18:59:07,769 classifier_dropout: 0.3
2019-10-16 18:59:07,769 classifier_weight_decay: 0.0
2019-10-16 18:59:07,769 cache_final_model: False
2019-10-16 18:59:07,769 seed: 23
2019-10-16 18:59:07,769 lr: 2e-05
2019-10-16 18:59:07,769 lr_decay_in_layers: 0.95
2019-10-16 18:59:07,769 weight_decay: 0.01
2019-10-16 18:59:33,031 Token Sample: [CLS]_0 春_0 花_0 醉_0 中_0 旗_0 彩_0 袖_0 拂_0 柳_0 绿_0 [SEP]_0 目_1 前_1 4000_1 ##0_1 +_1 人_1 已_1 关_1 注_1 我_1 们_1 迎_1 来_1 了_1 五_1 月_1 鸟_1 鸣_1 百_1 转_1 ，_1 花_1 香_1 满_1 园_1 。_1 五_1 月_1 马_1 镇_1 ，_1 美_1 的_1 清_1 新_1 雅_1 致_1 。_1 五_1 月_1 中_1 旗_1 ，_1 美_1 的_1 温_1 润_1 惹_1 眼_1 。_1 春_1 花_1 醉_1 中_1 旗_1 彩_1 袖_1 拂_1 柳_1 绿_1 馨_1 香_1 萦_1 绕_1 于_1 心_1 间_1 ，_1 花_1 开_1 锦_1 绣_1 于_1 碧_1 天_1 。_1 若_1 你_1 醉_1 心_1 这_1 视_1 野_1 皆_1 春_1 的_1 缘_1 ，_1 捧_1 一_1 杯_1 茗_1 茶_1 ，_1 听_1 听_1 霍_1 林_1 河_1 的_1 乐_1 弦_1 。_1 若_1 你_1 痴_1 恋_1 这_1 春_1 花_1 葳_1 蕤_1 的_1 景_1 ，_1 作_1 一_1 首_1 词_1 赋_1 ，_1 夸_1 赞_1 蒙_1 古_1 人_1 的_1 果_1 敢_1 。_1 还_1 是_1 不_1 期_1 而_1 遇_1 的_1 温_1 暖_1 ，_1 无_1 论_1 光_1 阴_1 荏_1 苒_1 ，_1 还_1 是_1 未_1 曾_1 有_1 过_1 的_1 遗_1 憾_1 。_1 终_1 有_1 一_1 段_1 故_1 事_1 ，_1 是_1 与_1 你_1 ，_1 在_1 科_1 尔_1 沁_1 草_1 原_1 ，_1 春_1 天_1 最_1 美_1 的_1 遇_1 见_1 。_1 图_1 /_1 视_1 频_1 ：_1 白_1 旭_1 晴_1 文_1 ：_1 刘_1 丽_1 推_1 荐_1 责_1 任_1 编_1 辑_1 ：_1 刘_1 伟_1 编_1 辑_1 ：_1 白_1 俊_1 华_1 校_1 对_1 ：_1 希_1 吉_1 日_1 【_1 版_1 权_1 声_1 明_1 】_1 本_1 文_1 来_1 自_1 腾_1 讯_1 新_1 闻_1 客_1 户_1 端_1 自_1 媒_1 体_1 ，_1 不_1 代_1 表_1 腾_1 讯_1 新_1 闻_1 的_1 观_1 点_1 和_1 立_1 场_1 。_1 [SEP]_1 [PAD]_1 [PAD]_1 [PAD]_1 [PAD]_1 [PAD]_1 [PAD]_1 [PAD]_1 [PAD]_1 [PAD]_1 [PAD]_1 [PAD]_1 [PAD]_1 [PAD]_1 [PAD]_1 [PAD]_1 [PAD]_1 [PAD]_1 [PAD]_1 [PAD]_1 [PAD]_1 [PAD]_1 [PAD]_1 [PAD]_1 [PAD]_1 [PAD]_1 [PAD]_1 [PAD]_1 [PAD]_1 [PAD]_1 [PAD]_1 [PAD]_1 [PAD]_1 [PAD]_1 [PAD]_1 [PAD]_1 [PAD]_1 [PAD]_1 [PAD]_1 [PAD]_1 [PAD]_1 [PAD]_1 [PAD]_1 [PAD]_1 [PAD]_1 [PAD]_1 [PAD]_1 [PAD]_1 [PAD]_1 [PAD]_1 [PAD]_1 [PAD]_1 [PAD]_1 [PAD]_1 [PAD]_1 [PAD]_1 [PAD]_1 [PAD]_1 [PAD]_1 [PAD]_1 [PAD]_1 [PAD]_1 [PAD]_1 [PAD]_1 [PAD]_1 [PAD]_1 [PAD]_1 [PAD]_1 [PAD]_1 [PAD]_1 [PAD]_1 [PAD]_1 [PAD]_1 [PAD]_1 [PAD]_1 [PAD]_1 [PAD]_1 [PAD]_1 [PAD]_1 [PAD]_1 [PAD]_1 [PAD]_1 [PAD]_1 [PAD]_1 [PAD]_1 [PAD]_1 [PAD]_1 [PAD]_1 [PAD]_1 [PAD]_1 [PAD]_1 [PAD]_1 [PAD]_1 [PAD]_1 [PAD]_1 [PAD]_1 [PAD]_1
2019-10-16 18:59:49,326 Token Sample: [CLS]_0 广_0 东_0 危_0 险_0 废_0 物_0 非_0 法_0 转_0 移_0 倾_0 倒_0 十_0 分_0 猖_0 獗_0 [SEP]_0 昨_1 日_1 ，_1 中_1 央_1 环_1 保_1 督_1 察_1 组_1 向_1 广_1 东_1 反_1 馈_1 [UNK]_1 回_1 头_1 看_1 [UNK]_1 和_1 专_1 项_1 督_1 察_1 意_1 见_1 指_1 出_1 ，_1 广_1 东_1 危_1 险_1 废_1 物_1 非_1 法_1 转_1 移_1 倾_1 倒_1 十_1 分_1 猖_1 獗_1 。_1 2015_1 年_1 以_1 来_1 ，_1 全_1 省_1 危_1 险_1 废_1 物_1 非_1 法_1 处_1 置_1 倾_1 倒_1 案_1 件_1 多_1 达_1 200_1 余_1 起_1 ，_1 非_1 法_1 转_1 移_1 倾_1 倒_1 点_1 遍_1 布_1 全_1 省_1 21_1 个_1 地_1 市_1 。_1 另_1 外_1 ，_1 2015_1 年_1 以_1 来_1 ，_1 广_1 东_1 全_1 省_1 非_1 法_1 跨_1 界_1 倾_1 倒_1 生_1 活_1 垃_1 圾_1 案_1 件_1 100_1 多_1 起_1 ，_1 倾_1 倒_1 垃_1 圾_1 数_1 十_1 万_1 吨_1 。_1 2018_1 年_1 6_1 月_1 5_1 日_1 至_1 7_1 月_1 5_1 日_1 ，_1 中_1 央_1 第_1 五_1 环_1 境_1 保_1 护_1 督_1 察_1 组_1 对_1 广_1 东_1 省_1 首_1 轮_1 中_1 央_1 环_1 保_1 督_1 察_1 整_1 改_1 情_1 况_1 开_1 展_1 [UNK]_1 回_1 头_1 看_1 [UNK]_1 ，_1 针_1 对_1 固_1 体_1 废_1 物_1 污_1 染_1 问_1 题_1 统_1 筹_1 安_1 排_1 专_1 项_1 督_1 察_1 ，_1 并_1 形_1 成_1 督_1 察_1 意_1 见_1 。_1 昨_1 日_1 ，_1 正_1 式_1 向_1 广_1 东_1 反_1 馈_1 。_1 据_1 了_1 解_1 ，_1 危_1 险_1 废_1 弃_1 物_1 主_1 要_1 来_1 自_1 于_1 工_1 业_1 垃_1 圾_1 中_1 的_1 工_1 业_1 危_1 废_1 、_1 城_1 市_1 垃_1 圾_1 中_1 的_1 医_1 疗_1 危_1 废_1 ，_1 以_1 及_1 生_1 活_1 垃_1 圾_1 中_1 的_1 其_1 他_1 危_1 废_1 。_1 危_1 险_1 废_1 物_1 既_1 有_1 液_1 态_1 也_1 有_1 固_1 态_1 ，_1 对_1 土_1 壤_1 、_1 地_1 下_1 水_1 等_1 危_1 害_1 十_1 分_1 严_1 重_1 。_1 一_1 些_1 地_1 方_1 和_1 部_1 门_1 [UNK]_1 不_1 担_1 当_1 、_1 不_1 碰_1 硬_1 [UNK]_1 跟_1 近_1 日_1 被_1 反_1 馈_1 的_1 河_1 北_1 、_1 江_1 苏_1 等_1 省_1 (_1 区_1 )_1 一_1 样_1 ，_1 广_1 东_1 也_1 存_1 在_1 思_1 想_1 认_1 识_1 不_1 到_1 位_1 、_1 敷_1 衍_1 、_1 虚_1 假_1 [SEP]_1
2019-10-16 19:00:16,523 Token Sample: [CLS]_0 湖_0 南_0 应_0 用_0 技_0 术_0 学_0 院_0 中_0 职_0 部_0 贫_0 困_0 补_0 助_0 不_0 公_0 平_0 [SEP]_0 上_1 一_1 年_1 里_1 五_1 个_1 名_1 额_1 都_1 给_1 了_1 家_1 里_1 巨_1 有_1 钱_1 的_1 同_1 学_1 。_1 有_1 用_1 苹_1 果_1 手_1 机_1 的_1 还_1 有_1 vivo_1 一_1 出_1 来_1 就_1 买_1 的_1 。_1 这_1 一_1 年_1 有_1 个_1 人_1 寿_1 保_1 险_1 ，_1 说_1 了_1 买_1 过_1 了_1 还_1 要_1 强_1 制_1 交_1 费_1 。_1 [SEP]_1 [PAD]_1 [PAD]_1 [PAD]_1 [PAD]_1 [PAD]_1 [PAD]_1 [PAD]_1 [PAD]_1 [PAD]_1 [PAD]_1 [PAD]_1 [PAD]_1 [PAD]_1 [PAD]_1 [PAD]_1 [PAD]_1 [PAD]_1 [PAD]_1 [PAD]_1 [PAD]_1 [PAD]_1 [PAD]_1 [PAD]_1 [PAD]_1 [PAD]_1 [PAD]_1 [PAD]_1 [PAD]_1 [PAD]_1 [PAD]_1 [PAD]_1 [PAD]_1 [PAD]_1 [PAD]_1 [PAD]_1 [PAD]_1 [PAD]_1 [PAD]_1 [PAD]_1 [PAD]_1 [PAD]_1 [PAD]_1 [PAD]_1 [PAD]_1 [PAD]_1 [PAD]_1 [PAD]_1 [PAD]_1 [PAD]_1 [PAD]_1 [PAD]_1 [PAD]_1 [PAD]_1 [PAD]_1 [PAD]_1 [PAD]_1 [PAD]_1 [PAD]_1 [PAD]_1 [PAD]_1 [PAD]_1 [PAD]_1 [PAD]_1 [PAD]_1 [PAD]_1 [PAD]_1 [PAD]_1 [PAD]_1 [PAD]_1 [PAD]_1 [PAD]_1 [PAD]_1 [PAD]_1 [PAD]_1 [PAD]_1 [PAD]_1 [PAD]_1 [PAD]_1 [PAD]_1 [PAD]_1 [PAD]_1 [PAD]_1 [PAD]_1 [PAD]_1 [PAD]_1 [PAD]_1 [PAD]_1 [PAD]_1 [PAD]_1 [PAD]_1 [PAD]_1 [PAD]_1 [PAD]_1 [PAD]_1 [PAD]_1 [PAD]_1 [PAD]_1 [PAD]_1 [PAD]_1 [PAD]_1 [PAD]_1 [PAD]_1 [PAD]_1 [PAD]_1 [PAD]_1 [PAD]_1 [PAD]_1 [PAD]_1 [PAD]_1 [PAD]_1 [PAD]_1 [PAD]_1 [PAD]_1 [PAD]_1 [PAD]_1 [PAD]_1 [PAD]_1 [PAD]_1 [PAD]_1 [PAD]_1 [PAD]_1 [PAD]_1 [PAD]_1 [PAD]_1 [PAD]_1 [PAD]_1 [PAD]_1 [PAD]_1 [PAD]_1 [PAD]_1 [PAD]_1 [PAD]_1 [PAD]_1 [PAD]_1 [PAD]_1 [PAD]_1 [PAD]_1 [PAD]_1 [PAD]_1 [PAD]_1 [PAD]_1 [PAD]_1 [PAD]_1 [PAD]_1 [PAD]_1 [PAD]_1 [PAD]_1 [PAD]_1 [PAD]_1 [PAD]_1 [PAD]_1 [PAD]_1 [PAD]_1 [PAD]_1 [PAD]_1 [PAD]_1 [PAD]_1 [PAD]_1 [PAD]_1 [PAD]_1 [PAD]_1 [PAD]_1 [PAD]_1 [PAD]_1 [PAD]_1 [PAD]_1 [PAD]_1 [PAD]_1 [PAD]_1 [PAD]_1 [PAD]_1 [PAD]_1 [PAD]_1 [PAD]_1 [PAD]_1 [PAD]_1 [PAD]_1 [PAD]_1 [PAD]_1 [PAD]_1 [PAD]_1 [PAD]_1 [PAD]_1 [PAD]_1 [PAD]_1 [PAD]_1 [PAD]_1 [PAD]_1 [PAD]_1 [PAD]_1 [PAD]_1 [PAD]_1 [PAD]_1 [PAD]_1 [PAD]_1 [PAD]_1 [PAD]_1 [PAD]_1 [PAD]_1 [PAD]_1 [PAD]_1 [PAD]_1 [PAD]_1 [PAD]_1 [PAD]_1 [PAD]_1 [PAD]_1 [PAD]_1 [PAD]_1 [PAD]_1 [PAD]_1 [PAD]_1 [PAD]_1 [PAD]_1 [PAD]_1 [PAD]_1 [PAD]_1 [PAD]_1 [PAD]_1 [PAD]_1 [PAD]_1 [PAD]_1 [PAD]_1 [PAD]_1 [PAD]_1 [PAD]_1 [PAD]_1 [PAD]_1 [PAD]_1 [PAD]_1 [PAD]_1 [PAD]_1 [PAD]_1 [PAD]_1 [PAD]_1 [PAD]_1 [PAD]_1 [PAD]_1 [PAD]_1 [PAD]_1 [PAD]_1 [PAD]_1 [PAD]_1 [PAD]_1 [PAD]_1 [PAD]_1 [PAD]_1 [PAD]_1 [PAD]_1 [PAD]_1 [PAD]_1 [PAD]_1 [PAD]_1 [PAD]_1 [PAD]_1 [PAD]_1 [PAD]_1 [PAD]_1 [PAD]_1 [PAD]_1 [PAD]_1 [PAD]_1 [PAD]_1 [PAD]_1 [PAD]_1 [PAD]_1 [PAD]_1 [PAD]_1 [PAD]_1 [PAD]_1 [PAD]_1 [PAD]_1 [PAD]_1 [PAD]_1 [PAD]_1 [PAD]_1 [PAD]_1 [PAD]_1 [PAD]_1 [PAD]_1
2019-10-16 19:00:35,698 Token Sample: [CLS]_0 南_0 京_0 交_0 警_0 史_0 伟_0 年_0 夜_0 查_0 嫌_0 疑_0 车_0 辆_0 被_0 拖_0 行_0 碾_0 轧_0 因_0 公_0 殉_0 职_0 [SEP]_0 保_1 平_1 安_1 ，_1 护_1 稳_1 定_1 。_1 就_1 在_1 全_1 市_1 公_1 安_1 机_1 关_1 [UNK]_1 冬_1 季_1 攻_1 势_1 [UNK]_1 如_1 火_1 如_1 荼_1 进_1 行_1 之_1 际_1 ，_1 南_1 京_1 一_1 名_1 交_1 警_1 在_1 工_1 作_1 岗_1 位_1 因_1 公_1 殉_1 职_1 。_1 昨_1 日_1 (_1 16_1 日_1 )_1 凌_1 晨_1 ，_1 南_1 京_1 市_1 公_1 安_1 局_1 交_1 警_1 支_1 队_1 高_1 速_1 公_1 路_1 七_1 大_1 队_1 民_1 警_1 史_1 伟_1 年_1 在_1 新_1 集_1 公_1 安_1 检_1 查_1 站_1 盘_1 查_1 嫌_1 疑_1 车_1 辆_1 时_1 ，_1 遭_1 车_1 辆_1 拖_1 行_1 碾_1 轧_1 ，_1 经_1 医_1 院_1 抢_1 救_1 无_1 效_1 献_1 出_1 宝_1 贵_1 生_1 命_1 ，_1 年_1 仅_1 47_1 岁_1 。_1 11_1 月_1 16_1 日_1 凌_1 晨_1 2_1 时_1 30_1 分_1 ，_1 高_1 速_1 七_1 大_1 队_1 值_1 班_1 警_1 组_1 正_1 在_1 宁_1 连_1 高_1 速_1 主_1 线_1 收_1 费_1 站_1 往_1 南_1 京_1 方_1 向_1 新_1 集_1 检_1 查_1 站_1 执_1 行_1 [UNK]_1 冬_1 季_1 攻_1 势_1 [UNK]_1 夜_1 查_1 任_1 务_1 。_1 值_1 班_1 警_1 务_1 人_1 员_1 小_1 何_1 和_1 小_1 程_1 在_1 对_1 一_1 辆_1 号_1 牌_1 为_1 苏_1 af_1 ##×_1 ##×_1 ##×_1 ##3_1 的_1 白_1 色_1 奔_1 驰_1 小_1 型_1 越_1 野_1 车_1 进_1 行_1 检_1 查_1 时_1 ，_1 发_1 现_1 该_1 车_1 车_1 内_1 人_1 员_1 形_1 迹_1 可_1 疑_1 ，_1 遂_1 让_1 驾_1 驶_1 员_1 缴_1 费_1 后_1 靠_1 边_1 停_1 车_1 进_1 一_1 步_1 盘_1 查_1 。_1 此_1 时_1 ，_1 高_1 速_1 七_1 大_1 队_1 民_1 警_1 史_1 伟_1 年_1 巡_1 逻_1 回_1 来_1 交_1 接_1 班_1 ，_1 了_1 解_1 事_1 情_1 经_1 过_1 后_1 当_1 即_1 要_1 求_1 驾_1 驶_1 员_1 提_1 供_1 驾_1 驶_1 证_1 和_1 行_1 驶_1 证_1 。_1 犯_1 罪_1 嫌_1 疑_1 人_1 此_1 刻_1 突_1 然_1 发_1 动_1 汽_1 车_1 ，_1 史_1 伟_1 年_1 在_1 制_1 止_1 嫌_1 疑_1 人_1 逃_1 逸_1 时_1 ，_1 令_1 人_1 没_1 有_1 想_1 到_1 的_1 一_1 幕_1 发_1 生_1 了_1 ，_1 车_1 辆_1 突_1 然_1 [SEP]_1
2019-10-16 19:00:43,135 seed everything and create model
2019-10-16 19:02:17,595 step 125 train loss: 0.6828
2019-10-16 19:02:17,596 step 125 score: 0.7425
2019-10-16 19:03:47,154 step 250 train loss: 0.4368
2019-10-16 19:03:47,154 step 250 score: 0.7651
2019-10-16 19:05:16,694 step 375 train loss: 0.3890
2019-10-16 19:05:16,694 step 375 score: 0.7395
2019-10-16 19:06:46,239 step 500 train loss: 0.3456
2019-10-16 19:06:46,239 step 500 score: 0.7786
2019-10-16 19:08:15,775 step 625 train loss: 0.3035
2019-10-16 19:08:15,775 step 625 score: 0.7863
2019-10-16 19:09:45,323 step 750 train loss: 0.3120
2019-10-16 19:09:45,323 step 750 score: 0.7878
2019-10-16 19:11:14,873 step 875 train loss: 0.2435
2019-10-16 19:11:14,873 step 875 score: 0.7926
2019-10-16 19:12:44,413 step 1000 train loss: 0.2521
2019-10-16 19:12:44,413 step 1000 score: 0.7919
2019-10-16 19:14:13,937 step 1125 train loss: 0.2421
2019-10-16 19:14:13,937 step 1125 score: 0.7906
2019-10-16 19:15:43,473 step 1250 train loss: 0.2136
2019-10-16 19:15:43,474 step 1250 score: 0.7902
2019-10-16 19:15:43,474 best score is 0.7926
