2019-10-26 10:05:42,762 log_in_file: True
2019-10-26 10:05:42,762 lm_path: /home/wangzl/PretrainedLM/BERT/New/chinese_wwm_ext_pytorch
2019-10-26 10:05:42,762 lm_type: bert
2019-10-26 10:05:42,762 data_path: ../data/
2019-10-26 10:05:42,762 usegpu: True
2019-10-26 10:05:42,762 total_step: 1500
2019-10-26 10:05:42,762 eval_every: 150
2019-10-26 10:05:42,762 early_stop: 4
2019-10-26 10:05:42,762 max_length: 360
2019-10-26 10:05:42,762 max_title_rate: 0.125
2019-10-26 10:05:42,762 content_head_rate: 0.6
2019-10-26 10:05:42,762 batch_size: 16
2019-10-26 10:05:42,762 lr_scheduler_type: linear
2019-10-26 10:05:42,762 input_pattern: head+tail+fixed
2019-10-26 10:05:42,762 clean_method: space+notzh
2019-10-26 10:05:42,762 warmup_rate: 0.1
2019-10-26 10:05:42,762 classifier_dropout: 0.3
2019-10-26 10:05:42,762 classifier_active: relu
2019-10-26 10:05:42,762 cache_final_model: False
2019-10-26 10:05:42,762 seed: 23
2019-10-26 10:05:42,762 lr: 2e-05
2019-10-26 10:05:42,762 lr_decay_in_layers: 0.95
2019-10-26 10:05:42,762 wd_decay_in_layers: 1.0
2019-10-26 10:05:42,763 weight_decay: 0.01
2019-10-26 10:05:42,779 padding token is 0
2019-10-26 10:06:01,252 Token Sample: [CLS]_0 4_0 分_0 钟_0 超_0 牛_0 逼_0 沙_0 画_0 表_0 演_0 ，_0 记_0 忆_0 中_0 的_0 经_0 典_0 动_0 漫_0 ！_0 [PAD]_0 [PAD]_0 [PAD]_0 [PAD]_0 [PAD]_0 [PAD]_0 [PAD]_0 [PAD]_0 [PAD]_0 [PAD]_0 [PAD]_0 [PAD]_0 [PAD]_0 [PAD]_0 [PAD]_0 [PAD]_0 [PAD]_0 [PAD]_0 [PAD]_0 [PAD]_0 [PAD]_0 [PAD]_0 [PAD]_0 [PAD]_0 [PAD]_0 [SEP]_0 4_1 分_1 钟_1 超_1 牛_1 逼_1 沙_1 画_1 表_1 演_1 ，_1 记_1 忆_1 中_1 的_1 经_1 典_1 动_1 漫_1 来_1 源_1 :_1 动_1 漫_1 基_1 地_1 经_1 典_1 /_1 犬_1 夜_1 叉_1 原_1 标_1 题_1 :_1 4_1 分_1 钟_1 超_1 牛_1 逼_1 沙_1 画_1 表_1 演_1 ，_1 记_1 忆_1 中_1 的_1 经_1 典_1 动_1 漫_1 来_1 自_1 :_1 君_1 君_1 电_1 影_1 院_1 [UNK]_1 [UNK]_1 作_1 者_1 方_1 浪_1 浪_1 (_1 沙_1 画_1 大_1 师_1 ，_1 曾_1 一_1 度_1 登_1 上_1 春_1 晚_1 的_1 舞_1 台_1 )_1 2018_1 年_1 ，_1 开_1 播_1 35_1 年_1 的_1 《_1 足_1 球_1 小_1 将_1 》_1 重_1 制_1 播_1 出_1 ;_1 开_1 播_1 25_1 年_1 的_1 《_1 灌_1 篮_1 高_1 手_1 》_1 重_1 登_1 《_1 少_1 年_1 jump_1 》_1 ;_1 开_1 播_1 20_1 年_1 的_1 《_1 百_1 变_1 小_1 樱_1 》_1 再_1 出_1 新_1 番_1 。_1 你_1 以_1 为_1 那_1 只_1 是_1 一_1 部_1 过_1 气_1 的_1 动_1 画_1 片_1 ，_1 但_1 ，_1 那_1 是_1 我_1 们_1 的_1 整_1 个_1 青_1 春_1 啊_1 只_1 要_1 音_1 乐_1 响_1 起_1 ，_1 就_1 足_1 以_1 让_1 我_1 们_1 热_1 泪_1 盈_1 眶_1 ，_1 只_1 要_1 听_1 [SEP]_1 童_1 年_1 最_1 爱_1 娘_1 娘_1 先_1 来_1 ，_1 犬_1 夜_1 叉_1 犬_1 夜_1 叉_1 犬_1 夜_1 叉_1 !_1 !_1 那_1 么_1 你_1 们_1 呢_1 穿_1 越_1 到_1 太_1 子_1 洞_1 房_1 做_1 太_1 子_1 妃_1 太_1 子_1 却_1 安_1 排_1 别_1 的_1 男_1 人_1 给_1 我_1 ↓↓↓_1 错_1 嫁_1 太_1 子_1 妃_1 ?_1 这_1 场_1 宫_1 斗_1 你_1 能_1 活_1 多_1 久_1 ?_1 返_1 回_1 搜_1 狐_1 ，_1 查_1 看_1 更_1 多_1 责_1 任_1 编_1 辑_1 :_1 声_1 明_1 :_1 本_1 文_1 由_1 入_1 驻_1 搜_1 狐_1 号_1 的_1 作_1 者_1 撰_1 写_1 ，_1 除_1 搜_1 狐_1 官_1 方_1 账_1 号_1 外_1 ，_1 观_1 点_1 仅_1 代_1 表_1 作_1 者_1 本_1 人_1 ，_1 不_1 代_1 表_1 搜_1 狐_1 立_1 场_1 。_1 [SEP]_1
2019-10-26 10:06:12,698 Token Sample: [CLS]_0 厉_0 害_0 了_0 我_0 的_0 国_0 [PAD]_0 [PAD]_0 [PAD]_0 [PAD]_0 [PAD]_0 [PAD]_0 [PAD]_0 [PAD]_0 [PAD]_0 [PAD]_0 [PAD]_0 [PAD]_0 [PAD]_0 [PAD]_0 [PAD]_0 [PAD]_0 [PAD]_0 [PAD]_0 [PAD]_0 [PAD]_0 [PAD]_0 [PAD]_0 [PAD]_0 [PAD]_0 [PAD]_0 [PAD]_0 [PAD]_0 [PAD]_0 [PAD]_0 [PAD]_0 [PAD]_0 [PAD]_0 [PAD]_0 [PAD]_0 [PAD]_0 [PAD]_0 [PAD]_0 [PAD]_0 [PAD]_0 [SEP]_0 极_1 不_1 平_1 凡_1 的_1 五_1 年_1 十_1 八_1 大_1 以_1 来_1 的_1 五_1 年_1 ，_1 是_1 党_1 和_1 国_1 家_1 发_1 展_1 进_1 程_1 中_1 极_1 不_1 平_1 凡_1 的_1 五_1 年_1 。_1 面_1 对_1 世_1 界_1 经_1 济_1 复_1 苏_1 乏_1 力_1 、_1 局_1 部_1 冲_1 突_1 和_1 动_1 荡_1 频_1 发_1 、_1 全_1 球_1 性_1 问_1 题_1 加_1 剧_1 的_1 外_1 部_1 环_1 境_1 ，_1 面_1 对_1 我_1 国_1 经_1 济_1 发_1 展_1 进_1 入_1 新_1 常_1 态_1 等_1 一_1 系_1 列_1 深_1 刻_1 变_1 化_1 ，_1 我_1 们_1 坚_1 持_1 稳_1 中_1 求_1 进_1 工_1 作_1 总_1 基_1 调_1 ，_1 迎_1 难_1 而_1 上_1 ，_1 开_1 拓_1 进_1 取_1 ，_1 取_1 得_1 了_1 改_1 革_1 开_1 放_1 和_1 社_1 会_1 主_1 义_1 现_1 代_1 化_1 建_1 设_1 的_1 历_1 史_1 性_1 成_1 就_1 。_1 十_1 大_1 [UNK]_1 成_1 就_1 [UNK]_1 经_1 济_1 建_1 设_1 取_1 得_1 重_1 大_1 成_1 就_1 全_1 面_1 深_1 化_1 改_1 革_1 取_1 得_1 重_1 大_1 突_1 破_1 民_1 主_1 法_1 治_1 建_1 设_1 迈_1 出_1 重_1 大_1 步_1 伐_1 思_1 想_1 文_1 化_1 建_1 设_1 取_1 得_1 重_1 大_1 进_1 [SEP]_1 层_1 扶_1 贫_1 工_1 作_1 人_1 员_1 的_1 生_1 活_1 状_1 况_1 ，_1 到_1 筑_1 起_1 世_1 界_1 上_1 的_1 人_1 工_1 林_1 的_1 坝_1 上_1 三_1 代_1 人_1 ，_1 再_1 到_1 细_1 致_1 做_1 好_1 入_1 户_1 工_1 作_1 的_1 健_1 康_1 管_1 理_1 员_1 ，_1 平_1 凡_1 中_1 见_1 证_1 着_1 伟_1 大_1 。_1 祖_1 国_1 在_1 扶_1 贫_1 、_1 生_1 态_1 文_1 明_1 建_1 设_1 、_1 医_1 疗_1 保_1 障_1 、_1 国_1 家_1 安_1 全_1 体_1 制_1 等_1 各_1 方_1 面_1 的_1 卓_1 越_1 成_1 就_1 ，_1 实_1 则_1 就_1 在_1 我_1 们_1 身_1 边_1 ，_1 是_1 我_1 们_1 每_1 天_1 正_1 经_1 历_1 的_1 真_1 实_1 事_1 情_1 ，_1 亲_1 切_1 感_1 让_1 我_1 由_1 衷_1 赞_1 ！_1 [SEP]_1
2019-10-26 10:06:23,653 Token Sample: [CLS]_0 外_0 媒_0 ：_0 中_0 缅_0 边_0 境_0 白_0 糖_0 走_0 私_0 猖_0 獗_0 每_0 年_0 超_0 100_0 万_0 吨_0 [PAD]_0 [PAD]_0 [PAD]_0 [PAD]_0 [PAD]_0 [PAD]_0 [PAD]_0 [PAD]_0 [PAD]_0 [PAD]_0 [PAD]_0 [PAD]_0 [PAD]_0 [PAD]_0 [PAD]_0 [PAD]_0 [PAD]_0 [PAD]_0 [PAD]_0 [PAD]_0 [PAD]_0 [PAD]_0 [PAD]_0 [PAD]_0 [PAD]_0 [PAD]_0 [SEP]_0 参_1 考_1 消_1 息_1 网_1 3_1 月_1 9_1 日_1 报_1 道_1 英_1 媒_1 称_1 ，_1 贸_1 易_1 领_1 域_1 消_1 息_1 人_1 士_1 7_1 日_1 表_1 示_1 ，_1 中_1 国_1 打_1 击_1 入_1 境_1 白_1 糖_1 走_1 私_1 活_1 动_1 之_1 后_1 ，_1 企_1 图_1 经_1 缅_1 甸_1 流_1 入_1 中_1 国_1 的_1 白_1 糖_1 开_1 始_1 减_1 少_1 ，_1 但_1 今_1 年_1 规_1 模_1 仍_1 将_1 可_1 观_1 。_1 据_1 路_1 透_1 社_1 3_1 月_1 7_1 日_1 报_1 道_1 ，_1 去_1 年_1 中_1 国_1 国_1 内_1 糖_1 价_1 高_1 涨_1 ，_1 导_1 致_1 白_1 糖_1 从_1 缅_1 甸_1 跨_1 境_1 进_1 入_1 中_1 国_1 的_1 走_1 私_1 活_1 动_1 猖_1 獗_1 。_1 报_1 道_1 称_1 ，_1 中_1 国_1 是_1 全_1 球_1 最_1 大_1 糖_1 进_1 口_1 国_1 。_1 中_1 国_1 农_1 业_1 部_1 官_1 员_1 上_1 月_1 表_1 示_1 ，_1 每_1 年_1 有_1 多_1 至_1 100_1 万_1 吨_1 糖_1 走_1 私_1 贩_1 运_1 到_1 中_1 国_1 境_1 内_1 。_1 交_1 易_1 商_1 表_1 示_1 ，_1 大_1 部_1 分_1 走_1 私_1 白_1 糖_1 来_1 自_1 印_1 度_1 和_1 泰_1 国_1 ，_1 巴_1 西_1 糖_1 占_1 比_1 要_1 低_1 得_1 [SEP]_1 国_1 的_1 白_1 糖_1 不_1 会_1 超_1 过_1 15_1 万_1 吨_1 ，_1 低_1 于_1 2015_1 年_1 第_1 四_1 季_1 度_1 的_1 每_1 月_1 逾_1 20_1 万_1 吨_1 的_1 数_1 量_1 。_1 另_1 一_1 位_1 分_1 析_1 师_1 说_1 ，_1 走_1 私_1 导_1 致_1 两_1 个_1 群_1 体_1 遭_1 到_1 打_1 击_1 -_1 -_1 -_1 -_1 一_1 个_1 是_1 持_1 有_1 白_1 糖_1 进_1 口_1 许_1 可_1 证_1 的_1 人_1 ，_1 另_1 一_1 个_1 是_1 炼_1 糖_1 商_1 。_1 中_1 缅_1 边_1 境_1 某_1 市_1 场_1 上_1 ，_1 摊_1 贩_1 正_1 在_1 销_1 售_1 鹿_1 角_1 、_1 虎_1 骨_1 和_1 穿_1 山_1 甲_1 皮_1 等_1 违_1 禁_1 物_1 品_1 。_1 （_1 资_1 料_1 图_1 片_1 ）_1 更_1 多_1 精_1 彩_1 :_1 股_1 票_1 [SEP]_1
2019-10-26 10:06:44,716 Token Sample: [CLS]_0 发_0 生_0 在_0 身_0 边_0 的_0 案_0 例_0 提_0 醒_0 您_0 :_0 冬_0 季_0 火_0 灾_0 隐_0 患_0 多_0 防_0 火_0 安_0 全_0 莫_0 大_0 意_0 [PAD]_0 [PAD]_0 [PAD]_0 [PAD]_0 [PAD]_0 [PAD]_0 [PAD]_0 [PAD]_0 [PAD]_0 [PAD]_0 [PAD]_0 [PAD]_0 [PAD]_0 [PAD]_0 [PAD]_0 [PAD]_0 [PAD]_0 [PAD]_0 [PAD]_0 [SEP]_0 冬_1 季_1 天_1 干_1 物_1 燥_1 ，_1 是_1 火_1 灾_1 事_1 故_1 的_1 高_1 发_1 期_1 ，_1 忽_1 略_1 安_1 全_1 细_1 节_1 、_1 用_1 火_1 用_1 电_1 稍_1 有_1 不_1 慎_1 就_1 会_1 引_1 发_1 火_1 灾_1 。_1 12_1 月_1 18_1 日_1 ，_1 记_1 者_1 采_1 访_1 市_1 消_1 防_1 支_1 队_1 宣_1 教_1 科_1 负_1 责_1 人_1 ，_1 为_1 市_1 民_1 收_1 集_1 整_1 理_1 了_1 一_1 份_1 防_1 火_1 小_1 常_1 识_1 。_1 牢_1 记_1 这_1 些_1 安_1 全_1 要_1 点_1 ，_1 关_1 键_1 时_1 刻_1 能_1 保_1 命_1 。_1 家_1 庭_1 防_1 火_1 篇_1 案_1 例_1 12_1 月_1 2_1 日_1 ，_1 赫_1 山_1 区_1 北_1 美_1 阳_1 光_1 城_1 小_1 区_1 一_1 住_1 户_1 家_1 中_1 突_1 发_1 火_1 灾_1 ，_1 消_1 防_1 人_1 员_1 在_1 前_1 往_1 救_1 援_1 时_1 ，_1 因_1 消_1 防_1 通_1 道_1 被_1 停_1 放_1 车_1 辆_1 堵_1 塞_1 ，_1 消_1 防_1 车_1 无_1 法_1 通_1 行_1 ，_1 消_1 防_1 员_1 不_1 得_1 不_1 扛_1 着_1 救_1 援_1 装_1 备_1 跑_1 去_1 现_1 场_1 ，_1 所_1 幸_1 火_1 势_1 还_1 未_1 蔓_1 延_1 ，_1 得_1 以_1 及_1 时_1 扑_1 灭_1 [SEP]_1 易_1 伤_1 人_1 的_1 衣_1 服_1 等_1 软_1 物_1 品_1 ，_1 或_1 敲_1 击_1 面_1 盆_1 、_1 锅_1 、_1 碗_1 等_1 ；_1 切_1 记_1 莫_1 误_1 时_1 机_1 。_1 一_1 旦_1 遇_1 上_1 火_1 灾_1 ，_1 安_1 全_1 为_1 主_1 ，_1 逃_1 生_1 优_1 先_1 ，_1 切_1 不_1 可_1 因_1 贪_1 恋_1 钱_1 财_1 而_1 贻_1 误_1 脱_1 险_1 时_1 机_1 。_1 在_1 报_1 火_1 警_1 时_1 ，_1 要_1 保_1 持_1 冷_1 静_1 ，_1 说_1 清_1 楚_1 起_1 火_1 的_1 地_1 点_1 及_1 现_1 场_1 情_1 况_1 ，_1 给_1 救_1 援_1 人_1 员_1 提_1 供_1 更_1 多_1 有_1 用_1 的_1 信_1 息_1 。_1 来_1 源_1 ：_1 益_1 阳_1 日_1 报_1 作_1 者_1 ：_1 李_1 星_1 陈_1 灿_1 编_1 辑_1 ：_1 莫_1 蓉_1 [SEP]_1
2019-10-26 10:06:59,201 Token Sample: [CLS]_0 明_0 确_0 正_0 当_0 防_0 卫_0 界_0 限_0 标_0 准_0 [PAD]_0 [PAD]_0 [PAD]_0 [PAD]_0 [PAD]_0 [PAD]_0 [PAD]_0 [PAD]_0 [PAD]_0 [PAD]_0 [PAD]_0 [PAD]_0 [PAD]_0 [PAD]_0 [PAD]_0 [PAD]_0 [PAD]_0 [PAD]_0 [PAD]_0 [PAD]_0 [PAD]_0 [PAD]_0 [PAD]_0 [PAD]_0 [PAD]_0 [PAD]_0 [PAD]_0 [PAD]_0 [PAD]_0 [PAD]_0 [PAD]_0 [PAD]_0 [PAD]_0 [PAD]_0 [PAD]_0 [SEP]_0 原_1 标_1 题_1 ：_1 明_1 确_1 正_1 当_1 防_1 卫_1 界_1 限_1 标_1 准_1 最_1 高_1 检_1 发_1 布_1 第_1 十_1 二_1 批_1 指_1 导_1 性_1 案_1 例_1 明_1 确_1 正_1 当_1 防_1 卫_1 界_1 限_1 标_1 准_1 稿_1 件_1 来_1 源_1 ：_1 新_1 华_1 每_1 日_1 电_1 讯_1 中_1 国_1 新_1 闻_1 据_1 新_1 华_1 社_1 北_1 京_1 12_1 月_1 19_1 日_1 电_1 (_1 记_1 者_1 陈_1 菲_1 )_1 最_1 高_1 人_1 民_1 检_1 察_1 院_1 19_1 日_1 印_1 发_1 第_1 十_1 二_1 批_1 指_1 导_1 性_1 案_1 例_1 ，_1 涉_1 及_1 的_1 四_1 个_1 案_1 例_1 均_1 为_1 正_1 当_1 防_1 卫_1 或_1 者_1 防_1 卫_1 过_1 当_1 的_1 案_1 件_1 ，_1 社_1 会_1 普_1 遍_1 关_1 注_1 的_1 于_1 海_1 明_1 正_1 当_1 防_1 卫_1 案_1 入_1 选_1 其_1 中_1 。_1 据_1 了_1 解_1 ，_1 最_1 高_1 检_1 下_1 发_1 的_1 第_1 十_1 二_1 批_1 指_1 导_1 性_1 案_1 例_1 分_1 别_1 是_1 陈_1 某_1 正_1 当_1 防_1 卫_1 案_1 、_1 朱_1 凤_1 山_1 故_1 意_1 伤_1 害_1 (_1 防_1 卫_1 过_1 当_1 )_1 案_1 、_1 于_1 海_1 明_1 正_1 当_1 防_1 卫_1 案_1 、_1 侯_1 [SEP]_1 的_1 ，_1 属_1 于_1 明_1 显_1 超_1 过_1 必_1 要_1 限_1 度_1 造_1 成_1 重_1 大_1 损_1 害_1 ，_1 应_1 当_1 负_1 刑_1 事_1 责_1 任_1 ，_1 但_1 是_1 应_1 当_1 减_1 轻_1 或_1 者_1 免_1 除_1 处_1 罚_1 。_1 于_1 海_1 明_1 正_1 当_1 防_1 卫_1 案_1 和_1 侯_1 雨_1 秋_1 正_1 当_1 防_1 卫_1 案_1 ，_1 针_1 对_1 的_1 是_1 特_1 殊_1 防_1 卫_1 的_1 问_1 题_1 ，_1 分_1 别_1 明_1 确_1 了_1 [UNK]_1 行_1 凶_1 [UNK]_1 和_1 [UNK]_1 其_1 他_1 严_1 重_1 危_1 及_1 人_1 身_1 安_1 全_1 的_1 暴_1 力_1 犯_1 罪_1 [UNK]_1 的_1 认_1 定_1 标_1 准_1 。_1 作_1 者_1 ：_1 陈_1 菲_1 返_1 回_1 搜_1 狐_1 ，_1 查_1 看_1 更_1 多_1 责_1 任_1 编_1 辑_1 ：_1 [SEP]_1
2019-10-26 10:07:12,719 Token Sample: [CLS]_0 致_0 全_0 市_0 中_0 小_0 学_0 生_0 家_0 长_0 的_0 一_0 封_0 信_0 [PAD]_0 [PAD]_0 [PAD]_0 [PAD]_0 [PAD]_0 [PAD]_0 [PAD]_0 [PAD]_0 [PAD]_0 [PAD]_0 [PAD]_0 [PAD]_0 [PAD]_0 [PAD]_0 [PAD]_0 [PAD]_0 [PAD]_0 [PAD]_0 [PAD]_0 [PAD]_0 [PAD]_0 [PAD]_0 [PAD]_0 [PAD]_0 [PAD]_0 [PAD]_0 [PAD]_0 [PAD]_0 [PAD]_0 [PAD]_0 [PAD]_0 [PAD]_0 [SEP]_0 致_1 全_1 国_1 中_1 小_1 学_1 生_1 家_1 长_1 的_1 一_1 封_1 信_1 尊_1 敬_1 的_1 中_1 小_1 学_1 生_1 家_1 长_1 朋_1 友_1 :_1 溺_1 水_1 是_1 造_1 成_1 中_1 小_1 学_1 生_1 意_1 外_1 死_1 亡_1 的_1 第_1 一_1 杀_1 手_1 。_1 春_1 季_1 以_1 后_1 ，_1 天_1 气_1 逐_1 浙_1 变_1 热_1 ，_1 溺_1 水_1 又_1 将_1 进_1 入_1 高_1 发_1 季_1 ，_1 希_1 望_1 广_1 大_1 家_1 长_1 务_1 必_1 増_1 强_1 安_1 全_1 意_1 识_1 和_1 监_1 护_1 意_1 识_1 ，_1 切_1 实_1 承_1 担_1 起_1 监_1 护_1 责_1 任_1 ，_1 加_1 强_1 对_1 孩_1 子_1 的_1 教_1 育_1 和_1 管_1 理_1 ，_1 ，_1 特_1 别_1 是_1 加_1 强_1 放_1 学_1 后_1 、_1 周_1 末_1 、_1 节_1 假_1 日_1 期_1 间_1 和_1 孩_1 子_1 结_1 伴_1 外_1 出_1 游_1 玩_1 时_1 的_1 管_1 理_1 ，_1 经_1 常_1 进_1 行_1 预_1 防_1 溺_1 水_1 等_1 安_1 全_1 教_1 育_1 ，_1 给_1 孩_1 子_1 传_1 授_1 相_1 关_1 知_1 识_1 和_1 技_1 能_1 ，_1 不_1 断_1 加_1 强_1 孩_1 子_1 安_1 全_1 意_1 识_1 和_1 自_1 我_1 保_1 护_1 意_1 识_1 ，_1 提_1 高_1 孩_1 子_1 [SEP]_1 。_1 尤_1 其_1 要_1 教_1 育_1 孩_1 子_1 遇_1 到_1 同_1 伴_1 溺_1 水_1 时_1 避_1 免_1 手_1 拉_1 手_1 盲_1 目_1 施_1 救_1 ，_1 要_1 智_1 慧_1 救_1 援_1 ，_1 立_1 即_1 寻_1 求_1 成_1 人_1 帮_1 助_1 。_1 学_1 生_1 安_1 全_1 工_1 作_1 需_1 要_1 各_1 方_1 面_1 尽_1 心_1 尽_1 责_1 、_1 密_1 切_1 配_1 合_1 、_1 齐_1 抓_1 共_1 管_1 。_1 让_1 我_1 们_1 携_1 起_1 手_1 来_1 ，_1 共_1 同_1 为_1 保_1 障_1 广_1 大_1 中_1 小_1 学_1 生_1 平_1 安_1 健_1 康_1 成_1 长_1 而_1 努_1 力_1 。_1 祝_1 您_1 的_1 孩_1 子_1 平_1 安_1 、_1 健_1 康_1 、_1 快_1 乐_1 教_1 育_1 部_1 基_1 础_1 教_1 育_1 司_1 2018_1 年_1 3_1 月_1 1_1 日_1 [SEP]_1
2019-10-26 10:07:16,506 seed everything and create model
2019-10-26 10:09:06,087 step 150 train loss: 0.7153
2019-10-26 10:09:06,087 step 150 score: 0.6788
2019-10-26 10:10:50,255 step 300 train loss: 0.4961
2019-10-26 10:10:50,255 step 300 score: 0.7715
2019-10-26 10:12:34,424 step 450 train loss: 0.4241
2019-10-26 10:12:34,424 step 450 score: 0.7852
2019-10-26 10:14:18,577 step 600 train loss: 0.3780
2019-10-26 10:14:18,577 step 600 score: 0.7603
2019-10-26 10:16:02,733 step 750 train loss: 0.3828
2019-10-26 10:16:02,733 step 750 score: 0.7752
2019-10-26 10:17:46,883 step 900 train loss: 0.3300
2019-10-26 10:17:46,883 step 900 score: 0.7594
2019-10-26 10:19:31,030 step 1050 train loss: 0.3127
2019-10-26 10:19:31,031 step 1050 score: 0.7891
2019-10-26 10:21:15,188 step 1200 train loss: 0.2714
2019-10-26 10:21:15,188 step 1200 score: 0.7869
2019-10-26 10:22:59,329 step 1350 train loss: 0.2684
2019-10-26 10:22:59,329 step 1350 score: 0.7802
2019-10-26 10:24:43,461 step 1500 train loss: 0.2883
2019-10-26 10:24:43,462 step 1500 score: 0.7765
2019-10-26 10:24:43,462 best score is 0.7891
