2019-10-26 12:19:53,179 log_in_file: True
2019-10-26 12:19:53,179 lm_path: /home/wangzl/PretrainedLM/BERT/New/chinese_wwm_ext_pytorch
2019-10-26 12:19:53,179 lm_type: bert
2019-10-26 12:19:53,179 data_path: ../data/
2019-10-26 12:19:53,179 usegpu: True
2019-10-26 12:19:53,179 total_step: 1500
2019-10-26 12:19:53,179 eval_every: 150
2019-10-26 12:19:53,179 early_stop: 4
2019-10-26 12:19:53,179 max_length: 360
2019-10-26 12:19:53,179 max_title_rate: 0.125
2019-10-26 12:19:53,179 content_head_rate: 0.6
2019-10-26 12:19:53,179 batch_size: 16
2019-10-26 12:19:53,179 lr_scheduler_type: linear
2019-10-26 12:19:53,179 input_pattern: head+tail+fixed
2019-10-26 12:19:53,179 clean_method: space+notzh
2019-10-26 12:19:53,179 warmup_rate: 0.1
2019-10-26 12:19:53,179 classifier_dropout: 0.3
2019-10-26 12:19:53,179 classifier_active: tanh
2019-10-26 12:19:53,179 cache_final_model: False
2019-10-26 12:19:53,180 seed: 23
2019-10-26 12:19:53,180 lr: 2e-05
2019-10-26 12:19:53,180 lr_decay_in_layers: 0.95
2019-10-26 12:19:53,180 wd_decay_in_layers: 1.2
2019-10-26 12:19:53,180 weight_decay: 0.05
2019-10-26 12:19:53,196 padding token is 0
2019-10-26 12:20:12,648 Token Sample: [CLS]_0 暴_0 雪_0 线_0 路_0 检_0 测_0 __0 百_0 度_0 推_0 荐_0 [PAD]_0 [PAD]_0 [PAD]_0 [PAD]_0 [PAD]_0 [PAD]_0 [PAD]_0 [PAD]_0 [PAD]_0 [PAD]_0 [PAD]_0 [PAD]_0 [PAD]_0 [PAD]_0 [PAD]_0 [PAD]_0 [PAD]_0 [PAD]_0 [PAD]_0 [PAD]_0 [PAD]_0 [PAD]_0 [PAD]_0 [PAD]_0 [PAD]_0 [PAD]_0 [PAD]_0 [PAD]_0 [PAD]_0 [PAD]_0 [PAD]_0 [PAD]_0 [PAD]_0 [PAD]_0 [SEP]_0 不_1 过_1 ，_1 中_1 国_1 正_1 在_1 崛_1 起_1 。_1 在_1 未_1 来_1 科_1 技_1 创_1 新_1 中_1 心_1 评_1 选_1 中_1 ，_1 上_1 海_1 获_1 得_1 了_1 26_1 %_1 的_1 投_1 票_1 ，_1 北_1 京_1 获_1 得_1 21_1 %_1 。_1 一_1 年_1 前_1 ，_1 上_1 海_1 获_1 得_1 17_1 %_1 的_1 投_1 票_1 。_1 纽_1 约_1 获_1 得_1 23_1 %_1 的_1 投_1 票_1 ，_1 一_1 年_1 前_1 为_1 19_1 %_1 。_1 东_1 京_1 获_1 得_1 21_1 %_1 的_1 投_1 票_1 。_1 ns_1 ##a_1 的_1 主_1 要_1 职_1 能_1 是_1 信_1 号_1 情_1 报_1 侦_1 察_1 。_1 朝_1 鲜_1 战_1 争_1 中_1 ，_1 虽_1 然_1 美_1 国_1 中_1 央_1 情_1 报_1 局_1 已_1 经_1 建_1 立_1 ，_1 监_1 听_1 敌_1 方_1 电_1 子_1 信_1 号_1 情_1 报_1 仍_1 然_1 为_1 美_1 国_1 陆_1 海_1 空_1 军_1 所_1 掌_1 握_1 ，_1 缺_1 乏_1 协_1 调_1 和_1 军_1 种_1 间_1 利_1 益_1 纷_1 争_1 导_1 致_1 工_1 作_1 频_1 频_1 出_1 现_1 问_1 题_1 。_1 战_1 后_1 ，_1 美_1 国_1 自_1 我_1 检_1 讨_1 的_1 结_1 论_1 是_1 ，_1 应_1 该_1 成_1 立_1 一_1 个_1 专_1 门_1 的_1 信_1 号_1 情_1 [SEP]_1 的_1 范_1 围_1 ，_1 但_1 稍_1 有_1 军_1 事_1 常_1 识_1 的_1 人_1 也_1 立_1 刻_1 会_1 明_1 白_1 ，_1 这_1 么_1 近_1 的_1 距_1 离_1 意_1 味_1 着_1 两_1 基_1 地_1 直_1 接_1 暴_1 露_1 在_1 敌_1 方_1 空_1 地_1 打_1 击_1 火_1 力_1 下_1 。_1 不_1 用_1 出_1 动_1 飞_1 机_1 ，_1 仅_1 需_1 20_1 枚_1 携_1 带_1 反_1 跑_1 道_1 战_1 斗_1 部_1 的_1 中_1 近_1 程_1 弹_1 道_1 导_1 弹_1 ，_1 即_1 可_1 一_1 次_1 性_1 瘫_1 痪_1 印_1 方_1 部_1 署_1 在_1 东_1 线_1 的_1 所_1 有_1 空_1 中_1 力_1 量_1 ，_1 这_1 种_1 损_1 失_1 是_1 在_1 军_1 备_1 上_1 无_1 法_1 自_1 给_1 自_1 足_1 的_1 印_1 度_1 所_1 难_1 以_1 承_1 受_1 的_1 。_1 [SEP]_1
2019-10-26 12:20:24,550 Token Sample: [CLS]_0 事_0 发_0 池_0 州_0 !_0 两_0 骗_0 子_0 自_0 备_0 血_0 袋_0 碰_0 瓷_0 ，_0 得_0 手_0 几_0 十_0 次_0 /_0 80_0 岁_0 的_0 老_0 人_0 雨_0 中_0 被_0 撞_0 身_0 亡_0 [UNK]_0 [UNK]_0 [PAD]_0 [PAD]_0 [PAD]_0 [PAD]_0 [PAD]_0 [PAD]_0 [PAD]_0 [PAD]_0 [PAD]_0 [PAD]_0 [PAD]_0 [SEP]_0 1_1 两_1 骗_1 子_1 自_1 备_1 血_1 袋_1 碰_1 瓷_1 ，_1 得_1 手_1 几_1 十_1 次_1 ，_1 相_1 当_1 可_1 恨_1 ！_1 前_1 些_1 年_1 ，_1 两_1 名_1 湖_1 北_1 男_1 子_1 开_1 着_1 面_1 包_1 车_1 从_1 湖_1 北_1 流_1 窜_1 至_1 池_1 州_1 境_1 内_1 ，_1 携_1 带_1 自_1 行_1 车_1 和_1 血_1 袋_1 等_1 道_1 具_1 在_1 主_1 干_1 道_1 伪_1 造_1 交_1 通_1 事_1 故_1 现_1 场_1 ，_1 然_1 后_1 开_1 面_1 包_1 车_1 追_1 赶_1 大_1 货_1 车_1 并_1 实_1 施_1 敲_1 诈_1 勒_1 索_1 。_1 近_1 日_1 ，_1 记_1 者_1 从_1 池_1 州_1 警_1 方_1 获_1 悉_1 ，_1 两_1 名_1 涉_1 嫌_1 [UNK]_1 碰_1 瓷_1 [UNK]_1 的_1 嫌_1 犯_1 已_1 被_1 池_1 州_1 警_1 方_1 刑_1 拘_1 ，_1 据_1 其_1 交_1 待_1 在_1 池_1 州_1 得_1 手_1 十_1 几_1 次_1 ，_1 共_1 骗_1 得_1 一_1 千_1 多_1 元_1 。_1 （_1 网_1 络_1 图_1 ）_1 >_1 >_1 大_1 货_1 车_1 驾_1 驶_1 员_1 半_1 夜_1 被_1 [UNK]_1 碰_1 瓷_1 [UNK]_1 事_1 情_1 的_1 缘_1 起_1 还_1 得_1 从_1 一_1 名_1 大_1 货_1 车_1 驾_1 驶_1 员_1 的_1 报_1 警_1 说_1 起_1 。_1 2018_1 年_1 [SEP]_1 源_1 ：_1 池_1 州_1 公_1 安_1 在_1 线_1 、_1 东_1 至_1 县_1 公_1 安_1 局_1 编_1 辑_1 ：_1 吴_1 婵_1 娟_1 责_1 编_1 ：_1 刘_1 玉_1 琴_1 审_1 稿_1 ：_1 周_1 劲_1 风_1 监_1 制_1 ：_1 潘_1 治_1 平_1 大_1 家_1 都_1 在_1 读_1 ：_1 您_1 对_1 池_1 州_1 发_1 展_1 有_1 什_1 么_1 意_1 见_1 建_1 议_1 ？_1 我_1 们_1 帮_1 您_1 给_1 市_1 长_1 捎_1 个_1 话_1 [UNK]_1 [UNK]_1 |_1 池_1 州_1 骄_1 傲_1 |_1 亚_1 洲_1 首_1 个_1 盲_1 人_1 医_1 学_1 博_1 士_1 ，_1 以_1 他_1 为_1 原_1 型_1 的_1 电_1 影_1 获_1 最_1 佳_1 影_1 片_1 奖_1 |_1 一_1 场_1 雪_1 ，_1 九_1 华_1 山_1 成_1 了_1 水_1 墨_1 画_1 ，_1 童_1 话_1 一_1 般_1 [UNK]_1 [UNK]_1 [SEP]_1
2019-10-26 12:20:36,221 Token Sample: [CLS]_0 大_0 学_0 鉴_0 赏_0 系_0 毕_0 业_0 生_0 成_0 女_0 贼_0 沿_0 街_0 盗_0 窃_0 专_0 偷_0 衣_0 物_0 (_0 图_0 )_0 -_0 廊_0 坊_0 新_0 闻_0 网_0 -_0 廊_0 坊_0 ._0 ._0 ._0 [PAD]_0 [PAD]_0 [PAD]_0 [PAD]_0 [PAD]_0 [PAD]_0 [PAD]_0 [PAD]_0 [PAD]_0 [PAD]_0 [PAD]_0 [SEP]_0 齐_1 鲁_1 网_1 济_1 南_1 10_1 月_1 19_1 日_1 讯_1 近_1 日_1 ，_1 济_1 南_1 历_1 下_1 公_1 安_1 民_1 警_1 在_1 贵_1 和_1 商_1 厦_1 内_1 抓_1 获_1 一_1 名_1 女_1 窃_1 贼_1 ，_1 她_1 专_1 门_1 盗_1 窃_1 商_1 业_1 街_1 沿_1 街_1 商_1 铺_1 ，_1 大_1 到_1 名_1 牌_1 箱_1 包_1 ，_1 小_1 到_1 内_1 裤_1 、_1 木_1 梳_1 ，_1 都_1 被_1 她_1 收_1 入_1 自_1 己_1 的_1 [UNK]_1 百_1 宝_1 箱_1 [UNK]_1 。_1 民_1 警_1 调_1 查_1 后_1 发_1 现_1 ，_1 这_1 名_1 女_1 窃_1 贼_1 竟_1 是_1 某_1 大_1 学_1 文_1 学_1 鉴_1 赏_1 系_1 的_1 毕_1 业_1 生_1 ，_1 是_1 名_1 地_1 地_1 道_1 道_1 的_1 [UNK]_1 文_1 艺_1 女_1 青_1 年_1 [UNK]_1 。_1 10_1 月_1 9_1 日_1 13_1 时_1 ，_1 犯_1 罪_1 嫌_1 疑_1 人_1 强_1 某_1 华_1 随_1 身_1 带_1 着_1 一_1 个_1 纸_1 质_1 购_1 物_1 袋_1 ，_1 到_1 泉_1 城_1 路_1 逛_1 街_1 购_1 物_1 。_1 强_1 某_1 华_1 在_1 步_1 行_1 街_1 上_1 ，_1 专_1 门_1 挑_1 选_1 客_1 流_1 量_1 比_1 较_1 大_1 的_1 店_1 铺_1 进_1 店_1 闲_1 逛_1 ，_1 但_1 她_1 却_1 不_1 是_1 为_1 [SEP]_1 有_1 200_1 元_1 左_1 右_1 人_1 民_1 币_1 ，_1 但_1 她_1 已_1 经_1 拿_1 了_1 价_1 值_1 2000_1 多_1 元_1 的_1 衣_1 物_1 。_1 民_1 警_1 遂_1 根_1 据_1 强_1 某_1 华_1 购_1 物_1 袋_1 内_1 衣_1 物_1 的_1 标_1 牌_1 沿_1 路_1 找_1 到_1 了_1 被_1 盗_1 的_1 各_1 品_1 牌_1 服_1 装_1 店_1 ，_1 连_1 夜_1 调_1 取_1 了_1 各_1 被_1 盗_1 店_1 铺_1 的_1 监_1 控_1 录_1 像_1 ，_1 组_1 织_1 店_1 铺_1 营_1 业_1 员_1 对_1 其_1 进_1 行_1 辨_1 认_1 ，_1 证_1 实_1 了_1 强_1 某_1 华_1 的_1 盗_1 窃_1 行_1 为_1 。_1 现_1 强_1 某_1 华_1 已_1 被_1 刑_1 事_1 拘_1 留_1 ，_1 案_1 件_1 正_1 在_1 进_1 一_1 步_1 办_1 理_1 过_1 程_1 中_1 。_1 [SEP]_1
2019-10-26 12:20:56,959 Token Sample: [CLS]_0 ._0 ._0 ._0 巡_0 回_0 审_0 判_0 法_0 庭_0 今_0 日_0 挂_0 牌_0 成_0 立_0 -_0 新_0 闻_0 中_0 心_0 [UNK]_0 [UNK]_0 镇_0 江_0 市_0 丹_0 徒_0 区_0 人_0 民_0 法_0 院_0 [PAD]_0 [PAD]_0 [PAD]_0 [PAD]_0 [PAD]_0 [PAD]_0 [PAD]_0 [PAD]_0 [PAD]_0 [PAD]_0 [PAD]_0 [PAD]_0 [PAD]_0 [SEP]_0 12_1 月_1 13_1 日_1 上_1 午_1 ，_1 丹_1 徒_1 区_1 道_1 路_1 交_1 通_1 事_1 故_1 损_1 害_1 赔_1 偿_1 网_1 上_1 数_1 据_1 一_1 体_1 化_1 处_1 理_1 中_1 心_1 和_1 道_1 路_1 交_1 通_1 事_1 故_1 巡_1 回_1 审_1 判_1 法_1 庭_1 在_1 区_1 交_1 警_1 大_1 队_1 事_1 故_1 处_1 理_1 中_1 队_1 挂_1 牌_1 成_1 立_1 ，_1 区_1 法_1 院_1 党_1 组_1 书_1 记_1 、_1 院_1 长_1 汤_1 国_1 生_1 、_1 区_1 公_1 安_1 局_1 党_1 委_1 委_1 员_1 、_1 交_1 巡_1 警_1 大_1 队_1 大_1 队_1 长_1 於_1 伟_1 荣_1 共_1 同_1 为_1 两_1 处_1 揭_1 牌_1 。_1 为_1 方_1 便_1 群_1 众_1 低_1 成_1 本_1 、_1 快_1 速_1 、_1 高_1 效_1 处_1 理_1 道_1 路_1 交_1 通_1 事_1 故_1 ，_1 丹_1 徒_1 法_1 院_1 联_1 合_1 区_1 公_1 安_1 局_1 ，_1 成_1 立_1 丹_1 徒_1 区_1 道_1 路_1 交_1 通_1 事_1 故_1 损_1 害_1 赔_1 偿_1 网_1 上_1 数_1 据_1 一_1 体_1 化_1 处_1 理_1 中_1 心_1 ，_1 创_1 新_1 拓_1 展_1 多_1 元_1 化_1 纠_1 纷_1 解_1 决_1 机_1 制_1 。_1 充_1 分_1 利_1 用_1 互_1 联_1 网_1 技_1 术_1 和_1 大_1 [SEP]_1 徒_1 区_1 道_1 路_1 交_1 通_1 事_1 故_1 网_1 上_1 数_1 据_1 一_1 体_1 化_1 处_1 理_1 中_1 心_1 ，_1 一_1 方_1 面_1 能_1 够_1 实_1 现_1 交_1 通_1 事_1 故_1 与_1 保_1 险_1 公_1 司_1 、_1 交_1 警_1 部_1 门_1 、_1 鉴_1 定_1 机_1 构_1 的_1 无_1 缝_1 对_1 接_1 ，_1 避_1 免_1 当_1 事_1 人_1 来_1 回_1 奔_1 波_1 ;_1 另_1 一_1 方_1 面_1 也_1 能_1 有_1 效_1 规_1 范_1 理_1 赔_1 标_1 准_1 、_1 统_1 一_1 裁_1 判_1 尺_1 度_1 ，_1 整_1 合_1 吸_1 纳_1 多_1 方_1 资_1 源_1 多_1 元_1 化_1 解_1 道_1 交_1 纠_1 纷_1 ，_1 使_1 纠_1 纷_1 解_1 决_1 更_1 透_1 明_1 、_1 更_1 阳_1 光_1 、_1 更_1 高_1 效_1 、_1 更_1 权_1 威_1 。_1 [SEP]_1
2019-10-26 12:21:13,335 Token Sample: [CLS]_0 塌_0 方_0 瞬_0 間_0 他_0 推_0 開_0 同_0 事_0 河_0 南_0 周_0 口_0 22_0 歲_0 消_0 防_0 員_0 出_0 警_0 時_0 犧_0 牲_0 [PAD]_0 [PAD]_0 [PAD]_0 [PAD]_0 [PAD]_0 [PAD]_0 [PAD]_0 [PAD]_0 [PAD]_0 [PAD]_0 [PAD]_0 [PAD]_0 [PAD]_0 [PAD]_0 [PAD]_0 [PAD]_0 [PAD]_0 [PAD]_0 [PAD]_0 [PAD]_0 [PAD]_0 [PAD]_0 [SEP]_0 塌_1 方_1 瞬_1 間_1 ，_1 他_1 一_1 把_1 推_1 開_1 了_1 同_1 事_1 ，_1 把_1 生_1 的_1 希_1 望_1 給_1 了_1 別_1 人_1 [UNK]_1 拉_1 住_1 他_1 ，_1 把_1 他_1 拉_1 上_1 去_1 !_1 [UNK]_1 這_1 是_1 一_1 段_1 來_1 自_1 河_1 南_1 省_1 周_1 口_1 市_1 鄲_1 城_1 縣_1 消_1 防_1 大_1 隊_1 接_1 到_1 警_1 情_1 后_1 的_1 現_1 場_1 錄_1 音_1 。_1 12_1 月_1 6_1 日_1 11_1 時_1 10_1 分_1 ，_1 鄲_1 城_1 縣_1 一_1 污_1 水_1 管_1 道_1 在_1 進_1 行_1 疏_1 通_1 作_1 業_1 時_1 發_1 生_1 險_1 情_1 ，_1 兩_1 名_1 正_1 在_1 作_1 業_1 的_1 農_1 民_1 工_1 被_1 困_1 。_1 警_1 情_1 就_1 是_1 命_1 令_1 。_1 鄲_1 城_1 縣_1 消_1 防_1 大_1 隊_1 交_1 通_1 路_1 中_1 隊_1 綜_1 合_1 班_1 班_1 長_1 [UNK]_1 亞_1 隆_1 接_1 到_1 指_1 令_1 后_1 ，_1 火_1 速_1 趕_1 往_1 事_1 發_1 地_1 點_1 ，_1 兩_1 名_1 被_1 困_1 農_1 民_1 工_1 相_1 繼_1 獲_1 救_1 。_1 年_1 僅_1 22_1 歲_1 的_1 [UNK]_1 亞_1 隆_1 為_1 保_1 護_1 同_1 事_1 負_1 傷_1 ，_1 緊_1 急_1 送_1 醫_1 后_1 經_1 搶_1 救_1 無_1 效_1 死_1 [SEP]_1 血_1 、_1 堅_1 守_1 初_1 心_1 的_1 人_1 。_1 [UNK]_1 鄲_1 城_1 縣_1 消_1 防_1 中_1 隊_1 指_1 導_1 員_1 唐_1 洪_1 裡_1 說_1 ，_1 這_1 位_1 消_1 防_1 員_1 4_1 年_1 來_1 已_1 累_1 計_1 救_1 出_1 遇_1 險_1 群_1 眾_1 100_1 余_1 人_1 。_1 [UNK]_1 就_1 在_1 今_1 年_1 8_1 月_1 23_1 日_1 、_1 9_1 月_1 6_1 日_1 兩_1 起_1 車_1 禍_1 救_1 援_1 中_1 ，_1 亞_1 隆_1 操_1 作_1 電_1 動_1 剪_1 擴_1 器_1 、_1 液_1 壓_1 剪_1 擴_1 器_1 ，_1 救_1 出_1 2_1 名_1 被_1 困_1 群_1 眾_1 。_1 [UNK]_1 據_1 了_1 解_1 ，_1 [UNK]_1 亞_1 隆_1 已_1 被_1 應_1 急_1 管_1 理_1 部_1 批_1 准_1 為_1 烈_1 士_1 。_1 (_1 余_1 嘉_1 熙_1 張_1 議_1 丹_1 )_1 [SEP]_1
2019-10-26 12:21:27,157 seed everything and create model
2019-10-26 12:23:16,733 step 150 train loss: 0.6962
2019-10-26 12:23:16,734 step 150 score: 0.5811
2019-10-26 12:25:00,882 step 300 train loss: 0.5192
2019-10-26 12:25:00,882 step 300 score: 0.7603
2019-10-26 12:26:45,042 step 450 train loss: 0.4419
2019-10-26 12:26:45,043 step 450 score: 0.7695
2019-10-26 12:28:29,201 step 600 train loss: 0.3889
2019-10-26 12:28:29,201 step 600 score: 0.7462
2019-10-26 12:30:13,332 step 750 train loss: 0.3978
2019-10-26 12:30:13,332 step 750 score: 0.7503
2019-10-26 12:31:57,465 step 900 train loss: 0.3377
2019-10-26 12:31:57,465 step 900 score: 0.7611
2019-10-26 12:33:41,616 step 1050 train loss: 0.3306
2019-10-26 12:33:41,616 step 1050 score: 0.7832
2019-10-26 12:35:25,767 step 1200 train loss: 0.2904
2019-10-26 12:35:25,767 step 1200 score: 0.7792
2019-10-26 12:37:09,920 step 1350 train loss: 0.2821
2019-10-26 12:37:09,920 step 1350 score: 0.7700
2019-10-26 12:38:54,080 step 1500 train loss: 0.3028
2019-10-26 12:38:54,081 step 1500 score: 0.7766
2019-10-26 12:38:54,081 best score is 0.7832
