2019-10-23 05:05:57,854 log_in_file: True
2019-10-23 05:05:57,855 lm_path: /home/wangzl/PretrainedLM/XLNET/chinese_xlnet_mid_pytorch/
2019-10-23 05:05:57,855 lm_type: xlnet
2019-10-23 05:05:57,855 data_path: ../data/
2019-10-23 05:05:57,855 usegpu: True
2019-10-23 05:05:57,855 use_origin: True
2019-10-23 05:05:57,855 total_step: 4200
2019-10-23 05:05:57,855 eval_every: 300
2019-10-23 05:05:57,855 early_stop: 4
2019-10-23 05:05:57,855 max_length: 510
2019-10-23 05:05:57,855 max_title_rate: 0.125
2019-10-23 05:05:57,855 content_head_rate: 0.6
2019-10-23 05:05:57,855 batch_size: 4
2019-10-23 05:05:57,855 lr_scheduler_type: constant
2019-10-23 05:05:57,855 input_pattern: head+tail+dynamic
2019-10-23 05:05:57,855 clean_method: space+notzh
2019-10-23 05:05:57,855 warmup_rate: 0.1
2019-10-23 05:05:57,855 classifier_dropout: 0.3
2019-10-23 05:05:57,855 classifier_weight_decay: 0.0
2019-10-23 05:05:57,855 cache_final_model: False
2019-10-23 05:05:57,855 seed: 23
2019-10-23 05:05:57,855 lr: 5e-06
2019-10-23 05:05:57,855 lr_decay_in_layers: 0.95
2019-10-23 05:05:57,855 weight_decay: 0.01
2019-10-23 05:05:57,903 padding token is 5
2019-10-23 05:06:05,494 Token Sample: <cls>_0 ▁_0 商_0 住_0 用地_0 变更_0 为_0 商业_0 用地_0 __0 精_0 选_0 律师_0 解_0 答_0 —_0 华_0 律_0 网_0 <sep>_0 ▁_1 商业_1 用地_1 是指_1 规划_1 部门_1 根据_1 城市_1 规划_1 所_1 规定_1 该_1 宗_1 地_1 块_1 的_1 用地_1 性质_1 是_1 用于_1 建设_1 商业_1 用_1 房屋_1 。_1 工业_1 用地_1 指_1 工_1 矿_1 企业_1 的_1 生产_1 车_1 间_1 、_1 库_1 房_1 及其_1 附属_1 设施_1 等_1 用地_1 ,_1 包括_1 专用_1 的_1 铁路_1 、_1 码头_1 和_1 道路_1 等_1 用地_1 。_1 不包括_1 露天_1 矿_1 用地_1 ,_1 该_1 用地_1 应_1 归_1 入_1 水域_1 和其他_1 用地_1 类_1 。_1 <sep>_1 <pad>_1 <pad>_1 <pad>_1 <pad>_1 <pad>_1 <pad>_1 <pad>_1 <pad>_1 <pad>_1 <pad>_1 <pad>_1 <pad>_1 <pad>_1 <pad>_1 <pad>_1 <pad>_1 <pad>_1 <pad>_1 <pad>_1 <pad>_1 <pad>_1 <pad>_1 <pad>_1 <pad>_1 <pad>_1 <pad>_1 <pad>_1 <pad>_1 <pad>_1 <pad>_1 <pad>_1 <pad>_1 <pad>_1 <pad>_1 <pad>_1 <pad>_1 <pad>_1 <pad>_1 <pad>_1 <pad>_1 <pad>_1 <pad>_1 <pad>_1 <pad>_1 <pad>_1 <pad>_1 <pad>_1 <pad>_1 <pad>_1 <pad>_1 <pad>_1 <pad>_1 <pad>_1 <pad>_1 <pad>_1 <pad>_1 <pad>_1 <pad>_1 <pad>_1 <pad>_1 <pad>_1 <pad>_1 <pad>_1 <pad>_1 <pad>_1 <pad>_1 <pad>_1 <pad>_1 <pad>_1 <pad>_1 <pad>_1 <pad>_1 <pad>_1 <pad>_1 <pad>_1 <pad>_1 <pad>_1 <pad>_1 <pad>_1 <pad>_1 <pad>_1 <pad>_1 <pad>_1 <pad>_1 <pad>_1 <pad>_1 <pad>_1 <pad>_1 <pad>_1 <pad>_1 <pad>_1 <pad>_1 <pad>_1 <pad>_1 <pad>_1 <pad>_1 <pad>_1 <pad>_1 <pad>_1 <pad>_1 <pad>_1 <pad>_1 <pad>_1 <pad>_1 <pad>_1 <pad>_1 <pad>_1 <pad>_1 <pad>_1 <pad>_1 <pad>_1 <pad>_1 <pad>_1 <pad>_1 <pad>_1 <pad>_1 <pad>_1 <pad>_1 <pad>_1 <pad>_1 <pad>_1 <pad>_1 <pad>_1 <pad>_1 <pad>_1 <pad>_1 <pad>_1 <pad>_1 <pad>_1 <pad>_1 <pad>_1 <pad>_1 <pad>_1 <pad>_1 <pad>_1 <pad>_1 <pad>_1 <pad>_1 <pad>_1 <pad>_1 <pad>_1 <pad>_1 <pad>_1 <pad>_1 <pad>_1 <pad>_1 <pad>_1 <pad>_1 <pad>_1 <pad>_1 <pad>_1 <pad>_1 <pad>_1 <pad>_1 <pad>_1 <pad>_1 <pad>_1 <pad>_1 <pad>_1 <pad>_1 <pad>_1 <pad>_1 <pad>_1 <pad>_1 <pad>_1 <pad>_1 <pad>_1 <pad>_1 <pad>_1 <pad>_1 <pad>_1 <pad>_1 <pad>_1 <pad>_1 <pad>_1 <pad>_1 <pad>_1 <pad>_1 <pad>_1 <pad>_1 <pad>_1 <pad>_1 <pad>_1 <pad>_1 <pad>_1 <pad>_1 <pad>_1 <pad>_1 <pad>_1 <pad>_1 <pad>_1 <pad>_1 <pad>_1 <pad>_1 <pad>_1 <pad>_1 <pad>_1 <pad>_1 <pad>_1 <pad>_1 <pad>_1 <pad>_1 <pad>_1 <pad>_1 <pad>_1 <pad>_1 <pad>_1 <pad>_1 <pad>_1 <pad>_1 <pad>_1 <pad>_1 <pad>_1 <pad>_1 <pad>_1 <pad>_1 <pad>_1 <pad>_1 <pad>_1 <pad>_1 <pad>_1 <pad>_1 <pad>_1 <pad>_1 <pad>_1 <pad>_1 <pad>_1 <pad>_1 <pad>_1 <pad>_1 <pad>_1 <pad>_1 <pad>_1 <pad>_1 <pad>_1 <pad>_1 <pad>_1 <pad>_1 <pad>_1 <pad>_1 <pad>_1 <pad>_1 <pad>_1 <pad>_1 <pad>_1 <pad>_1 <pad>_1 <pad>_1 <pad>_1 <pad>_1 <pad>_1 <pad>_1 <pad>_1 <pad>_1 <pad>_1 <pad>_1 <pad>_1 <pad>_1 <pad>_1 <pad>_1 <pad>_1 <pad>_1 <pad>_1 <pad>_1 <pad>_1 <pad>_1 <pad>_1 <pad>_1 <pad>_1 <pad>_1 <pad>_1 <pad>_1 <pad>_1 <pad>_1 <pad>_1 <pad>_1 <pad>_1 <pad>_1 <pad>_1 <pad>_1 <pad>_1 <pad>_1 <pad>_1 <pad>_1 <pad>_1 <pad>_1 <pad>_1 <pad>_1 <pad>_1 <pad>_1 <pad>_1 <pad>_1 <pad>_1 <pad>_1 <pad>_1 <pad>_1 <pad>_1 <pad>_1 <pad>_1 <pad>_1 <pad>_1 <pad>_1 <pad>_1 <pad>_1 <pad>_1 <pad>_1 <pad>_1 <pad>_1 <pad>_1 <pad>_1 <pad>_1 <pad>_1 <pad>_1 <pad>_1 <pad>_1 <pad>_1 <pad>_1 <pad>_1 <pad>_1 <pad>_1 <pad>_1 <pad>_1 <pad>_1 <pad>_1 <pad>_1 <pad>_1 <pad>_1 <pad>_1 <pad>_1 <pad>_1 <pad>_1 <pad>_1 <pad>_1 <pad>_1 <pad>_1 <pad>_1 <pad>_1 <pad>_1 <pad>_1 <pad>_1 <pad>_1 <pad>_1 <pad>_1 <pad>_1 <pad>_1 <pad>_1 <pad>_1 <pad>_1 <pad>_1 <pad>_1 <pad>_1 <pad>_1 <pad>_1 <pad>_1 <pad>_1 <pad>_1 <pad>_1 <pad>_1 <pad>_1 <pad>_1 <pad>_1 <pad>_1 <pad>_1 <pad>_1 <pad>_1 <pad>_1 <pad>_1 <pad>_1 <pad>_1 <pad>_1 <pad>_1 <pad>_1 <pad>_1 <pad>_1 <pad>_1 <pad>_1 <pad>_1 <pad>_1 <pad>_1 <pad>_1 <pad>_1 <pad>_1 <pad>_1 <pad>_1 <pad>_1 <pad>_1 <pad>_1 <pad>_1 <pad>_1 <pad>_1 <pad>_1 <pad>_1 <pad>_1 <pad>_1 <pad>_1 <pad>_1 <pad>_1 <pad>_1 <pad>_1 <pad>_1 <pad>_1 <pad>_1 <pad>_1 <pad>_1 <pad>_1 <pad>_1 <pad>_1 <pad>_1 <pad>_1 <pad>_1 <pad>_1 <pad>_1 <pad>_1 <pad>_1 <pad>_1 <pad>_1 <pad>_1 <pad>_1 <pad>_1
2019-10-23 05:06:10,664 Token Sample: <cls>_0 ▁_0 横_0 门_0 冲_0 口_0 门_0 片_0 区_0 围_0 堤_0 路_0 水_0 闸_0 、_0 道路_0 、_0 堤_0 坝_0 尘_0 土_0 飞_0 扬_0 ,_0 点_0 解决_0 ?_0 __0 南_0 朗_0 镇_0 <sep>_0 ▁原_1 标题_1 :_1 横_1 门_1 冲_1 口_1 门_1 片_1 区_1 围_1 堤_1 路_1 水_1 闸_1 、_1 道路_1 、_1 堤_1 坝_1 尘_1 土_1 飞_1 扬_1 ,_1 点_1 解决_1 ?_1 星期_1 三_1 来源_1 :_1 中山_1 人_1 大_1 /_1 整理_1 :_1 油_1 菜_1 近_1 日_1 ,_1 有_1 市民_1 反映_1 称_1 :_1 横_1 门_1 冲_1 口_1 门_1 片_1 区_1 福_1 日_1 升_1 厂_1 废_1 气_1 排放_1 刺_1 鼻_1 以及_1 冲_1 口_1 门_1 水_1 闸_1 周边_1 路段_1 尘_1 土_1 飞_1 扬_1 、_1 泥_1 头_1 车_1 超_1 重_1 超_1 载_1 、_1 堆_1 泥_1 场_1 道路_1 泥_1 泞_1 影响_1 周边_1 村民_1 车辆_1 出_1 行_1 。_1 南_1 朗_1 镇_1 人_1 大_1 办_1 高度_1 重视_1 ,_1 针对_1 上述_1 问题_1 ,_1 12_1 月_1 7_1 日_1 ,_1 镇_1 人_1 大_1 办_1 组织_1 横_1 门_1 周边_1 地区的_1 6_1 位_1 人_1 大_1 代表_1 梁_1 伟_1 文_1 、_1 李_1 秋_1 霞_1 、_1 林_1 雪_1 贞_1 、_1 林_1 胜_1 中_1 、_1 冯_1 剑_1 明_1 、_1 贺_1 金_1 好_1 以及_1 相关_1 部门_1 ,_1 对_1 福_1 日_1 升_1 新型_1 材料_1 厂_1 及_1 冲_1 口_1 门_1 水_1 闸_1 路段_1 道路_1 情况_1 进行_1 视察_1 。_1 当_1 日_1 ,_1 代表_1 们_1 首先_1 对_1 福_1 日_1 升_1 厂_1 的_1 厂_1 房_1 、_1 车_1 间_1 、_1 仓库_1 备_1 料_1 及_1 废_1 气_1 排放_1 等_1 相关_1 情况_1 进行了_1 现场_1 查看_1 ,_1 发现_1 该_1 厂_1 区_1 环境_1 卫生_1 、_1 生产_1 流程_1 、_1 废_1 气_1 排放_1 及_1 堆_1 放_1 场_1 的_1 物料_1 储存_1 基本_1 达到_1 生产_1 标准_1 。_1 随后_1 代表_1 们_1 到_1 冲_1 口_1 门_1 水_1 闸_1 周边_1 的_1 堆_1 泥_1 场_1 视察_1 ,_1 发现_1 堆_1 泥_1 场_1 乱_1 堆_1 乱_1 放_1 及_1 淤_1 泥_1 影响_1 车辆_1 出_1 行_1 情况_1 比较_1 严重_1 。_1 最后_1 代表_1 们_1 沿着_1 围_1 堤_1 路_1 继续_1 视察_1 水_1 闸_1 、_1 道路_1 、_1 堤_1 坝_1 损坏_1 情况_1 <sep>_1 力_1 度_1 ,_1 严厉_1 打击_1 各种_1 违法_1 行为_1 ,_1 为_1 群众_1 营_1 造_1 一个_1 舒_1 适_1 的生活_1 环境_1 。_1 ●_1 南_1 朗_1 镇_1 党_1 委委员_1 甘_1 国_1 顺_1 表示_1 横_1 门_1 片_1 区_1 福_1 日_1 升_1 厂_1 臭_1 气_1 排放_1 、_1 冲_1 口_1 门_1 新_1 水_1 闸_1 道路_1 货_1 车_1 货_1 车_1 超_1 载_1 超_1 重_1 、_1 尘_1 土_1 飞_1 扬_1 及_1 周边_1 堆_1 泥_1 场_1 影响_1 车辆_1 出_1 行_1 等_1 问题_1 事_1 关_1 老_1 百姓_1 居住_1 环境_1 和_1 健康_1 出_1 行_1 ,_1 必须_1 解决_1 ,_1 刻_1 不_1 容_1 缓_1 。_1 希望_1 各_1 有关部门_1 采取_1 有效_1 措施_1 ,_1 进行_1 全面_1 整_1 治_1 。_1 一方面_1 加强_1 对_1 福_1 日_1 升_1 厂_1 、_1 堆_1 泥_1 场_1 的_1 监督_1 执法_1 ,_1 严厉_1 打击_1 排_1 污_1 企业_1 偷_1 排_1 等_1 违法_1 行为_1 。_1 另一方面_1 要_1 对_1 该_1 路段_1 进行_1 修复_1 整_1 改_1 ,_1 务_1 求_1 将_1 对_1 群众_1 的_1 不良_1 影响_1 降_1 到_1 最低_1 。_1 会议_1 要求_1 南_1 朗_1 镇_1 相关_1 职能_1 部门_1 要_1 根据_1 其_1 自身_1 职能_1 制定_1 整_1 改_1 方案_1 并于_1 12_1 月_1 12_1 日_1 上_1 报_1 南_1 朗_1 镇_1 人_1 大_1 办_1 返回_1 搜_1 狐_1 ,_1 查看_1 更多_1 责任_1 编辑_1 :_1 <sep>_1
2019-10-23 05:06:15,967 Token Sample: <cls>_0 ▁因_0 孩子_0 患病_0 家_0 长_0 从_0 保定_0 来_0 津_0 弃_0 婴_0 (_0 图_0 )_0 <sep>_0 ▁《_1 每日_1 新_1 报_1 》_1 之前_1 报道_1 的_1 “_1 天津_1 西站_1 弃_1 婴_1 案_1 ”_1 引起了_1 社会_1 的_1 广泛_1 关注_1 ,_1 日_1 前_1 ,_1 该_1 案_1 宣布_1 告_1 破_1 。_1 据_1 了解_1 ,_1 孩子_1 的_1 家_1 长_1 是因为_1 孩子_1 患病_1 ,_1 专门_1 从_1 保定_1 来_1 津_1 丢_1 弃_1 孩子_1 。_1 2018_1 年_1 12_1 月_1 27_1 日_1 18_1 时_1 20_1 分_1 许_1 ,_1 天津_1 西站_1 一名_1 保_1 洁_1 员_1 在_1 候_1 车_1 室_1 东_1 北侧_1 女_1 厕_1 内_1 打_1 扫_1 卫生_1 时_1 ,_1 发现_1 第一_1 厕_1 所_1 间_1 地面_1 上_1 放置_1 一个_1 几个_1 月_1 大_1 的_1 男_1 婴_1 ,_1 男_1 婴_1 由_1 一条_1 棉_1 被_1 包裹_1 ,_1 旁边_1 放置_1 一个_1 装_1 有_1 奶_1 粉_1 的_1 奶_1 瓶_1 和_1 几_1 片_1 尿_1 不_1 湿_1 的_1 塑料_1 袋_1 。_1 接到_1 车站_1 报_1 警_1 后_1 ,_1 天津_1 西站_1 派出_1 所_1 立即_1 赶_1 赴_1 现场_1 开展_1 工作_1 ,_1 并_1 协同_1 车站_1 工作人员_1 将_1 男_1 婴_1 送到_1 天津市_1 福利_1 院_1 进行_1 救助_1 ;_1 同时_1 上_1 报_1 公安_1 处_1 ,_1 因_1 案_1 情_1 重大_1 ,_1 公安_1 处_1 领导_1 高度_1 重视_1 ,_1 立即_1 责_1 成_1 刑_1 警_1 支队_1 会_1 同_1 天_1 西_1 所_1 一起_1 抽_1 调_1 精_1 干_1 警_1 力_1 组成_1 专_1 案_1 组_1 破_1 案_1 攻_1 坚_1 。_1 专_1 案_1 组_1 首先_1 调_1 取_1 了_1 车站_1 候_1 车_1 室_1 及_1 站_1 区_1 附近_1 监控_1 视频_1 ,_1 经_1 细_1 致_1 查看_1 ,_1 发现_1 系_1 由_1 2_1 名_1 中_1 年_1 妇女_1 于_1 当_1 日_1 17_1 时_1 50_1 分_1 许_1 打_1 车_1 到_1 天津_1 西站_1 ,_1 下_1 车_1 后_1 抱_1 着_1 棉_1 被_1 包裹_1 的_1 婴儿_1 进入_1 西站_1 候_1 车_1 室_1 ,_1 由_1 其中_1 一名_1 女子_1 进入_1 女_1 厕_1 将_1 婴儿_1 遗_1 弃_1 后_1 再_1 打_1 车_1 离开_1 西站_1 。_1 专_1 案_1 组_1 又_1 联系_1 到_1 2_1 名_1 出租车_1 司机_1 进行_1 重点_1 走_1 访_1 ,_1 <sep>_1 较多_1 的地方_1 ,_1 设想_1 孩子_1 也许_1 能_1 被_1 有_1 钱_1 人_1 救助_1 后_1 治_1 好_1 疾病_1 。_1 4_1 人_1 商_1 议_1 后_1 由_1 木_1 某_1 驾_1 车_1 ,_1 伙_1 同_1 其他_1 3_1 人_1 一起_1 带_1 孩子_1 到_1 天津_1 ,_1 到_1 天津_1 后_1 ,_1 将_1 车_1 停_1 放在_1 五_1 爱_1 道_1 与_1 丁_1 字_1 沽_1 一号_1 路_1 交_1 口_1 附近_1 路_1 边_1 ,_1 其子_1 康_1 某_1 和_1 儿_1 媳_1 方_1 某_1 在_1 车_1 内_1 等待_1 ,_1 由_1 木_1 某_1 和_1 其_1 丈夫_1 的妹妹_1 康_1 某_1 抱_1 着_1 孩子_1 打_1 车_1 前往_1 天津_1 西站_1 ,_1 后_1 将_1 孩子_1 遗_1 弃_1 在_1 西站_1 候_1 车_1 室_1 东侧_1 一_1 女_1 厕_1 内_1 。_1 根据_1 木_1 某_1 交代_1 的_1 案件_1 情况_1 ,_1 专_1 案_1 组_1 同时_1 对其_1 儿子_1 康_1 某_1 、_1 儿_1 媳_1 方_1 某_1 及其_1 丈夫_1 的妹妹_1 康_1 某_1 进行了_1 传_1 唤_1 审查_1 ,_1 经_1 审查_1 ,_1 上述_1 3_1 人_1 供_1 述_1 情况_1 与_1 木_1 某_1 交代_1 情况_1 一致_1 ,_1 至此_1 ,_1 该_1 案_1 事实_1 完全_1 查_1 清_1 。_1 目前_1 ,_1 嫌疑_1 人_1 已_1 依法_1 取_1 保_1 候_1 审_1 ,_1 该_1 男_1 婴_1 带_1 回家_1 中_1 抚养_1 。_1 新_1 报_1 记者_1 张_1 家_1 民_1 通讯_1 员_1 穆_1 志_1 洋_1 岳_1 鑫_1 <sep>_1
2019-10-23 05:06:25,461 Token Sample: <cls>_0 ▁_0 女孩_0 预_0 告_0 “_0 欠_0 债_0 自杀_0 ”_0 警方_0 登_0 门_0 发现_0 一家_0 三_0 口_0 平安_0 <sep>_0 ▁原_1 标题_1 :“_1 欠_1 债_1 自杀_1 ”_1 女孩_1 曾于_1 前_1 夜_1 发_1 预_1 告_1 警方_1 登_1 门_1 发现_1 一家_1 三_1 口_1 平安_1 海口_1 发布_1 回应_1 “_1 我的_1 同学_1 在_1 海口_1 美_1 兰_1 区_1 盛_1 科_1 水_1 城_1 ._1 ._1 ._1 ._1 ._1 ._1 全家_1 可能_1 自杀_1 了_1 ,_1 凌晨_1 已_1 报_1 警_1 ._1 ._1 ._1 ._1 ._1 ._1 ”_1 21_1 日上午_1 ,_1 一名_1 网友_1 在_1 微博_1 上_1 发布_1 此_1 消息_1 ,_1 引发_1 社会_1 关注_1 。_1 海口_1 美_1 兰_1 警方_1 接_1 报_1 后_1 迅速_1 出_1 警_1 救助_1 ,_1 经_1 抢_1 救_1 ,_1 当_1 事_1 人_1 邓_1 先生_1 一家_1 三_1 口_1 已_1 脱离_1 生命_1 危险_1 。_1 据_1 了解_1 ,_1 邓_1 先生_1 系_1 北京_1 某_1 公司_1 法人_1 代表_1 ,_1 女儿_1 毕业于_1 某_1 医科大学_1 ,_1 是一名_1 护_1 士_1 ,_1 一家_1 三_1 口_1 今_1 年_1 三_1 月份_1 从_1 北京_1 来到_1 海口_1 ,_1 租_1 住在_1 美_1 兰_1 区_1 盛_1 科_1 水_1 城_1 小_1 区_1 。_1 邓_1 先生_1 由于_1 公司_1 经营_1 出现_1 问题_1 ,_1 欠_1 下_1 高_1 额_1 借_1 款_1 并_1 牵_1 扯_1 到_1 家人_1 ,_1 身_1 心_1 疲_1 惫_1 厌_1 倦_1 生活_1 ,_1 和_1 其_1 女儿_1 邓_1 某_1 于_1 5_1 月_1 20_1 日晚_1 在_1 微博_1 上_1 发布_1 一家_1 三_1 口_1 要_1 自杀_1 的消息_1 。_1 当晚_1 11_1 时_1 40_1 分_1 许_1 ,_1 美_1 兰_1 警方_1 接到_1 邓_1 某_1 同学_1 报_1 警_1 后_1 前往_1 事_1 发_1 地_1 ,_1 发现_1 全家_1 三_1 口_1 正在_1 房_1 内_1 ,_1 很_1 安全_1 ,_1 自称_1 系_1 微博_1 帐_1 号_1 被_1 盗_1 并无_1 自杀_1 意图_1 ,_1 民_1 警_1 在_1 现场_1 让_1 邓_1 某_1 通过_1 手机_1 向_1 报_1 警_1 人_1 作了_1 解释_1 。_1 5_1 月_1 21_1 日上午_1 8_1 时_1 许_1 ,_1 美_1 兰_1 警方_1 红_1 岛_1 边防_1 派出_1 所_1 再次_1 接到_1 邓_1 某_1 同学_1 报_1 警_1 称_1 ,_1 一直_1 联系_1 不_1 上_1 当_1 事_1 人_1 ,_1 可能会_1 有_1 危险_1 。_1 警方_1 立即_1 赶到_1 现场_1 ,_1 发现_1 一家_1 三_1 口_1 已_1 昏迷_1 不_1 醒_1 ,_1 地上_1 还_1 散_1 落_1 着_1 药_1 盒_1 和_1 遗_1 书_1 等_1 。_1 民_1 警_1 随后_1 拨_1 打_1 120_1 急救_1 电话_1 ,_1 经_1 医_1 务_1 人员_1 现场_1 抢_1 救_1 ,_1 三人_1 意识_1 逐渐_1 恢复_1 并被_1 立即_1 送往_1 医院_1 进一步_1 治疗_1 。_1 目前_1 ,_1 邓_1 先生_1 已_1 出_1 院_1 ,_1 其_1 妻子_1 和_1 女儿_1 也_1 已_1 脱离_1 了_1 生命_1 危险_1 。_1 警方_1 已_1 通知_1 邓_1 先生_1 的_1 亲属_1 到_1 琼_1 陪_1 护_1 并_1 协同_1 做好_1 思想_1 劝_1 导_1 工作_1 。_1 (_1 海口_1 网_1 记者_1 刘_1 杰_1 )_1 来源_1 :_1 海口_1 网_1 责任_1 编辑_1 :_1 余_1 鹏_1 飞_1 g_1 l_1 m_1 v_1 c_1 ._1 cn_1 <sep>_1 <pad>_1 <pad>_1 <pad>_1 <pad>_1 <pad>_1 <pad>_1 <pad>_1 <pad>_1 <pad>_1 <pad>_1 <pad>_1 <pad>_1 <pad>_1 <pad>_1 <pad>_1 <pad>_1 <pad>_1 <pad>_1 <pad>_1 <pad>_1 <pad>_1 <pad>_1 <pad>_1 <pad>_1 <pad>_1 <pad>_1 <pad>_1 <pad>_1 <pad>_1 <pad>_1 <pad>_1 <pad>_1 <pad>_1 <pad>_1 <pad>_1 <pad>_1 <pad>_1 <pad>_1 <pad>_1 <pad>_1 <pad>_1 <pad>_1 <pad>_1 <pad>_1 <pad>_1 <pad>_1 <pad>_1 <pad>_1 <pad>_1 <pad>_1 <pad>_1 <pad>_1 <pad>_1 <pad>_1 <pad>_1 <pad>_1 <pad>_1 <pad>_1 <pad>_1 <pad>_1 <pad>_1 <pad>_1 <pad>_1 <pad>_1 <pad>_1 <pad>_1 <pad>_1 <pad>_1 <pad>_1 <pad>_1 <pad>_1 <pad>_1 <pad>_1 <pad>_1 <pad>_1 <pad>_1 <pad>_1 <pad>_1 <pad>_1
2019-10-23 05:06:33,162 Token Sample: <cls>_0 ▁_0 夜_0 查_0 嫌疑_0 车辆_0 被_0 拖_0 行_0 碾_0 轧_0 推荐_0 -_0 法律_0 法规_0 网_0 <sep>_0 ▁原_1 标题_1 :_1 夜_1 查_1 嫌疑_1 车辆_1 被_1 拖_1 行_1 碾_1 轧_1 推荐_1 保_1 平安_1 ,_1 护_1 稳定_1 ,_1 就在_1 全市_1 公安_1 机关_1 “_1 冬季_1 攻势_1 ”_1 如_1 火_1 如_1 荼_1 进行_1 之际_1 ,_1 南京_1 一名_1 交_1 警_1 在_1 工作_1 岗_1 位_1 因_1 公_1 殉_1 职_1 。_1 昨_1 日凌晨_1 ,_1 南京_1 市公安局_1 交_1 警_1 支队_1 高速公路_1 七_1 大队_1 民_1 警_1 史_1 伟_1 年_1 在_1 新_1 集_1 公安_1 检查_1 站_1 盘_1 查_1 嫌疑_1 车辆_1 时_1 ,_1 遭_1 车辆_1 拖_1 行_1 碾_1 轧_1 ,_1 经_1 医院_1 抢_1 救_1 无效_1 献_1 保_1 平安_1 ,_1 护_1 稳定_1 ,_1 就在_1 全市_1 公安_1 机关_1 “_1 冬季_1 攻势_1 ”_1 如_1 火_1 如_1 荼_1 进行_1 之际_1 ,_1 南京_1 一名_1 交_1 警_1 在_1 工作_1 岗_1 位_1 因_1 公_1 殉_1 职_1 。_1 昨_1 日凌晨_1 ,_1 南京_1 市公安局_1 交_1 警_1 支队_1 高速公路_1 七_1 大队_1 民_1 警_1 史_1 伟_1 年_1 在_1 新_1 集_1 公安_1 检查_1 站_1 盘_1 查_1 嫌疑_1 车辆_1 时_1 ,_1 遭_1 车辆_1 拖_1 行_1 碾_1 轧_1 ,_1 经_1 医院_1 抢_1 救_1 无效_1 献_1 出_1 宝_1 贵_1 生命_1 ,_1 年_1 仅_1 47_1 岁_1 。_1 倒_1 下_1 时_1 手中_1 紧_1 紧_1 攥_1 着_1 嫌疑_1 人_1 身份_1 证_1 昨_1 日凌晨_1 2_1 时_1 30_1 分_1 ,_1 高速_1 七_1 大队_1 值_1 班_1 警_1 组_1 正在_1 宁_1 连_1 高速_1 主_1 线_1 收费_1 站_1 往_1 南京_1 方向_1 新_1 集_1 检查_1 站_1 执行_1 “_1 冬季_1 攻势_1 ”_1 夜_1 查_1 任务_1 。_1 值_1 班_1 警_1 务_1 人员_1 小_1 何_1 和_1 小_1 程_1 在_1 对_1 一辆_1 号_1 牌_1 为_1 苏_1 af_1 *_1 *_1 *_1 3_1 的_1 白色_1 奔_1 驰_1 小型_1 越野_1 车_1 进行_1 检查_1 时_1 ,_1 发现_1 该_1 车_1 车_1 内_1 人员_1 行_1 迹_1 可_1 疑_1 ,_1 遂_1 让_1 驾驶_1 员_1 缴_1 费_1 后_1 把_1 车_1 子_1 靠_1 边_1 停车_1 进一步_1 盘_1 查_1 。_1 此时_1 ,_1 高速_1 七_1 大队_1 民_1 警_1 史_1 伟_1 年_1 巡逻_1 <sep>_1 阳_1 区_1 发生_1 一起_1 命_1 案_1 ,_1 仲_1 村_1 某_1 小_1 区_1 一家_1 四_1 口_1 被_1 杀害_1 。_1 警方_1 经过_1 缜_1 密_1 侦_1 查_1 、_1 连续_1 奋_1 战_1 ,_1 于_1 16_1 日_1 18_1 时_1 4_1 ._1 幸存_1 者_1 佘_1 子_1 清_1 离_1 世_1 南京_1 大屠杀_1 还有_1 多少_1 人_1 在_1 世_1 法律_1 法规_1 网_1 消息_1 一场_1 南京_1 大屠杀_1 让_1 众_1 人_1 看到_1 了_1 日本的_1 残_1 暴_1 ,_1 给_1 南京_1 人民_1 带来了_1 无_1 尽_1 的_1 痛苦_1 ,_1 现在_1 在_1 世_1 的_1 幸存_1 者_1 还有_1 多少_1 人_1 ,_1 他们_1 状况_1 怎么_1 样_1 。_1 侵_1 华_1 日军_1 南京_1 大屠杀_1 遇难_1 同胞_1 纪念馆_1 (_1 下_1 称_1 纪念馆_1 )_1 官方_1 微博_1 昨_1 晚_1 发布_1 :“_1 刚刚_1 我们_1 收到了_1 5_1 ._1 幸存_1 者_1 佘_1 子_1 清_1 离_1 世_1 南京_1 大屠杀_1 还有_1 多少_1 幸存_1 者_1 法律_1 法规_1 网_1 综合_1 消息_1 幸存_1 者_1 佘_1 子_1 清_1 离_1 世_1 ,_1 南京_1 大屠杀_1 还有_1 多少_1 幸存_1 者_1 !_1 南京_1 大屠杀_1 幸存_1 者_1 佘_1 子_1 清_1 :_1 14_1 年_1 义务_1 讲_1 解_1 不停_1 歇_1 南京_1 大屠杀_1 幸存_1 者_1 佘_1 子_1 清_1 14_1 年_1 ,_1 义务_1 讲_1 解_1 不停_1 歇_1 (_1 学_1 雷_1 锋_1 志_1 愿_1 服务_1 进行_1 时_1 )_1 在_1 侵_1 华_1 日军_1 南京_1 大屠杀_1 遇难_1 同胞_1 纪念馆_1 <sep>_1
2019-10-23 05:06:35,176 seed everything and create model
2019-10-23 05:15:01,684 step 300 train loss: 0.9238
2019-10-23 05:15:01,684 step 300 score: 0.4896
2019-10-23 05:23:21,421 step 600 train loss: 0.6983
2019-10-23 05:23:21,422 step 600 score: 0.6676
2019-10-23 05:31:41,026 step 900 train loss: 0.4973
2019-10-23 05:31:41,026 step 900 score: 0.6707
2019-10-23 05:40:00,628 step 1200 train loss: 0.4627
2019-10-23 05:40:00,629 step 1200 score: 0.7391
2019-10-23 05:48:20,371 step 1500 train loss: 0.3951
2019-10-23 05:48:20,371 step 1500 score: 0.7541
2019-10-23 05:56:39,992 step 1800 train loss: 0.3353
2019-10-23 05:56:39,992 step 1800 score: 0.7798
2019-10-23 06:04:59,571 step 2100 train loss: 0.3600
2019-10-23 06:04:59,572 step 2100 score: 0.7819
2019-10-23 06:13:19,121 step 2400 train loss: 0.3594
2019-10-23 06:13:19,122 step 2400 score: 0.7903
2019-10-23 06:21:38,804 step 2700 train loss: 0.3478
2019-10-23 06:21:38,805 step 2700 score: 0.7668
2019-10-23 06:29:58,517 step 3000 train loss: 0.3205
2019-10-23 06:29:58,517 step 3000 score: 0.7915
2019-10-23 06:38:18,199 step 3300 train loss: 0.2415
2019-10-23 06:38:18,200 step 3300 score: 0.7591
2019-10-23 06:46:37,836 step 3600 train loss: 0.2843
2019-10-23 06:46:37,836 step 3600 score: 0.7853
2019-10-23 06:54:57,352 step 3900 train loss: 0.2772
2019-10-23 06:54:57,352 step 3900 score: 0.7948
2019-10-23 07:03:16,994 step 4200 train loss: 0.2891
2019-10-23 07:03:16,994 step 4200 score: 0.7866
2019-10-23 07:03:16,994 best score is 0.7948
