2019-10-23 09:06:16,908 log_in_file: True
2019-10-23 09:06:16,908 lm_path: /home/wangzl/PretrainedLM/BERT/New/chinese_wwm_ext_pytorch
2019-10-23 09:06:16,908 lm_type: bert
2019-10-23 09:06:16,908 data_path: ../data/
2019-10-23 09:06:16,908 usegpu: True
2019-10-23 09:06:16,908 use_origin: True
2019-10-23 09:06:16,908 total_step: 1500
2019-10-23 09:06:16,908 eval_every: 150
2019-10-23 09:06:16,908 early_stop: 4
2019-10-23 09:06:16,908 max_length: 320
2019-10-23 09:06:16,908 max_title_rate: 0.125
2019-10-23 09:06:16,908 content_head_rate: 0.6
2019-10-23 09:06:16,908 batch_size: 16
2019-10-23 09:06:16,908 lr_scheduler_type: linear
2019-10-23 09:06:16,908 input_pattern: sentence
2019-10-23 09:06:16,908 clean_method: space+notzh
2019-10-23 09:06:16,908 warmup_rate: 0.1
2019-10-23 09:06:16,908 classifier_dropout: 0.3
2019-10-23 09:06:16,908 classifier_weight_decay: 0.0
2019-10-23 09:06:16,908 cache_final_model: False
2019-10-23 09:06:16,908 seed: 23
2019-10-23 09:06:16,908 lr: 2e-05
2019-10-23 09:06:16,909 lr_decay_in_layers: 0.95
2019-10-23 09:06:16,909 weight_decay: 0.01
2019-10-23 09:06:16,925 padding token is 0
2019-10-23 09:06:38,817 Token Sample: [CLS]_0 皇_0 帝_0 爱_0 上_0 四_0 个_0 打_0 更_0 妇_0 ，_0 这_0 个_0 女_0 人_0 只_0 一_0 句_0 话_0 就_0 把_0 她_0 们_0 解_0 决_0 了_0 __0 搜_0 狐_0 历_0 史_0 __0 搜_0 狐_0 网_0 [SEP]_0 皇_1 帝_1 爱_1 上_1 四_1 个_1 打_1 更_1 妇_1 ，_1 这_1 个_1 女_1 人_1 只_1 一_1 句_1 话_1 就_1 把_1 她_1 们_1 解_1 决_1 了_1 文_1 /_1 龙_1 傲_1 天_1 下_1 满_1 清_1 贵_1 族_1 自_1 入_1 关_1 以_1 来_1 ，_1 后_1 来_1 经_1 过_1 康_1 熙_1 、_1 乾_1 隆_1 治_1 理_1 以_1 后_1 ，_1 国_1 家_1 局_1 势_1 渐_1 渐_1 稳_1 定_1 。_1 这_1 时_1 候_1 的_1 清_1 朝_1 政_1 府_1 自_1 持_1 天_1 朝_1 上_1 国_1 ，_1 开_1 始_1 闭_1 关_1 自_1 守_1 目_1 空_1 一_1 切_1 。_1 西_1 方_1 列_1 强_1 崛_1 起_1 ，_1 用_1 坚_1 船_1 利_1 炮_1 打_1 开_1 了_1 中_1 国_1 的_1 国_1 门_1 。_1 各_1 种_1 丧_1 权_1 辱_1 国_1 的_1 割_1 地_1 赔_1 款_1 条_1 约_1 应_1 运_1 而_1 生_1 。_1 清_1 朝_1 传_1 到_1 了_1 咸_1 丰_1 这_1 一_1 代_1 ，_1 国_1 家_1 依_1 然_1 被_1 西_1 方_1 弹_1 丸_1 小_1 国_1 欺_1 负_1 得_1 体_1 无_1 完_1 肤_1 。_1 话_1 说_1 这_1 咸_1 丰_1 皇_1 帝_1 ，_1 是_1 历_1 史_1 上_1 有_1 名_1 的_1 [UNK]_1 无_1 作_1 为_1 [UNK]_1 皇_1 帝_1 。_1 他_1 对_1 于_1 国_1 家_1 丝_1 毫_1 没_1 有_1 一_1 点_1 发_1 愤_1 图_1 强_1 的_1 意_1 思_1 ，_1 相_1 反_1 他_1 在_1 搜_1 罗_1 美_1 女_1 这_1 方_1 面_1 很_1 有_1 [UNK]_1 作_1 为_1 [UNK]_1 。_1 早_1 在_1 清_1 军_1 入_1 主_1 中_1 原_1 之_1 时_1 ，_1 孝_1 庄_1 太_1 后_1 怕_1 汉_1 人_1 的_1 女_1 子_1 进_1 宫_1 与_1 皇_1 上_1 厮_1 混_1 ，_1 而_1 坏_1 了_1 爱_1 新_1 觉_1 罗_1 氏_1 的_1 血_1 统_1 ，_1 特_1 意_1 命_1 人_1 在_1 宫_1 门_1 外_1 树_1 立_1 了_1 一_1 块_1 铁_1 牌_1 ，_1 上_1 面_1 赫_1 然_1 写_1 着_1 ：_1 [SEP]_1
2019-10-23 09:06:52,676 Token Sample: [CLS]_0 达_0 人_0 专_0 访_0 最_0 美_0 环_0 保_0 达_0 人_0 [UNK]_0 [UNK]_0 八_0 旬_0 老_0 人_0 十_0 年_0 的_0 坚_0 守_0 [SEP]_0 这_1 是_1 一_1 支_1 老_1 年_1 艺_1 术_1 团_1 ，_1 也_1 是_1 一_1 支_1 环_1 保_1 宣_1 传_1 队_1 ，_1 他_1 们_1 大_1 多_1 是_1 西_1 昌_1 机_1 关_1 、_1 学_1 校_1 、_1 工_1 厂_1 的_1 退_1 休_1 职_1 工_1 ，_1 平_1 均_1 年_1 龄_1 超_1 过_1 60_1 岁_1 。_1 饱_1 满_1 的_1 热_1 情_1 、_1 有_1 神_1 坚_1 定_1 眼_1 神_1 、_1 充_1 满_1 活_1 力_1 的_1 表_1 演_1 ，_1 一_1 点_1 都_1 不_1 输_1 给_1 年_1 轻_1 人_1 ，_1 他_1 们_1 的_1 每_1 个_1 节_1 目_1 都_1 与_1 环_1 保_1 有_1 关_1 ，_1 与_1 西_1 昌_1 有_1 关_1 。_1 不_1 仅_1 以_1 艺_1 术_1 感_1 染_1 身_1 边_1 人_1 ，_1 通_1 过_1 文_1 艺_1 演_1 出_1 的_1 形_1 式_1 ，_1 还_1 让_1 环_1 保_1 宣_1 传_1 走_1 入_1 居_1 民_1 的_1 生_1 活_1 。_1 他_1 们_1 有_1 一_1 个_1 响_1 亮_1 而_1 贴_1 切_1 的_1 名_1 字_1 [UNK]_1 [UNK]_1 绿_1 色_1 家_1 园_1 艺_1 术_1 团_1 。_1 绿_1 色_1 家_1 园_1 艺_1 术_1 团_1 团_1 长_1 李_1 克_1 刚_1 今_1 年_1 80_1 岁_1 了_1 ，_1 凭_1 着_1 一_1 腔_1 对_1 艺_1 术_1 的_1 真_1 情_1 、_1 对_1 环_1 保_1 的_1 重_1 视_1 。_1 他_1 带_1 领_1 着_1 一_1 批_1 热_1 爱_1 生_1 活_1 、_1 热_1 爱_1 表_1 演_1 的_1 老_1 人_1 们_1 组_1 成_1 环_1 境_1 保_1 护_1 志_1 愿_1 者_1 、_1 宣_1 传_1 兵_1 ，_1 争_1 做_1 西_1 昌_1 绿_1 色_1 卫_1 士_1 。_1 每_1 年_1 的_1 6_1 月_1 5_1 日_1 [UNK]_1 世_1 界_1 环_1 境_1 日_1 [UNK]_1 这_1 天_1 ，_1 艺_1 术_1 团_1 都_1 要_1 举_1 办_1 以_1 宣_1 传_1 环_1 境_1 保_1 护_1 为_1 主_1 题_1 的_1 文_1 艺_1 演_1 出_1 。_1 [UNK]_1 老_1 有_1 所_1 为_1 [UNK]_1 [UNK]_1 老_1 有_1 所_1 乐_1 [UNK]_1 。_1 她_1 们_1 说_1 ：_1 虽_1 然_1 [SEP]_1
2019-10-23 09:07:06,418 Token Sample: [CLS]_0 都_0 不_0 用_0 屈_0 打_0 成_0 招_0 ，_0 给_0 你_0 拍_0 个_0 照_0 片_0 就_0 给_0 你_0 定_0 罪_0 了_0 ，_0 真_0 黑_0 暗_0 [SEP]_0 《_1 杀_1 破_1 狼_1 2_1 》_1 是_1 由_1 太_1 阳_1 娱_1 乐_1 文_1 化_1 、_1 银_1 都_1 机_1 构_1 有_1 限_1 公_1 司_1 、_1 博_1 纳_1 影_1 业_1 集_1 团_1 联_1 合_1 出_1 品_1 的_1 犯_1 罪_1 悬_1 疑_1 片_1 ，_1 影_1 片_1 由_1 郑_1 保_1 瑞_1 执_1 导_1 ，_1 吴_1 京_1 、_1 托_1 尼_1 贾_1 、_1 张_1 晋_1 、_1 任_1 达_1 华_1 主_1 演_1 ，_1 古_1 天_1 乐_1 特_1 别_1 出_1 演_1 。_1 [PAD]_1 [PAD]_1 [PAD]_1 [PAD]_1 [PAD]_1 [PAD]_1 [PAD]_1 [PAD]_1 [PAD]_1 [PAD]_1 [PAD]_1 [PAD]_1 [PAD]_1 [PAD]_1 [PAD]_1 [PAD]_1 [PAD]_1 [PAD]_1 [PAD]_1 [PAD]_1 [PAD]_1 [PAD]_1 [PAD]_1 [PAD]_1 [PAD]_1 [PAD]_1 [PAD]_1 [PAD]_1 [PAD]_1 [PAD]_1 [PAD]_1 [PAD]_1 [PAD]_1 [PAD]_1 [PAD]_1 [PAD]_1 [PAD]_1 [PAD]_1 [PAD]_1 [PAD]_1 [PAD]_1 [PAD]_1 [PAD]_1 [PAD]_1 [PAD]_1 [PAD]_1 [PAD]_1 [PAD]_1 [PAD]_1 [PAD]_1 [PAD]_1 [PAD]_1 [PAD]_1 [PAD]_1 [PAD]_1 [PAD]_1 [PAD]_1 [PAD]_1 [PAD]_1 [PAD]_1 [PAD]_1 [PAD]_1 [PAD]_1 [PAD]_1 [PAD]_1 [PAD]_1 [PAD]_1 [PAD]_1 [PAD]_1 [PAD]_1 [PAD]_1 [PAD]_1 [PAD]_1 [PAD]_1 [PAD]_1 [PAD]_1 [PAD]_1 [PAD]_1 [PAD]_1 [PAD]_1 [PAD]_1 [PAD]_1 [PAD]_1 [PAD]_1 [PAD]_1 [PAD]_1 [PAD]_1 [PAD]_1 [PAD]_1 [PAD]_1 [PAD]_1 [PAD]_1 [PAD]_1 [PAD]_1 [PAD]_1 [PAD]_1 [PAD]_1 [PAD]_1 [PAD]_1 [PAD]_1 [PAD]_1 [PAD]_1 [PAD]_1 [PAD]_1 [PAD]_1 [PAD]_1 [PAD]_1 [PAD]_1 [PAD]_1 [PAD]_1 [PAD]_1 [PAD]_1 [PAD]_1 [PAD]_1 [PAD]_1 [PAD]_1 [PAD]_1 [PAD]_1 [PAD]_1 [PAD]_1 [PAD]_1 [PAD]_1 [PAD]_1 [PAD]_1 [PAD]_1 [PAD]_1 [PAD]_1 [PAD]_1 [PAD]_1 [PAD]_1 [PAD]_1 [PAD]_1 [PAD]_1 [PAD]_1 [PAD]_1 [PAD]_1 [PAD]_1 [PAD]_1 [PAD]_1 [PAD]_1 [PAD]_1 [PAD]_1 [PAD]_1 [PAD]_1 [PAD]_1 [SEP]_1
2019-10-23 09:07:43,984 Token Sample: [CLS]_0 广_0 州_0 日_0 报_0 [SEP]_0 【_1 [UNK]_1 妈_1 妈_1 ，_1 让_1 我_1 做_1 你_1 的_1 眼_1 睛_1 [UNK]_1 】_1 济_1 南_1 的_1 刘_1 奉_1 智_1 今_1 年_1 12_1 岁_1 ，_1 他_1 的_1 妈_1 妈_1 是_1 一_1 名_1 盲_1 人_1 。_1 因_1 为_1 知_1 道_1 妈_1 妈_1 行_1 动_1 不_1 方_1 便_1 ，_1 刘_1 奉_1 智_1 从_1 小_1 就_1 牵_1 着_1 妈_1 妈_1 的_1 手_1 领_1 着_1 她_1 走_1 ，_1 路_1 上_1 他_1 还_1 会_1 讲_1 解_1 路_1 上_1 看_1 到_1 的_1 趣_1 事_1 ，_1 做_1 妈_1 妈_1 的_1 [UNK]_1 眼_1 睛_1 [UNK]_1 。_1 刘_1 奉_1 智_1 说_1 长_1 大_1 后_1 想_1 当_1 医_1 生_1 ，_1 [UNK]_1 要_1 治_1 好_1 全_1 天_1 下_1 像_1 妈_1 妈_1 一_1 样_1 的_1 残_1 疾_1 人_1 。_1 [UNK]_1 （_1 中_1 国_1 新_1 闻_1 网_1 [PAD]_1 [PAD]_1 [PAD]_1 [PAD]_1 [PAD]_1 [PAD]_1 [PAD]_1 [PAD]_1 [PAD]_1 [PAD]_1 [PAD]_1 [PAD]_1 [PAD]_1 [PAD]_1 [PAD]_1 [PAD]_1 [PAD]_1 [PAD]_1 [PAD]_1 [PAD]_1 [PAD]_1 [PAD]_1 [PAD]_1 [PAD]_1 [PAD]_1 [PAD]_1 [PAD]_1 [PAD]_1 [PAD]_1 [PAD]_1 [PAD]_1 [PAD]_1 [PAD]_1 [PAD]_1 [PAD]_1 [PAD]_1 [PAD]_1 [PAD]_1 [PAD]_1 [PAD]_1 [PAD]_1 [PAD]_1 [PAD]_1 [PAD]_1 [PAD]_1 [PAD]_1 [PAD]_1 [PAD]_1 [PAD]_1 [PAD]_1 [PAD]_1 [PAD]_1 [PAD]_1 [PAD]_1 [PAD]_1 [PAD]_1 [PAD]_1 [PAD]_1 [PAD]_1 [PAD]_1 [PAD]_1 [PAD]_1 [PAD]_1 [PAD]_1 [PAD]_1 [SEP]_1
2019-10-23 09:08:11,490 Token Sample: [CLS]_0 2018_0 江_0 西_0 南_0 昌_0 大_0 学_0 第_0 四_0 附_0 属_0 医_0 院_0 人_0 才_0 招_0 聘_0 公_0 告_0 【_0 招_0 63_0 人_0 】_0 [SEP]_0 医_1 院_1 座_1 落_1 在_1 英_1 雄_1 城_1 南_1 昌_1 市_1 中_1 心_1 地_1 段_1 ，_1 开_1 放_1 床_1 位_1 750_1 张_1 ，_1 占_1 地_1 面_1 积_1 2_1 ._1 7_1 万_1 平_1 米_1 ，_1 绿_1 化_1 率_1 达_1 到_1 33_1 ._1 1_1 %_1 。_1 医_1 院_1 拥_1 有_1 员_1 工_1 116_1 ##0_1 人_1 ，_1 设_1 有_1 52_1 个_1 临_1 床_1 、_1 医_1 技_1 科_1 室_1 ，_1 诊_1 断_1 治_1 疗_1 水_1 平_1 均_1 达_1 到_1 省_1 内_1 先_1 进_1 水_1 平_1 。_1 2_1 、_1 报_1 名_1 办_1 法_1 :_1 采_1 取_1 现_1 场_1 报_1 名_1 (_1 报_1 名_1 地_1 点_1 :_1 南_1 昌_1 大_1 学_1 第_1 四_1 附_1 属_1 医_1 院_1 人_1 事_1 科_1 )_1 、_1 邮_1 寄_1 或_1 电_1 子_1 邮_1 件_1 (_1 文_1 件_1 名_1 以_1 [UNK]_1 学_1 位_1 +_1 专_1 业_1 +_1 学_1 校_1 +_1 姓_1 名_1 +_1 应_1 聘_1 岗_1 位_1 [UNK]_1 命_1 名_1 )_1 等_1 方_1 式_1 。_1 电_1 子_1 邮_1 件_1 请_1 以_1 word_1 文_1 档_1 为_1 附_1 件_1 同_1 时_1 发_1 送_1 至_1 人_1 事_1 科_1 电_1 子_1 邮_1 箱_1 (_1 邮_1 箱_1 见_1 本_1 公_1 告_1 中_1 提_1 供_1 )_1 。_1 (_1 2_1 )_1 以_1 下_1 证_1 件_1 的_1 复_1 印_1 件_1 :_1 所_1 有_1 已_1 获_1 的_1 毕_1 业_1 证_1 、_1 学_1 位_1 证_1 、_1 职_1 称_1 证_1 及_1 身_1 份_1 证_1 、_1 规_1 培_1 证_1 、_1 执_1 业_1 医_1 师_1 资_1 格_1 证_1 或_1 已_1 通_1 过_1 执_1 业_1 医_1 师_1 资_1 格_1 考_1 试_1 的_1 成_1 绩_1 单_1 、_1 相_1 关_1 岗_1 位_1 准_1 入_1 的_1 操_1 作_1 上_1 岗_1 证_1 书_1 。_1 应_1 届_1 毕_1 业_1 生_1 还_1 需_1 提_1 供_1 毕_1 业_1 生_1 推_1 荐_1 表_1 复_1 印_1 件_1 。_1 上_1 述_1 所_1 提_1 供_1 的_1 证_1 件_1 在_1 资_1 [SEP]_1
2019-10-23 09:08:12,067 seed everything and create model
