2019-10-28 08:56:16,261 log_in_file: True
2019-10-28 08:56:16,261 lm_path: /home/wangzl/PretrainedLM/BERT/New/roberta_zh_L-24_H-1024_A-16/
2019-10-28 08:56:16,261 lm_type: bert
2019-10-28 08:56:16,261 data_path: ../data/
2019-10-28 08:56:16,261 usegpu: True
2019-10-28 08:56:16,261 total_step: 12000
2019-10-28 08:56:16,261 eval_every: 1000
2019-10-28 08:56:16,261 early_stop: 4
2019-10-28 08:56:16,261 max_length: 510
2019-10-28 08:56:16,261 max_title_rate: 0.125
2019-10-28 08:56:16,261 content_head_rate: 0.6
2019-10-28 08:56:16,261 batch_size: 2
2019-10-28 08:56:16,261 lr_scheduler_type: linear
2019-10-28 08:56:16,261 input_pattern: head+tail+fixed
2019-10-28 08:56:16,261 clean_method: space+notzh
2019-10-28 08:56:16,261 warmup_rate: 0.1
2019-10-28 08:56:16,261 classifier_dropout: 0.3
2019-10-28 08:56:16,261 classifier_active: tanh
2019-10-28 08:56:16,261 cache_final_model: False
2019-10-28 08:56:16,261 seed: 1
2019-10-28 08:56:16,261 lr: 2e-05
2019-10-28 08:56:16,261 lr_decay_in_layers: 0.95
2019-10-28 08:56:16,261 wd_decay_in_layers: 1.0
2019-10-28 08:56:16,262 weight_decay: 0.01
2019-10-28 08:56:16,278 padding token is 0
2019-10-28 08:56:42,781 Token Sample: [CLS]_0 特_0 斯_0 拉_0 昨_0 晚_0 率_0 先_0 宣_0 布_0 降_0 价_0 -_0 产_0 业_0 ·_0 期_0 货_0 -_0 新_0 闻_0 -_0 上_0 海_0 证_0 券_0 报_0 ·_0 中_0 国_0 证_0 券_0 网_0 [PAD]_0 [PAD]_0 [PAD]_0 [PAD]_0 [PAD]_0 [PAD]_0 [PAD]_0 [PAD]_0 [PAD]_0 [PAD]_0 [PAD]_0 [PAD]_0 [PAD]_0 [PAD]_0 [PAD]_0 [PAD]_0 [PAD]_0 [PAD]_0 [PAD]_0 [PAD]_0 [PAD]_0 [PAD]_0 [PAD]_0 [PAD]_0 [PAD]_0 [PAD]_0 [PAD]_0 [PAD]_0 [PAD]_0 [PAD]_0 [PAD]_0 [PAD]_0 [SEP]_0 22_1 日_1 晚_1 间_1 ，_1 中_1 国_1 降_1 低_1 汽_1 车_1 整_1 车_1 及_1 零_1 部_1 件_1 进_1 口_1 关_1 税_1 的_1 公_1 告_1 刚_1 出_1 炉_1 不_1 久_1 ，_1 外_1 资_1 汽_1 车_1 品_1 牌_1 就_1 相_1 继_1 发_1 声_1 表_1 示_1 欢_1 迎_1 。_1 新_1 能_1 源_1 汽_1 车_1 巨_1 头_1 特_1 斯_1 拉_1 22_1 日_1 晚_1 间_1 就_1 宣_1 布_1 降_1 价_1 :_1 得_1 益_1 于_1 汽_1 车_1 整_1 车_1 进_1 口_1 关_1 税_1 降_1 低_1 的_1 政_1 策_1 ，_1 目_1 前_1 特_1 斯_1 拉_1 已_1 经_1 调_1 整_1 了_1 model_1 ##s_1 和_1 model_1 ##x_1 中_1 国_1 大_1 陆_1 在_1 售_1 车_1 型_1 的_1 价_1 格_1 ，_1 并_1 已_1 经_1 传_1 达_1 到_1 全_1 中_1 国_1 所_1 有_1 销_1 售_1 网_1 点_1 。_1 与_1 外_1 企_1 积_1 极_1 反_1 应_1 有_1 所_1 不_1 同_1 ，_1 多_1 家_1 国_1 内_1 上_1 市_1 车_1 企_1 在_1 接_1 受_1 记_1 者_1 采_1 访_1 时_1 均_1 表_1 示_1 ，_1 已_1 有_1 心_1 理_1 预_1 期_1 ，_1 并_1 认_1 为_1 此_1 次_1 关_1 税_1 下_1 调_1 对_1 国_1 内_1 汽_1 车_1 工_1 业_1 影_1 响_1 有_1 限_1 。_1 [UNK]_1 有_1 消_1 息_1 说_1 要_1 下_1 调_1 ，_1 没_1 想_1 到_1 这_1 么_1 快_1 出_1 来_1 了_1 。_1 [UNK]_1 对_1 于_1 此_1 次_1 下_1 调_1 进_1 口_1 关_1 税_1 ，_1 上_1 汽_1 荣_1 威_1 相_1 关_1 人_1 士_1 对_1 记_1 者_1 表_1 示_1 ，_1 [UNK]_1 进_1 口_1 车_1 把_1 关_1 税_1 降_1 下_1 来_1 相_1 当_1 于_1 费_1 用_1 就_1 降_1 下_1 来_1 了_1 ，_1 对_1 于_1 自_1 主_1 品_1 牌_1 来_1 说_1 也_1 是_1 一_1 种_1 挑_1 战_1 。_1 但_1 [SEP]_1 好_1 消_1 息_1 ，_1 但_1 得_1 分_1 开_1 来_1 评_1 价_1 ，_1 进_1 口_1 汽_1 车_1 关_1 税_1 下_1 调_1 ，_1 进_1 口_1 车_1 的_1 销_1 量_1 可_1 能_1 会_1 上_1 升_1 ，_1 但_1 国_1 产_1 自_1 主_1 品_1 牌_1 可_1 能_1 会_1 受_1 到_1 一_1 定_1 的_1 影_1 响_1 。_1 [UNK]_1 事_1 实_1 上_1 ，_1 我_1 国_1 对_1 进_1 口_1 汽_1 车_1 关_1 税_1 曾_1 做_1 过_1 多_1 次_1 调_1 整_1 。_1 业_1 内_1 人_1 士_1 认_1 为_1 ，_1 汽_1 车_1 关_1 税_1 下_1 调_1 或_1 将_1 会_1 为_1 今_1 年_1 豪_1 华_1 车_1 市_1 场_1 注_1 入_1 一_1 针_1 [UNK]_1 强_1 心_1 剂_1 [UNK]_1 。_1 从_1 2017_1 年_1 进_1 口_1 车_1 排_1 量_1 结_1 构_1 来_1 看_1 ，_1 1_1 ._1 5l_1 -_1 3_1 ._1 0l_1 排_1 量_1 进_1 口_1 车_1 占_1 比_1 达_1 到_1 了_1 近_1 80_1 %_1 ，_1 如_1 果_1 消_1 费_1 者_1 买_1 这_1 些_1 排_1 量_1 的_1 进_1 口_1 车_1 ，_1 还_1 是_1 可_1 以_1 享_1 受_1 到_1 关_1 税_1 下_1 降_1 所_1 带_1 来_1 的_1 红_1 利_1 。_1 [SEP]_1
2019-10-28 08:57:00,835 Token Sample: [CLS]_0 疯_0 狂_0 !_0 男_0 子_0 ktv_0 里_0 对_0 女_0 服_0 务_0 员_0 施_0 暴_0 !_0 民_0 警_0 调_0 查_0 时_0 也_0 遭_0 其_0 扇_0 脸_0 暴_0 打_0 !_0 [PAD]_0 [PAD]_0 [PAD]_0 [PAD]_0 [PAD]_0 [PAD]_0 [PAD]_0 [PAD]_0 [PAD]_0 [PAD]_0 [PAD]_0 [PAD]_0 [PAD]_0 [PAD]_0 [PAD]_0 [PAD]_0 [PAD]_0 [PAD]_0 [PAD]_0 [PAD]_0 [PAD]_0 [PAD]_0 [PAD]_0 [PAD]_0 [PAD]_0 [PAD]_0 [PAD]_0 [PAD]_0 [PAD]_0 [PAD]_0 [PAD]_0 [PAD]_0 [PAD]_0 [PAD]_0 [PAD]_0 [PAD]_0 [SEP]_0 来_1 源_1 |_1 都_1 市_1 现_1 场_1 综_1 合_1 浙_1 江_1 经_1 济_1 转_1 载_1 请_1 注_1 明_1 全_1 部_1 来_1 源_1 酒_1 喝_1 多_1 了_1 容_1 易_1 失_1 控_1 ，_1 下_1 面_1 这_1 名_1 男_1 子_1 ，_1 不_1 仅_1 酒_1 后_1 打_1 了_1 女_1 人_1 ，_1 还_1 袭_1 击_1 派_1 出_1 所_1 警_1 务_1 人_1 员_1 。_1 现_1 场_1 可_1 以_1 看_1 到_1 ，_1 一_1 名_1 醉_1 酒_1 男_1 子_1 打_1 了_1 前_1 来_1 出_1 警_1 的_1 辅_1 警_1 一_1 耳_1 光_1 。_1 之_1 后_1 被_1 民_1 警_1 和_1 其_1 他_1 辅_1 警_1 控_1 制_1 。_1 经_1 查_1 ，_1 男_1 子_1 姓_1 王_1 ，_1 杭_1 州_1 人_1 ，_1 今_1 年_1 45_1 岁_1 。_1 2_1 月_1 9_1 日_1 晚_1 ，_1 他_1 和_1 几_1 个_1 朋_1 友_1 在_1 杭_1 州_1 临_1 平_1 某_1 饭_1 店_1 聚_1 餐_1 。_1 期_1 间_1 喝_1 了_1 大_1 量_1 白_1 酒_1 ，_1 饭_1 后_1 大_1 家_1 就_1 去_1 ktv_1 唱_1 歌_1 ，_1 在_1 ktv_1 里_1 ，_1 王_1 某_1 不_1 知_1 为_1 什_1 么_1 ，_1 突_1 然_1 抓_1 住_1 一_1 名_1 服_1 务_1 员_1 小_1 丽_1 ，_1 开_1 始_1 扇_1 她_1 耳_1 光_1 ，_1 之_1 后_1 又_1 打_1 了_1 另_1 外_1 一_1 名_1 女_1 服_1 务_1 员_1 。_1 大_1 家_1 赶_1 紧_1 报_1 警_1 ，_1 派_1 出_1 所_1 民_1 警_1 迅_1 速_1 赶_1 到_1 。_1 此_1 时_1 ，_1 王_1 某_1 已_1 经_1 被_1 他_1 的_1 朋_1 友_1 阻_1 止_1 住_1 ，_1 但_1 还_1 是_1 一_1 直_1 骂_1 骂_1 咧_1 咧_1 ，_1 突_1 然_1 之_1 间_1 ，_1 他_1 又_1 扇_1 了_1 来_1 登_1 记_1 信_1 息_1 的_1 辅_1 警_1 一_1 个_1 耳_1 光_1 。_1 民_1 警_1 [SEP]_1 ，_1 在_1 ktv_1 里_1 ，_1 王_1 某_1 不_1 知_1 为_1 什_1 么_1 ，_1 突_1 然_1 抓_1 住_1 一_1 名_1 服_1 务_1 员_1 小_1 丽_1 ，_1 开_1 始_1 扇_1 她_1 耳_1 光_1 ，_1 之_1 后_1 又_1 打_1 了_1 另_1 外_1 一_1 名_1 女_1 服_1 务_1 员_1 。_1 大_1 家_1 赶_1 紧_1 报_1 警_1 ，_1 派_1 出_1 所_1 民_1 警_1 迅_1 速_1 赶_1 到_1 。_1 此_1 时_1 ，_1 王_1 某_1 已_1 经_1 被_1 他_1 的_1 朋_1 友_1 阻_1 止_1 住_1 ，_1 但_1 还_1 是_1 一_1 直_1 骂_1 骂_1 咧_1 咧_1 ，_1 突_1 然_1 之_1 间_1 ，_1 他_1 又_1 扇_1 了_1 来_1 登_1 记_1 信_1 息_1 的_1 辅_1 警_1 一_1 个_1 耳_1 光_1 。_1 民_1 警_1 和_1 其_1 他_1 辅_1 警_1 对_1 他_1 进_1 行_1 控_1 制_1 时_1 ，_1 也_1 被_1 他_1 不_1 同_1 程_1 度_1 地_1 打_1 伤_1 。_1 最_1 终_1 ，_1 王_1 某_1 被_1 带_1 回_1 派_1 出_1 所_1 接_1 受_1 调_1 查_1 。_1 目_1 前_1 ，_1 他_1 因_1 涉_1 嫌_1 妨_1 碍_1 公_1 务_1 罪_1 已_1 被_1 依_1 法_1 刑_1 事_1 拘_1 留_1 。_1 [SEP]_1
2019-10-28 08:57:24,039 Token Sample: [CLS]_0 【_0 时_0 政_0 关_0 注_0 】_0 李_0 克_0 强_0 :_0 力_0 争_0 三_0 季_0 度_0 末_0 小_0 微_0 企_0 业_0 融_0 资_0 成_0 本_0 有_0 较_0 明_0 显_0 降_0 低_0 [PAD]_0 [PAD]_0 [PAD]_0 [PAD]_0 [PAD]_0 [PAD]_0 [PAD]_0 [PAD]_0 [PAD]_0 [PAD]_0 [PAD]_0 [PAD]_0 [PAD]_0 [PAD]_0 [PAD]_0 [PAD]_0 [PAD]_0 [PAD]_0 [PAD]_0 [PAD]_0 [PAD]_0 [PAD]_0 [PAD]_0 [PAD]_0 [PAD]_0 [PAD]_0 [PAD]_0 [PAD]_0 [PAD]_0 [PAD]_0 [PAD]_0 [PAD]_0 [PAD]_0 [PAD]_0 [SEP]_0 [UNK]_1 力_1 争_1 到_1 三_1 季_1 度_1 末_1 小_1 微_1 企_1 业_1 融_1 资_1 成_1 本_1 有_1 较_1 明_1 显_1 降_1 低_1 。_1 [UNK]_1 李_1 克_1 强_1 总_1 理_1 在_1 国_1 务_1 院_1 常_1 务_1 会_1 议_1 上_1 说_1 。_1 当_1 天_1 会_1 议_1 部_1 署_1 对_1 银_1 行_1 普_1 惠_1 金_1 融_1 服_1 务_1 实_1 施_1 监_1 管_1 考_1 核_1 ，_1 确_1 保_1 今_1 年_1 实_1 体_1 经_1 济_1 融_1 资_1 成_1 本_1 下_1 降_1 。_1 这_1 是_1 一_1 个_1 月_1 来_1 李_1 克_1 强_1 总_1 理_1 第_1 三_1 次_1 就_1 降_1 低_1 小_1 微_1 企_1 业_1 融_1 资_1 成_1 本_1 发_1 话_1 了_1 。_1 3_1 月_1 28_1 日_1 的_1 常_1 务_1 会_1 议_1 上_1 ，_1 总_1 理_1 要_1 求_1 今_1 年_1 要_1 确_1 保_1 小_1 微_1 企_1 业_1 融_1 资_1 成_1 本_1 有_1 较_1 明_1 显_1 下_1 降_1 。_1 随_1 后_1 他_1 在_1 上_1 海_1 自_1 贸_1 区_1 考_1 察_1 期_1 间_1 ，_1 获_1 知_1 依_1 托_1 自_1 由_1 贸_1 易_1 账_1 户_1 从_1 境_1 外_1 融_1 资_1 平_1 均_1 利_1 率_1 较_1 低_1 ，_1 总_1 理_1 强_1 调_1 这_1 件_1 事_1 做_1 好_1 了_1 可_1 以_1 倒_1 逼_1 国_1 内_1 银_1 行_1 降_1 低_1 小_1 微_1 企_1 业_1 融_1 资_1 成_1 本_1 ，_1 更_1 大_1 激_1 发_1 创_1 业_1 创_1 新_1 。_1 在_1 国_1 务_1 院_1 常_1 务_1 会_1 议_1 上_1 ，_1 总_1 理_1 再_1 次_1 提_1 出_1 明_1 确_1 要_1 求_1 ，_1 加_1 强_1 对_1 小_1 微_1 企_1 业_1 、_1 [UNK]_1 三_1 农_1 [UNK]_1 等_1 薄_1 弱_1 环_1 节_1 的_1 普_1 惠_1 金_1 融_1 服_1 务_1 ，_1 必_1 须_1 落_1 实_1 好_1 已_1 确_1 [SEP]_1 创_1 新_1 ，_1 确_1 保_1 单_1 户_1 授_1 信_1 1000_1 万_1 元_1 以_1 下_1 的_1 小_1 微_1 企_1 业_1 贷_1 款_1 增_1 速_1 不_1 低_1 于_1 各_1 项_1 贷_1 款_1 增_1 速_1 、_1 贷_1 款_1 户_1 数_1 不_1 低_1 于_1 上_1 年_1 同_1 期_1 水_1 平_1 ，_1 合_1 理_1 控_1 制_1 小_1 微_1 企_1 业_1 贷_1 款_1 质_1 量_1 和_1 贷_1 款_1 综_1 合_1 成_1 本_1 。_1 李_1 克_1 强_1 说_1 ，_1 要_1 多_1 措_1 并_1 举_1 拓_1 展_1 普_1 惠_1 金_1 融_1 事_1 业_1 发_1 展_1 ，_1 有_1 关_1 部_1 门_1 也_1 要_1 为_1 金_1 融_1 机_1 构_1 降_1 低_1 小_1 微_1 企_1 业_1 融_1 资_1 成_1 本_1 创_1 造_1 环_1 境_1 。_1 李_1 克_1 强_1 最_1 后_1 强_1 调_1 ，_1 这_1 项_1 工_1 作_1 见_1 不_1 见_1 实_1 效_1 ，_1 最_1 后_1 要_1 委_1 托_1 第_1 三_1 方_1 进_1 行_1 客_1 观_1 评_1 估_1 。_1 关_1 键_1 的_1 关_1 键_1 是_1 ，_1 要_1 让_1 小_1 微_1 企_1 业_1 有_1 切_1 实_1 感_1 受_1 。_1 来_1 源_1 ：_1 中_1 国_1 政_1 府_1 网_1 [SEP]_1
2019-10-28 08:57:43,040 Token Sample: [CLS]_0 19_0 岁_0 儿_0 子_0 肇_0 事_0 逃_0 逸_0 母_0 亲_0 爱_0 子_0 心_0 切_0 试_0 图_0 顶_0 包_0 被_0 识_0 破_0 [PAD]_0 [PAD]_0 [PAD]_0 [PAD]_0 [PAD]_0 [PAD]_0 [PAD]_0 [PAD]_0 [PAD]_0 [PAD]_0 [PAD]_0 [PAD]_0 [PAD]_0 [PAD]_0 [PAD]_0 [PAD]_0 [PAD]_0 [PAD]_0 [PAD]_0 [PAD]_0 [PAD]_0 [PAD]_0 [PAD]_0 [PAD]_0 [PAD]_0 [PAD]_0 [PAD]_0 [PAD]_0 [PAD]_0 [PAD]_0 [PAD]_0 [PAD]_0 [PAD]_0 [PAD]_0 [PAD]_0 [PAD]_0 [PAD]_0 [PAD]_0 [PAD]_0 [PAD]_0 [PAD]_0 [PAD]_0 [PAD]_0 [SEP]_0 [_1 摘_1 要_1 ]_1 图_1 为_1 事_1 故_1 现_1 ._1 ._1 图_1 为_1 事_1 故_1 现_1 场_1 。_1 今_1 年_1 5_1 月_1 15_1 日_1 ，_1 在_1 南_1 京_1 浦_1 口_1 花_1 旗_1 104_1 国_1 道_1 宁_1 淮_1 高_1 速_1 高_1 架_1 桥_1 下_1 发_1 生_1 了_1 一_1 起_1 车_1 祸_1 ，_1 19_1 岁_1 的_1 男_1 子_1 罗_1 某_1 无_1 证_1 驾_1 驶_1 三_1 轮_1 汽_1 车_1 出_1 事_1 故_1 致_1 摩_1 托_1 车_1 司_1 机_1 身_1 亡_1 ，_1 母_1 亲_1 庄_1 某_1 爱_1 子_1 心_1 切_1 ，_1 为_1 儿_1 顶_1 包_1 ，_1 试_1 图_1 [UNK]_1 蒙_1 混_1 过_1 关_1 [UNK]_1 ，_1 却_1 没_1 有_1 逃_1 过_1 办_1 案_1 民_1 警_1 的_1 火_1 眼_1 金_1 睛_1 ，_1 最_1 终_1 被_1 浦_1 口_1 交_1 警_1 识_1 破_1 。_1 目_1 前_1 ，_1 罗_1 某_1 因_1 涉_1 嫌_1 交_1 通_1 肇_1 事_1 逃_1 逸_1 已_1 被_1 刑_1 事_1 拘_1 留_1 。_1 是_1 单_1 方_1 交_1 通_1 事_1 故_1 ？_1 还_1 是_1 肇_1 事_1 逃_1 逸_1 ？_1 5_1 月_1 15_1 日_1 上_1 午_1 10_1 点_1 ，_1 浦_1 口_1 交_1 警_1 大_1 队_1 接_1 警_1 ，_1 称_1 花_1 旗_1 104_1 国_1 道_1 宁_1 淮_1 高_1 速_1 高_1 架_1 桥_1 下_1 发_1 生_1 一_1 起_1 交_1 通_1 事_1 故_1 。_1 据_1 报_1 警_1 人_1 李_1 某_1 称_1 ，_1 他_1 驾_1 车_1 路_1 过_1 事_1 发_1 地_1 点_1 ，_1 发_1 现_1 一_1 名_1 年_1 轻_1 男_1 子_1 头_1 部_1 流_1 血_1 倒_1 在_1 路_1 上_1 ，_1 在_1 其_1 前_1 方_1 不_1 远_1 处_1 ，_1 还_1 有_1 一_1 辆_1 黑_1 色_1 两_1 轮_1 踏_1 板_1 摩_1 托_1 车_1 倒_1 在_1 地_1 面_1 上_1 。_1 伤_1 者_1 很_1 [SEP]_1 向_1 正_1 常_1 直_1 行_1 的_1 周_1 某_1 所_1 驾_1 驶_1 的_1 二_1 轮_1 摩_1 托_1 车_1 ，_1 周_1 某_1 在_1 采_1 取_1 避_1 让_1 措_1 施_1 时_1 摔_1 倒_1 导_1 致_1 重_1 伤_1 后_1 身_1 亡_1 。_1 事_1 故_1 发_1 生_1 后_1 ，_1 由_1 于_1 罗_1 某_1 没_1 有_1 驾_1 驶_1 证_1 且_1 年_1 纪_1 较_1 轻_1 ，_1 考_1 虑_1 到_1 事_1 故_1 情_1 节_1 较_1 严_1 重_1 ，_1 其_1 母_1 亲_1 爱_1 子_1 心_1 切_1 试_1 图_1 顶_1 包_1 ，_1 却_1 不_1 想_1 被_1 办_1 案_1 民_1 警_1 的_1 火_1 眼_1 金_1 睛_1 识_1 破_1 。_1 目_1 前_1 罗_1 某_1 已_1 被_1 刑_1 拘_1 。_1 （_1 通_1 讯_1 员_1 刘_1 昱_1 彤_1 陈_1 欢_1 记_1 者_1 梅_1 建_1 明_1 文_1 /_1 摄_1 ）_1 《_1 19_1 岁_1 儿_1 子_1 肇_1 事_1 逃_1 逸_1 母_1 亲_1 爱_1 子_1 心_1 切_1 试_1 图_1 顶_1 包_1 被_1 识_1 破_1 》_1 由_1 河_1 南_1 新_1 闻_1 网_1 -_1 豫_1 都_1 网_1 提_1 供_1 ，_1 转_1 载_1 请_1 注_1 明_1 出_1 处_1 ，_1 谢_1 谢_1 合_1 作_1 ！_1 [SEP]_1
2019-10-28 08:57:50,849 seed everything and create model
2019-10-28 09:06:57,174 step 1000 train loss: 0.6806
2019-10-28 09:06:57,174 step 1000 score: 0.7320
2019-10-28 09:15:52,796 step 2000 train loss: 0.5215
2019-10-28 09:15:52,796 step 2000 score: 0.7684
2019-10-28 09:24:48,474 step 3000 train loss: 0.4720
2019-10-28 09:24:48,474 step 3000 score: 0.7834
2019-10-28 09:33:44,168 step 4000 train loss: 0.3664
2019-10-28 09:33:44,168 step 4000 score: 0.7549
2019-10-28 09:42:39,872 step 5000 train loss: 0.3674
2019-10-28 09:42:39,872 step 5000 score: 0.8055
2019-10-28 09:51:35,528 step 6000 train loss: 0.3724
2019-10-28 09:51:35,529 step 6000 score: 0.8024
2019-10-28 10:00:31,203 step 7000 train loss: 0.2406
2019-10-28 10:00:31,204 step 7000 score: 0.7899
