2019-10-19 10:23:43,985 log_in_file: True
2019-10-19 10:23:43,985 bert_path: /home/wangzl/PretrainedLM/BERT/New/roberta_zh_L-24_H-1024_A-16/
2019-10-19 10:23:43,985 data_path: ../data/
2019-10-19 10:23:43,985 usegpu: True
2019-10-19 10:23:43,986 use_origin: True
2019-10-19 10:23:43,986 n_fold: 5
2019-10-19 10:23:43,986 total_step: 10000
2019-10-19 10:23:43,986 eval_every: 1000
2019-10-19 10:23:43,986 early_stop: 4
2019-10-19 10:23:43,986 max_length: 510
2019-10-19 10:23:43,986 max_title_rate: 0.125
2019-10-19 10:23:43,986 content_head_rate: 0.6
2019-10-19 10:23:43,986 batch_size: 2
2019-10-19 10:23:43,986 lr_scheduler_type: linear
2019-10-19 10:23:43,986 input_pattern: head+tail+fixed
2019-10-19 10:23:43,986 clean_method: space+notzh
2019-10-19 10:23:43,986 warmup_rate: 0.1
2019-10-19 10:23:43,986 classifier_dropout: 0.3
2019-10-19 10:23:43,986 classifier_weight_decay: 0.0
2019-10-19 10:23:43,986 cache_final_model: False
2019-10-19 10:23:43,986 seed: 229
2019-10-19 10:23:43,986 lr: 5e-06
2019-10-19 10:23:43,986 lr_decay_in_layers: 0.95
2019-10-19 10:23:43,986 weight_decay: 0.01
2019-10-19 10:24:11,626 Token Sample: [CLS]_0 泉_0 州_0 市_0 教_0 育_0 基_0 金_0 会_0 调_0 研_0 团_0 赴_0 泉_0 港_0 区_0 调_0 研_0 [PAD]_0 [PAD]_0 [PAD]_0 [PAD]_0 [PAD]_0 [PAD]_0 [PAD]_0 [PAD]_0 [PAD]_0 [PAD]_0 [PAD]_0 [PAD]_0 [PAD]_0 [PAD]_0 [PAD]_0 [PAD]_0 [PAD]_0 [PAD]_0 [PAD]_0 [PAD]_0 [PAD]_0 [PAD]_0 [PAD]_0 [PAD]_0 [PAD]_0 [PAD]_0 [PAD]_0 [PAD]_0 [PAD]_0 [PAD]_0 [PAD]_0 [PAD]_0 [PAD]_0 [PAD]_0 [PAD]_0 [PAD]_0 [PAD]_0 [PAD]_0 [PAD]_0 [PAD]_0 [PAD]_0 [PAD]_0 [PAD]_0 [PAD]_0 [PAD]_0 [PAD]_0 [PAD]_0 [SEP]_0 日_1 前_1 ，_1 泉_1 州_1 市_1 教_1 育_1 基_1 金_1 会_1 理_1 事_1 长_1 王_1 远_1 东_1 带_1 领_1 副_1 理_1 事_1 长_1 张_1 舟_1 、_1 郑_1 文_1 伟_1 、_1 许_1 华_1 生_1 、_1 曾_1 文_1 汉_1 等_1 到_1 泉_1 港_1 区_1 调_1 研_1 各_1 级_1 各_1 类_1 教_1 育_1 基_1 金_1 工_1 作_1 开_1 展_1 情_1 况_1 ，_1 泉_1 港_1 区_1 委_1 书_1 记_1 吴_1 礼_1 源_1 与_1 王_1 远_1 东_1 理_1 事_1 长_1 一_1 行_1 亲_1 切_1 座_1 谈_1 ，_1 区_1 委_1 常_1 委_1 刘_1 刚_1 ，_1 区_1 教_1 育_1 局_1 主_1 任_1 科_1 员_1 肖_1 腾_1 伟_1 陪_1 同_1 调_1 研_1 。_1 调_1 研_1 组_1 深_1 入_1 福_1 州_1 大_1 学_1 石_1 化_1 学_1 院_1 泉_1 港_1 校_1 区_1 和_1 城_1 市_1 规_1 划_1 馆_1 进_1 行_1 调_1 研_1 。_1 调_1 研_1 组_1 对_1 泉_1 港_1 区_1 近_1 年_1 来_1 教_1 育_1 基_1 金_1 工_1 作_1 取_1 得_1 的_1 成_1 效_1 给_1 予_1 高_1 度_1 肯_1 定_1 ，_1 并_1 提_1 出_1 具_1 体_1 指_1 导_1 性_1 建_1 议_1 和_1 意_1 见_1 。_1 泉_1 港_1 区_1 现_1 有_1 德_1 和_1 奖_1 学_1 助_1 学_1 、_1 松_1 柏_1 助_1 学_1 、_1 海_1 西_1 春_1 雨_1 助_1 学_1 等_1 3_1 个_1 区_1 级_1 基_1 金_1 ，_1 镇_1 、_1 校_1 级_1 奖_1 教_1 奖_1 学_1 助_1 学_1 基_1 金_1 53_1 个_1 ，_1 基_1 金_1 总_1 额_1 513_1 ##7_1 ._1 91_1 万_1 元_1 ，_1 每_1 年_1 发_1 放_1 助_1 学_1 资_1 金_1 70_1 ##6_1 ._1 74_1 万_1 元_1 。_1 其_1 中_1 ，_1 峰_1 尾_1 镇_1 辖_1 区_1 内_1 各_1 中_1 小_1 学_1 校_1 均_1 独_1 立_1 设_1 立_1 奖_1 教_1 [SEP]_1 、_1 校_1 级_1 奖_1 教_1 奖_1 学_1 助_1 学_1 基_1 金_1 53_1 个_1 ，_1 基_1 金_1 总_1 额_1 513_1 ##7_1 ._1 91_1 万_1 元_1 ，_1 每_1 年_1 发_1 放_1 助_1 学_1 资_1 金_1 70_1 ##6_1 ._1 74_1 万_1 元_1 。_1 其_1 中_1 ，_1 峰_1 尾_1 镇_1 辖_1 区_1 内_1 各_1 中_1 小_1 学_1 校_1 均_1 独_1 立_1 设_1 立_1 奖_1 教_1 奖_1 学_1 助_1 学_1 基_1 金_1 ，_1 并_1 且_1 有_1 6_1 个_1 镇_1 （_1 街_1 道_1 ）_1 均_1 已_1 设_1 立_1 覆_1 盖_1 全_1 镇_1 各_1 完_1 小_1 的_1 奖_1 教_1 奖_1 学_1 助_1 学_1 基_1 金_1 。_1 为_1 弘_1 扬_1 尊_1 师_1 重_1 教_1 的_1 社_1 会_1 风_1 尚_1 ，_1 推_1 动_1 全_1 社_1 会_1 关_1 心_1 和_1 支_1 持_1 教_1 育_1 ，_1 鼓_1 励_1 区_1 内_1 外_1 热_1 心_1 教_1 育_1 事_1 业_1 的_1 企_1 业_1 和_1 个_1 人_1 踊_1 跃_1 捐_1 资_1 兴_1 教_1 ，_1 泉_1 港_1 区_1 拟_1 于_1 近_1 期_1 成_1 立_1 泉_1 港_1 区_1 教_1 育_1 基_1 金_1 会_1 。_1 来_1 源_1 ：_1 泉_1 港_1 教_1 育_1 [SEP]_1
2019-10-19 10:24:31,204 Token Sample: [CLS]_0 东_0 宝_0 首_0 例_0 生_0 态_0 环_0 境_0 损_0 害_0 赔_0 偿_0 公_0 益_0 诉_0 讼_0 案_0 开_0 庭_0 [PAD]_0 [PAD]_0 [PAD]_0 [PAD]_0 [PAD]_0 [PAD]_0 [PAD]_0 [PAD]_0 [PAD]_0 [PAD]_0 [PAD]_0 [PAD]_0 [PAD]_0 [PAD]_0 [PAD]_0 [PAD]_0 [PAD]_0 [PAD]_0 [PAD]_0 [PAD]_0 [PAD]_0 [PAD]_0 [PAD]_0 [PAD]_0 [PAD]_0 [PAD]_0 [PAD]_0 [PAD]_0 [PAD]_0 [PAD]_0 [PAD]_0 [PAD]_0 [PAD]_0 [PAD]_0 [PAD]_0 [PAD]_0 [PAD]_0 [PAD]_0 [PAD]_0 [PAD]_0 [PAD]_0 [PAD]_0 [PAD]_0 [PAD]_0 [PAD]_0 [SEP]_0 漳_1 河_1 水_1 库_1 禁_1 渔_1 期_1 内_1 电_1 捕_1 鱼_1 ，_1 2_1 人_1 被_1 提_1 起_1 刑_1 附_1 民_1 公_1 益_1 诉_1 讼_1 2_1 月_1 26_1 日_1 ，_1 东_1 宝_1 区_1 人_1 民_1 检_1 察_1 院_1 对_1 陈_1 某_1 、_1 邓_1 某_1 非_1 法_1 捕_1 捞_1 水_1 产_1 品_1 一_1 案_1 提_1 起_1 刑_1 事_1 附_1 带_1 民_1 事_1 公_1 益_1 诉_1 讼_1 。_1 作_1 为_1 东_1 宝_1 区_1 首_1 例_1 生_1 态_1 环_1 境_1 损_1 害_1 赔_1 偿_1 公_1 益_1 诉_1 讼_1 案_1 件_1 ，_1 东_1 宝_1 区_1 人_1 民_1 法_1 院_1 依_1 法_1 组_1 成_1 由_1 三_1 名_1 审_1 判_1 员_1 、_1 四_1 名_1 陪_1 审_1 员_1 参_1 加_1 的_1 合_1 议_1 庭_1 ，_1 对_1 本_1 案_1 进_1 行_1 公_1 开_1 开_1 庭_1 审_1 理_1 。_1 法_1 院_1 审_1 理_1 查_1 明_1 ，_1 2018_1 年_1 4_1 月_1 18_1 日_1 1_1 时_1 许_1 ，_1 东_1 宝_1 区_1 漳_1 河_1 镇_1 新_1 建_1 村_1 村_1 民_1 陈_1 某_1 、_1 邓_1 某_1 在_1 漳_1 河_1 水_1 库_1 全_1 境_1 水_1 域_1 禁_1 渔_1 期_1 内_1 ，_1 驾_1 驶_1 渔_1 船_1 携_1 带_1 蓄_1 电_1 池_1 、_1 逆_1 变_1 器_1 、_1 电_1 舀_1 子_1 等_1 工_1 具_1 在_1 漳_1 河_1 水_1 库_1 明_1 槽_1 入_1 口_1 水_1 域_1 使_1 用_1 电_1 鱼_1 的_1 方_1 式_1 捕_1 鱼_1 ，_1 共_1 捕_1 得_1 水_1 产_1 品_1 22_1 ._1 4_1 公_1 斤_1 。_1 当_1 日_1 5_1 时_1 许_1 ，_1 陈_1 某_1 、_1 邓_1 某_1 被_1 省_1 漳_1 河_1 渔_1 政_1 船_1 检_1 港_1 监_1 管_1 理_1 站_1 巡_1 逻_1 工_1 作_1 人_1 员_1 当_1 场_1 查_1 获_1 。_1 2018_1 年_1 12_1 月_1 [SEP]_1 犯_1 《_1 中_1 华_1 人_1 民_1 共_1 和_1 国_1 刑_1 法_1 》_1 第_1 三_1 百_1 四_1 十_1 条_1 之_1 规_1 定_1 ，_1 犯_1 罪_1 事_1 实_1 清_1 楚_1 ，_1 证_1 据_1 确_1 实_1 、_1 充_1 分_1 ，_1 应_1 当_1 以_1 非_1 法_1 捕_1 捞_1 水_1 产_1 品_1 罪_1 追_1 究_1 二_1 人_1 刑_1 事_1 责_1 任_1 ，_1 同_1 时_1 应_1 承_1 担_1 漳_1 河_1 水_1 库_1 环_1 境_1 侵_1 权_1 的_1 修_1 复_1 责_1 任_1 ，_1 在_1 电_1 捕_1 鱼_1 水_1 域_1 放_1 流_1 成_1 鱼_1 89_1 ._1 76_1 千_1 克_1 ，_1 幼_1 鱼_1 358_1 ##66_1 尾_1 。_1 据_1 悉_1 ，_1 漳_1 河_1 水_1 库_1 作_1 为_1 长_1 江_1 中_1 游_1 重_1 要_1 支_1 流_1 之_1 一_1 ，_1 已_1 被_1 省_1 人_1 民_1 检_1 察_1 院_1 列_1 入_1 长_1 江_1 流_1 域_1 生_1 态_1 保_1 护_1 公_1 益_1 诉_1 讼_1 专_1 项_1 行_1 动_1 的_1 重_1 点_1 监_1 督_1 保_1 护_1 对_1 象_1 。_1 本_1 案_1 将_1 择_1 期_1 宣_1 判_1 。_1 （_1 记_1 者_1 邓_1 琳_1 通_1 讯_1 员_1 雷_1 艳_1 芳_1 ）_1 [SEP]_1
2019-10-19 10:24:55,098 Token Sample: [CLS]_0 二_0 胎_0 妈_0 妈_0 带_0 气_0 球_0 不_0 下_0 车_0 ：_0 无_0 视_0 规_0 则_0 的_0 人_0 ，_0 正_0 在_0 危_0 害_0 你_0 的_0 安_0 全_0 [PAD]_0 [PAD]_0 [PAD]_0 [PAD]_0 [PAD]_0 [PAD]_0 [PAD]_0 [PAD]_0 [PAD]_0 [PAD]_0 [PAD]_0 [PAD]_0 [PAD]_0 [PAD]_0 [PAD]_0 [PAD]_0 [PAD]_0 [PAD]_0 [PAD]_0 [PAD]_0 [PAD]_0 [PAD]_0 [PAD]_0 [PAD]_0 [PAD]_0 [PAD]_0 [PAD]_0 [PAD]_0 [PAD]_0 [PAD]_0 [PAD]_0 [PAD]_0 [PAD]_0 [PAD]_0 [PAD]_0 [PAD]_0 [PAD]_0 [PAD]_0 [SEP]_0 能_1 量_1 君_1 说_1 ：_1 [UNK]_1 不_1 以_1 规_1 矩_1 ，_1 不_1 能_1 成_1 方_1 圆_1 [UNK]_1 ，_1 规_1 则_1 的_1 存_1 在_1 不_1 是_1 为_1 了_1 束_1 缚_1 我_1 们_1 ，_1 而_1 是_1 为_1 了_1 给_1 大_1 家_1 带_1 来_1 便_1 利_1 。_1 不_1 将_1 警_1 示_1 、_1 规_1 则_1 放_1 在_1 眼_1 里_1 的_1 人_1 ，_1 自_1 然_1 也_1 不_1 会_1 受_1 到_1 它_1 们_1 的_1 保_1 护_1 ，_1 最_1 终_1 自_1 作_1 自_1 受_1 、_1 酿_1 成_1 悲_1 剧_1 。_1 能_1 怪_1 谁_1 呢_1 ？_1 不_1 过_1 是_1 自_1 尝_1 恶_1 果_1 罢_1 了_1 。_1 作_1 者_1 ：_1 多_1 丝_1 剑_1 012_1 月_1 16_1 日_1 下_1 午_1 ，_1 柳_1 州_1 一_1 公_1 交_1 车_1 上_1 ，_1 一_1 名_1 带_1 俩_1 小_1 孩_1 坐_1 公_1 交_1 的_1 女_1 乘_1 客_1 ，_1 坚_1 持_1 让_1 孩_1 子_1 拿_1 着_1 氢_1 气_1 球_1 坐_1 公_1 交_1 。_1 面_1 对_1 公_1 交_1 司_1 机_1 的_1 阻_1 止_1 ，_1 她_1 丝_1 毫_1 不_1 退_1 让_1 地_1 与_1 其_1 争_1 吵_1 ，_1 为_1 了_1 全_1 车_1 乘_1 客_1 的_1 安_1 全_1 ，_1 司_1 机_1 只_1 好_1 向_1 公_1 交_1 车_1 调_1 度_1 中_1 心_1 报_1 告_1 后_1 ，_1 将_1 其_1 他_1 乘_1 客_1 安_1 排_1 转_1 乘_1 后_1 面_1 的_1 公_1 交_1 车_1 ，_1 并_1 拨_1 打_1 了_1 110_1 报_1 警_1 电_1 话_1 。_1 最_1 终_1 ，_1 民_1 警_1 赶_1 到_1 现_1 场_1 ，_1 了_1 解_1 了_1 事_1 情_1 原_1 委_1 后_1 ，_1 对_1 这_1 名_1 女_1 乘_1 客_1 进_1 行_1 了_1 劝_1 导_1 和_1 法_1 制_1 宣_1 传_1 教_1 育_1 ，_1 并_1 将_1 氢_1 气_1 球_1 进_1 行_1 了_1 放_1 [SEP]_1 事_1 兴_1 的_1 祝_1 福_1 还_1 只_1 是_1 一_1 句_1 空_1 话_1 吗_1 ？_1 有_1 句_1 话_1 是_1 ，_1 规_1 则_1 是_1 最_1 坚_1 硬_1 的_1 石_1 头_1 ，_1 让_1 一_1 切_1 试_1 图_1 亵_1 渎_1 它_1 的_1 人_1 束_1 手_1 无_1 策_1 ；_1 规_1 则_1 是_1 最_1 芬_1 芳_1 的_1 花_1 朵_1 ，_1 让_1 一_1 切_1 坚_1 守_1 它_1 的_1 人_1 分_1 享_1 到_1 成_1 功_1 的_1 蜂_1 蜜_1 。_1 让_1 我_1 们_1 一_1 起_1 来_1 遵_1 守_1 规_1 则_1 ，_1 那_1 不_1 仅_1 是_1 我_1 们_1 应_1 尽_1 的_1 义_1 务_1 ，_1 而_1 且_1 在_1 关_1 键_1 时_1 刻_1 ，_1 会_1 是_1 我_1 们_1 生_1 命_1 安_1 全_1 的_1 重_1 要_1 屏_1 障_1 。_1 来_1 源_1 ：_1 多_1 丝_1 剑_1 ，_1 轻_1 能_1 量_1 特_1 约_1 作_1 者_1 ，_1 多_1 愁_1 善_1 感_1 又_1 喜_1 欢_1 在_1 必_1 要_1 时_1 挥_1 剑_1 斩_1 情_1 丝_1 ，_1 一_1 个_1 兼_1 具_1 感_1 性_1 与_1 理_1 性_1 的_1 职_1 场_1 二_1 胎_1 妈_1 ，_1 国_1 家_1 二_1 级_1 心_1 理_1 咨_1 询_1 师_1 。_1 [SEP]_1
2019-10-19 10:25:16,092 Token Sample: [CLS]_0 陕_0 西_0 佛_0 坪_0 发_0 生_0 38_0 人_0 集_0 体_0 中_0 毒_0 事_0 件_0 其_0 中_0 有_0 11_0 名_0 学_0 生_0 -_0 辽_0 阳_0 新_0 闻_0 网_0 :_0 辽_0 阳_0 ._0 ._0 ._0 [PAD]_0 [PAD]_0 [PAD]_0 [PAD]_0 [PAD]_0 [PAD]_0 [PAD]_0 [PAD]_0 [PAD]_0 [PAD]_0 [PAD]_0 [PAD]_0 [PAD]_0 [PAD]_0 [PAD]_0 [PAD]_0 [PAD]_0 [PAD]_0 [PAD]_0 [PAD]_0 [PAD]_0 [PAD]_0 [PAD]_0 [PAD]_0 [PAD]_0 [PAD]_0 [PAD]_0 [PAD]_0 [PAD]_0 [PAD]_0 [PAD]_0 [SEP]_0 广_1 州_1 日_1 报_1 讯_1 记_1 者_1 15_1 日_1 从_1 陕_1 西_1 佛_1 坪_1 县_1 官_1 方_1 了_1 解_1 到_1 ，_1 当_1 地_1 大_1 河_1 坝_1 镇_1 15_1 日_1 上_1 午_1 发_1 生_1 疑_1 似_1 食_1 物_1 中_1 毒_1 事_1 件_1 ，_1 38_1 人_1 在_1 一_1 小_1 吃_1 店_1 就_1 餐_1 后_1 相_1 继_1 出_1 现_1 食_1 物_1 中_1 毒_1 症_1 状_1 ，_1 已_1 被_1 送_1 往_1 医_1 院_1 救_1 治_1 ，_1 目_1 前_1 病_1 情_1 基_1 本_1 稳_1 定_1 。_1 15_1 日_1 上_1 午_1 9_1 时_1 许_1 ，_1 有_1 民_1 众_1 在_1 佛_1 坪_1 县_1 大_1 河_1 坝_1 镇_1 街_1 道_1 一_1 小_1 吃_1 店_1 就_1 餐_1 后_1 ，_1 相_1 继_1 出_1 现_1 恶_1 心_1 、_1 呕_1 吐_1 等_1 症_1 状_1 ，_1 经_1 初_1 步_1 诊_1 断_1 为_1 疑_1 似_1 食_1 物_1 中_1 毒_1 。_1 经_1 排_1 查_1 ，_1 共_1 有_1 38_1 人_1 在_1 该_1 小_1 吃_1 店_1 就_1 餐_1 ，_1 均_1 有_1 食_1 物_1 中_1 毒_1 症_1 状_1 。_1 其_1 中_1 ，_1 在_1 校_1 学_1 生_1 11_1 人_1 。_1 根_1 据_1 病_1 情_1 状_1 况_1 ，_1 7_1 人_1 经_1 紧_1 急_1 救_1 治_1 后_1 转_1 入_1 洋_1 县_1 医_1 院_1 救_1 治_1 ，_1 15_1 人_1 转_1 入_1 佛_1 坪_1 县_1 医_1 院_1 治_1 疗_1 ，_1 7_1 人_1 在_1 大_1 河_1 坝_1 镇_1 医_1 院_1 治_1 疗_1 ，_1 计_1 划_1 转_1 入_1 佛_1 坪_1 县_1 医_1 院_1 治_1 疗_1 。_1 9_1 名_1 外_1 出_1 人_1 员_1 分_1 别_1 在_1 就_1 近_1 医_1 院_1 治_1 疗_1 ，_1 其_1 中_1 洋_1 县_1 2_1 人_1 、_1 城_1 固_1 县_1 6_1 人_1 、_1 汉_1 台_1 区_1 1_1 人_1 。_1 佛_1 坪_1 [SEP]_1 经_1 排_1 查_1 ，_1 共_1 有_1 38_1 人_1 在_1 该_1 小_1 吃_1 店_1 就_1 餐_1 ，_1 均_1 有_1 食_1 物_1 中_1 毒_1 症_1 状_1 。_1 其_1 中_1 ，_1 在_1 校_1 学_1 生_1 11_1 人_1 。_1 根_1 据_1 病_1 情_1 状_1 况_1 ，_1 7_1 人_1 经_1 紧_1 急_1 救_1 治_1 后_1 转_1 入_1 洋_1 县_1 医_1 院_1 救_1 治_1 ，_1 15_1 人_1 转_1 入_1 佛_1 坪_1 县_1 医_1 院_1 治_1 疗_1 ，_1 7_1 人_1 在_1 大_1 河_1 坝_1 镇_1 医_1 院_1 治_1 疗_1 ，_1 计_1 划_1 转_1 入_1 佛_1 坪_1 县_1 医_1 院_1 治_1 疗_1 。_1 9_1 名_1 外_1 出_1 人_1 员_1 分_1 别_1 在_1 就_1 近_1 医_1 院_1 治_1 疗_1 ，_1 其_1 中_1 洋_1 县_1 2_1 人_1 、_1 城_1 固_1 县_1 6_1 人_1 、_1 汉_1 台_1 区_1 1_1 人_1 。_1 佛_1 坪_1 县_1 地_1 处_1 秦_1 岭_1 南_1 麓_1 ，_1 陕_1 西_1 省_1 汉_1 中_1 市_1 东_1 北_1 部_1 ，_1 是_1 [UNK]_1 大_1 熊_1 猫_1 的_1 家_1 园_1 [UNK]_1 和_1 [UNK]_1 中_1 国_1 山_1 茱_1 萸_1 之_1 乡_1 [UNK]_1 。_1 (_1 中_1 新_1 )_1 [SEP]_1
2019-10-19 10:25:19,461 seed everything and create model
2019-10-19 10:34:20,760 step 1000 train loss: 0.5278
2019-10-19 10:34:20,760 step 1000 score: 0.7863
2019-10-19 10:43:12,332 step 2000 train loss: 0.4403
2019-10-19 10:43:12,332 step 2000 score: 0.7998
2019-10-19 10:52:03,681 step 3000 train loss: 0.3748
2019-10-19 10:52:03,681 step 3000 score: 0.8103
2019-10-19 11:00:55,199 step 4000 train loss: 0.2358
2019-10-19 11:00:55,199 step 4000 score: 0.7927
2019-10-19 11:09:46,734 step 5000 train loss: 0.2581
2019-10-19 11:09:46,734 step 5000 score: 0.8055
2019-10-19 11:18:38,322 step 6000 train loss: 0.2230
2019-10-19 11:18:38,322 step 6000 score: 0.8076
2019-10-19 11:27:29,922 step 7000 train loss: 0.1086
2019-10-19 11:27:29,923 step 7000 score: 0.8092
2019-10-19 11:36:21,551 step 8000 train loss: 0.1107
2019-10-19 11:36:21,552 step 8000 score: 0.8150
2019-10-19 11:45:13,105 step 9000 train loss: 0.1065
2019-10-19 11:45:13,106 step 9000 score: 0.8127
2019-10-19 11:54:04,680 step 10000 train loss: 0.0542
2019-10-19 11:54:04,680 step 10000 score: 0.8127
2019-10-19 11:54:04,681 best score is 0.8150
2019-10-19 12:09:46,299 step 1000 train loss: 0.5250
2019-10-19 12:09:46,300 step 1000 score: 0.6985
2019-10-19 12:18:37,752 step 2000 train loss: 0.4493
2019-10-19 12:18:37,752 step 2000 score: 0.7839
2019-10-19 12:27:29,263 step 3000 train loss: 0.3811
2019-10-19 12:27:29,263 step 3000 score: 0.7688
2019-10-19 12:36:20,862 step 4000 train loss: 0.2431
2019-10-19 12:36:20,862 step 4000 score: 0.7124
2019-10-19 12:45:12,487 step 5000 train loss: 0.2288
2019-10-19 12:45:12,488 step 5000 score: 0.7868
2019-10-19 12:54:04,041 step 6000 train loss: 0.2419
2019-10-19 12:54:04,041 step 6000 score: 0.7922
2019-10-19 13:02:55,684 step 7000 train loss: 0.1144
2019-10-19 13:02:55,684 step 7000 score: 0.7820
2019-10-19 13:11:47,297 step 8000 train loss: 0.1150
2019-10-19 13:11:47,297 step 8000 score: 0.7761
2019-10-19 13:20:38,964 step 9000 train loss: 0.1009
2019-10-19 13:20:38,964 step 9000 score: 0.7743
2019-10-19 13:29:30,617 step 10000 train loss: 0.0522
2019-10-19 13:29:30,617 step 10000 score: 0.7756
2019-10-19 13:29:30,617 best score is 0.7922
2019-10-19 13:45:12,415 step 1000 train loss: 0.5122
2019-10-19 13:45:12,416 step 1000 score: 0.7514
2019-10-19 13:54:04,053 step 2000 train loss: 0.4160
2019-10-19 13:54:04,053 step 2000 score: 0.7661
2019-10-19 14:02:55,701 step 3000 train loss: 0.3943
2019-10-19 14:02:55,701 step 3000 score: 0.7378
2019-10-19 14:11:47,349 step 4000 train loss: 0.2600
2019-10-19 14:11:47,349 step 4000 score: 0.7956
2019-10-19 14:20:39,213 step 5000 train loss: 0.2232
2019-10-19 14:20:39,213 step 5000 score: 0.7776
2019-10-19 14:29:30,755 step 6000 train loss: 0.2430
2019-10-19 14:29:30,756 step 6000 score: 0.7946
2019-10-19 14:38:22,260 step 7000 train loss: 0.1190
2019-10-19 14:38:22,261 step 7000 score: 0.7983
2019-10-19 14:47:13,711 step 8000 train loss: 0.1245
2019-10-19 14:47:13,711 step 8000 score: 0.7980
2019-10-19 14:56:05,141 step 9000 train loss: 0.1162
2019-10-19 14:56:05,142 step 9000 score: 0.7948
2019-10-19 15:04:56,547 step 10000 train loss: 0.0535
2019-10-19 15:04:56,547 step 10000 score: 0.7968
2019-10-19 15:04:56,547 best score is 0.7983
2019-10-19 15:20:38,003 step 1000 train loss: 0.5600
2019-10-19 15:20:38,003 step 1000 score: 0.6977
2019-10-19 15:29:29,434 step 2000 train loss: 0.4244
2019-10-19 15:29:29,434 step 2000 score: 0.7198
2019-10-19 15:38:20,871 step 3000 train loss: 0.3969
2019-10-19 15:38:20,871 step 3000 score: 0.7802
2019-10-19 15:47:12,293 step 4000 train loss: 0.2469
2019-10-19 15:47:12,294 step 4000 score: 0.7774
2019-10-19 15:56:03,670 step 5000 train loss: 0.2543
2019-10-19 15:56:03,671 step 5000 score: 0.7870
2019-10-19 16:04:55,150 step 6000 train loss: 0.2537
2019-10-19 16:04:55,150 step 6000 score: 0.8002
2019-10-19 16:13:46,527 step 7000 train loss: 0.1260
2019-10-19 16:13:46,527 step 7000 score: 0.7816
2019-10-19 16:22:37,914 step 8000 train loss: 0.1278
2019-10-19 16:22:37,914 step 8000 score: 0.8078
2019-10-19 16:31:29,373 step 9000 train loss: 0.1084
2019-10-19 16:31:29,374 step 9000 score: 0.7987
2019-10-19 16:40:20,784 step 10000 train loss: 0.0595
2019-10-19 16:40:20,785 step 10000 score: 0.8016
2019-10-19 16:40:20,785 best score is 0.8078
2019-10-19 16:56:02,422 step 1000 train loss: 0.5081
2019-10-19 16:56:02,422 step 1000 score: 0.8060
2019-10-19 17:04:53,890 step 2000 train loss: 0.4171
2019-10-19 17:04:53,890 step 2000 score: 0.7908
2019-10-19 17:13:45,309 step 3000 train loss: 0.3729
2019-10-19 17:13:45,309 step 3000 score: 0.7914
2019-10-19 17:22:36,749 step 4000 train loss: 0.2305
2019-10-19 17:22:36,750 step 4000 score: 0.7719
2019-10-19 17:31:28,134 step 5000 train loss: 0.2389
2019-10-19 17:31:28,134 step 5000 score: 0.8110
2019-10-19 17:40:19,512 step 6000 train loss: 0.2042
2019-10-19 17:40:19,512 step 6000 score: 0.8042
2019-10-19 17:49:10,953 step 7000 train loss: 0.0994
2019-10-19 17:49:10,954 step 7000 score: 0.7979
2019-10-19 17:58:02,465 step 8000 train loss: 0.1102
2019-10-19 17:58:02,465 step 8000 score: 0.8106
2019-10-19 18:06:54,000 step 9000 train loss: 0.0909
2019-10-19 18:06:54,000 step 9000 score: 0.8027
2019-10-19 18:15:45,431 step 10000 train loss: 0.0495
2019-10-19 18:15:45,431 step 10000 score: 0.8010
2019-10-19 18:15:45,432 best score is 0.8110
2019-10-19 18:22:35,499 average: 0.804879
