2019-10-17 10:44:52,008 log_in_file: True
2019-10-17 10:44:52,008 bert_path: /home/wangzl/PretrainedLM/BERT/New/roberta_zh_L-24_H-1024_A-16/
2019-10-17 10:44:52,008 data_path: ../data/
2019-10-17 10:44:52,008 usegpu: True
2019-10-17 10:44:52,008 use_origin: False
2019-10-17 10:44:52,008 total_step: 10000
2019-10-17 10:44:52,008 eval_every: 1000
2019-10-17 10:44:52,008 early_stop: 4
2019-10-17 10:44:52,008 max_length: 510
2019-10-17 10:44:52,008 max_title_rate: 0.125
2019-10-17 10:44:52,008 content_head_rate: 0.2
2019-10-17 10:44:52,008 batch_size: 2
2019-10-17 10:44:52,008 lr_scheduler_type: linear
2019-10-17 10:44:52,008 input_pattern: head+tail+dynamic
2019-10-17 10:44:52,008 clean_method: space
2019-10-17 10:44:52,008 warmup_rate: 0.1
2019-10-17 10:44:52,008 classifier_dropout: 0.3
2019-10-17 10:44:52,008 classifier_weight_decay: 0.0
2019-10-17 10:44:52,008 cache_final_model: False
2019-10-17 10:44:52,008 seed: 23
2019-10-17 10:44:52,008 lr: 1e-05
2019-10-17 10:44:52,009 lr_decay_in_layers: 0.98
2019-10-17 10:44:52,009 weight_decay: 0.001
2019-10-17 10:45:12,269 Token Sample: [CLS]_0 郑_0 州_0 华_0 夏_0 解_0 释_0 白_0 癜_0 风_0 的_0 治_0 愈_0 为_0 什_0 么_0 那_0 么_0 困_0 难_0 ?_0 [SEP]_0 白_1 癜_1 风_1 的_1 难_1 以_1 治_1 疗_1 的_1 程_1 度_1 是_1 在_1 皮_1 肤_1 病_1 中_1 的_1 佼_1 佼_1 者_1 ，_1 白_1 癜_1 风_1 的_1 难_1 以_1 治_1 愈_1 一_1 度_1 成_1 为_1 了_1 世_1 界_1 的_1 问_1 题_1 。_1 白_1 癜_1 风_1 是_1 一_1 种_1 常_1 见_1 的_1 后_1 天_1 性_1 限_1 局_1 性_1 或_1 泛_1 发_1 性_1 皮_1 肤_1 色_1 素_1 脱_1 失_1 病_1 ，_1 由_1 于_1 皮_1 肤_1 的_1 黑_1 素_1 细_1 胞_1 功_1 能_1 消_1 失_1 引_1 起_1 的_1 皮_1 肤_1 病_1 。_1 白_1 癜_1 风_1 的_1 病_1 发_1 部_1 位_1 没_1 [SEP]_1 做_1 那_1 么_1 多_1 检_1 查_1 ，_1 就_1 是_1 为_1 了_1 明_1 确_1 白_1 癜_1 风_1 的_1 发_1 生_1 源_1 才_1 能_1 有_1 效_1 的_1 去_1 治_1 疗_1 ，_1 白_1 癜_1 风_1 的_1 诱_1 发_1 原_1 因_1 十_1 分_1 的_1 多_1 样_1 这_1 就_1 加_1 重_1 了_1 医_1 护_1 人_1 员_1 的_1 负_1 担_1 。_1 患_1 者_1 自_1 身_1 也_1 要_1 预_1 防_1 的_1 方_1 面_1 很_1 多_1 ，_1 要_1 做_1 到_1 生_1 活_1 方_1 方_1 面_1 面_1 对_1 于_1 白_1 癜_1 风_1 的_1 防_1 治_1 。_1 白_1 癜_1 风_1 的_1 治_1 疗_1 过_1 程_1 漫_1 长_1 ，_1 会_1 致_1 使_1 很_1 多_1 患_1 者_1 放_1 弃_1 治_1 疗_1 。_1 这_1 也_1 是_1 由_1 于_1 体_1 内_1 黑_1 色_1 素_1 生_1 成_1 的_1 不_1 易_1 和_1 漫_1 长_1 ，_1 人_1 体_1 内_1 的_1 黑_1 色_1 素_1 的_1 生_1 成_1 和_1 代_1 谢_1 受_1 到_1 多_1 种_1 原_1 因_1 和_1 影_1 响_1 ，_1 黑_1 色_1 素_1 生_1 成_1 、_1 转_1 化_1 的_1 过_1 程_1 中_1 任_1 何_1 一_1 个_1 环_1 节_1 出_1 问_1 题_1 就_1 会_1 导_1 致_1 患_1 者_1 的_1 肤_1 色_1 产_1 生_1 变_1 化_1 ，_1 并_1 且_1 在_1 这_1 个_1 过_1 程_1 中_1 ，_1 如_1 果_1 患_1 者_1 疏_1 忽_1 了_1 白_1 癜_1 风_1 的_1 防_1 御_1 和_1 治_1 疗_1 ，_1 就_1 会_1 造_1 成_1 新_1 的_1 斑_1 区_1 出_1 现_1 或_1 者_1 白_1 斑_1 的_1 直_1 接_1 扩_1 散_1 。_1 白_1 癜_1 风_1 疾_1 病_1 很_1 顽_1 固_1 经_1 常_1 出_1 现_1 病_1 情_1 的_1 反_1 复_1 发_1 作_1 的_1 情_1 况_1 出_1 现_1 。_1 很_1 多_1 患_1 者_1 在_1 治_1 好_1 以_1 后_1 平_1 时_1 生_1 活_1 上_1 不_1 注_1 意_1 或_1 者_1 没_1 有_1 进_1 行_1 巩_1 固_1 性_1 治_1 疗_1 所_1 以_1 导_1 致_1 了_1 白_1 癜_1 风_1 病_1 情_1 的_1 复_1 发_1 。_1 反_1 复_1 的_1 发_1 作_1 也_1 会_1 让_1 白_1 癜_1 风_1 患_1 者_1 的_1 心_1 里_1 感_1 到_1 受_1 伤_1 和_1 无_1 奈_1 ，_1 白_1 癜_1 风_1 患_1 者_1 本_1 来_1 容_1 貌_1 上_1 就_1 收_1 到_1 了_1 很_1 大_1 的_1 影_1 响_1 ，_1 当_1 病_1 情_1 时_1 好_1 时_1 坏_1 不_1 稳_1 定_1 ，_1 就_1 会_1 造_1 成_1 [UNK]_1 巨_1 大_1 的_1 精_1 神_1 压_1 力_1 ，_1 对_1 于_1 患_1 者_1 自_1 身_1 和_1 白_1 癜_1 风_1 的_1 治_1 疗_1 都_1 是_1 有_1 害_1 无_1 益_1 的_1 。_1 [SEP]_1
2019-10-17 10:45:24,801 Token Sample: [CLS]_0 紧_0 急_0 ！_0 海_0 宁_0 一_0 小_0 区_0 突_0 发_0 火_0 灾_0 ！_0 楼_0 上_0 一_0 老_0 太_0 被_0 困_0 ！_0 事_0 发_0 时_0 屋_0 里_0 还_0 有_0 4_0 人_0 ._0 ._0 ._0 [SEP]_0 突_1 发_1 ！_1 今_1 天_1 上_1 午_1 10_1 点_1 大_1 潮_1 君_1 接_1 到_1 粉_1 丝_1 爆_1 料_1 海_1 宁_1 白_1 漾_1 小_1 区_1 突_1 发_1 火_1 灾_1 ！_1 现_1 场_1 浓_1 烟_1 滚_1 滚_1 ！_1 火_1 情_1 发_1 生_1 时_1 住_1 宅_1 里_1 还_1 住_1 着_1 人_1 ！_1 现_1 场_1 情_1 况_1 怎_1 么_1 样_1 ？_1 大_1 潮_1 君_1 也_1 在_1 第_1 一_1 时_1 间_1 赶_1 往_1 了_1 现_1 场_1 永_1 安_1 路_1 4_1 号_1 据_1 现_1 场_1 目_1 击_1 者_1 说_1 起_1 火_1 时_1 间_1 大_1 致_1 在_1 9_1 点_1 40_1 左_1 右_1 [SEP]_1 东_1 赶_1 到_1 现_1 场_1 后_1 也_1 尝_1 试_1 和_1 社_1 区_1 工_1 作_1 人_1 员_1 一_1 起_1 上_1 楼_1 营_1 救_1 但_1 是_1 根_1 本_1 无_1 法_1 穿_1 过_1 楼_1 道_1 的_1 浓_1 烟_1 而_1 且_1 这_1 时_1 手_1 机_1 已_1 经_1 无_1 法_1 联_1 系_1 到_1 被_1 困_1 的_1 老_1 太_1 太_1 消_1 防_1 赶_1 到_1 后_1 2_1 名_1 消_1 防_1 队_1 员_1 带_1 着_1 氧_1 气_1 面_1 罩_1 穿_1 过_1 浓_1 烟_1 区_1 顺_1 利_1 将_1 老_1 太_1 太_1 营_1 救_1 出_1 来_1 好_1 在_1 老_1 太_1 太_1 身_1 体_1 没_1 有_1 大_1 碍_1 主_1 要_1 是_1 吸_1 入_1 了_1 部_1 分_1 烟_1 雾_1 目_1 前_1 在_1 医_1 院_1 接_1 受_1 检_1 查_1 治_1 疗_1 因_1 为_1 是_1 老_1 小_1 区_1 整_1 栋_1 楼_1 其_1 他_1 的_1 住_1 户_1 年_1 纪_1 都_1 较_1 大_1 有_1 位_1 奶_1 奶_1 已_1 经_1 92_1 岁_1 高_1 龄_1 这_1 次_1 火_1 情_1 大_1 家_1 都_1 受_1 到_1 不_1 少_1 惊_1 吓_1 目_1 前_1 火_1 灾_1 的_1 具_1 体_1 原_1 因_1 仍_1 在_1 调_1 查_1 当_1 中_1 大_1 潮_1 君_1 要_1 提_1 醒_1 大_1 家_1 平_1 时_1 在_1 家_1 安_1 全_1 意_1 识_1 一_1 定_1 要_1 提_1 高_1 同_1 时_1 防_1 火_1 措_1 施_1 也_1 要_1 增_1 强_1 ！_1 点_1 亮_1 希_1 望_1 这_1 样_1 的_1 事_1 情_1 不_1 再_1 发_1 生_1 ！_1 本_1 文_1 由_1 大_1 潮_1 网_1 独_1 家_1 采_1 访_1 报_1 道_1 未_1 经_1 允_1 许_1 严_1 禁_1 转_1 载_1 大_1 潮_1 推_1 荐_1 ·_1 这_1 些_1 你_1 可_1 能_1 感_1 兴_1 趣_1 重_1 要_1 通_1 知_1 ！_1 事_1 关_1 121_1 万_1 海_1 宁_1 人_1 ！_1 泪_1 目_1 ！_1 这_1 两_1 天_1 海_1 宁_1 这_1 个_1 小_1 区_1 里_1 都_1 在_1 打_1 听_1 一_1 位_1 保_1 安_1 的_1 下_1 落_1 ._1 ._1 微_1 信_1 更_1 新_1 ，_1 找_1 不_1 到_1 大_1 潮_1 网_1 了_1 ？_1 戳_1 这_1 里_1 ，_1 教_1 你_1 找_1 到_1 大_1 潮_1 君_1 ~_1 更_1 多_1 精_1 彩_1 内_1 容_1 ，_1 请_1 下_1 载_1 [UNK]_1 大_1 潮_1 网_1 [UNK]_1 手_1 机_1 app_1 （_1 点_1 我_1 点_1 我_1 点_1 我_1 ）_1 点_1 亮_1 希_1 望_1 这_1 样_1 的_1 事_1 情_1 不_1 再_1 发_1 生_1 ！_1 本_1 文_1 来_1 自_1 大_1 风_1 号_1 ，_1 仅_1 代_1 表_1 大_1 风_1 号_1 自_1 媒_1 体_1 观_1 点_1 。_1 [SEP]_1
2019-10-17 10:45:37,684 Token Sample: [CLS]_0 惊_0 险_0 !_0 平_0 果_0 一_0 居_0 民_0 家_0 中_0 煤_0 气_0 罐_0 起_0 火_0 消_0 防_0 及_0 时_0 处_0 置_0 [UNK]_0 百_0 色_0 新_0 闻_0 网_0 [SEP]_0 ·_1 惊_1 险_1 !_1 平_1 果_1 一_1 居_1 民_1 家_1 中_1 煤_1 气_1 罐_1 起_1 火_1 消_1 防_1 及_1 时_1 处_1 置_1 ·_1 游_1 客_1 脸_1 部_1 双_1 手_1 被_1 严_1 重_1 烧_1 伤_1 边_1 检_1 民_1 警_1 及_1 时_1 出_1 手_1 相_1 助_1 ·_1 【_1 视_1 频_1 】_1 田_1 林_1 一_1 民_1 房_1 失_1 火_1 浓_1 烟_1 滚_1 滚_1 幸_1 无_1 人_1 员_1 伤_1 亡_1 ·_1 【_1 视_1 频_1 】_1 田_1 阳_1 两_1 车_1 相_1 撞_1 致_1 1_1 人_1 被_1 困_1 消_1 防_1 成_1 功_1 救_1 援_1 ·_1 李_1 鬼_1 遇_1 到_1 李_1 逵_1 结_1 果_1 悲_1 剧_1 了_1 ·_1 春_1 节_1 期_1 间_1 赌_1 博_1 隆_1 林_1 21_1 人_1 被_1 拘_1 ·_1 德_1 保_1 一_1 民_1 房_1 门_1 前_1 广_1 告_1 牌_1 着_1 火_1 危_1 及_1 四_1 邻_1 消_1 防_1 成_1 功_1 ._1 ._1 ._1 ·_1 大_1 挂_1 车_1 着_1 火_1 ，_1 一_1 车_1 龙_1 眼_1 险_1 被_1 烤_1 成_1 [UNK]_1 桂_1 圆_1 [UNK]_1 ·_1 男_1 子_1 ktv_1 玩_1 兴_1 正_1 酣_1 [UNK]_1 被_1 搅_1 [UNK]_1 ，_1 持_1 刀_1 伤_1 人_1 被_1 捕_1 ·_1 道_1 口_1 工_1 :_1 春_1 节_1 里_1 的_1 坚_1 守_1 ·_1 靖_1 西_1 市_1 通_1 报_1 2_1 起_1 扶_1 贫_1 领_1 域_1 和_1 作_1 风_1 问_1 题_1 典_1 型_1 案_1 例_1 ·_1 收_1 费_1 站_1 前_1 一_1 货_1 车_1 发_1 生_1 追_1 尾_1 致_1 2_1 人_1 被_1 困_1 事_1 发_1 隆_1 林_1 ·_1 一_1 汽_1 车_1 跌_1 入_1 山_1 沟_1 隆_1 林_1 消_1 防_1 火_1 速_1 救_1 援_1 ·_1 无_1 证_1 回_1 收_1 报_1 废_1 车_1 辆_1 罚_1 5000_1 元_1 ·_1 在_1 牢_1 里_1 过_1 年_1 !_1 西_1 林_1 一_1 [UNK]_1 飞_1 车_1 党_1 [UNK]_1 遇_1 查_1 车_1 暴_1 力_1 抗_1 ._1 ._1 ._1 ·_1 【_1 视_1 频_1 】_1 靖_1 西_1 一_1 汽_1 车_1 超_1 车_1 时_1 撞_1 上_1 对_1 向_1 货_1 车_1 !_1 5_1 人_1 ._1 ._1 [SEP]_1 [PAD]_1 [PAD]_1 [PAD]_1 [PAD]_1 [PAD]_1 [PAD]_1 [PAD]_1 [PAD]_1 [PAD]_1 [PAD]_1 [PAD]_1 [PAD]_1 [PAD]_1 [PAD]_1 [PAD]_1 [PAD]_1 [PAD]_1 [PAD]_1 [PAD]_1 [PAD]_1 [PAD]_1 [PAD]_1 [PAD]_1 [PAD]_1 [PAD]_1 [PAD]_1 [PAD]_1 [PAD]_1 [PAD]_1 [PAD]_1 [PAD]_1 [PAD]_1 [PAD]_1 [PAD]_1 [PAD]_1 [PAD]_1 [PAD]_1 [PAD]_1 [PAD]_1 [PAD]_1 [PAD]_1 [PAD]_1 [PAD]_1 [PAD]_1 [PAD]_1 [PAD]_1 [PAD]_1 [PAD]_1 [PAD]_1 [PAD]_1 [PAD]_1 [PAD]_1 [PAD]_1 [PAD]_1 [PAD]_1 [PAD]_1 [PAD]_1 [PAD]_1 [PAD]_1 [PAD]_1 [PAD]_1 [PAD]_1 [PAD]_1 [PAD]_1 [PAD]_1 [PAD]_1 [PAD]_1 [PAD]_1 [PAD]_1 [PAD]_1 [PAD]_1 [PAD]_1 [PAD]_1 [PAD]_1 [PAD]_1 [PAD]_1 [PAD]_1 [PAD]_1 [PAD]_1 [PAD]_1 [PAD]_1 [PAD]_1 [PAD]_1 [PAD]_1 [PAD]_1 [PAD]_1 [PAD]_1 [PAD]_1 [PAD]_1 [PAD]_1 [PAD]_1 [PAD]_1 [PAD]_1 [PAD]_1 [PAD]_1 [PAD]_1 [PAD]_1 [PAD]_1 [PAD]_1 [PAD]_1 [PAD]_1 [PAD]_1 [PAD]_1 [PAD]_1 [PAD]_1 [PAD]_1 [PAD]_1 [PAD]_1 [PAD]_1 [PAD]_1 [PAD]_1 [PAD]_1 [PAD]_1 [PAD]_1 [PAD]_1 [PAD]_1 [PAD]_1 [PAD]_1 [PAD]_1 [PAD]_1 [PAD]_1 [PAD]_1 [PAD]_1 [PAD]_1 [PAD]_1 [PAD]_1 [PAD]_1 [PAD]_1 [PAD]_1 [PAD]_1 [PAD]_1 [PAD]_1 [PAD]_1 [PAD]_1 [PAD]_1 [PAD]_1 [PAD]_1 [PAD]_1 [PAD]_1 [PAD]_1 [PAD]_1 [PAD]_1 [PAD]_1 [PAD]_1 [PAD]_1 [PAD]_1 [PAD]_1 [PAD]_1 [PAD]_1 [PAD]_1 [PAD]_1 [PAD]_1 [PAD]_1 [PAD]_1 [PAD]_1 [PAD]_1 [PAD]_1 [PAD]_1 [PAD]_1 [PAD]_1 [PAD]_1 [PAD]_1 [PAD]_1 [PAD]_1 [PAD]_1 [PAD]_1 [PAD]_1 [PAD]_1 [PAD]_1 [PAD]_1 [PAD]_1 [PAD]_1 [PAD]_1 [PAD]_1 [PAD]_1 [PAD]_1
2019-10-17 10:46:03,244 Token Sample: [CLS]_0 ios_0 产_0 品_0 开_0 发_0 让_0 开_0 发_0 者_0 获_0 得_0 未_0 来_0 决_0 胜_0 先_0 机_0 提_0 升_0 技_0 术_0 水_0 平_0 才_0 是_0 企_0 业_0 之_0 本_0 [SEP]_0 马_1 上_1 注_1 册_1 ，_1 结_1 交_1 更_1 多_1 好_1 友_1 ，_1 享_1 用_1 更_1 多_1 功_1 能_1 ，_1 让_1 你_1 轻_1 松_1 玩_1 转_1 社_1 区_1 。_1 您_1 需_1 要_1 登_1 录_1 才_1 可_1 以_1 下_1 载_1 或_1 查_1 看_1 ，_1 没_1 有_1 帐_1 号_1 ？_1 立_1 即_1 注_1 册_1 xi_1 ##os_1 是_1 目_1 前_1 非_1 常_1 热_1 门_1 的_1 开_1 发_1 ，_1 很_1 多_1 企_1 业_1 都_1 重_1 视_1 移_1 动_1 互_1 联_1 的_1 开_1 发_1 ，_1 然_1 而_1 ，_1 企_1 业_1 想_1 要_1 立_1 足_1 ，_1 需_1 要_1 提_1 升_1 企_1 业_1 [SEP]_1 限_1 无_1 法_1 独_1 立_1 开_1 发_1 ，_1 千_1 锋_1 教_1 育_1 在_1 ios_1 培_1 训_1 上_1 考_1 虑_1 到_1 这_1 些_1 因_1 素_1 ，_1 让_1 计_1 算_1 机_1 专_1 业_1 的_1 学_1 员_1 能_1 够_1 熟_1 悉_1 c_1 语_1 言_1 后_1 顺_1 利_1 上_1 手_1 ，_1 把_1 在_1 学_1 校_1 所_1 学_1 与_1 参_1 加_1 ios_1 培_1 训_1 后_1 所_1 接_1 触_1 到_1 的_1 知_1 识_1 合_1 理_1 融_1 合_1 ，_1 并_1 且_1 顺_1 利_1 提_1 升_1 开_1 发_1 模_1 式_1 ，_1 让_1 自_1 身_1 的_1 技_1 术_1 获_1 得_1 根_1 本_1 上_1 的_1 提_1 升_1 ，_1 让_1 很_1 多_1 大_1 学_1 毕_1 业_1 生_1 不_1 再_1 为_1 就_1 业_1 而_1 发_1 愁_1 ，_1 ios_1 学_1 习_1 教_1 程_1 而_1 是_1 真_1 正_1 掌_1 握_1 了_1 一_1 门_1 技_1 术_1 ，_1 让_1 大_1 学_1 毕_1 业_1 生_1 在_1 接_1 受_1 ios_1 培_1 训_1 后_1 ，_1 获_1 得_1 比_1 同_1 龄_1 人_1 更_1 高_1 起_1 点_1 的_1 就_1 业_1 机_1 会_1 ，_1 从_1 而_1 让_1 自_1 己_1 能_1 够_1 在_1 移_1 动_1 互_1 联_1 行_1 业_1 中_1 获_1 得_1 提_1 升_1 ，_1 命_1 运_1 掌_1 握_1 在_1 自_1 己_1 手_1 里_1 ，_1 获_1 得_1 发_1 展_1 。_1 深_1 圳_1 是_1 科_1 技_1 企_1 业_1 落_1 户_1 密_1 集_1 型_1 城_1 市_1 ，_1 很_1 多_1 企_1 业_1 都_1 转_1 型_1 到_1 移_1 动_1 互_1 联_1 行_1 业_1 ，_1 这_1 也_1 造_1 成_1 了_1 ios_1 开_1 发_1 者_1 的_1 稀_1 缺_1 ，_1 千_1 锋_1 教_1 育_1 深_1 圳_1 校_1 区_1 是_1 深_1 圳_1 ios_1 培_1 训_1 领_1 导_1 者_1 ，_1 为_1 深_1 圳_1 很_1 多_1 企_1 业_1 输_1 送_1 了_1 优_1 秀_1 的_1 人_1 才_1 ，_1 特_1 别_1 是_1 深_1 圳_1 的_1 科_1 技_1 型_1 企_1 业_1 ，_1 千_1 锋_1 教_1 育_1 也_1 为_1 很_1 多_1 前_1 来_1 深_1 圳_1 淘_1 金_1 的_1 科_1 技_1 型_1 人_1 才_1 提_1 供_1 了_1 良_1 好_1 的_1 培_1 训_1 平_1 台_1 ，_1 帮_1 助_1 这_1 些_1 企_1 业_1 在_1 人_1 才_1 战_1 略_1 上_1 获_1 得_1 提_1 升_1 ，_1 让_1 很_1 多_1 优_1 秀_1 的_1 人_1 才_1 将_1 自_1 己_1 的_1 才_1 能_1 得_1 以_1 发_1 挥_1 ，_1 从_1 而_1 提_1 升_1 自_1 身_1 的_1 技_1 术_1 实_1 力_1 ，_1 获_1 得_1 直_1 线_1 转_1 型_1 ，_1 也_1 让_1 企_1 业_1 走_1 向_1 了_1 高_1 点_1 。_1 [SEP]_1
2019-10-17 10:46:24,275 Token Sample: [CLS]_0 【_0 5_0 图_0 】_0 常_0 熟_0 升_0 级_0 款_0 智_0 能_0 手_0 机_0 监_0 听_0 卡_0 远_0 程_0 定_0 位_0 ，_0 常_0 熟_0 动_0 画_0 设_0 计_0 -_0 58_0 分_0 类_0 网_0 [SEP]_0 常_1 熟_1 升_1 级_1 款_1 智_1 能_1 手_1 机_1 监_1 听_1 卡_1 远_1 程_1 定_1 位_1 【_1 宏_1 科_1 同_1 城_1 电_1 子_1 商_1 务_1 有_1 限_1 公_1 司_1 】_1 自_1 创_1 建_1 以_1 来_1 ，_1 凭_1 借_1 着_1 庞_1 大_1 专_1 业_1 的_1 侦_1 探_1 队_1 伍_1 以_1 及_1 在_1 全_1 国_1 各_1 地_1 的_1 工_1 商_1 、_1 经_1 侦_1 部_1 门_1 深_1 厚_1 的_1 人_1 脉_1 资_1 源_1 ，_1 已_1 成_1 功_1 地_1 为_1 数_1 以_1 万_1 计_1 的_1 委_1 托_1 人_1 提_1 供_1 强_1 有_1 力_1 的_1 诉_1 讼_1 证_1 据_1 ，_1 [SEP]_1 选_1 项_1 。_1 1_1 、_1 微_1 信_1 监_1 控_1 2_1 、_1 qq_1 监_1 控_1 3_1 、_1 电_1 话_1 监_1 听_1 4_1 、_1 短_1 信_1 拦_1 截_1 5_1 、_1 卫_1 星_1 定_1 位_1 6_1 、_1 自_1 动_1 录_1 音_1 在_1 对_1 方_1 完_1 全_1 不_1 知_1 觉_1 的_1 情_1 况_1 下_1 ，_1 将_1 随_1 时_1 监_1 控_1 对_1 方_1 目_1 标_1 地_1 理_1 位_1 置_1 ，_1 定_1 位_1 精_1 确_1 度_1 达_1 到_1 5_1 ~_1 10_1 米_1 的_1 范_1 围_1 。_1 不_1 受_1 环_1 境_1 限_1 制_1 ，_1 可_1 以_1 隐_1 蔽_1 放_1 在_1 衣_1 服_1 口_1 袋_1 ，_1 书_1 包_1 ，_1 行_1 李_1 ，_1 钱_1 箱_1 ，_1 保_1 险_1 柜_1 ，_1 重_1 要_1 货_1 物_1 等_1 里_1 面_1 ，_1 也_1 可_1 以_1 放_1 在_1 汽_1 车_1 里_1 面_1 ，_1 起_1 到_1 极_1 为_1 有_1 效_1 的_1 保_1 护_1 追_1 踪_1 ，_1 防_1 止_1 丢_1 失_1 的_1 作_1 用_1 。_1 快_1 速_1 精_1 确_1 定_1 位_1 ，_1 寻_1 人_1 寻_1 车_1 高_1 度_1 精_1 准_1 ，_1 可_1 将_1 对_1 方_1 锁_1 定_1 在_1 哪_1 条_1 路_1 哪_1 栋_1 建_1 筑_1 哪_1 个_1 房_1 间_1 内_1 ，_1 能_1 实_1 时_1 监_1 测_1 车_1 辆_1 或_1 人_1 员_1 的_1 运_1 行_1 路_1 线_1 ，_1 可_1 以_1 实_1 时_1 查_1 找_1 被_1 盗_1 车_1 辆_1 并_1 确_1 定_1 车_1 辆_1 的_1 停_1 车_1 位_1 置_1 ，_1 随_1 时_1 随_1 地_1 掌_1 握_1 他_1 人_1 行_1 踪_1 ，_1 藏_1 在_1 哪_1 里_1 都_1 可_1 以_1 找_1 到_1 。_1 定_1 位_1 软_1 件_1 价_1 格_1 :_1 市_1 内_1 使_1 用_1 型_1 580_1 元_1 -_1 -_1 -_1 -_1 -_1 -_1 只_1 能_1 在_1 本_1 市_1 地_1 区_1 范_1 围_1 内_1 使_1 用_1 。_1 省_1 内_1 使_1 用_1 型_1 880_1 元_1 -_1 -_1 -_1 -_1 -_1 -_1 只_1 能_1 在_1 本_1 省_1 地_1 区_1 范_1 围_1 内_1 使_1 用_1 。_1 全_1 -_1 国_1 漫_1 游_1 型_1 138_1 ##0_1 元_1 -_1 -_1 -_1 -_1 -_1 范_1 围_1 使_1 用_1 不_1 限_1 场_1 地_1 不_1 限_1 距_1 离_1 。_1 全_1 -_1 球_1 使_1 用_1 型_1 3500_1 元_1 -_1 -_1 -_1 -_1 -_1 全_1 球_1 不_1 限_1 场_1 地_1 不_1 限_1 距_1 离_1 。_1 欢_1 迎_1 广_1 大_1 客_1 户_1 来_1 电_1 咨_1 询_1 !_1 统_1 一_1 订_1 购_1 热_1 线_1 :_1 130_1 ##35_1 ##99_1 ##57_1 ##58_1 王_1 成_1 功_1 [SEP]_1
2019-10-17 10:46:28,759 seed everything and create model
2019-10-17 10:55:39,019 step 1000 train loss: 0.5843
2019-10-17 10:55:39,019 step 1000 score: 0.7249
2019-10-17 11:04:40,720 step 2000 train loss: 0.4620
2019-10-17 11:04:40,720 step 2000 score: 0.7416
2019-10-17 11:13:42,368 step 3000 train loss: 0.4143
2019-10-17 11:13:42,368 step 3000 score: 0.7672
2019-10-17 11:22:43,992 step 4000 train loss: 0.2705
2019-10-17 11:22:43,992 step 4000 score: 0.7802
2019-10-17 11:31:45,738 step 5000 train loss: 0.2565
2019-10-17 11:31:45,738 step 5000 score: 0.7775
2019-10-17 11:40:47,483 step 6000 train loss: 0.2360
2019-10-17 11:40:47,483 step 6000 score: 0.7753
2019-10-17 11:49:49,143 step 7000 train loss: 0.1099
2019-10-17 11:49:49,144 step 7000 score: 0.7777
2019-10-17 11:58:50,794 step 8000 train loss: 0.1042
2019-10-17 11:58:50,794 step 8000 score: 0.7767
2019-10-17 12:07:52,455 step 9000 train loss: 0.1027
2019-10-17 12:07:52,455 step 9000 score: 0.7752
2019-10-17 12:07:52,456 best score is 0.7802
