2019-10-23 10:26:20,300 log_in_file: True
2019-10-23 10:26:20,300 lm_path: /home/wangzl/PretrainedLM/XLNET/chinese_xlnet_mid_pytorch/
2019-10-23 10:26:20,301 lm_type: xlnet
2019-10-23 10:26:20,301 data_path: ../data/
2019-10-23 10:26:20,301 usegpu: True
2019-10-23 10:26:20,301 use_origin: True
2019-10-23 10:26:20,301 n_fold: 5
2019-10-23 10:26:20,301 total_step: 3000
2019-10-23 10:26:20,301 eval_every: 300
2019-10-23 10:26:20,301 early_stop: 4
2019-10-23 10:26:20,301 max_length: 510
2019-10-23 10:26:20,301 max_title_rate: 0.125
2019-10-23 10:26:20,301 content_head_rate: 0.6
2019-10-23 10:26:20,301 batch_size: 4
2019-10-23 10:26:20,301 lr_scheduler_type: linear
2019-10-23 10:26:20,301 input_pattern: sentence
2019-10-23 10:26:20,301 clean_method: space+notzh
2019-10-23 10:26:20,301 warmup_rate: 0.1
2019-10-23 10:26:20,301 classifier_dropout: 0.3
2019-10-23 10:26:20,301 classifier_weight_decay: 0.0
2019-10-23 10:26:20,301 cache_final_model: False
2019-10-23 10:26:20,301 seed: 23
2019-10-23 10:26:20,301 lr: 2e-05
2019-10-23 10:26:20,301 lr_decay_in_layers: 0.95
2019-10-23 10:26:20,301 weight_decay: 0.01
2019-10-23 10:26:20,349 padding token is 5
2019-10-23 10:26:34,592 Token Sample: <cls>_0 ▁_0 消防_0 安全_0 牢_0 记_0 在_0 心_0 ——_0 记_0 小_0 军_0 山_0 幼_0 儿_0 园_0 消防_0 演_0 练_0 活动_0 小_0 结_0 <sep>_0 ▁_1 消防_1 安全_1 牢_1 记_1 在_1 心_1 为了_1 进一步_1 加强_1 教师_1 和_1 幼_1 儿_1 对_1 突_1 发_1 事故_1 的_1 灵活_1 应_1 变_1 能力_1 ,_1 使_1 幼_1 儿_1 掌握_1 消防_1 安全_1 知识_1 ,_1 从_1 小_1 培养_1 消防_1 意识_1 ,_1 掌握_1 更多的_1 自_1 救_1 、_1 逃生_1 、_1 自我_1 保护_1 的_1 具体_1 方法_1 ,_1 我_1 园_1 特_1 邀请_1 全力_1 中_1 队的_1 消防_1 官兵_1 为_1 我_1 园_1 全体_1 教_1 职工_1 与_1 全体_1 幼_1 儿_1 进行了_1 消防_1 应急_1 疏散_1 演_1 练_1 活动_1 。_1 随着_1 警_1 报_1 声_1 的_1 响_1 起_1 ,_1 小_1 朋友_1 在_1 各_1 班_1 老师_1 的_1 带领_1 下_1 按照_1 安全_1 出口_1 路线_1 ,_1 纷纷_1 捂_1 住_1 用_1 湿_1 毛_1 巾_1 捂_1 住_1 口_1 鼻_1 ,_1 弯_1 着_1 腰_1 ,_1 低_1 着_1 头_1 ,_1 沿_1 墙_1 角_1 边_1 有_1 秩序_1 的_1 撤离_1 ,_1 教师_1 引导_1 幼_1 儿_1 逃生_1 时_1 不_1 抢_1 道_1 、_1 不_1 惊_1 慌_1 。_1 全_1 园_1 幼_1 儿_1 从_1 听到_1 警_1 报_1 声_1 到_1 安全_1 撤离_1 到_1 操_1 场_1 中心_1 ,_1 只_1 用了_1 1_1 分_1 35_1 秒_1 ,_1 全_1 园_1 撤离_1 到_1 操_1 场_1 后_1 ,_1 各_1 班_1 教师_1 对_1 各_1 班_1 幼_1 儿_1 人数_1 进行了_1 汇报_1 ,_1 消防_1 大队_1 孔_1 队长_1 对_1 幼_1 儿_1 和_1 教师_1 普及_1 了_1 消防_1 逃生_1 的_1 知识_1 ,_1 对_1 我们_1 全体_1 师_1 生_1 进行了_1 安全_1 宣教_1 。_1 疏散_1 活动_1 结束后_1 ,_1 全力_1 中_1 队的_1 孔_1 队长_1 带领_1 幼_1 儿_1 们_1 参观_1 了_1 消防_1 车_1 ,_1 并以_1 提_1 问_1 的方式_1 与_1 小_1 朋友_1 们_1 进行_1 互动_1 ,_1 小_1 朋友_1 们_1 在_1 轻_1 松_1 愉快_1 的_1 气_1 氛_1 中_1 掌握_1 了_1 消防_1 安全_1 知识_1 。_1 幼_1 儿_1 回到_1 教室_1 后_1 ,_1 孔_1 队长_1 对_1 我_1 园_1 教_1 职工_1 进行了_1 消防_1 器材_1 使用_1 培训_1 ,_1 让_1 全体_1 教_1 职工_1 对_1 消防_1 器材_1 的_1 使用_1 更加_1 熟_1 练_1 。_1 活动_1 在_1 全体_1 教_1 职工_1 共同_1 的_1 协_1 作_1 下_1 圆_1 满_1 结束_1 ,_1 通过_1 本次_1 活动_1 ,_1 增强_1 了_1 师_1 生_1 的_1 消防_1 安全_1 意识_1 ,_1 提高了_1 师_1 生_1 自我_1 保护_1 的能力_1 ,_1 同时_1 为_1 创建_1 平安_1 和谐_1 校园_1 奠定了_1 坚_1 固_1 的基础_1 。_1 责任_1 编辑_1 :_1 幼_1 儿_1 成长_1 部_1 ?_1 唐_1 勇_1 图_1 文_1 供_1 稿_1 :_1 卫生_1 保健_1 部_1 ?_1 姚_1 瑶_1 [PAD]_1 [PAD]_1 [PAD]_1 [PAD]_1 [PAD]_1 [PAD]_1 [PAD]_1 [PAD]_1 [PAD]_1 [PAD]_1 [PAD]_1 [PAD]_1 [PAD]_1 [PAD]_1 [PAD]_1 [PAD]_1 [PAD]_1 [PAD]_1 [PAD]_1 [PAD]_1 [PAD]_1 [PAD]_1 [PAD]_1 [PAD]_1 [PAD]_1 [PAD]_1 [PAD]_1 [PAD]_1 [PAD]_1 [PAD]_1 [PAD]_1 [PAD]_1 [PAD]_1 [PAD]_1 [PAD]_1 [PAD]_1 [PAD]_1 [PAD]_1 [PAD]_1 [PAD]_1 [PAD]_1 [PAD]_1 [PAD]_1 [PAD]_1 [PAD]_1 [PAD]_1 [PAD]_1 [PAD]_1 [PAD]_1 [PAD]_1 [PAD]_1 [PAD]_1 [PAD]_1 [PAD]_1 [PAD]_1 [PAD]_1 [PAD]_1 [PAD]_1 [PAD]_1 [PAD]_1 [PAD]_1 [PAD]_1 [PAD]_1 [PAD]_1 [PAD]_1 [PAD]_1 [PAD]_1 [PAD]_1 [PAD]_1 [PAD]_1 [PAD]_1 [PAD]_1 [PAD]_1 [PAD]_1 [PAD]_1 [PAD]_1 [PAD]_1 [PAD]_1 [PAD]_1 [PAD]_1 [PAD]_1 [PAD]_1 [PAD]_1 [PAD]_1 [PAD]_1 [PAD]_1 [PAD]_1 [PAD]_1 [PAD]_1 [PAD]_1 [PAD]_1 [PAD]_1 [PAD]_1 [PAD]_1 [PAD]_1 [PAD]_1 [PAD]_1 [PAD]_1 [PAD]_1 [PAD]_1 [PAD]_1 [PAD]_1 [PAD]_1 [PAD]_1 [PAD]_1 [PAD]_1 [PAD]_1 [PAD]_1 [PAD]_1 [PAD]_1 [PAD]_1 [PAD]_1 [PAD]_1 [PAD]_1 [PAD]_1 [PAD]_1 [PAD]_1 [PAD]_1 [PAD]_1 [PAD]_1 [PAD]_1 [PAD]_1 [PAD]_1 [PAD]_1 [PAD]_1 [PAD]_1 [PAD]_1 [PAD]_1 [PAD]_1 [PAD]_1 <sep>_1
2019-10-23 10:26:45,852 Token Sample: <cls>_0 ▁_0 湿_0 冷_0 来_0 袭_0 !_0 雨_0 雪_0 冰_0 冻_0 蓝色_0 预警_0 !_0 萍_0 乡_0 这次_0 雨_0 可能_0 一直_0 要_0 下_0 到_0 3_0 月_0 ._0 ._0 ._0 __0 天气_0 <sep>_0 ▁原_1 标题_1 :_1 湿_1 冷_1 来_1 袭_1 !_1 雨_1 雪_1 冰_1 冻_1 蓝色_1 预警_1 !_1 萍_1 乡_1 这次_1 雨_1 可能_1 一直_1 要_1 下_1 到_1 3_1 月_1 ._1 ._1 ._1 持续_1 低_1 温_1 !_1 一股_1 实力_1 派_1 寒_1 潮_1 上_1 线_1 !_1 湿_1 冷_1 来_1 袭_1 !_1 今天_1 出_1 门_1 的_1 你_1 是_1 不是_1 这样的_1 寒冷_1 程度_1 令人_1 发_1 指_1 连_1 玩_1 个_1 手机_1 都_1 冻_1 得_1 五_1 指_1 僵_1 硬_1 2_1 月_1 15_1 日_1 15_1 时_1 国_1 网_1 江西省_1 电力_1 有限公司_1 发布_1 雨_1 雪_1 冰_1 冻_1 蓝色_1 预警_1 春_1 节_1 过_1 后_1 持续_1 低_1 温_1 阴_1 雨_1 天气_1 ,_1 江西省_1 用_1 电_1 始终_1 保持_1 高_1 位_1 运行_1 。_1 2_1 月_1 14_1 日_1 ,_1 江西_1 电_1 网_1 直_1 调_1 发电_1 最高_1 160_1 9_1 ._1 2_1 万_1 千瓦_1 ,_1 同_1 比_1 增加_1 45_1 ._1 5%_1 。_1 根据_1 中央_1 气象_1 台_1 天气_1 预_1 报_1 信息_1 :_1 预计_1 未来_1 一周_1 左右_1 ,_1 江西省_1 内_1 大部分地区_1 将_1 持续_1 性_1 低_1 温_1 并_1 伴_1 有_1 阴_1 雨_1 天气_1 。_1 国_1 网_1 江西_1 电力_1 要求_1 所属_1 各_1 单位_1 密切_1 关注_1 天气_1 变化_1 情况_1 。_1 保持_1 与_1 当地_1 气象_1 部门_1 的_1 联系_1 ,_1 加强_1 监测_1 预警_1 ,_1 跟踪_1 电_1 网_1 设备_1 运行_1 状况_1 。_1 切_1 实_1 加强_1 输_1 、_1 变_1 、_1 配_1 电_1 设备_1 运行_1 维护_1 ,_1 提前_1 做好_1 融_1 冰_1 、_1 除_1 冰_1 、_1 抢_1 修_1 等_1 工作_1 部署_1 。_1 除了_1 部分_1 山区_1 可能会_1 出现_1 冻_1 雨_1 萍_1 乡_1 的_1 其他地方_1 都是_1 阴_1 雨_1 不断_1 做好_1 准备_1 !_1 剩下_1 的日子_1 都是_1 下_1 雨_1 下_1 雨_1 下_1 雨_1 别_1 问_1 我_1 大_1 冬天_1 下_1 雨_1 是_1 什么_1 感觉_1 ↓_1 具体_1 预_1 报_1 看_1 完_1 这样的_1 天气_1 ,_1 是_1 不是_1 立_1 马_1 让_1 你_1 ,_1 精_1 (_1 冻_1 )_1 神_1 (_1 得_1 )_1 抖_1 (_1 发_1 )_1 擞_1 (_1 抖_1 )_1 !_1 面对_1 这样的_1 天气_1 小_1 编_1 只_1 想_1 说_1 我_1 有一个_1 美丽_1 的_1 愿_1 望_1 ,_1 长大_1 以后_1 能_1 播_1 种_1 太阳_1 播_1 种_1 一个_1 ,_1 一个_1 就_1 够_1 了_1 会_1 结_1 出_1 许多_1 的_1 许多_1 的_1 太阳_1 一个_1 送给_1 ,_1 送给_1 南极_1 一个_1 送给_1 ,_1 送给_1 大_1 ._1 ._1 ._1 萍_1 ._1 ._1 ._1 乡_1 ._1 ._1 ._1 !_1 !_1 !_1 只_1 求_1 太阳_1 公_1 公_1 赶_1 紧_1 上班_1 吧_1 !_1 !_1 为此_1 小_1 编_1 特_1 地_1 献_1 上_1 一份_1 《_1 防_1 寒_1 秘_1 籍_1 》_1 来源_1 :_1 这里_1 是_1 萍_1 乡_1 、_1 大_1 江_1 网_1 、_1 广东_1 天气_1 、_1 网络_1 综合_1 end_1 返回_1 搜_1 狐_1 ,_1 查看_1 更多_1 责任_1 编辑_1 :_1 [PAD]_1 [PAD]_1 [PAD]_1 [PAD]_1 [PAD]_1 [PAD]_1 [PAD]_1 [PAD]_1 [PAD]_1 [PAD]_1 [PAD]_1 [PAD]_1 [PAD]_1 [PAD]_1 [PAD]_1 [PAD]_1 [PAD]_1 [PAD]_1 [PAD]_1 [PAD]_1 [PAD]_1 [PAD]_1 [PAD]_1 [PAD]_1 [PAD]_1 [PAD]_1 [PAD]_1 [PAD]_1 [PAD]_1 [PAD]_1 [PAD]_1 [PAD]_1 [PAD]_1 [PAD]_1 [PAD]_1 [PAD]_1 [PAD]_1 [PAD]_1 [PAD]_1 [PAD]_1 [PAD]_1 [PAD]_1 [PAD]_1 [PAD]_1 [PAD]_1 [PAD]_1 [PAD]_1 [PAD]_1 [PAD]_1 [PAD]_1 [PAD]_1 [PAD]_1 [PAD]_1 [PAD]_1 [PAD]_1 [PAD]_1 [PAD]_1 [PAD]_1 [PAD]_1 [PAD]_1 [PAD]_1 [PAD]_1 [PAD]_1 [PAD]_1 [PAD]_1 [PAD]_1 [PAD]_1 [PAD]_1 [PAD]_1 [PAD]_1 [PAD]_1 [PAD]_1 [PAD]_1 <sep>_1
2019-10-23 10:27:00,750 Token Sample: <cls>_0 ▁_0 惊_0 险_0 !_0 一个_0 哈_0 欠_0 过_0 后_0 ,_0 奥_0 迪_0 车_0 四个_0 轮_0 子_0 差_0 点_0 只剩_0 仨_0 !_0 车_0 头_0 已_0 撞_0 毁_0 ._0 ._0 ._0 <sep>_0 ▁_1 接到_1 报_1 警_1 后_1 ,_1 铜_1 仁_1 高速_1 交_1 警_1 沿_1 河_1 大队_1 的_1 民_1 警_1 赶到_1 现场_1 ,_1 将_1 车辆_1 及_1 时_1 移_1 出了_1 现场_1 ,_1 避免_1 了_1 二次_1 事故_1 的_1 发生_1 。_1 ▁_1 车辆_1 在_1 道路_1 上_1 左右_1 摇_1 摆_1 幸_1 好_1 驾驶_1 员_1 及_1 时_1 稳_1 住_1 了_1 方向_1 盘_1 才_1 没有_1 引发_1 更大的_1 事故_1 据_1 驾驶_1 员_1 吴_1 某_1 介绍_1 ,_1 当时_1 长时间_1 开_1 夜_1 车_1 有_1 点_1 犯_1 困_1 ,_1 他_1 便_1 拿_1 起_1 水_1 瓶_1 喝_1 了_1 口_1 水_1 之后_1 ,_1 打_1 了_1 个_1 哈_1 欠_1 ,_1 结果_1 精力_1 不_1 集中_1 就_1 引发了_1 事故_1 ,_1 幸_1 好_1 车_1 上_1 人员_1 都_1 系_1 了_1 安全_1 带_1 ,_1 虽然_1 车辆_1 受损_1 严重_1 ,_1 但是_1 并未_1 造成_1 人员_1 的_1 受伤_1 。_1 ▁_1 不是_1 所有人_1 都有_1 那么_1 好的_1 运_1 气_1 有_1 的时候_1 一旦_1 发生_1 事故_1 可能会_1 成为_1 一_1 辈_1 子_1 的_1 悔_1 恨_1 如何_1 预防_1 疲_1 劳_1 驾驶_1 ,_1 其实_1 很_1 简单_1 ,_1 人_1 人_1 都能_1 做到_1 :_1 ▁_1 1_1 ._1 保证_1 睡眠_1 驾驶_1 人_1 每天_1 要_1 保证_1 7_1 至_1 8_1 小时_1 睡眠_1 ,_1 睡_1 前_1 2_1 小时_1 内_1 不_1 饮食_1 ,_1 睡_1 前_1 1_1 小时_1 内_1 不多_1 饮_1 水_1 、_1 不_1 做_1 过度_1 脑_1 力_1 劳动_1 ,_1 养_1 成_1 按_1 时_1 就_1 寝_1 和_1 良好_1 睡_1 姿_1 ;_1 2_1 ._1 合理_1 安排_1 行_1 车_1 时间_1 科学_1 合理_1 地_1 安排_1 行_1 车_1 时间_1 ,_1 连续_1 驾_1 车_1 不得_1 超过_1 4_1 小时_1 ,_1 夜间_1 长时间_1 行_1 车_1 应_1 两人_1 轮_1 流_1 驾驶_1 、_1 交替_1 休息_1 ,_1 尽_1 量_1 不在_1 午夜_1 驾_1 车_1 ;_1 3_1 ._1 避免_1 固定_1 姿_1 势_1 驾_1 车_1 应_1 避免_1 长时间_1 保持_1 一个_1 固定_1 姿_1 势_1 ,_1 可_1 时_1 常_1 调整_1 局部_1 疲_1 劳_1 部位_1 坐_1 姿_1 ,_1 最好_1 在_1 行驶_1 一段时间_1 后_1 停车_1 休息_1 ,_1 下_1 车_1 活动_1 腰_1 、_1 腿_1 ,_1 放_1 松_1 全身_1 肌肉_1 ;_1 4_1 ._1 有_1 困_1 意_1 就_1 停车_1 不_1 论_1 在_1 什么_1 情况下_1 ,_1 只要_1 有_1 十分_1 困_1 倦_1 的_1 感觉_1 ,_1 都_1 应该_1 立即_1 将_1 车_1 停靠_1 在_1 安全_1 地点_1 ,_1 设_1 法_1 睡_1 一_1 会_1 儿_1 ,_1 等_1 困_1 倦_1 感_1 消除_1 后_1 再_1 开_1 车_1 ;_1 5_1 ._1 疲_1 劳_1 时_1 勿_1 驾_1 车_1 上_1 高速_1 驾驶_1 人_1 没有_1 休息_1 好_1 或_1 感到_1 疲_1 劳_1 时_1 ,_1 不要_1 驾_1 车_1 驶_1 入_1 高速公路_1 ,_1 在_1 高速公路_1 上_1 开_1 车_1 最好_1 1_1 个_1 半_1 小时_1 至_1 2_1 个小时_1 就_1 近_1 到_1 服务_1 区_1 休息_1 ,_1 感觉_1 疲_1 倦_1 时_1 应_1 立即_1 停车_1 。_1 ▁_1 一定要_1 注意_1 行_1 车_1 安全_1 生命_1 只有_1 一次_1 千_1 万_1 不要_1 拿_1 自己_1 和_1 他人_1 的生命_1 开_1 玩笑_1 记者_1 :_1 ▁周_1 义_1 龙_1 编辑_1 :_1 ▁杨_1 成_1 雨_1 编_1 校_1 :_1 ▁_1 孙_1 志_1 丹_1 审_1 核_1 :_1 ▁石_1 昌_1 晗_1 你_1 可能_1 还_1 想_1 看_1 [PAD]_1 [PAD]_1 [PAD]_1 [PAD]_1 [PAD]_1 [PAD]_1 [PAD]_1 [PAD]_1 [PAD]_1 [PAD]_1 [PAD]_1 [PAD]_1 [PAD]_1 [PAD]_1 [PAD]_1 [PAD]_1 [PAD]_1 [PAD]_1 [PAD]_1 [PAD]_1 [PAD]_1 [PAD]_1 [PAD]_1 [PAD]_1 <sep>_1
2019-10-23 10:27:12,119 seed everything and create model
2019-10-23 10:35:39,903 step 300 train loss: 0.8069
2019-10-23 10:35:39,904 step 300 score: 0.5217
2019-10-23 10:44:00,851 step 600 train loss: 0.5302
2019-10-23 10:44:00,851 step 600 score: 0.6915
2019-10-23 10:52:21,777 step 900 train loss: 0.4641
2019-10-23 10:52:21,777 step 900 score: 0.7257
2019-10-23 11:00:42,561 step 1200 train loss: 0.4178
2019-10-23 11:00:42,562 step 1200 score: 0.7733
2019-10-23 11:09:03,285 step 1500 train loss: 0.3729
2019-10-23 11:09:03,285 step 1500 score: 0.7766
2019-10-23 11:17:24,102 step 1800 train loss: 0.2832
2019-10-23 11:17:24,102 step 1800 score: 0.7707
2019-10-23 11:25:44,844 step 2100 train loss: 0.2754
2019-10-23 11:25:44,844 step 2100 score: 0.8013
2019-10-23 11:34:05,668 step 2400 train loss: 0.2631
2019-10-23 11:34:05,668 step 2400 score: 0.7941
2019-10-23 11:42:26,461 step 2700 train loss: 0.2714
2019-10-23 11:42:26,461 step 2700 score: 0.7988
2019-10-23 11:50:47,183 step 3000 train loss: 0.2153
2019-10-23 11:50:47,184 step 3000 score: 0.8018
2019-10-23 11:50:47,198 best score is 0.8018
2019-10-23 12:09:15,441 step 300 train loss: 0.8296
2019-10-23 12:09:15,441 step 300 score: 0.5018
2019-10-23 12:17:36,437 step 600 train loss: 0.4860
2019-10-23 12:17:36,437 step 600 score: 0.7299
2019-10-23 12:25:57,493 step 900 train loss: 0.4366
2019-10-23 12:25:57,494 step 900 score: 0.7629
2019-10-23 12:34:18,395 step 1200 train loss: 0.4296
2019-10-23 12:34:18,395 step 1200 score: 0.7533
2019-10-23 12:42:39,350 step 1500 train loss: 0.4001
2019-10-23 12:42:39,350 step 1500 score: 0.7856
2019-10-23 12:51:00,396 step 1800 train loss: 0.2931
2019-10-23 12:51:00,397 step 1800 score: 0.7842
2019-10-23 12:59:21,367 step 2100 train loss: 0.2823
2019-10-23 12:59:21,367 step 2100 score: 0.8080
2019-10-23 13:07:42,272 step 2400 train loss: 0.2420
2019-10-23 13:07:42,272 step 2400 score: 0.8056
2019-10-23 13:16:03,087 step 2700 train loss: 0.2615
2019-10-23 13:16:03,087 step 2700 score: 0.8194
2019-10-23 13:24:23,901 step 3000 train loss: 0.2299
2019-10-23 13:24:23,901 step 3000 score: 0.8180
2019-10-23 13:24:23,902 best score is 0.8194
2019-10-23 13:42:51,725 step 300 train loss: 0.7182
2019-10-23 13:42:51,725 step 300 score: 0.7068
2019-10-23 13:51:12,378 step 600 train loss: 0.4816
2019-10-23 13:51:12,378 step 600 score: 0.7857
2019-10-23 13:59:32,867 step 900 train loss: 0.4562
2019-10-23 13:59:32,867 step 900 score: 0.7777
2019-10-23 14:07:52,811 step 1200 train loss: 0.3975
2019-10-23 14:07:52,811 step 1200 score: 0.7791
2019-10-23 14:16:13,397 step 1500 train loss: 0.3949
2019-10-23 14:16:13,398 step 1500 score: 0.7649
2019-10-23 14:24:33,971 step 1800 train loss: 0.2618
2019-10-23 14:24:33,971 step 1800 score: 0.7998
2019-10-23 14:32:54,498 step 2100 train loss: 0.2536
2019-10-23 14:32:54,498 step 2100 score: 0.8200
2019-10-23 14:41:15,014 step 2400 train loss: 0.2911
2019-10-23 14:41:15,014 step 2400 score: 0.8104
2019-10-23 14:49:35,525 step 2700 train loss: 0.2448
2019-10-23 14:49:35,526 step 2700 score: 0.7950
2019-10-23 14:57:56,038 step 3000 train loss: 0.2253
2019-10-23 14:57:56,039 step 3000 score: 0.7964
2019-10-23 14:57:56,039 best score is 0.8200
2019-10-23 15:16:23,668 step 300 train loss: 0.8711
2019-10-23 15:16:23,668 step 300 score: 0.6411
2019-10-23 15:24:44,170 step 600 train loss: 0.5461
2019-10-23 15:24:44,171 step 600 score: 0.6319
2019-10-23 15:33:04,603 step 900 train loss: 0.4343
2019-10-23 15:33:04,604 step 900 score: 0.7674
2019-10-23 15:41:25,045 step 1200 train loss: 0.3914
2019-10-23 15:41:25,046 step 1200 score: 0.7948
2019-10-23 15:49:45,605 step 1500 train loss: 0.3776
2019-10-23 15:49:45,606 step 1500 score: 0.7758
2019-10-23 15:58:06,116 step 1800 train loss: 0.2407
2019-10-23 15:58:06,116 step 1800 score: 0.7566
2019-10-23 16:06:26,690 step 2100 train loss: 0.2548
2019-10-23 16:06:26,691 step 2100 score: 0.7858
2019-10-23 16:14:47,278 step 2400 train loss: 0.2817
2019-10-23 16:14:47,278 step 2400 score: 0.7819
2019-10-23 16:23:07,848 step 2700 train loss: 0.2681
2019-10-23 16:23:07,848 step 2700 score: 0.7862
2019-10-23 16:23:07,848 best score is 0.7948
2019-10-23 16:41:35,739 step 300 train loss: 0.7573
2019-10-23 16:41:35,740 step 300 score: 0.6782
2019-10-23 16:49:56,218 step 600 train loss: 0.5006
2019-10-23 16:49:56,218 step 600 score: 0.7064
2019-10-23 16:58:16,668 step 900 train loss: 0.3984
2019-10-23 16:58:16,668 step 900 score: 0.7851
2019-10-23 17:06:37,125 step 1200 train loss: 0.4136
2019-10-23 17:06:37,126 step 1200 score: 0.7711
2019-10-23 17:14:57,616 step 1500 train loss: 0.3822
2019-10-23 17:14:57,617 step 1500 score: 0.7783
2019-10-23 17:23:18,093 step 1800 train loss: 0.2436
2019-10-23 17:23:18,094 step 1800 score: 0.7883
2019-10-23 17:31:38,579 step 2100 train loss: 0.2869
2019-10-23 17:31:38,580 step 2100 score: 0.7858
2019-10-23 17:39:59,046 step 2400 train loss: 0.2618
2019-10-23 17:39:59,047 step 2400 score: 0.8068
2019-10-23 17:48:19,621 step 2700 train loss: 0.2413
2019-10-23 17:48:19,621 step 2700 score: 0.8045
2019-10-23 17:56:40,106 step 3000 train loss: 0.2321
2019-10-23 17:56:40,106 step 3000 score: 0.8068
2019-10-23 17:56:40,106 best score is 0.8068
2019-10-23 18:06:47,241 average: 0.808558
