2019-10-22 23:17:52,445 log_in_file: True
2019-10-22 23:17:52,445 lm_path: /home/wangzl/PretrainedLM/XLNET/chinese_xlnet_mid_pytorch/
2019-10-22 23:17:52,446 lm_type: xlnet
2019-10-22 23:17:52,446 data_path: ../data/
2019-10-22 23:17:52,446 usegpu: True
2019-10-22 23:17:52,446 use_origin: True
2019-10-22 23:17:52,446 total_step: 4200
2019-10-22 23:17:52,446 eval_every: 300
2019-10-22 23:17:52,446 early_stop: 4
2019-10-22 23:17:52,446 max_length: 510
2019-10-22 23:17:52,446 max_title_rate: 0.125
2019-10-22 23:17:52,446 content_head_rate: 0.6
2019-10-22 23:17:52,446 batch_size: 4
2019-10-22 23:17:52,446 lr_scheduler_type: linear
2019-10-22 23:17:52,446 input_pattern: head+tail+dynamic
2019-10-22 23:17:52,446 clean_method: space+notzh
2019-10-22 23:17:52,446 warmup_rate: 0.1
2019-10-22 23:17:52,446 classifier_dropout: 0.3
2019-10-22 23:17:52,446 classifier_weight_decay: 0.0
2019-10-22 23:17:52,446 cache_final_model: False
2019-10-22 23:17:52,446 seed: 23
2019-10-22 23:17:52,446 lr: 2e-05
2019-10-22 23:17:52,446 lr_decay_in_layers: 0.95
2019-10-22 23:17:52,446 weight_decay: 0.01
2019-10-22 23:17:52,494 padding token is 5
2019-10-22 23:17:59,295 Token Sample: <cls>_0 ▁_0 打造_0 旅游_0 新_0 样_0 板_0 推_0 介_0 绿色_0 美_0 生态_0 600_0 佳_0 丽_0 亮相_0 山水_0 武_0 宁_0 第二届_0 大型_0 旗_0 袍_0 秀_0 <sep>_0 ▁_1 我们_1 只_1 做_1 正_1 能量_1 的_1 传播_1 者_1 九江_1 e_1 媒_1 讯_1 (_1 特_1 约_1 记者_1 王_1 怡_1 荣_1 )_1 “_1 山水_1 武_1 宁_1 风_1 光_1 好_1 ,_1 满_1 城_1 春_1 色_1 秀_1 旗_1 袍_1 ;_1 绿色_1 生态_1 无_1 价_1 宝_1 ,_1 全_1 域_1 旅游_1 乐_1 逍_1 遥_1 。_1 ”_1 4_1 月_1 27_1 日上午_1 8_1 点_1 ,_1 随着_1 主持人_1 的_1 开_1 场_1 诗_1 ,_1 山水_1 武_1 宁_1 第二届_1 大型_1 旗_1 袍_1 秀_1 在_1 武_1 宁县_1 八_1 音_1 公园_1 广场_1 隆_1 重_1 上演_1 ,_1 来自_1 县城_1 和_1 乡镇_1 的_1 22_1 支_1 代表_1 队的_1 600_1 名_1 旗_1 袍_1 佳_1 丽_1 为_1 现场_1 数千_1 名_1 观众_1 奉_1 上了_1 精彩_1 的_1 旗_1 袍_1 秀_1 盛_1 典_1 ,_1 展示了_1 武_1 宁_1 这座_1 最_1 美_1 小_1 城_1 的_1 和谐_1 、_1 美丽_1 、_1 浪漫_1 和_1 幸福_1 ,_1 她们_1 构成_1 了_1 山水_1 武_1 宁_1 又_1 一道_1 靓_1 丽_1 风景_1 线_1 。_1 这次_1 旗_1 袍_1 秀_1 的_1 主题_1 是_1 “_1 打造_1 旅游_1 新_1 样_1 板_1 ,_1 推_1 介_1 绿色_1 美_1 生态_1 ”_1 ,_1 活动_1 由_1 武_1 宁_1 豫_1 宁_1 街道_1 党_1 工委_1 、_1 办事处_1 主办_1 ,_1 由_1 县_1 广场_1 舞_1 协会_1 、_1 县_1 文化_1 馆_1 、_1 豫_1 宁_1 街道_1 老_1 年_1 体_1 协_1 、_1 豫_1 宁_1 街道_1 宣传_1 文化_1 站_1 承_1 办_1 。_1 参演_1 选手_1 中_1 既有_1 八_1 九十_1 岁的_1 耄_1 耋_1 老人_1 ,_1 也有_1 十_1 几_1 岁的_1 小_1 女孩_1 ;_1 既有_1 县城_1 在_1 职_1 、_1 退休_1 的_1 干_1 职工_1 和_1 普通_1 市民_1 ,_1 还有_1 来自_1 乡镇_1 的_1 普通_1 群众_1 。_1 她们_1 优_1 雅_1 妙_1 曼_1 的_1 身_1 姿_1 ,_1 凸_1 显_1 了_1 女人_1 的_1 精_1 致_1 和_1 妩_1 媚_1 ,_1 彰_1 显_1 了_1 武_1 宁_1 山_1 美_1 、_1 水_1 美_1 、_1 人_1 更_1 美_1 的_1 独特_1 魅力_1 。_1 舞台_1 展示_1 结束后_1 ,_1 600_1 名_1 旗_1 袍_1 丽_1 人_1 沿着_1 风_1 光_1 秀_1 丽_1 的_1 西_1 海湾_1 景区_1 巡_1 游_1 ,_1 沿途_1 市民_1 驻_1 足_1 观看_1 ,_1 纷纷_1 拍照_1 叫_1 好_1 。_1 一场_1 旗_1 袍_1 秀_1 为_1 武_1 宁_1 全_1 域_1 旅游_1 示范_1 区_1 打造_1 和_1 即将_1 开_1 赛_1 的_1 武_1 宁_1 半_1 程_1 马拉_1 松_1 赛_1 营_1 造_1 了_1 良好的_1 文化_1 氛_1 围_1 ,_1 增_1 彩_1 添_1 色_1 。_1 技术_1 编辑_1 :_1 谢_1 雯_1 责任_1 编辑_1 :_1 谢_1 亨_1 审_1 核_1 :_1 张_1 雷_1 <sep>_1 <pad>_1 <pad>_1 <pad>_1 <pad>_1 <pad>_1 <pad>_1 <pad>_1 <pad>_1 <pad>_1 <pad>_1 <pad>_1 <pad>_1 <pad>_1 <pad>_1 <pad>_1 <pad>_1 <pad>_1 <pad>_1 <pad>_1 <pad>_1 <pad>_1 <pad>_1 <pad>_1 <pad>_1 <pad>_1 <pad>_1 <pad>_1 <pad>_1 <pad>_1 <pad>_1 <pad>_1 <pad>_1 <pad>_1 <pad>_1 <pad>_1 <pad>_1 <pad>_1 <pad>_1 <pad>_1 <pad>_1 <pad>_1 <pad>_1 <pad>_1 <pad>_1 <pad>_1 <pad>_1 <pad>_1 <pad>_1 <pad>_1 <pad>_1 <pad>_1 <pad>_1 <pad>_1 <pad>_1 <pad>_1 <pad>_1 <pad>_1 <pad>_1 <pad>_1 <pad>_1 <pad>_1 <pad>_1 <pad>_1 <pad>_1 <pad>_1 <pad>_1 <pad>_1 <pad>_1 <pad>_1 <pad>_1 <pad>_1 <pad>_1 <pad>_1 <pad>_1 <pad>_1 <pad>_1 <pad>_1 <pad>_1 <pad>_1 <pad>_1 <pad>_1 <pad>_1 <pad>_1 <pad>_1 <pad>_1 <pad>_1 <pad>_1 <pad>_1 <pad>_1 <pad>_1 <pad>_1 <pad>_1 <pad>_1 <pad>_1 <pad>_1 <pad>_1 <pad>_1 <pad>_1 <pad>_1 <pad>_1 <pad>_1 <pad>_1 <pad>_1 <pad>_1 <pad>_1 <pad>_1 <pad>_1 <pad>_1 <pad>_1 <pad>_1 <pad>_1 <pad>_1 <pad>_1 <pad>_1 <pad>_1 <pad>_1 <pad>_1
2019-10-22 23:18:04,066 Token Sample: <cls>_0 ▁_0 市_0 口腔_0 医院_0 开展_0 “_0 增强_0 党员_0 意识_0 ,_0 自_0 觉_0 交_0 纳_0 党_0 费_0 ”_0 主题_0 党_0 日_0 活动_0 <sep>_0 ▁_1 为_1 深入_1 开展_1 “_1 党_1 的_1 建设_1 规范_1 化_1 创建_1 活动_1 ”_1 ,_1 落实_1 党员_1 缴_1 纳_1 党_1 费_1 的_1 义务_1 和_1 责任_1 ,_1 进一步_1 增强_1 广_1 大_1 党员_1 的_1 党_1 性_1 观念_1 和_1 党员_1 意识_1 ,_1 推进_1 “_1 两_1 学_1 一_1 做_1 ”_1 学习_1 教育_1 常_1 态_1 化_1 制度_1 化_1 。_1 5_1 月_1 18_1 日下午_1 ,_1 泰_1 安_1 市_1 口腔_1 医院_1 党_1 支部_1 组织_1 开展_1 了_1 “_1 党员_1 集中_1 交_1 纳_1 党_1 费_1 ”_1 主题_1 党_1 日_1 活动_1 。_1 全体_1 党员_1 首先_1 重_1 温_1 了_1 入_1 党_1 誓_1 词_1 ,_1 集体_1 学习_1 了_1 《_1 关于_1 中国共产党_1 党_1 费_1 收_1 缴_1 、_1 使用_1 和_1 管理_1 》_1 ,_1 解_1 读_1 了_1 规范_1 缴_1 纳_1 党_1 费_1 的_1 规定_1 和_1 标准_1 ,_1 并_1 明确_1 了_1 党_1 费_1 的_1 计算_1 方法_1 ,_1 让_1 全体_1 党员_1 切_1 实_1 弄_1 清楚_1 党_1 费_1 “_1 为什么_1 交_1 ”、“_1 怎么_1 交_1 ”_1 的问题_1 ,_1 也_1 让_1 党员_1 干部_1 更加_1 深刻_1 认识_1 到_1 按_1 期_1 足_1 额_1 缴_1 纳_1 党_1 费_1 是_1 党员_1 应_1 尽_1 的_1 责任_1 和_1 义务_1 ,_1 是_1 检验_1 一个_1 党员_1 的_1 党_1 性和_1 思想_1 政治_1 觉_1 悟_1 是否_1 合格_1 的最_1 基本_1 的标准_1 ,_1 随后_1 党员_1 井_1 然_1 有_1 序_1 自_1 觉_1 地_1 缴_1 纳_1 了_1 党_1 费_1 。_1 最后_1 全体_1 党员_1 观看_1 了_1 《_1 习近平_1 总书记_1 在_1 纪念_1 马克_1 是_1 诞_1 辰_1 200_1 周年_1 大会_1 上的_1 讲话_1 》_1 视频_1 ,_1 重_1 温_1 了_1 马克思_1 的_1 崇_1 高_1 精神_1 和_1 光_1 辉_1 思想_1 ,_1 更加_1 坚_1 定_1 理想_1 信念_1 ,_1 坚_1 定_1 了_1 中国_1 特色_1 社会主义_1 道路_1 自_1 信_1 、_1 理论_1 自_1 信_1 、_1 制度_1 自_1 信_1 、_1 文化_1 自_1 信_1 ,_1 提高了_1 学习_1 马克思主义_1 ,_1 学习_1 毛泽东_1 思想_1 、_1 邓小平_1 理论_1 、_1 “_1 三个_1 代表_1 ”_1 重要_1 思想_1 、_1 科学_1 发展_1 观_1 ,_1 学习_1 新_1 时代_1 中国_1 特色_1 社会主义_1 思想_1 的_1 自_1 觉_1 性_1 ,_1 增强_1 了_1 运用_1 马克思主义_1 分析_1 和_1 解决_1 实际_1 问题_1 的能力_1 。_1 本次_1 主题_1 党_1 日_1 活动_1 严_1 谨_1 务_1 实_1 、_1 理论_1 联系_1 实际_1 ,_1 通过_1 开展_1 缴_1 纳_1 党_1 费_1 ,_1 培养_1 党员_1 自_1 觉_1 缴_1 纳_1 党_1 费_1 习惯_1 ,_1 增强_1 了_1 党员_1 缴_1 纳_1 党_1 费_1 的_1 积极_1 性_1 、_1 主动_1 性和_1 自_1 觉_1 性_1 ,_1 通过_1 学习_1 党_1 的基本_1 原理_1 基本_1 理论_1 基本_1 知识_1 ,_1 进一步_1 增强_1 了_1 党_1 性_1 修_1 养_1 、_1 党员_1 意识_1 和_1 组织_1 观念_1 ,_1 达到_1 强化_1 党_1 性_1 教育_1 的目的_1 。_1 (_1 市_1 口腔_1 医院_1 )_1 <sep>_1 <pad>_1 <pad>_1 <pad>_1 <pad>_1 <pad>_1 <pad>_1 <pad>_1 <pad>_1 <pad>_1 <pad>_1 <pad>_1 <pad>_1 <pad>_1 <pad>_1 <pad>_1 <pad>_1 <pad>_1 <pad>_1 <pad>_1 <pad>_1 <pad>_1 <pad>_1 <pad>_1 <pad>_1 <pad>_1 <pad>_1 <pad>_1 <pad>_1 <pad>_1 <pad>_1 <pad>_1 <pad>_1 <pad>_1 <pad>_1 <pad>_1 <pad>_1 <pad>_1 <pad>_1 <pad>_1 <pad>_1 <pad>_1 <pad>_1 <pad>_1 <pad>_1 <pad>_1 <pad>_1 <pad>_1 <pad>_1 <pad>_1 <pad>_1 <pad>_1 <pad>_1 <pad>_1 <pad>_1 <pad>_1 <pad>_1 <pad>_1 <pad>_1 <pad>_1 <pad>_1 <pad>_1 <pad>_1 <pad>_1 <pad>_1 <pad>_1 <pad>_1 <pad>_1 <pad>_1 <pad>_1 <pad>_1 <pad>_1 <pad>_1 <pad>_1 <pad>_1 <pad>_1 <pad>_1 <pad>_1 <pad>_1 <pad>_1 <pad>_1 <pad>_1 <pad>_1 <pad>_1 <pad>_1 <pad>_1 <pad>_1 <pad>_1 <pad>_1 <pad>_1
2019-10-22 23:18:08,629 Token Sample: <cls>_0 ▁_0 震_0 惊_0 !_0 高_0 唐_0 某_0 业_0 主_0 爆_0 料_0 小_0 区_0 地_0 暖_0 施工_0 涉嫌_0 偷_0 工_0 减_0 料_0 <sep>_0 ▁由于_1 地_1 暖_1 管_1 深_1 藏_1 在_1 地板_1 和_1 混凝土_1 下面_1 ,_1 安装_1 不_1 规范_1 会_1 有_1 多_1 方面的_1 隐_1 患_1 潜_1 伏_1 于_1 中_1 ,_1 而_1 这些_1 问题_1 在_1 交_1 房_1 时_1 业_1 主_1 难以_1 发现_1 。_1 安装_1 不_1 规范_1 会导致_1 在_1 冬天_1 的时候_1 热_1 度_1 会_1 不够_1 ,_1 或者_1 干_1 脆_1 就_1 不_1 热_1 ,_1 另外_1 一旦_1 出现_1 漏_1 水_1 等_1 问题_1 维修_1 非常_1 麻_1 烦_1 ,_1 因_1 无法_1 直接_1 确认_1 问题_1 出现_1 的位置_1 ,_1 可能_1 需要_1 大_1 面积_1 刨_1 开_1 地面_1 ,_1 直到_1 找到_1 问题_1 维修_1 完毕_1 之后_1 ,_1 再_1 回_1 填_1 混凝土_1 ,_1 重新_1 更换_1 地板_1 等_1 ,_1 较为_1 复杂_1 ,_1 消耗_1 人力_1 物_1 力_1 。_1 本地_1 头_1 条_1 :_1 高_1 唐_1 仁_1 恒_1 颐_1 景_1 园_1 三_1 期_1 业_1 主_1 爆_1 料_1 ,_1 该_1 小_1 区_1 地_1 暖_1 施工_1 存在_1 严重的_1 偷_1 工_1 减_1 料_1 ,_1 不_1 按_1 图_1 纸_1 施工_1 等_1 情况_1 。_1 业_1 主_1 拍摄_1 的小_1 区_1 房间_1 内_1 实际_1 铺_1 设_1 情况_1 ,_1 地面_1 的_1 凹_1 凸_1 没有_1 清理_1 ,_1 并且_1 地_1 暖_1 管_1 和_1 地面_1 之间_1 没有_1 绝_1 热_1 层_1 、_1 防_1 潮_1 层_1 、_1 钢_1 丝_1 网_1 等_1 ,_1 而是_1 直接_1 铺_1 设在_1 地面_1 上_1 ,_1 地_1 暖_1 管_1 间_1 距_1 也_1 比_1 施工_1 图_1 上_1 大_1 。_1 业_1 主_1 从_1 网上_1 下载_1 的标准_1 的_1 地_1 暖_1 安装_1 效果_1 图_1 相关_1 规范_1 :_1 中华人民共和国_1 行业_1 标准_1 -_1 地面_1 辐射_1 供_1 暖_1 技术_1 规_1 程_1 地面_1 采_1 暖_1 施工_1 1_1 、_1 要求_1 装_1 修_1 公司_1 认_1 真_1 做好_1 找_1 平_1 层_1 ,_1 表面_1 应_1 保证_1 平_1 整_1 无_1 杂_1 物_1 。_1 2_1 、_1 保_1 温_1 隔_1 热_1 层_1 要求_1 隔_1 热_1 材料_1 要_1 铺_1 设_1 均匀_1 平_1 整_1 ,_1 达到_1 (_1 25_1 /_1 m_1 3_1 )_1 密_1 实_1 度_1 要求_1 。_1 3_1 <sep>_1 d_1 。_1 5_1 、_1 最后_1 铺_1 设_1 钢_1 丝_1 网_1 ,_1 固定_1 卡_1 要_1 安装_1 牢_1 固_1 ,_1 移_1 位_1 不_1 超过_1 30_1 mm_1 。_1 施工_1 图_1 设计_1 文件_1 应_1 以_1 施工_1 图_1 纸_1 为主_1 ,_1 包括_1 图_1 纸_1 目录_1 、_1 设计_1 说明_1 、_1 加热_1 管_1 或_1 发_1 热_1 电_1 缆_1 平面_1 布置_1 图_1 、_1 温_1 控_1 装置_1 布置_1 图_1 及_1 分_1 水_1 器_1 、_1 集_1 水_1 器_1 、_1 地面_1 构造_1 示_1 意图_1 等_1 内容_1 。_1 平面_1 图_1 中_1 应_1 绘_1 出_1 加热_1 管_1 或_1 发_1 热_1 电_1 缆_1 的_1 具体_1 布置_1 形式_1 ,_1 标_1 明_1 敷_1 设_1 间_1 距_1 、_1 加热_1 管_1 的_1 管_1 径_1 、_1 计算_1 长度_1 和_1 伸_1 缩_1 缝_1 要求_1 等_1 。_1 与_1 土壤_1 相邻_1 的_1 地面_1 ,_1 必须_1 设_1 绝_1 热_1 层_1 ,_1 且_1 绝_1 热_1 层_1 下_1 部_1 必须_1 设置_1 防_1 潮_1 层_1 。_1 直接_1 与_1 室_1 外_1 空气_1 相邻_1 的_1 楼_1 板_1 ,_1 必须_1 设_1 绝_1 热_1 层_1 。_1 该_1 小_1 区_1 地_1 暖_1 施工_1 是否_1 是_1 严格_1 按照_1 设计_1 图_1 施工_1 ?_1 是否_1 涉嫌_1 偷_1 工_1 减_1 料_1 ?_1 请_1 相关_1 部门_1 关注_1 !_1 您_1 对_1 此事_1 怎么_1 看_1 ?_1 请_1 在_1 文章_1 底部_1 留言_1 !_1 <sep>_1
2019-10-22 23:18:21,036 Token Sample: <cls>_0 ▁_0 囚禁_0 工人_0 为_0 “_0 奴隶_0 ”_0 ,_0 完_0 不_0 成_0 任务_0 便_0 殴_0 打_0 辱_0 骂_0 ,_0 负责人_0 :_0 正常_0 管理_0 ?_0 <sep>_0 ▁_1 囚禁_1 工人_1 为_1 “_1 奴隶_1 ”_1 ,_1 完_1 不_1 成_1 任务_1 便_1 殴_1 打_1 辱_1 骂_1 ,_1 负责人_1 :_1 正常_1 管理_1 ?_1 警方_1 接到_1 了一个_1 报_1 警_1 信息_1 报_1 警_1 人称_1 他_1 的朋友_1 王_1 某_1 在_1 睢_1 宁_1 被_1 人_1 限制_1 了_1 人_1 身_1 自由_1 ,_1 同时_1 被_1 暴力_1 逼迫_1 工作_1 接_1 报_1 之后_1 最近_1 公安_1 立刻_1 展开_1 了_1 调查_1 ,_1 最终_1 将_1 一个_1 暴力_1 用_1 工_1 的_1 黑_1 作_1 坊_1 捣_1 毁_1 ,_1 成功_1 解救_1 出_1 20_1 多名_1 受害者_1 因为_1 报_1 警_1 人_1 并_1 不知道_1 王_1 某_1 的_1 具体_1 情况_1 ,_1 只有_1 微_1 信_1 发_1 来_1 的一个_1 模糊_1 的_1 定位_1 ,_1 警方_1 最近_1 在_1 辖区_1 展开_1 了_1 摸_1 排_1 。_1 找_1 了_1 有_1 几个_1 小时_1 !_1 所_1 发_1 位置_1 和_1 实际_1 位置_1 偏差_1 将_1 近_1 一_1 公里_1 ,_1 附近_1 找到_1 一个_1 这个_1 路_1 过_1 还有_1 一个_1 服装_1 厂_1 ,_1 12_1 点_1 多_1 了_1 还_1 登_1 过_1 透明_1 ,_1 就_1 感觉_1 很_1 不_1 对_1 劲_1 这么_1 晚_1 还_1 干_1 活_1 呢_1 ,_1 虽然_1 当时_1 已_1 是_1 深夜_1 ,_1 站在_1 眼_1 前的_1 生产_1 车_1 间_1 内_1 正_1 有_1 多名_1 工人_1 只_1 穿着_1 短_1 裤_1 在_1 干_1 活_1 ,_1 警方_1 认为_1 这个_1 名叫_1 一名_1 服饰_1 的_1 服装_1 加_1 工作_1 坊_1 很可能_1 就是_1 报_1 警_1 人_1 朋友_1 所_1 说_1 的_1 工厂_1 经过_1 排_1 查_1 警方_1 最终_1 在这里_1 找到了_1 求助_1 人_1 王_1 某_1 。_1 就是_1 当时_1 到_1 工厂_1 之后_1 他_1 就是_1 我_1 就_1 吃_1 了_1 点_1 东西_1 之后_1 就_1 不_1 让_1 出_1 门_1 了_1 ,_1 就_1 感觉_1 有_1 点_1 不_1 对_1 劲_1 对_1 劲_1 然后_1 就_1 等_1 到_1 签_1 合同_1 的时候_1 嘛_1 他_1 到_1 签_1 合同_1 他_1 让_1 你_1 把_1 手机_1 交_1 了_1 !_1 当时_1 啥_1 也_1 没_1 干_1 呢_1 就要_1 把_1 手机_1 交_1 了_1 ,_1 后来_1 就_1 感觉_1 两个_1 经常_1 服装_1 厂_1 <sep>_1 到_1 手_1 里面_1 钱_1 也_1 几乎_1 没_1 剩_1 多少_1 ,_1 在这个_1 工厂_1 里_1 的_1 商店_1 是他_1 父母_1 开_1 的_1 ,_1 就是_1 在_1 那_1 吃_1 到_1 最后_1 所_1 花_1 的_1 钱_1 又_1 回到了_1 这个_1 厂_1 里_1 老板_1 那里_1 ,_1 而且_1 完_1 不_1 成_1 工作_1 量_1 ,_1 并且_1 要求_1 他们_1 蹲_1 马_1 步_1 ,_1 殴_1 打_1 ,_1 辱_1 骂_1 。_1 囚禁_1 工人_1 为_1 “_1 奴隶_1 ”_1 ,_1 完_1 不_1 成_1 任务_1 便_1 殴_1 打_1 辱_1 骂_1 ,_1 负责人_1 :_1 正常_1 管理_1 ?_1 据_1 了解_1 这些_1 工人_1 都是_1 负责人_1 张_1 某_1 通过_1 中_1 介_1 以_1 高_1 薪_1 为_1 诱_1 饵_1 骗_1 来_1 的_1 ,_1 面对_1 查_1 处_1 张_1 某_1 竟_1 辩_1 称_1 扣押_1 员工_1 身份_1 证_1 和_1 手机_1 只是_1 对_1 工人_1 的_1 正常_1 管理_1 而已_1 。_1 警方_1 表示_1 张_1 某_1 对_1 员工_1 长期_1 殴_1 打_1 辱_1 骂_1 克_1 扣_1 工资_1 扣押_1 证_1 件_1 手机_1 限制_1 人_1 身_1 自由_1 ,_1 强迫_1 高_1 强度_1 劳动_1 的行为_1 已经_1 涉嫌_1 强迫_1 劳动_1 罪_1 ,_1 目前_1 警方_1 也_1 将_1 该_1 案_1 移_1 送_1 检察_1 机关_1 审查_1 起诉_1 ,_1 在_1 大家_1 的生活_1 当中_1 ,_1 有_1 没有_1 遇到_1 类似_1 的情况_1 呢_1 ?_1 欢迎_1 大家_1 在_1 下方_1 参与_1 讨论_1 ,_1 发表_1 自己的_1 意见_1 。_1 <sep>_1
2019-10-22 23:18:29,624 Token Sample: <cls>_0 ▁_0 自然_0 灾害_0 与_0 农村_0 经济_0 社会_0 变动_0 研究_0 —_0 以_0 20_0 世纪_0 二_0 三十_0 年代_0 之_0 交_0 陕_0 甘_0 ._0 ._0 ._0 <sep>_0 ▁原_1 标题_1 :_1 自然_1 灾害_1 与_1 农村_1 经济_1 社会_1 变动_1 研究_1 —_1 以_1 20_1 世纪_1 二_1 三十_1 年代_1 之_1 交_1 陕_1 甘_1 地区_1 旱_1 灾_1 为_1 中心_1 自然_1 灾害_1 与_1 农村_1 经济_1 社会_1 变动_1 研究_1 —_1 以_1 20_1 世纪_1 二_1 三十_1 年代_1 之_1 交_1 陕_1 甘_1 地区_1 旱_1 灾_1 为_1 中心_1 温_1 艳_1 [_1 关键_1 词_1 〕_1 20_1 世纪_1 二_1 三十_1 年代_1 ;_1 陕_1 、_1 甘_1 地区_1 ;_1 自然_1 灾害_1 ;_1 农村_1 经济_1 ;_1 社会_1 变_1 迁_1 [_1 摘_1 要_1 年_1 陕_1 、_1 甘_1 大_1 旱_1 ,_1 农村_1 社会_1 经济_1 变动_1 较大_1 。_1 连续_1 干旱_1 导致_1 当地的_1 农业_1 歉_1 收_1 或_1 绝_1 收_1 ,_1 灾_1 民_1 大量_1 逃亡_1 ,_1 被迫_1 出_1 卖_1 各种_1 生产_1 资料_1 ,_1 使得_1 劳动_1 力_1 不足_1 和_1 生产_1 资料_1 严重_1 缺乏_1 ;_1 大量_1 耕地_1 被_1 抛_1 荒_1 ,_1 导致_1 农村_1 经济_1 恢复_1 十分_1 缓慢_1 。_1 大_1 旱_1 灾_1 之后_1 地_1 价_1 的_1 降低_1 ,_1 加速_1 了_1 土地_1 的_1 流_1 转_1 ,_1 地_1 权_1 出现_1 集中_1 的_1 趋势_1 。_1 旱_1 灾_1 引起_1 陕_1 甘_1 农村_1 经济_1 破产_1 和_1 农民_1 极端_1 贫困_1 化_1 ,_1 使得_1 陕_1 甘_1 乡村_1 社会_1 不再_1 是以_1 士_1 绅_1 为_1 核心_1 的_1 权力_1 网络_1 ,_1 而是_1 地方_1 强_1 人_1 控制了_1 乡村_1 社会_1 ,_1 陕_1 、_1 甘_1 两_1 省_1 地方政府_1 在_1 灾_1 荒_1 中_1 失去了_1 对_1 乡村_1 社会_1 的_1 有效_1 控制_1 。_1 民国_1 时期_1 ,_1 陕_1 、_1 甘_1 两_1 省_1 多次_1 遭受_1 灾_1 荒_1 侵_1 袭_1 ,_1 尤_1 以_1 1928_1 -_1 1930_1 年_1 最为_1 严重_1 ,_1 史称_1 “_1 民国_1 十八年_1 年_1 谨_1 ”_1 ,_1 这次_1 旱_1 灾_1 一直_1 延续_1 到_1 1932_1 年才_1 有所_1 缓解_1 ,_1 长达_1 4_1 年之久_1 。_1 李_1 文_1 海_1 先生_1 将_1 这次_1 旱_1 灾_1 列为_1 近代_1 中国的_1 十大_1 灾_1 荒_1 之一_1 1_1 ,_1 因此_1 足_1 见_1 此次_1 旱_1 灾_1 在_1 近代_1 中国_1 <sep>_1 (_1 2_1 )_1 缺乏_1 籽_1 种_1 ,_1 灾_1 民_1 日_1 求_1 一_1 饱_1 且_1 不可_1 得_1 ,_1 无_1 有_1 多_1 余_1 的_1 种_1 籽_1 播_1 在_1 地上_1 ;_1 (_1 3_1 )_1 牲畜_1 全_1 无_1 ,_1 灾_1 荒_1 中_1 农民_1 多_1 将_1 牲畜_1 屠_1 宰_1 售_1 卖_1 ,_1 兵_1 匪_1 拉_1 畜_1 不_1 择_1 牛_1 羊_1 驴_1 骡_1 ,_1 所_1 过_1 则_1 空_1 ;_1 (_1 4_1 )_1 当_1 下_1 种_1 时_1 正值_1 军_1 兴_1 ,_1 人民_1 逃避_1 他_1 处_1 ,_1 置_1 耕地_1 于_1 不_1 顾_1 ;_1 (_1 5_1 )_1 麦_1 出土_1 时_1 蝗_1 犹_1 未_1 死_1 ,_1 致_1 多_1 被_1 噬_1 食_1 ”_1 13_1 归_1 纳_1 起_1 夹_1 ,_1 主要_1 原因_1 有_1 两_1 点_1 。_1 一_1 是_1 劳动_1 力_1 缺乏_1 。_1 在_1 这次_1 旱_1 灾_1 中_1 ,_1 有大量_1 的人口_1 死亡_1 或_1 逃_1 荒_1 ,_1 导致_1 农村_1 十_1 室_1 九_1 空_1 。_1 如_1 据_1 对_1 眉_1 县_1 的_1 详细_1 调查_1 ,_1 共计_1 死亡_1 48_1 76_1 4_1 人_1 ,_1 妇女_1 被_1 诱_1 卖_1 31_1 23_1 人_1 ,_1 逃亡_1 33_1 31_1 人_1 ,_1 土地_1 荒_1 芜_1 1300_1 87_1 亩_1 14_1 。_1 凤_1 翔_1 县_1 东_1 区_1 土地_1 荒_1 芜_1 1881_1 石_1 2_1 斗_1 ,_1 南_1 区_1 荒_1 <sep>_1
2019-10-22 23:18:29,656 seed everything and create model
2019-10-22 23:26:55,640 step 300 train loss: 0.7361
2019-10-22 23:26:55,641 step 300 score: 0.5843
2019-10-22 23:35:14,721 step 600 train loss: 0.5242
2019-10-22 23:35:14,722 step 600 score: 0.7607
2019-10-22 23:43:33,866 step 900 train loss: 0.4095
2019-10-22 23:43:33,866 step 900 score: 0.7144
2019-10-22 23:51:53,101 step 1200 train loss: 0.4296
2019-10-22 23:51:53,101 step 1200 score: 0.7685
2019-10-23 00:00:12,313 step 1500 train loss: 0.3756
2019-10-23 00:00:12,313 step 1500 score: 0.7662
2019-10-23 00:08:31,447 step 1800 train loss: 0.2768
2019-10-23 00:08:31,447 step 1800 score: 0.7787
2019-10-23 00:16:50,570 step 2100 train loss: 0.3018
2019-10-23 00:16:50,570 step 2100 score: 0.7837
2019-10-23 00:25:09,748 step 2400 train loss: 0.2921
2019-10-23 00:25:09,748 step 2400 score: 0.7720
2019-10-23 00:33:28,869 step 2700 train loss: 0.2712
2019-10-23 00:33:28,869 step 2700 score: 0.7839
2019-10-23 00:41:48,071 step 3000 train loss: 0.2454
2019-10-23 00:41:48,072 step 3000 score: 0.7986
2019-10-23 00:50:07,291 step 3300 train loss: 0.1653
2019-10-23 00:50:07,291 step 3300 score: 0.7876
2019-10-23 00:58:26,515 step 3600 train loss: 0.1600
2019-10-23 00:58:26,515 step 3600 score: 0.7903
2019-10-23 01:06:45,539 step 3900 train loss: 0.1639
2019-10-23 01:06:45,539 step 3900 score: 0.7896
2019-10-23 01:15:04,954 step 4200 train loss: 0.1703
2019-10-23 01:15:04,954 step 4200 score: 0.7914
2019-10-23 01:15:04,955 best score is 0.7986
