2019-10-23 10:04:32,341 log_in_file: True
2019-10-23 10:04:32,342 lm_path: /home/wangzl/PretrainedLM/BERT/New/chinese_wwm_ext_pytorch
2019-10-23 10:04:32,342 lm_type: bert
2019-10-23 10:04:32,342 data_path: ../data/
2019-10-23 10:04:32,342 usegpu: True
2019-10-23 10:04:32,342 use_origin: False
2019-10-23 10:04:32,342 total_step: 1500
2019-10-23 10:04:32,342 eval_every: 150
2019-10-23 10:04:32,342 early_stop: 4
2019-10-23 10:04:32,342 max_length: 360
2019-10-23 10:04:32,342 max_title_rate: 0.125
2019-10-23 10:04:32,342 content_head_rate: 0.6
2019-10-23 10:04:32,342 batch_size: 16
2019-10-23 10:04:32,342 lr_scheduler_type: linear
2019-10-23 10:04:32,342 input_pattern: sentence
2019-10-23 10:04:32,342 clean_method: space+notzh
2019-10-23 10:04:32,342 warmup_rate: 0.1
2019-10-23 10:04:32,342 classifier_dropout: 0.3
2019-10-23 10:04:32,342 classifier_weight_decay: 0.0
2019-10-23 10:04:32,342 cache_final_model: False
2019-10-23 10:04:32,342 seed: 23
2019-10-23 10:04:32,342 lr: 2e-05
2019-10-23 10:04:32,342 lr_decay_in_layers: 0.95
2019-10-23 10:04:32,342 weight_decay: 0.01
2019-10-23 10:04:32,359 padding token is 0
2019-10-23 10:05:05,303 Token Sample: [CLS]_0 长_0 治_0 市_0 城_0 区_0 委_0 副_0 书_0 记_0 、_0 区_0 长_0 杨_0 隽_0 深_0 入_0 天_0 晚_0 集_0 棚_0 户_0 区_0 改_0 造_0 现_0 场_0 [SEP]_0 连_1 日_1 来_1 ，_1 区_1 委_1 副_1 书_1 记_1 、_1 区_1 长_1 杨_1 隽_1 深_1 入_1 天_1 晚_1 集_1 棚_1 户_1 区_1 改_1 造_1 现_1 场_1 ，_1 多_1 次_1 召_1 开_1 改_1 造_1 工_1 作_1 推_1 进_1 会_1 ，_1 安_1 排_1 部_1 署_1 加_1 快_1 推_1 进_1 棚_1 户_1 区_1 改_1 造_1 工_1 作_1 。_1 他_1 强_1 调_1 ，_1 相_1 关_1 部_1 门_1 要_1 进_1 一_1 步_1 增_1 强_1 推_1 进_1 棚_1 户_1 区_1 改_1 造_1 的_1 责_1 任_1 感_1 和_1 紧_1 迫_1 感_1 ，_1 提_1 高_1 认_1 识_1 ，_1 把_1 握_1 时_1 间_1 节_1 点_1 ，_1 精_1 准_1 发_1 力_1 ，_1 全_1 面_1 加_1 快_1 天_1 晚_1 集_1 棚_1 户_1 区_1 改_1 造_1 进_1 度_1 。_1 区_1 委_1 副_1 书_1 记_1 崔_1 云_1 峰_1 ，_1 区_1 委_1 常_1 委_1 、_1 统_1 战_1 部_1 长_1 李_1 飞_1 ，_1 副_1 区_1 长_1 邢_1 张_1 朋_1 参_1 加_1 。_1 天_1 晚_1 集_1 棚_1 户_1 区_1 改_1 造_1 项_1 目_1 是_1 市_1 委_1 、_1 市_1 政_1 府_1 确_1 定_1 的_1 2018_1 年_1 棚_1 户_1 区_1 改_1 造_1 之_1 一_1 ，_1 共_1 涉_1 及_1 我_1 区_1 英_1 雄_1 南_1 路_1 、_1 西_1 街_1 街_1 道_1 两_1 个_1 街_1 道_1 办_1 事_1 处_1 ，_1 涉_1 拆_1 单_1 位_1 9_1 家_1 ，_1 涉_1 迁_1 住_1 户_1 65_1 ##3_1 户_1 。_1 目_1 前_1 ，_1 该_1 棚_1 户_1 区_1 改_1 造_1 各_1 项_1 工_1 作_1 正_1 在_1 紧_1 张_1 有_1 序_1 推_1 进_1 。_1 在_1 天_1 晚_1 集_1 棚_1 户_1 区_1 改_1 造_1 指_1 挥_1 部_1 ，_1 杨_1 隽_1 详_1 细_1 了_1 项_1 目_1 的_1 进_1 展_1 情_1 况_1 、_1 项_1 目_1 规_1 划_1 、_1 房_1 屋_1 征_1 收_1 、_1 居_1 民_1 安_1 置_1 等_1 情_1 况_1 及_1 推_1 进_1 过_1 程_1 中_1 存_1 在_1 的_1 困_1 难_1 和_1 问_1 题_1 ，_1 并_1 给_1 出_1 具_1 体_1 指_1 导_1 意_1 见_1 。_1 杨_1 隽_1 指_1 出_1 ，_1 各_1 相_1 关_1 单_1 位_1 部_1 门_1 一_1 要_1 凝_1 心_1 聚_1 力_1 ，_1 统_1 一_1 思_1 想_1 ，_1 坚_1 定_1 信_1 [SEP]_1
2019-10-23 10:05:30,238 Token Sample: [CLS]_0 攝_0 影_0 師_0 鏡_0 頭_0 記_0 錄_0 德_0 國_0 老_0 橡_0 樹_0 四_0 季_0 輪_0 回_0 景_0 象_0 [SEP]_0 雲_1 南_1 多_1 地_1 通_1 報_1 16_1 起_1 違_1 反_1 中_1 央_1 八_1 項_1 規_1 定_1 精_1 神_1 典_1 型_1 問_1 題_1 人_1 民_1 網_1 昆_1 明_1 2_1 月_1 20_1 日_1 電_1 (_1 程_1 浩_1 )_1 或_1 收_1 受_1 與_1 自_1 己_1 有_1 業_1 務_1 往_1 來_1 的_1 企_1 業_1 人_1 員_1 禮_1 金_1 ，_1 或_1 借_1 培_1 訓_1 之_1 名_1 公_1 款_1 旅_1 游_1 ，_1 或_1 借_1 公_1 務_1 活_1 動_1 之_1 機_1 公_1 車_1 私_1 用_1 ，_1 或_1 巧_1 立_1 名_1 目_1 違_1 規_1 發_1 放_1 津_1 貼_1 補_1 貼_1 ._1 ._1 ._1 ._1 ._1 ._1 近_1 日_1 ，_1 雲_1 南_1 省_1 玉_1 溪_1 市_1 、_1 大_1 理_1 州_1 、_1 紅_1 河_1 州_1 、_1 昭_1 通_1 市_1 紀_1 委_1 監_1 委_1 分_1 別_1 對_1 近_1 期_1 查_1 處_1 的_1 共_1 16_1 起_1 違_1 反_1 中_1 央_1 八_1 項_1 規_1 定_1 精_1 神_1 ._1 ._1 ._1 【_1 詳_1 細_1 】_1 [PAD]_1 [PAD]_1 [PAD]_1 [PAD]_1 [PAD]_1 [PAD]_1 [PAD]_1 [PAD]_1 [PAD]_1 [PAD]_1 [PAD]_1 [PAD]_1 [PAD]_1 [PAD]_1 [PAD]_1 [PAD]_1 [PAD]_1 [PAD]_1 [PAD]_1 [PAD]_1 [PAD]_1 [PAD]_1 [PAD]_1 [PAD]_1 [PAD]_1 [PAD]_1 [PAD]_1 [PAD]_1 [PAD]_1 [PAD]_1 [PAD]_1 [PAD]_1 [PAD]_1 [PAD]_1 [PAD]_1 [PAD]_1 [PAD]_1 [PAD]_1 [PAD]_1 [PAD]_1 [PAD]_1 [PAD]_1 [PAD]_1 [PAD]_1 [PAD]_1 [PAD]_1 [PAD]_1 [PAD]_1 [PAD]_1 [PAD]_1 [PAD]_1 [PAD]_1 [PAD]_1 [PAD]_1 [PAD]_1 [PAD]_1 [PAD]_1 [PAD]_1 [PAD]_1 [PAD]_1 [PAD]_1 [PAD]_1 [PAD]_1 [PAD]_1 [PAD]_1 [PAD]_1 [PAD]_1 [PAD]_1 [PAD]_1 [PAD]_1 [PAD]_1 [PAD]_1 [PAD]_1 [PAD]_1 [PAD]_1 [PAD]_1 [PAD]_1 [PAD]_1 [PAD]_1 [PAD]_1 [PAD]_1 [PAD]_1 [PAD]_1 [PAD]_1 [PAD]_1 [PAD]_1 [PAD]_1 [PAD]_1 [PAD]_1 [PAD]_1 [PAD]_1 [PAD]_1 [PAD]_1 [PAD]_1 [PAD]_1 [PAD]_1 [PAD]_1 [PAD]_1 [PAD]_1 [PAD]_1 [PAD]_1 [PAD]_1 [PAD]_1 [PAD]_1 [PAD]_1 [PAD]_1 [PAD]_1 [PAD]_1 [PAD]_1 [PAD]_1 [PAD]_1 [PAD]_1 [PAD]_1 [PAD]_1 [PAD]_1 [PAD]_1 [PAD]_1 [PAD]_1 [PAD]_1 [PAD]_1 [PAD]_1 [PAD]_1 [PAD]_1 [PAD]_1 [PAD]_1 [PAD]_1 [PAD]_1 [PAD]_1 [PAD]_1 [PAD]_1 [PAD]_1 [PAD]_1 [PAD]_1 [PAD]_1 [PAD]_1 [PAD]_1 [PAD]_1 [PAD]_1 [PAD]_1 [PAD]_1 [PAD]_1 [PAD]_1 [PAD]_1 [PAD]_1 [PAD]_1 [PAD]_1 [PAD]_1 [PAD]_1 [PAD]_1 [PAD]_1 [PAD]_1 [PAD]_1 [PAD]_1 [PAD]_1 [PAD]_1 [PAD]_1 [PAD]_1 [PAD]_1 [PAD]_1 [PAD]_1 [PAD]_1 [PAD]_1 [PAD]_1 [PAD]_1 [PAD]_1 [PAD]_1 [PAD]_1 [PAD]_1 [PAD]_1 [PAD]_1 [PAD]_1 [PAD]_1 [PAD]_1 [PAD]_1 [PAD]_1 [PAD]_1 [PAD]_1 [PAD]_1 [PAD]_1 [PAD]_1 [PAD]_1 [PAD]_1 [PAD]_1 [PAD]_1 [PAD]_1 [PAD]_1 [PAD]_1 [PAD]_1 [SEP]_1
2019-10-23 10:05:55,675 Token Sample: [CLS]_0 [_0 江_0 苏_0 省_0 趣_0 头_0 条_0 ]_0 录_0 音_0 特_0 写_0 :_0 千_0 里_0 边_0 关_0 回_0 声_0 朗_0 朗_0 [UNK]_0 [UNK]_0 边_0 防_0 线_0 上_0 的_0 官_0 兵_0 ._0 ._0 ._0 [SEP]_0 央_1 广_1 网_1 北_1 京_1 11_1 月_1 17_1 日_1 消_1 息_1 (_1 记_1 者_1 朱_1 梁_1 文_1 轩_1 许_1 必_1 成_1 )_1 据_1 中_1 国_1 之_1 声_1 《_1 新_1 闻_1 和_1 报_1 纸_1 摘_1 要_1 》_1 报_1 道_1 ，_1 全_1 军_1 学_1 习_1 贯_1 彻_1 党_1 的_1 十_1 九_1 大_1 精_1 神_1 宣_1 讲_1 团_1 通_1 过_1 视_1 讯_1 系_1 统_1 把_1 十_1 九_1 大_1 精_1 神_1 送_1 上_1 雪_1 域_1 高_1 原_1 ，_1 让_1 身_1 处_1 边_1 防_1 线_1 上_1 的_1 官_1 兵_1 同_1 步_1 聆_1 听_1 专_1 家_1 的_1 解_1 疑_1 释_1 惑_1 。_1 [UNK]_1 各_1 分_1 会_1 场_1 注_1 意_1 ，_1 同_1 志_1 们_1 ，_1 十_1 九_1 大_1 精_1 神_1 宣_1 讲_1 ，_1 今_1 天_1 下_1 午_1 ，_1 军_1 区_1 采_1 取_1 视_1 频_1 连_1 线_1 的_1 方_1 式_1 ，_1 点_1 对_1 点_1 为_1 我_1 们_1 边_1 防_1 一_1 线_1 的_1 官_1 兵_1 解_1 疑_1 释_1 惑_1 ._1 [UNK]_1 这_1 是_1 全_1 军_1 学_1 习_1 贯_1 彻_1 党_1 的_1 十_1 九_1 大_1 精_1 神_1 宣_1 讲_1 团_1 来_1 到_1 新_1 疆_1 军_1 区_1 央_1 广_1 网_1 北_1 京_1 11_1 月_1 17_1 日_1 消_1 息_1 (_1 记_1 者_1 朱_1 梁_1 文_1 轩_1 许_1 必_1 成_1 )_1 据_1 中_1 国_1 之_1 声_1 《_1 新_1 闻_1 和_1 报_1 纸_1 摘_1 要_1 》_1 报_1 道_1 ，_1 全_1 军_1 学_1 习_1 贯_1 彻_1 党_1 的_1 十_1 九_1 大_1 精_1 神_1 宣_1 讲_1 团_1 通_1 过_1 视_1 讯_1 系_1 统_1 把_1 十_1 九_1 大_1 精_1 神_1 送_1 上_1 雪_1 域_1 高_1 原_1 ，_1 让_1 身_1 处_1 边_1 防_1 线_1 上_1 的_1 官_1 兵_1 同_1 步_1 聆_1 听_1 专_1 家_1 的_1 解_1 疑_1 释_1 惑_1 。_1 [UNK]_1 各_1 分_1 会_1 场_1 注_1 意_1 ，_1 同_1 志_1 们_1 ，_1 十_1 九_1 大_1 精_1 神_1 宣_1 讲_1 ，_1 今_1 天_1 下_1 午_1 ，_1 军_1 区_1 采_1 取_1 视_1 频_1 连_1 线_1 的_1 方_1 式_1 ，_1 点_1 对_1 点_1 为_1 我_1 们_1 边_1 防_1 一_1 线_1 的_1 官_1 兵_1 解_1 疑_1 [SEP]_1
2019-10-23 10:06:19,211 Token Sample: [CLS]_0 南_0 平_0 ：_0 开_0 车_0 玩_0 手_0 游_0 分_0 神_0 两_0 车_0 追_0 尾_0 人_0 被_0 困_0 [SEP]_0 接_1 警_1 后_1 ，_1 民_1 警_1 赶_1 赴_1 现_1 场_1 ，_1 并_1 通_1 知_1 消_1 防_1 、_1 医_1 疗_1 等_1 部_1 门_1 前_1 往_1 处_1 置_1 。_1 到_1 达_1 现_1 场_1 后_1 ，_1 民_1 警_1 发_1 现_1 一_1 辆_1 白_1 色_1 中_1 型_1 厢_1 式_1 货_1 车_1 驾_1 驶_1 舱_1 紧_1 紧_1 嵌_1 在_1 前_1 方_1 大_1 型_1 货_1 车_1 的_1 尾_1 部_1 ，_1 车_1 头_1 严_1 重_1 变_1 形_1 ，_1 驾_1 驶_1 员_1 张_1 某_1 意_1 识_1 清_1 醒_1 ，_1 但_1 双_1 腿_1 被_1 夹_1 在_1 货_1 车_1 仪_1 表_1 盘_1 下_1 方_1 ，_1 无_1 法_1 自_1 行_1 脱_1 困_1 。_1 民_1 警_1 随_1 即_1 用_1 随_1 身_1 携_1 带_1 的_1 急_1 救_1 物_1 品_1 为_1 张_1 某_1 实_1 施_1 止_1 血_1 等_1 紧_1 急_1 救_1 治_1 ，_1 安_1 抚_1 其_1 情_1 绪_1 。_1 随_1 后_1 赶_1 到_1 的_1 消_1 防_1 、_1 医_1 疗_1 救_1 援_1 人_1 员_1 及_1 时_1 将_1 张_1 某_1 救_1 出_1 ，_1 并_1 将_1 其_1 送_1 往_1 医_1 院_1 救_1 治_1 。_1 民_1 警_1 在_1 现_1 场_1 对_1 事_1 故_1 进_1 行_1 勘_1 查_1 时_1 ，_1 发_1 现_1 一_1 部_1 运_1 行_1 着_1 网_1 络_1 游_1 戏_1 的_1 手_1 机_1 ，_1 后_1 经_1 确_1 认_1 为_1 张_1 某_1 所_1 有_1 。_1 原_1 来_1 ，_1 在_1 事_1 故_1 发_1 生_1 前_1 ，_1 张_1 某_1 正_1 在_1 玩_1 手_1 机_1 网_1 游_1 ，_1 由_1 于_1 分_1 心_1 未_1 及_1 时_1 发_1 现_1 前_1 方_1 行_1 驶_1 的_1 货_1 车_1 ，_1 才_1 导_1 致_1 车_1 辆_1 追_1 尾_1 ，_1 自_1 己_1 被_1 卡_1 车_1 内_1 。_1 （_1 卢_1 国_1 华_1 李_1 嘉_1 肖_1 硕_1 ）_1 返_1 回_1 文_1 章_1 首_1 页_1 下_1 一_1 篇_1 ：_1 三_1 车_1 相_1 撞_1 人_1 被_1 困_1 三_1 明_1 消_1 防_1 速_1 救_1 援_1 [PAD]_1 [PAD]_1 [PAD]_1 [PAD]_1 [PAD]_1 [PAD]_1 [PAD]_1 [PAD]_1 [PAD]_1 [PAD]_1 [PAD]_1 [PAD]_1 [PAD]_1 [PAD]_1 [PAD]_1 [PAD]_1 [PAD]_1 [PAD]_1 [PAD]_1 [PAD]_1 [PAD]_1 [PAD]_1 [PAD]_1 [PAD]_1 [PAD]_1 [PAD]_1 [PAD]_1 [PAD]_1 [PAD]_1 [PAD]_1 [PAD]_1 [PAD]_1 [PAD]_1 [PAD]_1 [PAD]_1 [PAD]_1 [PAD]_1 [PAD]_1 [PAD]_1 [PAD]_1 [PAD]_1 [PAD]_1 [PAD]_1 [PAD]_1 [PAD]_1 [PAD]_1 [PAD]_1 [PAD]_1 [PAD]_1 [SEP]_1
2019-10-23 10:06:28,615 seed everything and create model
2019-10-23 10:08:16,900 step 150 train loss: 0.5826
2019-10-23 10:08:16,900 step 150 score: 0.7640
2019-10-23 10:10:01,047 step 300 train loss: 0.4100
2019-10-23 10:10:01,047 step 300 score: 0.7742
2019-10-23 10:11:45,208 step 450 train loss: 0.3403
2019-10-23 10:11:45,208 step 450 score: 0.7650
2019-10-23 10:13:29,351 step 600 train loss: 0.3099
2019-10-23 10:13:29,351 step 600 score: 0.7964
2019-10-23 10:15:13,513 step 750 train loss: 0.2813
2019-10-23 10:15:13,513 step 750 score: 0.7981
2019-10-23 10:16:57,665 step 900 train loss: 0.2235
2019-10-23 10:16:57,665 step 900 score: 0.7801
2019-10-23 10:18:41,805 step 1050 train loss: 0.2320
2019-10-23 10:18:41,805 step 1050 score: 0.7824
2019-10-23 10:20:25,952 step 1200 train loss: 0.2105
2019-10-23 10:20:25,952 step 1200 score: 0.7955
2019-10-23 10:22:10,102 step 1350 train loss: 0.1570
2019-10-23 10:22:10,102 step 1350 score: 0.7855
2019-10-23 10:23:54,250 step 1500 train loss: 0.1647
2019-10-23 10:23:54,250 step 1500 score: 0.7883
2019-10-23 10:23:54,251 best score is 0.7981
