2019-10-16 18:21:09,166 log_in_file: True
2019-10-16 18:21:09,166 bert_path: /home/wangzl/PretrainedLM/BERT/New/chinese_wwm_ext_pytorch
2019-10-16 18:21:09,166 data_path: ../data/
2019-10-16 18:21:09,166 usegpu: True
2019-10-16 18:21:09,166 use_origin: False
2019-10-16 18:21:09,166 total_step: 1250
2019-10-16 18:21:09,166 eval_every: 125
2019-10-16 18:21:09,167 early_stop: 4
2019-10-16 18:21:09,167 max_length: 360
2019-10-16 18:21:09,167 max_title_rate: 0.125
2019-10-16 18:21:09,167 content_head_rate: 0.6
2019-10-16 18:21:09,167 batch_size: 16
2019-10-16 18:21:09,167 lr_scheduler_type: linear
2019-10-16 18:21:09,167 input_pattern: head+tail+dynamic
2019-10-16 18:21:09,167 clean_method: space+notzh
2019-10-16 18:21:09,167 warmup_rate: 0.1
2019-10-16 18:21:09,167 classifier_dropout: 0.3
2019-10-16 18:21:09,167 classifier_weight_decay: 0.0
2019-10-16 18:21:09,167 cache_final_model: False
2019-10-16 18:21:09,167 seed: 23
2019-10-16 18:21:09,167 lr: 2e-05
2019-10-16 18:21:09,167 lr_decay_in_layers: 0.95
2019-10-16 18:21:09,167 weight_decay: 0.01
2019-10-16 18:21:37,176 Token Sample: [CLS]_0 北_0 京_0 市_0 妇_0 女_0 儿_0 童_0 发_0 展_0 研_0 究_0 专_0 家_0 库_0 建_0 立_0 [SEP]_0 光_1 明_1 网_1 讯_1 (_1 李_1 政_1 葳_1 )_1 22_1 日_1 ，_1 北_1 京_1 市_1 妇_1 儿_1 工_1 委_1 办_1 公_1 室_1 与_1 具_1 备_1 妇_1 女_1 和_1 儿_1 童_1 学_1 科_1 研_1 究_1 优_1 势_1 的_1 中_1 华_1 女_1 子_1 学_1 院_1 和_1 首_1 都_1 师_1 范_1 大_1 学_1 ，_1 签_1 订_1 北_1 京_1 市_1 妇_1 女_1 儿_1 童_1 发_1 展_1 研_1 究_1 基_1 地_1 合_1 作_1 协_1 议_1 ;_1 并_1 面_1 向_1 在_1 京_1 高_1 校_1 、_1 科_1 研_1 院_1 所_1 、_1 党_1 政_1 机_1 关_1 、_1 企_1 业_1 和_1 社_1 会_1 组_1 织_1 等_1 ，_1 围_1 绕_1 妇_1 女_1 参_1 与_1 决_1 策_1 和_1 管_1 理_1 、_1 妇_1 女_1 与_1 经_1 济_1 、_1 妇_1 女_1 儿_1 童_1 与_1 健_1 康_1 、_1 妇_1 女_1 儿_1 童_1 与_1 教_1 育_1 等_1 领_1 域_1 ，_1 聘_1 请_1 111_1 名_1 研_1 究_1 妇_1 女_1 儿_1 童_1 发_1 展_1 的_1 专_1 家_1 ，_1 组_1 建_1 了_1 北_1 京_1 市_1 [UNK]_1 十_1 三_1 五_1 [UNK]_1 时_1 期_1 妇_1 女_1 儿_1 童_1 发_1 展_1 研_1 究_1 专_1 家_1 库_1 。_1 就_1 进_1 一_1 步_1 做_1 好_1 妇_1 女_1 儿_1 童_1 发_1 展_1 研_1 究_1 工_1 作_1 ，_1 北_1 京_1 市_1 妇_1 儿_1 工_1 委_1 副_1 主_1 任_1 、_1 [SEP]_1 二_1 是_1 聚_1 焦_1 服_1 务_1 现_1 实_1 需_1 求_1 ，_1 从_1 成_1 果_1 转_1 化_1 上_1 延_1 伸_1 ，_1 着_1 力_1 解_1 决_1 发_1 展_1 中_1 的_1 问_1 题_1 、_1 着_1 力_1 做_1 好_1 前_1 瞻_1 性_1 研_1 究_1 、_1 着_1 力_1 加_1 大_1 启_1 智_1 育_1 人_1 力_1 度_1 ，_1 增_1 强_1 研_1 究_1 的_1 有_1 效_1 性_1 ;_1 三_1 是_1 聚_1 焦_1 建_1 立_1 良_1 性_1 运_1 转_1 机_1 制_1 ，_1 从_1 创_1 新_1 方_1 式_1 方_1 法_1 上_1 融_1 合_1 ，_1 在_1 研_1 究_1 的_1 方_1 向_1 上_1 坚_1 持_1 党_1 的_1 领_1 导_1 ，_1 在_1 研_1 究_1 的_1 方_1 式_1 上_1 坚_1 持_1 联_1 合_1 研_1 究_1 ，_1 在_1 研_1 究_1 的_1 方_1 法_1 上_1 坚_1 持_1 与_1 时_1 俱_1 进_1 ，_1 提_1 升_1 研_1 究_1 的_1 协_1 同_1 性_1 。_1 [SEP]_1
2019-10-16 18:22:15,306 Token Sample: [CLS]_0 沭_0 阳_0 一_0 女_0 子_0 干_0 缺_0 德_0 事_0 ，_0 被_0 抓_0 ！_0 [SEP]_0 一_1 、_1 凡_1 实_1 施_1 黑_1 恶_1 势_1 力_1 违_1 法_1 犯_1 罪_1 的_1 人_1 员_1 ，_1 必_1 须_1 立_1 即_1 停_1 止_1 一_1 切_1 违_1 法_1 犯_1 罪_1 活_1 动_1 。_1 自_1 本_1 通_1 告_1 发_1 布_1 之_1 日_1 起_1 至_1 2018_1 年_1 12_1 月_1 31_1 日_1 ，_1 凡_1 主_1 动_1 投_1 案_1 自_1 首_1 、_1 如_1 实_1 供_1 述_1 自_1 己_1 罪_1 行_1 的_1 ，_1 可_1 以_1 依_1 法_1 从_1 轻_1 或_1 者_1 减_1 轻_1 处_1 罚_1 。_1 犯_1 罪_1 情_1 节_1 较_1 轻_1 的_1 ，_1 依_1 法_1 可_1 以_1 免_1 除_1 处_1 罚_1 。_1 在_1 此_1 规_1 定_1 期_1 限_1 内_1 拒_1 不_1 投_1 案_1 自_1 首_1 、_1 继_1 续_1 为_1 非_1 作_1 恶_1 的_1 ，_1 将_1 依_1 法_1 从_1 严_1 惩_1 处_1 。_1 二_1 、_1 凡_1 为_1 黑_1 恶_1 势_1 力_1 违_1 法_1 犯_1 罪_1 充_1 当_1 [UNK]_1 保_1 护_1 伞_1 [UNK]_1 或_1 有_1 其_1 它_1 涉_1 黑_1 涉_1 恶_1 腐_1 败_1 问_1 题_1 的_1 公_1 职_1 人_1 员_1 ，_1 在_1 通_1 告_1 规_1 定_1 期_1 限_1 内_1 主_1 动_1 向_1 监_1 察_1 委_1 员_1 会_1 、_1 公_1 安_1 机_1 关_1 等_1 有_1 关_1 部_1 门_1 交_1 代_1 问_1 题_1 、_1 供_1 述_1 罪_1 行_1 的_1 ，_1 依_1 法_1 可_1 以_1 从_1 [SEP]_1 1860_1 ##8_1 号_1 民_1 事_1 判_1 决_1 书_1 ，_1 法_1 院_1 判_1 决_1 被_1 告_1 魏_1 某_1 某_1 、_1 张_1 某_1 某_1 、_1 蒋_1 广_1 西_1 、_1 徐_1 某_1 于_1 该_1 判_1 决_1 发_1 生_1 法_1 律_1 效_1 力_1 之_1 日_1 起_1 10_1 日_1 内_1 归_1 还_1 原_1 告_1 张_1 某_1 伟_1 借_1 款_1 495_1 ##00_1 元_1 及_1 利_1 息_1 。_1 该_1 案_1 进_1 入_1 强_1 制_1 执_1 行_1 程_1 序_1 后_1 ，_1 被_1 执_1 行_1 人_1 蒋_1 广_1 西_1 未_1 如_1 期_1 履_1 行_1 法_1 定_1 义_1 务_1 ，_1 躲_1 避_1 法_1 院_1 执_1 行_1 ，_1 我_1 院_1 于_1 2018_1 年_1 8_1 月_1 9_1 日_1 ，_1 在_1 车_1 管_1 所_1 对_1 蒋_1 广_1 西_1 所_1 有_1 的_1 苏_1 nt_1 ##p_1 ##35_1 ##9_1 车_1 辆_1 予_1 以_1 查_1 封_1 （_1 未_1 实_1 际_1 控_1 制_1 ）_1 。_1 [SEP]_1
2019-10-16 18:22:33,395 Token Sample: [CLS]_0 苍_0 山_0 吧_0 的_0 兄_0 弟_0 们_0 ，_0 看_0 黄_0 ?_0 播_0 了_0 ，_0 叫_0 我_0 雷_0 锋_0 北_0 狮_0 王_0 缓_0 缓_0 起_0 身_0 ，_0 深_0 [SEP]_0 安_1 卓_1 下_1 载_1 注_1 意_1 ：_1 如_1 果_1 不_1 能_1 下_1 载_1 就_1 复_1 制_1 到_1 浏_1 览_1 器_1 [SEP]_1 [PAD]_1 [PAD]_1 [PAD]_1 [PAD]_1 [PAD]_1 [PAD]_1 [PAD]_1 [PAD]_1 [PAD]_1 [PAD]_1 [PAD]_1 [PAD]_1 [PAD]_1 [PAD]_1 [PAD]_1 [PAD]_1 [PAD]_1 [PAD]_1 [PAD]_1 [PAD]_1 [PAD]_1 [PAD]_1 [PAD]_1 [PAD]_1 [PAD]_1 [PAD]_1 [PAD]_1 [PAD]_1 [PAD]_1 [PAD]_1 [PAD]_1 [PAD]_1 [PAD]_1 [PAD]_1 [PAD]_1 [PAD]_1 [PAD]_1 [PAD]_1 [PAD]_1 [PAD]_1 [PAD]_1 [PAD]_1 [PAD]_1 [PAD]_1 [PAD]_1 [PAD]_1 [PAD]_1 [PAD]_1 [PAD]_1 [PAD]_1 [PAD]_1 [PAD]_1 [PAD]_1 [PAD]_1 [PAD]_1 [PAD]_1 [PAD]_1 [PAD]_1 [PAD]_1 [PAD]_1 [PAD]_1 [PAD]_1 [PAD]_1 [PAD]_1 [PAD]_1 [PAD]_1 [PAD]_1 [PAD]_1 [PAD]_1 [PAD]_1 [PAD]_1 [PAD]_1 [PAD]_1 [PAD]_1 [PAD]_1 [PAD]_1 [PAD]_1 [PAD]_1 [PAD]_1 [PAD]_1 [PAD]_1 [PAD]_1 [PAD]_1 [PAD]_1 [PAD]_1 [PAD]_1 [PAD]_1 [PAD]_1 [PAD]_1 [PAD]_1 [PAD]_1 [PAD]_1 [PAD]_1 [PAD]_1 [PAD]_1 [PAD]_1 [PAD]_1 [PAD]_1 [PAD]_1 [PAD]_1 [PAD]_1 [PAD]_1 [PAD]_1 [PAD]_1 [PAD]_1 [PAD]_1 [PAD]_1 [PAD]_1 [PAD]_1 [PAD]_1 [PAD]_1 [PAD]_1 [PAD]_1 [PAD]_1 [PAD]_1 [PAD]_1 [PAD]_1 [PAD]_1 [PAD]_1 [PAD]_1 [PAD]_1 [PAD]_1 [PAD]_1 [PAD]_1 [PAD]_1 [PAD]_1 [PAD]_1 [PAD]_1 [PAD]_1 [PAD]_1 [PAD]_1 [PAD]_1 [PAD]_1 [PAD]_1 [PAD]_1 [PAD]_1 [PAD]_1 [PAD]_1 [PAD]_1 [PAD]_1 [PAD]_1 [PAD]_1 [PAD]_1 [PAD]_1 [PAD]_1 [PAD]_1 [PAD]_1 [PAD]_1 [PAD]_1 [PAD]_1 [PAD]_1 [PAD]_1 [PAD]_1 [PAD]_1 [PAD]_1 [PAD]_1 [PAD]_1 [PAD]_1 [PAD]_1 [PAD]_1 [PAD]_1 [PAD]_1 [PAD]_1 [PAD]_1 [PAD]_1 [PAD]_1 [PAD]_1 [PAD]_1 [PAD]_1 [PAD]_1 [PAD]_1 [PAD]_1 [PAD]_1 [PAD]_1 [PAD]_1 [PAD]_1 [PAD]_1 [PAD]_1 [PAD]_1 [PAD]_1 [PAD]_1 [PAD]_1 [PAD]_1 [PAD]_1 [PAD]_1 [PAD]_1 [PAD]_1 [PAD]_1 [PAD]_1 [PAD]_1 [PAD]_1 [PAD]_1 [PAD]_1 [PAD]_1 [PAD]_1 [PAD]_1 [PAD]_1 [PAD]_1 [PAD]_1 [PAD]_1 [PAD]_1 [PAD]_1 [PAD]_1 [PAD]_1 [PAD]_1 [PAD]_1 [PAD]_1 [PAD]_1 [PAD]_1 [PAD]_1 [PAD]_1 [PAD]_1 [PAD]_1 [PAD]_1 [PAD]_1 [PAD]_1 [PAD]_1 [PAD]_1 [PAD]_1 [PAD]_1 [PAD]_1 [PAD]_1 [PAD]_1 [PAD]_1 [PAD]_1 [PAD]_1 [PAD]_1 [PAD]_1 [PAD]_1 [PAD]_1 [PAD]_1 [PAD]_1 [PAD]_1 [PAD]_1 [PAD]_1 [PAD]_1 [PAD]_1 [PAD]_1 [PAD]_1 [PAD]_1 [PAD]_1 [PAD]_1 [PAD]_1 [PAD]_1 [PAD]_1 [PAD]_1 [PAD]_1 [PAD]_1 [PAD]_1 [PAD]_1 [PAD]_1 [PAD]_1 [PAD]_1 [PAD]_1 [PAD]_1 [PAD]_1 [PAD]_1 [PAD]_1 [PAD]_1 [PAD]_1 [PAD]_1 [PAD]_1 [PAD]_1 [PAD]_1 [PAD]_1 [PAD]_1 [PAD]_1 [PAD]_1 [PAD]_1 [PAD]_1 [PAD]_1 [PAD]_1 [PAD]_1 [PAD]_1 [PAD]_1 [PAD]_1 [PAD]_1 [PAD]_1 [PAD]_1 [PAD]_1 [PAD]_1 [PAD]_1 [PAD]_1 [PAD]_1 [PAD]_1 [PAD]_1 [PAD]_1 [PAD]_1 [PAD]_1 [PAD]_1 [PAD]_1 [PAD]_1 [PAD]_1 [PAD]_1 [PAD]_1 [PAD]_1 [PAD]_1 [PAD]_1 [PAD]_1 [PAD]_1 [PAD]_1 [PAD]_1 [PAD]_1 [PAD]_1 [PAD]_1 [PAD]_1 [PAD]_1 [PAD]_1 [PAD]_1 [PAD]_1
2019-10-16 18:22:43,280 seed everything and create model
2019-10-16 18:24:18,687 step 125 train loss: 0.6021
2019-10-16 18:24:18,687 step 125 score: 0.7499
2019-10-16 18:25:49,148 step 250 train loss: 0.4195
2019-10-16 18:25:49,148 step 250 score: 0.7742
2019-10-16 18:27:19,611 step 375 train loss: 0.3827
2019-10-16 18:27:19,611 step 375 score: 0.7792
2019-10-16 18:28:50,093 step 500 train loss: 0.3341
2019-10-16 18:28:50,093 step 500 score: 0.7809
2019-10-16 18:30:20,554 step 625 train loss: 0.2879
2019-10-16 18:30:20,554 step 625 score: 0.7713
2019-10-16 18:31:51,007 step 750 train loss: 0.3041
2019-10-16 18:31:51,007 step 750 score: 0.7865
2019-10-16 18:33:21,479 step 875 train loss: 0.2297
2019-10-16 18:33:21,479 step 875 score: 0.7841
2019-10-16 18:34:51,934 step 1000 train loss: 0.2427
2019-10-16 18:34:51,934 step 1000 score: 0.7842
2019-10-16 18:36:22,376 step 1125 train loss: 0.2426
2019-10-16 18:36:22,376 step 1125 score: 0.7793
2019-10-16 18:37:52,838 step 1250 train loss: 0.2047
2019-10-16 18:37:52,838 step 1250 score: 0.7924
2019-10-16 18:37:52,847 best score is 0.7924
