2019-10-25 09:09:26,592 log_in_file: True
2019-10-25 09:09:26,592 lm_path: /home/wangzl/PretrainedLM/BERT/New/chinese_wwm_ext_pytorch
2019-10-25 09:09:26,592 lm_type: bert
2019-10-25 09:09:26,592 data_path: ../data/
2019-10-25 09:09:26,592 usegpu: True
2019-10-25 09:09:26,593 use_origin: False
2019-10-25 09:09:26,593 total_step: 1500
2019-10-25 09:09:26,593 eval_every: 150
2019-10-25 09:09:26,593 early_stop: 4
2019-10-25 09:09:26,593 max_length: 360
2019-10-25 09:09:26,593 max_title_rate: 0.125
2019-10-25 09:09:26,593 content_head_rate: 0.6
2019-10-25 09:09:26,593 batch_size: 16
2019-10-25 09:09:26,593 lr_scheduler_type: linear
2019-10-25 09:09:26,593 input_pattern: head+tail+fixed
2019-10-25 09:09:26,593 clean_method: space+notzh
2019-10-25 09:09:26,593 warmup_rate: 0.1
2019-10-25 09:09:26,593 classifier_dropout: 0.3
2019-10-25 09:09:26,593 classifier_weight_decay: 0.0
2019-10-25 09:09:26,593 cache_final_model: False
2019-10-25 09:09:26,593 seed: 23
2019-10-25 09:09:26,593 lr: 2e-05
2019-10-25 09:09:26,593 lr_decay_in_layers: 0.95
2019-10-25 09:09:26,593 weight_decay: 0.01
2019-10-25 09:09:26,610 padding token is 0
2019-10-25 09:09:51,926 Token Sample: [CLS]_0 命_0 理_0 中_0 有_0 什_0 么_0 样_0 的_0 女_0 人_0 婚_0 姻_0 难_0 顺_0 心_0 呢_0 ？_0 [PAD]_0 [PAD]_0 [PAD]_0 [PAD]_0 [PAD]_0 [PAD]_0 [PAD]_0 [PAD]_0 [PAD]_0 [PAD]_0 [PAD]_0 [PAD]_0 [PAD]_0 [PAD]_0 [PAD]_0 [PAD]_0 [PAD]_0 [PAD]_0 [PAD]_0 [PAD]_0 [PAD]_0 [PAD]_0 [PAD]_0 [PAD]_0 [PAD]_0 [PAD]_0 [PAD]_0 [PAD]_0 [SEP]_0 1_1 、_1 命_1 局_1 中_1 伤_1 官_1 见_1 官_1 的_1 女_1 人_1 正_1 官_1 代_1 表_1 女_1 命_1 的_1 丈_1 夫_1 ，_1 而_1 伤_1 官_1 克_1 正_1 官_1 的_1 女_1 人_1 ，_1 打_1 心_1 底_1 就_1 瞧_1 不_1 起_1 丈_1 夫_1 ，_1 整_1 天_1 对_1 丈_1 夫_1 瞪_1 眼_1 挤_1 眉_1 ，_1 令_1 丈_1 夫_1 心_1 寒_1 ，_1 不_1 利_1 婚_1 姻_1 ，_1 易_1 婚_1 变_1 。_1 2_1 、_1 正_1 官_1 星_1 入_1 墓_1 的_1 女_1 人_1 墓_1 ，_1 坟_1 墓_1 也_1 ！_1 正_1 官_1 星_1 入_1 墓_1 的_1 女_1 人_1 ，_1 特_1 别_1 是_1 日_1 支_1 坐_1 墓_1 者_1 ，_1 有_1 中_1 年_1 丧_1 偶_1 之_1 痛_1 ，_1 代_1 表_1 主_1 丈_1 夫_1 难_1 得_1 善_1 终_1 ，_1 有_1 突_1 然_1 死_1 亡_1 之_1 象_1 ，_1 所_1 以_1 正_1 官_1 星_1 入_1 墓_1 的_1 女_1 人_1 ，_1 克_1 夫_1 。_1 3_1 、_1 日_1 支_1 婚_1 姻_1 宫_1 坐_1 伤_1 官_1 的_1 女_1 人_1 日_1 支_1 婚_1 姻_1 宫_1 坐_1 伤_1 官_1 的_1 女_1 人_1 ，_1 不_1 论_1 喜_1 忌_1 ，_1 均_1 主_1 克_1 夫_1 。_1 因_1 为_1 ，_1 伤_1 官_1 本_1 来_1 就_1 是_1 克_1 正_1 官_1 的_1 [SEP]_1 先_1 天_1 存_1 在_1 婚_1 姻_1 难_1 顺_1 信_1 息_1 明_1 显_1 。_1 再_1 者_1 ，_1 此_1 造_1 日_1 支_1 坐_1 戌_1 土_1 官_1 杀_1 之_1 墓_1 ，_1 命_1 局_1 官_1 星_1 入_1 墓_1 ，_1 根_1 据_1 上_1 述_1 理_1 论_1 第_1 二_1 点_1 ，_1 也_1 是_1 克_1 夫_1 的_1 象_1 征_1 。_1 综_1 合_1 可_1 知_1 ，_1 此_1 命_1 确_1 实_1 存_1 在_1 婚_1 变_1 、_1 克_1 夫_1 信_1 息_1 。_1 若_1 早_1 婚_1 ，_1 肯_1 定_1 会_1 有_1 离_1 婚_1 之_1 事_1 ，_1 建_1 议_1 晚_1 婚_1 为_1 宜_1 。_1 故_1 万_1 般_1 皆_1 是_1 命_1 ，_1 半_1 点_1 不_1 由_1 人_1 。_1 有_1 问_1 题_1 留_1 言_1 或_1 私_1 信_1 ，_1 老_1 师_1 给_1 您_1 解_1 疑_1 答_1 惑_1 [SEP]_1
2019-10-25 09:10:08,185 Token Sample: [CLS]_0 2019_0 年_0 春_0 运_0 ｜_0 高_0 速_0 公_0 路_0 服_0 务_0 区_0 指_0 南_0 [PAD]_0 [PAD]_0 [PAD]_0 [PAD]_0 [PAD]_0 [PAD]_0 [PAD]_0 [PAD]_0 [PAD]_0 [PAD]_0 [PAD]_0 [PAD]_0 [PAD]_0 [PAD]_0 [PAD]_0 [PAD]_0 [PAD]_0 [PAD]_0 [PAD]_0 [PAD]_0 [PAD]_0 [PAD]_0 [PAD]_0 [PAD]_0 [PAD]_0 [PAD]_0 [PAD]_0 [PAD]_0 [PAD]_0 [PAD]_0 [PAD]_0 [SEP]_0 春_1 运_1 大_1 幕_1 已_1 经_1 拉_1 开_1 ，_1 不_1 少_1 司_1 机_1 可_1 能_1 是_1 第_1 一_1 次_1 自_1 己_1 驾_1 车_1 踏_1 上_1 回_1 家_1 的_1 路_1 。_1 车_1 辆_1 驶_1 入_1 高_1 速_1 公_1 路_1 服_1 务_1 区_1 时_1 应_1 当_1 注_1 意_1 什_1 么_1 ，_1 今_1 天_1 小_1 编_1 就_1 为_1 您_1 盘_1 点_1 一_1 下_1 。_1 【_1 平_1 安_1 春_1 运_1 ·_1 交_1 警_1 同_1 行_1 】_1 货_1 运_1 驾_1 驶_1 人_1 篇_1 之_1 杜_1 绝_1 超_1 速_1 行_1 驶_1 好_1 看_1 你_1 就_1 点_1 点_1 我_1 [PAD]_1 [PAD]_1 [PAD]_1 [PAD]_1 [PAD]_1 [PAD]_1 [PAD]_1 [PAD]_1 [PAD]_1 [PAD]_1 [PAD]_1 [PAD]_1 [PAD]_1 [PAD]_1 [PAD]_1 [PAD]_1 [PAD]_1 [PAD]_1 [PAD]_1 [PAD]_1 [PAD]_1 [PAD]_1 [PAD]_1 [PAD]_1 [PAD]_1 [PAD]_1 [PAD]_1 [PAD]_1 [PAD]_1 [PAD]_1 [PAD]_1 [PAD]_1 [PAD]_1 [PAD]_1 [PAD]_1 [PAD]_1 [PAD]_1 [PAD]_1 [PAD]_1 [PAD]_1 [PAD]_1 [PAD]_1 [PAD]_1 [PAD]_1 [PAD]_1 [PAD]_1 [PAD]_1 [PAD]_1 [PAD]_1 [PAD]_1 [PAD]_1 [PAD]_1 [PAD]_1 [PAD]_1 [PAD]_1 [PAD]_1 [PAD]_1 [PAD]_1 [PAD]_1 [PAD]_1 [PAD]_1 [PAD]_1 [PAD]_1 [PAD]_1 [PAD]_1 [PAD]_1 [PAD]_1 [PAD]_1 [PAD]_1 [PAD]_1 [PAD]_1 [PAD]_1 [PAD]_1 [PAD]_1 [PAD]_1 [PAD]_1 [PAD]_1 [PAD]_1 [PAD]_1 [PAD]_1 [PAD]_1 [PAD]_1 [PAD]_1 [PAD]_1 [PAD]_1 [PAD]_1 [PAD]_1 [PAD]_1 [PAD]_1 [PAD]_1 [PAD]_1 [PAD]_1 [PAD]_1 [PAD]_1 [PAD]_1 [PAD]_1 [PAD]_1 [SEP]_1 [PAD]_1 [PAD]_1 [PAD]_1 [PAD]_1 [PAD]_1 [PAD]_1 [PAD]_1 [PAD]_1 [PAD]_1 [PAD]_1 [PAD]_1 [PAD]_1 [PAD]_1 [PAD]_1 [PAD]_1 [PAD]_1 [PAD]_1 [PAD]_1 [PAD]_1 [PAD]_1 [PAD]_1 [PAD]_1 [PAD]_1 [PAD]_1 [PAD]_1 [PAD]_1 [PAD]_1 [PAD]_1 [PAD]_1 [PAD]_1 春_1 运_1 大_1 幕_1 已_1 经_1 拉_1 开_1 ，_1 不_1 少_1 司_1 机_1 可_1 能_1 是_1 第_1 一_1 次_1 自_1 己_1 驾_1 车_1 踏_1 上_1 回_1 家_1 的_1 路_1 。_1 车_1 辆_1 驶_1 入_1 高_1 速_1 公_1 路_1 服_1 务_1 区_1 时_1 应_1 当_1 注_1 意_1 什_1 么_1 ，_1 今_1 天_1 小_1 编_1 就_1 为_1 您_1 盘_1 点_1 一_1 下_1 。_1 【_1 平_1 安_1 春_1 运_1 ·_1 交_1 警_1 同_1 行_1 】_1 货_1 运_1 驾_1 驶_1 人_1 篇_1 之_1 杜_1 绝_1 超_1 速_1 行_1 驶_1 好_1 看_1 你_1 就_1 点_1 点_1 我_1 [SEP]_1
2019-10-25 09:10:31,429 Token Sample: [CLS]_0 洋_0 县_0 回_0 龙_0 村_0 换_0 新_0 电_0 表_0 每_0 户_0 交_0 70_0 元_0 镇_0 纪_0 委_0 ：_0 将_0 介_0 入_0 调_0 查_0 [PAD]_0 [PAD]_0 [PAD]_0 [PAD]_0 [PAD]_0 [PAD]_0 [PAD]_0 [PAD]_0 [PAD]_0 [PAD]_0 [PAD]_0 [PAD]_0 [PAD]_0 [PAD]_0 [PAD]_0 [PAD]_0 [PAD]_0 [PAD]_0 [PAD]_0 [PAD]_0 [PAD]_0 [PAD]_0 [SEP]_0 核_1 心_1 提_1 示_1 :_1 最_1 近_1 ，_1 汉_1 中_1 洋_1 县_1 谢_1 村_1 镇_1 回_1 龙_1 村_1 村_1 民_1 遇_1 到_1 了_1 一_1 件_1 让_1 他_1 们_1 觉_1 得_1 奇_1 怪_1 的_1 事_1 ，_1 村_1 里_1 的_1 老_1 式_1 电_1 表_1 要_1 换_1 成_1 新_1 的_1 插_1 卡_1 式_1 电_1 表_1 ，_1 电_1 力_1 部_1 门_1 不_1 收_1 取_1 任_1 何_1 费_1 用_1 ，_1 但_1 村_1 里_1 却_1 向_1 每_1 户_1 收_1 了_1 70_1 元_1 钱_1 ，_1 不_1 交_1 还_1 不_1 给_1 供_1 电_1 ，_1 对_1 于_1 这_1 样_1 的_1 事_1 村_1 民_1 们_1 有_1 些_1 难_1 以_1 接_1 受_1 。_1 陕_1 西_1 网_1 讯_1 (_1 记_1 者_1 石_1 林_1 实_1 习_1 记_1 者_1 曹_1 彦_1 强_1 )_1 最_1 近_1 ，_1 汉_1 中_1 洋_1 县_1 谢_1 村_1 镇_1 回_1 龙_1 村_1 村_1 民_1 遇_1 到_1 了_1 一_1 件_1 让_1 他_1 们_1 觉_1 得_1 奇_1 怪_1 的_1 事_1 ，_1 村_1 里_1 的_1 老_1 式_1 电_1 表_1 要_1 换_1 成_1 新_1 的_1 插_1 卡_1 式_1 电_1 表_1 ，_1 电_1 力_1 部_1 门_1 不_1 收_1 取_1 任_1 何_1 费_1 用_1 ，_1 但_1 村_1 里_1 却_1 向_1 每_1 户_1 收_1 了_1 70_1 [SEP]_1 下_1 午_1 ，_1 陕_1 西_1 网_1 记_1 者_1 来_1 到_1 洋_1 县_1 谢_1 村_1 镇_1 政_1 府_1 ，_1 镇_1 党_1 委_1 书_1 记_1 白_1 光_1 洁_1 表_1 示_1 ，_1 到_1 目_1 前_1 为_1 止_1 ，_1 镇_1 上_1 没_1 有_1 接_1 到_1 回_1 龙_1 村_1 电_1 表_1 更_1 换_1 收_1 费_1 的_1 情_1 况_1 汇_1 报_1 和_1 请_1 示_1 ，_1 也_1 没_1 有_1 接_1 到_1 群_1 众_1 举_1 报_1 。_1 镇_1 上_1 对_1 此_1 事_1 高_1 度_1 重_1 视_1 ，_1 立_1 即_1 安_1 排_1 镇_1 纪_1 委_1 认_1 真_1 调_1 查_1 ，_1 调_1 查_1 结_1 果_1 将_1 向_1 社_1 会_1 公_1 布_1 。_1 依_1 据_1 调_1 查_1 结_1 果_1 ，_1 对_1 相_1 关_1 责_1 任_1 人_1 依_1 法_1 依_1 规_1 处_1 理_1 。_1 [SEP]_1
2019-10-25 09:10:48,767 Token Sample: [CLS]_0 在_0 杭_0 州_0 上_0 学_0 ，_0 没_0 钱_0 是_0 一_0 种_0 怎_0 样_0 的_0 体_0 验_0 ？_0 [PAD]_0 [PAD]_0 [PAD]_0 [PAD]_0 [PAD]_0 [PAD]_0 [PAD]_0 [PAD]_0 [PAD]_0 [PAD]_0 [PAD]_0 [PAD]_0 [PAD]_0 [PAD]_0 [PAD]_0 [PAD]_0 [PAD]_0 [PAD]_0 [PAD]_0 [PAD]_0 [PAD]_0 [PAD]_0 [PAD]_0 [PAD]_0 [PAD]_0 [PAD]_0 [PAD]_0 [PAD]_0 [SEP]_0 还_1 有_1 [UNK]_1 挥_1 金_1 如_1 土_1 [UNK]_1 的_1 小_1 资_1 生_1 活_1 以_1 及_1 蚂_1 蚁_1 花_1 呗_1 账_1 单_1 感_1 觉_1 自_1 己_1 每_1 个_1 月_1 总_1 是_1 在_1 月_1 初_1 有_1 钱_1 月_1 中_1 花_1 呗_1 月_1 末_1 吃_1 土_1 中_1 循_1 环_1 今_1 晚_1 我_1 们_1 就_1 一_1 起_1 来_1 聊_1 聊_1 在_1 杭_1 州_1 上_1 学_1 ，_1 没_1 钱_1 是_1 种_1 怎_1 样_1 的_1 体_1 验_1 ？_1 01_1 遇_1 到_1 喜_1 欢_1 的_1 人_1 不_1 敢_1 追_1 比_1 经_1 过_1 了_1 最_1 天_1 真_1 的_1 年_1 纪_1 明_1 白_1 了_1 只_1 有_1 爱_1 情_1 没_1 有_1 面_1 包_1 很_1 难_1 长_1 久_1 02_1 同_1 学_1 聚_1 餐_1 时_1 总_1 是_1 很_1 尴_1 尬_1 ，_1 百_1 般_1 推_1 脱_1 其_1 实_1 不_1 是_1 我_1 宅_1 也_1 不_1 是_1 我_1 懒_1 的_1 社_1 交_1 五_1 块_1 钱_1 以_1 上_1 的_1 活_1 动_1 真_1 的_1 放_1 过_1 我_1 吧_1 03_1 卡_1 还_1 在_1 钱_1 没_1 了_1 04_1 在_1 最_1 美_1 的_1 年_1 纪_1 穿_1 最_1 丑_1 的_1 衣_1 服_1 05_1 存_1 款_1 是_1 不_1 可_1 能_1 有_1 的_1 了_1 ，_1 四_1 年_1 都_1 不_1 可_1 能_1 有_1 [SEP]_1 要_1 求_1 金_1 额_1 一_1 个_1 人_1 买_1 不_1 起_1 那_1 么_1 多_1 只_1 能_1 忽_1 悠_1 室_1 友_1 一_1 起_1 买_1 了_1 09_1 买_1 买_1 买_1 的_1 欲_1 望_1 在_1 看_1 到_1 标_1 价_1 的_1 一_1 刹_1 那_1 没_1 了_1 10_1 大_1 学_1 的_1 时_1 候_1 穷_1 点_1 怎_1 么_1 了_1 以_1 后_1 穷_1 的_1 日_1 子_1 还_1 多_1 着_1 呢_1 11_1 手_1 机_1 流_1 量_1 开_1 着_1 的_1 时_1 候_1 发_1 现_1 app_1 升_1 级_1 了_1 心_1 惊_1 胆_1 战_1 就_1 怕_1 欠_1 费_1 12_1 每_1 次_1 点_1 外_1 卖_1 都_1 要_1 半_1 小_1 时_1 找_1 到_1 家_1 便_1 宜_1 的_1 看_1 到_1 配_1 送_1 费_1 还_1 要_1 抓_1 着_1 室_1 友_1 一_1 起_1 平_1 摊_1 一_1 下_1 good_1 ##night_1 [SEP]_1
2019-10-25 09:11:00,369 seed everything and create model
2019-10-25 09:12:50,694 step 150 train loss: 0.5998
2019-10-25 09:12:50,694 step 150 score: 0.7660
2019-10-25 09:14:36,042 step 300 train loss: 0.4136
2019-10-25 09:14:36,042 step 300 score: 0.7791
2019-10-25 09:16:21,392 step 450 train loss: 0.3437
2019-10-25 09:16:21,393 step 450 score: 0.7729
2019-10-25 09:18:06,743 step 600 train loss: 0.3101
2019-10-25 09:18:06,743 step 600 score: 0.7821
2019-10-25 09:19:51,293 step 750 train loss: 0.2976
2019-10-25 09:19:51,293 step 750 score: 0.7741
2019-10-25 09:21:35,447 step 900 train loss: 0.2367
2019-10-25 09:21:35,447 step 900 score: 0.7928
2019-10-25 09:23:19,614 step 1050 train loss: 0.2443
2019-10-25 09:23:19,614 step 1050 score: 0.7721
2019-10-25 09:25:03,800 step 1200 train loss: 0.2075
2019-10-25 09:25:03,801 step 1200 score: 0.7862
2019-10-25 09:26:47,989 step 1350 train loss: 0.1714
2019-10-25 09:26:47,989 step 1350 score: 0.7773
2019-10-25 09:28:32,127 step 1500 train loss: 0.1749
2019-10-25 09:28:32,128 step 1500 score: 0.7864
2019-10-25 09:28:32,128 best score is 0.7928
