2019-10-26 13:06:03,434 log_in_file: True
2019-10-26 13:06:03,434 lm_path: /home/wangzl/PretrainedLM/BERT/New/chinese_wwm_ext_pytorch
2019-10-26 13:06:03,434 lm_type: bert
2019-10-26 13:06:03,434 data_path: ../data/
2019-10-26 13:06:03,434 usegpu: True
2019-10-26 13:06:03,434 total_step: 1500
2019-10-26 13:06:03,434 eval_every: 150
2019-10-26 13:06:03,435 early_stop: 4
2019-10-26 13:06:03,435 max_length: 360
2019-10-26 13:06:03,435 max_title_rate: 0.125
2019-10-26 13:06:03,435 content_head_rate: 0.6
2019-10-26 13:06:03,435 batch_size: 16
2019-10-26 13:06:03,435 lr_scheduler_type: linear
2019-10-26 13:06:03,435 input_pattern: head+tail+fixed
2019-10-26 13:06:03,435 clean_method: space+notzh
2019-10-26 13:06:03,435 warmup_rate: 0.1
2019-10-26 13:06:03,435 classifier_dropout: 0.3
2019-10-26 13:06:03,435 classifier_active: tanh
2019-10-26 13:06:03,435 cache_final_model: False
2019-10-26 13:06:03,435 seed: 23
2019-10-26 13:06:03,435 lr: 2e-05
2019-10-26 13:06:03,435 lr_decay_in_layers: 0.95
2019-10-26 13:06:03,435 wd_decay_in_layers: 1.2
2019-10-26 13:06:03,435 weight_decay: 0.05
2019-10-26 13:06:03,451 padding token is 0
2019-10-26 13:06:32,386 Token Sample: [CLS]_0 雍_0 川_0 镇_0 5_0 月_0 23_0 日_0 工_0 作_0 动_0 态_0 [PAD]_0 [PAD]_0 [PAD]_0 [PAD]_0 [PAD]_0 [PAD]_0 [PAD]_0 [PAD]_0 [PAD]_0 [PAD]_0 [PAD]_0 [PAD]_0 [PAD]_0 [PAD]_0 [PAD]_0 [PAD]_0 [PAD]_0 [PAD]_0 [PAD]_0 [PAD]_0 [PAD]_0 [PAD]_0 [PAD]_0 [PAD]_0 [PAD]_0 [PAD]_0 [PAD]_0 [PAD]_0 [PAD]_0 [PAD]_0 [PAD]_0 [PAD]_0 [PAD]_0 [PAD]_0 [SEP]_0 领_1 导_1 检_1 查_1 镇_1 党_1 委_1 书_1 记_1 冯_1 广_1 辉_1 到_1 脱_1 家_1 塬_1 、_1 宣_1 旗_1 营_1 、_1 板_1 榻_1 等_1 村_1 检_1 查_1 指_1 导_1 当_1 前_1 重_1 点_1 工_1 作_1 。_1 冯_1 书_1 记_1 通_1 过_1 查_1 看_1 危_1 房_1 改_1 造_1 、_1 爱_1 心_1 超_1 市_1 、_1 苗_1 木_1 花_1 卉_1 产_1 业_1 等_1 项_1 目_1 进_1 展_1 情_1 况_1 ，_1 深_1 入_1 了_1 解_1 掌_1 握_1 各_1 村_1 的_1 村_1 情_1 、_1 工_1 作_1 方_1 案_1 和_1 存_1 在_1 问_1 题_1 ，_1 并_1 就_1 各_1 村_1 下_1 一_1 步_1 工_1 作_1 做_1 安_1 排_1 部_1 署_1 。_1 冯_1 书_1 记_1 强_1 调_1 ，_1 各_1 村_1 目_1 前_1 工_1 作_1 重_1 点_1 是_1 要_1 围_1 绕_1 着_1 脱_1 贫_1 攻_1 坚_1 展_1 开_1 ，_1 村_1 [UNK]_1 两_1 委_1 [UNK]_1 和_1 驻_1 村_1 工_1 作_1 队_1 要_1 深_1 刻_1 领_1 会_1 上_1 级_1 有_1 关_1 精_1 神_1 ，_1 吃_1 透_1 政_1 策_1 ，_1 在_1 现_1 有_1 基_1 础_1 上_1 完_1 善_1 扶_1 贫_1 工_1 作_1 的_1 长_1 、_1 短_1 结_1 合_1 ，_1 点_1 、_1 面_1 配_1 合_1 。_1 要_1 用_1 心_1 扛_1 起_1 责_1 [SEP]_1 周_1 边_1 以_1 及_1 岐_1 蔡_1 路_1 沿_1 线_1 食_1 品_1 经_1 营_1 单_1 位_1 进_1 行_1 专_1 项_1 检_1 查_1 ，_1 通_1 过_1 对_1 食_1 品_1 采_1 购_1 贮_1 存_1 情_1 况_1 、_1 食_1 品_1 经_1 营_1 者_1 的_1 资_1 质_1 情_1 况_1 、_1 食_1 品_1 的_1 标_1 签_1 标_1 识_1 方_1 面_1 的_1 检_1 查_1 ，_1 厉_1 打_1 击_1 销_1 售_1 假_1 冒_1 伪_1 劣_1 、_1 三_1 无_1 、_1 过_1 期_1 、_1 变_1 质_1 等_1 不_1 合_1 格_1 食_1 品_1 的_1 违_1 法_1 行_1 为_1 ，_1 确_1 保_1 辖_1 区_1 内_1 销_1 售_1 的_1 食_1 品_1 有_1 源_1 可_1 查_1 ，_1 对_1 检_1 查_1 存_1 在_1 问_1 题_1 限_1 期_1 要_1 求_1 责_1 任_1 方_1 整_1 改_1 到_1 位_1 。_1 [SEP]_1
2019-10-26 13:07:07,498 Token Sample: [CLS]_0 威_0 尼_0 斯_0 官_0 网_0 网_0 址_0 ：_0 美_0 国_0 佛_0 罗_0 里_0 达_0 州_0 发_0 生_0 枪_0 击_0 事_0 件_0 6_0 人_0 受_0 伤_0 [PAD]_0 [PAD]_0 [PAD]_0 [PAD]_0 [PAD]_0 [PAD]_0 [PAD]_0 [PAD]_0 [PAD]_0 [PAD]_0 [PAD]_0 [PAD]_0 [PAD]_0 [PAD]_0 [PAD]_0 [PAD]_0 [PAD]_0 [PAD]_0 [PAD]_0 [PAD]_0 [SEP]_0 威_1 尼_1 斯_1 官_1 网_1 网_1 址_1 2018_1 年_1 11_1 月_1 02_1 日_1 21_1 :_1 15_1 北_1 约_1 一_1 国_1 数_1 万_1 大_1 军_1 压_1 境_1 ，_1 驻_1 叙_1 美_1 军_1 终_1 于_1 低_1 头_1 ，_1 被_1 迫_1 献_1 出_1 盟_1 友_1 地_1 盘_1 v_1 ##ns_1 ##c_1 威_1 尼_1 斯_1 城_1 官_1 网_1 登_1 入_1 。_1 [PAD]_1 [PAD]_1 [PAD]_1 [PAD]_1 [PAD]_1 [PAD]_1 [PAD]_1 [PAD]_1 [PAD]_1 [PAD]_1 [PAD]_1 [PAD]_1 [PAD]_1 [PAD]_1 [PAD]_1 [PAD]_1 [PAD]_1 [PAD]_1 [PAD]_1 [PAD]_1 [PAD]_1 [PAD]_1 [PAD]_1 [PAD]_1 [PAD]_1 [PAD]_1 [PAD]_1 [PAD]_1 [PAD]_1 [PAD]_1 [PAD]_1 [PAD]_1 [PAD]_1 [PAD]_1 [PAD]_1 [PAD]_1 [PAD]_1 [PAD]_1 [PAD]_1 [PAD]_1 [PAD]_1 [PAD]_1 [PAD]_1 [PAD]_1 [PAD]_1 [PAD]_1 [PAD]_1 [PAD]_1 [PAD]_1 [PAD]_1 [PAD]_1 [PAD]_1 [PAD]_1 [PAD]_1 [PAD]_1 [PAD]_1 [PAD]_1 [PAD]_1 [PAD]_1 [PAD]_1 [PAD]_1 [PAD]_1 [PAD]_1 [PAD]_1 [PAD]_1 [PAD]_1 [PAD]_1 [PAD]_1 [PAD]_1 [PAD]_1 [PAD]_1 [PAD]_1 [PAD]_1 [PAD]_1 [PAD]_1 [PAD]_1 [PAD]_1 [PAD]_1 [PAD]_1 [PAD]_1 [PAD]_1 [PAD]_1 [PAD]_1 [PAD]_1 [PAD]_1 [PAD]_1 [PAD]_1 [PAD]_1 [PAD]_1 [PAD]_1 [PAD]_1 [PAD]_1 [PAD]_1 [PAD]_1 [PAD]_1 [PAD]_1 [PAD]_1 [PAD]_1 [PAD]_1 [PAD]_1 [PAD]_1 [PAD]_1 [PAD]_1 [PAD]_1 [PAD]_1 [PAD]_1 [PAD]_1 [PAD]_1 [PAD]_1 [PAD]_1 [PAD]_1 [PAD]_1 [PAD]_1 [PAD]_1 [PAD]_1 [PAD]_1 [PAD]_1 [PAD]_1 [PAD]_1 [PAD]_1 [PAD]_1 [PAD]_1 [PAD]_1 [PAD]_1 [PAD]_1 [PAD]_1 [PAD]_1 [PAD]_1 [PAD]_1 [PAD]_1 [PAD]_1 [PAD]_1 [PAD]_1 [SEP]_1 [PAD]_1 [PAD]_1 [PAD]_1 [PAD]_1 [PAD]_1 [PAD]_1 [PAD]_1 [PAD]_1 [PAD]_1 [PAD]_1 [PAD]_1 [PAD]_1 [PAD]_1 [PAD]_1 [PAD]_1 [PAD]_1 [PAD]_1 [PAD]_1 [PAD]_1 [PAD]_1 [PAD]_1 [PAD]_1 [PAD]_1 [PAD]_1 [PAD]_1 [PAD]_1 [PAD]_1 [PAD]_1 [PAD]_1 [PAD]_1 [PAD]_1 [PAD]_1 [PAD]_1 [PAD]_1 [PAD]_1 [PAD]_1 [PAD]_1 [PAD]_1 [PAD]_1 [PAD]_1 [PAD]_1 [PAD]_1 [PAD]_1 [PAD]_1 [PAD]_1 [PAD]_1 [PAD]_1 [PAD]_1 [PAD]_1 [PAD]_1 [PAD]_1 [PAD]_1 [PAD]_1 [PAD]_1 [PAD]_1 [PAD]_1 [PAD]_1 [PAD]_1 [PAD]_1 [PAD]_1 [PAD]_1 [PAD]_1 [PAD]_1 [PAD]_1 [PAD]_1 [PAD]_1 威_1 尼_1 斯_1 官_1 网_1 网_1 址_1 2018_1 年_1 11_1 月_1 02_1 日_1 21_1 :_1 15_1 北_1 约_1 一_1 国_1 数_1 万_1 大_1 军_1 压_1 境_1 ，_1 驻_1 叙_1 美_1 军_1 终_1 于_1 低_1 头_1 ，_1 被_1 迫_1 献_1 出_1 盟_1 友_1 地_1 盘_1 v_1 ##ns_1 ##c_1 威_1 尼_1 斯_1 城_1 官_1 网_1 登_1 入_1 。_1 [SEP]_1
2019-10-26 13:07:23,733 Token Sample: [CLS]_0 优_0 秀_0 毕_0 业_0 生_0 |_0 刘_0 建_0 国_0 :_0 积_0 极_0 上_0 进_0 ，_0 敬_0 业_0 爱_0 国_0 [PAD]_0 [PAD]_0 [PAD]_0 [PAD]_0 [PAD]_0 [PAD]_0 [PAD]_0 [PAD]_0 [PAD]_0 [PAD]_0 [PAD]_0 [PAD]_0 [PAD]_0 [PAD]_0 [PAD]_0 [PAD]_0 [PAD]_0 [PAD]_0 [PAD]_0 [PAD]_0 [PAD]_0 [PAD]_0 [PAD]_0 [PAD]_0 [PAD]_0 [PAD]_0 [SEP]_0 点_1 击_1 上_1 方_1 [UNK]_1 蓝_1 字_1 [UNK]_1 关_1 注_1 本_1 公_1 众_1 号_1 春_1 去_1 秋_1 回_1 ，_1 时_1 光_1 荏_1 苒_1 。_1 岁_1 月_1 只_1 能_1 带_1 走_1 像_1 夏_1 花_1 一_1 样_1 绚_1 烂_1 的_1 青_1 春_1 ，_1 却_1 驱_1 不_1 散_1 留_1 在_1 记_1 忆_1 深_1 处_1 那_1 漫_1 山_1 遍_1 野_1 的_1 芬_1 芳_1 。_1 大_1 学_1 四_1 年_1 ，_1 你_1 留_1 下_1 的_1 是_1 用_1 拼_1 搏_1 与_1 汗_1 水_1 编_1 织_1 的_1 荣_1 誉_1 与_1 精_1 神_1 ，_1 带_1 走_1 的_1 是_1 对_1 未_1 来_1 的_1 憧_1 憬_1 与_1 坚_1 定_1 。_1 今_1 天_1 的_1 优_1 秀_1 毕_1 业_1 生_1 特_1 辑_1 ，_1 让_1 我_1 们_1 一_1 起_1 走_1 近_1 他_1 吧_1 ！_1 戏_1 剧_1 影_1 视_1 文_1 学_1 专_1 业_1 ·_1 刘_1 建_1 国_1 主_1 要_1 学_1 习_1 工_1 作_1 经_1 历_1 ：_1 2012_1 年_1 ：_1 进_1 入_1 洛_1 阳_1 师_1 范_1 学_1 院_1 ，_1 戏_1 剧_1 影_1 视_1 文_1 学_1 学_1 院_1 2013_1 年_1 ：_1 成_1 为_1 china_1 ##ru_1 ##n_1 签_1 约_1 摄_1 影_1 师_1 ，_1 山_1 东_1 图_1 片_1 库_1 签_1 约_1 摄_1 影_1 师_1 2014_1 年_1 ：_1 在_1 [SEP]_1 ?_1 海_1 阔_1 凭_1 鱼_1 跃_1 ，_1 天_1 高_1 任_1 鸟_1 飞_1 。_1 有_1 时_1 可_1 能_1 想_1 留_1 住_1 那_1 些_1 温_1 暖_1 的_1 日_1 子_1 ，_1 但_1 又_1 渴_1 望_1 着_1 能_1 早_1 日_1 投_1 进_1 社_1 会_1 生_1 活_1 的_1 洪_1 流_1 ，_1 也_1 许_1 踌_1 躇_1 满_1 志_1 ，_1 也_1 许_1 困_1 顿_1 迷_1 茫_1 ，_1 但_1 我_1 们_1 却_1 拥_1 有_1 未_1 来_1 ，_1 拥_1 有_1 山_1 那_1 边_1 的_1 另_1 一_1 番_1 风_1 景_1 。_1 所_1 以_1 不_1 必_1 悲_1 伤_1 ，_1 不_1 必_1 犹_1 豫_1 ，_1 整_1 理_1 行_1 囊_1 ，_1 勇_1 敢_1 的_1 踏_1 上_1 新_1 的_1 旅_1 程_1 吧_1 ！_1 编_1 辑_1 ：_1 行_1 鑫_1 鑫_1 审_1 校_1 ：_1 王_1 ?_1 ?_1 清_1 [SEP]_1
2019-10-26 13:07:38,039 seed everything and create model
2019-10-26 13:09:27,632 step 150 train loss: 0.6962
2019-10-26 13:09:27,633 step 150 score: 0.5811
2019-10-26 13:11:11,789 step 300 train loss: 0.5192
2019-10-26 13:11:11,789 step 300 score: 0.7603
2019-10-26 13:12:55,958 step 450 train loss: 0.4419
2019-10-26 13:12:55,959 step 450 score: 0.7695
2019-10-26 13:14:40,127 step 600 train loss: 0.3889
2019-10-26 13:14:40,127 step 600 score: 0.7462
2019-10-26 13:16:24,264 step 750 train loss: 0.3978
2019-10-26 13:16:24,264 step 750 score: 0.7503
2019-10-26 13:18:08,396 step 900 train loss: 0.3377
2019-10-26 13:18:08,396 step 900 score: 0.7611
2019-10-26 13:19:52,535 step 1050 train loss: 0.3306
2019-10-26 13:19:52,535 step 1050 score: 0.7832
2019-10-26 13:21:36,679 step 1200 train loss: 0.2904
2019-10-26 13:21:36,679 step 1200 score: 0.7792
2019-10-26 13:23:20,836 step 1350 train loss: 0.2821
2019-10-26 13:23:20,836 step 1350 score: 0.7700
2019-10-26 13:25:04,970 step 1500 train loss: 0.3028
2019-10-26 13:25:04,970 step 1500 score: 0.7766
2019-10-26 13:25:04,971 best score is 0.7832
