2019-10-23 01:25:04,401 log_in_file: True
2019-10-23 01:25:04,401 lm_path: /home/wangzl/PretrainedLM/XLNET/chinese_xlnet_mid_pytorch/
2019-10-23 01:25:04,401 lm_type: xlnet
2019-10-23 01:25:04,401 data_path: ../data/
2019-10-23 01:25:04,401 usegpu: True
2019-10-23 01:25:04,401 use_origin: True
2019-10-23 01:25:04,401 total_step: 3000
2019-10-23 01:25:04,401 eval_every: 300
2019-10-23 01:25:04,401 early_stop: 4
2019-10-23 01:25:04,401 max_length: 510
2019-10-23 01:25:04,401 max_title_rate: 0.125
2019-10-23 01:25:04,401 content_head_rate: 0.6
2019-10-23 01:25:04,401 batch_size: 4
2019-10-23 01:25:04,401 lr_scheduler_type: constant
2019-10-23 01:25:04,401 input_pattern: head+tail+dynamic
2019-10-23 01:25:04,401 clean_method: space+notzh
2019-10-23 01:25:04,401 warmup_rate: 0.1
2019-10-23 01:25:04,401 classifier_dropout: 0.3
2019-10-23 01:25:04,402 classifier_weight_decay: 0.0
2019-10-23 01:25:04,402 cache_final_model: False
2019-10-23 01:25:04,402 seed: 23
2019-10-23 01:25:04,402 lr: 1e-05
2019-10-23 01:25:04,402 lr_decay_in_layers: 0.95
2019-10-23 01:25:04,402 weight_decay: 0.01
2019-10-23 01:25:04,450 padding token is 5
2019-10-23 01:25:15,682 Token Sample: <cls>_0 ▁_0 【_0 视频_0 新闻_0 】_0 江_0 岸_0 区_0 “_0 坚_0 强_0 妈_0 妈_0 ”_0 王_0 小_0 玉_0 :_0 用_0 爱_0 创造_0 生命_0 奇_0 迹_0 <sep>_0 ▁_1 江_1 岸_1 区_1 四_1 唯_1 街道_1 居民_1 王_1 小_1 玉_1 ,_1 身_1 患_1 甲_1 状_1 腺_1 癌_1 ,_1 女儿_1 黄_1 梦_1 婕_1 是_1 智力_1 二级_1 残_1 疾_1 患者_1 。_1 命运_1 坎_1 坷_1 ,_1 却_1 从_1 不_1 抱怨_1 ;_1 生活_1 艰_1 辛_1 ,_1 也_1 乐_1 观_1 面对_1 。_1 这位_1 母亲_1 一边_1 抗_1 争_1 病_1 魔_1 ,_1 一边_1 将_1 女儿_1 培养_1 成_1 特_1 奥_1 会_1 冠军_1 。_1 近_1 日_1 ,_1 央视_1 3_1 套_1 《_1 向_1 幸福_1 出发_1 》_1 栏目_1 为_1 您_1 讲述_1 关于_1 爱_1 与_1 奇_1 迹_1 的故事_1 。_1 视频_1 链接_1 策划_1 \_1 中共_1 武汉市_1 江_1 岸_1 区_1 委_1 宣传部_1 版_1 式_1 \_1 谢_1 一_1 凡_1 责_1 编_1 \_1 祝_1 丽_1 芳_1 刘_1 三_1 投稿_1 <sep>_1 <pad>_1 <pad>_1 <pad>_1 <pad>_1 <pad>_1 <pad>_1 <pad>_1 <pad>_1 <pad>_1 <pad>_1 <pad>_1 <pad>_1 <pad>_1 <pad>_1 <pad>_1 <pad>_1 <pad>_1 <pad>_1 <pad>_1 <pad>_1 <pad>_1 <pad>_1 <pad>_1 <pad>_1 <pad>_1 <pad>_1 <pad>_1 <pad>_1 <pad>_1 <pad>_1 <pad>_1 <pad>_1 <pad>_1 <pad>_1 <pad>_1 <pad>_1 <pad>_1 <pad>_1 <pad>_1 <pad>_1 <pad>_1 <pad>_1 <pad>_1 <pad>_1 <pad>_1 <pad>_1 <pad>_1 <pad>_1 <pad>_1 <pad>_1 <pad>_1 <pad>_1 <pad>_1 <pad>_1 <pad>_1 <pad>_1 <pad>_1 <pad>_1 <pad>_1 <pad>_1 <pad>_1 <pad>_1 <pad>_1 <pad>_1 <pad>_1 <pad>_1 <pad>_1 <pad>_1 <pad>_1 <pad>_1 <pad>_1 <pad>_1 <pad>_1 <pad>_1 <pad>_1 <pad>_1 <pad>_1 <pad>_1 <pad>_1 <pad>_1 <pad>_1 <pad>_1 <pad>_1 <pad>_1 <pad>_1 <pad>_1 <pad>_1 <pad>_1 <pad>_1 <pad>_1 <pad>_1 <pad>_1 <pad>_1 <pad>_1 <pad>_1 <pad>_1 <pad>_1 <pad>_1 <pad>_1 <pad>_1 <pad>_1 <pad>_1 <pad>_1 <pad>_1 <pad>_1 <pad>_1 <pad>_1 <pad>_1 <pad>_1 <pad>_1 <pad>_1 <pad>_1 <pad>_1 <pad>_1 <pad>_1 <pad>_1 <pad>_1 <pad>_1 <pad>_1 <pad>_1 <pad>_1 <pad>_1 <pad>_1 <pad>_1 <pad>_1 <pad>_1 <pad>_1 <pad>_1 <pad>_1 <pad>_1 <pad>_1 <pad>_1 <pad>_1 <pad>_1 <pad>_1 <pad>_1 <pad>_1 <pad>_1 <pad>_1 <pad>_1 <pad>_1 <pad>_1 <pad>_1 <pad>_1 <pad>_1 <pad>_1 <pad>_1 <pad>_1 <pad>_1 <pad>_1 <pad>_1 <pad>_1 <pad>_1 <pad>_1 <pad>_1 <pad>_1 <pad>_1 <pad>_1 <pad>_1 <pad>_1 <pad>_1 <pad>_1 <pad>_1 <pad>_1 <pad>_1 <pad>_1 <pad>_1 <pad>_1 <pad>_1 <pad>_1 <pad>_1 <pad>_1 <pad>_1 <pad>_1 <pad>_1 <pad>_1 <pad>_1 <pad>_1 <pad>_1 <pad>_1 <pad>_1 <pad>_1 <pad>_1 <pad>_1 <pad>_1 <pad>_1 <pad>_1 <pad>_1 <pad>_1 <pad>_1 <pad>_1 <pad>_1 <pad>_1 <pad>_1 <pad>_1 <pad>_1 <pad>_1 <pad>_1 <pad>_1 <pad>_1 <pad>_1 <pad>_1 <pad>_1 <pad>_1 <pad>_1 <pad>_1 <pad>_1 <pad>_1 <pad>_1 <pad>_1 <pad>_1 <pad>_1 <pad>_1 <pad>_1 <pad>_1 <pad>_1 <pad>_1 <pad>_1 <pad>_1 <pad>_1 <pad>_1 <pad>_1 <pad>_1 <pad>_1 <pad>_1 <pad>_1 <pad>_1 <pad>_1 <pad>_1 <pad>_1 <pad>_1 <pad>_1 <pad>_1 <pad>_1 <pad>_1 <pad>_1 <pad>_1 <pad>_1 <pad>_1 <pad>_1 <pad>_1 <pad>_1 <pad>_1 <pad>_1 <pad>_1 <pad>_1 <pad>_1 <pad>_1 <pad>_1 <pad>_1 <pad>_1 <pad>_1 <pad>_1 <pad>_1 <pad>_1 <pad>_1 <pad>_1 <pad>_1 <pad>_1 <pad>_1 <pad>_1 <pad>_1 <pad>_1 <pad>_1 <pad>_1 <pad>_1 <pad>_1 <pad>_1 <pad>_1 <pad>_1 <pad>_1 <pad>_1 <pad>_1 <pad>_1 <pad>_1 <pad>_1 <pad>_1 <pad>_1 <pad>_1 <pad>_1 <pad>_1 <pad>_1 <pad>_1 <pad>_1 <pad>_1 <pad>_1 <pad>_1 <pad>_1 <pad>_1 <pad>_1 <pad>_1 <pad>_1 <pad>_1 <pad>_1 <pad>_1 <pad>_1 <pad>_1 <pad>_1 <pad>_1 <pad>_1 <pad>_1 <pad>_1 <pad>_1 <pad>_1 <pad>_1 <pad>_1 <pad>_1 <pad>_1 <pad>_1 <pad>_1 <pad>_1 <pad>_1 <pad>_1 <pad>_1 <pad>_1 <pad>_1 <pad>_1 <pad>_1 <pad>_1 <pad>_1 <pad>_1 <pad>_1 <pad>_1 <pad>_1 <pad>_1 <pad>_1 <pad>_1 <pad>_1 <pad>_1 <pad>_1 <pad>_1 <pad>_1 <pad>_1 <pad>_1 <pad>_1 <pad>_1 <pad>_1 <pad>_1 <pad>_1 <pad>_1 <pad>_1 <pad>_1 <pad>_1 <pad>_1 <pad>_1 <pad>_1 <pad>_1 <pad>_1 <pad>_1 <pad>_1 <pad>_1 <pad>_1 <pad>_1 <pad>_1 <pad>_1 <pad>_1 <pad>_1 <pad>_1 <pad>_1 <pad>_1 <pad>_1 <pad>_1 <pad>_1 <pad>_1 <pad>_1 <pad>_1 <pad>_1 <pad>_1 <pad>_1
2019-10-23 01:25:29,319 Token Sample: <cls>_0 ▁_0 对_0 另一名_0 女子_0 大_0 打出_0 手_0 <sep>_0 ▁_1 核心_1 提示_1 :_1 对_1 另一名_1 女子_1 大_1 打出_1 手_1 ,_1 1969_1 年_1 4_1 月_1 出生_1 ,_1 现_1 对_1 以下_1 人_1 选_1 (_1 按_1 姓氏_1 笔_1 画_1 为_1 序_1 )_1 进行_1 公_1 示_1 :_1 王_1 玉_1 凯_1 ,_1 根据_1 《_1 干部_1 任_1 用_1 条例_1 》_1 关于_1 实行_1 干部_1 任_1 前_1 公_1 示_1 制的_1 规_1 ._1 ._1 对_1 另一名_1 女子_1 大_1 打出_1 手_1 ,_1 1969_1 年_1 4_1 月_1 出生_1 ,_1 现_1 对_1 以下_1 人_1 选_1 (_1 按_1 姓氏_1 笔_1 画_1 为_1 序_1 )_1 进行_1 公_1 示_1 :_1 王_1 玉_1 凯_1 ,_1 根据_1 《_1 干部_1 任_1 用_1 条例_1 》_1 关于_1 实行_1 干部_1 任_1 前_1 公_1 示_1 制的_1 规定_1 ,_1 截至_1 12_1 月_1 6_1 日_1 ,_1 把_1 她_1 按_1 到_1 ._1 ._1 ._1 【_1 详细_1 】_1 ,_1 一_1 口_1 气_1 扇_1 十_1 数个_1 耳_1 光_1 ,_1 汉族_1 ,_1 中共_1 党员_1 ,_1 广泛_1 听_1 取_1 群众_1 意见_1 。_1 全国_1 至少_1 已有_1 22_1 个_1 省份_1 发布了_1 2018_1 年_1 企业_1 工资_1 指导_1 线_1 ,_1 安徽_1 等_1 22_1 省份_1 最新_1 工资_1 指导_1 线_1 出_1 炉_1 !_1 2018_1 年_1 你_1 涨_1 工资_1 了_1 吗_1 ?_1 中_1 新_1 经_1 纬_1 客户端_1 12_1 月_1 7_1 日_1 电_1 (_1 熊_1 家_1 丽_1 )_1 截至_1 目前_1 。_1 你的_1 工资_1 涨_1 了_1 吗_1 ?_1 据_1 中_1 新_1 经_1 纬_1 客户端_1 不_1 完全_1 统计_1 ,_1 萧_1 山_1 街_1 头_1 的_1 一段_1 监控_1 显示_1 ,_1 至少_1 已有_1 河南_1 、_1 山西_1 、_1 北京_1 、_1 江西_1 、_1 福建_1 、_1 上海_1 等_1 22_1 个_1 省_1 ._1 ._1 ._1 【_1 详细_1 】_1 省_1 内_1 要_1 闻_1 淮_1 北_1 发布_1 一批_1 干部_1 任_1 前_1 公_1 示_1 涉_1 多个_1 重要_1 岗_1 位_1 (_1 名单_1 )_1 为_1 在_1 干部_1 选拔_1 任_1 用_1 工作_1 中_1 进一步_1 扩大_1 民主_1 ,_1 穿_1 马_1 路_1 不_1 走_1 斑_1 马_1 线_1 已_1 属_1 违_1 规_1 ,_1 ._1 ._1 ._1 【_1 详细_1 】_1 省_1 内_1 要_1 闻_1 安徽_1 母_1 女_1 横_1 穿_1 马_1 路_1 抱怨_1 女_1 司机_1 不_1 让_1 行_1 扇_1 对方_1 十_1 几个_1 耳_1 光_1 上_1 图_1 :_1 李_1 某_1 某_1 和_1 母亲_1 横_1 穿_1 马_1 路_1 ,_1 把_1 干部_1 选_1 好_1 、_1 选_1 准_1 ,_1 。_1 籍贯_1 安徽_1 淮_1 北_1 ,_1 这样的_1 咄_1 咄_1 怪_1 事_1 就_1 发生在_1 最近_1 ,_1 男_1 。_1 还_1 揪_1 着_1 她的_1 头_1 发_1 ,_1 居_1 然_1 还_1 殴_1 打_1 右_1 方_1 的_1 女_1 司机_1 ,_1 2018_1 年_1 已_1 接近_1 尾_1 声_1 ,_1 一名_1 女子_1 快_1 步_1 冲_1 上_1 前_1 。_1 <sep>_1 <pad>_1 <pad>_1 <pad>_1 <pad>_1 <pad>_1 <pad>_1 <pad>_1 <pad>_1 <pad>_1 <pad>_1 <pad>_1 <pad>_1 <pad>_1 <pad>_1 <pad>_1 <pad>_1 <pad>_1 <pad>_1 <pad>_1 <pad>_1 <pad>_1 <pad>_1 <pad>_1 <pad>_1 <pad>_1 <pad>_1 <pad>_1 <pad>_1 <pad>_1 <pad>_1 <pad>_1 <pad>_1 <pad>_1 <pad>_1 <pad>_1 <pad>_1 <pad>_1 <pad>_1 <pad>_1 <pad>_1 <pad>_1 <pad>_1 <pad>_1 <pad>_1 <pad>_1 <pad>_1 <pad>_1 <pad>_1 <pad>_1 <pad>_1 <pad>_1 <pad>_1 <pad>_1 <pad>_1 <pad>_1 <pad>_1 <pad>_1 <pad>_1 <pad>_1 <pad>_1 <pad>_1 <pad>_1 <pad>_1 <pad>_1 <pad>_1 <pad>_1 <pad>_1 <pad>_1 <pad>_1 <pad>_1 <pad>_1 <pad>_1 <pad>_1 <pad>_1 <pad>_1 <pad>_1 <pad>_1 <pad>_1 <pad>_1 <pad>_1 <pad>_1 <pad>_1 <pad>_1 <pad>_1 <pad>_1 <pad>_1 <pad>_1 <pad>_1 <pad>_1 <pad>_1 <pad>_1 <pad>_1 <pad>_1 <pad>_1 <pad>_1 <pad>_1 <pad>_1 <pad>_1 <pad>_1 <pad>_1 <pad>_1 <pad>_1 <pad>_1 <pad>_1 <pad>_1 <pad>_1 <pad>_1 <pad>_1 <pad>_1 <pad>_1 <pad>_1
2019-10-23 01:25:34,834 Token Sample: <cls>_0 ▁_0 lo_0 ve_0 100_0 星座_0 极_0 光_0 伟大_0 灵感_0 致敬_0 星_0 空_0 <sep>_0 ▁_1 热_1 爱_1 钻石_1 的人_1 ,_1 大都_1 也_1 向_1 往_1 星_1 空_1 的_1 璀_1 璨_1 。_1 每_1 当_1 仰_1 望_1 星_1 空_1 时_1 ,_1 总会_1 被_1 闪_1 耀_1 的_1 星光_1 吸引_1 。_1 而_1 12_1 星座_1 正是_1 这些_1 群_1 星_1 构成_1 的_1 璀_1 璨_1 图_1 腾_1 ,_1 它的_1 神秘_1 、_1 璀_1 璨_1 ,_1 一直_1 深深_1 吸引_1 着_1 人们_1 ,_1 以其_1 最具_1 代表性_1 的_1 璀_1 璨_1 光芒_1 的_1 指引_1 作用_1 ,_1 被用作_1 海上_1 航行_1 的_1 导航_1 指引_1 ,_1 也_1 用作_1 人生_1 的方向_1 指引_1 。_1 钻石_1 业_1 界_1 殿_1 堂_1 级_1 大师_1 加_1 比_1 ·_1 托_1 科_1 夫斯基_1 深受_1 这_1 璀_1 璨_1 星_1 图_1 的_1 感染_1 和_1 启发_1 ,_1 并_1 成功地_1 将_1 宇宙_1 的_1 星_1 空_1 韵_1 律_1 构成_1 了_1 lo_1 ve_1 100_1 星座_1 极_1 光_1 ,_1 这也是_1 继_1 其_1 切割_1 世界上_1 最大的_1 两_1 颗_1 钻石_1 :_1 世纪_1 钻石_1 和_1 金色_1 陛下_1 钻石_1 之后的_1 又_1 一_1 伟大_1 之_1 举_1 。_1 璀_1 璨_1 革命_1 超越_1 经典_1 以_1 科学_1 的_1 态度_1 设计_1 美_1 学_1 标准_1 ,_1 合_1 乎_1 标准_1 是_1 将_1 钻石_1 浪漫_1 唯_1 美_1 化_1 为_1 现实_1 的_1 严_1 谨_1 的_1 途径_1 ,_1 57_1 /_1 58_1 刻_1 面_1 圆形_1 明亮_1 式_1 切_1 工_1 之所以_1 会_1 成为_1 典_1 范_1 ,_1 得_1 益_1 于_1 57_1 /_1 58_1 面_1 的_1 切割_1 实现了_1 精确_1 的比例_1 和_1 对称_1 性_1 ,_1 释放_1 了_1 钻石_1 的生命_1 力_1 。_1 lo_1 ve_1 100_1 星座_1 极_1 光_1 设计_1 延续_1 了_1 这一_1 传统_1 ,_1 欧洲_1 卓越_1 的设计_1 团队_1 开发_1 设计_1 一套_1 精确_1 的_1 比率_1 ,_1 角度_1 和_1 对称_1 ,_1 它_1 被_1 切割_1 为_1 更大_1 限_1 度_1 。_1 通过_1 无_1 数次_1 的_1 演_1 算_1 和_1 精密_1 构_1 思_1 ,_1 寻找_1 更_1 具_1 优势_1 的_1 刻_1 面_1 布局_1 和_1 比例_1 安排_1 ,_1 使_1 lo_1 ve_1 100_1 星座_1 极_1 光_1 充分_1 释放_1 各个_1 角度_1 射入_1 的_1 光_1 线_1 ,_1 这一_1 创新_1 的设计_1 ,_1 令_1 <sep>_1 光_1 ,_1 突破_1 性的_1 光芒_1 ,_1 致敬_1 于_1 宇宙_1 星光_1 流_1 转_1 的_1 星_1 火_1 辉_1 煌_1 ,_1 犹_1 如_1 璀_1 璨_1 星座_1 ,_1 以_1 永_1 恒_1 的_1 爱_1 守护_1 和_1 陪伴_1 你_1 探_1 寻_1 生命_1 之_1 美_1 。_1 西_1 铁_1 营_1 万_1 达_1 广场_1 b_1 2_1 尚_1 品_1 宅_1 配_1 请_1 关注_1 “_1 北京_1 西_1 铁_1 营_1 万_1 达_1 广场_1 ”_1 公众_1 号_1 ,_1 评论_1 任意_1 一_1 篇文章_1 ,_1 有_1 机会_1 获得_1 超级_1 惊_1 喜_1 礼_1 品_1 一份_1 优惠_1 给_1 你_1 ~_1 福利_1 给_1 你_1 ~_1 秘_1 籍_1 给_1 你_1 ~_1 还_1 不_1 关注_1 我_1 一_1 下_1 ?_1 为了_1 你_1 ,_1 我_1 一直在_1 努力_1 ._1 ._1 ._1 是_1 时候_1 告诉_1 你_1 件_1 事_1 我们_1 这_1 儿_1 坐_1 车_1 免费_1 就_1 这样_1 “_1 购_1 ”_1 心_1 所_1 欲_1 ~_1 西_1 铁_1 营_1 万_1 达_1 广场_1 地上_1 、_1 地下_1 停车场_1 还可以_1 免费_1 停车_1 开_1 车_1 来_1 玩_1 的朋友_1 也有_1 福_1 咯_1 ~_1 「_1 关注_1 下方_1 北京_1 西_1 铁_1 营_1 万_1 达_1 公众_1 号_1 二_1 维_1 码_1 ?_1 更多_1 福利_1 活动_1 ,_1 随_1 时_1 更新_1 !_1 」_1 ※_1 ?_1 部分_1 内容_1 来源_1 网络_1 ,_1 侵_1 权_1 请_1 联络_1 删除_1 ,_1 谢_1 谢_1 赞_1 一个_1 ,_1 然后_1 留言_1 去_1 找_1 我_1 <sep>_1
2019-10-23 01:25:39,951 Token Sample: <cls>_0 ▁_0 车_0 不_0 让_0 ,_0 人_0 也不_0 让_0 ,_0 深圳_0 4_0 岁_0 女_0 童_0 惨_0 死_0 街_0 头_0 :_0 多少_0 家_0 长_0 把_0 孩子_0 交给_0 了_0 车_0 轱_0 辘_0 __0 马_0 路_0 <sep>_0 ▁原_1 标题_1 :_1 车_1 不_1 让_1 ,_1 人_1 也不_1 让_1 ,_1 深圳_1 4_1 岁_1 女_1 童_1 惨_1 死_1 街_1 头_1 :_1 多少_1 家_1 长_1 把_1 孩子_1 交给_1 了_1 车_1 轱_1 辘_1 文_1 |_1 圈_1 圈_1 妈_1 妈_1 女儿_1 派_1 主_1 笔_1 育有_1 一_1 女_1 看_1 过_1 视频_1 ,_1 真_1 是_1 揪_1 心_1 又_1 泪_1 目_1 。_1 生命_1 如此_1 美好_1 ,_1 生命_1 又_1 如此_1 脆弱_1 。_1 为_1 人_1 父母_1 ,_1 我们_1 除了_1 保护_1 自己_1 ,_1 更_1 要_1 懂得_1 如何_1 保护_1 孩子_1 。_1 112_1 月_1 2_1 日_1 ,_1 是_1 全国_1 交通_1 安全_1 日_1 。_1 就在_1 这一_1 天_1 到_1 来_1 的前_1 48_1 分钟_1 ,_1 12_1 月_1 1_1 日晚_1 23_1 点_1 12_1 分_1 ,_1 深圳_1 街_1 头_1 发生了_1 一起_1 交通_1 惨_1 剧_1 ,_1 一名_1 4_1 岁_1 女_1 童_1 不幸_1 命_1 丧_1 车_1 轮_1 。_1 当晚_1 ,_1 在_1 深圳_1 宝_1 安_1 区_1 河东_1 工业_1 路_1 路口_1 斑_1 马_1 线_1 处_1 ,_1 一名_1 4_1 岁的_1 小_1 女孩_1 正在_1 长_1 辈_1 的_1 带领_1 下_1 过_1 马_1 路_1 。_1 距_1 其_1 二人_1 不足_1 一_1 米_1 处_1 ,_1 一辆_1 轿_1 车_1 驶_1 来_1 。_1 看_1 着_1 车_1 子_1 正面_1 驶_1 近_1 ,_1 这_1 名_1 家_1 长_1 一_1 手_1 牵_1 着_1 孩子_1 ,_1 一_1 手_1 伸_1 开_1 ,_1 示_1 意_1 轿_1 车_1 减_1 速_1 ,_1 让_1 其_1 通行_1 。_1 脚_1 下_1 ,_1 却_1 步_1 履_1 不停_1 。_1 轿_1 车_1 ,_1 也没有_1 减_1 速_1 。_1 这_1 名_1 家_1 长_1 安全_1 地_1 绕_1 过_1 了_1 车_1 身_1 ,_1 4_1 岁的_1 小_1 女孩_1 却_1 躲_1 闪_1 不及_1 。_1 幼_1 小_1 的_1 身_1 躯_1 与_1 车_1 头_1 发生_1 碰撞_1 后_1 ,_1 直接_1 倒_1 地_1 ,_1 随后_1 被_1 车_1 左_1 前_1 轮_1 碾_1 压_1 。_1 送_1 院_1 抢_1 救_1 ,_1 无效_1 身亡_1 。_1 刚刚_1 还_1 牵_1 在_1 手上_1 的孩子_1 <sep>_1 。_1 5_1 ._1 家_1 长_1 以_1 身_1 作_1 则_1 ,_1 遵守_1 交通_1 法规_1 。_1 美国_1 作家_1 鲍_1 德_1 温_1 说_1 :“_1 孩子_1 永远_1 不会_1 乖_1 乖_1 听_1 大_1 人_1 的话_1 ,_1 但_1 他们_1 一定_1 会_1 模仿_1 大_1 人_1 。_1 ”_1 在_1 生命_1 安全_1 这_1 件_1 事_1 上_1 ,_1 家_1 长_1 更_1 要_1 做到_1 言_1 传_1 身_1 教_1 ,_1 自_1 觉_1 遵守_1 交通_1 法规_1 。_1 小_1 心_1 谨_1 慎_1 ,_1 避_1 让_1 慢_1 行_1 ,_1 保护_1 自己_1 ,_1 保护_1 孩子_1 。_1 在_1 孩子_1 的生命_1 安全_1 这_1 件_1 事_1 上_1 ,_1 容_1 不得_1 半_1 点_1 的_1 闪_1 失_1 大_1 意_1 。_1 他_1 来_1 这_1 世_1 上_1 一_1 遭_1 ,_1 做_1 你_1 的孩子_1 ,_1 希望_1 你_1 爱_1 他_1 ,_1 护_1 他_1 。_1 别_1 让他_1 幼_1 小_1 的生命_1 还_1 没_1 来_1 得_1 及_1 绽_1 放_1 ,_1 就_1 陡_1 然_1 凋_1 落_1 。_1 本_1 文_1 来源于_1 女儿_1 派_1 ,_1 关于_1 养_1 育_1 女儿_1 的_1 干_1 货_1 ,_1 这里_1 都有_1 ;_1 关于_1 养_1 育_1 女儿_1 的_1 苦_1 甜_1 ,_1 这里_1 都_1 懂_1 ;_1 愿_1 她们_1 一生_1 纯_1 良_1 ,_1 一生_1 知_1 礼_1 ,_1 一世_1 得_1 体_1 。_1 返回_1 搜_1 狐_1 ,_1 查看_1 更多_1 责任_1 编辑_1 :_1 <sep>_1
2019-10-23 01:25:41,237 seed everything and create model
2019-10-23 01:34:07,296 step 300 train loss: 0.8167
2019-10-23 01:34:07,296 step 300 score: 0.5491
2019-10-23 01:42:26,346 step 600 train loss: 0.5632
2019-10-23 01:42:26,348 step 600 score: 0.7193
2019-10-23 01:50:45,187 step 900 train loss: 0.4293
2019-10-23 01:50:45,187 step 900 score: 0.7615
2019-10-23 01:59:03,883 step 1200 train loss: 0.4368
2019-10-23 01:59:03,883 step 1200 score: 0.7697
2019-10-23 02:07:22,654 step 1500 train loss: 0.3914
2019-10-23 02:07:22,654 step 1500 score: 0.7520
2019-10-23 02:15:40,717 step 1800 train loss: 0.2967
2019-10-23 02:15:40,718 step 1800 score: 0.7834
2019-10-23 02:23:59,439 step 2100 train loss: 0.3318
2019-10-23 02:23:59,439 step 2100 score: 0.7791
2019-10-23 02:32:18,138 step 2400 train loss: 0.3367
2019-10-23 02:32:18,139 step 2400 score: 0.7915
2019-10-23 02:40:34,517 step 2700 train loss: 0.3048
2019-10-23 02:40:34,518 step 2700 score: 0.7818
2019-10-23 02:48:49,087 step 3000 train loss: 0.2929
2019-10-23 02:48:49,087 step 3000 score: 0.7896
2019-10-23 02:48:49,087 best score is 0.7915
